2018-04-03T05:58:13.354967+00:00,User Logoff Event,C:\temp\2024LoneWolf\tout\D\Windows\System32\winevt\logs\Security.evtx,1,Microsoft-Windows-Security-Auditing,4634,5724,DESKTOP-PM6C56D,"TargetUserSid: S-1-5-21-2734969515-1644526556-1039763013-1001
LogonType: 2
TargetDomainName: DESKTOP-PM6C56D
TargetLogonId: '0xe819fbe'
TargetUserName: jcloudy
"
2018-04-03T06:01:34.018274+00:00,Uncommon New Firewall Rule Added In Windows Firewall Exception List,C:\temp\2024LoneWolf\tout\D\Windows\System32\winevt\logs\Microsoft-Windows-Windows Firewall With Advanced Security%4Firewall.evtx,1,Microsoft-Windows-Windows Firewall With Advanced Security,2004,929,DESKTOP-PM6C56D,"Action: 3
LocalOnlyMapped: 0
RuleStatus: 65536
EdgeTraversal: 0
Origin: 1
SecurityOptions: 0
ApplicationPath: ''
RemotePorts: ''
LocalPorts: ''
Direction: 1
Active: 1
Protocol: 256
EmbeddedContext: '@{Microsoft.WindowsFeedbackHub_1.1712.811.0_x64__8wekyb3d8bbwe?ms-resource://Microsoft.WindowsFeedbackHub/Resources/AppStoreName}'
RuleName: '@{Microsoft.WindowsFeedbackHub_1.1712.811.0_x64__8wekyb3d8bbwe?ms-resource://Microsoft.WindowsFeedbackHub/Resources/AppStoreName}'
ServiceName: ''
RemoteAddresses: '*'
RemoteMachineAuthorizationList: ''
LooseSourceMapped: 0
RuleId: '{F1C82B85-4A31-46E6-A037-BAE574604056}'
ModifyingUser: S-1-5-80-3088073201-1464728630-1879813800-1107566885-823218052
ModifyingApplication: C:\Windows\System32\svchost.exe
SchemaVersion: 539
RemoteUserAuthorizationList: ''
Profiles: 7
Flags: 1
LocalAddresses: '*'
"
2018-04-03T06:01:34.019118+00:00,Uncommon New Firewall Rule Added In Windows Firewall Exception List,C:\temp\2024LoneWolf\tout\D\Windows\System32\winevt\logs\Microsoft-Windows-Windows Firewall With Advanced Security%4Firewall.evtx,1,Microsoft-Windows-Windows Firewall With Advanced Security,2004,930,DESKTOP-PM6C56D,"Action: 3
LocalOnlyMapped: 0
RuleStatus: 65536
EdgeTraversal: 0
Origin: 1
SecurityOptions: 0
ApplicationPath: ''
RemotePorts: ''
LocalPorts: ''
Direction: 2
Active: 1
Protocol: 256
EmbeddedContext: '@{Microsoft.WindowsFeedbackHub_1.1712.811.0_x64__8wekyb3d8bbwe?ms-resource://Microsoft.WindowsFeedbackHub/Resources/AppStoreName}'
RuleName: '@{Microsoft.WindowsFeedbackHub_1.1712.811.0_x64__8wekyb3d8bbwe?ms-resource://Microsoft.WindowsFeedbackHub/Resources/AppStoreName}'
ServiceName: ''
RemoteAddresses: '*'
RemoteMachineAuthorizationList: ''
LooseSourceMapped: 0
RuleId: '{3231159D-D6DC-4CFF-8081-5D6AA3C013E6}'
ModifyingUser: S-1-5-80-3088073201-1464728630-1879813800-1107566885-823218052
ModifyingApplication: C:\Windows\System32\svchost.exe
SchemaVersion: 539
RemoteUserAuthorizationList: ''
Profiles: 7
Flags: 1
LocalAddresses: '*'
"
2018-04-03T06:01:34.020196+00:00,Uncommon New Firewall Rule Added In Windows Firewall Exception List,C:\temp\2024LoneWolf\tout\D\Windows\System32\winevt\logs\Microsoft-Windows-Windows Firewall With Advanced Security%4Firewall.evtx,1,Microsoft-Windows-Windows Firewall With Advanced Security,2004,931,DESKTOP-PM6C56D,"Action: 3
LocalOnlyMapped: 0
RuleStatus: 65536
EdgeTraversal: 0
Origin: 1
SecurityOptions: 1
ApplicationPath: ''
RemotePorts: ''
LocalPorts: ''
Direction: 1
Active: 1
Protocol: 256
EmbeddedContext: '@{Microsoft.WindowsFeedbackHub_1.1712.811.0_x64__8wekyb3d8bbwe?ms-resource://Microsoft.WindowsFeedbackHub/Resources/AppStoreName}'
RuleName: '@{Microsoft.WindowsFeedbackHub_1.1712.811.0_x64__8wekyb3d8bbwe?ms-resource://Microsoft.WindowsFeedbackHub/Resources/AppStoreName}'
ServiceName: ''
RemoteAddresses: '*'
RemoteMachineAuthorizationList: ''
LooseSourceMapped: 0
RuleId: '{912C1F14-A63A-4536-9493-EFA71C7B6B43}'
ModifyingUser: S-1-5-80-3088073201-1464728630-1879813800-1107566885-823218052
ModifyingApplication: C:\Windows\System32\svchost.exe
SchemaVersion: 539
RemoteUserAuthorizationList: ''
Profiles: 6
Flags: 3
LocalAddresses: '*'
"
2018-04-03T06:01:34.021153+00:00,Uncommon New Firewall Rule Added In Windows Firewall Exception List,C:\temp\2024LoneWolf\tout\D\Windows\System32\winevt\logs\Microsoft-Windows-Windows Firewall With Advanced Security%4Firewall.evtx,1,Microsoft-Windows-Windows Firewall With Advanced Security,2004,932,DESKTOP-PM6C56D,"Action: 3
LocalOnlyMapped: 0
RuleStatus: 65536
EdgeTraversal: 0
Origin: 1
SecurityOptions: 1
ApplicationPath: ''
RemotePorts: ''
LocalPorts: ''
Direction: 2
Active: 1
Protocol: 256
EmbeddedContext: '@{Microsoft.WindowsFeedbackHub_1.1712.811.0_x64__8wekyb3d8bbwe?ms-resource://Microsoft.WindowsFeedbackHub/Resources/AppStoreName}'
RuleName: '@{Microsoft.WindowsFeedbackHub_1.1712.811.0_x64__8wekyb3d8bbwe?ms-resource://Microsoft.WindowsFeedbackHub/Resources/AppStoreName}'
ServiceName: ''
RemoteAddresses: '*'
RemoteMachineAuthorizationList: ''
LooseSourceMapped: 0
RuleId: '{E1736E95-AD20-4ACE-82D2-947CF79A20AD}'
ModifyingUser: S-1-5-80-3088073201-1464728630-1879813800-1107566885-823218052
ModifyingApplication: C:\Windows\System32\svchost.exe
SchemaVersion: 539
RemoteUserAuthorizationList: ''
Profiles: 6
Flags: 3
LocalAddresses: '*'
"
2018-04-03T06:01:34.022137+00:00,Uncommon New Firewall Rule Added In Windows Firewall Exception List,C:\temp\2024LoneWolf\tout\D\Windows\System32\winevt\logs\Microsoft-Windows-Windows Firewall With Advanced Security%4Firewall.evtx,1,Microsoft-Windows-Windows Firewall With Advanced Security,2004,933,DESKTOP-PM6C56D,"Action: 3
LocalOnlyMapped: 0
RuleStatus: 65536
EdgeTraversal: 0
Origin: 1
SecurityOptions: 0
ApplicationPath: ''
RemotePorts: ''
LocalPorts: ''
Direction: 2
Active: 1
Protocol: 256
EmbeddedContext: '@{Microsoft.WindowsFeedbackHub_1.1712.811.0_x64__8wekyb3d8bbwe?ms-resource://Microsoft.WindowsFeedbackHub/Resources/AppStoreName}'
RuleName: '@{Microsoft.WindowsFeedbackHub_1.1712.811.0_x64__8wekyb3d8bbwe?ms-resource://Microsoft.WindowsFeedbackHub/Resources/AppStoreName}'
ServiceName: ''
RemoteAddresses: '*'
RemoteMachineAuthorizationList: ''
LooseSourceMapped: 0
RuleId: '{0520AF55-4F47-4117-8A0D-263999D214BF}'
ModifyingUser: S-1-5-80-3088073201-1464728630-1879813800-1107566885-823218052
ModifyingApplication: C:\Windows\System32\svchost.exe
SchemaVersion: 539
RemoteUserAuthorizationList: ''
Profiles: 7
Flags: 1
LocalAddresses: '*'
"
2018-04-03T06:01:34.023308+00:00,Uncommon New Firewall Rule Added In Windows Firewall Exception List,C:\temp\2024LoneWolf\tout\D\Windows\System32\winevt\logs\Microsoft-Windows-Windows Firewall With Advanced Security%4Firewall.evtx,1,Microsoft-Windows-Windows Firewall With Advanced Security,2004,934,DESKTOP-PM6C56D,"Action: 3
LocalOnlyMapped: 0
RuleStatus: 65536
EdgeTraversal: 0
Origin: 1
SecurityOptions: 0
ApplicationPath: ''
RemotePorts: ''
LocalPorts: ''
Direction: 2
Active: 1
Protocol: 256
EmbeddedContext: '@{Microsoft.WindowsFeedbackHub_1.1712.811.0_x64__8wekyb3d8bbwe?ms-resource://Microsoft.WindowsFeedbackHub/Resources/AppStoreName}'
RuleName: '@{Microsoft.WindowsFeedbackHub_1.1712.811.0_x64__8wekyb3d8bbwe?ms-resource://Microsoft.WindowsFeedbackHub/Resources/AppStoreName}'
ServiceName: ''
RemoteAddresses: '*'
RemoteMachineAuthorizationList: ''
LooseSourceMapped: 0
RuleId: '{6E4D3349-E1E1-4905-A51D-AAB06CF245AD}'
ModifyingUser: S-1-5-80-3088073201-1464728630-1879813800-1107566885-823218052
ModifyingApplication: C:\Windows\System32\svchost.exe
SchemaVersion: 539
RemoteUserAuthorizationList: ''
Profiles: 7
Flags: 1
LocalAddresses: '*'
"
2018-04-03T06:01:34.025464+00:00,Uncommon New Firewall Rule Added In Windows Firewall Exception List,C:\temp\2024LoneWolf\tout\D\Windows\System32\winevt\logs\Microsoft-Windows-Windows Firewall With Advanced Security%4Firewall.evtx,1,Microsoft-Windows-Windows Firewall With Advanced Security,2004,935,DESKTOP-PM6C56D,"Action: 3
LocalOnlyMapped: 0
RuleStatus: 65536
EdgeTraversal: 0
Origin: 1
SecurityOptions: 0
ApplicationPath: ''
RemotePorts: ''
LocalPorts: ''
Direction: 1
Active: 1
Protocol: 256
EmbeddedContext: '@{Microsoft.WindowsFeedbackHub_1.1712.811.0_x64__8wekyb3d8bbwe?ms-resource://Microsoft.WindowsFeedbackHub/Resources/AppStoreName}'
RuleName: '@{Microsoft.WindowsFeedbackHub_1.1712.811.0_x64__8wekyb3d8bbwe?ms-resource://Microsoft.WindowsFeedbackHub/Resources/AppStoreName}'
ServiceName: ''
RemoteAddresses: '*'
RemoteMachineAuthorizationList: ''
LooseSourceMapped: 0
RuleId: '{5931E3B6-9329-4DA4-AAAC-3BD370425867}'
ModifyingUser: S-1-5-80-3088073201-1464728630-1879813800-1107566885-823218052
ModifyingApplication: C:\Windows\System32\svchost.exe
SchemaVersion: 539
RemoteUserAuthorizationList: ''
Profiles: 3
Flags: 1
LocalAddresses: '*'
"
2018-04-03T06:01:40.458250+00:00,Uncommon New Firewall Rule Added In Windows Firewall Exception List,C:\temp\2024LoneWolf\tout\D\Windows\System32\winevt\logs\Microsoft-Windows-Windows Firewall With Advanced Security%4Firewall.evtx,1,Microsoft-Windows-Windows Firewall With Advanced Security,2004,942,DESKTOP-PM6C56D,"Action: 3
LocalOnlyMapped: 0
RuleStatus: 65536
EdgeTraversal: 0
Origin: 1
SecurityOptions: 0
ApplicationPath: ''
RemotePorts: ''
LocalPorts: ''
Direction: 2
Active: 1
Protocol: 256
EmbeddedContext: '@{Microsoft.Microsoft3DViewer_3.1803.29012.0_x64__8wekyb3d8bbwe?ms-resource://Microsoft.Microsoft3DViewer/Common.View.UWP/Resources/StoreAppName}'
RuleName: '@{Microsoft.Microsoft3DViewer_3.1803.29012.0_x64__8wekyb3d8bbwe?ms-resource://Microsoft.Microsoft3DViewer/Common.View.UWP/Resources/StoreAppName}'
ServiceName: ''
RemoteAddresses: '*'
RemoteMachineAuthorizationList: ''
LooseSourceMapped: 0
RuleId: '{00D029BA-541F-4B39-915F-F3CAC3584E7F}'
ModifyingUser: S-1-5-80-3088073201-1464728630-1879813800-1107566885-823218052
ModifyingApplication: C:\Windows\System32\svchost.exe
SchemaVersion: 539
RemoteUserAuthorizationList: ''
Profiles: 7
Flags: 1
LocalAddresses: '*'
"
2018-04-03T06:01:40.459234+00:00,Uncommon New Firewall Rule Added In Windows Firewall Exception List,C:\temp\2024LoneWolf\tout\D\Windows\System32\winevt\logs\Microsoft-Windows-Windows Firewall With Advanced Security%4Firewall.evtx,1,Microsoft-Windows-Windows Firewall With Advanced Security,2004,943,DESKTOP-PM6C56D,"Action: 3
LocalOnlyMapped: 0
RuleStatus: 65536
EdgeTraversal: 0
Origin: 1
SecurityOptions: 0
ApplicationPath: ''
RemotePorts: ''
LocalPorts: ''
Direction: 2
Active: 1
Protocol: 256
EmbeddedContext: '@{Microsoft.Microsoft3DViewer_3.1803.29012.0_x64__8wekyb3d8bbwe?ms-resource://Microsoft.Microsoft3DViewer/Common.View.UWP/Resources/StoreAppName}'
RuleName: '@{Microsoft.Microsoft3DViewer_3.1803.29012.0_x64__8wekyb3d8bbwe?ms-resource://Microsoft.Microsoft3DViewer/Common.View.UWP/Resources/StoreAppName}'
ServiceName: ''
RemoteAddresses: '*'
RemoteMachineAuthorizationList: ''
LooseSourceMapped: 0
RuleId: '{EF857E3A-320B-4B1B-B363-F2B3DEF2AD95}'
ModifyingUser: S-1-5-80-3088073201-1464728630-1879813800-1107566885-823218052
ModifyingApplication: C:\Windows\System32\svchost.exe
SchemaVersion: 539
RemoteUserAuthorizationList: ''
Profiles: 7
Flags: 1
LocalAddresses: '*'
"
2018-04-03T06:01:42.087258+00:00,Uncommon New Firewall Rule Added In Windows Firewall Exception List,C:\temp\2024LoneWolf\tout\D\Windows\System32\winevt\logs\Microsoft-Windows-Windows Firewall With Advanced Security%4Firewall.evtx,1,Microsoft-Windows-Windows Firewall With Advanced Security,2004,950,DESKTOP-PM6C56D,"Action: 3
LocalOnlyMapped: 0
RuleStatus: 65536
EdgeTraversal: 0
Origin: 1
SecurityOptions: 0
ApplicationPath: ''
RemotePorts: ''
LocalPorts: ''
Direction: 2
Active: 1
Protocol: 256
EmbeddedContext: '@{Microsoft.BingWeather_4.23.10792.0_x64__8wekyb3d8bbwe?ms-resource://Microsoft.BingWeather/Resources/ApplicationTitleWithBranding}'
RuleName: '@{Microsoft.BingWeather_4.23.10792.0_x64__8wekyb3d8bbwe?ms-resource://Microsoft.BingWeather/Resources/ApplicationTitleWithBranding}'
ServiceName: ''
RemoteAddresses: '*'
RemoteMachineAuthorizationList: ''
LooseSourceMapped: 0
RuleId: '{082EA1CF-D39E-4F3A-8724-59AE53780DC8}'
ModifyingUser: S-1-5-80-3088073201-1464728630-1879813800-1107566885-823218052
ModifyingApplication: C:\Windows\System32\svchost.exe
SchemaVersion: 539
RemoteUserAuthorizationList: ''
Profiles: 7
Flags: 1
LocalAddresses: '*'
"
2018-04-03T06:01:42.088527+00:00,Uncommon New Firewall Rule Added In Windows Firewall Exception List,C:\temp\2024LoneWolf\tout\D\Windows\System32\winevt\logs\Microsoft-Windows-Windows Firewall With Advanced Security%4Firewall.evtx,1,Microsoft-Windows-Windows Firewall With Advanced Security,2004,951,DESKTOP-PM6C56D,"Action: 3
LocalOnlyMapped: 0
RuleStatus: 65536
EdgeTraversal: 0
Origin: 1
SecurityOptions: 0
ApplicationPath: ''
RemotePorts: ''
LocalPorts: ''
Direction: 2
Active: 1
Protocol: 256
EmbeddedContext: '@{Microsoft.BingWeather_4.23.10792.0_x64__8wekyb3d8bbwe?ms-resource://Microsoft.BingWeather/Resources/ApplicationTitleWithBranding}'
RuleName: '@{Microsoft.BingWeather_4.23.10792.0_x64__8wekyb3d8bbwe?ms-resource://Microsoft.BingWeather/Resources/ApplicationTitleWithBranding}'
ServiceName: ''
RemoteAddresses: '*'
RemoteMachineAuthorizationList: ''
LooseSourceMapped: 0
RuleId: '{C3654CFA-F35C-4166-A5FF-D7425BCF6AAE}'
ModifyingUser: S-1-5-80-3088073201-1464728630-1879813800-1107566885-823218052
ModifyingApplication: C:\Windows\System32\svchost.exe
SchemaVersion: 539
RemoteUserAuthorizationList: ''
Profiles: 7
Flags: 1
LocalAddresses: '*'
"
2018-04-03T06:01:44.532160+00:00,Rare Service Installations,C:\temp\2024LoneWolf\tout\D\Windows\System32\winevt\logs\System.evtx,1,,,,,
2018-04-03T06:01:48.615880+00:00,Uncommon New Firewall Rule Added In Windows Firewall Exception List,C:\temp\2024LoneWolf\tout\D\Windows\System32\winevt\logs\Microsoft-Windows-Windows Firewall With Advanced Security%4Firewall.evtx,1,Microsoft-Windows-Windows Firewall With Advanced Security,2004,963,DESKTOP-PM6C56D,"Action: 3
LocalOnlyMapped: 0
RuleStatus: 65536
EdgeTraversal: 0
Origin: 1
SecurityOptions: 0
ApplicationPath: ''
RemotePorts: ''
LocalPorts: ''
Direction: 1
Active: 1
Protocol: 256
EmbeddedContext: Microsoft Sticky Notes
RuleName: Microsoft Sticky Notes
ServiceName: ''
RemoteAddresses: '*'
RemoteMachineAuthorizationList: ''
LooseSourceMapped: 0
RuleId: '{097CC66F-7D7B-4625-AB57-CC6ABFB1B403}'
ModifyingUser: S-1-5-80-3088073201-1464728630-1879813800-1107566885-823218052
ModifyingApplication: C:\Windows\System32\svchost.exe
SchemaVersion: 539
RemoteUserAuthorizationList: ''
Profiles: 7
Flags: 1
LocalAddresses: '*'
"
2018-04-03T06:01:48.616305+00:00,Uncommon New Firewall Rule Added In Windows Firewall Exception List,C:\temp\2024LoneWolf\tout\D\Windows\System32\winevt\logs\Microsoft-Windows-Windows Firewall With Advanced Security%4Firewall.evtx,1,Microsoft-Windows-Windows Firewall With Advanced Security,2004,964,DESKTOP-PM6C56D,"Action: 3
LocalOnlyMapped: 0
RuleStatus: 65536
EdgeTraversal: 0
Origin: 1
SecurityOptions: 0
ApplicationPath: ''
RemotePorts: ''
LocalPorts: ''
Direction: 2
Active: 1
Protocol: 256
EmbeddedContext: Microsoft Sticky Notes
RuleName: Microsoft Sticky Notes
ServiceName: ''
RemoteAddresses: '*'
RemoteMachineAuthorizationList: ''
LooseSourceMapped: 0
RuleId: '{4D2FFB9D-7687-42E0-80CA-69B49D06A0A9}'
ModifyingUser: S-1-5-80-3088073201-1464728630-1879813800-1107566885-823218052
ModifyingApplication: C:\Windows\System32\svchost.exe
SchemaVersion: 539
RemoteUserAuthorizationList: ''
Profiles: 7
Flags: 1
LocalAddresses: '*'
"
2018-04-03T06:01:48.616748+00:00,Uncommon New Firewall Rule Added In Windows Firewall Exception List,C:\temp\2024LoneWolf\tout\D\Windows\System32\winevt\logs\Microsoft-Windows-Windows Firewall With Advanced Security%4Firewall.evtx,1,Microsoft-Windows-Windows Firewall With Advanced Security,2004,965,DESKTOP-PM6C56D,"Action: 3
LocalOnlyMapped: 0
RuleStatus: 65536
EdgeTraversal: 0
Origin: 1
SecurityOptions: 1
ApplicationPath: ''
RemotePorts: ''
LocalPorts: ''
Direction: 1
Active: 1
Protocol: 256
EmbeddedContext: Microsoft Sticky Notes
RuleName: Microsoft Sticky Notes
ServiceName: ''
RemoteAddresses: '*'
RemoteMachineAuthorizationList: ''
LooseSourceMapped: 0
RuleId: '{D91B5A94-F3E1-4C46-9B06-8FBD74842747}'
ModifyingUser: S-1-5-80-3088073201-1464728630-1879813800-1107566885-823218052
ModifyingApplication: C:\Windows\System32\svchost.exe
SchemaVersion: 539
RemoteUserAuthorizationList: ''
Profiles: 6
Flags: 3
LocalAddresses: '*'
"
2018-04-03T06:01:48.617261+00:00,Uncommon New Firewall Rule Added In Windows Firewall Exception List,C:\temp\2024LoneWolf\tout\D\Windows\System32\winevt\logs\Microsoft-Windows-Windows Firewall With Advanced Security%4Firewall.evtx,1,Microsoft-Windows-Windows Firewall With Advanced Security,2004,966,DESKTOP-PM6C56D,"Action: 3
LocalOnlyMapped: 0
RuleStatus: 65536
EdgeTraversal: 0
Origin: 1
SecurityOptions: 1
ApplicationPath: ''
RemotePorts: ''
LocalPorts: ''
Direction: 2
Active: 1
Protocol: 256
EmbeddedContext: Microsoft Sticky Notes
RuleName: Microsoft Sticky Notes
ServiceName: ''
RemoteAddresses: '*'
RemoteMachineAuthorizationList: ''
LooseSourceMapped: 0
RuleId: '{A5E86BA0-AA97-4735-A956-B433A5ACC9CF}'
ModifyingUser: S-1-5-80-3088073201-1464728630-1879813800-1107566885-823218052
ModifyingApplication: C:\Windows\System32\svchost.exe
SchemaVersion: 539
RemoteUserAuthorizationList: ''
Profiles: 6
Flags: 3
LocalAddresses: '*'
"
2018-04-03T06:01:48.617704+00:00,Uncommon New Firewall Rule Added In Windows Firewall Exception List,C:\temp\2024LoneWolf\tout\D\Windows\System32\winevt\logs\Microsoft-Windows-Windows Firewall With Advanced Security%4Firewall.evtx,1,Microsoft-Windows-Windows Firewall With Advanced Security,2004,967,DESKTOP-PM6C56D,"Action: 3
LocalOnlyMapped: 0
RuleStatus: 65536
EdgeTraversal: 0
Origin: 1
SecurityOptions: 0
ApplicationPath: ''
RemotePorts: ''
LocalPorts: ''
Direction: 2
Active: 1
Protocol: 256
EmbeddedContext: Microsoft Sticky Notes
RuleName: Microsoft Sticky Notes
ServiceName: ''
RemoteAddresses: '*'
RemoteMachineAuthorizationList: ''
LooseSourceMapped: 0
RuleId: '{11F8D730-9C77-45FE-A629-C2B8DED0AA6F}'
ModifyingUser: S-1-5-80-3088073201-1464728630-1879813800-1107566885-823218052
ModifyingApplication: C:\Windows\System32\svchost.exe
SchemaVersion: 539
RemoteUserAuthorizationList: ''
Profiles: 7
Flags: 1
LocalAddresses: '*'
"
2018-04-03T06:01:48.618416+00:00,Uncommon New Firewall Rule Added In Windows Firewall Exception List,C:\temp\2024LoneWolf\tout\D\Windows\System32\winevt\logs\Microsoft-Windows-Windows Firewall With Advanced Security%4Firewall.evtx,1,Microsoft-Windows-Windows Firewall With Advanced Security,2004,968,DESKTOP-PM6C56D,"Action: 3
LocalOnlyMapped: 0
RuleStatus: 65536
EdgeTraversal: 0
Origin: 1
SecurityOptions: 0
ApplicationPath: ''
RemotePorts: ''
LocalPorts: ''
Direction: 2
Active: 1
Protocol: 256
EmbeddedContext: Microsoft Sticky Notes
RuleName: Microsoft Sticky Notes
ServiceName: ''
RemoteAddresses: '*'
RemoteMachineAuthorizationList: ''
LooseSourceMapped: 0
RuleId: '{77D8F15A-3019-4F74-889B-D7EC46B85B17}'
ModifyingUser: S-1-5-80-3088073201-1464728630-1879813800-1107566885-823218052
ModifyingApplication: C:\Windows\System32\svchost.exe
SchemaVersion: 539
RemoteUserAuthorizationList: ''
Profiles: 7
Flags: 1
LocalAddresses: '*'
"
2018-04-03T06:01:48.619056+00:00,Uncommon New Firewall Rule Added In Windows Firewall Exception List,C:\temp\2024LoneWolf\tout\D\Windows\System32\winevt\logs\Microsoft-Windows-Windows Firewall With Advanced Security%4Firewall.evtx,1,Microsoft-Windows-Windows Firewall With Advanced Security,2004,969,DESKTOP-PM6C56D,"Action: 3
LocalOnlyMapped: 0
RuleStatus: 65536
EdgeTraversal: 0
Origin: 1
SecurityOptions: 0
ApplicationPath: ''
RemotePorts: ''
LocalPorts: ''
Direction: 1
Active: 1
Protocol: 256
EmbeddedContext: Microsoft Sticky Notes
RuleName: Microsoft Sticky Notes
ServiceName: ''
RemoteAddresses: '*'
RemoteMachineAuthorizationList: ''
LooseSourceMapped: 0
RuleId: '{32D35DD1-E9E0-4253-A5AD-98BC72069926}'
ModifyingUser: S-1-5-80-3088073201-1464728630-1879813800-1107566885-823218052
ModifyingApplication: C:\Windows\System32\svchost.exe
SchemaVersion: 539
RemoteUserAuthorizationList: ''
Profiles: 3
Flags: 1
LocalAddresses: '*'
"
2018-04-04T04:30:48.056063+00:00,User Logoff Event,C:\temp\2024LoneWolf\tout\D\Windows\System32\winevt\logs\Security.evtx,1,Microsoft-Windows-Security-Auditing,4634,5795,DESKTOP-PM6C56D,"TargetUserSid: S-1-5-21-2734969515-1644526556-1039763013-1001
LogonType: 2
TargetDomainName: DESKTOP-PM6C56D
TargetLogonId: '0xf2a516b'
TargetUserName: jcloudy
"
2018-04-04T04:30:48.056123+00:00,User Logoff Event,C:\temp\2024LoneWolf\tout\D\Windows\System32\winevt\logs\Security.evtx,1,Microsoft-Windows-Security-Auditing,4634,5796,DESKTOP-PM6C56D,"TargetUserSid: S-1-5-21-2734969515-1644526556-1039763013-1001
LogonType: 2
TargetDomainName: DESKTOP-PM6C56D
TargetLogonId: '0xf2a514c'
TargetUserName: jcloudy
"
2018-04-04T04:33:45.689563+00:00,Uncommon New Firewall Rule Added In Windows Firewall Exception List,C:\temp\2024LoneWolf\tout\D\Windows\System32\winevt\logs\Microsoft-Windows-Windows Firewall With Advanced Security%4Firewall.evtx,1,Microsoft-Windows-Windows Firewall With Advanced Security,2004,976,DESKTOP-PM6C56D,"Action: 3
LocalOnlyMapped: 0
RuleStatus: 65536
EdgeTraversal: 0
Origin: 1
SecurityOptions: 0
ApplicationPath: ''
RemotePorts: ''
LocalPorts: ''
Direction: 2
Active: 1
Protocol: 256
EmbeddedContext: '@{Microsoft.BingWeather_4.23.10923.0_x64__8wekyb3d8bbwe?ms-resource://Microsoft.BingWeather/Resources/ApplicationTitleWithBranding}'
RuleName: '@{Microsoft.BingWeather_4.23.10923.0_x64__8wekyb3d8bbwe?ms-resource://Microsoft.BingWeather/Resources/ApplicationTitleWithBranding}'
ServiceName: ''
RemoteAddresses: '*'
RemoteMachineAuthorizationList: ''
LooseSourceMapped: 0
RuleId: '{34933769-6818-4E22-BA1A-FA334A2EF8DD}'
ModifyingUser: S-1-5-80-3088073201-1464728630-1879813800-1107566885-823218052
ModifyingApplication: C:\Windows\System32\svchost.exe
SchemaVersion: 539
RemoteUserAuthorizationList: ''
Profiles: 7
Flags: 1
LocalAddresses: '*'
"
2018-04-04T04:33:45.691056+00:00,Uncommon New Firewall Rule Added In Windows Firewall Exception List,C:\temp\2024LoneWolf\tout\D\Windows\System32\winevt\logs\Microsoft-Windows-Windows Firewall With Advanced Security%4Firewall.evtx,1,Microsoft-Windows-Windows Firewall With Advanced Security,2004,977,DESKTOP-PM6C56D,"Action: 3
LocalOnlyMapped: 0
RuleStatus: 65536
EdgeTraversal: 0
Origin: 1
SecurityOptions: 0
ApplicationPath: ''
RemotePorts: ''
LocalPorts: ''
Direction: 2
Active: 1
Protocol: 256
EmbeddedContext: '@{Microsoft.BingWeather_4.23.10923.0_x64__8wekyb3d8bbwe?ms-resource://Microsoft.BingWeather/Resources/ApplicationTitleWithBranding}'
RuleName: '@{Microsoft.BingWeather_4.23.10923.0_x64__8wekyb3d8bbwe?ms-resource://Microsoft.BingWeather/Resources/ApplicationTitleWithBranding}'
ServiceName: ''
RemoteAddresses: '*'
RemoteMachineAuthorizationList: ''
LooseSourceMapped: 0
RuleId: '{A82573F9-CD12-4AF5-A65B-E55DA0EA000E}'
ModifyingUser: S-1-5-80-3088073201-1464728630-1879813800-1107566885-823218052
ModifyingApplication: C:\Windows\System32\svchost.exe
SchemaVersion: 539
RemoteUserAuthorizationList: ''
Profiles: 7
Flags: 1
LocalAddresses: '*'
"
2018-04-04T05:45:49.897260+00:00,Powershell File and Directory Discovery,C:\temp\2024LoneWolf\tout\D\Windows\System32\winevt\logs\Microsoft-Windows-PowerShell%4Operational.evtx,1,Microsoft-Windows-PowerShell,4104,20,DESKTOP-PM6C56D,"Path: C:\Windows\TEMP\SDIAG_25f8b718-b3d1-455c-88dd-58ab6c983fb7\CL_Utility.ps1
MessageNumber: 1
ScriptBlockId: d264d2f0-8805-42c4-9aff-a3f0c4e59548
ScriptBlockText: ""# Copyright  2008, Microsoft Corporation. All rights reserved.\r\n\r\n\r\n#Common utility functions\r\nImport-LocalizedData -BindingVariable localizationString -FileName CL_LocalizationData\r\n\r\n# Function to get user troubleshooting history\r\nfunction Get-UserTSHistoryPath {\r\n    return \""${env:localappdata}\\diagnostics\""\r\n}\r\n\r\n# Function to get admin troubleshooting history\r\nfunction Get-AdminTSHistoryPath {\r\n    return \""${env:localappdata}\\elevateddiagnostics\""\r\n}\r\n\r\n# Function to get user report folder path\r\nfunction Get-UserReportPath {\r\n    return \""${env:localappdata}\\Microsoft\\Windows\\WER\\ReportQueue\""\r\n}\r\n\r\n# Function to get system report folder path\r\nfunction Get-MachineReportPath {\r\n    return \""${env:AllUsersProfile}\\Microsoft\\Windows\\WER\\ReportQueue\""\r\n}\r\n\r\n# Function to get threshold to check whether a folder is old\r\nfunction Get-ThresholdForCheckOlderFile {\r\n    [int]$threshold = -1\r\n    return $threshold\r\n}\r\n\r\n# Function to get threshold for deleting WER folder\r\nfunction Get-ThresholdForFileDeleting() {\r\n    [string]$registryEntryPath = \""HKLM:\\SOFTWARE\\Microsoft\\Windows\\Windows Error Reporting\""\r\n    [string]$registryEntryName = \""PurgeThreshholdValueInKB\""\r\n    [double]$defaultValue = 10.0\r\n\r\n    return Get-RegistryValue $registryEntryPath $registryEntryName $defaultValue\r\n}\r\n\r\n# Function to get the size of a directory in kb\r\nfunction Get-FolderSize([string]$folder = $(throw \""No folder is specified\"")) {\r\n    if([String]::IsNullOrEmpty($folder) -or (-not(Test-Path $folder))) {\r\n        return 0\r\n    }\r\n\r\n    if(-not $Global:DirectoryObject) {\r\n        $Global:DirectoryObject = New-Object -comobject \""Scripting.FileSystemObject\""\r\n    }\r\n\r\n    return ($Global:DirectoryObject.GetFolder($folder).Size) / 1kb\r\n}\r\n\r\n# Function to delete a folder\r\nfunction Delete-Folder([string]$folder = $(throw \""No folder is specified\"")) {\r\n    if([String]::IsNullOrEmpty($folder) -or (-not(Test-Path $folder))) {\r\n        return\r\n    }\r\n\r\n    Remove-Item -literalPath $folder -Recurse -Force\r\n}\r\n\r\n# Function to delete old folders\r\nfunction Delete-OldFolders($folder=$(throw \""No folder is specified\"")) {\r\n    if(($folder -eq $null) -or (-not(Test-Path $folder))) {\r\n        return\r\n    }\r\n\r\n    [int]$threshold = Get-ThresholdForCheckOlderFile\r\n    $folders = Get-ChildItem -LiteralPath ($folder.FullName) -Force | Where-Object {$_.PSIsContainer}\r\n    if($folders -ne $null) {\r\n        foreach($folder in $folders) {\r\n            if((($folder.CreationTime).CompareTo((Get-Date).AddMonths($threshold))) -lt 0) {\r\n                Delete-Folder ($folder.FullName)\r\n            } else {\r\n                Delete-OldFolders (Get-Item ($folder.FullName))\r\n            }\r\n        }\r\n    }\r\n}\r\n\r\n# Function to get registry value\r\nfunction Get-RegistryValue([string]$registryEntryPath = $(throw \""No registry entry path is specified\""), [string]$registryEntryName = $(throw \""No registry entry name is specified\""), [double]$defaultValue = 0.0) {\r\n    [double]$registryEntryValue = $defaultValue\r\n\r\n    $registryEntry = Get-ItemProperty -Path $registryEntryPath -Name $registryEntryName\r\n    if($registryEntry -ne $null) {\r\n        $registryEntryValue = $registryEntry.$registryEntryName\r\n    }\r\n\r\n\treturn $registryEntryValue\r\n}\r\n\r\n# Function to get the percentage that WER queue can take up\r\nfunction Get-Percentage() {\r\n    [string]$registryEntryPath = \""HKLM:\\SOFTWARE\\Microsoft\\Windows\\Windows Error Reporting\""\r\n    [string]$registryEntryName = \""MaxQueueSizePercentage\""\r\n    [double]$defaultValue = 100.0\r\n\r\n    return Get-RegistryValue $registryEntryPath $registryEntryName $defaultValue\r\n}\r\n\r\n# Function to get free disk space on machine\r\nfunction Get-FreeSpace {\r\n    [double]$freeSpace = 0.0\r\n    [string]$wql = \""SELECT * FROM Win32_LogicalDisk WHERE MediaType=12\""\r\n    $drives = Get-WmiObject -query $wql\r\n    if($null -ne $drives) {\r\n        foreach($drive in $drives) {\r\n            $freeSpace += ($drive.freeSpace)\r\n        }\r\n    }\r\n\r\n    return ($freeSpace / 1KB)\r\n}\r\n\r\n# Function to get all unnecessary files\r\nfunction Get-UnnecessaryFiles([string]$folder = $(throw \""No folder is specified\"")) {\r\n    if([String]::IsNullOrEmpty($folder) -or (-not(Test-Path $folder))) {\r\n        return $null\r\n    }\r\n\r\n    [int]$threshold = Get-ThresholdForCheckOlderFile\r\n\r\n    return (Get-ChildItem -literalPath $folder -Recurse -Force | Where-Object {($_.PSIsContainer) -and ((($_.CreationTime).CompareTo((Get-Date).AddMonths($threshold))) -lt 0)})\r\n}\r\n\r\n# Function to format disk space (KB -> MB)\r\nfunction Format-DiskSpaceMB([double]$space = $(throw \""No space is specified\"")) {\r\n    return [string]([Math]::Round(($space / 1KB), 3))\r\n}\r\n\r\n# Function to format disk space (B -> GB)\r\nFunction Format-DiskSpaceGB([double]$space = $(throw \""No space is specified\"")) {\r\n    return [string]([Math]::Round(($space / 1GB), 3))\r\n}\r\n\r\n# Function to attach item to the list with delimiter \""/\""\r\nfunction AttachTo-List([string]$list = $(throw \""No list is specified\""), [string]$item = $(throw \""No item is specified\""))\r\n{\r\n    if([String]::IsNullOrEmpty($list))\r\n    {\r\n        return $item\r\n    }\r\n\r\n    if([String]::IsNullOrEmpty($item))\r\n    {\r\n        return $list\r\n    }\r\n\r\n    return $list + \""/\"" + $item\r\n}\r\n\r\n# Function to parse the the list with delimiter \""/\""\r\nfunction Parse-List([string]$list = $(throw \""No list is specified\""))\r\n{\r\n    if($list -eq $null)\r\n    {\r\n        return $null\r\n    }\r\n\r\n    return $list.Split(\""/\"", [StringSplitOptions]::RemoveEmptyEntries)\r\n}\r\n\r\n# Function to get list length\r\nfunction Get-ListLength([string]$list = $(throw \""No list is specified\""))\r\n{\r\n    if($list -eq $null)\r\n    {\r\n        return 0\r\n    }\r\n\r\n    $result = Parse-List $list\r\n\r\n    if($result -is [string])\r\n    {\r\n        return 1\r\n    }\r\n    elseif($result -is [object[]])\r\n    {\r\n        return $result.count\r\n    }\r\n    else\r\n    {\r\n        return 0\r\n    }\r\n}\r\n\r\n# Function to convert to WQL path\r\nfunction ConvertTo-WQLPath([string]$wqlPath = $(throw \""No WQL path is specified\""))\r\n{\r\n    if($wqlPath -eq $null)\r\n    {\r\n        return \""\""\r\n    }\r\n\r\n    return $wqlPath.Replace(\""\\\"", \""\\\\\"")\r\n}\r\n\r\n# Function to check whether the shortcut is valid\r\nfunction Test-ValidLink([Wmi]$wmiLinkFile = $(throw \""No WMI link file is specified\""))\r\n{\r\n    if(($wmiLinkFile -eq $null) -or ([String]::IsNullOrEmpty($wmiLinkFile.Target)))\r\n    {\r\n        return $false\r\n    }\r\n\r\n    return Test-Path $wmiLinkFile.Target\r\n}\r\n\r\n# Function to chech whether have permission to delete the shortcut file\r\nfunction Test-Delete([Wmi]$wmiLinkFile = $(throw \""No WMI link file is specified\""))\r\n{\r\n    if($wmiLinkFile -eq $null)\r\n    {\r\n        return $false\r\n    }\r\n\r\n    return ($wmiLinkFile.AccessMask -band 0x10000) -eq 0x10000\r\n}\r\n\r\n# Function to get desktop path\r\nfunction Get-DesktopPath()\r\n{\r\n$methodDefinition = @\""\r\n    public static string GetDesktopPath\r\n    {\r\n        get\r\n        {\r\n            return Environment.GetFolderPath(Environment.SpecialFolder.DesktopDirectory);\r\n        }\r\n    }\r\n\""@\r\n\r\n    $type = Add-Type -MemberDefinition $methodDefinition -Name \""DesktopPath\"" -PassThru\r\n\r\n    return $type::GetDesktopPath\r\n}\r\n\r\n# Function to get startup path\r\nfunction Get-StartupPath()\r\n{\r\n$methodDefinition = @\""\r\n    public static string GetStartupPath\r\n    {\r\n        get\r\n        {\r\n            return Environment.GetFolderPath(Environment.SpecialFolder.Startup);\r\n        }\r\n    }\r\n\""@\r\n\r\n    $type = Add-Type -MemberDefinition $methodDefinition -Name \""StartupPath\"" -PassThru\r\n\r\n    return $type::GetStartupPath\r\n}\r\n\r\n# Function to remove all files in the list\r\nfunction Remove-FileList([string]$list = $(throw \""No list is specified\""))\r\n{\r\n    if([String]::IsNullOrEmpty($list))\r\n    {\r\n        return\r\n    }\r\n\r\n    try\r\n    {\r\n        Parse-List $list | Foreach-Object {\r\n            if(-not([String]::IsNullOrEmpty($_)))\r\n            {\r\n                Remove-Item $_ -Force\r\n            }\r\n        }\r\n    }\r\n    catch\r\n    {\r\n        $_ | ConvertTo-Xml | Update-DiagReport -id DeleteFileExceptions -Name $localizationString.filesFailToRemove_name -Description $localizationString.filesFailToRemove_description -Verbosity Warning\r\n    }\r\n}\r\n\r\n# Function to get the last access time of an Icon\r\nfunction Get-LastAccessTime([string]$filePath = $(throw \""No file path is specified\""))\r\n{\r\n    if([String]::IsNullOrEmpty($filePath) -or -not(Test-Path $filePath))\r\n    {\r\n        throw \""No file path found\""\r\n    }\r\n\r\n$typeDefinition = @\""\r\n\r\nusing System;\r\nusing System.Collections.Generic;\r\nusing System.Runtime.InteropServices;\r\nusing ComType = System.Runtime.InteropServices.ComTypes;\r\n\r\npublic sealed class FileInfo\r\n{\r\n    private FileInfo()\r\n    {\r\n    }\r\n\r\n    [StructLayout(LayoutKind.Sequential, CharSet = CharSet.Unicode)]\r\n    struct UAINFO\r\n    {\r\n        internal int cbSize;\r\n        internal int dwMask;\r\n        internal float R;\r\n        internal uint cLaunches;\r\n        internal uint cSwitches;\r\n        internal int dwTime;\r\n        internal ComType.FILETIME ftExecute;\r\n        [MarshalAs(UnmanagedType.Bool)] internal bool fExcludeFromMFU;\r\n\r\n        internal UAINFO(int dwMask)\r\n        {\r\n            this.cbSize = Marshal.SizeOf(typeof(UAINFO));\r\n            this.dwMask = dwMask;\r\n            this.R = 0;\r\n            this.cLaunches = 0;\r\n            this.cSwitches = 0;\r\n            this.dwTime = 0;\r\n            this.ftExecute = new ComType.FILETIME();\r\n            this.fExcludeFromMFU = false;\r\n        }\r\n    }\r\n\r\n    internal const int UAIM_FILETIME = 1;\r\n    internal static Guid UAIID_SHORTCUTS = new Guid(\""F4E57C4B-2036-45F0-A9AB-443BCFE33D9F\"");\r\n\r\n    [ComImport, Guid(\""90D75131-43A6-4664-9AF8-DCCEB85A7462\""), InterfaceType(ComInterfaceType.InterfaceIsIUnknown)]\r\n    interface IShellUserAssist\r\n    {\r\n        int FireEvent(ref Guid pguidGrp, int eCmd, string pszPath, int dwTimeElapsed);\r\n        int QueryEntry(ref Guid pguidGrp, string pszPath, ref UAINFO pui);\r\n        int SetEntry(ref Guid pguidGrp, string pszPath, ref UAINFO pui);\r\n        int RenameEntry(ref Guid pguidGrp, string pszFrom, string pszTo);\r\n        int DeleteEntry(ref Guid pguidGrp, string pszPath);\r\n        int Enable(bool fEnable);\r\n    }\r\n\r\n    [ComImport, Guid(\""DD313E04-FEFF-11d1-8ECD-0000F87A470C\"")]\r\n    internal class UserAssist { }\r\n\r\n    public static DateTime GetLastAccessTime(string filePath)\r\n    {\r\n        if(String.IsNullOrEmpty(filePath))\r\n        {\r\n            throw new ArgumentException(\""The file path is null or empty\"");\r\n        }\r\n\r\n        UAINFO uaInfo = new UAINFO(UAIM_FILETIME);\r\n        IShellUserAssist iShellUserAssist = new UserAssist() as IShellUserAssist;\r\n        if (iShellUserAssist == null)\r\n        {\r\n            throw new InvalidOperationException(\""Can't get iShellUserAssist interface\"");\r\n        }\r\n\r\n        try\r\n        {\r\n            Marshal.ThrowExceptionForHR(iShellUserAssist.QueryEntry(ref UAIID_SHORTCUTS, filePath, ref uaInfo));\r\n        }\r\n        catch\r\n        {\r\n            throw new InvalidOperationException(\""Can't query info about\"" + filePath);\r\n        }\r\n\r\n        long fileTime = (((long)uaInfo.ftExecute.dwHighDateTime) << 32) + uaInfo.ftExecute.dwLowDateTime;\r\n\r\n        return DateTime.FromFileTime(fileTime);\r\n    }\r\n}\r\n\""@\r\n\r\n    $type = Add-Type -TypeDefinition $typeDefinition -PassThru\r\n\r\n    return $type[0]::GetLastAccessTime($filePath)\r\n}\r\n\r\n# Function to check whether the icon is pointing to a file\r\nfunction Test-FileShortcut([Wmi]$wmiLinkFile = $(throw \""No wmi link file is specified\""))\r\n{\r\n    if($wmiLinkFile -eq $null)\r\n    {\r\n        return $false\r\n    }\r\n\r\n    [string]$target = $wmiLinkFile.Target\r\n    if([String]::IsNullOrEmpty($target) -or -not(Test-Path $target))\r\n    {\r\n        return $false\r\n    }\r\n\r\n    return -not((Get-Item $target).PSIsContainer)\r\n}\r\n\r\n# Function to create a choice in interaction page\r\nfunction Get-Choice([string]$name = $(throw \""No choice name is specified\""), [string]$description = $(throw \""No choice description is specified\""),\r\n                   [string]$value = $(throw \""No choice value is specified\""), [xml]$extension)\r\n{\r\n    return @{\""Name\""=$name;\""Description\""=$description;\""Value\""=$value;\""ExtensionPoint\""=$extension.InnerXml}\r\n}\r\n\r\n# Function to check whether the current machine is domain joined\r\nFunction Test-DomainJoined()\r\n{\r\n    return (Get-WmiObject -query \""select * from win32_ntdomain where Status ='OK'\"") -ne $null\r\n}\r\n\r\n# Function to update time source\r\nFunction Update-TimeSource([string]$timeSource = $(throw \""No time source is specified\""))\r\n{\r\n    w32tm.exe /config /update /manualpeerlist:\""$timeSource\""\r\n}\r\n\r\n# Function to get system drive info\r\nfunction Get-SystemDriveInfo() {\r\n    [string]$wql = \""SELECT * FROM Win32_LogicalDisk WHERE MediaType=12 AND Name = '\"" + ${env:systemdrive} + \""'\""\r\n    return Get-WmiObject -query $wql\r\n}\r\n\r\n# Function to get time service status\r\nfunction Get-ServiceStatus([string]$serviceName=$(throw \""No service name is specified\"")) {\r\n   [bool]$startService = $true\r\n\r\n   [WMI]$timeService = @(Get-WmiObject -Query \""Select * From Win32_Service Where Name = `\""$serviceName`\""\"")[0]\r\n   if($null -ne $timeService) {\r\n      [ServiceProcess.ServiceControllerStatus]$timeServicesStatus = (Get-Service $serviceName).Status\r\n      if(([ServiceProcess.ServiceControllerStatus]::Stopped -eq $timeServicesStatus) -or ([ServiceProcess.ServiceControllerStatus]::StopPending -eq $timeServicesStatus)) {\r\n         $startService = $false\r\n      }\r\n   }\r\n\r\n   return $startService\r\n}\r\n\r\n# Function to wait for expected service status\r\nfunction WaitFor-ServiceStatus([string]$serviceName=$(throw \""No service name is specified\""), [ServiceProcess.ServiceControllerStatus]$serviceStatus=$(throw \""No service status is specified\"")) {\r\n    [ServiceProcess.ServiceController]$sc = New-Object \""ServiceProcess.ServiceController\"" $serviceName\r\n    [TimeSpan]$timeOut = New-Object TimeSpan(0,0,0,5,0)\r\n    $sc.WaitForStatus($serviceStatus, $timeOut)\r\n}""
MessageTotal: 1
"
2018-04-04T05:58:05.753376+00:00,Rare Service Installations,C:\temp\2024LoneWolf\tout\D\Windows\System32\winevt\logs\System.evtx,1,,,,,
2018-04-04T06:32:10.875606+00:00,Volume Shadow Copy Mount,C:\temp\2024LoneWolf\tout\D\Windows\System32\winevt\logs\System.evtx,1,Microsoft-Windows-Ntfs,98,1755,DESKTOP-PM6C56D,"DeviceName: \Device\HarddiskVolumeShadowCopy2
DriveName: ??
CorruptionActionState: 0
"
2018-04-04T06:32:13.589134+00:00,VSSAudit Security Event Source Registration,C:\temp\2024LoneWolf\tout\D\Windows\System32\winevt\logs\Security.evtx,1,Microsoft-Windows-Security-Auditing,4904,6157,DESKTOP-PM6C56D,"SubjectUserSid: S-1-5-18
ProcessId: '0x1a0c'
ProcessName: C:\Windows\System32\VSSVC.exe
AuditSourceName: VSSAudit
SubjectLogonId: '0x3e7'
SubjectDomainName: WORKGROUP
EventSourceId: '0x103cfd68'
SubjectUserName: DESKTOP-PM6C56D$
"
2018-04-04T06:32:13.589341+00:00,VSSAudit Security Event Source Registration,C:\temp\2024LoneWolf\tout\D\Windows\System32\winevt\logs\Security.evtx,1,Microsoft-Windows-Security-Auditing,4905,6158,DESKTOP-PM6C56D,"SubjectUserSid: S-1-5-18
ProcessId: '0x1a0c'
ProcessName: C:\Windows\System32\VSSVC.exe
AuditSourceName: VSSAudit
SubjectLogonId: '0x3e7'
SubjectDomainName: WORKGROUP
EventSourceId: '0x103cfd68'
SubjectUserName: DESKTOP-PM6C56D$
"
2018-04-05T01:48:36.837291+00:00,User Logoff Event,C:\temp\2024LoneWolf\tout\D\Windows\System32\winevt\logs\Security.evtx,1,Microsoft-Windows-Security-Auditing,4634,6581,DESKTOP-PM6C56D,"TargetUserSid: S-1-5-21-2734969515-1644526556-1039763013-1001
LogonType: 2
TargetDomainName: DESKTOP-PM6C56D
TargetLogonId: '0x10bc478d'
TargetUserName: jcloudy
"
