45,45,2015-08-24 06:52:08.5781250,20001,Info,Microsoft-Windows-User-PnP,System,304,308,26L2233B1-02,0,S-1-5-18,,,,,,,,,,,False,M:\Forensics\TrainingImages\AliHadi\Challenge1\tout\M\Forensics\TrainingImages\AliHadi\Challenge1\s4a-challenge4\Windows\System32\winevt\logs\System.evtx,Classic,0,"{""UserData"":{""InstallDeviceID"":{""DriverName"":""FileRepository\\machine.inf_c3c08b9d\\machine.inf"",""DriverVersion"":""6.0.6001.18000"",""DriverProvider"":""Microsoft"",""DeviceInstanceID"":""ROOT\\RDP_KBD\\0000"",""SetupClass"":""4d36e97d-e325-11ce-bfc1-08002be10318"",""RebootOption"":""True"",""UpgradeDevice"":""True"",""IsDriverOEM"":""False"",""InstallStatus"":""0"",""DriverDescription"":""Terminal Server Keyboard Driver""}}}"
46,46,2015-08-24 06:52:09.0625000,20003,Info,Microsoft-Windows-User-PnP,System,404,400,26L2233B1-02,0,S-1-5-18,,,,,,,,,,,False,M:\Forensics\TrainingImages\AliHadi\Challenge1\tout\M\Forensics\TrainingImages\AliHadi\Challenge1\s4a-challenge4\Windows\System32\winevt\logs\System.evtx,Classic,0,"{""UserData"":{""AddServiceID"":{""ServiceName"":""TermDD"",""DriverFileName"":""system32\\DRIVERS\\termdd.sys"",""DeviceInstanceID"":""ROOT\\RDP_MOU\\0000"",""PrimaryService"":""True"",""UpdateService"":""True"",""AddServiceStatus"":""0""}}}"
47,47,2015-08-24 06:52:09.0781250,20003,Info,Microsoft-Windows-User-PnP,System,404,400,26L2233B1-02,0,S-1-5-18,,,,,,,,,,,False,M:\Forensics\TrainingImages\AliHadi\Challenge1\tout\M\Forensics\TrainingImages\AliHadi\Challenge1\s4a-challenge4\Windows\System32\winevt\logs\System.evtx,Classic,0,"{""UserData"":{""AddServiceID"":{""ServiceName"":""mouclass"",""DriverFileName"":""system32\\DRIVERS\\mouclass.sys"",""DeviceInstanceID"":""ROOT\\RDP_MOU\\0000"",""PrimaryService"":""False"",""UpdateService"":""True"",""AddServiceStatus"":""0""}}}"
48,48,2015-08-24 06:52:09.0937500,20001,Info,Microsoft-Windows-User-PnP,System,404,400,26L2233B1-02,0,S-1-5-18,,,,,,,,,,,False,M:\Forensics\TrainingImages\AliHadi\Challenge1\tout\M\Forensics\TrainingImages\AliHadi\Challenge1\s4a-challenge4\Windows\System32\winevt\logs\System.evtx,Classic,0,"{""UserData"":{""InstallDeviceID"":{""DriverName"":""FileRepository\\machine.inf_c3c08b9d\\machine.inf"",""DriverVersion"":""6.0.6001.18000"",""DriverProvider"":""Microsoft"",""DeviceInstanceID"":""ROOT\\RDP_MOU\\0000"",""SetupClass"":""4d36e97d-e325-11ce-bfc1-08002be10318"",""RebootOption"":""True"",""UpgradeDevice"":""True"",""IsDriverOEM"":""False"",""InstallStatus"":""0"",""DriverDescription"":""Terminal Server Mouse Driver""}}}"
49,49,2015-08-24 06:52:09.4687500,20003,Info,Microsoft-Windows-User-PnP,System,456,452,26L2233B1-02,0,S-1-5-18,,,,,,,,,,,False,M:\Forensics\TrainingImages\AliHadi\Challenge1\tout\M\Forensics\TrainingImages\AliHadi\Challenge1\s4a-challenge4\Windows\System32\winevt\logs\System.evtx,Classic,0,"{""UserData"":{""AddServiceID"":{""ServiceName"":""swenum"",""DriverFileName"":""system32\\DRIVERS\\swenum.sys"",""DeviceInstanceID"":""ROOT\\SYSTEM\\0000"",""PrimaryService"":""True"",""UpdateService"":""True"",""AddServiceStatus"":""0""}}}"
50,50,2015-08-24 06:52:09.4843750,20001,Info,Microsoft-Windows-User-PnP,System,456,452,26L2233B1-02,0,S-1-5-18,,,,,,,,,,,False,M:\Forensics\TrainingImages\AliHadi\Challenge1\tout\M\Forensics\TrainingImages\AliHadi\Challenge1\s4a-challenge4\Windows\System32\winevt\logs\System.evtx,Classic,0,"{""UserData"":{""InstallDeviceID"":{""DriverName"":""FileRepository\\machine.inf_c3c08b9d\\machine.inf"",""DriverVersion"":""6.0.6001.18000"",""DriverProvider"":""Microsoft"",""DeviceInstanceID"":""ROOT\\SYSTEM\\0000"",""SetupClass"":""4d36e97d-e325-11ce-bfc1-08002be10318"",""RebootOption"":""False"",""UpgradeDevice"":""True"",""IsDriverOEM"":""False"",""InstallStatus"":""0"",""DriverDescription"":""Plug and Play Software Device Enumerator""}}}"
51,51,2015-08-24 06:52:09.7187500,20003,Info,Microsoft-Windows-User-PnP,System,748,752,26L2233B1-02,0,S-1-5-18,,,,,,,,,,,False,M:\Forensics\TrainingImages\AliHadi\Challenge1\tout\M\Forensics\TrainingImages\AliHadi\Challenge1\s4a-challenge4\Windows\System32\winevt\logs\System.evtx,Classic,0,"{""UserData"":{""AddServiceID"":{""ServiceName"":""mssmbios"",""DriverFileName"":""system32\\DRIVERS\\mssmbios.sys"",""DeviceInstanceID"":""ROOT\\SYSTEM\\0002"",""PrimaryService"":""True"",""UpdateService"":""True"",""AddServiceStatus"":""0""}}}"
52,52,2015-08-24 06:52:09.7343750,20001,Info,Microsoft-Windows-User-PnP,System,748,752,26L2233B1-02,0,S-1-5-18,,,,,,,,,,,False,M:\Forensics\TrainingImages\AliHadi\Challenge1\tout\M\Forensics\TrainingImages\AliHadi\Challenge1\s4a-challenge4\Windows\System32\winevt\logs\System.evtx,Classic,0,"{""UserData"":{""InstallDeviceID"":{""DriverName"":""FileRepository\\machine.inf_c3c08b9d\\machine.inf"",""DriverVersion"":""6.0.6001.18000"",""DriverProvider"":""Microsoft"",""DeviceInstanceID"":""ROOT\\SYSTEM\\0002"",""SetupClass"":""4d36e97d-e325-11ce-bfc1-08002be10318"",""RebootOption"":""False"",""UpgradeDevice"":""True"",""IsDriverOEM"":""False"",""InstallStatus"":""0"",""DriverDescription"":""Microsoft System Management BIOS Driver""}}}"
53,53,2015-08-24 06:52:10.1250000,20003,Info,Microsoft-Windows-User-PnP,System,800,892,26L2233B1-02,0,S-1-5-18,,,,,,,,,,,False,M:\Forensics\TrainingImages\AliHadi\Challenge1\tout\M\Forensics\TrainingImages\AliHadi\Challenge1\s4a-challenge4\Windows\System32\winevt\logs\System.evtx,Classic,0,"{""UserData"":{""AddServiceID"":{""ServiceName"":""umbus"",""DriverFileName"":""system32\\DRIVERS\\umbus.sys"",""DeviceInstanceID"":""ROOT\\UMBUS\\0000"",""PrimaryService"":""True"",""UpdateService"":""True"",""AddServiceStatus"":""0""}}}"
54,54,2015-08-24 06:52:10.1406250,20001,Info,Microsoft-Windows-User-PnP,System,800,892,26L2233B1-02,0,S-1-5-18,,,,,,,,,,,False,M:\Forensics\TrainingImages\AliHadi\Challenge1\tout\M\Forensics\TrainingImages\AliHadi\Challenge1\s4a-challenge4\Windows\System32\winevt\logs\System.evtx,Classic,0,"{""UserData"":{""InstallDeviceID"":{""DriverName"":""FileRepository\\umbus.inf_9edeb2de\\umbus.inf"",""DriverVersion"":""6.0.6001.18000"",""DriverProvider"":""Microsoft"",""DeviceInstanceID"":""ROOT\\UMBUS\\0000"",""SetupClass"":""4d36e97d-e325-11ce-bfc1-08002be10318"",""RebootOption"":""False"",""UpgradeDevice"":""True"",""IsDriverOEM"":""False"",""InstallStatus"":""0"",""DriverDescription"":""UMBus Root Bus Enumerator""}}}"
55,55,2015-08-24 06:52:10.4218750,20003,Info,Microsoft-Windows-User-PnP,System,744,760,26L2233B1-02,0,S-1-5-18,,,,,,,,,,,False,M:\Forensics\TrainingImages\AliHadi\Challenge1\tout\M\Forensics\TrainingImages\AliHadi\Challenge1\s4a-challenge4\Windows\System32\winevt\logs\System.evtx,Classic,0,"{""UserData"":{""AddServiceID"":{""ServiceName"":""volmgr"",""DriverFileName"":""system32\\DRIVERS\\volmgr.sys"",""DeviceInstanceID"":""ROOT\\VOLMGR\\0000"",""PrimaryService"":""True"",""UpdateService"":""True"",""AddServiceStatus"":""0""}}}"
56,56,2015-08-24 06:52:10.4375000,20001,Info,Microsoft-Windows-User-PnP,System,744,760,26L2233B1-02,0,S-1-5-18,,,,,,,,,,,False,M:\Forensics\TrainingImages\AliHadi\Challenge1\tout\M\Forensics\TrainingImages\AliHadi\Challenge1\s4a-challenge4\Windows\System32\winevt\logs\System.evtx,Classic,0,"{""UserData"":{""InstallDeviceID"":{""DriverName"":""FileRepository\\machine.inf_c3c08b9d\\machine.inf"",""DriverVersion"":""6.0.6001.18000"",""DriverProvider"":""Microsoft"",""DeviceInstanceID"":""ROOT\\VOLMGR\\0000"",""SetupClass"":""4d36e97d-e325-11ce-bfc1-08002be10318"",""RebootOption"":""True"",""UpgradeDevice"":""True"",""IsDriverOEM"":""False"",""InstallStatus"":""0"",""DriverDescription"":""Volume Manager""}}}"
57,57,2015-08-24 06:52:10.8593750,20003,Info,Microsoft-Windows-User-PnP,System,1040,1084,26L2233B1-02,0,S-1-5-18,,,,,,,,,,,False,M:\Forensics\TrainingImages\AliHadi\Challenge1\tout\M\Forensics\TrainingImages\AliHadi\Challenge1\s4a-challenge4\Windows\System32\winevt\logs\System.evtx,Classic,0,"{""UserData"":{""AddServiceID"":{""ServiceName"":""ACPI"",""DriverFileName"":""system32\\DRIVERS\\ACPI.sys"",""DeviceInstanceID"":""ACPI_HAL\\PNP0C08\\0"",""PrimaryService"":""True"",""UpdateService"":""True"",""AddServiceStatus"":""0""}}}"
58,58,2015-08-24 06:52:10.8750000,20001,Info,Microsoft-Windows-User-PnP,System,1040,1084,26L2233B1-02,0,S-1-5-18,,,,,,,,,,,False,M:\Forensics\TrainingImages\AliHadi\Challenge1\tout\M\Forensics\TrainingImages\AliHadi\Challenge1\s4a-challenge4\Windows\System32\winevt\logs\System.evtx,Classic,0,"{""UserData"":{""InstallDeviceID"":{""DriverName"":""FileRepository\\acpi.inf_c947c6d1\\acpi.inf"",""DriverVersion"":""6.0.6001.18000"",""DriverProvider"":""Microsoft"",""DeviceInstanceID"":""ACPI_HAL\\PNP0C08\\0"",""SetupClass"":""4d36e97d-e325-11ce-bfc1-08002be10318"",""RebootOption"":""True"",""UpgradeDevice"":""False"",""IsDriverOEM"":""False"",""InstallStatus"":""0"",""DriverDescription"":""Microsoft ACPI-Compliant System""}}}"
59,59,2015-08-24 06:52:11.3281250,20003,Info,Microsoft-Windows-User-PnP,System,1148,1160,26L2233B1-02,0,S-1-5-18,,,,,,,,,,,False,M:\Forensics\TrainingImages\AliHadi\Challenge1\tout\M\Forensics\TrainingImages\AliHadi\Challenge1\s4a-challenge4\Windows\System32\winevt\logs\System.evtx,Classic,0,"{""UserData"":{""AddServiceID"":{""ServiceName"":""volsnap"",""DriverFileName"":""system32\\DRIVERS\\volsnap.sys"",""DeviceInstanceID"":""STORAGE\\VOLUME\\1&amp;19F7E59C&amp;0&amp;SIGNATURECE12A6CAOFFSET100000LENGTH63FE00000"",""PrimaryService"":""True"",""UpdateService"":""True"",""AddServiceStatus"":""0""}}}"
60,60,2015-08-24 06:52:11.3593750,20001,Info,Microsoft-Windows-User-PnP,System,1148,1160,26L2233B1-02,0,S-1-5-18,,,,,,,,,,,False,M:\Forensics\TrainingImages\AliHadi\Challenge1\tout\M\Forensics\TrainingImages\AliHadi\Challenge1\s4a-challenge4\Windows\System32\winevt\logs\System.evtx,Classic,0,"{""UserData"":{""InstallDeviceID"":{""DriverName"":""FileRepository\\volume.inf_c4d713d0\\volume.inf"",""DriverVersion"":""6.0.6001.18000"",""DriverProvider"":""Microsoft"",""DeviceInstanceID"":""STORAGE\\VOLUME\\1&amp;19F7E59C&amp;0&amp;SIGNATURECE12A6CAOFFSET100000LENGTH63FE00000"",""SetupClass"":""71a27cdd-812a-11d0-bec7-08002be2092f"",""RebootOption"":""True"",""UpgradeDevice"":""False"",""IsDriverOEM"":""False"",""InstallStatus"":""0"",""DriverDescription"":""Generic volume""}}}"
61,61,2015-08-24 06:52:11.5312500,20001,Info,Microsoft-Windows-User-PnP,System,1264,1292,26L2233B1-02,0,S-1-5-18,,,,,,,,,,,False,M:\Forensics\TrainingImages\AliHadi\Challenge1\tout\M\Forensics\TrainingImages\AliHadi\Challenge1\s4a-challenge4\Windows\System32\winevt\logs\System.evtx,Classic,0,"{""UserData"":{""InstallDeviceID"":{""DriverName"":""FileRepository\\machine.inf_c3c08b9d\\machine.inf"",""DriverVersion"":""6.0.6001.18000"",""DriverProvider"":""Microsoft"",""DeviceInstanceID"":""ACPI\\FIXEDBUTTON\\2&amp;DABA3FF&amp;1"",""SetupClass"":""4d36e97d-e325-11ce-bfc1-08002be10318"",""RebootOption"":""True"",""UpgradeDevice"":""False"",""IsDriverOEM"":""False"",""InstallStatus"":""0"",""DriverDescription"":""ACPI Fixed Feature Button""}}}"
62,62,2015-08-24 06:52:11.9062500,20003,Info,Microsoft-Windows-User-PnP,System,584,664,26L2233B1-02,0,S-1-5-18,,,,,,,,,,,False,M:\Forensics\TrainingImages\AliHadi\Challenge1\tout\M\Forensics\TrainingImages\AliHadi\Challenge1\s4a-challenge4\Windows\System32\winevt\logs\System.evtx,Classic,0,"{""UserData"":{""AddServiceID"":{""ServiceName"":""intelppm"",""DriverFileName"":""system32\\DRIVERS\\intelppm.sys"",""DeviceInstanceID"":""ACPI\\GENUINEINTEL_-_X86_FAMILY_6_MODEL_61\\_0"",""PrimaryService"":""True"",""UpdateService"":""True"",""AddServiceStatus"":""0""}}}"
63,63,2015-08-24 06:52:11.9218750,20001,Info,Microsoft-Windows-User-PnP,System,584,664,26L2233B1-02,0,S-1-5-18,,,,,,,,,,,False,M:\Forensics\TrainingImages\AliHadi\Challenge1\tout\M\Forensics\TrainingImages\AliHadi\Challenge1\s4a-challenge4\Windows\System32\winevt\logs\System.evtx,Classic,0,"{""UserData"":{""InstallDeviceID"":{""DriverName"":""FileRepository\\cpu.inf_5a7c6c5e\\cpu.inf"",""DriverVersion"":""6.0.6001.18000"",""DriverProvider"":""Microsoft"",""DeviceInstanceID"":""ACPI\\GENUINEINTEL_-_X86_FAMILY_6_MODEL_61\\_0"",""SetupClass"":""50127dc3-0f36-415e-a6cc-4cb3be910b65"",""RebootOption"":""True"",""UpgradeDevice"":""False"",""IsDriverOEM"":""False"",""InstallStatus"":""0"",""DriverDescription"":""Intel Processor""}}}"
64,64,2015-08-24 06:52:12.1875000,20003,Info,Microsoft-Windows-User-PnP,System,1496,1512,26L2233B1-02,0,S-1-5-18,,,,,,,,,,,False,M:\Forensics\TrainingImages\AliHadi\Challenge1\tout\M\Forensics\TrainingImages\AliHadi\Challenge1\s4a-challenge4\Windows\System32\winevt\logs\System.evtx,Classic,0,"{""UserData"":{""AddServiceID"":{""ServiceName"":""pci"",""DriverFileName"":""system32\\DRIVERS\\pci.sys"",""DeviceInstanceID"":""ACPI\\PNP0A03\\0"",""PrimaryService"":""True"",""UpdateService"":""True"",""AddServiceStatus"":""0""}}}"
65,65,2015-08-24 06:52:12.2031250,20001,Info,Microsoft-Windows-User-PnP,System,1496,1512,26L2233B1-02,0,S-1-5-18,,,,,,,,,,,False,M:\Forensics\TrainingImages\AliHadi\Challenge1\tout\M\Forensics\TrainingImages\AliHadi\Challenge1\s4a-challenge4\Windows\System32\winevt\logs\System.evtx,Classic,0,"{""UserData"":{""InstallDeviceID"":{""DriverName"":""FileRepository\\machine.inf_c3c08b9d\\machine.inf"",""DriverVersion"":""6.0.6001.18000"",""DriverProvider"":""Microsoft"",""DeviceInstanceID"":""ACPI\\PNP0A03\\0"",""SetupClass"":""4d36e97d-e325-11ce-bfc1-08002be10318"",""RebootOption"":""True"",""UpgradeDevice"":""False"",""IsDriverOEM"":""False"",""InstallStatus"":""0"",""DriverDescription"":""PCI bus""}}}"
66,66,2015-08-24 06:52:12.9375000,20003,Info,Microsoft-Windows-User-PnP,System,652,1616,26L2233B1-02,0,S-1-5-18,,,,,,,,,,,False,M:\Forensics\TrainingImages\AliHadi\Challenge1\tout\M\Forensics\TrainingImages\AliHadi\Challenge1\s4a-challenge4\Windows\System32\winevt\logs\System.evtx,Classic,0,"{""UserData"":{""AddServiceID"":{""ServiceName"":""Compbatt"",""DriverFileName"":""system32\\DRIVERS\\compbatt.sys"",""DeviceInstanceID"":""ROOT\\COMPOSITE_BATTERY\\0000"",""PrimaryService"":""True"",""UpdateService"":""True"",""AddServiceStatus"":""0""}}}"
67,67,2015-08-24 06:52:13.0312500,20003,Info,Microsoft-Windows-User-PnP,System,652,1616,26L2233B1-02,0,S-1-5-18,,,,,,,,,,,False,M:\Forensics\TrainingImages\AliHadi\Challenge1\tout\M\Forensics\TrainingImages\AliHadi\Challenge1\s4a-challenge4\Windows\System32\winevt\logs\System.evtx,Classic,0,"{""UserData"":{""AddServiceID"":{""ServiceName"":""CmBatt"",""DriverFileName"":""system32\\DRIVERS\\CmBatt.sys"",""DeviceInstanceID"":""ACPI\\ACPI0003\\0"",""PrimaryService"":""True"",""UpdateService"":""False"",""AddServiceStatus"":""0""}}}"
68,68,2015-08-24 06:52:14.0468750,20001,Info,Microsoft-Windows-User-PnP,System,652,1616,26L2233B1-02,0,S-1-5-18,,,,,,,,,,,False,M:\Forensics\TrainingImages\AliHadi\Challenge1\tout\M\Forensics\TrainingImages\AliHadi\Challenge1\s4a-challenge4\Windows\System32\winevt\logs\System.evtx,Classic,0,"{""UserData"":{""InstallDeviceID"":{""DriverName"":""FileRepository\\battery.inf_267b9b23\\battery.inf"",""DriverVersion"":""6.0.6001.18000"",""DriverProvider"":""Microsoft"",""DeviceInstanceID"":""ACPI\\ACPI0003\\0"",""SetupClass"":""72631e54-78a4-11d0-bcf7-00aa00b7b32a"",""RebootOption"":""False"",""UpgradeDevice"":""False"",""IsDriverOEM"":""False"",""InstallStatus"":""0"",""DriverDescription"":""Microsoft AC Adapter""}}}"
69,69,2015-08-24 06:52:14.7031250,20003,Info,Microsoft-Windows-User-PnP,System,1756,1752,26L2233B1-02,0,S-1-5-18,,,,,,,,,,,False,M:\Forensics\TrainingImages\AliHadi\Challenge1\tout\M\Forensics\TrainingImages\AliHadi\Challenge1\s4a-challenge4\Windows\System32\winevt\logs\System.evtx,Classic,0,"{""UserData"":{""AddServiceID"":{""ServiceName"":""usbohci"",""DriverFileName"":""system32\\DRIVERS\\usbohci.sys"",""DeviceInstanceID"":""PCI\\VEN_106B&amp;DEV_003F&amp;SUBSYS_00000000&amp;REV_00\\3&amp;267A616A&amp;0&amp;30"",""PrimaryService"":""True"",""UpdateService"":""True"",""AddServiceStatus"":""0""}}}"
70,70,2015-08-24 06:52:14.9375000,20001,Info,Microsoft-Windows-User-PnP,System,1756,1752,26L2233B1-02,0,S-1-5-18,,,,,,,,,,,False,M:\Forensics\TrainingImages\AliHadi\Challenge1\tout\M\Forensics\TrainingImages\AliHadi\Challenge1\s4a-challenge4\Windows\System32\winevt\logs\System.evtx,Classic,0,"{""UserData"":{""InstallDeviceID"":{""DriverName"":""FileRepository\\usbport.inf_7ec6df1b\\usbport.inf"",""DriverVersion"":""6.0.6001.18000"",""DriverProvider"":""Microsoft"",""DeviceInstanceID"":""PCI\\VEN_106B&amp;DEV_003F&amp;SUBSYS_00000000&amp;REV_00\\3&amp;267A616A&amp;0&amp;30"",""SetupClass"":""36fc9e60-c465-11cf-8056-444553540000"",""RebootOption"":""False"",""UpgradeDevice"":""False"",""IsDriverOEM"":""False"",""InstallStatus"":""0"",""DriverDescription"":""Standard OpenHCD USB Host Controller""}}}"
71,71,2015-08-24 06:52:15.5468750,20003,Info,Microsoft-Windows-User-PnP,System,1804,1796,26L2233B1-02,0,S-1-5-18,,,,,,,,,,,False,M:\Forensics\TrainingImages\AliHadi\Challenge1\tout\M\Forensics\TrainingImages\AliHadi\Challenge1\s4a-challenge4\Windows\System32\winevt\logs\System.evtx,Classic,0,"{""UserData"":{""AddServiceID"":{""ServiceName"":""E1G60"",""DriverFileName"":""system32\\DRIVERS\\E1G60I32.sys"",""DeviceInstanceID"":""PCI\\VEN_8086&amp;DEV_100E&amp;SUBSYS_001E8086&amp;REV_02\\3&amp;267A616A&amp;0&amp;18"",""PrimaryService"":""True"",""UpdateService"":""True"",""AddServiceStatus"":""0""}}}"
72,72,2015-08-24 06:52:16.3750000,20001,Info,Microsoft-Windows-User-PnP,System,1804,1796,26L2233B1-02,0,S-1-5-18,,,,,,,,,,,False,M:\Forensics\TrainingImages\AliHadi\Challenge1\tout\M\Forensics\TrainingImages\AliHadi\Challenge1\s4a-challenge4\Windows\System32\winevt\logs\System.evtx,Classic,0,"{""UserData"":{""InstallDeviceID"":{""DriverName"":""FileRepository\\nete1g32.inf_2475e293\\nete1g32.inf"",""DriverVersion"":""8.3.2.8"",""DriverProvider"":""Microsoft"",""DeviceInstanceID"":""PCI\\VEN_8086&amp;DEV_100E&amp;SUBSYS_001E8086&amp;REV_02\\3&amp;267A616A&amp;0&amp;18"",""SetupClass"":""4d36e972-e325-11ce-bfc1-08002be10318"",""RebootOption"":""False"",""UpgradeDevice"":""False"",""IsDriverOEM"":""False"",""InstallStatus"":""0"",""DriverDescription"":""Intel(R) PRO/1000 MT Desktop Adapter""}}}"
73,73,2015-08-24 06:52:16.5468750,20001,Info,Microsoft-Windows-User-PnP,System,1832,1872,26L2233B1-02,0,S-1-5-18,,,,,,,,,,,False,M:\Forensics\TrainingImages\AliHadi\Challenge1\tout\M\Forensics\TrainingImages\AliHadi\Challenge1\s4a-challenge4\Windows\System32\winevt\logs\System.evtx,Classic,0,"{""UserData"":{""InstallDeviceID"":{""DriverName"":""FileRepository\\machine.inf_c3c08b9d\\machine.inf"",""DriverVersion"":""6.0.6001.18000"",""DriverProvider"":""Microsoft"",""DeviceInstanceID"":""PCI\\VEN_8086&amp;DEV_1237&amp;SUBSYS_00000000&amp;REV_02\\3&amp;267A616A&amp;0&amp;00"",""SetupClass"":""4d36e97d-e325-11ce-bfc1-08002be10318"",""RebootOption"":""False"",""UpgradeDevice"":""False"",""IsDriverOEM"":""False"",""InstallStatus"":""0"",""DriverDescription"":""Intel 82441FX Pentium(R) Pro Processor to PCI bridge""}}}"
74,74,2015-08-24 06:52:16.9218750,20003,Info,Microsoft-Windows-User-PnP,System,1892,1896,26L2233B1-02,0,S-1-5-18,,,,,,,,,,,False,M:\Forensics\TrainingImages\AliHadi\Challenge1\tout\M\Forensics\TrainingImages\AliHadi\Challenge1\s4a-challenge4\Windows\System32\winevt\logs\System.evtx,Classic,0,"{""UserData"":{""AddServiceID"":{""ServiceName"":""usbehci"",""DriverFileName"":""system32\\DRIVERS\\usbehci.sys"",""DeviceInstanceID"":""PCI\\VEN_8086&amp;DEV_265C&amp;SUBSYS_00000000&amp;REV_00\\3&amp;267A616A&amp;0&amp;58"",""PrimaryService"":""True"",""UpdateService"":""True"",""AddServiceStatus"":""0""}}}"
75,75,2015-08-24 06:52:16.9687500,20001,Info,Microsoft-Windows-User-PnP,System,1892,1896,26L2233B1-02,0,S-1-5-18,,,,,,,,,,,False,M:\Forensics\TrainingImages\AliHadi\Challenge1\tout\M\Forensics\TrainingImages\AliHadi\Challenge1\s4a-challenge4\Windows\System32\winevt\logs\System.evtx,Classic,0,"{""UserData"":{""InstallDeviceID"":{""DriverName"":""FileRepository\\usbport.inf_7ec6df1b\\usbport.inf"",""DriverVersion"":""6.0.6001.18000"",""DriverProvider"":""Microsoft"",""DeviceInstanceID"":""PCI\\VEN_8086&amp;DEV_265C&amp;SUBSYS_00000000&amp;REV_00\\3&amp;267A616A&amp;0&amp;58"",""SetupClass"":""36fc9e60-c465-11cf-8056-444553540000"",""RebootOption"":""False"",""UpgradeDevice"":""False"",""IsDriverOEM"":""False"",""InstallStatus"":""0"",""DriverDescription"":""Intel(R) 82801FB/FBM USB2 Enhanced Host Controller - 265C""}}}"
76,76,2015-08-24 06:52:17.2031250,4201,Info,Tcpip,System,0,0,26L2233B1-02,0,,,,,,,,,,,,False,M:\Forensics\TrainingImages\AliHadi\Challenge1\tout\M\Forensics\TrainingImages\AliHadi\Challenge1\s4a-challenge4\Windows\System32\winevt\logs\System.evtx,0x80000000000000,0,"{""EventData"":{""Data"":""Local Area Connection"",""Binary"":""00-00-00-00-02-00-2C-00-00-00-00-00-69-10-00-40-02-00-00-00-00-00-00-00-00-00-00-00-00-00-00-00-00-00-00-00-00-00-00-00""}}"
77,77,2015-08-24 06:52:17.2031250,4201,Info,Tcpip,System,0,0,26L2233B1-02,0,,,,,,,,,,,,False,M:\Forensics\TrainingImages\AliHadi\Challenge1\tout\M\Forensics\TrainingImages\AliHadi\Challenge1\s4a-challenge4\Windows\System32\winevt\logs\System.evtx,0x80000000000000,0,"{""EventData"":{""Data"":""Local Area Connection"",""Binary"":""00-00-00-00-02-00-2C-00-00-00-00-00-69-10-00-40-02-00-00-00-00-00-00-00-00-00-00-00-00-00-00-00-00-00-00-00-00-00-00-00""}}"
78,78,2015-08-24 06:52:17.6093750,20003,Info,Microsoft-Windows-User-PnP,System,1856,1852,26L2233B1-02,0,S-1-5-18,,,,,,,,,,,False,M:\Forensics\TrainingImages\AliHadi\Challenge1\tout\M\Forensics\TrainingImages\AliHadi\Challenge1\s4a-challenge4\Windows\System32\winevt\logs\System.evtx,Classic,0,"{""UserData"":{""AddServiceID"":{""ServiceName"":""HDAudBus"",""DriverFileName"":""system32\\DRIVERS\\HDAudBus.sys"",""DeviceInstanceID"":""PCI\\VEN_8086&amp;DEV_2668&amp;SUBSYS_76808384&amp;REV_01\\3&amp;267A616A&amp;0&amp;28"",""PrimaryService"":""True"",""UpdateService"":""True"",""AddServiceStatus"":""0""}}}"
79,79,2015-08-24 06:52:17.8125000,20001,Info,Microsoft-Windows-User-PnP,System,1856,1852,26L2233B1-02,0,S-1-5-18,,,,,,,,,,,False,M:\Forensics\TrainingImages\AliHadi\Challenge1\tout\M\Forensics\TrainingImages\AliHadi\Challenge1\s4a-challenge4\Windows\System32\winevt\logs\System.evtx,Classic,0,"{""UserData"":{""InstallDeviceID"":{""DriverName"":""FileRepository\\hdaudbus.inf_86b9dd22\\hdaudbus.inf"",""DriverVersion"":""6.0.6001.18000"",""DriverProvider"":""Microsoft"",""DeviceInstanceID"":""PCI\\VEN_8086&amp;DEV_2668&amp;SUBSYS_76808384&amp;REV_01\\3&amp;267A616A&amp;0&amp;28"",""SetupClass"":""4d36e97d-e325-11ce-bfc1-08002be10318"",""RebootOption"":""False"",""UpgradeDevice"":""False"",""IsDriverOEM"":""False"",""InstallStatus"":""0"",""DriverDescription"":""High Definition Audio Controller""}}}"
80,80,2015-08-24 06:52:18.7343750,20003,Info,Microsoft-Windows-User-PnP,System,1952,1960,26L2233B1-02,0,S-1-5-18,,,,,,,,,,,False,M:\Forensics\TrainingImages\AliHadi\Challenge1\tout\M\Forensics\TrainingImages\AliHadi\Challenge1\s4a-challenge4\Windows\System32\winevt\logs\System.evtx,Classic,0,"{""UserData"":{""AddServiceID"":{""ServiceName"":""msahci"",""DriverFileName"":""system32\\DRIVERS\\msahci.sys"",""DeviceInstanceID"":""PCI\\VEN_8086&amp;DEV_2829&amp;SUBSYS_00000000&amp;REV_02\\3&amp;267A616A&amp;0&amp;68"",""PrimaryService"":""True"",""UpdateService"":""True"",""AddServiceStatus"":""0""}}}"
81,81,2015-08-24 06:52:18.8125000,20001,Info,Microsoft-Windows-User-PnP,System,1952,1960,26L2233B1-02,0,S-1-5-18,,,,,,,,,,,False,M:\Forensics\TrainingImages\AliHadi\Challenge1\tout\M\Forensics\TrainingImages\AliHadi\Challenge1\s4a-challenge4\Windows\System32\winevt\logs\System.evtx,Classic,0,"{""UserData"":{""InstallDeviceID"":{""DriverName"":""FileRepository\\mshdc.inf_f8794617\\mshdc.inf"",""DriverVersion"":""6.0.6001.18000"",""DriverProvider"":""Microsoft"",""DeviceInstanceID"":""PCI\\VEN_8086&amp;DEV_2829&amp;SUBSYS_00000000&amp;REV_02\\3&amp;267A616A&amp;0&amp;68"",""SetupClass"":""4d36e96a-e325-11ce-bfc1-08002be10318"",""RebootOption"":""True"",""UpgradeDevice"":""False"",""IsDriverOEM"":""False"",""InstallStatus"":""0"",""DriverDescription"":""Standard AHCI 1.0 Serial ATA Controller""}}}"
82,82,2015-08-24 06:52:19.1718750,20003,Info,Microsoft-Windows-User-PnP,System,1976,1984,26L2233B1-02,0,S-1-5-18,,,,,,,,,,,False,M:\Forensics\TrainingImages\AliHadi\Challenge1\tout\M\Forensics\TrainingImages\AliHadi\Challenge1\s4a-challenge4\Windows\System32\winevt\logs\System.evtx,Classic,0,"{""UserData"":{""AddServiceID"":{""ServiceName"":""msisadrv"",""DriverFileName"":""system32\\DRIVERS\\msisadrv.sys"",""DeviceInstanceID"":""PCI\\VEN_8086&amp;DEV_7000&amp;SUBSYS_00000000&amp;REV_00\\3&amp;267A616A&amp;0&amp;08"",""PrimaryService"":""True"",""UpdateService"":""True"",""AddServiceStatus"":""0""}}}"
83,83,2015-08-24 06:52:19.1875000,20001,Info,Microsoft-Windows-User-PnP,System,1976,1984,26L2233B1-02,0,S-1-5-18,,,,,,,,,,,False,M:\Forensics\TrainingImages\AliHadi\Challenge1\tout\M\Forensics\TrainingImages\AliHadi\Challenge1\s4a-challenge4\Windows\System32\winevt\logs\System.evtx,Classic,0,"{""UserData"":{""InstallDeviceID"":{""DriverName"":""FileRepository\\machine.inf_c3c08b9d\\machine.inf"",""DriverVersion"":""6.0.6001.18000"",""DriverProvider"":""Microsoft"",""DeviceInstanceID"":""PCI\\VEN_8086&amp;DEV_7000&amp;SUBSYS_00000000&amp;REV_00\\3&amp;267A616A&amp;0&amp;08"",""SetupClass"":""4d36e97d-e325-11ce-bfc1-08002be10318"",""RebootOption"":""True"",""UpgradeDevice"":""False"",""IsDriverOEM"":""False"",""InstallStatus"":""0"",""DriverDescription"":""Intel 82371SB PCI to ISA bridge""}}}"
84,84,2015-08-24 06:52:19.7968750,20003,Info,Microsoft-Windows-User-PnP,System,272,2008,26L2233B1-02,0,S-1-5-18,,,,,,,,,,,False,M:\Forensics\TrainingImages\AliHadi\Challenge1\tout\M\Forensics\TrainingImages\AliHadi\Challenge1\s4a-challenge4\Windows\System32\winevt\logs\System.evtx,Classic,0,"{""UserData"":{""AddServiceID"":{""ServiceName"":""intelide"",""DriverFileName"":""system32\\DRIVERS\\intelide.sys"",""DeviceInstanceID"":""PCI\\VEN_8086&amp;DEV_7111&amp;SUBSYS_00000000&amp;REV_01\\3&amp;267A616A&amp;0&amp;09"",""PrimaryService"":""True"",""UpdateService"":""True"",""AddServiceStatus"":""0""}}}"
85,85,2015-08-24 06:52:22.0000000,10029,Info,Microsoft-Windows-DistributedCOM,System,0,0,26L2233B1-02,0,,,,,,,,,,,,False,M:\Forensics\TrainingImages\AliHadi\Challenge1\tout\M\Forensics\TrainingImages\AliHadi\Challenge1\s4a-challenge4\Windows\System32\winevt\logs\System.evtx,0x80000000000000,0,"{""EventData"":{""Data"":[{""@Name"":""param1"",""#text"":""wuauserv""},{""@Name"":""param2""},{""@Name"":""param3"",""#text"":""{9B1F122C-2982-4E91-AA8B-E071D54F2A4D}""}]}}"
86,86,2015-08-24 06:52:21.5468750,20001,Info,Microsoft-Windows-User-PnP,System,272,2008,26L2233B1-02,0,S-1-5-18,,,,,,,,,,,False,M:\Forensics\TrainingImages\AliHadi\Challenge1\tout\M\Forensics\TrainingImages\AliHadi\Challenge1\s4a-challenge4\Windows\System32\winevt\logs\System.evtx,Classic,0,"{""UserData"":{""InstallDeviceID"":{""DriverName"":""FileRepository\\mshdc.inf_f8794617\\mshdc.inf"",""DriverVersion"":""6.0.6001.18000"",""DriverProvider"":""Microsoft"",""DeviceInstanceID"":""PCI\\VEN_8086&amp;DEV_7111&amp;SUBSYS_00000000&amp;REV_01\\3&amp;267A616A&amp;0&amp;09"",""SetupClass"":""4d36e96a-e325-11ce-bfc1-08002be10318"",""RebootOption"":""False"",""UpgradeDevice"":""False"",""IsDriverOEM"":""False"",""InstallStatus"":""0"",""DriverDescription"":""Intel(R) 82371AB/EB PCI Bus Master IDE Controller""}}}"
87,87,2015-08-24 06:52:22.1406250,20003,Info,Microsoft-Windows-User-PnP,System,224,232,26L2233B1-02,0,S-1-5-18,,,,,,,,,,,False,M:\Forensics\TrainingImages\AliHadi\Challenge1\tout\M\Forensics\TrainingImages\AliHadi\Challenge1\s4a-challenge4\Windows\System32\winevt\logs\System.evtx,Classic,0,"{""UserData"":{""AddServiceID"":{""ServiceName"":""vga"",""DriverFileName"":""system32\\DRIVERS\\vgapnp.sys"",""DeviceInstanceID"":""PCI\\VEN_80EE&amp;DEV_BEEF&amp;SUBSYS_00000000&amp;REV_00\\3&amp;267A616A&amp;0&amp;10"",""PrimaryService"":""True"",""UpdateService"":""True"",""AddServiceStatus"":""0""}}}"
88,88,2015-08-24 06:52:22.3593750,20001,Info,Microsoft-Windows-User-PnP,System,224,232,26L2233B1-02,0,S-1-5-18,,,,,,,,,,,False,M:\Forensics\TrainingImages\AliHadi\Challenge1\tout\M\Forensics\TrainingImages\AliHadi\Challenge1\s4a-challenge4\Windows\System32\winevt\logs\System.evtx,Classic,0,"{""UserData"":{""InstallDeviceID"":{""DriverName"":""FileRepository\\display.inf_62805e78\\display.inf"",""DriverVersion"":""6.0.6001.18000"",""DriverProvider"":""Microsoft"",""DeviceInstanceID"":""PCI\\VEN_80EE&amp;DEV_BEEF&amp;SUBSYS_00000000&amp;REV_00\\3&amp;267A616A&amp;0&amp;10"",""SetupClass"":""4d36e968-e325-11ce-bfc1-08002be10318"",""RebootOption"":""False"",""UpgradeDevice"":""False"",""IsDriverOEM"":""False"",""InstallStatus"":""0"",""DriverDescription"":""Standard VGA Graphics Adapter""}}}"
89,89,2015-08-24 06:52:25.4531250,20001,Info,Microsoft-Windows-User-PnP,System,420,400,26L2233B1-02,0,S-1-5-18,,,,,,,,,,,False,M:\Forensics\TrainingImages\AliHadi\Challenge1\tout\M\Forensics\TrainingImages\AliHadi\Challenge1\s4a-challenge4\Windows\System32\winevt\logs\System.evtx,Classic,0,"{""UserData"":{""InstallDeviceID"":{""DriverName"":""NULL Driver"",""DriverVersion"":""0"",""DriverProvider"":"""",""DeviceInstanceID"":""PCI\\VEN_80EE&amp;DEV_CAFE&amp;SUBSYS_00000000&amp;REV_00\\3&amp;267A616A&amp;0&amp;20"",""SetupClass"":""00000000-0000-0000-0000-000000000000"",""RebootOption"":""False"",""UpgradeDevice"":""False"",""IsDriverOEM"":""False"",""InstallStatus"":""0"",""DriverDescription"":""""}}}"
90,90,2015-08-24 06:52:25.6093750,20001,Info,Microsoft-Windows-User-PnP,System,404,1564,26L2233B1-02,0,S-1-5-18,,,,,,,,,,,False,M:\Forensics\TrainingImages\AliHadi\Challenge1\tout\M\Forensics\TrainingImages\AliHadi\Challenge1\s4a-challenge4\Windows\System32\winevt\logs\System.evtx,Classic,0,"{""UserData"":{""InstallDeviceID"":{""DriverName"":""FileRepository\\machine.inf_c3c08b9d\\machine.inf"",""DriverVersion"":""6.0.6001.18000"",""DriverProvider"":""Microsoft"",""DeviceInstanceID"":""ACPI\\PNP0000\\4&amp;1D401FB5&amp;0"",""SetupClass"":""4d36e97d-e325-11ce-bfc1-08002be10318"",""RebootOption"":""False"",""UpgradeDevice"":""False"",""IsDriverOEM"":""False"",""InstallStatus"":""0"",""DriverDescription"":""Programmable interrupt controller""}}}"
91,91,2015-08-24 06:52:25.7656250,20001,Info,Microsoft-Windows-User-PnP,System,500,508,26L2233B1-02,0,S-1-5-18,,,,,,,,,,,False,M:\Forensics\TrainingImages\AliHadi\Challenge1\tout\M\Forensics\TrainingImages\AliHadi\Challenge1\s4a-challenge4\Windows\System32\winevt\logs\System.evtx,Classic,0,"{""UserData"":{""InstallDeviceID"":{""DriverName"":""FileRepository\\machine.inf_c3c08b9d\\machine.inf"",""DriverVersion"":""6.0.6001.18000"",""DriverProvider"":""Microsoft"",""DeviceInstanceID"":""ACPI\\PNP0100\\4&amp;1D401FB5&amp;0"",""SetupClass"":""4d36e97d-e325-11ce-bfc1-08002be10318"",""RebootOption"":""False"",""UpgradeDevice"":""False"",""IsDriverOEM"":""False"",""InstallStatus"":""0"",""DriverDescription"":""System timer""}}}"
92,92,2015-08-24 06:52:25.9375000,20001,Info,Microsoft-Windows-User-PnP,System,712,604,26L2233B1-02,0,S-1-5-18,,,,,,,,,,,False,M:\Forensics\TrainingImages\AliHadi\Challenge1\tout\M\Forensics\TrainingImages\AliHadi\Challenge1\s4a-challenge4\Windows\System32\winevt\logs\System.evtx,Classic,0,"{""UserData"":{""InstallDeviceID"":{""DriverName"":""FileRepository\\machine.inf_c3c08b9d\\machine.inf"",""DriverVersion"":""6.0.6001.18000"",""DriverProvider"":""Microsoft"",""DeviceInstanceID"":""ACPI\\PNP0200\\4&amp;1D401FB5&amp;0"",""SetupClass"":""4d36e97d-e325-11ce-bfc1-08002be10318"",""RebootOption"":""False"",""UpgradeDevice"":""False"",""IsDriverOEM"":""False"",""InstallStatus"":""0"",""DriverDescription"":""Direct memory access controller""}}}"
93,93,2015-08-24 06:52:26.4531250,20003,Info,Microsoft-Windows-User-PnP,System,948,928,26L2233B1-02,0,S-1-5-18,,,,,,,,,,,False,M:\Forensics\TrainingImages\AliHadi\Challenge1\tout\M\Forensics\TrainingImages\AliHadi\Challenge1\s4a-challenge4\Windows\System32\winevt\logs\System.evtx,Classic,0,"{""UserData"":{""AddServiceID"":{""ServiceName"":""i8042prt"",""DriverFileName"":""system32\\DRIVERS\\i8042prt.sys"",""DeviceInstanceID"":""ACPI\\PNP0303\\4&amp;1D401FB5&amp;0"",""PrimaryService"":""True"",""UpdateService"":""True"",""AddServiceStatus"":""0""}}}"
94,94,2015-08-24 06:52:26.4531250,20003,Info,Microsoft-Windows-User-PnP,System,948,928,26L2233B1-02,0,S-1-5-18,,,,,,,,,,,False,M:\Forensics\TrainingImages\AliHadi\Challenge1\tout\M\Forensics\TrainingImages\AliHadi\Challenge1\s4a-challenge4\Windows\System32\winevt\logs\System.evtx,Classic,0,"{""UserData"":{""AddServiceID"":{""ServiceName"":""kbdclass"",""DriverFileName"":""system32\\DRIVERS\\kbdclass.sys"",""DeviceInstanceID"":""ACPI\\PNP0303\\4&amp;1D401FB5&amp;0"",""PrimaryService"":""False"",""UpdateService"":""True"",""AddServiceStatus"":""0""}}}"
95,95,2015-08-24 06:52:26.4843750,20001,Info,Microsoft-Windows-User-PnP,System,948,928,26L2233B1-02,0,S-1-5-18,,,,,,,,,,,False,M:\Forensics\TrainingImages\AliHadi\Challenge1\tout\M\Forensics\TrainingImages\AliHadi\Challenge1\s4a-challenge4\Windows\System32\winevt\logs\System.evtx,Classic,0,"{""UserData"":{""InstallDeviceID"":{""DriverName"":""FileRepository\\keyboard.inf_c568239d\\keyboard.inf"",""DriverVersion"":""6.0.6001.18000"",""DriverProvider"":""Microsoft"",""DeviceInstanceID"":""ACPI\\PNP0303\\4&amp;1D401FB5&amp;0"",""SetupClass"":""4d36e96b-e325-11ce-bfc1-08002be10318"",""RebootOption"":""True"",""UpgradeDevice"":""False"",""IsDriverOEM"":""False"",""InstallStatus"":""0"",""DriverDescription"":""Standard PS/2 Keyboard""}}}"
96,96,2015-08-24 06:52:26.8125000,20003,Info,Microsoft-Windows-User-PnP,System,812,756,26L2233B1-02,0,S-1-5-18,,,,,,,,,,,False,M:\Forensics\TrainingImages\AliHadi\Challenge1\tout\M\Forensics\TrainingImages\AliHadi\Challenge1\s4a-challenge4\Windows\System32\winevt\logs\System.evtx,Classic,0,"{""UserData"":{""AddServiceID"":{""ServiceName"":""Parport"",""DriverFileName"":""system32\\DRIVERS\\parport.sys"",""DeviceInstanceID"":""ACPI\\PNP0400\\4&amp;1D401FB5&amp;0"",""PrimaryService"":""True"",""UpdateService"":""True"",""AddServiceStatus"":""0""}}}"
97,97,2015-08-24 06:52:26.8593750,20003,Info,Microsoft-Windows-User-PnP,System,812,756,26L2233B1-02,0,S-1-5-18,,,,,,,,,,,False,M:\Forensics\TrainingImages\AliHadi\Challenge1\tout\M\Forensics\TrainingImages\AliHadi\Challenge1\s4a-challenge4\Windows\System32\winevt\logs\System.evtx,Classic,0,"{""UserData"":{""AddServiceID"":{""ServiceName"":""Parvdm"",""DriverFileName"":""system32\\DRIVERS\\parvdm.sys"",""DeviceInstanceID"":""ACPI\\PNP0400\\4&amp;1D401FB5&amp;0"",""PrimaryService"":""False"",""UpdateService"":""True"",""AddServiceStatus"":""0""}}}"
98,98,2015-08-24 06:52:27.0781250,20001,Info,Microsoft-Windows-User-PnP,System,812,756,26L2233B1-02,0,S-1-5-18,,,,,,,,,,,False,M:\Forensics\TrainingImages\AliHadi\Challenge1\tout\M\Forensics\TrainingImages\AliHadi\Challenge1\s4a-challenge4\Windows\System32\winevt\logs\System.evtx,Classic,0,"{""UserData"":{""InstallDeviceID"":{""DriverName"":""FileRepository\\msports.inf_de3dad62\\msports.inf"",""DriverVersion"":""6.0.6001.18000"",""DriverProvider"":""Microsoft"",""DeviceInstanceID"":""ACPI\\PNP0400\\4&amp;1D401FB5&amp;0"",""SetupClass"":""4d36e978-e325-11ce-bfc1-08002be10318"",""RebootOption"":""False"",""UpgradeDevice"":""False"",""IsDriverOEM"":""False"",""InstallStatus"":""0"",""DriverDescription"":""Printer Port""}}}"
99,99,2015-08-24 06:52:27.3593750,20003,Info,Microsoft-Windows-User-PnP,System,1096,1140,26L2233B1-02,0,S-1-5-18,,,,,,,,,,,False,M:\Forensics\TrainingImages\AliHadi\Challenge1\tout\M\Forensics\TrainingImages\AliHadi\Challenge1\s4a-challenge4\Windows\System32\winevt\logs\System.evtx,Classic,0,"{""UserData"":{""AddServiceID"":{""ServiceName"":""i8042prt"",""DriverFileName"":""system32\\DRIVERS\\i8042prt.sys"",""DeviceInstanceID"":""ACPI\\PNP0F03\\4&amp;1D401FB5&amp;0"",""PrimaryService"":""True"",""UpdateService"":""True"",""AddServiceStatus"":""0""}}}"
100,100,2015-08-24 06:52:27.3593750,20003,Info,Microsoft-Windows-User-PnP,System,1096,1140,26L2233B1-02,0,S-1-5-18,,,,,,,,,,,False,M:\Forensics\TrainingImages\AliHadi\Challenge1\tout\M\Forensics\TrainingImages\AliHadi\Challenge1\s4a-challenge4\Windows\System32\winevt\logs\System.evtx,Classic,0,"{""UserData"":{""AddServiceID"":{""ServiceName"":""mouclass"",""DriverFileName"":""system32\\DRIVERS\\mouclass.sys"",""DeviceInstanceID"":""ACPI\\PNP0F03\\4&amp;1D401FB5&amp;0"",""PrimaryService"":""False"",""UpdateService"":""True"",""AddServiceStatus"":""0""}}}"
101,101,2015-08-24 06:52:27.3750000,20001,Info,Microsoft-Windows-User-PnP,System,1096,1140,26L2233B1-02,0,S-1-5-18,,,,,,,,,,,False,M:\Forensics\TrainingImages\AliHadi\Challenge1\tout\M\Forensics\TrainingImages\AliHadi\Challenge1\s4a-challenge4\Windows\System32\winevt\logs\System.evtx,Classic,0,"{""UserData"":{""InstallDeviceID"":{""DriverName"":""FileRepository\\msmouse.inf_6fb09895\\msmouse.inf"",""DriverVersion"":""6.0.6001.18000"",""DriverProvider"":""Microsoft"",""DeviceInstanceID"":""ACPI\\PNP0F03\\4&amp;1D401FB5&amp;0"",""SetupClass"":""4d36e96f-e325-11ce-bfc1-08002be10318"",""RebootOption"":""True"",""UpgradeDevice"":""False"",""IsDriverOEM"":""False"",""InstallStatus"":""0"",""DriverDescription"":""Microsoft PS/2 Mouse""}}}"
102,102,2015-08-24 06:52:29.0000000,37,Info,Microsoft-Windows-Time-Service,System,0,0,26L2233B1-02,0,,Synchronizing system time from time service,,,ServerAddress: time.windows.com,"ServerIP: time.windows.com,0x9 (ntp.m|0x9|0.0.0.0:123-&gt;23.102.23.44:123)",,,,,,False,M:\Forensics\TrainingImages\AliHadi\Challenge1\tout\M\Forensics\TrainingImages\AliHadi\Challenge1\s4a-challenge4\Windows\System32\winevt\logs\System.evtx,0x80000000000000,0,"{""EventData"":{""@Name"":""MSG_TIME_SOURCE_REACHABLE"",""Data"":{""@Name"":""TimeSource"",""#text"":""time.windows.com,0x9 (ntp.m|0x9|0.0.0.0:123-&gt;23.102.23.44:123)""}}}"
103,103,2015-08-24 06:52:29.4843750,20003,Info,Microsoft-Windows-User-PnP,System,1172,1220,26L2233B1-02,0,S-1-5-18,,,,,,,,,,,False,M:\Forensics\TrainingImages\AliHadi\Challenge1\tout\M\Forensics\TrainingImages\AliHadi\Challenge1\s4a-challenge4\Windows\System32\winevt\logs\System.evtx,Classic,0,"{""UserData"":{""AddServiceID"":{""ServiceName"":""HdAudAddService"",""DriverFileName"":""system32\\drivers\\HdAudio.sys"",""DeviceInstanceID"":""HDAUDIO\\FUNC_01&amp;VEN_8384&amp;DEV_7680&amp;SUBSYS_83847680&amp;REV_1034\\4&amp;31E60982&amp;0&amp;0001"",""PrimaryService"":""True"",""UpdateService"":""False"",""AddServiceStatus"":""0""}}}"
104,104,2015-08-24 06:52:29.9218750,20001,Info,Microsoft-Windows-User-PnP,System,1172,1220,26L2233B1-02,0,S-1-5-18,,,,,,,,,,,False,M:\Forensics\TrainingImages\AliHadi\Challenge1\tout\M\Forensics\TrainingImages\AliHadi\Challenge1\s4a-challenge4\Windows\System32\winevt\logs\System.evtx,Classic,0,"{""UserData"":{""InstallDeviceID"":{""DriverName"":""FileRepository\\hdaudio.inf_60046dd0\\hdaudio.inf"",""DriverVersion"":""6.0.6001.18000"",""DriverProvider"":""Microsoft"",""DeviceInstanceID"":""HDAUDIO\\FUNC_01&amp;VEN_8384&amp;DEV_7680&amp;SUBSYS_83847680&amp;REV_1034\\4&amp;31E60982&amp;0&amp;0001"",""SetupClass"":""4d36e96c-e325-11ce-bfc1-08002be10318"",""RebootOption"":""False"",""UpgradeDevice"":""False"",""IsDriverOEM"":""False"",""InstallStatus"":""0"",""DriverDescription"":""High Definition Audio Device""}}}"
105,105,2015-08-24 06:52:30.2187500,20003,Info,Microsoft-Windows-User-PnP,System,584,1492,26L2233B1-02,0,S-1-5-18,,,,,,,,,,,False,M:\Forensics\TrainingImages\AliHadi\Challenge1\tout\M\Forensics\TrainingImages\AliHadi\Challenge1\s4a-challenge4\Windows\System32\winevt\logs\System.evtx,Classic,0,"{""UserData"":{""AddServiceID"":{""ServiceName"":""MSPCLOCK"",""DriverFileName"":""system32\\drivers\\MSPCLOCK.sys"",""DeviceInstanceID"":""SW\\{97EBAACC-95BD-11D0-A3EA-00A0C9223196}\\{53172480-4791-11D0-A5D6-28DB04C10000}"",""PrimaryService"":""True"",""UpdateService"":""False"",""AddServiceStatus"":""0""}}}"
106,106,2015-08-24 06:52:30.2500000,20001,Info,Microsoft-Windows-User-PnP,System,584,1492,26L2233B1-02,0,S-1-5-18,,,,,,,,,,,False,M:\Forensics\TrainingImages\AliHadi\Challenge1\tout\M\Forensics\TrainingImages\AliHadi\Challenge1\s4a-challenge4\Windows\System32\winevt\logs\System.evtx,Classic,0,"{""UserData"":{""InstallDeviceID"":{""DriverName"":""FileRepository\\ksfilter.inf_488ecf36\\ksfilter.inf"",""DriverVersion"":""6.0.6001.18000"",""DriverProvider"":""Microsoft"",""DeviceInstanceID"":""SW\\{97EBAACC-95BD-11D0-A3EA-00A0C9223196}\\{53172480-4791-11D0-A5D6-28DB04C10000}"",""SetupClass"":""4d36e96c-e325-11ce-bfc1-08002be10318"",""RebootOption"":""False"",""UpgradeDevice"":""False"",""IsDriverOEM"":""False"",""InstallStatus"":""0"",""DriverDescription"":""Microsoft Streaming Clock Proxy""}}}"
107,107,2015-08-24 06:52:30.5156250,20003,Info,Microsoft-Windows-User-PnP,System,1548,1780,26L2233B1-02,0,S-1-5-18,,,,,,,,,,,False,M:\Forensics\TrainingImages\AliHadi\Challenge1\tout\M\Forensics\TrainingImages\AliHadi\Challenge1\s4a-challenge4\Windows\System32\winevt\logs\System.evtx,Classic,0,"{""UserData"":{""AddServiceID"":{""ServiceName"":""MSPQM"",""DriverFileName"":""system32\\drivers\\MSPQM.sys"",""DeviceInstanceID"":""SW\\{DDF4358E-BB2C-11D0-A42F-00A0C9223196}\\{97EBAACB-95BD-11D0-A3EA-00A0C9223196}"",""PrimaryService"":""True"",""UpdateService"":""False"",""AddServiceStatus"":""0""}}}"
108,108,2015-08-24 06:52:30.5312500,20001,Info,Microsoft-Windows-User-PnP,System,1548,1780,26L2233B1-02,0,S-1-5-18,,,,,,,,,,,False,M:\Forensics\TrainingImages\AliHadi\Challenge1\tout\M\Forensics\TrainingImages\AliHadi\Challenge1\s4a-challenge4\Windows\System32\winevt\logs\System.evtx,Classic,0,"{""UserData"":{""InstallDeviceID"":{""DriverName"":""FileRepository\\ksfilter.inf_488ecf36\\ksfilter.inf"",""DriverVersion"":""6.0.6001.18000"",""DriverProvider"":""Microsoft"",""DeviceInstanceID"":""SW\\{DDF4358E-BB2C-11D0-A42F-00A0C9223196}\\{97EBAACB-95BD-11D0-A3EA-00A0C9223196}"",""SetupClass"":""4d36e96c-e325-11ce-bfc1-08002be10318"",""RebootOption"":""False"",""UpgradeDevice"":""False"",""IsDriverOEM"":""False"",""InstallStatus"":""0"",""DriverDescription"":""Microsoft Streaming Quality Manager Proxy""}}}"
109,109,2015-08-24 06:52:30.7187500,20003,Info,Microsoft-Windows-User-PnP,System,784,384,26L2233B1-02,0,S-1-5-18,,,,,,,,,,,False,M:\Forensics\TrainingImages\AliHadi\Challenge1\tout\M\Forensics\TrainingImages\AliHadi\Challenge1\s4a-challenge4\Windows\System32\winevt\logs\System.evtx,Classic,0,"{""UserData"":{""AddServiceID"":{""ServiceName"":""MSKSSRV"",""DriverFileName"":""system32\\drivers\\MSKSSRV.sys"",""DeviceInstanceID"":""SW\\{96E080C7-143C-11D1-B40F-00A0C9223196}\\{3C0D501A-140B-11D1-B40F-00A0C9223196}"",""PrimaryService"":""True"",""UpdateService"":""False"",""AddServiceStatus"":""0""}}}"
110,110,2015-08-24 06:52:30.7343750,20001,Info,Microsoft-Windows-User-PnP,System,784,384,26L2233B1-02,0,S-1-5-18,,,,,,,,,,,False,M:\Forensics\TrainingImages\AliHadi\Challenge1\tout\M\Forensics\TrainingImages\AliHadi\Challenge1\s4a-challenge4\Windows\System32\winevt\logs\System.evtx,Classic,0,"{""UserData"":{""InstallDeviceID"":{""DriverName"":""FileRepository\\ksfilter.inf_488ecf36\\ksfilter.inf"",""DriverVersion"":""6.0.6001.18000"",""DriverProvider"":""Microsoft"",""DeviceInstanceID"":""SW\\{96E080C7-143C-11D1-B40F-00A0C9223196}\\{3C0D501A-140B-11D1-B40F-00A0C9223196}"",""SetupClass"":""4d36e96c-e325-11ce-bfc1-08002be10318"",""RebootOption"":""False"",""UpgradeDevice"":""False"",""IsDriverOEM"":""False"",""InstallStatus"":""0"",""DriverDescription"":""Microsoft Streaming Service Proxy""}}}"
111,111,2015-08-24 06:52:30.9843750,20003,Info,Microsoft-Windows-User-PnP,System,1580,1036,26L2233B1-02,0,S-1-5-18,,,,,,,,,,,False,M:\Forensics\TrainingImages\AliHadi\Challenge1\tout\M\Forensics\TrainingImages\AliHadi\Challenge1\s4a-challenge4\Windows\System32\winevt\logs\System.evtx,Classic,0,"{""UserData"":{""AddServiceID"":{""ServiceName"":""MSTEE"",""DriverFileName"":""system32\\drivers\\MSTEE.sys"",""DeviceInstanceID"":""SW\\{CFD669F1-9BC2-11D0-8299-0000F822FE8A}\\{CF1DDA2C-9743-11D0-A3EE-00A0C9223196}"",""PrimaryService"":""True"",""UpdateService"":""False"",""AddServiceStatus"":""0""}}}"
112,112,2015-08-24 06:52:31.0000000,20001,Info,Microsoft-Windows-User-PnP,System,1580,1036,26L2233B1-02,0,S-1-5-18,,,,,,,,,,,False,M:\Forensics\TrainingImages\AliHadi\Challenge1\tout\M\Forensics\TrainingImages\AliHadi\Challenge1\s4a-challenge4\Windows\System32\winevt\logs\System.evtx,Classic,0,"{""UserData"":{""InstallDeviceID"":{""DriverName"":""FileRepository\\ksfilter.inf_488ecf36\\ksfilter.inf"",""DriverVersion"":""6.0.6001.18000"",""DriverProvider"":""Microsoft"",""DeviceInstanceID"":""SW\\{CFD669F1-9BC2-11D0-8299-0000F822FE8A}\\{CF1DDA2C-9743-11D0-A3EE-00A0C9223196}"",""SetupClass"":""4d36e96c-e325-11ce-bfc1-08002be10318"",""RebootOption"":""False"",""UpgradeDevice"":""False"",""IsDriverOEM"":""False"",""InstallStatus"":""0"",""DriverDescription"":""Microsoft Streaming Tee/Sink-to-Sink Converter""}}}"
113,113,2015-08-24 06:52:31.1718750,20003,Info,Microsoft-Windows-User-PnP,System,1760,1736,26L2233B1-02,0,S-1-5-18,,,,,,,,,,,False,M:\Forensics\TrainingImages\AliHadi\Challenge1\tout\M\Forensics\TrainingImages\AliHadi\Challenge1\s4a-challenge4\Windows\System32\winevt\logs\System.evtx,Classic,0,"{""UserData"":{""AddServiceID"":{""ServiceName"":""MSTEE"",""DriverFileName"":""system32\\drivers\\MSTEE.sys"",""DeviceInstanceID"":""SW\\{CFD669F1-9BC2-11D0-8299-0000F822FE8A}\\{0A4252A0-7E70-11D0-A5D6-28DB04C10000}"",""PrimaryService"":""True"",""UpdateService"":""True"",""AddServiceStatus"":""0""}}}"
114,114,2015-08-24 06:52:31.1875000,20001,Info,Microsoft-Windows-User-PnP,System,1760,1736,26L2233B1-02,0,S-1-5-18,,,,,,,,,,,False,M:\Forensics\TrainingImages\AliHadi\Challenge1\tout\M\Forensics\TrainingImages\AliHadi\Challenge1\s4a-challenge4\Windows\System32\winevt\logs\System.evtx,Classic,0,"{""UserData"":{""InstallDeviceID"":{""DriverName"":""FileRepository\\ksfilter.inf_488ecf36\\ksfilter.inf"",""DriverVersion"":""6.0.6001.18000"",""DriverProvider"":""Microsoft"",""DeviceInstanceID"":""SW\\{CFD669F1-9BC2-11D0-8299-0000F822FE8A}\\{0A4252A0-7E70-11D0-A5D6-28DB04C10000}"",""SetupClass"":""4d36e96c-e325-11ce-bfc1-08002be10318"",""RebootOption"":""False"",""UpgradeDevice"":""False"",""IsDriverOEM"":""False"",""InstallStatus"":""0"",""DriverDescription"":""Microsoft Streaming Tee/Sink-to-Sink Converter""}}}"
115,115,2015-08-24 06:52:31.4687500,20003,Info,Microsoft-Windows-User-PnP,System,660,644,26L2233B1-02,0,S-1-5-18,,,,,,,,,,,False,M:\Forensics\TrainingImages\AliHadi\Challenge1\tout\M\Forensics\TrainingImages\AliHadi\Challenge1\s4a-challenge4\Windows\System32\winevt\logs\System.evtx,Classic,0,"{""UserData"":{""AddServiceID"":{""ServiceName"":""drmkaud"",""DriverFileName"":""system32\\drivers\\drmkaud.sys"",""DeviceInstanceID"":""SW\\{EEC12DB6-AD9C-4168-8658-B03DAEF417FE}\\{ABD61E00-9350-47E2-A632-4438B90C6641}"",""PrimaryService"":""True"",""UpdateService"":""False"",""AddServiceStatus"":""0""}}}"
116,116,2015-08-24 06:52:31.5312500,20001,Info,Microsoft-Windows-User-PnP,System,660,644,26L2233B1-02,0,S-1-5-18,,,,,,,,,,,False,M:\Forensics\TrainingImages\AliHadi\Challenge1\tout\M\Forensics\TrainingImages\AliHadi\Challenge1\s4a-challenge4\Windows\System32\winevt\logs\System.evtx,Classic,0,"{""UserData"":{""InstallDeviceID"":{""DriverName"":""FileRepository\\wdmaudio.inf_464a4eec\\wdmaudio.inf"",""DriverVersion"":""6.0.6001.18000"",""DriverProvider"":""Microsoft"",""DeviceInstanceID"":""SW\\{EEC12DB6-AD9C-4168-8658-B03DAEF417FE}\\{ABD61E00-9350-47E2-A632-4438B90C6641}"",""SetupClass"":""4d36e96c-e325-11ce-bfc1-08002be10318"",""RebootOption"":""False"",""UpgradeDevice"":""False"",""IsDriverOEM"":""False"",""InstallStatus"":""0"",""DriverDescription"":""Microsoft Kernel DRM Audio Descrambler""}}}"
117,117,2015-08-24 06:52:31.9218750,20003,Info,Microsoft-Windows-User-PnP,System,1788,1792,26L2233B1-02,0,S-1-5-18,,,,,,,,,,,False,M:\Forensics\TrainingImages\AliHadi\Challenge1\tout\M\Forensics\TrainingImages\AliHadi\Challenge1\s4a-challenge4\Windows\System32\winevt\logs\System.evtx,Classic,0,"{""UserData"":{""AddServiceID"":{""ServiceName"":""atapi"",""DriverFileName"":""system32\\DRIVERS\\atapi.sys"",""DeviceInstanceID"":""PCIIDE\\IDECHANNEL\\4&amp;2617AEAE&amp;0&amp;0"",""PrimaryService"":""True"",""UpdateService"":""True"",""AddServiceStatus"":""0""}}}"
118,118,2015-08-24 06:52:31.9375000,20001,Info,Microsoft-Windows-User-PnP,System,1788,1792,26L2233B1-02,0,S-1-5-18,,,,,,,,,,,False,M:\Forensics\TrainingImages\AliHadi\Challenge1\tout\M\Forensics\TrainingImages\AliHadi\Challenge1\s4a-challenge4\Windows\System32\winevt\logs\System.evtx,Classic,0,"{""UserData"":{""InstallDeviceID"":{""DriverName"":""FileRepository\\mshdc.inf_f8794617\\mshdc.inf"",""DriverVersion"":""6.0.6001.18000"",""DriverProvider"":""Microsoft"",""DeviceInstanceID"":""PCIIDE\\IDECHANNEL\\4&amp;2617AEAE&amp;0&amp;0"",""SetupClass"":""4d36e96a-e325-11ce-bfc1-08002be10318"",""RebootOption"":""True"",""UpgradeDevice"":""False"",""IsDriverOEM"":""False"",""InstallStatus"":""0"",""DriverDescription"":""IDE Channel""}}}"
119,119,2015-08-24 06:52:32.2968750,20003,Info,Microsoft-Windows-User-PnP,System,1880,1876,26L2233B1-02,0,S-1-5-18,,,,,,,,,,,False,M:\Forensics\TrainingImages\AliHadi\Challenge1\tout\M\Forensics\TrainingImages\AliHadi\Challenge1\s4a-challenge4\Windows\System32\winevt\logs\System.evtx,Classic,0,"{""UserData"":{""AddServiceID"":{""ServiceName"":""atapi"",""DriverFileName"":""system32\\DRIVERS\\atapi.sys"",""DeviceInstanceID"":""PCIIDE\\IDECHANNEL\\4&amp;2F42C713&amp;0&amp;0"",""PrimaryService"":""True"",""UpdateService"":""True"",""AddServiceStatus"":""0""}}}"
