383,383,2015-08-23 21:25:28.0000000,4371,Info,Microsoft-Windows-Servicing,System,0,0,WIN-L0ZZQ76PMUF,2,S-1-5-21-3848053756-3249532031-1848221756-500,,,,,,,,,,,False,M:\Forensics\TrainingImages\AliHadi\Challenge1\tout\M\Forensics\TrainingImages\AliHadi\Challenge1\s4a-challenge4\Windows\System32\winevt\logs\System.evtx,0x80000000000000,0,"{""UserData"":{""CbsPackageInitiateChanges"":{""PackageIdentifier"":""OfflineFiles-Package"",""ReleaseType"":""Feature Pack"",""InitialPackageState"":""Installed"",""IntendedPackageState"":""Installed"",""PackageAssembly"":""Microsoft-Windows-OfflineFiles-Package~31bf3856ad364e35~x86~~6.0.6001.18000"",""Client"":""RMT"",""SupportInformation"":""http://support.microsoft.com""}}}"
384,384,2015-08-23 21:25:28.0000000,4371,Info,Microsoft-Windows-Servicing,System,0,0,WIN-L0ZZQ76PMUF,2,S-1-5-21-3848053756-3249532031-1848221756-500,,,,,,,,,,,False,M:\Forensics\TrainingImages\AliHadi\Challenge1\tout\M\Forensics\TrainingImages\AliHadi\Challenge1\s4a-challenge4\Windows\System32\winevt\logs\System.evtx,0x80000000000000,0,"{""UserData"":{""CbsPackageInitiateChanges"":{""PackageIdentifier"":""OfflineFiles-Package_en-US"",""ReleaseType"":""Language Pack"",""InitialPackageState"":""Installed"",""IntendedPackageState"":""Installed"",""PackageAssembly"":""Microsoft-Windows-OfflineFiles-Package~31bf3856ad364e35~x86~en-US~6.0.6001.18000"",""Client"":""RMT"",""SupportInformation"":""http://support.microsoft.com""}}}"
385,385,2015-08-23 21:25:28.0000000,4371,Info,Microsoft-Windows-Servicing,System,0,0,WIN-L0ZZQ76PMUF,2,S-1-5-21-3848053756-3249532031-1848221756-500,,,,,,,,,,,False,M:\Forensics\TrainingImages\AliHadi\Challenge1\tout\M\Forensics\TrainingImages\AliHadi\Challenge1\s4a-challenge4\Windows\System32\winevt\logs\System.evtx,0x80000000000000,0,"{""UserData"":{""CbsPackageInitiateChanges"":{""PackageIdentifier"":""EAPHost-Authenticator"",""ReleaseType"":""Feature Pack"",""InitialPackageState"":""Installed"",""IntendedPackageState"":""Installed"",""PackageAssembly"":""Microsoft-Windows-Extensible-Authentication-Protocol-Host-Authenticator-Package~31bf3856ad364e35~x86~~6.0.6001.18000"",""Client"":""RMT"",""SupportInformation"":""""}}}"
386,386,2015-08-23 21:25:28.0000000,4371,Info,Microsoft-Windows-Servicing,System,0,0,WIN-L0ZZQ76PMUF,2,S-1-5-21-3848053756-3249532031-1848221756-500,,,,,,,,,,,False,M:\Forensics\TrainingImages\AliHadi\Challenge1\tout\M\Forensics\TrainingImages\AliHadi\Challenge1\s4a-challenge4\Windows\System32\winevt\logs\System.evtx,0x80000000000000,0,"{""UserData"":{""CbsPackageInitiateChanges"":{""PackageIdentifier"":""EAPHost-Authenticator_en-US"",""ReleaseType"":""Language Pack"",""InitialPackageState"":""Installed"",""IntendedPackageState"":""Installed"",""PackageAssembly"":""Microsoft-Windows-Extensible-Authentication-Protocol-Host-Authenticator-Package~31bf3856ad364e35~x86~en-US~6.0.6001.18000"",""Client"":""RMT"",""SupportInformation"":""""}}}"
387,387,2015-08-23 21:25:28.0000000,4371,Info,Microsoft-Windows-Servicing,System,0,0,WIN-L0ZZQ76PMUF,2,S-1-5-21-3848053756-3249532031-1848221756-500,,,,,,,,,,,False,M:\Forensics\TrainingImages\AliHadi\Challenge1\tout\M\Forensics\TrainingImages\AliHadi\Challenge1\s4a-challenge4\Windows\System32\winevt\logs\System.evtx,0x80000000000000,0,"{""UserData"":{""CbsPackageInitiateChanges"":{""PackageIdentifier"":""International-Core-Locale-NLS-Server2008"",""ReleaseType"":""Feature Pack"",""InitialPackageState"":""Installed"",""IntendedPackageState"":""Installed"",""PackageAssembly"":""Microsoft-Windows-International-Core-Locale-NLS-Server2008-Package~31bf3856ad364e35~x86~~6.0.6001.18000"",""Client"":""RMT"",""SupportInformation"":""""}}}"
388,388,2015-08-23 21:25:28.0000000,4371,Info,Microsoft-Windows-Servicing,System,0,0,WIN-L0ZZQ76PMUF,2,S-1-5-21-3848053756-3249532031-1848221756-500,,,,,,,,,,,False,M:\Forensics\TrainingImages\AliHadi\Challenge1\tout\M\Forensics\TrainingImages\AliHadi\Challenge1\s4a-challenge4\Windows\System32\winevt\logs\System.evtx,0x80000000000000,0,"{""UserData"":{""CbsPackageInitiateChanges"":{""PackageIdentifier"":""BSES Namespace"",""ReleaseType"":""Feature Pack"",""InitialPackageState"":""Installed"",""IntendedPackageState"":""Installed"",""PackageAssembly"":""Microsoft-Windows-Branding-SE-Server-Package~31bf3856ad364e35~x86~~6.0.6001.18000"",""Client"":""RMT"",""SupportInformation"":""""}}}"
389,389,2015-08-23 21:25:28.0000000,4371,Info,Microsoft-Windows-Servicing,System,0,0,WIN-L0ZZQ76PMUF,2,S-1-5-21-3848053756-3249532031-1848221756-500,,,,,,,,,,,False,M:\Forensics\TrainingImages\AliHadi\Challenge1\tout\M\Forensics\TrainingImages\AliHadi\Challenge1\s4a-challenge4\Windows\System32\winevt\logs\System.evtx,0x80000000000000,0,"{""UserData"":{""CbsPackageInitiateChanges"":{""PackageIdentifier"":""BSES Namespace_en-US"",""ReleaseType"":""Language Pack"",""InitialPackageState"":""Installed"",""IntendedPackageState"":""Installed"",""PackageAssembly"":""Microsoft-Windows-Branding-SE-Server-Package~31bf3856ad364e35~x86~en-US~6.0.6001.18000"",""Client"":""RMT"",""SupportInformation"":""""}}}"
390,390,2015-08-23 21:25:28.0000000,4371,Info,Microsoft-Windows-Servicing,System,0,0,WIN-L0ZZQ76PMUF,2,S-1-5-21-3848053756-3249532031-1848221756-500,,,,,,,,,,,False,M:\Forensics\TrainingImages\AliHadi\Challenge1\tout\M\Forensics\TrainingImages\AliHadi\Challenge1\s4a-challenge4\Windows\System32\winevt\logs\System.evtx,0x80000000000000,0,"{""UserData"":{""CbsPackageInitiateChanges"":{""PackageIdentifier"":""SUA-Package"",""ReleaseType"":""Feature Pack"",""InitialPackageState"":""Installed"",""IntendedPackageState"":""Installed"",""PackageAssembly"":""Microsoft-Windows-SUA-Package~31bf3856ad364e35~x86~~6.0.6001.18000"",""Client"":""RMT"",""SupportInformation"":""""}}}"
391,391,2015-08-23 21:25:28.0000000,4371,Info,Microsoft-Windows-Servicing,System,0,0,WIN-L0ZZQ76PMUF,2,S-1-5-21-3848053756-3249532031-1848221756-500,,,,,,,,,,,False,M:\Forensics\TrainingImages\AliHadi\Challenge1\tout\M\Forensics\TrainingImages\AliHadi\Challenge1\s4a-challenge4\Windows\System32\winevt\logs\System.evtx,0x80000000000000,0,"{""UserData"":{""CbsPackageInitiateChanges"":{""PackageIdentifier"":""SUA-Package_en-US"",""ReleaseType"":""Language Pack"",""InitialPackageState"":""Installed"",""IntendedPackageState"":""Installed"",""PackageAssembly"":""Microsoft-Windows-SUA-Package~31bf3856ad364e35~x86~en-US~6.0.6001.18000"",""Client"":""RMT"",""SupportInformation"":""""}}}"
392,392,2015-08-23 21:25:28.0000000,4371,Info,Microsoft-Windows-Servicing,System,0,0,WIN-L0ZZQ76PMUF,2,S-1-5-21-3848053756-3249532031-1848221756-500,,,,,,,,,,,False,M:\Forensics\TrainingImages\AliHadi\Challenge1\tout\M\Forensics\TrainingImages\AliHadi\Challenge1\s4a-challenge4\Windows\System32\winevt\logs\System.evtx,0x80000000000000,0,"{""UserData"":{""CbsPackageInitiateChanges"":{""PackageIdentifier"":""AdminUi-Package"",""ReleaseType"":""Feature Pack"",""InitialPackageState"":""Installed"",""IntendedPackageState"":""Installed"",""PackageAssembly"":""Microsoft-Windows-AdminUi-Package~31bf3856ad364e35~x86~~6.0.6001.18000"",""Client"":""RMT"",""SupportInformation"":""""}}}"
393,393,2015-08-23 21:25:28.0000000,4371,Info,Microsoft-Windows-Servicing,System,0,0,WIN-L0ZZQ76PMUF,2,S-1-5-21-3848053756-3249532031-1848221756-500,,,,,,,,,,,False,M:\Forensics\TrainingImages\AliHadi\Challenge1\tout\M\Forensics\TrainingImages\AliHadi\Challenge1\s4a-challenge4\Windows\System32\winevt\logs\System.evtx,0x80000000000000,0,"{""UserData"":{""CbsPackageInitiateChanges"":{""PackageIdentifier"":""AdminUi-Package_en-US"",""ReleaseType"":""Language Pack"",""InitialPackageState"":""Installed"",""IntendedPackageState"":""Installed"",""PackageAssembly"":""Microsoft-Windows-AdminUi-Package~31bf3856ad364e35~x86~en-US~6.0.6001.18000"",""Client"":""RMT"",""SupportInformation"":""""}}}"
394,394,2015-08-23 21:25:28.0000000,4371,Info,Microsoft-Windows-Servicing,System,0,0,WIN-L0ZZQ76PMUF,2,S-1-5-21-3848053756-3249532031-1848221756-500,,,,,,,,,,,False,M:\Forensics\TrainingImages\AliHadi\Challenge1\tout\M\Forensics\TrainingImages\AliHadi\Challenge1\s4a-challenge4\Windows\System32\winevt\logs\System.evtx,0x80000000000000,0,"{""UserData"":{""CbsPackageInitiateChanges"":{""PackageIdentifier"":""NIS-Package"",""ReleaseType"":""Feature Pack"",""InitialPackageState"":""Installed"",""IntendedPackageState"":""Installed"",""PackageAssembly"":""Microsoft-Windows-NIS-Package~31bf3856ad364e35~x86~~6.0.6001.18000"",""Client"":""RMT"",""SupportInformation"":""""}}}"
395,395,2015-08-23 21:25:28.0000000,4371,Info,Microsoft-Windows-Servicing,System,0,0,WIN-L0ZZQ76PMUF,2,S-1-5-21-3848053756-3249532031-1848221756-500,,,,,,,,,,,False,M:\Forensics\TrainingImages\AliHadi\Challenge1\tout\M\Forensics\TrainingImages\AliHadi\Challenge1\s4a-challenge4\Windows\System32\winevt\logs\System.evtx,0x80000000000000,0,"{""UserData"":{""CbsPackageInitiateChanges"":{""PackageIdentifier"":""NIS-Package_en-US"",""ReleaseType"":""Language Pack"",""InitialPackageState"":""Installed"",""IntendedPackageState"":""Installed"",""PackageAssembly"":""Microsoft-Windows-NIS-Package~31bf3856ad364e35~x86~en-US~6.0.6001.18000"",""Client"":""RMT"",""SupportInformation"":""""}}}"
396,396,2015-08-23 21:25:28.0000000,4371,Info,Microsoft-Windows-Servicing,System,0,0,WIN-L0ZZQ76PMUF,2,S-1-5-21-3848053756-3249532031-1848221756-500,,,,,,,,,,,False,M:\Forensics\TrainingImages\AliHadi\Challenge1\tout\M\Forensics\TrainingImages\AliHadi\Challenge1\s4a-challenge4\Windows\System32\winevt\logs\System.evtx,0x80000000000000,0,"{""UserData"":{""CbsPackageInitiateChanges"":{""PackageIdentifier"":""RSAT-NIS-Package"",""ReleaseType"":""Feature Pack"",""InitialPackageState"":""Installed"",""IntendedPackageState"":""Installed"",""PackageAssembly"":""Microsoft-Windows-RSAT-NIS-Package~31bf3856ad364e35~x86~~6.0.6001.18000"",""Client"":""RMT"",""SupportInformation"":""""}}}"
397,397,2015-08-23 21:25:29.0000000,4371,Info,Microsoft-Windows-Servicing,System,0,0,WIN-L0ZZQ76PMUF,2,S-1-5-21-3848053756-3249532031-1848221756-500,,,,,,,,,,,False,M:\Forensics\TrainingImages\AliHadi\Challenge1\tout\M\Forensics\TrainingImages\AliHadi\Challenge1\s4a-challenge4\Windows\System32\winevt\logs\System.evtx,0x80000000000000,0,"{""UserData"":{""CbsPackageInitiateChanges"":{""PackageIdentifier"":""RSAT-NIS-Package_en-US"",""ReleaseType"":""Language Pack"",""InitialPackageState"":""Installed"",""IntendedPackageState"":""Installed"",""PackageAssembly"":""Microsoft-Windows-RSAT-NIS-Package~31bf3856ad364e35~x86~en-US~6.0.6001.18000"",""Client"":""RMT"",""SupportInformation"":""""}}}"
398,398,2015-08-23 21:25:29.0000000,4371,Info,Microsoft-Windows-Servicing,System,0,0,WIN-L0ZZQ76PMUF,2,S-1-5-21-3848053756-3249532031-1848221756-500,,,,,,,,,,,False,M:\Forensics\TrainingImages\AliHadi\Challenge1\tout\M\Forensics\TrainingImages\AliHadi\Challenge1\s4a-challenge4\Windows\System32\winevt\logs\System.evtx,0x80000000000000,0,"{""UserData"":{""CbsPackageInitiateChanges"":{""PackageIdentifier"":""PSync-Package"",""ReleaseType"":""Feature Pack"",""InitialPackageState"":""Installed"",""IntendedPackageState"":""Installed"",""PackageAssembly"":""Microsoft-Windows-PSync-Package~31bf3856ad364e35~x86~~6.0.6001.18000"",""Client"":""RMT"",""SupportInformation"":""""}}}"
399,399,2015-08-23 21:25:29.0000000,4371,Info,Microsoft-Windows-Servicing,System,0,0,WIN-L0ZZQ76PMUF,2,S-1-5-21-3848053756-3249532031-1848221756-500,,,,,,,,,,,False,M:\Forensics\TrainingImages\AliHadi\Challenge1\tout\M\Forensics\TrainingImages\AliHadi\Challenge1\s4a-challenge4\Windows\System32\winevt\logs\System.evtx,0x80000000000000,0,"{""UserData"":{""CbsPackageInitiateChanges"":{""PackageIdentifier"":""PSync-Package_en-US"",""ReleaseType"":""Language Pack"",""InitialPackageState"":""Installed"",""IntendedPackageState"":""Installed"",""PackageAssembly"":""Microsoft-Windows-PSync-Package~31bf3856ad364e35~x86~en-US~6.0.6001.18000"",""Client"":""RMT"",""SupportInformation"":""""}}}"
400,400,2015-08-23 21:25:29.0000000,4371,Info,Microsoft-Windows-Servicing,System,0,0,WIN-L0ZZQ76PMUF,2,S-1-5-21-3848053756-3249532031-1848221756-500,,,,,,,,,,,False,M:\Forensics\TrainingImages\AliHadi\Challenge1\tout\M\Forensics\TrainingImages\AliHadi\Challenge1\s4a-challenge4\Windows\System32\winevt\logs\System.evtx,0x80000000000000,0,"{""UserData"":{""CbsPackageInitiateChanges"":{""PackageIdentifier"":""RemoteAssistance"",""ReleaseType"":""Feature Pack"",""InitialPackageState"":""Installed"",""IntendedPackageState"":""Installed"",""PackageAssembly"":""Microsoft-Windows-RemoteAssistance-Package-Server~31bf3856ad364e35~x86~~6.0.6001.18000"",""Client"":""RMT"",""SupportInformation"":""http://support.microsoft.com""}}}"
401,401,2015-08-23 21:25:29.0000000,4371,Info,Microsoft-Windows-Servicing,System,0,0,WIN-L0ZZQ76PMUF,2,S-1-5-21-3848053756-3249532031-1848221756-500,,,,,,,,,,,False,M:\Forensics\TrainingImages\AliHadi\Challenge1\tout\M\Forensics\TrainingImages\AliHadi\Challenge1\s4a-challenge4\Windows\System32\winevt\logs\System.evtx,0x80000000000000,0,"{""UserData"":{""CbsPackageInitiateChanges"":{""PackageIdentifier"":""RemoteAssistance_en-US"",""ReleaseType"":""Language Pack"",""InitialPackageState"":""Installed"",""IntendedPackageState"":""Installed"",""PackageAssembly"":""Microsoft-Windows-RemoteAssistance-Package-Server~31bf3856ad364e35~x86~en-US~6.0.6001.18000"",""Client"":""RMT"",""SupportInformation"":""http://support.microsoft.com""}}}"
402,402,2015-08-23 21:25:29.0000000,4371,Info,Microsoft-Windows-Servicing,System,0,0,WIN-L0ZZQ76PMUF,2,S-1-5-21-3848053756-3249532031-1848221756-500,,,,,,,,,,,False,M:\Forensics\TrainingImages\AliHadi\Challenge1\tout\M\Forensics\TrainingImages\AliHadi\Challenge1\s4a-challenge4\Windows\System32\winevt\logs\System.evtx,0x80000000000000,0,"{""UserData"":{""CbsPackageInitiateChanges"":{""PackageIdentifier"":""FaxServer"",""ReleaseType"":""Feature Pack"",""InitialPackageState"":""Installed"",""IntendedPackageState"":""Installed"",""PackageAssembly"":""Microsoft-Windows-Fax-Server-Package~31bf3856ad364e35~x86~~6.0.6001.18000"",""Client"":""RMT"",""SupportInformation"":""""}}}"
403,403,2015-08-23 21:25:29.0000000,4371,Info,Microsoft-Windows-Servicing,System,0,0,WIN-L0ZZQ76PMUF,2,S-1-5-21-3848053756-3249532031-1848221756-500,,,,,,,,,,,False,M:\Forensics\TrainingImages\AliHadi\Challenge1\tout\M\Forensics\TrainingImages\AliHadi\Challenge1\s4a-challenge4\Windows\System32\winevt\logs\System.evtx,0x80000000000000,0,"{""UserData"":{""CbsPackageInitiateChanges"":{""PackageIdentifier"":""FaxServer_en-US"",""ReleaseType"":""Language Pack"",""InitialPackageState"":""Installed"",""IntendedPackageState"":""Installed"",""PackageAssembly"":""Microsoft-Windows-Fax-Server-Package~31bf3856ad364e35~x86~en-US~6.0.6001.18000"",""Client"":""RMT"",""SupportInformation"":""""}}}"
404,404,2015-08-23 21:25:29.0000000,4371,Info,Microsoft-Windows-Servicing,System,0,0,WIN-L0ZZQ76PMUF,2,S-1-5-21-3848053756-3249532031-1848221756-500,,,,,,,,,,,False,M:\Forensics\TrainingImages\AliHadi\Challenge1\tout\M\Forensics\TrainingImages\AliHadi\Challenge1\s4a-challenge4\Windows\System32\winevt\logs\System.evtx,0x80000000000000,0,"{""UserData"":{""CbsPackageInitiateChanges"":{""PackageIdentifier"":""Microsoft-Windows-Printing-Server-Role-Package"",""ReleaseType"":""Feature Pack"",""InitialPackageState"":""Installed"",""IntendedPackageState"":""Installed"",""PackageAssembly"":""Microsoft-Windows-Printing-Server-Role-Package~31bf3856ad364e35~x86~~6.0.6001.18000"",""Client"":""RMT"",""SupportInformation"":""http://support.microsoft.com""}}}"
405,405,2015-08-23 21:25:29.0000000,4371,Info,Microsoft-Windows-Servicing,System,0,0,WIN-L0ZZQ76PMUF,2,S-1-5-21-3848053756-3249532031-1848221756-500,,,,,,,,,,,False,M:\Forensics\TrainingImages\AliHadi\Challenge1\tout\M\Forensics\TrainingImages\AliHadi\Challenge1\s4a-challenge4\Windows\System32\winevt\logs\System.evtx,0x80000000000000,0,"{""UserData"":{""CbsPackageInitiateChanges"":{""PackageIdentifier"":""Microsoft-Windows-Printing-PremiumTools-Package"",""ReleaseType"":""Feature Pack"",""InitialPackageState"":""Staged"",""IntendedPackageState"":""Staged"",""PackageAssembly"":""Microsoft-Windows-Printing-PremiumTools-Package~31bf3856ad364e35~x86~~6.0.6001.18000"",""Client"":""RMT"",""SupportInformation"":""http://support.microsoft.com""}}}"
406,406,2015-08-23 21:25:29.0000000,4371,Info,Microsoft-Windows-Servicing,System,0,0,WIN-L0ZZQ76PMUF,2,S-1-5-21-3848053756-3249532031-1848221756-500,,,,,,,,,,,False,M:\Forensics\TrainingImages\AliHadi\Challenge1\tout\M\Forensics\TrainingImages\AliHadi\Challenge1\s4a-challenge4\Windows\System32\winevt\logs\System.evtx,0x80000000000000,0,"{""UserData"":{""CbsPackageInitiateChanges"":{""PackageIdentifier"":""FaxServer"",""ReleaseType"":""Feature Pack"",""InitialPackageState"":""Installed"",""IntendedPackageState"":""Installed"",""PackageAssembly"":""Microsoft-Windows-Fax-Server-Package~31bf3856ad364e35~x86~~6.0.6001.18000"",""Client"":""RMT"",""SupportInformation"":""""}}}"
407,407,2015-08-23 21:25:29.0000000,4371,Info,Microsoft-Windows-Servicing,System,0,0,WIN-L0ZZQ76PMUF,2,S-1-5-21-3848053756-3249532031-1848221756-500,,,,,,,,,,,False,M:\Forensics\TrainingImages\AliHadi\Challenge1\tout\M\Forensics\TrainingImages\AliHadi\Challenge1\s4a-challenge4\Windows\System32\winevt\logs\System.evtx,0x80000000000000,0,"{""UserData"":{""CbsPackageInitiateChanges"":{""PackageIdentifier"":""FaxServer_en-US"",""ReleaseType"":""Language Pack"",""InitialPackageState"":""Installed"",""IntendedPackageState"":""Installed"",""PackageAssembly"":""Microsoft-Windows-Fax-Server-Package~31bf3856ad364e35~x86~en-US~6.0.6001.18000"",""Client"":""RMT"",""SupportInformation"":""""}}}"
408,408,2015-08-23 21:25:29.0000000,4371,Info,Microsoft-Windows-Servicing,System,0,0,WIN-L0ZZQ76PMUF,2,S-1-5-21-3848053756-3249532031-1848221756-500,,,,,,,,,,,False,M:\Forensics\TrainingImages\AliHadi\Challenge1\tout\M\Forensics\TrainingImages\AliHadi\Challenge1\s4a-challenge4\Windows\System32\winevt\logs\System.evtx,0x80000000000000,0,"{""UserData"":{""CbsPackageInitiateChanges"":{""PackageIdentifier"":""FaxServer_en-US"",""ReleaseType"":""Language Pack"",""InitialPackageState"":""Installed"",""IntendedPackageState"":""Installed"",""PackageAssembly"":""Microsoft-Windows-Fax-Server-Package~31bf3856ad364e35~x86~en-US~6.0.6001.18000"",""Client"":""RMT"",""SupportInformation"":""""}}}"
409,409,2015-08-23 21:25:29.0000000,4371,Info,Microsoft-Windows-Servicing,System,0,0,WIN-L0ZZQ76PMUF,2,S-1-5-21-3848053756-3249532031-1848221756-500,,,,,,,,,,,False,M:\Forensics\TrainingImages\AliHadi\Challenge1\tout\M\Forensics\TrainingImages\AliHadi\Challenge1\s4a-challenge4\Windows\System32\winevt\logs\System.evtx,0x80000000000000,0,"{""UserData"":{""CbsPackageInitiateChanges"":{""PackageIdentifier"":""Microsoft-Windows-Printing-Server-Role-Package_en-US"",""ReleaseType"":""Language Pack"",""InitialPackageState"":""Installed"",""IntendedPackageState"":""Installed"",""PackageAssembly"":""Microsoft-Windows-Printing-Server-Role-Package~31bf3856ad364e35~x86~en-US~6.0.6001.18000"",""Client"":""RMT"",""SupportInformation"":""http://support.microsoft.com""}}}"
410,410,2015-08-23 21:25:30.0000000,4371,Info,Microsoft-Windows-Servicing,System,0,0,WIN-L0ZZQ76PMUF,2,S-1-5-21-3848053756-3249532031-1848221756-500,,,,,,,,,,,False,M:\Forensics\TrainingImages\AliHadi\Challenge1\tout\M\Forensics\TrainingImages\AliHadi\Challenge1\s4a-challenge4\Windows\System32\winevt\logs\System.evtx,0x80000000000000,0,"{""UserData"":{""CbsPackageInitiateChanges"":{""PackageIdentifier"":""Microsoft-Windows-Printing-PremiumTools-Package_en-US"",""ReleaseType"":""Language Pack"",""InitialPackageState"":""Staged"",""IntendedPackageState"":""Staged"",""PackageAssembly"":""Microsoft-Windows-Printing-PremiumTools-Package~31bf3856ad364e35~x86~en-US~6.0.6001.18000"",""Client"":""RMT"",""SupportInformation"":""http://support.microsoft.com""}}}"
411,411,2015-08-23 21:25:30.0000000,4371,Info,Microsoft-Windows-Servicing,System,0,0,WIN-L0ZZQ76PMUF,2,S-1-5-21-3848053756-3249532031-1848221756-500,,,,,,,,,,,False,M:\Forensics\TrainingImages\AliHadi\Challenge1\tout\M\Forensics\TrainingImages\AliHadi\Challenge1\s4a-challenge4\Windows\System32\winevt\logs\System.evtx,0x80000000000000,0,"{""UserData"":{""CbsPackageInitiateChanges"":{""PackageIdentifier"":""Microsoft-Windows-DFSR-ServerEdition-Package"",""ReleaseType"":""Feature Pack"",""InitialPackageState"":""Installed"",""IntendedPackageState"":""Installed"",""PackageAssembly"":""Microsoft-Windows-DFSR-ServerEdition-Package~31bf3856ad364e35~x86~~6.0.6001.18000"",""Client"":""RMT"",""SupportInformation"":""dfsrdev""}}}"
412,412,2015-08-23 21:25:30.0000000,4371,Info,Microsoft-Windows-Servicing,System,0,0,WIN-L0ZZQ76PMUF,2,S-1-5-21-3848053756-3249532031-1848221756-500,,,,,,,,,,,False,M:\Forensics\TrainingImages\AliHadi\Challenge1\tout\M\Forensics\TrainingImages\AliHadi\Challenge1\s4a-challenge4\Windows\System32\winevt\logs\System.evtx,0x80000000000000,0,"{""UserData"":{""CbsPackageInitiateChanges"":{""PackageIdentifier"":""Microsoft-Windows-DFSR-ServerEdition-Package_en-US"",""ReleaseType"":""Language Pack"",""InitialPackageState"":""Installed"",""IntendedPackageState"":""Installed"",""PackageAssembly"":""Microsoft-Windows-DFSR-ServerEdition-Package~31bf3856ad364e35~x86~en-US~6.0.6001.18000"",""Client"":""RMT"",""SupportInformation"":""dfsrdev""}}}"
413,413,2015-08-23 21:25:30.0000000,4371,Info,Microsoft-Windows-Servicing,System,0,0,WIN-L0ZZQ76PMUF,2,S-1-5-21-3848053756-3249532031-1848221756-500,,,,,,,,,,,False,M:\Forensics\TrainingImages\AliHadi\Challenge1\tout\M\Forensics\TrainingImages\AliHadi\Challenge1\s4a-challenge4\Windows\System32\winevt\logs\System.evtx,0x80000000000000,0,"{""UserData"":{""CbsPackageInitiateChanges"":{""PackageIdentifier"":""DhcpServerRole"",""ReleaseType"":""Feature Pack"",""InitialPackageState"":""Installed"",""IntendedPackageState"":""Installed"",""PackageAssembly"":""Microsoft-Windows-DhcpServerRole-Package~31bf3856ad364e35~x86~~6.0.6001.18000"",""Client"":""RMT"",""SupportInformation"":""""}}}"
414,414,2015-08-23 21:25:30.0000000,4371,Info,Microsoft-Windows-Servicing,System,0,0,WIN-L0ZZQ76PMUF,2,S-1-5-21-3848053756-3249532031-1848221756-500,,,,,,,,,,,False,M:\Forensics\TrainingImages\AliHadi\Challenge1\tout\M\Forensics\TrainingImages\AliHadi\Challenge1\s4a-challenge4\Windows\System32\winevt\logs\System.evtx,0x80000000000000,0,"{""UserData"":{""CbsPackageInitiateChanges"":{""PackageIdentifier"":""DhcpServerRole_en-US"",""ReleaseType"":""Language Pack"",""InitialPackageState"":""Installed"",""IntendedPackageState"":""Installed"",""PackageAssembly"":""Microsoft-Windows-DhcpServerRole-Package~31bf3856ad364e35~x86~en-US~6.0.6001.18000"",""Client"":""RMT"",""SupportInformation"":""""}}}"
415,415,2015-08-23 21:25:30.0000000,4371,Info,Microsoft-Windows-Servicing,System,0,0,WIN-L0ZZQ76PMUF,2,S-1-5-21-3848053756-3249532031-1848221756-500,,,,,,,,,,,False,M:\Forensics\TrainingImages\AliHadi\Challenge1\tout\M\Forensics\TrainingImages\AliHadi\Challenge1\s4a-challenge4\Windows\System32\winevt\logs\System.evtx,0x80000000000000,0,"{""UserData"":{""CbsPackageInitiateChanges"":{""PackageIdentifier"":""DhcpServerToolsRole"",""ReleaseType"":""Feature Pack"",""InitialPackageState"":""Installed"",""IntendedPackageState"":""Installed"",""PackageAssembly"":""Microsoft-Windows-DHCPServer-Tools-Package~31bf3856ad364e35~x86~~6.0.6001.18000"",""Client"":""RMT"",""SupportInformation"":""""}}}"
416,416,2015-08-23 21:25:30.0000000,4371,Info,Microsoft-Windows-Servicing,System,0,0,WIN-L0ZZQ76PMUF,2,S-1-5-21-3848053756-3249532031-1848221756-500,,,,,,,,,,,False,M:\Forensics\TrainingImages\AliHadi\Challenge1\tout\M\Forensics\TrainingImages\AliHadi\Challenge1\s4a-challenge4\Windows\System32\winevt\logs\System.evtx,0x80000000000000,0,"{""UserData"":{""CbsPackageInitiateChanges"":{""PackageIdentifier"":""DhcpServerTools_en-US"",""ReleaseType"":""Language Pack"",""InitialPackageState"":""Installed"",""IntendedPackageState"":""Installed"",""PackageAssembly"":""Microsoft-Windows-DHCPServer-Tools-Package~31bf3856ad364e35~x86~en-US~6.0.6001.18000"",""Client"":""RMT"",""SupportInformation"":""""}}}"
417,417,2015-08-23 21:25:30.0000000,4371,Info,Microsoft-Windows-Servicing,System,0,0,WIN-L0ZZQ76PMUF,2,S-1-5-21-3848053756-3249532031-1848221756-500,,,,,,,,,,,False,M:\Forensics\TrainingImages\AliHadi\Challenge1\tout\M\Forensics\TrainingImages\AliHadi\Challenge1\s4a-challenge4\Windows\System32\winevt\logs\System.evtx,0x80000000000000,0,"{""UserData"":{""CbsPackageInitiateChanges"":{""PackageIdentifier"":""WSRMPackage"",""ReleaseType"":""Feature Pack"",""InitialPackageState"":""Installed"",""IntendedPackageState"":""Installed"",""PackageAssembly"":""Microsoft-Windows-WSRM-Package~31bf3856ad364e35~x86~~6.0.6001.18000"",""Client"":""RMT"",""SupportInformation"":""""}}}"
418,418,2015-08-23 21:25:30.0000000,4371,Info,Microsoft-Windows-Servicing,System,0,0,WIN-L0ZZQ76PMUF,2,S-1-5-21-3848053756-3249532031-1848221756-500,,,,,,,,,,,False,M:\Forensics\TrainingImages\AliHadi\Challenge1\tout\M\Forensics\TrainingImages\AliHadi\Challenge1\s4a-challenge4\Windows\System32\winevt\logs\System.evtx,0x80000000000000,0,"{""UserData"":{""CbsPackageInitiateChanges"":{""PackageIdentifier"":""WSRMPackage_en-US"",""ReleaseType"":""Language Pack"",""InitialPackageState"":""Installed"",""IntendedPackageState"":""Installed"",""PackageAssembly"":""Microsoft-Windows-WSRM-Package~31bf3856ad364e35~x86~en-US~6.0.6001.18000"",""Client"":""RMT"",""SupportInformation"":""""}}}"
419,419,2015-08-23 21:25:30.0000000,4371,Info,Microsoft-Windows-Servicing,System,0,0,WIN-L0ZZQ76PMUF,2,S-1-5-21-3848053756-3249532031-1848221756-500,,,,,,,,,,,False,M:\Forensics\TrainingImages\AliHadi\Challenge1\tout\M\Forensics\TrainingImages\AliHadi\Challenge1\s4a-challenge4\Windows\System32\winevt\logs\System.evtx,0x80000000000000,0,"{""UserData"":{""CbsPackageInitiateChanges"":{""PackageIdentifier"":""DesktopExperience"",""ReleaseType"":""Feature Pack"",""InitialPackageState"":""Installed"",""IntendedPackageState"":""Installed"",""PackageAssembly"":""Microsoft-Windows-ServerDesktopExperience~31bf3856ad364e35~x86~~6.0.6001.18000"",""Client"":""RMT"",""SupportInformation"":""""}}}"
420,420,2015-08-23 21:25:31.0000000,4371,Info,Microsoft-Windows-Servicing,System,0,0,WIN-L0ZZQ76PMUF,2,S-1-5-21-3848053756-3249532031-1848221756-500,,,,,,,,,,,False,M:\Forensics\TrainingImages\AliHadi\Challenge1\tout\M\Forensics\TrainingImages\AliHadi\Challenge1\s4a-challenge4\Windows\System32\winevt\logs\System.evtx,0x80000000000000,0,"{""UserData"":{""CbsPackageInitiateChanges"":{""PackageIdentifier"":""Windows Media Player"",""ReleaseType"":""Feature Pack"",""InitialPackageState"":""Staged"",""IntendedPackageState"":""Staged"",""PackageAssembly"":""Microsoft-Windows-MediaPlayer-Package~31bf3856ad364e35~x86~~6.0.6001.18000"",""Client"":""RMT"",""SupportInformation"":""""}}}"
421,421,2015-08-23 21:25:32.0000000,4371,Info,Microsoft-Windows-Servicing,System,0,0,WIN-L0ZZQ76PMUF,2,S-1-5-21-3848053756-3249532031-1848221756-500,,,,,,,,,,,False,M:\Forensics\TrainingImages\AliHadi\Challenge1\tout\M\Forensics\TrainingImages\AliHadi\Challenge1\s4a-challenge4\Windows\System32\winevt\logs\System.evtx,0x80000000000000,0,"{""UserData"":{""CbsPackageInitiateChanges"":{""PackageIdentifier"":""Windows Media Format Runtime"",""ReleaseType"":""Feature Pack"",""InitialPackageState"":""Staged"",""IntendedPackageState"":""Staged"",""PackageAssembly"":""Microsoft-Windows-Media-Format-Package~31bf3856ad364e35~x86~~6.0.6001.18000"",""Client"":""RMT"",""SupportInformation"":""""}}}"
422,422,2015-08-23 21:25:33.0000000,4371,Info,Microsoft-Windows-Servicing,System,0,0,WIN-L0ZZQ76PMUF,2,S-1-5-21-3848053756-3249532031-1848221756-500,,,,,,,,,,,False,M:\Forensics\TrainingImages\AliHadi\Challenge1\tout\M\Forensics\TrainingImages\AliHadi\Challenge1\s4a-challenge4\Windows\System32\winevt\logs\System.evtx,0x80000000000000,0,"{""UserData"":{""CbsPackageInitiateChanges"":{""PackageIdentifier"":""DesktopExperience_en-US "",""ReleaseType"":""Language Pack"",""InitialPackageState"":""Installed"",""IntendedPackageState"":""Installed"",""PackageAssembly"":""Microsoft-Windows-ServerDesktopExperience~31bf3856ad364e35~x86~en-US~6.0.6001.18000"",""Client"":""RMT"",""SupportInformation"":""""}}}"
423,423,2015-08-23 21:25:34.0000000,4371,Info,Microsoft-Windows-Servicing,System,0,0,WIN-L0ZZQ76PMUF,2,S-1-5-21-3848053756-3249532031-1848221756-500,,,,,,,,,,,False,M:\Forensics\TrainingImages\AliHadi\Challenge1\tout\M\Forensics\TrainingImages\AliHadi\Challenge1\s4a-challenge4\Windows\System32\winevt\logs\System.evtx,0x80000000000000,0,"{""UserData"":{""CbsPackageInitiateChanges"":{""PackageIdentifier"":""Windows Media Player_en-US"",""ReleaseType"":""Language Pack"",""InitialPackageState"":""Staged"",""IntendedPackageState"":""Staged"",""PackageAssembly"":""Microsoft-Windows-MediaPlayer-Package~31bf3856ad364e35~x86~en-US~6.0.6001.18000"",""Client"":""RMT"",""SupportInformation"":""""}}}"
424,424,2015-08-23 21:25:34.0000000,4371,Info,Microsoft-Windows-Servicing,System,0,0,WIN-L0ZZQ76PMUF,2,S-1-5-21-3848053756-3249532031-1848221756-500,,,,,,,,,,,False,M:\Forensics\TrainingImages\AliHadi\Challenge1\tout\M\Forensics\TrainingImages\AliHadi\Challenge1\s4a-challenge4\Windows\System32\winevt\logs\System.evtx,0x80000000000000,0,"{""UserData"":{""CbsPackageInitiateChanges"":{""PackageIdentifier"":""Windows Media Format Runtime_en-US"",""ReleaseType"":""Language Pack"",""InitialPackageState"":""Staged"",""IntendedPackageState"":""Staged"",""PackageAssembly"":""Microsoft-Windows-Media-Format-Package~31bf3856ad364e35~x86~en-US~6.0.6001.18000"",""Client"":""RMT"",""SupportInformation"":""""}}}"
425,425,2015-08-23 21:25:34.0000000,4371,Info,Microsoft-Windows-Servicing,System,0,0,WIN-L0ZZQ76PMUF,2,S-1-5-21-3848053756-3249532031-1848221756-500,,,,,,,,,,,False,M:\Forensics\TrainingImages\AliHadi\Challenge1\tout\M\Forensics\TrainingImages\AliHadi\Challenge1\s4a-challenge4\Windows\System32\winevt\logs\System.evtx,0x80000000000000,0,"{""UserData"":{""CbsPackageInitiateChanges"":{""PackageIdentifier"":""Telnet Server"",""ReleaseType"":""Feature Pack"",""InitialPackageState"":""Installed"",""IntendedPackageState"":""Installed"",""PackageAssembly"":""Microsoft-Windows-Telnet-Server-Package~31bf3856ad364e35~x86~~6.0.6001.18000"",""Client"":""RMT"",""SupportInformation"":""""}}}"
426,426,2015-08-23 21:25:34.0000000,4371,Info,Microsoft-Windows-Servicing,System,0,0,WIN-L0ZZQ76PMUF,3,S-1-5-21-3848053756-3249532031-1848221756-500,,,,,,,,,,,False,M:\Forensics\TrainingImages\AliHadi\Challenge1\tout\M\Forensics\TrainingImages\AliHadi\Challenge1\s4a-challenge4\Windows\System32\winevt\logs\System.evtx,0x80000000000000,0,"{""UserData"":{""CbsPackageInitiateChanges"":{""PackageIdentifier"":""Telnet Server_en-US"",""ReleaseType"":""Language Pack"",""InitialPackageState"":""Installed"",""IntendedPackageState"":""Installed"",""PackageAssembly"":""Microsoft-Windows-Telnet-Server-Package~31bf3856ad364e35~x86~en-US~6.0.6001.18000"",""Client"":""RMT"",""SupportInformation"":""""}}}"
427,427,2015-08-23 21:25:34.0000000,4371,Info,Microsoft-Windows-Servicing,System,0,0,WIN-L0ZZQ76PMUF,3,S-1-5-21-3848053756-3249532031-1848221756-500,,,,,,,,,,,False,M:\Forensics\TrainingImages\AliHadi\Challenge1\tout\M\Forensics\TrainingImages\AliHadi\Challenge1\s4a-challenge4\Windows\System32\winevt\logs\System.evtx,0x80000000000000,0,"{""UserData"":{""CbsPackageInitiateChanges"":{""PackageIdentifier"":""Telnet Client"",""ReleaseType"":""Feature Pack"",""InitialPackageState"":""Installed"",""IntendedPackageState"":""Installed"",""PackageAssembly"":""Microsoft-Windows-Telnet-Client-Package~31bf3856ad364e35~x86~~6.0.6001.18000"",""Client"":""RMT"",""SupportInformation"":""""}}}"
428,428,2015-08-23 21:25:34.0000000,4371,Info,Microsoft-Windows-Servicing,System,0,0,WIN-L0ZZQ76PMUF,3,S-1-5-21-3848053756-3249532031-1848221756-500,,,,,,,,,,,False,M:\Forensics\TrainingImages\AliHadi\Challenge1\tout\M\Forensics\TrainingImages\AliHadi\Challenge1\s4a-challenge4\Windows\System32\winevt\logs\System.evtx,0x80000000000000,0,"{""UserData"":{""CbsPackageInitiateChanges"":{""PackageIdentifier"":""Telnet Client_en-US"",""ReleaseType"":""Language Pack"",""InitialPackageState"":""Installed"",""IntendedPackageState"":""Installed"",""PackageAssembly"":""Microsoft-Windows-Telnet-Client-Package~31bf3856ad364e35~x86~en-US~6.0.6001.18000"",""Client"":""RMT"",""SupportInformation"":""""}}}"
429,429,2015-08-23 21:25:34.0000000,4371,Info,Microsoft-Windows-Servicing,System,0,0,WIN-L0ZZQ76PMUF,3,S-1-5-21-3848053756-3249532031-1848221756-500,,,,,,,,,,,False,M:\Forensics\TrainingImages\AliHadi\Challenge1\tout\M\Forensics\TrainingImages\AliHadi\Challenge1\s4a-challenge4\Windows\System32\winevt\logs\System.evtx,0x80000000000000,0,"{""UserData"":{""CbsPackageInitiateChanges"":{""PackageIdentifier"":""NetworkLoadBalancingFullServer"",""ReleaseType"":""Feature Pack"",""InitialPackageState"":""Installed"",""IntendedPackageState"":""Installed"",""PackageAssembly"":""Microsoft-Windows-NetworkLoadBalancingFullServer-Package~31bf3856ad364e35~x86~~6.0.6001.18000"",""Client"":""RMT"",""SupportInformation"":""http://support.microsoft.com""}}}"
430,430,2015-08-23 21:25:34.0000000,4371,Info,Microsoft-Windows-Servicing,System,0,0,WIN-L0ZZQ76PMUF,3,S-1-5-21-3848053756-3249532031-1848221756-500,,,,,,,,,,,False,M:\Forensics\TrainingImages\AliHadi\Challenge1\tout\M\Forensics\TrainingImages\AliHadi\Challenge1\s4a-challenge4\Windows\System32\winevt\logs\System.evtx,0x80000000000000,0,"{""UserData"":{""CbsPackageInitiateChanges"":{""PackageIdentifier"":""NetworkLoadBalancingFullServer_en-US"",""ReleaseType"":""Language Pack"",""InitialPackageState"":""Installed"",""IntendedPackageState"":""Installed"",""PackageAssembly"":""Microsoft-Windows-NetworkLoadBalancingFullServer-Package~31bf3856ad364e35~x86~en-US~6.0.6001.18000"",""Client"":""RMT"",""SupportInformation"":""""}}}"
431,431,2015-08-23 21:25:34.0000000,4371,Info,Microsoft-Windows-Servicing,System,0,0,WIN-L0ZZQ76PMUF,3,S-1-5-21-3848053756-3249532031-1848221756-500,,,,,,,,,,,False,M:\Forensics\TrainingImages\AliHadi\Challenge1\tout\M\Forensics\TrainingImages\AliHadi\Challenge1\s4a-challenge4\Windows\System32\winevt\logs\System.evtx,0x80000000000000,0,"{""UserData"":{""CbsPackageInitiateChanges"":{""PackageIdentifier"":""NetworkLoadBalancingManagementClient"",""ReleaseType"":""Feature Pack"",""InitialPackageState"":""Installed"",""IntendedPackageState"":""Installed"",""PackageAssembly"":""Microsoft-Windows-NetworkLoadBalancingManagementClient-Package~31bf3856ad364e35~x86~~6.0.6001.18000"",""Client"":""RMT"",""SupportInformation"":""http://support.microsoft.com""}}}"
432,432,2015-08-23 21:25:34.0000000,4371,Info,Microsoft-Windows-Servicing,System,0,0,WIN-L0ZZQ76PMUF,3,S-1-5-21-3848053756-3249532031-1848221756-500,,,,,,,,,,,False,M:\Forensics\TrainingImages\AliHadi\Challenge1\tout\M\Forensics\TrainingImages\AliHadi\Challenge1\s4a-challenge4\Windows\System32\winevt\logs\System.evtx,0x80000000000000,0,"{""UserData"":{""CbsPackageInitiateChanges"":{""PackageIdentifier"":""NetworkLoadBalancingManagementClient_en-US"",""ReleaseType"":""Language Pack"",""InitialPackageState"":""Installed"",""IntendedPackageState"":""Installed"",""PackageAssembly"":""Microsoft-Windows-NetworkLoadBalancingManagementClient-Package~31bf3856ad364e35~x86~en-US~6.0.6001.18000"",""Client"":""RMT"",""SupportInformation"":""""}}}"
433,433,2015-08-23 21:25:34.0000000,4371,Info,Microsoft-Windows-Servicing,System,0,0,WIN-L0ZZQ76PMUF,3,S-1-5-21-3848053756-3249532031-1848221756-500,,,,,,,,,,,False,M:\Forensics\TrainingImages\AliHadi\Challenge1\tout\M\Forensics\TrainingImages\AliHadi\Challenge1\s4a-challenge4\Windows\System32\winevt\logs\System.evtx,0x80000000000000,0,"{""UserData"":{""CbsPackageInitiateChanges"":{""PackageIdentifier"":""FailoverCluster-AdminPak"",""ReleaseType"":""Feature Pack"",""InitialPackageState"":""Installed"",""IntendedPackageState"":""Installed"",""PackageAssembly"":""Microsoft-Windows-FailoverCluster-AdminPak-Package~31bf3856ad364e35~x86~~6.0.6001.18000"",""Client"":""RMT"",""SupportInformation"":""http://support.microsoft.com""}}}"
434,434,2015-08-23 21:25:34.0000000,4371,Info,Microsoft-Windows-Servicing,System,0,0,WIN-L0ZZQ76PMUF,3,S-1-5-21-3848053756-3249532031-1848221756-500,,,,,,,,,,,False,M:\Forensics\TrainingImages\AliHadi\Challenge1\tout\M\Forensics\TrainingImages\AliHadi\Challenge1\s4a-challenge4\Windows\System32\winevt\logs\System.evtx,0x80000000000000,0,"{""UserData"":{""CbsPackageInitiateChanges"":{""PackageIdentifier"":""FailoverCluster-AdminPak_en-US"",""ReleaseType"":""Language Pack"",""InitialPackageState"":""Installed"",""IntendedPackageState"":""Installed"",""PackageAssembly"":""Microsoft-Windows-FailoverCluster-AdminPak-Package~31bf3856ad364e35~x86~en-US~6.0.6001.18000"",""Client"":""RMT"",""SupportInformation"":""""}}}"
435,435,2015-08-23 21:25:35.0000000,4371,Info,Microsoft-Windows-Servicing,System,0,0,WIN-L0ZZQ76PMUF,3,S-1-5-21-3848053756-3249532031-1848221756-500,,,,,,,,,,,False,M:\Forensics\TrainingImages\AliHadi\Challenge1\tout\M\Forensics\TrainingImages\AliHadi\Challenge1\s4a-challenge4\Windows\System32\winevt\logs\System.evtx,0x80000000000000,0,"{""UserData"":{""CbsPackageInitiateChanges"":{""PackageIdentifier"":""AppServerRole"",""ReleaseType"":""Feature Pack"",""InitialPackageState"":""Installed"",""IntendedPackageState"":""Installed"",""PackageAssembly"":""Microsoft-Windows-TerminalServices-AppServer-Package~31bf3856ad364e35~x86~~6.0.6001.18000"",""Client"":""RMT"",""SupportInformation"":""""}}}"
436,436,2015-08-23 21:25:35.0000000,4371,Info,Microsoft-Windows-Servicing,System,0,0,WIN-L0ZZQ76PMUF,3,S-1-5-21-3848053756-3249532031-1848221756-500,,,,,,,,,,,False,M:\Forensics\TrainingImages\AliHadi\Challenge1\tout\M\Forensics\TrainingImages\AliHadi\Challenge1\s4a-challenge4\Windows\System32\winevt\logs\System.evtx,0x80000000000000,0,"{""UserData"":{""CbsPackageInitiateChanges"":{""PackageIdentifier"":""AppServerRole_en-US"",""ReleaseType"":""Language Pack"",""InitialPackageState"":""Installed"",""IntendedPackageState"":""Installed"",""PackageAssembly"":""Microsoft-Windows-TerminalServices-AppServer-Package~31bf3856ad364e35~x86~en-US~6.0.6001.18000"",""Client"":""RMT"",""SupportInformation"":""""}}}"
437,437,2015-08-23 21:25:35.0000000,4371,Info,Microsoft-Windows-Servicing,System,0,0,WIN-L0ZZQ76PMUF,3,S-1-5-21-3848053756-3249532031-1848221756-500,,,,,,,,,,,False,M:\Forensics\TrainingImages\AliHadi\Challenge1\tout\M\Forensics\TrainingImages\AliHadi\Challenge1\s4a-challenge4\Windows\System32\winevt\logs\System.evtx,0x80000000000000,0,"{""UserData"":{""CbsPackageInitiateChanges"":{""PackageIdentifier"":""GatewayRole"",""ReleaseType"":""Feature Pack"",""InitialPackageState"":""Installed"",""IntendedPackageState"":""Installed"",""PackageAssembly"":""Microsoft-Windows-TerminalServices-Gateway-Package~31bf3856ad364e35~x86~~6.0.6001.18000"",""Client"":""RMT"",""SupportInformation"":""""}}}"
438,438,2015-08-23 21:25:35.0000000,4371,Info,Microsoft-Windows-Servicing,System,0,0,WIN-L0ZZQ76PMUF,3,S-1-5-21-3848053756-3249532031-1848221756-500,,,,,,,,,,,False,M:\Forensics\TrainingImages\AliHadi\Challenge1\tout\M\Forensics\TrainingImages\AliHadi\Challenge1\s4a-challenge4\Windows\System32\winevt\logs\System.evtx,0x80000000000000,0,"{""UserData"":{""CbsPackageInitiateChanges"":{""PackageIdentifier"":""GatewayRole_en-US"",""ReleaseType"":""Language Pack"",""InitialPackageState"":""Installed"",""IntendedPackageState"":""Installed"",""PackageAssembly"":""Microsoft-Windows-TerminalServices-Gateway-Package~31bf3856ad364e35~x86~en-US~6.0.6001.18000"",""Client"":""RMT"",""SupportInformation"":""""}}}"
439,439,2015-08-23 21:25:35.0000000,4371,Info,Microsoft-Windows-Servicing,System,0,0,WIN-L0ZZQ76PMUF,3,S-1-5-21-3848053756-3249532031-1848221756-500,,,,,,,,,,,False,M:\Forensics\TrainingImages\AliHadi\Challenge1\tout\M\Forensics\TrainingImages\AliHadi\Challenge1\s4a-challenge4\Windows\System32\winevt\logs\System.evtx,0x80000000000000,0,"{""UserData"":{""CbsPackageInitiateChanges"":{""PackageIdentifier"":""LicensingRole"",""ReleaseType"":""Feature Pack"",""InitialPackageState"":""Installed"",""IntendedPackageState"":""Installed"",""PackageAssembly"":""Microsoft-Windows-TerminalServices-Licensing-Package~31bf3856ad364e35~x86~~6.0.6001.18000"",""Client"":""RMT"",""SupportInformation"":""""}}}"
440,440,2015-08-23 21:25:35.0000000,4371,Info,Microsoft-Windows-Servicing,System,0,0,WIN-L0ZZQ76PMUF,3,S-1-5-21-3848053756-3249532031-1848221756-500,,,,,,,,,,,False,M:\Forensics\TrainingImages\AliHadi\Challenge1\tout\M\Forensics\TrainingImages\AliHadi\Challenge1\s4a-challenge4\Windows\System32\winevt\logs\System.evtx,0x80000000000000,0,"{""UserData"":{""CbsPackageInitiateChanges"":{""PackageIdentifier"":""LicensingRole_en-US"",""ReleaseType"":""Language Pack"",""InitialPackageState"":""Installed"",""IntendedPackageState"":""Installed"",""PackageAssembly"":""Microsoft-Windows-TerminalServices-Licensing-Package~31bf3856ad364e35~x86~en-US~6.0.6001.18000"",""Client"":""RMT"",""SupportInformation"":""""}}}"
441,441,2015-08-23 21:25:35.0000000,4371,Info,Microsoft-Windows-Servicing,System,0,0,WIN-L0ZZQ76PMUF,3,S-1-5-21-3848053756-3249532031-1848221756-500,,,,,,,,,,,False,M:\Forensics\TrainingImages\AliHadi\Challenge1\tout\M\Forensics\TrainingImages\AliHadi\Challenge1\s4a-challenge4\Windows\System32\winevt\logs\System.evtx,0x80000000000000,0,"{""UserData"":{""CbsPackageInitiateChanges"":{""PackageIdentifier"":""SessionDirectoryServerRole"",""ReleaseType"":""Feature Pack"",""InitialPackageState"":""Installed"",""IntendedPackageState"":""Installed"",""PackageAssembly"":""Microsoft-Windows-TerminalServices-SessionDirectoryServer-Package~31bf3856ad364e35~x86~~6.0.6001.18000"",""Client"":""RMT"",""SupportInformation"":""""}}}"
442,442,2015-08-23 21:25:35.0000000,4371,Info,Microsoft-Windows-Servicing,System,0,0,WIN-L0ZZQ76PMUF,3,S-1-5-21-3848053756-3249532031-1848221756-500,,,,,,,,,,,False,M:\Forensics\TrainingImages\AliHadi\Challenge1\tout\M\Forensics\TrainingImages\AliHadi\Challenge1\s4a-challenge4\Windows\System32\winevt\logs\System.evtx,0x80000000000000,0,"{""UserData"":{""CbsPackageInitiateChanges"":{""PackageIdentifier"":""SessionDirectoryServerRole_en-US"",""ReleaseType"":""Language Pack"",""InitialPackageState"":""Installed"",""IntendedPackageState"":""Installed"",""PackageAssembly"":""Microsoft-Windows-TerminalServices-SessionDirectoryServer-Package~31bf3856ad364e35~x86~en-US~6.0.6001.18000"",""Client"":""RMT"",""SupportInformation"":""""}}}"
443,443,2015-08-23 21:25:35.0000000,4371,Info,Microsoft-Windows-Servicing,System,0,0,WIN-L0ZZQ76PMUF,3,S-1-5-21-3848053756-3249532031-1848221756-500,,,,,,,,,,,False,M:\Forensics\TrainingImages\AliHadi\Challenge1\tout\M\Forensics\TrainingImages\AliHadi\Challenge1\s4a-challenge4\Windows\System32\winevt\logs\System.evtx,0x80000000000000,0,"{""UserData"":{""CbsPackageInitiateChanges"":{""PackageIdentifier"":""WebAccessRole"",""ReleaseType"":""Feature Pack"",""InitialPackageState"":""Installed"",""IntendedPackageState"":""Installed"",""PackageAssembly"":""Microsoft-Windows-TerminalServices-WebAccess-Package~31bf3856ad364e35~x86~~6.0.6001.18000"",""Client"":""RMT"",""SupportInformation"":""""}}}"
444,444,2015-08-23 21:25:35.0000000,4371,Info,Microsoft-Windows-Servicing,System,0,0,WIN-L0ZZQ76PMUF,3,S-1-5-21-3848053756-3249532031-1848221756-500,,,,,,,,,,,False,M:\Forensics\TrainingImages\AliHadi\Challenge1\tout\M\Forensics\TrainingImages\AliHadi\Challenge1\s4a-challenge4\Windows\System32\winevt\logs\System.evtx,0x80000000000000,0,"{""UserData"":{""CbsPackageInitiateChanges"":{""PackageIdentifier"":""WebAccessRole_en-US"",""ReleaseType"":""Language Pack"",""InitialPackageState"":""Installed"",""IntendedPackageState"":""Installed"",""PackageAssembly"":""Microsoft-Windows-TerminalServices-WebAccess-Package~31bf3856ad364e35~x86~en-US~6.0.6001.18000"",""Client"":""RMT"",""SupportInformation"":""""}}}"
445,445,2015-08-23 21:25:35.0000000,4371,Info,Microsoft-Windows-Servicing,System,0,0,WIN-L0ZZQ76PMUF,3,S-1-5-21-3848053756-3249532031-1848221756-500,,,,,,,,,,,False,M:\Forensics\TrainingImages\AliHadi\Challenge1\tout\M\Forensics\TrainingImages\AliHadi\Challenge1\s4a-challenge4\Windows\System32\winevt\logs\System.evtx,0x80000000000000,0,"{""UserData"":{""CbsPackageInitiateChanges"":{""PackageIdentifier"":""IIS-WebServer-Package"",""ReleaseType"":""Feature Pack"",""InitialPackageState"":""Installed"",""IntendedPackageState"":""Installed"",""PackageAssembly"":""Microsoft-Windows-IIS-WebServer-Package~31bf3856ad364e35~x86~~6.0.6001.18000"",""Client"":""RMT"",""SupportInformation"":""http://support.microsoft.com""}}}"
446,446,2015-08-23 21:25:36.0000000,4371,Info,Microsoft-Windows-Servicing,System,0,0,WIN-L0ZZQ76PMUF,3,S-1-5-21-3848053756-3249532031-1848221756-500,,,,,,,,,,,False,M:\Forensics\TrainingImages\AliHadi\Challenge1\tout\M\Forensics\TrainingImages\AliHadi\Challenge1\s4a-challenge4\Windows\System32\winevt\logs\System.evtx,0x80000000000000,0,"{""UserData"":{""CbsPackageInitiateChanges"":{""PackageIdentifier"":""GatewayRole"",""ReleaseType"":""Feature Pack"",""InitialPackageState"":""Installed"",""IntendedPackageState"":""Installed"",""PackageAssembly"":""Microsoft-Windows-TerminalServices-Gateway-Package~31bf3856ad364e35~x86~~6.0.6001.18000"",""Client"":""RMT"",""SupportInformation"":""""}}}"
447,447,2015-08-23 21:25:36.0000000,4371,Info,Microsoft-Windows-Servicing,System,0,0,WIN-L0ZZQ76PMUF,3,S-1-5-21-3848053756-3249532031-1848221756-500,,,,,,,,,,,False,M:\Forensics\TrainingImages\AliHadi\Challenge1\tout\M\Forensics\TrainingImages\AliHadi\Challenge1\s4a-challenge4\Windows\System32\winevt\logs\System.evtx,0x80000000000000,0,"{""UserData"":{""CbsPackageInitiateChanges"":{""PackageIdentifier"":""GatewayRole_en-US"",""ReleaseType"":""Language Pack"",""InitialPackageState"":""Installed"",""IntendedPackageState"":""Installed"",""PackageAssembly"":""Microsoft-Windows-TerminalServices-Gateway-Package~31bf3856ad364e35~x86~en-US~6.0.6001.18000"",""Client"":""RMT"",""SupportInformation"":""""}}}"
448,448,2015-08-23 21:25:36.0000000,4371,Info,Microsoft-Windows-Servicing,System,0,0,WIN-L0ZZQ76PMUF,3,S-1-5-21-3848053756-3249532031-1848221756-500,,,,,,,,,,,False,M:\Forensics\TrainingImages\AliHadi\Challenge1\tout\M\Forensics\TrainingImages\AliHadi\Challenge1\s4a-challenge4\Windows\System32\winevt\logs\System.evtx,0x80000000000000,0,"{""UserData"":{""CbsPackageInitiateChanges"":{""PackageIdentifier"":""WebAccessRole"",""ReleaseType"":""Feature Pack"",""InitialPackageState"":""Installed"",""IntendedPackageState"":""Installed"",""PackageAssembly"":""Microsoft-Windows-TerminalServices-WebAccess-Package~31bf3856ad364e35~x86~~6.0.6001.18000"",""Client"":""RMT"",""SupportInformation"":""""}}}"
449,449,2015-08-23 21:25:36.0000000,4371,Info,Microsoft-Windows-Servicing,System,0,0,WIN-L0ZZQ76PMUF,3,S-1-5-21-3848053756-3249532031-1848221756-500,,,,,,,,,,,False,M:\Forensics\TrainingImages\AliHadi\Challenge1\tout\M\Forensics\TrainingImages\AliHadi\Challenge1\s4a-challenge4\Windows\System32\winevt\logs\System.evtx,0x80000000000000,0,"{""UserData"":{""CbsPackageInitiateChanges"":{""PackageIdentifier"":""WebAccessRole_en-US"",""ReleaseType"":""Language Pack"",""InitialPackageState"":""Installed"",""IntendedPackageState"":""Installed"",""PackageAssembly"":""Microsoft-Windows-TerminalServices-WebAccess-Package~31bf3856ad364e35~x86~en-US~6.0.6001.18000"",""Client"":""RMT"",""SupportInformation"":""""}}}"
450,450,2015-08-23 21:25:36.0000000,4371,Info,Microsoft-Windows-Servicing,System,0,0,WIN-L0ZZQ76PMUF,3,S-1-5-21-3848053756-3249532031-1848221756-500,,,,,,,,,,,False,M:\Forensics\TrainingImages\AliHadi\Challenge1\tout\M\Forensics\TrainingImages\AliHadi\Challenge1\s4a-challenge4\Windows\System32\winevt\logs\System.evtx,0x80000000000000,0,"{""UserData"":{""CbsPackageInitiateChanges"":{""PackageIdentifier"":""GatewayRole_en-US"",""ReleaseType"":""Language Pack"",""InitialPackageState"":""Installed"",""IntendedPackageState"":""Installed"",""PackageAssembly"":""Microsoft-Windows-TerminalServices-Gateway-Package~31bf3856ad364e35~x86~en-US~6.0.6001.18000"",""Client"":""RMT"",""SupportInformation"":""""}}}"
451,451,2015-08-23 21:25:36.0000000,4371,Info,Microsoft-Windows-Servicing,System,0,0,WIN-L0ZZQ76PMUF,3,S-1-5-21-3848053756-3249532031-1848221756-500,,,,,,,,,,,False,M:\Forensics\TrainingImages\AliHadi\Challenge1\tout\M\Forensics\TrainingImages\AliHadi\Challenge1\s4a-challenge4\Windows\System32\winevt\logs\System.evtx,0x80000000000000,0,"{""UserData"":{""CbsPackageInitiateChanges"":{""PackageIdentifier"":""WebAccessRole_en-US"",""ReleaseType"":""Language Pack"",""InitialPackageState"":""Installed"",""IntendedPackageState"":""Installed"",""PackageAssembly"":""Microsoft-Windows-TerminalServices-WebAccess-Package~31bf3856ad364e35~x86~en-US~6.0.6001.18000"",""Client"":""RMT"",""SupportInformation"":""""}}}"
452,452,2015-08-23 21:25:36.0000000,4371,Info,Microsoft-Windows-Servicing,System,0,0,WIN-L0ZZQ76PMUF,3,S-1-5-21-3848053756-3249532031-1848221756-500,,,,,,,,,,,False,M:\Forensics\TrainingImages\AliHadi\Challenge1\tout\M\Forensics\TrainingImages\AliHadi\Challenge1\s4a-challenge4\Windows\System32\winevt\logs\System.evtx,0x80000000000000,0,"{""UserData"":{""CbsPackageInitiateChanges"":{""PackageIdentifier"":""IIS-WebServer-Package_en-US"",""ReleaseType"":""Language Pack"",""InitialPackageState"":""Installed"",""IntendedPackageState"":""Installed"",""PackageAssembly"":""Microsoft-Windows-IIS-WebServer-Package~31bf3856ad364e35~x86~en-US~6.0.6001.18000"",""Client"":""RMT"",""SupportInformation"":""http://support.microsoft.com""}}}"
