202,202,2015-08-23 22:14:42.4986250,200,Info,Microsoft-Windows-TaskScheduler,Microsoft-Windows-TaskScheduler/Operational,1160,1420,WIN-L0ZZQ76PMUF,1,S-1-5-21-3848053756-3249532031-1848221756-500,Scheduled Task executed,,,Task: \Microsoft\Windows\Server Manager\ServerManager,Instance Id: 3f1dddc9-eef8-4c5c-b739-75660dcef7f2,,,,,%windir%\system32\ServerManagerLauncher.exe,False,M:\Forensics\TrainingImages\AliHadi\Challenge1\tout\M\Forensics\TrainingImages\AliHadi\Challenge1\s4a-challenge4\Windows\System32\winevt\logs\Microsoft-Windows-TaskScheduler%4Operational.evtx,Classic,0,"{""EventData"":{""@Name"":""ActionStart"",""Data"":[{""@Name"":""TaskName"",""#text"":""\\Microsoft\\Windows\\Server Manager\\ServerManager""},{""@Name"":""ActionName"",""#text"":""%windir%\\system32\\ServerManagerLauncher.exe""},{""@Name"":""TaskInstanceId"",""#text"":""3f1dddc9-eef8-4c5c-b739-75660dcef7f2""}]}}"
203,203,2015-08-23 22:14:42.4986250,319,Info,Microsoft-Windows-TaskScheduler,Microsoft-Windows-TaskScheduler/Operational,1160,1344,WIN-L0ZZQ76PMUF,1,S-1-5-21-3848053756-3249532031-1848221756-500,,,,,,,,,,,False,M:\Forensics\TrainingImages\AliHadi\Challenge1\tout\M\Forensics\TrainingImages\AliHadi\Challenge1\s4a-challenge4\Windows\System32\winevt\logs\Microsoft-Windows-TaskScheduler%4Operational.evtx,Classic,0,"{""EventData"":{""@Name"":""TaskEngineProcessReceivedStartTask"",""Data"":[{""@Name"":""TaskEngineName"",""#text"":""S-1-5-21-3848053756-3249532031-1848221756-500:WIN-L0ZZQ76PMUF\\Administrator:Interactive:[1]""},{""@Name"":""TaskName"",""#text"":""\\Microsoft\\Windows\\CertificateServicesClient\\UserTask""}]}}"
204,204,2015-08-23 22:14:42.5455000,100,Info,Microsoft-Windows-TaskScheduler,Microsoft-Windows-TaskScheduler/Operational,1160,1344,WIN-L0ZZQ76PMUF,1,S-1-5-21-3848053756-3249532031-1848221756-500,Scheduled Task started,Context: WIN-L0ZZQ76PMUF\Administrator,,Task: \Microsoft\Windows\CertificateServicesClient\UserTask,Instance Id: 8da39f1e-18d2-489b-a205-90029f3e8dfa,,,,,,False,M:\Forensics\TrainingImages\AliHadi\Challenge1\tout\M\Forensics\TrainingImages\AliHadi\Challenge1\s4a-challenge4\Windows\System32\winevt\logs\Microsoft-Windows-TaskScheduler%4Operational.evtx,Classic,0,"{""EventData"":{""@Name"":""TaskStartEvent"",""Data"":[{""@Name"":""TaskName"",""#text"":""\\Microsoft\\Windows\\CertificateServicesClient\\UserTask""},{""@Name"":""UserContext"",""#text"":""WIN-L0ZZQ76PMUF\\Administrator""},{""@Name"":""InstanceId"",""#text"":""8da39f1e-18d2-489b-a205-90029f3e8dfa""}]}}"
205,205,2015-08-23 22:14:42.5455000,319,Info,Microsoft-Windows-TaskScheduler,Microsoft-Windows-TaskScheduler/Operational,1160,1344,WIN-L0ZZQ76PMUF,1,S-1-5-21-3848053756-3249532031-1848221756-500,,,,,,,,,,,False,M:\Forensics\TrainingImages\AliHadi\Challenge1\tout\M\Forensics\TrainingImages\AliHadi\Challenge1\s4a-challenge4\Windows\System32\winevt\logs\Microsoft-Windows-TaskScheduler%4Operational.evtx,Classic,0,"{""EventData"":{""@Name"":""TaskEngineProcessReceivedStartTask"",""Data"":[{""@Name"":""TaskEngineName"",""#text"":""S-1-5-21-3848053756-3249532031-1848221756-500:WIN-L0ZZQ76PMUF\\Administrator:Interactive:[1]""},{""@Name"":""TaskName"",""#text"":""\\Microsoft\\Windows\\TextServicesFramework\\MsCtfMonitor""}]}}"
206,206,2015-08-23 22:14:42.5455000,200,Info,Microsoft-Windows-TaskScheduler,Microsoft-Windows-TaskScheduler/Operational,1160,688,WIN-L0ZZQ76PMUF,1,S-1-5-21-3848053756-3249532031-1848221756-500,Scheduled Task executed,,,Task: \Microsoft\Windows\CertificateServicesClient\UserTask,Instance Id: 8da39f1e-18d2-489b-a205-90029f3e8dfa,,,,,Certificate Services Client Task Handler,False,M:\Forensics\TrainingImages\AliHadi\Challenge1\tout\M\Forensics\TrainingImages\AliHadi\Challenge1\s4a-challenge4\Windows\System32\winevt\logs\Microsoft-Windows-TaskScheduler%4Operational.evtx,Classic,0,"{""EventData"":{""@Name"":""ActionStart"",""Data"":[{""@Name"":""TaskName"",""#text"":""\\Microsoft\\Windows\\CertificateServicesClient\\UserTask""},{""@Name"":""ActionName"",""#text"":""Certificate Services Client Task Handler""},{""@Name"":""TaskInstanceId"",""#text"":""8da39f1e-18d2-489b-a205-90029f3e8dfa""}]}}"
207,207,2015-08-23 22:14:42.6080000,100,Info,Microsoft-Windows-TaskScheduler,Microsoft-Windows-TaskScheduler/Operational,1160,1344,WIN-L0ZZQ76PMUF,1,S-1-5-21-3848053756-3249532031-1848221756-500,Scheduled Task started,Context: WIN-L0ZZQ76PMUF\Administrator,,Task: \Microsoft\Windows\TextServicesFramework\MsCtfMonitor,Instance Id: 7e81ee44-bc3c-402f-b7f0-c22b3eab737e,,,,,,False,M:\Forensics\TrainingImages\AliHadi\Challenge1\tout\M\Forensics\TrainingImages\AliHadi\Challenge1\s4a-challenge4\Windows\System32\winevt\logs\Microsoft-Windows-TaskScheduler%4Operational.evtx,Classic,0,"{""EventData"":{""@Name"":""TaskStartEvent"",""Data"":[{""@Name"":""TaskName"",""#text"":""\\Microsoft\\Windows\\TextServicesFramework\\MsCtfMonitor""},{""@Name"":""UserContext"",""#text"":""WIN-L0ZZQ76PMUF\\Administrator""},{""@Name"":""InstanceId"",""#text"":""7e81ee44-bc3c-402f-b7f0-c22b3eab737e""}]}}"
208,208,2015-08-23 22:14:42.6080000,319,Info,Microsoft-Windows-TaskScheduler,Microsoft-Windows-TaskScheduler/Operational,1160,1344,WIN-L0ZZQ76PMUF,1,S-1-5-21-3848053756-3249532031-1848221756-500,,,,,,,,,,,False,M:\Forensics\TrainingImages\AliHadi\Challenge1\tout\M\Forensics\TrainingImages\AliHadi\Challenge1\s4a-challenge4\Windows\System32\winevt\logs\Microsoft-Windows-TaskScheduler%4Operational.evtx,Classic,0,"{""EventData"":{""@Name"":""TaskEngineProcessReceivedStartTask"",""Data"":[{""@Name"":""TaskEngineName"",""#text"":""S-1-5-21-3848053756-3249532031-1848221756-500:WIN-L0ZZQ76PMUF\\Administrator:Interactive:[1]""},{""@Name"":""TaskName"",""#text"":""\\Microsoft\\Windows\\Multimedia\\SystemSoundsService""}]}}"
209,209,2015-08-23 22:14:42.6705000,200,Info,Microsoft-Windows-TaskScheduler,Microsoft-Windows-TaskScheduler/Operational,1160,1424,WIN-L0ZZQ76PMUF,1,S-1-5-21-3848053756-3249532031-1848221756-500,Scheduled Task executed,,,Task: \Microsoft\Windows\TextServicesFramework\MsCtfMonitor,Instance Id: 7e81ee44-bc3c-402f-b7f0-c22b3eab737e,,,,,MsCtfMonitor task handler,False,M:\Forensics\TrainingImages\AliHadi\Challenge1\tout\M\Forensics\TrainingImages\AliHadi\Challenge1\s4a-challenge4\Windows\System32\winevt\logs\Microsoft-Windows-TaskScheduler%4Operational.evtx,Classic,0,"{""EventData"":{""@Name"":""ActionStart"",""Data"":[{""@Name"":""TaskName"",""#text"":""\\Microsoft\\Windows\\TextServicesFramework\\MsCtfMonitor""},{""@Name"":""ActionName"",""#text"":""MsCtfMonitor task handler""},{""@Name"":""TaskInstanceId"",""#text"":""7e81ee44-bc3c-402f-b7f0-c22b3eab737e""}]}}"
210,210,2015-08-23 22:14:42.7173750,100,Info,Microsoft-Windows-TaskScheduler,Microsoft-Windows-TaskScheduler/Operational,1160,1344,WIN-L0ZZQ76PMUF,1,S-1-5-21-3848053756-3249532031-1848221756-500,Scheduled Task started,Context: WIN-L0ZZQ76PMUF\Administrator,,Task: \Microsoft\Windows\Multimedia\SystemSoundsService,Instance Id: 1511e0e1-7c08-49ea-9d72-b598b1ae7da8,,,,,,False,M:\Forensics\TrainingImages\AliHadi\Challenge1\tout\M\Forensics\TrainingImages\AliHadi\Challenge1\s4a-challenge4\Windows\System32\winevt\logs\Microsoft-Windows-TaskScheduler%4Operational.evtx,Classic,0,"{""EventData"":{""@Name"":""TaskStartEvent"",""Data"":[{""@Name"":""TaskName"",""#text"":""\\Microsoft\\Windows\\Multimedia\\SystemSoundsService""},{""@Name"":""UserContext"",""#text"":""WIN-L0ZZQ76PMUF\\Administrator""},{""@Name"":""InstanceId"",""#text"":""1511e0e1-7c08-49ea-9d72-b598b1ae7da8""}]}}"
211,211,2015-08-23 22:14:43.1705000,200,Info,Microsoft-Windows-TaskScheduler,Microsoft-Windows-TaskScheduler/Operational,1160,1076,WIN-L0ZZQ76PMUF,1,S-1-5-21-3848053756-3249532031-1848221756-500,Scheduled Task executed,,,Task: \Microsoft\Windows\Multimedia\SystemSoundsService,Instance Id: 1511e0e1-7c08-49ea-9d72-b598b1ae7da8,,,,,Microsoft PlaySoundService Class,False,M:\Forensics\TrainingImages\AliHadi\Challenge1\tout\M\Forensics\TrainingImages\AliHadi\Challenge1\s4a-challenge4\Windows\System32\winevt\logs\Microsoft-Windows-TaskScheduler%4Operational.evtx,Classic,0,"{""EventData"":{""@Name"":""ActionStart"",""Data"":[{""@Name"":""TaskName"",""#text"":""\\Microsoft\\Windows\\Multimedia\\SystemSoundsService""},{""@Name"":""ActionName"",""#text"":""Microsoft PlaySoundService Class""},{""@Name"":""TaskInstanceId"",""#text"":""1511e0e1-7c08-49ea-9d72-b598b1ae7da8""}]}}"
212,212,2015-08-23 22:14:43.2173750,129,Info,Microsoft-Windows-TaskScheduler,Microsoft-Windows-TaskScheduler/Operational,1160,1420,WIN-L0ZZQ76PMUF,1,S-1-5-21-3848053756-3249532031-1848221756-500,Scheduled Task created,,,Task: \Microsoft\Windows\Server Manager\ServerManager,ProcessID: 1400,,,,,C:\Windows\system32\ServerManagerLauncher.exe,False,M:\Forensics\TrainingImages\AliHadi\Challenge1\tout\M\Forensics\TrainingImages\AliHadi\Challenge1\s4a-challenge4\Windows\System32\winevt\logs\Microsoft-Windows-TaskScheduler%4Operational.evtx,Classic,0,"{""EventData"":{""@Name"":""CreatedTaskProcess"",""Data"":[{""@Name"":""TaskName"",""#text"":""\\Microsoft\\Windows\\Server Manager\\ServerManager""},{""@Name"":""Path"",""#text"":""C:\\Windows\\system32\\ServerManagerLauncher.exe""},{""@Name"":""ProcessID"",""#text"":""1400""},{""@Name"":""Priority"",""#text"":""5""}]}}"
213,213,2015-08-23 22:14:47.1080000,319,Info,Microsoft-Windows-TaskScheduler,Microsoft-Windows-TaskScheduler/Operational,1160,1088,WIN-L0ZZQ76PMUF,1,S-1-5-21-3848053756-3249532031-1848221756-500,,,,,,,,,,,False,M:\Forensics\TrainingImages\AliHadi\Challenge1\tout\M\Forensics\TrainingImages\AliHadi\Challenge1\s4a-challenge4\Windows\System32\winevt\logs\Microsoft-Windows-TaskScheduler%4Operational.evtx,Classic,0,"{""EventData"":{""@Name"":""TaskEngineProcessReceivedStartTask"",""Data"":[{""@Name"":""TaskEngineName"",""#text"":""S-1-5-21-3848053756-3249532031-1848221756-500:WIN-L0ZZQ76PMUF\\Administrator:Interactive:[1]""},{""@Name"":""TaskName"",""#text"":""\\Microsoft\\Windows\\NetworkAccessProtection\\NAPStatus UI""}]}}"
214,214,2015-08-23 22:14:47.1236250,100,Info,Microsoft-Windows-TaskScheduler,Microsoft-Windows-TaskScheduler/Operational,1160,1088,WIN-L0ZZQ76PMUF,1,S-1-5-21-3848053756-3249532031-1848221756-500,Scheduled Task started,Context: WIN-L0ZZQ76PMUF\Administrator,,Task: \Microsoft\Windows\NetworkAccessProtection\NAPStatus UI,Instance Id: 04f33622-768a-484e-b6db-c4e31f099c0f,,,,,,False,M:\Forensics\TrainingImages\AliHadi\Challenge1\tout\M\Forensics\TrainingImages\AliHadi\Challenge1\s4a-challenge4\Windows\System32\winevt\logs\Microsoft-Windows-TaskScheduler%4Operational.evtx,Classic,0,"{""EventData"":{""@Name"":""TaskStartEvent"",""Data"":[{""@Name"":""TaskName"",""#text"":""\\Microsoft\\Windows\\NetworkAccessProtection\\NAPStatus UI""},{""@Name"":""UserContext"",""#text"":""WIN-L0ZZQ76PMUF\\Administrator""},{""@Name"":""InstanceId"",""#text"":""04f33622-768a-484e-b6db-c4e31f099c0f""}]}}"
215,215,2015-08-23 22:14:47.1236250,200,Info,Microsoft-Windows-TaskScheduler,Microsoft-Windows-TaskScheduler/Operational,1160,2024,WIN-L0ZZQ76PMUF,1,S-1-5-21-3848053756-3249532031-1848221756-500,Scheduled Task executed,,,Task: \Microsoft\Windows\NetworkAccessProtection\NAPStatus UI,Instance Id: 04f33622-768a-484e-b6db-c4e31f099c0f,,,,,Nap ITask Handler Implementation,False,M:\Forensics\TrainingImages\AliHadi\Challenge1\tout\M\Forensics\TrainingImages\AliHadi\Challenge1\s4a-challenge4\Windows\System32\winevt\logs\Microsoft-Windows-TaskScheduler%4Operational.evtx,Classic,0,"{""EventData"":{""@Name"":""ActionStart"",""Data"":[{""@Name"":""TaskName"",""#text"":""\\Microsoft\\Windows\\NetworkAccessProtection\\NAPStatus UI""},{""@Name"":""ActionName"",""#text"":""Nap ITask Handler Implementation""},{""@Name"":""TaskInstanceId"",""#text"":""04f33622-768a-484e-b6db-c4e31f099c0f""}]}}"
216,216,2015-08-23 22:14:50.1236250,329,Info,Microsoft-Windows-TaskScheduler,Microsoft-Windows-TaskScheduler/Operational,1160,2024,WIN-L0ZZQ76PMUF,1,S-1-5-21-3848053756-3249532031-1848221756-500,,,,,,,,,,,False,M:\Forensics\TrainingImages\AliHadi\Challenge1\tout\M\Forensics\TrainingImages\AliHadi\Challenge1\s4a-challenge4\Windows\System32\winevt\logs\Microsoft-Windows-TaskScheduler%4Operational.evtx,Classic,0,"{""EventData"":{""@Name"":""StoppedOnTimeout"",""Data"":[{""@Name"":""TaskName"",""#text"":""\\Microsoft\\Windows\\NetworkAccessProtection\\NAPStatus UI""},{""@Name"":""TaskInstanceId"",""#text"":""04f33622-768a-484e-b6db-c4e31f099c0f""}]}}"
217,217,2015-08-23 22:14:50.1236250,111,Info,Microsoft-Windows-TaskScheduler,Microsoft-Windows-TaskScheduler/Operational,1160,2024,WIN-L0ZZQ76PMUF,1,S-1-5-21-3848053756-3249532031-1848221756-500,,,,,,,,,,,False,M:\Forensics\TrainingImages\AliHadi\Challenge1\tout\M\Forensics\TrainingImages\AliHadi\Challenge1\s4a-challenge4\Windows\System32\winevt\logs\Microsoft-Windows-TaskScheduler%4Operational.evtx,Classic,0,"{""EventData"":{""@Name"":""TaskTerminationEvent"",""Data"":[{""@Name"":""TaskName"",""#text"":""\\Microsoft\\Windows\\NetworkAccessProtection\\NAPStatus UI""},{""@Name"":""InstanceId"",""#text"":""04f33622-768a-484e-b6db-c4e31f099c0f""}]}}"
218,218,2015-08-23 22:14:54.9673750,201,Info,Microsoft-Windows-TaskScheduler,Microsoft-Windows-TaskScheduler/Operational,1160,1420,WIN-L0ZZQ76PMUF,1,S-1-5-21-3848053756-3249532031-1848221756-500,Scheduled Task completed,,,Task: \Microsoft\Windows\Server Manager\ServerManager,Instance Id: 3f1dddc9-eef8-4c5c-b739-75660dcef7f2,,,,,C:\Windows\system32\ServerManagerLauncher.exe,False,M:\Forensics\TrainingImages\AliHadi\Challenge1\tout\M\Forensics\TrainingImages\AliHadi\Challenge1\s4a-challenge4\Windows\System32\winevt\logs\Microsoft-Windows-TaskScheduler%4Operational.evtx,Classic,0,"{""EventData"":{""@Name"":""ActionSuccess"",""Data"":[{""@Name"":""TaskName"",""#text"":""\\Microsoft\\Windows\\Server Manager\\ServerManager""},{""@Name"":""TaskInstanceId"",""#text"":""3f1dddc9-eef8-4c5c-b739-75660dcef7f2""},{""@Name"":""ActionName"",""#text"":""C:\\Windows\\system32\\ServerManagerLauncher.exe""},{""@Name"":""ResultCode"",""#text"":""0""}]}}"
219,219,2015-08-23 22:14:54.9673750,102,Info,Microsoft-Windows-TaskScheduler,Microsoft-Windows-TaskScheduler/Operational,1160,1420,WIN-L0ZZQ76PMUF,1,S-1-5-21-3848053756-3249532031-1848221756-500,Scheduled Task completed,Context: WIN-L0ZZQ76PMUF\Administrator,,Task: \Microsoft\Windows\Server Manager\ServerManager,Instance Id: 3f1dddc9-eef8-4c5c-b739-75660dcef7f2,,,,,,False,M:\Forensics\TrainingImages\AliHadi\Challenge1\tout\M\Forensics\TrainingImages\AliHadi\Challenge1\s4a-challenge4\Windows\System32\winevt\logs\Microsoft-Windows-TaskScheduler%4Operational.evtx,Classic,0,"{""EventData"":{""@Name"":""TaskSuccessEvent"",""Data"":[{""@Name"":""TaskName"",""#text"":""\\Microsoft\\Windows\\Server Manager\\ServerManager""},{""@Name"":""UserContext"",""#text"":""WIN-L0ZZQ76PMUF\\Administrator""},{""@Name"":""InstanceId"",""#text"":""3f1dddc9-eef8-4c5c-b739-75660dcef7f2""}]}}"
220,220,2015-08-23 22:15:15.1080000,319,Info,Microsoft-Windows-TaskScheduler,Microsoft-Windows-TaskScheduler/Operational,1772,1864,WIN-L0ZZQ76PMUF,1,S-1-5-18,,,,,,,,,,,False,M:\Forensics\TrainingImages\AliHadi\Challenge1\tout\M\Forensics\TrainingImages\AliHadi\Challenge1\s4a-challenge4\Windows\System32\winevt\logs\Microsoft-Windows-TaskScheduler%4Operational.evtx,Classic,0,"{""EventData"":{""@Name"":""TaskEngineProcessReceivedStartTask"",""Data"":[{""@Name"":""TaskEngineName"",""#text"":""S-1-5-18:NT AUTHORITY\\System:Service:""},{""@Name"":""TaskName"",""#text"":""\\Microsoft\\Windows\\CertificateServicesClient\\SystemTask""}]}}"
221,221,2015-08-23 22:15:15.1392500,100,Info,Microsoft-Windows-TaskScheduler,Microsoft-Windows-TaskScheduler/Operational,1772,1864,WIN-L0ZZQ76PMUF,1,S-1-5-18,Scheduled Task started,Context: WORKGROUP\WIN-L0ZZQ76PMUF$,,Task: \Microsoft\Windows\CertificateServicesClient\SystemTask,Instance Id: 23ce8af0-ffcd-4400-9c03-635694993849,,,,,,False,M:\Forensics\TrainingImages\AliHadi\Challenge1\tout\M\Forensics\TrainingImages\AliHadi\Challenge1\s4a-challenge4\Windows\System32\winevt\logs\Microsoft-Windows-TaskScheduler%4Operational.evtx,Classic,0,"{""EventData"":{""@Name"":""TaskStartEvent"",""Data"":[{""@Name"":""TaskName"",""#text"":""\\Microsoft\\Windows\\CertificateServicesClient\\SystemTask""},{""@Name"":""UserContext"",""#text"":""WORKGROUP\\WIN-L0ZZQ76PMUF$""},{""@Name"":""InstanceId"",""#text"":""23ce8af0-ffcd-4400-9c03-635694993849""}]}}"
222,222,2015-08-23 22:15:15.1392500,200,Info,Microsoft-Windows-TaskScheduler,Microsoft-Windows-TaskScheduler/Operational,1772,1992,WIN-L0ZZQ76PMUF,1,S-1-5-18,Scheduled Task executed,,,Task: \Microsoft\Windows\CertificateServicesClient\SystemTask,Instance Id: 23ce8af0-ffcd-4400-9c03-635694993849,,,,,Certificate Services Client Task Handler,False,M:\Forensics\TrainingImages\AliHadi\Challenge1\tout\M\Forensics\TrainingImages\AliHadi\Challenge1\s4a-challenge4\Windows\System32\winevt\logs\Microsoft-Windows-TaskScheduler%4Operational.evtx,Classic,0,"{""EventData"":{""@Name"":""ActionStart"",""Data"":[{""@Name"":""TaskName"",""#text"":""\\Microsoft\\Windows\\CertificateServicesClient\\SystemTask""},{""@Name"":""ActionName"",""#text"":""Certificate Services Client Task Handler""},{""@Name"":""TaskInstanceId"",""#text"":""23ce8af0-ffcd-4400-9c03-635694993849""}]}}"
223,223,2015-08-23 10:29:58.1046250,700,Info,Microsoft-Windows-TaskScheduler,Microsoft-Windows-TaskScheduler/Operational,1024,1304,WIN-L0ZZQ76PMUF,1,S-1-5-18,,,,,,,,,,,False,M:\Forensics\TrainingImages\AliHadi\Challenge1\tout\M\Forensics\TrainingImages\AliHadi\Challenge1\s4a-challenge4\Windows\System32\winevt\logs\Microsoft-Windows-TaskScheduler%4Operational.evtx,Classic,0,"{""EventData"":{""@Name"":""CompatibilityAdapterLaunch""}}"
224,224,2015-08-23 10:29:58.1202500,400,Info,Microsoft-Windows-TaskScheduler,Microsoft-Windows-TaskScheduler/Operational,1024,1304,WIN-L0ZZQ76PMUF,1,S-1-5-18,,,,,,,,,,,False,M:\Forensics\TrainingImages\AliHadi\Challenge1\tout\M\Forensics\TrainingImages\AliHadi\Challenge1\s4a-challenge4\Windows\System32\winevt\logs\Microsoft-Windows-TaskScheduler%4Operational.evtx,Classic,0,"{""EventData"":{""@Name"":""ServiceStartEvent""}}"
225,225,2015-08-23 10:29:58.1202500,118,Info,Microsoft-Windows-TaskScheduler,Microsoft-Windows-TaskScheduler/Operational,1024,1304,WIN-L0ZZQ76PMUF,1,S-1-5-18,,,,,,,,,,,False,M:\Forensics\TrainingImages\AliHadi\Challenge1\tout\M\Forensics\TrainingImages\AliHadi\Challenge1\s4a-challenge4\Windows\System32\winevt\logs\Microsoft-Windows-TaskScheduler%4Operational.evtx,Classic,0,"{""EventData"":{""@Name"":""BootTrigger"",""Data"":[{""@Name"":""TaskName"",""#text"":""\\Microsoft\\Windows\\CertificateServicesClient\\SystemTask""},{""@Name"":""InstanceId"",""#text"":""904f38fd-5192-4d19-9028-b29070f117a9""}]}}"
226,226,2015-08-23 10:29:58.1202500,118,Info,Microsoft-Windows-TaskScheduler,Microsoft-Windows-TaskScheduler/Operational,1024,1304,WIN-L0ZZQ76PMUF,1,S-1-5-18,,,,,,,,,,,False,M:\Forensics\TrainingImages\AliHadi\Challenge1\tout\M\Forensics\TrainingImages\AliHadi\Challenge1\s4a-challenge4\Windows\System32\winevt\logs\Microsoft-Windows-TaskScheduler%4Operational.evtx,Classic,0,"{""EventData"":{""@Name"":""BootTrigger"",""Data"":[{""@Name"":""TaskName"",""#text"":""\\Microsoft\\Windows\\RAC\\RACAgent""},{""@Name"":""InstanceId"",""#text"":""b0e86d2a-e108-471c-a805-aa7f1800a8f0""}]}}"
227,227,2015-08-23 10:30:08.4171250,310,Info,Microsoft-Windows-TaskScheduler,Microsoft-Windows-TaskScheduler/Operational,1024,1316,WIN-L0ZZQ76PMUF,1,S-1-5-18,,,,,,,,,,,False,M:\Forensics\TrainingImages\AliHadi\Challenge1\tout\M\Forensics\TrainingImages\AliHadi\Challenge1\s4a-challenge4\Windows\System32\winevt\logs\Microsoft-Windows-TaskScheduler%4Operational.evtx,Classic,0,"{""EventData"":{""@Name"":""TaskEngineProcessStarted"",""Data"":[{""@Name"":""TaskEngineName"",""#text"":""S-1-5-18:NT AUTHORITY\\System:Service:""},{""@Name"":""Command"",""#text"":""taskeng.exe""},{""@Name"":""ProcessID"",""#text"":""1984""},{""@Name"":""ThreadID"",""#text"":""1988""}]}}"
228,228,2015-08-23 10:30:08.6671250,317,Info,Microsoft-Windows-TaskScheduler,Microsoft-Windows-TaskScheduler/Operational,1984,1988,WIN-L0ZZQ76PMUF,1,S-1-5-18,,,,,,,,,,,False,M:\Forensics\TrainingImages\AliHadi\Challenge1\tout\M\Forensics\TrainingImages\AliHadi\Challenge1\s4a-challenge4\Windows\System32\winevt\logs\Microsoft-Windows-TaskScheduler%4Operational.evtx,Classic,0,"{""EventData"":{""@Name"":""TaskEngineProcessMainStarted"",""Data"":{""@Name"":""TaskEngineName"",""#text"":""S-1-5-18:NT AUTHORITY\\System:Service:""}}}"
229,229,2015-08-23 10:30:08.7765000,319,Info,Microsoft-Windows-TaskScheduler,Microsoft-Windows-TaskScheduler/Operational,1984,2000,WIN-L0ZZQ76PMUF,1,S-1-5-18,,,,,,,,,,,False,M:\Forensics\TrainingImages\AliHadi\Challenge1\tout\M\Forensics\TrainingImages\AliHadi\Challenge1\s4a-challenge4\Windows\System32\winevt\logs\Microsoft-Windows-TaskScheduler%4Operational.evtx,Classic,0,"{""EventData"":{""@Name"":""TaskEngineProcessReceivedStartTask"",""Data"":[{""@Name"":""TaskEngineName"",""#text"":""S-1-5-18:NT AUTHORITY\\System:Service:""},{""@Name"":""TaskName"",""#text"":""\\Microsoft\\Windows\\CertificateServicesClient\\SystemTask""}]}}"
230,230,2015-08-23 10:30:08.8077500,100,Info,Microsoft-Windows-TaskScheduler,Microsoft-Windows-TaskScheduler/Operational,1984,2000,WIN-L0ZZQ76PMUF,1,S-1-5-18,Scheduled Task started,Context: WORKGROUP\WIN-L0ZZQ76PMUF$,,Task: \Microsoft\Windows\CertificateServicesClient\SystemTask,Instance Id: 904f38fd-5192-4d19-9028-b29070f117a9,,,,,,False,M:\Forensics\TrainingImages\AliHadi\Challenge1\tout\M\Forensics\TrainingImages\AliHadi\Challenge1\s4a-challenge4\Windows\System32\winevt\logs\Microsoft-Windows-TaskScheduler%4Operational.evtx,Classic,0,"{""EventData"":{""@Name"":""TaskStartEvent"",""Data"":[{""@Name"":""TaskName"",""#text"":""\\Microsoft\\Windows\\CertificateServicesClient\\SystemTask""},{""@Name"":""UserContext"",""#text"":""WORKGROUP\\WIN-L0ZZQ76PMUF$""},{""@Name"":""InstanceId"",""#text"":""904f38fd-5192-4d19-9028-b29070f117a9""}]}}"
231,231,2015-08-23 10:30:08.8077500,200,Info,Microsoft-Windows-TaskScheduler,Microsoft-Windows-TaskScheduler/Operational,1984,2012,WIN-L0ZZQ76PMUF,1,S-1-5-18,Scheduled Task executed,,,Task: \Microsoft\Windows\CertificateServicesClient\SystemTask,Instance Id: 904f38fd-5192-4d19-9028-b29070f117a9,,,,,Certificate Services Client Task Handler,False,M:\Forensics\TrainingImages\AliHadi\Challenge1\tout\M\Forensics\TrainingImages\AliHadi\Challenge1\s4a-challenge4\Windows\System32\winevt\logs\Microsoft-Windows-TaskScheduler%4Operational.evtx,Classic,0,"{""EventData"":{""@Name"":""ActionStart"",""Data"":[{""@Name"":""TaskName"",""#text"":""\\Microsoft\\Windows\\CertificateServicesClient\\SystemTask""},{""@Name"":""ActionName"",""#text"":""Certificate Services Client Task Handler""},{""@Name"":""TaskInstanceId"",""#text"":""904f38fd-5192-4d19-9028-b29070f117a9""}]}}"
232,232,2015-08-23 10:30:34.2452500,119,Info,Microsoft-Windows-TaskScheduler,Microsoft-Windows-TaskScheduler/Operational,1024,1028,WIN-L0ZZQ76PMUF,1,S-1-5-18,Scheduled Task triggered on logon,WIN-L0ZZQ76PMUF\Administrator,,Task: \Microsoft\Windows\CertificateServicesClient\UserTask,Instance Id: e7a29ec8-c2d4-4c36-851e-48d1dd5634da,,,,,,False,M:\Forensics\TrainingImages\AliHadi\Challenge1\tout\M\Forensics\TrainingImages\AliHadi\Challenge1\s4a-challenge4\Windows\System32\winevt\logs\Microsoft-Windows-TaskScheduler%4Operational.evtx,Classic,0,"{""EventData"":{""@Name"":""LogonTrigger"",""Data"":[{""@Name"":""TaskName"",""#text"":""\\Microsoft\\Windows\\CertificateServicesClient\\UserTask""},{""@Name"":""UserName"",""#text"":""WIN-L0ZZQ76PMUF\\Administrator""},{""@Name"":""InstanceId"",""#text"":""e7a29ec8-c2d4-4c36-851e-48d1dd5634da""}]}}"
233,233,2015-08-23 10:30:34.2452500,119,Info,Microsoft-Windows-TaskScheduler,Microsoft-Windows-TaskScheduler/Operational,1024,1028,WIN-L0ZZQ76PMUF,1,S-1-5-18,Scheduled Task triggered on logon,WIN-L0ZZQ76PMUF\Administrator,,Task: \Microsoft\Windows\Windows Error Reporting\QueueReporting,Instance Id: f1b7436b-57bf-4a08-974c-7eac263985c8,,,,,,False,M:\Forensics\TrainingImages\AliHadi\Challenge1\tout\M\Forensics\TrainingImages\AliHadi\Challenge1\s4a-challenge4\Windows\System32\winevt\logs\Microsoft-Windows-TaskScheduler%4Operational.evtx,Classic,0,"{""EventData"":{""@Name"":""LogonTrigger"",""Data"":[{""@Name"":""TaskName"",""#text"":""\\Microsoft\\Windows\\Windows Error Reporting\\QueueReporting""},{""@Name"":""UserName"",""#text"":""WIN-L0ZZQ76PMUF\\Administrator""},{""@Name"":""InstanceId"",""#text"":""f1b7436b-57bf-4a08-974c-7eac263985c8""}]}}"
234,234,2015-08-23 10:30:34.2452500,119,Info,Microsoft-Windows-TaskScheduler,Microsoft-Windows-TaskScheduler/Operational,1024,1028,WIN-L0ZZQ76PMUF,1,S-1-5-18,Scheduled Task triggered on logon,WIN-L0ZZQ76PMUF\Administrator,,Task: \Microsoft\Windows\TextServicesFramework\MsCtfMonitor,Instance Id: 59e57cbc-45f1-4187-8ed9-dc74b97acfa4,,,,,,False,M:\Forensics\TrainingImages\AliHadi\Challenge1\tout\M\Forensics\TrainingImages\AliHadi\Challenge1\s4a-challenge4\Windows\System32\winevt\logs\Microsoft-Windows-TaskScheduler%4Operational.evtx,Classic,0,"{""EventData"":{""@Name"":""LogonTrigger"",""Data"":[{""@Name"":""TaskName"",""#text"":""\\Microsoft\\Windows\\TextServicesFramework\\MsCtfMonitor""},{""@Name"":""UserName"",""#text"":""WIN-L0ZZQ76PMUF\\Administrator""},{""@Name"":""InstanceId"",""#text"":""59e57cbc-45f1-4187-8ed9-dc74b97acfa4""}]}}"
235,235,2015-08-23 10:30:34.2452500,119,Info,Microsoft-Windows-TaskScheduler,Microsoft-Windows-TaskScheduler/Operational,1024,1028,WIN-L0ZZQ76PMUF,1,S-1-5-18,Scheduled Task triggered on logon,WIN-L0ZZQ76PMUF\Administrator,,Task: \Microsoft\Windows\NetworkAccessProtection\NAPStatus UI,Instance Id: 9efbc7d4-d1df-47d6-8c77-7aec9b66defc,,,,,,False,M:\Forensics\TrainingImages\AliHadi\Challenge1\tout\M\Forensics\TrainingImages\AliHadi\Challenge1\s4a-challenge4\Windows\System32\winevt\logs\Microsoft-Windows-TaskScheduler%4Operational.evtx,Classic,0,"{""EventData"":{""@Name"":""LogonTrigger"",""Data"":[{""@Name"":""TaskName"",""#text"":""\\Microsoft\\Windows\\NetworkAccessProtection\\NAPStatus UI""},{""@Name"":""UserName"",""#text"":""WIN-L0ZZQ76PMUF\\Administrator""},{""@Name"":""InstanceId"",""#text"":""9efbc7d4-d1df-47d6-8c77-7aec9b66defc""}]}}"
236,236,2015-08-23 10:30:34.2452500,119,Info,Microsoft-Windows-TaskScheduler,Microsoft-Windows-TaskScheduler/Operational,1024,1028,WIN-L0ZZQ76PMUF,1,S-1-5-18,Scheduled Task triggered on logon,WIN-L0ZZQ76PMUF\Administrator,,Task: \Microsoft\Windows\Server Manager\ServerManager,Instance Id: b9622676-80d7-4071-ba60-7b7eb9ef5212,,,,,,False,M:\Forensics\TrainingImages\AliHadi\Challenge1\tout\M\Forensics\TrainingImages\AliHadi\Challenge1\s4a-challenge4\Windows\System32\winevt\logs\Microsoft-Windows-TaskScheduler%4Operational.evtx,Classic,0,"{""EventData"":{""@Name"":""LogonTrigger"",""Data"":[{""@Name"":""TaskName"",""#text"":""\\Microsoft\\Windows\\Server Manager\\ServerManager""},{""@Name"":""UserName"",""#text"":""WIN-L0ZZQ76PMUF\\Administrator""},{""@Name"":""InstanceId"",""#text"":""b9622676-80d7-4071-ba60-7b7eb9ef5212""}]}}"
237,237,2015-08-23 10:30:34.2452500,119,Info,Microsoft-Windows-TaskScheduler,Microsoft-Windows-TaskScheduler/Operational,1024,1028,WIN-L0ZZQ76PMUF,1,S-1-5-18,Scheduled Task triggered on logon,WIN-L0ZZQ76PMUF\Administrator,,Task: \Microsoft\Windows\Multimedia\SystemSoundsService,Instance Id: 2fe58e1a-4fdb-4094-8f50-b4b3221cd17f,,,,,,False,M:\Forensics\TrainingImages\AliHadi\Challenge1\tout\M\Forensics\TrainingImages\AliHadi\Challenge1\s4a-challenge4\Windows\System32\winevt\logs\Microsoft-Windows-TaskScheduler%4Operational.evtx,Classic,0,"{""EventData"":{""@Name"":""LogonTrigger"",""Data"":[{""@Name"":""TaskName"",""#text"":""\\Microsoft\\Windows\\Multimedia\\SystemSoundsService""},{""@Name"":""UserName"",""#text"":""WIN-L0ZZQ76PMUF\\Administrator""},{""@Name"":""InstanceId"",""#text"":""2fe58e1a-4fdb-4094-8f50-b4b3221cd17f""}]}}"
238,238,2015-08-23 10:30:34.2608750,310,Info,Microsoft-Windows-TaskScheduler,Microsoft-Windows-TaskScheduler/Operational,1024,1316,WIN-L0ZZQ76PMUF,1,S-1-5-18,,,,,,,,,,,False,M:\Forensics\TrainingImages\AliHadi\Challenge1\tout\M\Forensics\TrainingImages\AliHadi\Challenge1\s4a-challenge4\Windows\System32\winevt\logs\Microsoft-Windows-TaskScheduler%4Operational.evtx,Classic,0,"{""EventData"":{""@Name"":""TaskEngineProcessStarted"",""Data"":[{""@Name"":""TaskEngineName"",""#text"":""S-1-5-21-3848053756-3249532031-1848221756-500:WIN-L0ZZQ76PMUF\\Administrator:Interactive:[1]""},{""@Name"":""Command"",""#text"":""taskeng.exe""},{""@Name"":""ProcessID"",""#text"":""1444""},{""@Name"":""ThreadID"",""#text"":""1408""}]}}"
239,239,2015-08-23 10:30:34.4015000,317,Info,Microsoft-Windows-TaskScheduler,Microsoft-Windows-TaskScheduler/Operational,1444,1408,WIN-L0ZZQ76PMUF,1,S-1-5-21-3848053756-3249532031-1848221756-500,,,,,,,,,,,False,M:\Forensics\TrainingImages\AliHadi\Challenge1\tout\M\Forensics\TrainingImages\AliHadi\Challenge1\s4a-challenge4\Windows\System32\winevt\logs\Microsoft-Windows-TaskScheduler%4Operational.evtx,Classic,0,"{""EventData"":{""@Name"":""TaskEngineProcessMainStarted"",""Data"":{""@Name"":""TaskEngineName"",""#text"":""S-1-5-21-3848053756-3249532031-1848221756-500:WIN-L0ZZQ76PMUF\\Administrator:Interactive:[1]""}}}"
240,240,2015-08-23 10:30:34.4015000,319,Info,Microsoft-Windows-TaskScheduler,Microsoft-Windows-TaskScheduler/Operational,1444,1668,WIN-L0ZZQ76PMUF,1,S-1-5-21-3848053756-3249532031-1848221756-500,,,,,,,,,,,False,M:\Forensics\TrainingImages\AliHadi\Challenge1\tout\M\Forensics\TrainingImages\AliHadi\Challenge1\s4a-challenge4\Windows\System32\winevt\logs\Microsoft-Windows-TaskScheduler%4Operational.evtx,Classic,0,"{""EventData"":{""@Name"":""TaskEngineProcessReceivedStartTask"",""Data"":[{""@Name"":""TaskEngineName"",""#text"":""S-1-5-21-3848053756-3249532031-1848221756-500:WIN-L0ZZQ76PMUF\\Administrator:Interactive:[1]""},{""@Name"":""TaskName"",""#text"":""\\Microsoft\\Windows\\Server Manager\\ServerManager""}]}}"
241,241,2015-08-23 10:30:34.4327500,100,Info,Microsoft-Windows-TaskScheduler,Microsoft-Windows-TaskScheduler/Operational,1444,1668,WIN-L0ZZQ76PMUF,1,S-1-5-21-3848053756-3249532031-1848221756-500,Scheduled Task started,Context: WIN-L0ZZQ76PMUF\Administrator,,Task: \Microsoft\Windows\Server Manager\ServerManager,Instance Id: b9622676-80d7-4071-ba60-7b7eb9ef5212,,,,,,False,M:\Forensics\TrainingImages\AliHadi\Challenge1\tout\M\Forensics\TrainingImages\AliHadi\Challenge1\s4a-challenge4\Windows\System32\winevt\logs\Microsoft-Windows-TaskScheduler%4Operational.evtx,Classic,0,"{""EventData"":{""@Name"":""TaskStartEvent"",""Data"":[{""@Name"":""TaskName"",""#text"":""\\Microsoft\\Windows\\Server Manager\\ServerManager""},{""@Name"":""UserContext"",""#text"":""WIN-L0ZZQ76PMUF\\Administrator""},{""@Name"":""InstanceId"",""#text"":""b9622676-80d7-4071-ba60-7b7eb9ef5212""}]}}"
242,242,2015-08-23 10:30:34.4327500,200,Info,Microsoft-Windows-TaskScheduler,Microsoft-Windows-TaskScheduler/Operational,1444,1536,WIN-L0ZZQ76PMUF,1,S-1-5-21-3848053756-3249532031-1848221756-500,Scheduled Task executed,,,Task: \Microsoft\Windows\Server Manager\ServerManager,Instance Id: b9622676-80d7-4071-ba60-7b7eb9ef5212,,,,,%windir%\system32\ServerManagerLauncher.exe,False,M:\Forensics\TrainingImages\AliHadi\Challenge1\tout\M\Forensics\TrainingImages\AliHadi\Challenge1\s4a-challenge4\Windows\System32\winevt\logs\Microsoft-Windows-TaskScheduler%4Operational.evtx,Classic,0,"{""EventData"":{""@Name"":""ActionStart"",""Data"":[{""@Name"":""TaskName"",""#text"":""\\Microsoft\\Windows\\Server Manager\\ServerManager""},{""@Name"":""ActionName"",""#text"":""%windir%\\system32\\ServerManagerLauncher.exe""},{""@Name"":""TaskInstanceId"",""#text"":""b9622676-80d7-4071-ba60-7b7eb9ef5212""}]}}"
243,243,2015-08-23 10:30:34.4327500,319,Info,Microsoft-Windows-TaskScheduler,Microsoft-Windows-TaskScheduler/Operational,1444,1668,WIN-L0ZZQ76PMUF,1,S-1-5-21-3848053756-3249532031-1848221756-500,,,,,,,,,,,False,M:\Forensics\TrainingImages\AliHadi\Challenge1\tout\M\Forensics\TrainingImages\AliHadi\Challenge1\s4a-challenge4\Windows\System32\winevt\logs\Microsoft-Windows-TaskScheduler%4Operational.evtx,Classic,0,"{""EventData"":{""@Name"":""TaskEngineProcessReceivedStartTask"",""Data"":[{""@Name"":""TaskEngineName"",""#text"":""S-1-5-21-3848053756-3249532031-1848221756-500:WIN-L0ZZQ76PMUF\\Administrator:Interactive:[1]""},{""@Name"":""TaskName"",""#text"":""\\Microsoft\\Windows\\CertificateServicesClient\\UserTask""}]}}"
244,244,2015-08-23 10:30:34.4483750,100,Info,Microsoft-Windows-TaskScheduler,Microsoft-Windows-TaskScheduler/Operational,1444,1668,WIN-L0ZZQ76PMUF,1,S-1-5-21-3848053756-3249532031-1848221756-500,Scheduled Task started,Context: WIN-L0ZZQ76PMUF\Administrator,,Task: \Microsoft\Windows\CertificateServicesClient\UserTask,Instance Id: e7a29ec8-c2d4-4c36-851e-48d1dd5634da,,,,,,False,M:\Forensics\TrainingImages\AliHadi\Challenge1\tout\M\Forensics\TrainingImages\AliHadi\Challenge1\s4a-challenge4\Windows\System32\winevt\logs\Microsoft-Windows-TaskScheduler%4Operational.evtx,Classic,0,"{""EventData"":{""@Name"":""TaskStartEvent"",""Data"":[{""@Name"":""TaskName"",""#text"":""\\Microsoft\\Windows\\CertificateServicesClient\\UserTask""},{""@Name"":""UserContext"",""#text"":""WIN-L0ZZQ76PMUF\\Administrator""},{""@Name"":""InstanceId"",""#text"":""e7a29ec8-c2d4-4c36-851e-48d1dd5634da""}]}}"
245,245,2015-08-23 10:30:34.4640000,200,Info,Microsoft-Windows-TaskScheduler,Microsoft-Windows-TaskScheduler/Operational,1444,1808,WIN-L0ZZQ76PMUF,1,S-1-5-21-3848053756-3249532031-1848221756-500,Scheduled Task executed,,,Task: \Microsoft\Windows\CertificateServicesClient\UserTask,Instance Id: e7a29ec8-c2d4-4c36-851e-48d1dd5634da,,,,,Certificate Services Client Task Handler,False,M:\Forensics\TrainingImages\AliHadi\Challenge1\tout\M\Forensics\TrainingImages\AliHadi\Challenge1\s4a-challenge4\Windows\System32\winevt\logs\Microsoft-Windows-TaskScheduler%4Operational.evtx,Classic,0,"{""EventData"":{""@Name"":""ActionStart"",""Data"":[{""@Name"":""TaskName"",""#text"":""\\Microsoft\\Windows\\CertificateServicesClient\\UserTask""},{""@Name"":""ActionName"",""#text"":""Certificate Services Client Task Handler""},{""@Name"":""TaskInstanceId"",""#text"":""e7a29ec8-c2d4-4c36-851e-48d1dd5634da""}]}}"
246,246,2015-08-23 10:30:34.4640000,319,Info,Microsoft-Windows-TaskScheduler,Microsoft-Windows-TaskScheduler/Operational,1444,1668,WIN-L0ZZQ76PMUF,1,S-1-5-21-3848053756-3249532031-1848221756-500,,,,,,,,,,,False,M:\Forensics\TrainingImages\AliHadi\Challenge1\tout\M\Forensics\TrainingImages\AliHadi\Challenge1\s4a-challenge4\Windows\System32\winevt\logs\Microsoft-Windows-TaskScheduler%4Operational.evtx,Classic,0,"{""EventData"":{""@Name"":""TaskEngineProcessReceivedStartTask"",""Data"":[{""@Name"":""TaskEngineName"",""#text"":""S-1-5-21-3848053756-3249532031-1848221756-500:WIN-L0ZZQ76PMUF\\Administrator:Interactive:[1]""},{""@Name"":""TaskName"",""#text"":""\\Microsoft\\Windows\\TextServicesFramework\\MsCtfMonitor""}]}}"
247,247,2015-08-23 10:30:34.4796250,100,Info,Microsoft-Windows-TaskScheduler,Microsoft-Windows-TaskScheduler/Operational,1444,1668,WIN-L0ZZQ76PMUF,1,S-1-5-21-3848053756-3249532031-1848221756-500,Scheduled Task started,Context: WIN-L0ZZQ76PMUF\Administrator,,Task: \Microsoft\Windows\TextServicesFramework\MsCtfMonitor,Instance Id: 59e57cbc-45f1-4187-8ed9-dc74b97acfa4,,,,,,False,M:\Forensics\TrainingImages\AliHadi\Challenge1\tout\M\Forensics\TrainingImages\AliHadi\Challenge1\s4a-challenge4\Windows\System32\winevt\logs\Microsoft-Windows-TaskScheduler%4Operational.evtx,Classic,0,"{""EventData"":{""@Name"":""TaskStartEvent"",""Data"":[{""@Name"":""TaskName"",""#text"":""\\Microsoft\\Windows\\TextServicesFramework\\MsCtfMonitor""},{""@Name"":""UserContext"",""#text"":""WIN-L0ZZQ76PMUF\\Administrator""},{""@Name"":""InstanceId"",""#text"":""59e57cbc-45f1-4187-8ed9-dc74b97acfa4""}]}}"
248,248,2015-08-23 10:30:34.4796250,200,Info,Microsoft-Windows-TaskScheduler,Microsoft-Windows-TaskScheduler/Operational,1444,1844,WIN-L0ZZQ76PMUF,1,S-1-5-21-3848053756-3249532031-1848221756-500,Scheduled Task executed,,,Task: \Microsoft\Windows\TextServicesFramework\MsCtfMonitor,Instance Id: 59e57cbc-45f1-4187-8ed9-dc74b97acfa4,,,,,MsCtfMonitor task handler,False,M:\Forensics\TrainingImages\AliHadi\Challenge1\tout\M\Forensics\TrainingImages\AliHadi\Challenge1\s4a-challenge4\Windows\System32\winevt\logs\Microsoft-Windows-TaskScheduler%4Operational.evtx,Classic,0,"{""EventData"":{""@Name"":""ActionStart"",""Data"":[{""@Name"":""TaskName"",""#text"":""\\Microsoft\\Windows\\TextServicesFramework\\MsCtfMonitor""},{""@Name"":""ActionName"",""#text"":""MsCtfMonitor task handler""},{""@Name"":""TaskInstanceId"",""#text"":""59e57cbc-45f1-4187-8ed9-dc74b97acfa4""}]}}"
249,249,2015-08-23 10:30:34.4796250,319,Info,Microsoft-Windows-TaskScheduler,Microsoft-Windows-TaskScheduler/Operational,1444,1668,WIN-L0ZZQ76PMUF,1,S-1-5-21-3848053756-3249532031-1848221756-500,,,,,,,,,,,False,M:\Forensics\TrainingImages\AliHadi\Challenge1\tout\M\Forensics\TrainingImages\AliHadi\Challenge1\s4a-challenge4\Windows\System32\winevt\logs\Microsoft-Windows-TaskScheduler%4Operational.evtx,Classic,0,"{""EventData"":{""@Name"":""TaskEngineProcessReceivedStartTask"",""Data"":[{""@Name"":""TaskEngineName"",""#text"":""S-1-5-21-3848053756-3249532031-1848221756-500:WIN-L0ZZQ76PMUF\\Administrator:Interactive:[1]""},{""@Name"":""TaskName"",""#text"":""\\Microsoft\\Windows\\Multimedia\\SystemSoundsService""}]}}"
250,250,2015-08-23 10:30:34.4952500,100,Info,Microsoft-Windows-TaskScheduler,Microsoft-Windows-TaskScheduler/Operational,1444,1668,WIN-L0ZZQ76PMUF,1,S-1-5-21-3848053756-3249532031-1848221756-500,Scheduled Task started,Context: WIN-L0ZZQ76PMUF\Administrator,,Task: \Microsoft\Windows\Multimedia\SystemSoundsService,Instance Id: 2fe58e1a-4fdb-4094-8f50-b4b3221cd17f,,,,,,False,M:\Forensics\TrainingImages\AliHadi\Challenge1\tout\M\Forensics\TrainingImages\AliHadi\Challenge1\s4a-challenge4\Windows\System32\winevt\logs\Microsoft-Windows-TaskScheduler%4Operational.evtx,Classic,0,"{""EventData"":{""@Name"":""TaskStartEvent"",""Data"":[{""@Name"":""TaskName"",""#text"":""\\Microsoft\\Windows\\Multimedia\\SystemSoundsService""},{""@Name"":""UserContext"",""#text"":""WIN-L0ZZQ76PMUF\\Administrator""},{""@Name"":""InstanceId"",""#text"":""2fe58e1a-4fdb-4094-8f50-b4b3221cd17f""}]}}"
251,251,2015-08-23 10:30:34.6671250,200,Info,Microsoft-Windows-TaskScheduler,Microsoft-Windows-TaskScheduler/Operational,1444,664,WIN-L0ZZQ76PMUF,1,S-1-5-21-3848053756-3249532031-1848221756-500,Scheduled Task executed,,,Task: \Microsoft\Windows\Multimedia\SystemSoundsService,Instance Id: 2fe58e1a-4fdb-4094-8f50-b4b3221cd17f,,,,,Microsoft PlaySoundService Class,False,M:\Forensics\TrainingImages\AliHadi\Challenge1\tout\M\Forensics\TrainingImages\AliHadi\Challenge1\s4a-challenge4\Windows\System32\winevt\logs\Microsoft-Windows-TaskScheduler%4Operational.evtx,Classic,0,"{""EventData"":{""@Name"":""ActionStart"",""Data"":[{""@Name"":""TaskName"",""#text"":""\\Microsoft\\Windows\\Multimedia\\SystemSoundsService""},{""@Name"":""ActionName"",""#text"":""Microsoft PlaySoundService Class""},{""@Name"":""TaskInstanceId"",""#text"":""2fe58e1a-4fdb-4094-8f50-b4b3221cd17f""}]}}"
252,252,2015-08-23 10:30:34.7608750,129,Info,Microsoft-Windows-TaskScheduler,Microsoft-Windows-TaskScheduler/Operational,1444,1536,WIN-L0ZZQ76PMUF,1,S-1-5-21-3848053756-3249532031-1848221756-500,Scheduled Task created,,,Task: \Microsoft\Windows\Server Manager\ServerManager,ProcessID: 1072,,,,,C:\Windows\system32\ServerManagerLauncher.exe,False,M:\Forensics\TrainingImages\AliHadi\Challenge1\tout\M\Forensics\TrainingImages\AliHadi\Challenge1\s4a-challenge4\Windows\System32\winevt\logs\Microsoft-Windows-TaskScheduler%4Operational.evtx,Classic,0,"{""EventData"":{""@Name"":""CreatedTaskProcess"",""Data"":[{""@Name"":""TaskName"",""#text"":""\\Microsoft\\Windows\\Server Manager\\ServerManager""},{""@Name"":""Path"",""#text"":""C:\\Windows\\system32\\ServerManagerLauncher.exe""},{""@Name"":""ProcessID"",""#text"":""1072""},{""@Name"":""Priority"",""#text"":""5""}]}}"
253,253,2015-08-23 10:30:39.2452500,319,Info,Microsoft-Windows-TaskScheduler,Microsoft-Windows-TaskScheduler/Operational,1444,1764,WIN-L0ZZQ76PMUF,1,S-1-5-21-3848053756-3249532031-1848221756-500,,,,,,,,,,,False,M:\Forensics\TrainingImages\AliHadi\Challenge1\tout\M\Forensics\TrainingImages\AliHadi\Challenge1\s4a-challenge4\Windows\System32\winevt\logs\Microsoft-Windows-TaskScheduler%4Operational.evtx,Classic,0,"{""EventData"":{""@Name"":""TaskEngineProcessReceivedStartTask"",""Data"":[{""@Name"":""TaskEngineName"",""#text"":""S-1-5-21-3848053756-3249532031-1848221756-500:WIN-L0ZZQ76PMUF\\Administrator:Interactive:[1]""},{""@Name"":""TaskName"",""#text"":""\\Microsoft\\Windows\\NetworkAccessProtection\\NAPStatus UI""}]}}"
254,254,2015-08-23 10:30:39.2608750,100,Info,Microsoft-Windows-TaskScheduler,Microsoft-Windows-TaskScheduler/Operational,1444,1764,WIN-L0ZZQ76PMUF,1,S-1-5-21-3848053756-3249532031-1848221756-500,Scheduled Task started,Context: WIN-L0ZZQ76PMUF\Administrator,,Task: \Microsoft\Windows\NetworkAccessProtection\NAPStatus UI,Instance Id: 9efbc7d4-d1df-47d6-8c77-7aec9b66defc,,,,,,False,M:\Forensics\TrainingImages\AliHadi\Challenge1\tout\M\Forensics\TrainingImages\AliHadi\Challenge1\s4a-challenge4\Windows\System32\winevt\logs\Microsoft-Windows-TaskScheduler%4Operational.evtx,Classic,0,"{""EventData"":{""@Name"":""TaskStartEvent"",""Data"":[{""@Name"":""TaskName"",""#text"":""\\Microsoft\\Windows\\NetworkAccessProtection\\NAPStatus UI""},{""@Name"":""UserContext"",""#text"":""WIN-L0ZZQ76PMUF\\Administrator""},{""@Name"":""InstanceId"",""#text"":""9efbc7d4-d1df-47d6-8c77-7aec9b66defc""}]}}"
255,255,2015-08-23 10:30:39.2608750,200,Info,Microsoft-Windows-TaskScheduler,Microsoft-Windows-TaskScheduler/Operational,1444,348,WIN-L0ZZQ76PMUF,1,S-1-5-21-3848053756-3249532031-1848221756-500,Scheduled Task executed,,,Task: \Microsoft\Windows\NetworkAccessProtection\NAPStatus UI,Instance Id: 9efbc7d4-d1df-47d6-8c77-7aec9b66defc,,,,,Nap ITask Handler Implementation,False,M:\Forensics\TrainingImages\AliHadi\Challenge1\tout\M\Forensics\TrainingImages\AliHadi\Challenge1\s4a-challenge4\Windows\System32\winevt\logs\Microsoft-Windows-TaskScheduler%4Operational.evtx,Classic,0,"{""EventData"":{""@Name"":""ActionStart"",""Data"":[{""@Name"":""TaskName"",""#text"":""\\Microsoft\\Windows\\NetworkAccessProtection\\NAPStatus UI""},{""@Name"":""ActionName"",""#text"":""Nap ITask Handler Implementation""},{""@Name"":""TaskInstanceId"",""#text"":""9efbc7d4-d1df-47d6-8c77-7aec9b66defc""}]}}"
256,256,2015-08-23 10:30:42.2608750,329,Info,Microsoft-Windows-TaskScheduler,Microsoft-Windows-TaskScheduler/Operational,1444,348,WIN-L0ZZQ76PMUF,1,S-1-5-21-3848053756-3249532031-1848221756-500,,,,,,,,,,,False,M:\Forensics\TrainingImages\AliHadi\Challenge1\tout\M\Forensics\TrainingImages\AliHadi\Challenge1\s4a-challenge4\Windows\System32\winevt\logs\Microsoft-Windows-TaskScheduler%4Operational.evtx,Classic,0,"{""EventData"":{""@Name"":""StoppedOnTimeout"",""Data"":[{""@Name"":""TaskName"",""#text"":""\\Microsoft\\Windows\\NetworkAccessProtection\\NAPStatus UI""},{""@Name"":""TaskInstanceId"",""#text"":""9efbc7d4-d1df-47d6-8c77-7aec9b66defc""}]}}"
257,257,2015-08-23 10:30:42.2608750,111,Info,Microsoft-Windows-TaskScheduler,Microsoft-Windows-TaskScheduler/Operational,1444,348,WIN-L0ZZQ76PMUF,1,S-1-5-21-3848053756-3249532031-1848221756-500,,,,,,,,,,,False,M:\Forensics\TrainingImages\AliHadi\Challenge1\tout\M\Forensics\TrainingImages\AliHadi\Challenge1\s4a-challenge4\Windows\System32\winevt\logs\Microsoft-Windows-TaskScheduler%4Operational.evtx,Classic,0,"{""EventData"":{""@Name"":""TaskTerminationEvent"",""Data"":[{""@Name"":""TaskName"",""#text"":""\\Microsoft\\Windows\\NetworkAccessProtection\\NAPStatus UI""},{""@Name"":""InstanceId"",""#text"":""9efbc7d4-d1df-47d6-8c77-7aec9b66defc""}]}}"
258,258,2015-08-23 10:30:42.9483750,201,Info,Microsoft-Windows-TaskScheduler,Microsoft-Windows-TaskScheduler/Operational,1444,1536,WIN-L0ZZQ76PMUF,1,S-1-5-21-3848053756-3249532031-1848221756-500,Scheduled Task completed,,,Task: \Microsoft\Windows\Server Manager\ServerManager,Instance Id: b9622676-80d7-4071-ba60-7b7eb9ef5212,,,,,C:\Windows\system32\ServerManagerLauncher.exe,False,M:\Forensics\TrainingImages\AliHadi\Challenge1\tout\M\Forensics\TrainingImages\AliHadi\Challenge1\s4a-challenge4\Windows\System32\winevt\logs\Microsoft-Windows-TaskScheduler%4Operational.evtx,Classic,0,"{""EventData"":{""@Name"":""ActionSuccess"",""Data"":[{""@Name"":""TaskName"",""#text"":""\\Microsoft\\Windows\\Server Manager\\ServerManager""},{""@Name"":""TaskInstanceId"",""#text"":""b9622676-80d7-4071-ba60-7b7eb9ef5212""},{""@Name"":""ActionName"",""#text"":""C:\\Windows\\system32\\ServerManagerLauncher.exe""},{""@Name"":""ResultCode"",""#text"":""0""}]}}"
259,259,2015-08-23 10:30:42.9483750,102,Info,Microsoft-Windows-TaskScheduler,Microsoft-Windows-TaskScheduler/Operational,1444,1536,WIN-L0ZZQ76PMUF,1,S-1-5-21-3848053756-3249532031-1848221756-500,Scheduled Task completed,Context: WIN-L0ZZQ76PMUF\Administrator,,Task: \Microsoft\Windows\Server Manager\ServerManager,Instance Id: b9622676-80d7-4071-ba60-7b7eb9ef5212,,,,,,False,M:\Forensics\TrainingImages\AliHadi\Challenge1\tout\M\Forensics\TrainingImages\AliHadi\Challenge1\s4a-challenge4\Windows\System32\winevt\logs\Microsoft-Windows-TaskScheduler%4Operational.evtx,Classic,0,"{""EventData"":{""@Name"":""TaskSuccessEvent"",""Data"":[{""@Name"":""TaskName"",""#text"":""\\Microsoft\\Windows\\Server Manager\\ServerManager""},{""@Name"":""UserContext"",""#text"":""WIN-L0ZZQ76PMUF\\Administrator""},{""@Name"":""InstanceId"",""#text"":""b9622676-80d7-4071-ba60-7b7eb9ef5212""}]}}"
260,260,2015-08-23 10:43:35.6847380,319,Info,Microsoft-Windows-TaskScheduler,Microsoft-Windows-TaskScheduler/Operational,1444,2108,WIN-L0ZZQ76PMUF,1,S-1-5-21-3848053756-3249532031-1848221756-500,,,,,,,,,,,False,M:\Forensics\TrainingImages\AliHadi\Challenge1\tout\M\Forensics\TrainingImages\AliHadi\Challenge1\s4a-challenge4\Windows\System32\winevt\logs\Microsoft-Windows-TaskScheduler%4Operational.evtx,Classic,0,"{""EventData"":{""@Name"":""TaskEngineProcessReceivedStartTask"",""Data"":[{""@Name"":""TaskEngineName"",""#text"":""S-1-5-21-3848053756-3249532031-1848221756-500:WIN-L0ZZQ76PMUF\\Administrator:Interactive:[1]""},{""@Name"":""TaskName"",""#text"":""\\Microsoft\\Windows\\Windows Error Reporting\\QueueReporting""}]}}"
261,261,2015-08-23 10:43:35.7003630,100,Info,Microsoft-Windows-TaskScheduler,Microsoft-Windows-TaskScheduler/Operational,1444,2108,WIN-L0ZZQ76PMUF,1,S-1-5-21-3848053756-3249532031-1848221756-500,Scheduled Task started,Context: WIN-L0ZZQ76PMUF\Administrator,,Task: \Microsoft\Windows\Windows Error Reporting\QueueReporting,Instance Id: f1b7436b-57bf-4a08-974c-7eac263985c8,,,,,,False,M:\Forensics\TrainingImages\AliHadi\Challenge1\tout\M\Forensics\TrainingImages\AliHadi\Challenge1\s4a-challenge4\Windows\System32\winevt\logs\Microsoft-Windows-TaskScheduler%4Operational.evtx,Classic,0,"{""EventData"":{""@Name"":""TaskStartEvent"",""Data"":[{""@Name"":""TaskName"",""#text"":""\\Microsoft\\Windows\\Windows Error Reporting\\QueueReporting""},{""@Name"":""UserContext"",""#text"":""WIN-L0ZZQ76PMUF\\Administrator""},{""@Name"":""InstanceId"",""#text"":""f1b7436b-57bf-4a08-974c-7eac263985c8""}]}}"
262,262,2015-08-23 10:43:35.7003630,200,Info,Microsoft-Windows-TaskScheduler,Microsoft-Windows-TaskScheduler/Operational,1444,4092,WIN-L0ZZQ76PMUF,1,S-1-5-21-3848053756-3249532031-1848221756-500,Scheduled Task executed,,,Task: \Microsoft\Windows\Windows Error Reporting\QueueReporting,Instance Id: f1b7436b-57bf-4a08-974c-7eac263985c8,,,,,%windir%\system32\wermgr.exe,False,M:\Forensics\TrainingImages\AliHadi\Challenge1\tout\M\Forensics\TrainingImages\AliHadi\Challenge1\s4a-challenge4\Windows\System32\winevt\logs\Microsoft-Windows-TaskScheduler%4Operational.evtx,Classic,0,"{""EventData"":{""@Name"":""ActionStart"",""Data"":[{""@Name"":""TaskName"",""#text"":""\\Microsoft\\Windows\\Windows Error Reporting\\QueueReporting""},{""@Name"":""ActionName"",""#text"":""%windir%\\system32\\wermgr.exe""},{""@Name"":""TaskInstanceId"",""#text"":""f1b7436b-57bf-4a08-974c-7eac263985c8""}]}}"
263,263,2015-08-23 10:43:35.7472380,129,Info,Microsoft-Windows-TaskScheduler,Microsoft-Windows-TaskScheduler/Operational,1444,4092,WIN-L0ZZQ76PMUF,1,S-1-5-21-3848053756-3249532031-1848221756-500,Scheduled Task created,,,Task: \Microsoft\Windows\Windows Error Reporting\QueueReporting,ProcessID: 2436,,,,,C:\Windows\system32\wermgr.exe,False,M:\Forensics\TrainingImages\AliHadi\Challenge1\tout\M\Forensics\TrainingImages\AliHadi\Challenge1\s4a-challenge4\Windows\System32\winevt\logs\Microsoft-Windows-TaskScheduler%4Operational.evtx,Classic,0,"{""EventData"":{""@Name"":""CreatedTaskProcess"",""Data"":[{""@Name"":""TaskName"",""#text"":""\\Microsoft\\Windows\\Windows Error Reporting\\QueueReporting""},{""@Name"":""Path"",""#text"":""C:\\Windows\\system32\\wermgr.exe""},{""@Name"":""ProcessID"",""#text"":""2436""},{""@Name"":""Priority"",""#text"":""5""}]}}"
