187,187,2015-08-23 21:25:47.6568750,4907,LogAlways,Microsoft-Windows-Security-Auditing,Security,632,684,WIN-L0ZZQ76PMUF,1,,,,,,,,,,,,False,M:\Forensics\TrainingImages\AliHadi\Challenge1\tout\M\Forensics\TrainingImages\AliHadi\Challenge1\s4a-challenge4\Windows\System32\winevt\logs\Security.evtx,Audit success,0,"{""EventData"":{""Data"":[{""@Name"":""SubjectUserSid"",""#text"":""S-1-5-18""},{""@Name"":""SubjectUserName"",""#text"":""WIN-L0ZZQ76PMUF$""},{""@Name"":""SubjectDomainName"",""#text"":""WORKGROUP""},{""@Name"":""SubjectLogonId"",""#text"":""0x3E7""},{""@Name"":""ObjectServer"",""#text"":""Security""},{""@Name"":""ObjectType"",""#text"":""File""},{""@Name"":""ObjectName"",""#text"":""C:\\Windows\\winsxs\\Temp\\PendingRenames\\ae3af946eaddd001510000005808480e.SqlPersistenceService_Logic.sql""},{""@Name"":""HandleId"",""#text"":""34-5D-00-00""},{""@Name"":""OldSd""},{""@Name"":""NewSd"",""#text"":""S:ARAI""},{""@Name"":""ProcessId"",""#text"":""58-08-00-00""},{""@Name"":""ProcessName"",""#text"":""C:\\Windows\\servicing\\TrustedInstaller.exe""}]}}"
188,188,2015-08-23 21:25:47.6725000,4907,LogAlways,Microsoft-Windows-Security-Auditing,Security,632,684,WIN-L0ZZQ76PMUF,1,,,,,,,,,,,,False,M:\Forensics\TrainingImages\AliHadi\Challenge1\tout\M\Forensics\TrainingImages\AliHadi\Challenge1\s4a-challenge4\Windows\System32\winevt\logs\Security.evtx,Audit success,0,"{""EventData"":{""Data"":[{""@Name"":""SubjectUserSid"",""#text"":""S-1-5-18""},{""@Name"":""SubjectUserName"",""#text"":""WIN-L0ZZQ76PMUF$""},{""@Name"":""SubjectDomainName"",""#text"":""WORKGROUP""},{""@Name"":""SubjectLogonId"",""#text"":""0x3E7""},{""@Name"":""ObjectServer"",""#text"":""Security""},{""@Name"":""ObjectType"",""#text"":""File""},{""@Name"":""ObjectName"",""#text"":""C:\\Windows\\winsxs\\Temp\\PendingRenames\\089dfb46eaddd001520000005808480e.Tracking_Schema.sql""},{""@Name"":""HandleId"",""#text"":""30-5D-00-00""},{""@Name"":""OldSd""},{""@Name"":""NewSd"",""#text"":""S:ARAI""},{""@Name"":""ProcessId"",""#text"":""58-08-00-00""},{""@Name"":""ProcessName"",""#text"":""C:\\Windows\\servicing\\TrustedInstaller.exe""}]}}"
189,189,2015-08-23 21:25:47.6725000,4907,LogAlways,Microsoft-Windows-Security-Auditing,Security,632,684,WIN-L0ZZQ76PMUF,1,,,,,,,,,,,,False,M:\Forensics\TrainingImages\AliHadi\Challenge1\tout\M\Forensics\TrainingImages\AliHadi\Challenge1\s4a-challenge4\Windows\System32\winevt\logs\Security.evtx,Audit success,0,"{""EventData"":{""Data"":[{""@Name"":""SubjectUserSid"",""#text"":""S-1-5-18""},{""@Name"":""SubjectUserName"",""#text"":""WIN-L0ZZQ76PMUF$""},{""@Name"":""SubjectDomainName"",""#text"":""WORKGROUP""},{""@Name"":""SubjectLogonId"",""#text"":""0x3E7""},{""@Name"":""ObjectServer"",""#text"":""Security""},{""@Name"":""ObjectType"",""#text"":""File""},{""@Name"":""ObjectName"",""#text"":""C:\\Windows\\winsxs\\Temp\\PendingRenames\\089dfb46eaddd001530000005808480e.SqlPersistenceService_Schema.sql""},{""@Name"":""HandleId"",""#text"":""F0-54-00-00""},{""@Name"":""OldSd""},{""@Name"":""NewSd"",""#text"":""S:ARAI""},{""@Name"":""ProcessId"",""#text"":""58-08-00-00""},{""@Name"":""ProcessName"",""#text"":""C:\\Windows\\servicing\\TrustedInstaller.exe""}]}}"
190,190,2015-08-23 21:25:47.6725000,4907,LogAlways,Microsoft-Windows-Security-Auditing,Security,632,684,WIN-L0ZZQ76PMUF,1,,,,,,,,,,,,False,M:\Forensics\TrainingImages\AliHadi\Challenge1\tout\M\Forensics\TrainingImages\AliHadi\Challenge1\s4a-challenge4\Windows\System32\winevt\logs\Security.evtx,Audit success,0,"{""EventData"":{""Data"":[{""@Name"":""SubjectUserSid"",""#text"":""S-1-5-18""},{""@Name"":""SubjectUserName"",""#text"":""WIN-L0ZZQ76PMUF$""},{""@Name"":""SubjectDomainName"",""#text"":""WORKGROUP""},{""@Name"":""SubjectLogonId"",""#text"":""0x3E7""},{""@Name"":""ObjectServer"",""#text"":""Security""},{""@Name"":""ObjectType"",""#text"":""File""},{""@Name"":""ObjectName"",""#text"":""C:\\Windows\\winsxs\\Temp\\PendingRenames\\089dfb46eaddd001540000005808480e.Tracking_Logic.sql""},{""@Name"":""HandleId"",""#text"":""EC-54-00-00""},{""@Name"":""OldSd""},{""@Name"":""NewSd"",""#text"":""S:ARAI""},{""@Name"":""ProcessId"",""#text"":""58-08-00-00""},{""@Name"":""ProcessName"",""#text"":""C:\\Windows\\servicing\\TrustedInstaller.exe""}]}}"
191,191,2015-08-23 21:25:49.0475000,4907,LogAlways,Microsoft-Windows-Security-Auditing,Security,632,684,WIN-L0ZZQ76PMUF,1,,,,,,,,,,,,False,M:\Forensics\TrainingImages\AliHadi\Challenge1\tout\M\Forensics\TrainingImages\AliHadi\Challenge1\s4a-challenge4\Windows\System32\winevt\logs\Security.evtx,Audit success,0,"{""EventData"":{""Data"":[{""@Name"":""SubjectUserSid"",""#text"":""S-1-5-18""},{""@Name"":""SubjectUserName"",""#text"":""WIN-L0ZZQ76PMUF$""},{""@Name"":""SubjectDomainName"",""#text"":""WORKGROUP""},{""@Name"":""SubjectLogonId"",""#text"":""0x3E7""},{""@Name"":""ObjectServer"",""#text"":""Security""},{""@Name"":""ObjectType"",""#text"":""File""},{""@Name"":""ObjectName"",""#text"":""C:\\Program Files\\MSBuild\\Microsoft\\Windows Workflow Foundation\\v3.0\\Workflow.Targets""},{""@Name"":""HandleId"",""#text"":""28-55-00-00""},{""@Name"":""OldSd"",""#text"":""S:AI""},{""@Name"":""NewSd""},{""@Name"":""ProcessId"",""#text"":""58-08-00-00""},{""@Name"":""ProcessName"",""#text"":""C:\\Windows\\servicing\\TrustedInstaller.exe""}]}}"
192,192,2015-08-23 21:25:49.0631250,4907,LogAlways,Microsoft-Windows-Security-Auditing,Security,632,684,WIN-L0ZZQ76PMUF,1,,,,,,,,,,,,False,M:\Forensics\TrainingImages\AliHadi\Challenge1\tout\M\Forensics\TrainingImages\AliHadi\Challenge1\s4a-challenge4\Windows\System32\winevt\logs\Security.evtx,Audit success,0,"{""EventData"":{""Data"":[{""@Name"":""SubjectUserSid"",""#text"":""S-1-5-18""},{""@Name"":""SubjectUserName"",""#text"":""WIN-L0ZZQ76PMUF$""},{""@Name"":""SubjectDomainName"",""#text"":""WORKGROUP""},{""@Name"":""SubjectLogonId"",""#text"":""0x3E7""},{""@Name"":""ObjectServer"",""#text"":""Security""},{""@Name"":""ObjectType"",""#text"":""File""},{""@Name"":""ObjectName"",""#text"":""C:\\Program Files\\MSBuild\\Microsoft\\Windows Workflow Foundation\\v3.0\\Workflow.VisualBasic.Targets""},{""@Name"":""HandleId"",""#text"":""28-55-00-00""},{""@Name"":""OldSd"",""#text"":""S:AI""},{""@Name"":""NewSd""},{""@Name"":""ProcessId"",""#text"":""58-08-00-00""},{""@Name"":""ProcessName"",""#text"":""C:\\Windows\\servicing\\TrustedInstaller.exe""}]}}"
193,193,2015-08-23 21:25:49.0631250,4907,LogAlways,Microsoft-Windows-Security-Auditing,Security,632,684,WIN-L0ZZQ76PMUF,1,,,,,,,,,,,,False,M:\Forensics\TrainingImages\AliHadi\Challenge1\tout\M\Forensics\TrainingImages\AliHadi\Challenge1\s4a-challenge4\Windows\System32\winevt\logs\Security.evtx,Audit success,0,"{""EventData"":{""Data"":[{""@Name"":""SubjectUserSid"",""#text"":""S-1-5-18""},{""@Name"":""SubjectUserName"",""#text"":""WIN-L0ZZQ76PMUF$""},{""@Name"":""SubjectDomainName"",""#text"":""WORKGROUP""},{""@Name"":""SubjectLogonId"",""#text"":""0x3E7""},{""@Name"":""ObjectServer"",""#text"":""Security""},{""@Name"":""ObjectType"",""#text"":""File""},{""@Name"":""ObjectName"",""#text"":""C:\\Program Files\\Reference Assemblies\\Microsoft\\Framework\\v3.0\\PresentationFramework.Classic.dll""},{""@Name"":""HandleId"",""#text"":""28-26-00-00""},{""@Name"":""OldSd""},{""@Name"":""NewSd"",""#text"":""S:ARAI(AU;SAFA;DCLCRPCRSDWDWO;;;WD)""},{""@Name"":""ProcessId"",""#text"":""58-08-00-00""},{""@Name"":""ProcessName"",""#text"":""C:\\Windows\\servicing\\TrustedInstaller.exe""}]}}"
194,194,2015-08-23 21:25:49.0631250,4907,LogAlways,Microsoft-Windows-Security-Auditing,Security,632,684,WIN-L0ZZQ76PMUF,1,,,,,,,,,,,,False,M:\Forensics\TrainingImages\AliHadi\Challenge1\tout\M\Forensics\TrainingImages\AliHadi\Challenge1\s4a-challenge4\Windows\System32\winevt\logs\Security.evtx,Audit success,0,"{""EventData"":{""Data"":[{""@Name"":""SubjectUserSid"",""#text"":""S-1-5-18""},{""@Name"":""SubjectUserName"",""#text"":""WIN-L0ZZQ76PMUF$""},{""@Name"":""SubjectDomainName"",""#text"":""WORKGROUP""},{""@Name"":""SubjectLogonId"",""#text"":""0x3E7""},{""@Name"":""ObjectServer"",""#text"":""Security""},{""@Name"":""ObjectType"",""#text"":""File""},{""@Name"":""ObjectName"",""#text"":""C:\\Program Files\\Reference Assemblies\\Microsoft\\Framework\\v3.0\\System.Workflow.ComponentModel.dll""},{""@Name"":""HandleId"",""#text"":""28-55-00-00""},{""@Name"":""OldSd""},{""@Name"":""NewSd"",""#text"":""S:ARAI(AU;SAFA;DCLCRPCRSDWDWO;;;WD)""},{""@Name"":""ProcessId"",""#text"":""58-08-00-00""},{""@Name"":""ProcessName"",""#text"":""C:\\Windows\\servicing\\TrustedInstaller.exe""}]}}"
195,195,2015-08-23 21:25:49.0631250,4907,LogAlways,Microsoft-Windows-Security-Auditing,Security,632,684,WIN-L0ZZQ76PMUF,1,,,,,,,,,,,,False,M:\Forensics\TrainingImages\AliHadi\Challenge1\tout\M\Forensics\TrainingImages\AliHadi\Challenge1\s4a-challenge4\Windows\System32\winevt\logs\Security.evtx,Audit success,0,"{""EventData"":{""Data"":[{""@Name"":""SubjectUserSid"",""#text"":""S-1-5-18""},{""@Name"":""SubjectUserName"",""#text"":""WIN-L0ZZQ76PMUF$""},{""@Name"":""SubjectDomainName"",""#text"":""WORKGROUP""},{""@Name"":""SubjectLogonId"",""#text"":""0x3E7""},{""@Name"":""ObjectServer"",""#text"":""Security""},{""@Name"":""ObjectType"",""#text"":""File""},{""@Name"":""ObjectName"",""#text"":""C:\\Program Files\\Reference Assemblies\\Microsoft\\Framework\\v3.0\\System.Printing.dll""},{""@Name"":""HandleId"",""#text"":""98-26-00-00""},{""@Name"":""OldSd""},{""@Name"":""NewSd"",""#text"":""S:ARAI(AU;SAFA;DCLCRPCRSDWDWO;;;WD)""},{""@Name"":""ProcessId"",""#text"":""58-08-00-00""},{""@Name"":""ProcessName"",""#text"":""C:\\Windows\\servicing\\TrustedInstaller.exe""}]}}"
196,196,2015-08-23 21:25:49.0631250,4907,LogAlways,Microsoft-Windows-Security-Auditing,Security,632,684,WIN-L0ZZQ76PMUF,1,,,,,,,,,,,,False,M:\Forensics\TrainingImages\AliHadi\Challenge1\tout\M\Forensics\TrainingImages\AliHadi\Challenge1\s4a-challenge4\Windows\System32\winevt\logs\Security.evtx,Audit success,0,"{""EventData"":{""Data"":[{""@Name"":""SubjectUserSid"",""#text"":""S-1-5-18""},{""@Name"":""SubjectUserName"",""#text"":""WIN-L0ZZQ76PMUF$""},{""@Name"":""SubjectDomainName"",""#text"":""WORKGROUP""},{""@Name"":""SubjectLogonId"",""#text"":""0x3E7""},{""@Name"":""ObjectServer"",""#text"":""Security""},{""@Name"":""ObjectType"",""#text"":""File""},{""@Name"":""ObjectName"",""#text"":""C:\\Program Files\\Reference Assemblies\\Microsoft\\Framework\\v3.0\\System.IO.Log.dll""},{""@Name"":""HandleId"",""#text"":""EC-7E-00-00""},{""@Name"":""OldSd""},{""@Name"":""NewSd"",""#text"":""S:ARAI(AU;SAFA;DCLCRPCRSDWDWO;;;WD)""},{""@Name"":""ProcessId"",""#text"":""58-08-00-00""},{""@Name"":""ProcessName"",""#text"":""C:\\Windows\\servicing\\TrustedInstaller.exe""}]}}"
197,197,2015-08-23 21:25:49.0631250,4907,LogAlways,Microsoft-Windows-Security-Auditing,Security,632,684,WIN-L0ZZQ76PMUF,1,,,,,,,,,,,,False,M:\Forensics\TrainingImages\AliHadi\Challenge1\tout\M\Forensics\TrainingImages\AliHadi\Challenge1\s4a-challenge4\Windows\System32\winevt\logs\Security.evtx,Audit success,0,"{""EventData"":{""Data"":[{""@Name"":""SubjectUserSid"",""#text"":""S-1-5-18""},{""@Name"":""SubjectUserName"",""#text"":""WIN-L0ZZQ76PMUF$""},{""@Name"":""SubjectDomainName"",""#text"":""WORKGROUP""},{""@Name"":""SubjectLogonId"",""#text"":""0x3E7""},{""@Name"":""ObjectServer"",""#text"":""Security""},{""@Name"":""ObjectType"",""#text"":""File""},{""@Name"":""ObjectName"",""#text"":""C:\\Program Files\\Reference Assemblies\\Microsoft\\Framework\\v3.0\\UIAutomationClientsideProviders.dll""},{""@Name"":""HandleId"",""#text"":""28-26-00-00""},{""@Name"":""OldSd""},{""@Name"":""NewSd"",""#text"":""S:ARAI(AU;SAFA;DCLCRPCRSDWDWO;;;WD)""},{""@Name"":""ProcessId"",""#text"":""58-08-00-00""},{""@Name"":""ProcessName"",""#text"":""C:\\Windows\\servicing\\TrustedInstaller.exe""}]}}"
198,198,2015-08-23 21:25:49.0787500,4907,LogAlways,Microsoft-Windows-Security-Auditing,Security,632,684,WIN-L0ZZQ76PMUF,1,,,,,,,,,,,,False,M:\Forensics\TrainingImages\AliHadi\Challenge1\tout\M\Forensics\TrainingImages\AliHadi\Challenge1\s4a-challenge4\Windows\System32\winevt\logs\Security.evtx,Audit success,0,"{""EventData"":{""Data"":[{""@Name"":""SubjectUserSid"",""#text"":""S-1-5-18""},{""@Name"":""SubjectUserName"",""#text"":""WIN-L0ZZQ76PMUF$""},{""@Name"":""SubjectDomainName"",""#text"":""WORKGROUP""},{""@Name"":""SubjectLogonId"",""#text"":""0x3E7""},{""@Name"":""ObjectServer"",""#text"":""Security""},{""@Name"":""ObjectType"",""#text"":""File""},{""@Name"":""ObjectName"",""#text"":""C:\\Program Files\\Reference Assemblies\\Microsoft\\Framework\\v3.0\\System.IdentityModel.Selectors.dll""},{""@Name"":""HandleId"",""#text"":""28-55-00-00""},{""@Name"":""OldSd""},{""@Name"":""NewSd"",""#text"":""S:ARAI(AU;SAFA;DCLCRPCRSDWDWO;;;WD)""},{""@Name"":""ProcessId"",""#text"":""58-08-00-00""},{""@Name"":""ProcessName"",""#text"":""C:\\Windows\\servicing\\TrustedInstaller.exe""}]}}"
199,199,2015-08-23 21:25:49.0787500,4907,LogAlways,Microsoft-Windows-Security-Auditing,Security,632,684,WIN-L0ZZQ76PMUF,1,,,,,,,,,,,,False,M:\Forensics\TrainingImages\AliHadi\Challenge1\tout\M\Forensics\TrainingImages\AliHadi\Challenge1\s4a-challenge4\Windows\System32\winevt\logs\Security.evtx,Audit success,0,"{""EventData"":{""Data"":[{""@Name"":""SubjectUserSid"",""#text"":""S-1-5-18""},{""@Name"":""SubjectUserName"",""#text"":""WIN-L0ZZQ76PMUF$""},{""@Name"":""SubjectDomainName"",""#text"":""WORKGROUP""},{""@Name"":""SubjectLogonId"",""#text"":""0x3E7""},{""@Name"":""ObjectServer"",""#text"":""Security""},{""@Name"":""ObjectType"",""#text"":""File""},{""@Name"":""ObjectName"",""#text"":""C:\\Program Files\\Reference Assemblies\\Microsoft\\Framework\\v3.0\\WindowsBase.dll""},{""@Name"":""HandleId"",""#text"":""98-26-00-00""},{""@Name"":""OldSd""},{""@Name"":""NewSd"",""#text"":""S:ARAI(AU;SAFA;DCLCRPCRSDWDWO;;;WD)""},{""@Name"":""ProcessId"",""#text"":""58-08-00-00""},{""@Name"":""ProcessName"",""#text"":""C:\\Windows\\servicing\\TrustedInstaller.exe""}]}}"
200,200,2015-08-23 21:25:49.0787500,4907,LogAlways,Microsoft-Windows-Security-Auditing,Security,632,684,WIN-L0ZZQ76PMUF,1,,,,,,,,,,,,False,M:\Forensics\TrainingImages\AliHadi\Challenge1\tout\M\Forensics\TrainingImages\AliHadi\Challenge1\s4a-challenge4\Windows\System32\winevt\logs\Security.evtx,Audit success,0,"{""EventData"":{""Data"":[{""@Name"":""SubjectUserSid"",""#text"":""S-1-5-18""},{""@Name"":""SubjectUserName"",""#text"":""WIN-L0ZZQ76PMUF$""},{""@Name"":""SubjectDomainName"",""#text"":""WORKGROUP""},{""@Name"":""SubjectLogonId"",""#text"":""0x3E7""},{""@Name"":""ObjectServer"",""#text"":""Security""},{""@Name"":""ObjectType"",""#text"":""File""},{""@Name"":""ObjectName"",""#text"":""C:\\Program Files\\Reference Assemblies\\Microsoft\\Framework\\v3.0\\WinFXList.xml""},{""@Name"":""HandleId"",""#text"":""98-26-00-00""},{""@Name"":""OldSd"",""#text"":""S:AI""},{""@Name"":""NewSd""},{""@Name"":""ProcessId"",""#text"":""58-08-00-00""},{""@Name"":""ProcessName"",""#text"":""C:\\Windows\\servicing\\TrustedInstaller.exe""}]}}"
201,201,2015-08-23 21:25:49.0787500,4907,LogAlways,Microsoft-Windows-Security-Auditing,Security,632,684,WIN-L0ZZQ76PMUF,1,,,,,,,,,,,,False,M:\Forensics\TrainingImages\AliHadi\Challenge1\tout\M\Forensics\TrainingImages\AliHadi\Challenge1\s4a-challenge4\Windows\System32\winevt\logs\Security.evtx,Audit success,0,"{""EventData"":{""Data"":[{""@Name"":""SubjectUserSid"",""#text"":""S-1-5-18""},{""@Name"":""SubjectUserName"",""#text"":""WIN-L0ZZQ76PMUF$""},{""@Name"":""SubjectDomainName"",""#text"":""WORKGROUP""},{""@Name"":""SubjectLogonId"",""#text"":""0x3E7""},{""@Name"":""ObjectServer"",""#text"":""Security""},{""@Name"":""ObjectType"",""#text"":""File""},{""@Name"":""ObjectName"",""#text"":""C:\\Program Files\\Reference Assemblies\\Microsoft\\Framework\\v3.0\\System.IdentityModel.dll""},{""@Name"":""HandleId"",""#text"":""28-55-00-00""},{""@Name"":""OldSd""},{""@Name"":""NewSd"",""#text"":""S:ARAI(AU;SAFA;DCLCRPCRSDWDWO;;;WD)""},{""@Name"":""ProcessId"",""#text"":""58-08-00-00""},{""@Name"":""ProcessName"",""#text"":""C:\\Windows\\servicing\\TrustedInstaller.exe""}]}}"
202,202,2015-08-23 21:25:49.0787500,4907,LogAlways,Microsoft-Windows-Security-Auditing,Security,632,684,WIN-L0ZZQ76PMUF,1,,,,,,,,,,,,False,M:\Forensics\TrainingImages\AliHadi\Challenge1\tout\M\Forensics\TrainingImages\AliHadi\Challenge1\s4a-challenge4\Windows\System32\winevt\logs\Security.evtx,Audit success,0,"{""EventData"":{""Data"":[{""@Name"":""SubjectUserSid"",""#text"":""S-1-5-18""},{""@Name"":""SubjectUserName"",""#text"":""WIN-L0ZZQ76PMUF$""},{""@Name"":""SubjectDomainName"",""#text"":""WORKGROUP""},{""@Name"":""SubjectLogonId"",""#text"":""0x3E7""},{""@Name"":""ObjectServer"",""#text"":""Security""},{""@Name"":""ObjectType"",""#text"":""File""},{""@Name"":""ObjectName"",""#text"":""C:\\Program Files\\Reference Assemblies\\Microsoft\\Framework\\v3.0\\PresentationFramework.Luna.dll""},{""@Name"":""HandleId"",""#text"":""EC-7E-00-00""},{""@Name"":""OldSd""},{""@Name"":""NewSd"",""#text"":""S:ARAI(AU;SAFA;DCLCRPCRSDWDWO;;;WD)""},{""@Name"":""ProcessId"",""#text"":""58-08-00-00""},{""@Name"":""ProcessName"",""#text"":""C:\\Windows\\servicing\\TrustedInstaller.exe""}]}}"
203,203,2015-08-23 21:25:49.0787500,4907,LogAlways,Microsoft-Windows-Security-Auditing,Security,632,684,WIN-L0ZZQ76PMUF,1,,,,,,,,,,,,False,M:\Forensics\TrainingImages\AliHadi\Challenge1\tout\M\Forensics\TrainingImages\AliHadi\Challenge1\s4a-challenge4\Windows\System32\winevt\logs\Security.evtx,Audit success,0,"{""EventData"":{""Data"":[{""@Name"":""SubjectUserSid"",""#text"":""S-1-5-18""},{""@Name"":""SubjectUserName"",""#text"":""WIN-L0ZZQ76PMUF$""},{""@Name"":""SubjectDomainName"",""#text"":""WORKGROUP""},{""@Name"":""SubjectLogonId"",""#text"":""0x3E7""},{""@Name"":""ObjectServer"",""#text"":""Security""},{""@Name"":""ObjectType"",""#text"":""File""},{""@Name"":""ObjectName"",""#text"":""C:\\Program Files\\Reference Assemblies\\Microsoft\\Framework\\v3.0\\UIAutomationClient.dll""},{""@Name"":""HandleId"",""#text"":""28-26-00-00""},{""@Name"":""OldSd""},{""@Name"":""NewSd"",""#text"":""S:ARAI(AU;SAFA;DCLCRPCRSDWDWO;;;WD)""},{""@Name"":""ProcessId"",""#text"":""58-08-00-00""},{""@Name"":""ProcessName"",""#text"":""C:\\Windows\\servicing\\TrustedInstaller.exe""}]}}"
204,204,2015-08-23 21:25:49.0943750,4907,LogAlways,Microsoft-Windows-Security-Auditing,Security,632,684,WIN-L0ZZQ76PMUF,1,,,,,,,,,,,,False,M:\Forensics\TrainingImages\AliHadi\Challenge1\tout\M\Forensics\TrainingImages\AliHadi\Challenge1\s4a-challenge4\Windows\System32\winevt\logs\Security.evtx,Audit success,0,"{""EventData"":{""Data"":[{""@Name"":""SubjectUserSid"",""#text"":""S-1-5-18""},{""@Name"":""SubjectUserName"",""#text"":""WIN-L0ZZQ76PMUF$""},{""@Name"":""SubjectDomainName"",""#text"":""WORKGROUP""},{""@Name"":""SubjectLogonId"",""#text"":""0x3E7""},{""@Name"":""ObjectServer"",""#text"":""Security""},{""@Name"":""ObjectType"",""#text"":""File""},{""@Name"":""ObjectName"",""#text"":""C:\\Program Files\\Reference Assemblies\\Microsoft\\Framework\\v3.0\\PresentationCore.dll""},{""@Name"":""HandleId"",""#text"":""98-26-00-00""},{""@Name"":""OldSd""},{""@Name"":""NewSd"",""#text"":""S:ARAI(AU;SAFA;DCLCRPCRSDWDWO;;;WD)""},{""@Name"":""ProcessId"",""#text"":""58-08-00-00""},{""@Name"":""ProcessName"",""#text"":""C:\\Windows\\servicing\\TrustedInstaller.exe""}]}}"
205,205,2015-08-23 21:25:49.0943750,4907,LogAlways,Microsoft-Windows-Security-Auditing,Security,632,684,WIN-L0ZZQ76PMUF,1,,,,,,,,,,,,False,M:\Forensics\TrainingImages\AliHadi\Challenge1\tout\M\Forensics\TrainingImages\AliHadi\Challenge1\s4a-challenge4\Windows\System32\winevt\logs\Security.evtx,Audit success,0,"{""EventData"":{""Data"":[{""@Name"":""SubjectUserSid"",""#text"":""S-1-5-18""},{""@Name"":""SubjectUserName"",""#text"":""WIN-L0ZZQ76PMUF$""},{""@Name"":""SubjectDomainName"",""#text"":""WORKGROUP""},{""@Name"":""SubjectLogonId"",""#text"":""0x3E7""},{""@Name"":""ObjectServer"",""#text"":""Security""},{""@Name"":""ObjectType"",""#text"":""File""},{""@Name"":""ObjectName"",""#text"":""C:\\Program Files\\Reference Assemblies\\Microsoft\\Framework\\v3.0\\WindowsFormsIntegration.dll""},{""@Name"":""HandleId"",""#text"":""28-55-00-00""},{""@Name"":""OldSd""},{""@Name"":""NewSd"",""#text"":""S:ARAI(AU;SAFA;DCLCRPCRSDWDWO;;;WD)""},{""@Name"":""ProcessId"",""#text"":""58-08-00-00""},{""@Name"":""ProcessName"",""#text"":""C:\\Windows\\servicing\\TrustedInstaller.exe""}]}}"
206,206,2015-08-23 21:25:49.0943750,4907,LogAlways,Microsoft-Windows-Security-Auditing,Security,632,684,WIN-L0ZZQ76PMUF,1,,,,,,,,,,,,False,M:\Forensics\TrainingImages\AliHadi\Challenge1\tout\M\Forensics\TrainingImages\AliHadi\Challenge1\s4a-challenge4\Windows\System32\winevt\logs\Security.evtx,Audit success,0,"{""EventData"":{""Data"":[{""@Name"":""SubjectUserSid"",""#text"":""S-1-5-18""},{""@Name"":""SubjectUserName"",""#text"":""WIN-L0ZZQ76PMUF$""},{""@Name"":""SubjectDomainName"",""#text"":""WORKGROUP""},{""@Name"":""SubjectLogonId"",""#text"":""0x3E7""},{""@Name"":""ObjectServer"",""#text"":""Security""},{""@Name"":""ObjectType"",""#text"":""File""},{""@Name"":""ObjectName"",""#text"":""C:\\Program Files\\Reference Assemblies\\Microsoft\\Framework\\v3.0\\System.Speech.dll""},{""@Name"":""HandleId"",""#text"":""EC-7E-00-00""},{""@Name"":""OldSd""},{""@Name"":""NewSd"",""#text"":""S:ARAI(AU;SAFA;DCLCRPCRSDWDWO;;;WD)""},{""@Name"":""ProcessId"",""#text"":""58-08-00-00""},{""@Name"":""ProcessName"",""#text"":""C:\\Windows\\servicing\\TrustedInstaller.exe""}]}}"
207,207,2015-08-23 21:25:49.0943750,4907,LogAlways,Microsoft-Windows-Security-Auditing,Security,632,684,WIN-L0ZZQ76PMUF,1,,,,,,,,,,,,False,M:\Forensics\TrainingImages\AliHadi\Challenge1\tout\M\Forensics\TrainingImages\AliHadi\Challenge1\s4a-challenge4\Windows\System32\winevt\logs\Security.evtx,Audit success,0,"{""EventData"":{""Data"":[{""@Name"":""SubjectUserSid"",""#text"":""S-1-5-18""},{""@Name"":""SubjectUserName"",""#text"":""WIN-L0ZZQ76PMUF$""},{""@Name"":""SubjectDomainName"",""#text"":""WORKGROUP""},{""@Name"":""SubjectLogonId"",""#text"":""0x3E7""},{""@Name"":""ObjectServer"",""#text"":""Security""},{""@Name"":""ObjectType"",""#text"":""File""},{""@Name"":""ObjectName"",""#text"":""C:\\Program Files\\Reference Assemblies\\Microsoft\\Framework\\v3.0\\PresentationFramework.Aero.dll""},{""@Name"":""HandleId"",""#text"":""28-26-00-00""},{""@Name"":""OldSd""},{""@Name"":""NewSd"",""#text"":""S:ARAI(AU;SAFA;DCLCRPCRSDWDWO;;;WD)""},{""@Name"":""ProcessId"",""#text"":""58-08-00-00""},{""@Name"":""ProcessName"",""#text"":""C:\\Windows\\servicing\\TrustedInstaller.exe""}]}}"
208,208,2015-08-23 21:25:49.0943750,4907,LogAlways,Microsoft-Windows-Security-Auditing,Security,632,684,WIN-L0ZZQ76PMUF,1,,,,,,,,,,,,False,M:\Forensics\TrainingImages\AliHadi\Challenge1\tout\M\Forensics\TrainingImages\AliHadi\Challenge1\s4a-challenge4\Windows\System32\winevt\logs\Security.evtx,Audit success,0,"{""EventData"":{""Data"":[{""@Name"":""SubjectUserSid"",""#text"":""S-1-5-18""},{""@Name"":""SubjectUserName"",""#text"":""WIN-L0ZZQ76PMUF$""},{""@Name"":""SubjectDomainName"",""#text"":""WORKGROUP""},{""@Name"":""SubjectLogonId"",""#text"":""0x3E7""},{""@Name"":""ObjectServer"",""#text"":""Security""},{""@Name"":""ObjectType"",""#text"":""File""},{""@Name"":""ObjectName"",""#text"":""C:\\Program Files\\Reference Assemblies\\Microsoft\\Framework\\v3.0\\System.Workflow.Activities.dll""},{""@Name"":""HandleId"",""#text"":""98-26-00-00""},{""@Name"":""OldSd""},{""@Name"":""NewSd"",""#text"":""S:ARAI(AU;SAFA;DCLCRPCRSDWDWO;;;WD)""},{""@Name"":""ProcessId"",""#text"":""58-08-00-00""},{""@Name"":""ProcessName"",""#text"":""C:\\Windows\\servicing\\TrustedInstaller.exe""}]}}"
209,209,2015-08-23 21:25:49.0943750,4907,LogAlways,Microsoft-Windows-Security-Auditing,Security,632,684,WIN-L0ZZQ76PMUF,1,,,,,,,,,,,,False,M:\Forensics\TrainingImages\AliHadi\Challenge1\tout\M\Forensics\TrainingImages\AliHadi\Challenge1\s4a-challenge4\Windows\System32\winevt\logs\Security.evtx,Audit success,0,"{""EventData"":{""Data"":[{""@Name"":""SubjectUserSid"",""#text"":""S-1-5-18""},{""@Name"":""SubjectUserName"",""#text"":""WIN-L0ZZQ76PMUF$""},{""@Name"":""SubjectDomainName"",""#text"":""WORKGROUP""},{""@Name"":""SubjectLogonId"",""#text"":""0x3E7""},{""@Name"":""ObjectServer"",""#text"":""Security""},{""@Name"":""ObjectType"",""#text"":""File""},{""@Name"":""ObjectName"",""#text"":""C:\\Program Files\\Reference Assemblies\\Microsoft\\Framework\\v3.0\\UIAutomationProvider.dll""},{""@Name"":""HandleId"",""#text"":""28-55-00-00""},{""@Name"":""OldSd""},{""@Name"":""NewSd"",""#text"":""S:ARAI(AU;SAFA;DCLCRPCRSDWDWO;;;WD)""},{""@Name"":""ProcessId"",""#text"":""58-08-00-00""},{""@Name"":""ProcessName"",""#text"":""C:\\Windows\\servicing\\TrustedInstaller.exe""}]}}"
210,210,2015-08-23 21:25:49.1100000,4907,LogAlways,Microsoft-Windows-Security-Auditing,Security,632,684,WIN-L0ZZQ76PMUF,1,,,,,,,,,,,,False,M:\Forensics\TrainingImages\AliHadi\Challenge1\tout\M\Forensics\TrainingImages\AliHadi\Challenge1\s4a-challenge4\Windows\System32\winevt\logs\Security.evtx,Audit success,0,"{""EventData"":{""Data"":[{""@Name"":""SubjectUserSid"",""#text"":""S-1-5-18""},{""@Name"":""SubjectUserName"",""#text"":""WIN-L0ZZQ76PMUF$""},{""@Name"":""SubjectDomainName"",""#text"":""WORKGROUP""},{""@Name"":""SubjectLogonId"",""#text"":""0x3E7""},{""@Name"":""ObjectServer"",""#text"":""Security""},{""@Name"":""ObjectType"",""#text"":""File""},{""@Name"":""ObjectName"",""#text"":""C:\\Program Files\\Reference Assemblies\\Microsoft\\Framework\\v3.0\\ReachFramework.dll""},{""@Name"":""HandleId"",""#text"":""EC-7E-00-00""},{""@Name"":""OldSd""},{""@Name"":""NewSd"",""#text"":""S:ARAI(AU;SAFA;DCLCRPCRSDWDWO;;;WD)""},{""@Name"":""ProcessId"",""#text"":""58-08-00-00""},{""@Name"":""ProcessName"",""#text"":""C:\\Windows\\servicing\\TrustedInstaller.exe""}]}}"
211,211,2015-08-23 21:25:49.1100000,4907,LogAlways,Microsoft-Windows-Security-Auditing,Security,632,684,WIN-L0ZZQ76PMUF,1,,,,,,,,,,,,False,M:\Forensics\TrainingImages\AliHadi\Challenge1\tout\M\Forensics\TrainingImages\AliHadi\Challenge1\s4a-challenge4\Windows\System32\winevt\logs\Security.evtx,Audit success,0,"{""EventData"":{""Data"":[{""@Name"":""SubjectUserSid"",""#text"":""S-1-5-18""},{""@Name"":""SubjectUserName"",""#text"":""WIN-L0ZZQ76PMUF$""},{""@Name"":""SubjectDomainName"",""#text"":""WORKGROUP""},{""@Name"":""SubjectLogonId"",""#text"":""0x3E7""},{""@Name"":""ObjectServer"",""#text"":""Security""},{""@Name"":""ObjectType"",""#text"":""File""},{""@Name"":""ObjectName"",""#text"":""C:\\Program Files\\Reference Assemblies\\Microsoft\\Framework\\v3.0\\System.Runtime.Serialization.dll""},{""@Name"":""HandleId"",""#text"":""28-26-00-00""},{""@Name"":""OldSd""},{""@Name"":""NewSd"",""#text"":""S:ARAI(AU;SAFA;DCLCRPCRSDWDWO;;;WD)""},{""@Name"":""ProcessId"",""#text"":""58-08-00-00""},{""@Name"":""ProcessName"",""#text"":""C:\\Windows\\servicing\\TrustedInstaller.exe""}]}}"
212,212,2015-08-23 21:25:49.1100000,4907,LogAlways,Microsoft-Windows-Security-Auditing,Security,632,684,WIN-L0ZZQ76PMUF,1,,,,,,,,,,,,False,M:\Forensics\TrainingImages\AliHadi\Challenge1\tout\M\Forensics\TrainingImages\AliHadi\Challenge1\s4a-challenge4\Windows\System32\winevt\logs\Security.evtx,Audit success,0,"{""EventData"":{""Data"":[{""@Name"":""SubjectUserSid"",""#text"":""S-1-5-18""},{""@Name"":""SubjectUserName"",""#text"":""WIN-L0ZZQ76PMUF$""},{""@Name"":""SubjectDomainName"",""#text"":""WORKGROUP""},{""@Name"":""SubjectLogonId"",""#text"":""0x3E7""},{""@Name"":""ObjectServer"",""#text"":""Security""},{""@Name"":""ObjectType"",""#text"":""File""},{""@Name"":""ObjectName"",""#text"":""C:\\Program Files\\Reference Assemblies\\Microsoft\\Framework\\v3.0\\System.Workflow.Runtime.dll""},{""@Name"":""HandleId"",""#text"":""98-26-00-00""},{""@Name"":""OldSd""},{""@Name"":""NewSd"",""#text"":""S:ARAI(AU;SAFA;DCLCRPCRSDWDWO;;;WD)""},{""@Name"":""ProcessId"",""#text"":""58-08-00-00""},{""@Name"":""ProcessName"",""#text"":""C:\\Windows\\servicing\\TrustedInstaller.exe""}]}}"
213,213,2015-08-23 21:25:49.1100000,4907,LogAlways,Microsoft-Windows-Security-Auditing,Security,632,684,WIN-L0ZZQ76PMUF,1,,,,,,,,,,,,False,M:\Forensics\TrainingImages\AliHadi\Challenge1\tout\M\Forensics\TrainingImages\AliHadi\Challenge1\s4a-challenge4\Windows\System32\winevt\logs\Security.evtx,Audit success,0,"{""EventData"":{""Data"":[{""@Name"":""SubjectUserSid"",""#text"":""S-1-5-18""},{""@Name"":""SubjectUserName"",""#text"":""WIN-L0ZZQ76PMUF$""},{""@Name"":""SubjectDomainName"",""#text"":""WORKGROUP""},{""@Name"":""SubjectLogonId"",""#text"":""0x3E7""},{""@Name"":""ObjectServer"",""#text"":""Security""},{""@Name"":""ObjectType"",""#text"":""File""},{""@Name"":""ObjectName"",""#text"":""C:\\Program Files\\Reference Assemblies\\Microsoft\\Framework\\v3.0\\UIAutomationTypes.dll""},{""@Name"":""HandleId"",""#text"":""28-55-00-00""},{""@Name"":""OldSd""},{""@Name"":""NewSd"",""#text"":""S:ARAI(AU;SAFA;DCLCRPCRSDWDWO;;;WD)""},{""@Name"":""ProcessId"",""#text"":""58-08-00-00""},{""@Name"":""ProcessName"",""#text"":""C:\\Windows\\servicing\\TrustedInstaller.exe""}]}}"
214,214,2015-08-23 21:25:49.1100000,4907,LogAlways,Microsoft-Windows-Security-Auditing,Security,632,684,WIN-L0ZZQ76PMUF,2,,,,,,,,,,,,False,M:\Forensics\TrainingImages\AliHadi\Challenge1\tout\M\Forensics\TrainingImages\AliHadi\Challenge1\s4a-challenge4\Windows\System32\winevt\logs\Security.evtx,Audit success,0,"{""EventData"":{""Data"":[{""@Name"":""SubjectUserSid"",""#text"":""S-1-5-18""},{""@Name"":""SubjectUserName"",""#text"":""WIN-L0ZZQ76PMUF$""},{""@Name"":""SubjectDomainName"",""#text"":""WORKGROUP""},{""@Name"":""SubjectLogonId"",""#text"":""0x3E7""},{""@Name"":""ObjectServer"",""#text"":""Security""},{""@Name"":""ObjectType"",""#text"":""File""},{""@Name"":""ObjectName"",""#text"":""C:\\Program Files\\Reference Assemblies\\Microsoft\\Framework\\v3.0\\PresentationBuildTasks.dll""},{""@Name"":""HandleId"",""#text"":""EC-7E-00-00""},{""@Name"":""OldSd""},{""@Name"":""NewSd"",""#text"":""S:ARAI(AU;SAFA;DCLCRPCRSDWDWO;;;WD)""},{""@Name"":""ProcessId"",""#text"":""58-08-00-00""},{""@Name"":""ProcessName"",""#text"":""C:\\Windows\\servicing\\TrustedInstaller.exe""}]}}"
215,215,2015-08-23 21:25:49.1100000,4907,LogAlways,Microsoft-Windows-Security-Auditing,Security,632,684,WIN-L0ZZQ76PMUF,2,,,,,,,,,,,,False,M:\Forensics\TrainingImages\AliHadi\Challenge1\tout\M\Forensics\TrainingImages\AliHadi\Challenge1\s4a-challenge4\Windows\System32\winevt\logs\Security.evtx,Audit success,0,"{""EventData"":{""Data"":[{""@Name"":""SubjectUserSid"",""#text"":""S-1-5-18""},{""@Name"":""SubjectUserName"",""#text"":""WIN-L0ZZQ76PMUF$""},{""@Name"":""SubjectDomainName"",""#text"":""WORKGROUP""},{""@Name"":""SubjectLogonId"",""#text"":""0x3E7""},{""@Name"":""ObjectServer"",""#text"":""Security""},{""@Name"":""ObjectType"",""#text"":""File""},{""@Name"":""ObjectName"",""#text"":""C:\\Program Files\\Reference Assemblies\\Microsoft\\Framework\\v3.0\\PresentationFramework.Royale.dll""},{""@Name"":""HandleId"",""#text"":""28-26-00-00""},{""@Name"":""OldSd""},{""@Name"":""NewSd"",""#text"":""S:ARAI(AU;SAFA;DCLCRPCRSDWDWO;;;WD)""},{""@Name"":""ProcessId"",""#text"":""58-08-00-00""},{""@Name"":""ProcessName"",""#text"":""C:\\Windows\\servicing\\TrustedInstaller.exe""}]}}"
216,216,2015-08-23 21:25:49.1100000,4907,LogAlways,Microsoft-Windows-Security-Auditing,Security,632,684,WIN-L0ZZQ76PMUF,2,,,,,,,,,,,,False,M:\Forensics\TrainingImages\AliHadi\Challenge1\tout\M\Forensics\TrainingImages\AliHadi\Challenge1\s4a-challenge4\Windows\System32\winevt\logs\Security.evtx,Audit success,0,"{""EventData"":{""Data"":[{""@Name"":""SubjectUserSid"",""#text"":""S-1-5-18""},{""@Name"":""SubjectUserName"",""#text"":""WIN-L0ZZQ76PMUF$""},{""@Name"":""SubjectDomainName"",""#text"":""WORKGROUP""},{""@Name"":""SubjectLogonId"",""#text"":""0x3E7""},{""@Name"":""ObjectServer"",""#text"":""Security""},{""@Name"":""ObjectType"",""#text"":""File""},{""@Name"":""ObjectName"",""#text"":""C:\\Program Files\\Reference Assemblies\\Microsoft\\Framework\\v3.0\\PresentationFramework.dll""},{""@Name"":""HandleId"",""#text"":""98-26-00-00""},{""@Name"":""OldSd""},{""@Name"":""NewSd"",""#text"":""S:ARAI(AU;SAFA;DCLCRPCRSDWDWO;;;WD)""},{""@Name"":""ProcessId"",""#text"":""58-08-00-00""},{""@Name"":""ProcessName"",""#text"":""C:\\Windows\\servicing\\TrustedInstaller.exe""}]}}"
217,217,2015-08-23 21:25:49.1100000,4907,LogAlways,Microsoft-Windows-Security-Auditing,Security,632,684,WIN-L0ZZQ76PMUF,2,,,,,,,,,,,,False,M:\Forensics\TrainingImages\AliHadi\Challenge1\tout\M\Forensics\TrainingImages\AliHadi\Challenge1\s4a-challenge4\Windows\System32\winevt\logs\Security.evtx,Audit success,0,"{""EventData"":{""Data"":[{""@Name"":""SubjectUserSid"",""#text"":""S-1-5-18""},{""@Name"":""SubjectUserName"",""#text"":""WIN-L0ZZQ76PMUF$""},{""@Name"":""SubjectDomainName"",""#text"":""WORKGROUP""},{""@Name"":""SubjectLogonId"",""#text"":""0x3E7""},{""@Name"":""ObjectServer"",""#text"":""Security""},{""@Name"":""ObjectType"",""#text"":""File""},{""@Name"":""ObjectName"",""#text"":""C:\\Program Files\\Reference Assemblies\\Microsoft\\Framework\\v3.0\\System.ServiceModel.dll""},{""@Name"":""HandleId"",""#text"":""28-55-00-00""},{""@Name"":""OldSd""},{""@Name"":""NewSd"",""#text"":""S:ARAI(AU;SAFA;DCLCRPCRSDWDWO;;;WD)""},{""@Name"":""ProcessId"",""#text"":""58-08-00-00""},{""@Name"":""ProcessName"",""#text"":""C:\\Windows\\servicing\\TrustedInstaller.exe""}]}}"
218,218,2015-08-23 21:25:49.1256250,4907,LogAlways,Microsoft-Windows-Security-Auditing,Security,632,684,WIN-L0ZZQ76PMUF,2,,,,,,,,,,,,False,M:\Forensics\TrainingImages\AliHadi\Challenge1\tout\M\Forensics\TrainingImages\AliHadi\Challenge1\s4a-challenge4\Windows\System32\winevt\logs\Security.evtx,Audit success,0,"{""EventData"":{""Data"":[{""@Name"":""SubjectUserSid"",""#text"":""S-1-5-18""},{""@Name"":""SubjectUserName"",""#text"":""WIN-L0ZZQ76PMUF$""},{""@Name"":""SubjectDomainName"",""#text"":""WORKGROUP""},{""@Name"":""SubjectLogonId"",""#text"":""0x3E7""},{""@Name"":""ObjectServer"",""#text"":""Security""},{""@Name"":""ObjectType"",""#text"":""File""},{""@Name"":""ObjectName"",""#text"":""C:\\Program Files\\Reference Assemblies\\Microsoft\\Framework\\v3.0\\RedistList\\FrameworkList.xml""},{""@Name"":""HandleId"",""#text"":""EC-7E-00-00""},{""@Name"":""OldSd"",""#text"":""S:AI""},{""@Name"":""NewSd""},{""@Name"":""ProcessId"",""#text"":""58-08-00-00""},{""@Name"":""ProcessName"",""#text"":""C:\\Windows\\servicing\\TrustedInstaller.exe""}]}}"
219,219,2015-08-23 21:25:49.1256250,4907,LogAlways,Microsoft-Windows-Security-Auditing,Security,632,684,WIN-L0ZZQ76PMUF,2,,,,,,,,,,,,False,M:\Forensics\TrainingImages\AliHadi\Challenge1\tout\M\Forensics\TrainingImages\AliHadi\Challenge1\s4a-challenge4\Windows\System32\winevt\logs\Security.evtx,Audit success,0,"{""EventData"":{""Data"":[{""@Name"":""SubjectUserSid"",""#text"":""S-1-5-18""},{""@Name"":""SubjectUserName"",""#text"":""WIN-L0ZZQ76PMUF$""},{""@Name"":""SubjectDomainName"",""#text"":""WORKGROUP""},{""@Name"":""SubjectLogonId"",""#text"":""0x3E7""},{""@Name"":""ObjectServer"",""#text"":""Security""},{""@Name"":""ObjectType"",""#text"":""File""},{""@Name"":""ObjectName"",""#text"":""C:\\Windows\\Fonts\\GlobalMonospace.CompositeFont""},{""@Name"":""HandleId"",""#text"":""EC-7E-00-00""},{""@Name"":""OldSd"",""#text"":""S:AI""},{""@Name"":""NewSd""},{""@Name"":""ProcessId"",""#text"":""58-08-00-00""},{""@Name"":""ProcessName"",""#text"":""C:\\Windows\\servicing\\TrustedInstaller.exe""}]}}"
220,220,2015-08-23 21:25:49.1256250,4907,LogAlways,Microsoft-Windows-Security-Auditing,Security,632,684,WIN-L0ZZQ76PMUF,2,,,,,,,,,,,,False,M:\Forensics\TrainingImages\AliHadi\Challenge1\tout\M\Forensics\TrainingImages\AliHadi\Challenge1\s4a-challenge4\Windows\System32\winevt\logs\Security.evtx,Audit success,0,"{""EventData"":{""Data"":[{""@Name"":""SubjectUserSid"",""#text"":""S-1-5-18""},{""@Name"":""SubjectUserName"",""#text"":""WIN-L0ZZQ76PMUF$""},{""@Name"":""SubjectDomainName"",""#text"":""WORKGROUP""},{""@Name"":""SubjectLogonId"",""#text"":""0x3E7""},{""@Name"":""ObjectServer"",""#text"":""Security""},{""@Name"":""ObjectType"",""#text"":""File""},{""@Name"":""ObjectName"",""#text"":""C:\\Windows\\Fonts\\GlobalSansSerif.CompositeFont""},{""@Name"":""HandleId"",""#text"":""EC-7E-00-00""},{""@Name"":""OldSd"",""#text"":""S:AI""},{""@Name"":""NewSd""},{""@Name"":""ProcessId"",""#text"":""58-08-00-00""},{""@Name"":""ProcessName"",""#text"":""C:\\Windows\\servicing\\TrustedInstaller.exe""}]}}"
221,221,2015-08-23 21:25:49.1412500,4907,LogAlways,Microsoft-Windows-Security-Auditing,Security,632,684,WIN-L0ZZQ76PMUF,2,,,,,,,,,,,,False,M:\Forensics\TrainingImages\AliHadi\Challenge1\tout\M\Forensics\TrainingImages\AliHadi\Challenge1\s4a-challenge4\Windows\System32\winevt\logs\Security.evtx,Audit success,0,"{""EventData"":{""Data"":[{""@Name"":""SubjectUserSid"",""#text"":""S-1-5-18""},{""@Name"":""SubjectUserName"",""#text"":""WIN-L0ZZQ76PMUF$""},{""@Name"":""SubjectDomainName"",""#text"":""WORKGROUP""},{""@Name"":""SubjectLogonId"",""#text"":""0x3E7""},{""@Name"":""ObjectServer"",""#text"":""Security""},{""@Name"":""ObjectType"",""#text"":""File""},{""@Name"":""ObjectName"",""#text"":""C:\\Windows\\Fonts\\GlobalSerif.CompositeFont""},{""@Name"":""HandleId"",""#text"":""EC-7E-00-00""},{""@Name"":""OldSd"",""#text"":""S:AI""},{""@Name"":""NewSd""},{""@Name"":""ProcessId"",""#text"":""58-08-00-00""},{""@Name"":""ProcessName"",""#text"":""C:\\Windows\\servicing\\TrustedInstaller.exe""}]}}"
222,222,2015-08-23 21:25:49.1412500,4907,LogAlways,Microsoft-Windows-Security-Auditing,Security,632,684,WIN-L0ZZQ76PMUF,2,,,,,,,,,,,,False,M:\Forensics\TrainingImages\AliHadi\Challenge1\tout\M\Forensics\TrainingImages\AliHadi\Challenge1\s4a-challenge4\Windows\System32\winevt\logs\Security.evtx,Audit success,0,"{""EventData"":{""Data"":[{""@Name"":""SubjectUserSid"",""#text"":""S-1-5-18""},{""@Name"":""SubjectUserName"",""#text"":""WIN-L0ZZQ76PMUF$""},{""@Name"":""SubjectDomainName"",""#text"":""WORKGROUP""},{""@Name"":""SubjectLogonId"",""#text"":""0x3E7""},{""@Name"":""ObjectServer"",""#text"":""Security""},{""@Name"":""ObjectType"",""#text"":""File""},{""@Name"":""ObjectName"",""#text"":""C:\\Windows\\Fonts\\GlobalUserInterface.CompositeFont""},{""@Name"":""HandleId"",""#text"":""EC-7E-00-00""},{""@Name"":""OldSd"",""#text"":""S:AI""},{""@Name"":""NewSd""},{""@Name"":""ProcessId"",""#text"":""58-08-00-00""},{""@Name"":""ProcessName"",""#text"":""C:\\Windows\\servicing\\TrustedInstaller.exe""}]}}"
223,223,2015-08-23 21:25:49.1412500,4907,LogAlways,Microsoft-Windows-Security-Auditing,Security,632,684,WIN-L0ZZQ76PMUF,2,,,,,,,,,,,,False,M:\Forensics\TrainingImages\AliHadi\Challenge1\tout\M\Forensics\TrainingImages\AliHadi\Challenge1\s4a-challenge4\Windows\System32\winevt\logs\Security.evtx,Audit success,0,"{""EventData"":{""Data"":[{""@Name"":""SubjectUserSid"",""#text"":""S-1-5-18""},{""@Name"":""SubjectUserName"",""#text"":""WIN-L0ZZQ76PMUF$""},{""@Name"":""SubjectDomainName"",""#text"":""WORKGROUP""},{""@Name"":""SubjectLogonId"",""#text"":""0x3E7""},{""@Name"":""ObjectServer"",""#text"":""Security""},{""@Name"":""ObjectType"",""#text"":""File""},{""@Name"":""ObjectName"",""#text"":""C:\\Windows\\System32\\infocardapi.dll""},{""@Name"":""HandleId"",""#text"":""28-55-00-00""},{""@Name"":""OldSd""},{""@Name"":""NewSd"",""#text"":""S:ARAI(AU;SAFA;DCLCRPCRSDWDWO;;;WD)""},{""@Name"":""ProcessId"",""#text"":""58-08-00-00""},{""@Name"":""ProcessName"",""#text"":""C:\\Windows\\servicing\\TrustedInstaller.exe""}]}}"
224,224,2015-08-23 21:25:49.1412500,4907,LogAlways,Microsoft-Windows-Security-Auditing,Security,632,684,WIN-L0ZZQ76PMUF,2,,,,,,,,,,,,False,M:\Forensics\TrainingImages\AliHadi\Challenge1\tout\M\Forensics\TrainingImages\AliHadi\Challenge1\s4a-challenge4\Windows\System32\winevt\logs\Security.evtx,Audit success,0,"{""EventData"":{""Data"":[{""@Name"":""SubjectUserSid"",""#text"":""S-1-5-18""},{""@Name"":""SubjectUserName"",""#text"":""WIN-L0ZZQ76PMUF$""},{""@Name"":""SubjectDomainName"",""#text"":""WORKGROUP""},{""@Name"":""SubjectLogonId"",""#text"":""0x3E7""},{""@Name"":""ObjectServer"",""#text"":""Security""},{""@Name"":""ObjectType"",""#text"":""File""},{""@Name"":""ObjectName"",""#text"":""C:\\Windows\\System32\\iisreset.exe""},{""@Name"":""HandleId"",""#text"":""98-26-00-00""},{""@Name"":""OldSd""},{""@Name"":""NewSd"",""#text"":""S:ARAI(AU;SAFA;DCLCRPCRSDWDWO;;;WD)""},{""@Name"":""ProcessId"",""#text"":""58-08-00-00""},{""@Name"":""ProcessName"",""#text"":""C:\\Windows\\servicing\\TrustedInstaller.exe""}]}}"
225,225,2015-08-23 21:25:49.1412500,4907,LogAlways,Microsoft-Windows-Security-Auditing,Security,632,684,WIN-L0ZZQ76PMUF,2,,,,,,,,,,,,False,M:\Forensics\TrainingImages\AliHadi\Challenge1\tout\M\Forensics\TrainingImages\AliHadi\Challenge1\s4a-challenge4\Windows\System32\winevt\logs\Security.evtx,Audit success,0,"{""EventData"":{""Data"":[{""@Name"":""SubjectUserSid"",""#text"":""S-1-5-18""},{""@Name"":""SubjectUserName"",""#text"":""WIN-L0ZZQ76PMUF$""},{""@Name"":""SubjectDomainName"",""#text"":""WORKGROUP""},{""@Name"":""SubjectLogonId"",""#text"":""0x3E7""},{""@Name"":""ObjectServer"",""#text"":""Security""},{""@Name"":""ObjectType"",""#text"":""File""},{""@Name"":""ObjectName"",""#text"":""C:\\Windows\\System32\\ahadmin.dll""},{""@Name"":""HandleId"",""#text"":""28-26-00-00""},{""@Name"":""OldSd""},{""@Name"":""NewSd"",""#text"":""S:ARAI(AU;SAFA;DCLCRPCRSDWDWO;;;WD)""},{""@Name"":""ProcessId"",""#text"":""58-08-00-00""},{""@Name"":""ProcessName"",""#text"":""C:\\Windows\\servicing\\TrustedInstaller.exe""}]}}"
226,226,2015-08-23 21:25:49.1412500,4907,LogAlways,Microsoft-Windows-Security-Auditing,Security,632,684,WIN-L0ZZQ76PMUF,2,,,,,,,,,,,,False,M:\Forensics\TrainingImages\AliHadi\Challenge1\tout\M\Forensics\TrainingImages\AliHadi\Challenge1\s4a-challenge4\Windows\System32\winevt\logs\Security.evtx,Audit success,0,"{""EventData"":{""Data"":[{""@Name"":""SubjectUserSid"",""#text"":""S-1-5-18""},{""@Name"":""SubjectUserName"",""#text"":""WIN-L0ZZQ76PMUF$""},{""@Name"":""SubjectDomainName"",""#text"":""WORKGROUP""},{""@Name"":""SubjectLogonId"",""#text"":""0x3E7""},{""@Name"":""ObjectServer"",""#text"":""Security""},{""@Name"":""ObjectType"",""#text"":""File""},{""@Name"":""ObjectName"",""#text"":""C:\\Windows\\System32\\icardagt.exe""},{""@Name"":""HandleId"",""#text"":""EC-7E-00-00""},{""@Name"":""OldSd""},{""@Name"":""NewSd"",""#text"":""S:ARAI(AU;SAFA;DCLCRPCRSDWDWO;;;WD)""},{""@Name"":""ProcessId"",""#text"":""58-08-00-00""},{""@Name"":""ProcessName"",""#text"":""C:\\Windows\\servicing\\TrustedInstaller.exe""}]}}"
227,227,2015-08-23 21:25:49.1568750,4907,LogAlways,Microsoft-Windows-Security-Auditing,Security,632,684,WIN-L0ZZQ76PMUF,2,,,,,,,,,,,,False,M:\Forensics\TrainingImages\AliHadi\Challenge1\tout\M\Forensics\TrainingImages\AliHadi\Challenge1\s4a-challenge4\Windows\System32\winevt\logs\Security.evtx,Audit success,0,"{""EventData"":{""Data"":[{""@Name"":""SubjectUserSid"",""#text"":""S-1-5-18""},{""@Name"":""SubjectUserName"",""#text"":""WIN-L0ZZQ76PMUF$""},{""@Name"":""SubjectDomainName"",""#text"":""WORKGROUP""},{""@Name"":""SubjectLogonId"",""#text"":""0x3E7""},{""@Name"":""ObjectServer"",""#text"":""Security""},{""@Name"":""ObjectType"",""#text"":""File""},{""@Name"":""ObjectName"",""#text"":""C:\\Windows\\System32\\icardres.dll""},{""@Name"":""HandleId"",""#text"":""28-55-00-00""},{""@Name"":""OldSd""},{""@Name"":""NewSd"",""#text"":""S:ARAI(AU;SAFA;DCLCRPCRSDWDWO;;;WD)""},{""@Name"":""ProcessId"",""#text"":""58-08-00-00""},{""@Name"":""ProcessName"",""#text"":""C:\\Windows\\servicing\\TrustedInstaller.exe""}]}}"
228,228,2015-08-23 21:25:49.1568750,4907,LogAlways,Microsoft-Windows-Security-Auditing,Security,632,684,WIN-L0ZZQ76PMUF,2,,,,,,,,,,,,False,M:\Forensics\TrainingImages\AliHadi\Challenge1\tout\M\Forensics\TrainingImages\AliHadi\Challenge1\s4a-challenge4\Windows\System32\winevt\logs\Security.evtx,Audit success,0,"{""EventData"":{""Data"":[{""@Name"":""SubjectUserSid"",""#text"":""S-1-5-18""},{""@Name"":""SubjectUserName"",""#text"":""WIN-L0ZZQ76PMUF$""},{""@Name"":""SubjectDomainName"",""#text"":""WORKGROUP""},{""@Name"":""SubjectLogonId"",""#text"":""0x3E7""},{""@Name"":""ObjectServer"",""#text"":""Security""},{""@Name"":""ObjectType"",""#text"":""File""},{""@Name"":""ObjectName"",""#text"":""C:\\Windows\\System32\\PresentationHost.exe""},{""@Name"":""HandleId"",""#text"":""98-26-00-00""},{""@Name"":""OldSd""},{""@Name"":""NewSd"",""#text"":""S:ARAI(AU;SAFA;DCLCRPCRSDWDWO;;;WD)""},{""@Name"":""ProcessId"",""#text"":""58-08-00-00""},{""@Name"":""ProcessName"",""#text"":""C:\\Windows\\servicing\\TrustedInstaller.exe""}]}}"
229,229,2015-08-23 21:25:49.1568750,4907,LogAlways,Microsoft-Windows-Security-Auditing,Security,632,684,WIN-L0ZZQ76PMUF,2,,,,,,,,,,,,False,M:\Forensics\TrainingImages\AliHadi\Challenge1\tout\M\Forensics\TrainingImages\AliHadi\Challenge1\s4a-challenge4\Windows\System32\winevt\logs\Security.evtx,Audit success,0,"{""EventData"":{""Data"":[{""@Name"":""SubjectUserSid"",""#text"":""S-1-5-18""},{""@Name"":""SubjectUserName"",""#text"":""WIN-L0ZZQ76PMUF$""},{""@Name"":""SubjectDomainName"",""#text"":""WORKGROUP""},{""@Name"":""SubjectLogonId"",""#text"":""0x3E7""},{""@Name"":""ObjectServer"",""#text"":""Security""},{""@Name"":""ObjectType"",""#text"":""File""},{""@Name"":""ObjectName"",""#text"":""C:\\Windows\\System32\\PresentationNative_v0300.dll""},{""@Name"":""HandleId"",""#text"":""28-26-00-00""},{""@Name"":""OldSd""},{""@Name"":""NewSd"",""#text"":""S:ARAI(AU;SAFA;DCLCRPCRSDWDWO;;;WD)""},{""@Name"":""ProcessId"",""#text"":""58-08-00-00""},{""@Name"":""ProcessName"",""#text"":""C:\\Windows\\servicing\\TrustedInstaller.exe""}]}}"
230,230,2015-08-23 21:25:49.1568750,4907,LogAlways,Microsoft-Windows-Security-Auditing,Security,632,684,WIN-L0ZZQ76PMUF,2,,,,,,,,,,,,False,M:\Forensics\TrainingImages\AliHadi\Challenge1\tout\M\Forensics\TrainingImages\AliHadi\Challenge1\s4a-challenge4\Windows\System32\winevt\logs\Security.evtx,Audit success,0,"{""EventData"":{""Data"":[{""@Name"":""SubjectUserSid"",""#text"":""S-1-5-18""},{""@Name"":""SubjectUserName"",""#text"":""WIN-L0ZZQ76PMUF$""},{""@Name"":""SubjectDomainName"",""#text"":""WORKGROUP""},{""@Name"":""SubjectLogonId"",""#text"":""0x3E7""},{""@Name"":""ObjectServer"",""#text"":""Security""},{""@Name"":""ObjectType"",""#text"":""File""},{""@Name"":""ObjectName"",""#text"":""C:\\Windows\\System32\\wamregps.dll""},{""@Name"":""HandleId"",""#text"":""EC-7E-00-00""},{""@Name"":""OldSd""},{""@Name"":""NewSd"",""#text"":""S:ARAI(AU;SAFA;DCLCRPCRSDWDWO;;;WD)""},{""@Name"":""ProcessId"",""#text"":""58-08-00-00""},{""@Name"":""ProcessName"",""#text"":""C:\\Windows\\servicing\\TrustedInstaller.exe""}]}}"
231,231,2015-08-23 21:25:49.1568750,4907,LogAlways,Microsoft-Windows-Security-Auditing,Security,632,684,WIN-L0ZZQ76PMUF,2,,,,,,,,,,,,False,M:\Forensics\TrainingImages\AliHadi\Challenge1\tout\M\Forensics\TrainingImages\AliHadi\Challenge1\s4a-challenge4\Windows\System32\winevt\logs\Security.evtx,Audit success,0,"{""EventData"":{""Data"":[{""@Name"":""SubjectUserSid"",""#text"":""S-1-5-18""},{""@Name"":""SubjectUserName"",""#text"":""WIN-L0ZZQ76PMUF$""},{""@Name"":""SubjectDomainName"",""#text"":""WORKGROUP""},{""@Name"":""SubjectLogonId"",""#text"":""0x3E7""},{""@Name"":""ObjectServer"",""#text"":""Security""},{""@Name"":""ObjectType"",""#text"":""File""},{""@Name"":""ObjectName"",""#text"":""C:\\Windows\\System32\\PresentationCFFRasterizerNative_v0300.dll""},{""@Name"":""HandleId"",""#text"":""28-55-00-00""},{""@Name"":""OldSd""},{""@Name"":""NewSd"",""#text"":""S:ARAI(AU;SAFA;DCLCRPCRSDWDWO;;;WD)""},{""@Name"":""ProcessId"",""#text"":""58-08-00-00""},{""@Name"":""ProcessName"",""#text"":""C:\\Windows\\servicing\\TrustedInstaller.exe""}]}}"
232,232,2015-08-23 21:25:49.1568750,4907,LogAlways,Microsoft-Windows-Security-Auditing,Security,632,684,WIN-L0ZZQ76PMUF,2,,,,,,,,,,,,False,M:\Forensics\TrainingImages\AliHadi\Challenge1\tout\M\Forensics\TrainingImages\AliHadi\Challenge1\s4a-challenge4\Windows\System32\winevt\logs\Security.evtx,Audit success,0,"{""EventData"":{""Data"":[{""@Name"":""SubjectUserSid"",""#text"":""S-1-5-18""},{""@Name"":""SubjectUserName"",""#text"":""WIN-L0ZZQ76PMUF$""},{""@Name"":""SubjectDomainName"",""#text"":""WORKGROUP""},{""@Name"":""SubjectLogonId"",""#text"":""0x3E7""},{""@Name"":""ObjectServer"",""#text"":""Security""},{""@Name"":""ObjectType"",""#text"":""File""},{""@Name"":""ObjectName"",""#text"":""C:\\Windows\\System32\\PresentationHostProxy.dll""},{""@Name"":""HandleId"",""#text"":""98-26-00-00""},{""@Name"":""OldSd""},{""@Name"":""NewSd"",""#text"":""S:ARAI(AU;SAFA;DCLCRPCRSDWDWO;;;WD)""},{""@Name"":""ProcessId"",""#text"":""58-08-00-00""},{""@Name"":""ProcessName"",""#text"":""C:\\Windows\\servicing\\TrustedInstaller.exe""}]}}"
233,233,2015-08-23 21:25:49.1568750,4907,LogAlways,Microsoft-Windows-Security-Auditing,Security,632,684,WIN-L0ZZQ76PMUF,2,,,,,,,,,,,,False,M:\Forensics\TrainingImages\AliHadi\Challenge1\tout\M\Forensics\TrainingImages\AliHadi\Challenge1\s4a-challenge4\Windows\System32\winevt\logs\Security.evtx,Audit success,0,"{""EventData"":{""Data"":[{""@Name"":""SubjectUserSid"",""#text"":""S-1-5-18""},{""@Name"":""SubjectUserName"",""#text"":""WIN-L0ZZQ76PMUF$""},{""@Name"":""SubjectDomainName"",""#text"":""WORKGROUP""},{""@Name"":""SubjectLogonId"",""#text"":""0x3E7""},{""@Name"":""ObjectServer"",""#text"":""Security""},{""@Name"":""ObjectType"",""#text"":""File""},{""@Name"":""ObjectName"",""#text"":""C:\\Windows\\System32\\iisrstap.dll""},{""@Name"":""HandleId"",""#text"":""28-26-00-00""},{""@Name"":""OldSd""},{""@Name"":""NewSd"",""#text"":""S:ARAI(AU;SAFA;DCLCRPCRSDWDWO;;;WD)""},{""@Name"":""ProcessId"",""#text"":""58-08-00-00""},{""@Name"":""ProcessName"",""#text"":""C:\\Windows\\servicing\\TrustedInstaller.exe""}]}}"
