7,7,2015-09-13 03:41:41.5312500,5,Info,Microsoft-Windows-Kernel-WHEA,Microsoft-Windows-Kernel-WHEA,4,8,WIN-L0ZZQ76PMUF,0,S-1-5-18,,,,,,,,,,,False,M:\Forensics\TrainingImages\AliHadi\Challenge1\tout\M\Forensics\TrainingImages\AliHadi\Challenge1\s4a-challenge4\Windows\System32\winevt\logs\Microsoft-Windows-Kernel-WHEA.evtx,0x4000000000000000,0,"{""EventData"":{""Data"":[{""@Name"":""ErrorSourceCount"",""#text"":""4""},{""@Name"":""ErrorRecordFormat"",""#text"":""10""},{""@Name"":""ErrorSourceTableLength"",""#text"":""4224""},{""@Name"":""ErrorSourceTable"",""#text"":""08-B0-89-83-98-3D-74-81-FE-6F-F5-E8-9C-91-C5-4C-BA-88-65-AB-E1-49-13-BB-00-00-00-00-00-00-00-00-00-00-00-00-01-00-00-00-2E-0C-00-00-57-68-65-61-00-00-00-00-08-A0-89-83-00-00-00-00-C8-73-81-83-00-00-00-00-00-00-00-00-00-00-00-00-00-00-00-00-CC-03-00-00-0A-00-00-00-00-00-00-00-02-00-00-00-92-03-00-00-01-00-00-00-03-00-00-00-00-00-00-00-00-00-00-80-00-00-00-00-00-00-00-00-00-00-00-00-00-00-00-00-00-00-00-00-FF-FF-FF-FF-FF-FF-FF-FF-00-01-00-00-00-04-00-00-01-04-00-00-02-04-00-00-03-04-00-00-FF-FF-FF-FF-FF-FF-FF-FF-01-01-00-00-04-04-00-00-05-04-00-00-06-04-00-00-07-04-00-00-FF-FF-FF-FF-FF-FF-FF-FF-02-01-00-00-08-04-00-00-09-04-00-00-0A-04-00-00-0B-04-00-00-FF-FF-FF-FF-FF-FF-FF-FF-03-01-00-00-0C-04-00-00-0D-04-00-00-0E-04-00-00-0F-04-00-00-FF-FF-FF-FF-FF-FF-FF-FF-04-01-00-00-10-04-00-00-11-04-00-00-12-04-00-00-13-04-00-00-FF-FF-FF-FF-FF-FF-FF-FF-05-01-00-00-14-04-00-00-15-04-00-00-16-04-00-00-17-04-00-00-FF-FF-FF-FF-FF-FF-FF-FF-00-00-00-00-00-00-00-00-00-00-00-00-00-00-00-00-00-00-00-00-00-00-00-00-00-00-00-00-00-00-00-00-00-00-00-00-00-00-00-00-00-00-00-00-00-00-00-00-00-00-00-00-00-00-00-00-00-00-00-00-00-00-00-00-00-00-00-00-00-00-00-00-00-00-00-00-00-00-00-00-00-00-00-00-00-00-00-00-00-00-00-00-00-00-00-00-00-00-00-00-00-00-00-00-00-00-00-00-00-00-00-00-00-00-00-00-00-00-00-00-00-00-00-00-00-00-00-00-00-00-00-00-00-00-00-00-00-00-00-00-00-00-00-00-00-00-00-00-00-00-00-00-00-00-00-00-00-00-00-00-00-00-00-00-00-00-00-00-00-00-00-00-00-00-00-00-00-00-00-00-00-00-00-00-00-00-00-00-00-00-00-00-00-00-00-00-00-00-00-00-00-00-00-00-00-00-00-00-00-00-00-00-00-00-00-00-00-00-00-00-00-00-00-00-00-00-00-00-00-00-00-00-00-00-00-00-00-00-00-00-00-00-00-00-00-00-00-00-00-00-00-00-00-00-00-00-00-00-00-00-00-00-00-00-00-00-00-00-00-00-00-00-00-00-00-00-00-00-00-00-00-00-00-00-00-00-00-00-00-00-00-00-00-00-00-00-00-00-00-00-00-00-00-00-00-00-00-00-00-00-00-00-00-00-00-00-00-00-00-00-00-00-00-00-00-00-00-00-00-00-00-00-00-00-00-00-00-00-00-00-00-00-00-00-00-00-00-00-00-00-00-00-00-00-00-00-00-00-00-00-00-00-00-00-00-00-00-00-00-00-00-00-00-00-00-00-00-00-00-00-00-00-00-00-00-00-00-00-00-00-00-00-00-00-00-00-00-00-00-00-00-00-00-00-00-00-00-00-00-00-00-00-00-00-00-00-00-00-00-00-00-00-00-00-00-00-00-00-00-00-00-00-00-00-00-00-00-00-00-00-00-00-00-00-00-00-00-00-00-00-00-00-00-00-00-00-00-00-00-00-00-00-00-00-00-00-00-00-00-00-00-00-00-00-00-00-00-00-00-00-00-00-00-00-00-00-00-00-00-00-00-00-00-00-00-00-00-00-00-00-00-00-00-00-00-00-00-00-00-00-00-00-00-00-00-00-00-00-00-00-00-00-00-00-00-00-00-00-00-00-00-00-00-00-00-00-00-00-00-00-00-00-00-00-00-00-00-00-00-00-00-00-00-00-00-00-00-00-00-00-00-00-00-00-00-00-00-00-00-00-00-00-00-00-00-00-00-00-00-00-00-00-00-00-00-00-00-00-00-00-00-00-00-00-00-00-00-00-00-00-00-00-00-00-00-00-00-00-00-00-00-00-00-00-00-00-00-00-00-00-00-00-00-00-00-00-00-00-00-00-00-00-00-00-00-00-00-00-00-00-00-00-00-00-00-00-00-00-00-00-00-00-00-00-00-00-00-00-00-00-00-00-00-00-00-00-00-00-00-00-00-00-00-00-00-00-00-00-00-00-00-00-00-00-00-00-00-00-00-00-00-00-00-00-00-00-00-00-00-00-00-00-00-00-00-00-00-00-00-00-00-00-00-00-00-00-00-00-00-00-00-00-00-00-00-00-00-00-00-00-00-00-00-00-00-00-00-00-00-00-00-00-00-00-E0-BB-89-83-78-97-89-83-B1-8B-CE-2D-D7-BD-0E-45-B9-AD-9C-F4-EB-D4-F8-90-00-00-00-00-00-00-00-00-00-00-00-00-01-00-00-00-2E-0C-00-00-57-68-65-61-01-00-00-00-08-C0-89-83-00-00-00-00-B8-52-82-83-00-00-00-00-00-00-00-00-00-00-00-00-00-00-00-00-CC-03-00-00-0A-00-00-00-01-00-00-00-02-00-00-00-92-03-00-00-01-00-00-00-03-00-00-00-01-00-00-00-00-00-00-80-00-00-00-00-01-00-01-06-00-00-00-00-00-1C-00-00-60-EA-00-00-00-00-00-00-00-00-00-00-00-00-00-00-00-00-00-00-00-00-00-00-00-01-00-00-00-04-00-00-01-04-00-00-02-04-00-00-03-04-00-00-FF-FF-FF-FF-FF-FF-FF-FF-01-01-00-00-04-04-00-00-05-04-00-00-06-04-00-00-07-04-00-00-FF-FF-FF-FF-FF-FF-FF-FF-02-01-00-00-08-04-00-00-09-04-00-00-0A-04-00-00-0B-04-00-00-FF-FF-FF-FF-FF-FF-FF-FF-03-01-00-00-0C-04-00-00-0D-04-00-00-0E-04-00-00-0F-04-00-00-FF-FF-FF-FF-FF-FF-FF-FF-04-01-00-00-10-04-00-00-11-04-00-00-12-04-00-00-13-04-00-00-FF-FF-FF-FF-FF-FF-FF-FF-00-00-00-00-00-00-00-00-00-00-00-00-00-00-00-00-00-00-00-00-00-00-00-00-00-00-00-00-00-00-00-00-00-00-00-00-00-00-00-00-00-00-00-00-00-00-00-00-00-00-00-00-00-00-00-00-00-00-00-00-00-00-00-00-00-00-00-00-00-00-00-00-00-00-00-00-00-00-00-00-00-00-00-00-00-00-00-00-00-00-00-00-00-00-00-00-00-00-00-00-00-00-00-00-00-00-00-00-00-00-00-00-00-00-00-00-00-00-00-00-00-00-00-00-00-00-00-00-00-00-00-00-00-00-00-00-00-00-00-00-00-00-00-00-00-00-00-00-00-00-00-00-00-00-00-00-00-00-00-00-00-00-00-00-00-00-00-00-00-00-00-00-00-00-00-00-00-00-00-00-00-00-00-00-00-00-00-00-00-00-00-00-00-00-00-00-00-00-00-00-00-00-00-00-00-00-00-00-00-00-00-00-00-00-00-00-00-00-00-00-00-00-00-00-00-00-00-00-00-00-00-00-00-00-00-00-00-00-00-00-00-00-00-00-00-00-00-00-00-00-00-00-00-00-00-00-00-00-00-00-00-00-00-00-00-00-00-00-00-00-00-00-00-00-00-00-00-00-00-00-00-00-00-00-00-00-00-00-00-00-00-00-00-00-00-00-00-00-00-00-00-00-00-00-00-00-00-00-00-00-00-00-00-00-00-00-00-00-00-00-00-00-00-00-00-00-00-00-00-00-00-00-00-00-00-00-00-00-00-00-00-00-00-00-00-00-00-00-00-00-00-00-00-00-00-00-00-00-00-00-00-00-00-00-00-00-00-00-00-00-00-00-00-00-00-00-00-00-00-00-00-00-00-00-00-00-00-00-00-00-00-00-00-00-00-00-00-00-00-00-00-00-00-00-00-00-00-00-00-00-00-00-00-00-00-00-00-00-00-00-00-00-00-00-00-00-00-00-00-00-00-00-00-00-00-00-00-00-00-00-00-00-00-00-00-00-00-00-00-00-00-00-00-00-00-00-00-00-00-00-00-00-00-00-00-00-00-00-00-00-00-00-00-00-00-00-00-00-00-00-00-00-00-00-00-00-00-00-00-00-00-00-00-00-00-00-00-00-00-00-00-00-00-00-00-00-00-00-00-00-00-00-00-00-00-00-00-00-00-00-00-00-00-00-00-00-00-00-00-00-00-00-00-00-00-00-00-00-00-00-00-00-00-00-00-00-00-00-00-00-00-00-00-00-00-00-00-00-00-00-00-00-00-00-00-00-00-00-00-00-00-00-00-00-00-00-00-00-00-00-00-00-00-00-00-00-00-00-00-00-00-00-00-00-00-00-00-00-00-00-00-00-00-00-00-00-00-00-00-00-00-00-00-00-00-00-00-00-00-00-00-00-00-00-00-00-00-00-00-00-00-00-00-00-00-00-00-00-00-00-00-00-00-00-00-00-00-00-00-00-00-00-00-00-00-00-00-00-00-00-00-00-00-00-00-00-00-00-00-00-00-00-00-00-00-00-00-00-00-00-00-00-00-00-00-00-00-00-00-00-00-00-00-00-00-00-00-00-00-00-00-00-00-00-00-00-00-00-00-00-00-00-00-00-00-00-00-00-00-00-00-00-00-00-00-00-00-00-00-00-00-00-00-00-00-00-00-00-00-00-00-00-00-00-00-00-00-00-00-00-00-00-00-00-00-00-00-00-00-00-B8-B7-89-83-08-B0-89-83-FF-89-AD-5B-E6-B7-C9-42-81-4A-CF-24-85-D6-E9-8A-00-00-00-00-00-00-00-00-00-00-00-00-01-00-00-00-F0-00-00-00-57-68-65-61-03-00-00-00-50-A4-82-83-00-00-00-00-70-E7-21-83-00-00-00-00-00-00-00-00-00-00-00-00-00-00-00-00-CC-03-00-00-0A-00-00-00-03-00-00-00-02-00-00-00-08-00-00-00-01-00-00-00-01-00-00-00-02-00-00-00-00-00-00-80-00-00-00-00-02-00-01-00-00-00-00-00-00-00-00-00-00-00-00-00-00-00-00-00-00-00-00-00-00-00-00-00-00-00-00-00-00-00-00-00-00-00-00-00-00-00-00-00-00-00-00-00-00-00-00-00-00-00-00-00-00-00-00-00-00-00-00-00-00-00-00-00-00-00-00-00-00-00-00-00-00-00-00-00-00-00-00-00-00-00-00-00-00-00-00-00-00-00-00-00-00-00-00-00-00-00-00-00-00-00-00-00-00-00-00-00-00-00-00-00-00-00-00-00-00-00-00-00-00-00-00-00-00-00-00-00-00-00-00-00-00-00-00-00-00-00-00-00-00-00-00-00-00-00-00-00-00-00-00-00-00-00-00-00-00-00-00-00-00-00-00-00-00-00-00-00-00-00-00-00-00-00-00-00-00-00-00-00-00-00-00-00-00-00-00-00-00-00-00-00-00-00-00-00-00-00-00-00-00-00-00-00-00-00-00-00-00-00-00-00-00-00-00-00-00-00-00-00-00-00-00-00-00-00-00-00-00-00-00-00-00-00-00-00-00-00-00-00-00-00-00-00-00-00-00-00-00-00-00-00-00-00-00-00-00-00-00-00-00-00-00-00-00-00-00-00-00-00-00-00-00-00-00-00-00-00-00-00-00-00-00-00-00-00-00-00-00-00-00-00-00-00-00-00-00-00-00-00-00-00-00-00-00-00-00-00-00-00-00-00-00-00-00-00-00-00-00-00-00-00-00-00-00-00-00-00-00-00-00-00-00-00-00-00-00-00-00-00-00-00-00-00-00-00-00-00-00-00-00-00-00-00-00-00-00-00-00-00-00-00-00-00-00-00-00-00-00-00-00-00-00-00-00-00-00-00-00-00-00-00-00-00-00-00-00-00-00-00-00-00-00-00-00-00-00-00-00-00-00-00-00-00-00-00-00-00-00-00-00-00-00-00-00-00-00-00-00-00-00-00-00-00-00-00-00-00-00-00-00-00-00-00-00-00-00-00-00-00-00-00-00-00-00-00-00-00-00-00-00-00-00-00-00-00-00-00-00-00-00-00-00-00-00-00-00-00-00-00-00-00-00-00-00-00-00-00-00-00-00-00-00-00-00-00-00-00-00-00-00-00-00-00-00-00-00-00-00-00-00-00-00-00-00-00-00-00-00-00-00-00-00-00-00-00-00-00-00-00-00-00-00-00-00-00-00-00-00-00-00-00-00-00-00-00-00-00-00-00-00-00-00-00-00-00-00-00-00-00-00-00-00-00-00-00-00-00-00-00-00-00-00-00-00-00-00-00-00-00-00-00-00-00-00-00-00-00-00-00-00-00-00-00-00-00-00-00-00-00-00-00-00-00-00-00-00-00-00-00-00-00-00-00-00-00-00-00-00-00-00-00-00-00-00-00-00-00-00-00-00-00-00-00-00-00-00-00-00-00-00-00-00-00-00-00-00-00-00-00-00-00-00-00-00-00-00-00-00-00-00-00-00-00-00-00-00-00-00-00-00-00-00-00-00-00-00-00-00-00-00-00-00-00-00-00-00-00-00-00-00-00-00-00-00-00-00-00-00-00-00-00-00-00-00-00-00-00-00-00-00-00-00-00-00-00-00-00-00-00-00-00-00-00-00-00-00-00-00-00-00-00-00-00-00-00-00-00-00-00-00-00-00-00-00-00-00-00-00-00-00-00-00-00-00-00-00-00-00-00-00-00-00-00-00-00-00-00-00-00-00-00-00-00-00-00-00-00-00-00-00-00-00-00-00-00-00-00-00-00-00-00-00-00-00-00-00-00-00-00-00-00-00-00-00-00-00-00-00-00-00-00-00-00-00-00-00-00-00-00-00-00-00-00-00-00-00-00-00-00-00-00-00-00-00-00-00-00-00-00-00-00-00-00-00-00-00-00-00-00-00-00-00-00-00-00-00-00-00-00-00-00-00-00-00-00-00-00-00-00-00-00-00-00-00-00-00-00-00-00-00-00-00-00-00-00-00-00-00-00-00-00-00-00-00-00-00-00-00-00-00-00-00-00-00-00-00-00-00-00-00-00-00-00-00-00-00-00-00-00-00-00-00-00-00-00-00-00-00-00-00-00-00-00-00-00-00-00-00-00-00-00-98-3D-74-81-E0-BB-89-83-66-A4-61-3D-40-AB-9A-40-A6-98-F3-62-D4-64-B3-8F-00-00-00-00-00-00-00-00-00-00-00-00-01-00-00-00-E8-01-00-00-57-68-65-61-07-00-00-00-00-00-00-00-00-00-00-00-B8-0C-25-83-00-00-00-00-00-00-00-00-00-00-00-00-00-00-00-00-CC-03-00-00-0A-00-00-00-07-00-00-00-02-00-00-00-00-01-00-00-01-00-00-00-01-00-00-00-03-00-00-00-00-00-00-80-00-00-00-00-00-00-00-00-00-00-00-00-00-00-00-00-00-00-00-00-00-00-00-00-00-00-00-00-00-00-00-00-00-00-00-00-00-00-00-00-00-00-00-00-00-00-00-00-00-00-00-00-00-00-00-00-00-00-00-00-00-00-00-00-00-00-00-00-00-00-00-00-00-00-00-00-00-00-00-00-00-00-00-00-00-00-00-00-00-00-00-00-00-00-00-00-00-00-00-00-00-00-00-00-00-00-00-00-00-00-00-00-00-00-00-00-00-00-00-00-00-00-00-00-00-00-00-00-00-00-00-00-00-00-00-00-00-00-00-00-00-00-00-00-00-00-00-00-00-00-00-00-00-00-00-00-00-00-00-00-00-00-00-00-00-00-00-00-00-00-00-00-00-00-00-00-00-00-00-00-00-00-00-00-00-00-00-00-00-00-00-00-00-00-00-00-00-00-00-00-00-00-00-00-00-00-00-00-00-00-00-00-00-00-00-00-00-00-00-00-00-00-00-00-00-00-00-00-00-00-00-00-00-00-00-00-00-00-00-00-00-00-00-00-00-00-00-00-00-00-00-00-00-00-00-00-00-00-00-00-00-00-00-00-00-00-00-00-00-00-00-00-00-00-00-00-00-00-00-00-00-00-00-00-00-00-00-00-00-00-00-00-00-00-00-00-00-00-00-00-00-00-00-00-00-00-00-00-00-00-00-00-00-00-00-00-00-00-00-00-00-00-00-00-00-00-00-00-00-00-00-00-00-00-00-00-00-00-00-00-00-00-00-00-00-00-00-00-00-00-00-00-00-00-00-00-00-00-00-00-00-00-00-00-00-00-00-00-00-00-00-00-00-00-00-00-00-00-00-00-00-00-00-00-00-00-00-00-00-00-00-00-00-00-00-00-00-00-00-00-00-00-00-00-00-00-00-00-00-00-00-00-00-00-00-00-00-00-00-00-00-00-00-00-00-00-00-00-00-00-00-00-00-00-00-00-00-00-00-00-00-00-00-00-00-00-00-00-00-00-00-00-00-00-00-00-00-00-00-00-00-00-00-00-00-00-00-00-00-00-00-00-00-00-00-00-00-00-00-00-00-00-00-00-00-00-00-00-00-00-00-00-00-00-00-00-00-00-00-00-00-00-00-00-00-00-00-00-00-00-00-00-00-00-00-00-00-00-00-00-00-00-00-00-00-00-00-00-00-00-00-00-00-00-00-00-00-00-00-00-00-00-00-00-00-00-00-00-00-00-00-00-00-00-00-00-00-00-00-00-00-00-00-00-00-00-00-00-00-00-00-00-00-00-00-00-00-00-00-00-00-00-00-00-00-00-00-00-00-00-00-00-00-00-00-00-00-00-00-00-00-00-00-00-00-00-00-00-00-00-00-00-00-00-00-00-00-00-00-00-00-00-00-00-00-00-00-00-00-00-00-00-00-00-00-00-00-00-00-00-00-00-00-00-00-00-00-00-00-00-00-00-00-00-00-00-00-00-00-00-00-00-00-00-00-00-00-00-00-00-00-00-00-00-00-00-00-00-00-00-00-00-00-00-00-00-00-00-00-00-00-00-00-00-00-00-00-00-00-00-00-00-00-00-00-00-00-00-00-00-00-00-00-00-00-00-00-00-00-00-00-00-00-00-00-00-00-00-00-00-00-00-00-00-00-00-00-00-00-00-00-00-00-00-00-00-00-00-00-00-00-00-00-00-00-00-00-00-00-00-00-00-00-00-00-00-00-00-00-00-00-00-00-00-00-00-00-00-00-00-00-00-00-00-00-00-00-00-00-00-00-00-00-00-00-00-00-00-00-00-00-00-00-00-00-00-00-00-00-00-00-00-00-00-00-00-00-00-00-00-00-00-00-00-00-00-00-00-00-00-00-00-00-00-00-00-00-00-00-00-00-00-00-00-00-00-00-00-00-00-00-00-00-00-00-00-00-00-00-00-00-00-00-00-00-00-00-00-00-00-00-00-00-00-00-00-00-00-00-00-00-00-00-00-00-00-00-00-00-00-00-00-00-00-00-00-00-00-00-00-00-00-00-00-00-00-00-00-00-00-00-00-00-00-00-00-00-00-00-00-00-00-00-00-00-00-00-00-00-00-00-00-00-00-00-00-00-00-00-00""}]}}"
8,8,2015-09-13 04:18:05.4687500,5,Info,Microsoft-Windows-Kernel-WHEA,Microsoft-Windows-Kernel-WHEA,4,8,WIN-L0ZZQ76PMUF,0,S-1-5-18,,,,,,,,,,,False,M:\Forensics\TrainingImages\AliHadi\Challenge1\tout\M\Forensics\TrainingImages\AliHadi\Challenge1\s4a-challenge4\Windows\System32\winevt\logs\Microsoft-Windows-Kernel-WHEA.evtx,0x4000000000000000,0,"{""EventData"":{""Data"":[{""@Name"":""ErrorSourceCount"",""#text"":""4""},{""@Name"":""ErrorRecordFormat"",""#text"":""10""},{""@Name"":""ErrorSourceTableLength"",""#text"":""4224""},{""@Name"":""ErrorSourceTable"",""#text"":""E0-AB-89-83-98-BD-74-81-FE-6F-F5-E8-9C-91-C5-4C-BA-88-65-AB-E1-49-13-BB-00-00-00-00-00-00-00-00-00-00-00-00-01-00-00-00-2E-0C-00-00-57-68-65-61-00-00-00-00-08-B0-89-83-00-00-00-00-B8-D2-81-83-00-00-00-00-00-00-00-00-00-00-00-00-00-00-00-00-CC-03-00-00-0A-00-00-00-00-00-00-00-02-00-00-00-92-03-00-00-01-00-00-00-03-00-00-00-00-00-00-00-00-00-00-80-00-00-00-00-00-00-00-00-00-00-00-00-00-00-00-00-00-00-00-00-FF-FF-FF-FF-FF-FF-FF-FF-00-01-00-00-00-04-00-00-01-04-00-00-02-04-00-00-03-04-00-00-FF-FF-FF-FF-FF-FF-FF-FF-01-01-00-00-04-04-00-00-05-04-00-00-06-04-00-00-07-04-00-00-FF-FF-FF-FF-FF-FF-FF-FF-02-01-00-00-08-04-00-00-09-04-00-00-0A-04-00-00-0B-04-00-00-FF-FF-FF-FF-FF-FF-FF-FF-03-01-00-00-0C-04-00-00-0D-04-00-00-0E-04-00-00-0F-04-00-00-FF-FF-FF-FF-FF-FF-FF-FF-04-01-00-00-10-04-00-00-11-04-00-00-12-04-00-00-13-04-00-00-FF-FF-FF-FF-FF-FF-FF-FF-05-01-00-00-14-04-00-00-15-04-00-00-16-04-00-00-17-04-00-00-FF-FF-FF-FF-FF-FF-FF-FF-00-00-00-00-00-00-00-00-00-00-00-00-00-00-00-00-00-00-00-00-00-00-00-00-00-00-00-00-00-00-00-00-00-00-00-00-00-00-00-00-00-00-00-00-00-00-00-00-00-00-00-00-00-00-00-00-00-00-00-00-00-00-00-00-00-00-00-00-00-00-00-00-00-00-00-00-00-00-00-00-00-00-00-00-00-00-00-00-00-00-00-00-00-00-00-00-00-00-00-00-00-00-00-00-00-00-00-00-00-00-00-00-00-00-00-00-00-00-00-00-00-00-00-00-00-00-00-00-00-00-00-00-00-00-00-00-00-00-00-00-00-00-00-00-00-00-00-00-00-00-00-00-00-00-00-00-00-00-00-00-00-00-00-00-00-00-00-00-00-00-00-00-00-00-00-00-00-00-00-00-00-00-00-00-00-00-00-00-00-00-00-00-00-00-00-00-00-00-00-00-00-00-00-00-00-00-00-00-00-00-00-00-00-00-00-00-00-00-00-00-00-00-00-00-00-00-00-00-00-00-00-00-00-00-00-00-00-00-00-00-00-00-00-00-00-00-00-00-00-00-00-00-00-00-00-00-00-00-00-00-00-00-00-00-00-00-00-00-00-00-00-00-00-00-00-00-00-00-00-00-00-00-00-00-00-00-00-00-00-00-00-00-00-00-00-00-00-00-00-00-00-00-00-00-00-00-00-00-00-00-00-00-00-00-00-00-00-00-00-00-00-00-00-00-00-00-00-00-00-00-00-00-00-00-00-00-00-00-00-00-00-00-00-00-00-00-00-00-00-00-00-00-00-00-00-00-00-00-00-00-00-00-00-00-00-00-00-00-00-00-00-00-00-00-00-00-00-00-00-00-00-00-00-00-00-00-00-00-00-00-00-00-00-00-00-00-00-00-00-00-00-00-00-00-00-00-00-00-00-00-00-00-00-00-00-00-00-00-00-00-00-00-00-00-00-00-00-00-00-00-00-00-00-00-00-00-00-00-00-00-00-00-00-00-00-00-00-00-00-00-00-00-00-00-00-00-00-00-00-00-00-00-00-00-00-00-00-00-00-00-00-00-00-00-00-00-00-00-00-00-00-00-00-00-00-00-00-00-00-00-00-00-00-00-00-00-00-00-00-00-00-00-00-00-00-00-00-00-00-00-00-00-00-00-00-00-00-00-00-00-00-00-00-00-00-00-00-00-00-00-00-00-00-00-00-00-00-00-00-00-00-00-00-00-00-00-00-00-00-00-00-00-00-00-00-00-00-00-00-00-00-00-00-00-00-00-00-00-00-00-00-00-00-00-00-00-00-00-00-00-00-00-00-00-00-00-00-00-00-00-00-00-00-00-00-00-00-00-00-00-00-00-00-00-00-00-00-00-00-00-00-00-00-00-00-00-00-00-00-00-00-00-00-00-00-00-00-00-00-00-00-00-00-00-00-00-00-00-00-00-00-00-00-00-00-00-00-00-00-00-00-00-00-00-00-00-00-00-00-00-00-00-00-00-00-00-00-00-00-00-00-00-00-00-00-00-00-00-00-00-00-00-00-00-00-00-00-00-00-00-00-00-00-00-00-00-00-00-00-00-00-00-00-00-00-00-00-00-00-00-00-00-00-00-00-00-00-00-00-00-00-00-00-00-00-00-00-00-00-00-00-00-00-00-00-00-00-00-00-00-00-00-00-00-B8-A7-89-83-08-A0-89-83-B1-8B-CE-2D-D7-BD-0E-45-B9-AD-9C-F4-EB-D4-F8-90-00-00-00-00-00-00-00-00-00-00-00-00-01-00-00-00-2E-0C-00-00-57-68-65-61-01-00-00-00-08-C0-89-83-00-00-00-00-B8-E2-81-83-00-00-00-00-00-00-00-00-00-00-00-00-00-00-00-00-CC-03-00-00-0A-00-00-00-01-00-00-00-02-00-00-00-92-03-00-00-01-00-00-00-03-00-00-00-01-00-00-00-00-00-00-80-00-00-00-00-01-00-01-06-00-00-00-00-00-1C-00-00-60-EA-00-00-00-00-00-00-00-00-00-00-00-00-00-00-00-00-00-00-00-00-00-00-00-01-00-00-00-04-00-00-01-04-00-00-02-04-00-00-03-04-00-00-FF-FF-FF-FF-FF-FF-FF-FF-01-01-00-00-04-04-00-00-05-04-00-00-06-04-00-00-07-04-00-00-FF-FF-FF-FF-FF-FF-FF-FF-02-01-00-00-08-04-00-00-09-04-00-00-0A-04-00-00-0B-04-00-00-FF-FF-FF-FF-FF-FF-FF-FF-03-01-00-00-0C-04-00-00-0D-04-00-00-0E-04-00-00-0F-04-00-00-FF-FF-FF-FF-FF-FF-FF-FF-04-01-00-00-10-04-00-00-11-04-00-00-12-04-00-00-13-04-00-00-FF-FF-FF-FF-FF-FF-FF-FF-00-00-00-00-00-00-00-00-00-00-00-00-00-00-00-00-00-00-00-00-00-00-00-00-00-00-00-00-00-00-00-00-00-00-00-00-00-00-00-00-00-00-00-00-00-00-00-00-00-00-00-00-00-00-00-00-00-00-00-00-00-00-00-00-00-00-00-00-00-00-00-00-00-00-00-00-00-00-00-00-00-00-00-00-00-00-00-00-00-00-00-00-00-00-00-00-00-00-00-00-00-00-00-00-00-00-00-00-00-00-00-00-00-00-00-00-00-00-00-00-00-00-00-00-00-00-00-00-00-00-00-00-00-00-00-00-00-00-00-00-00-00-00-00-00-00-00-00-00-00-00-00-00-00-00-00-00-00-00-00-00-00-00-00-00-00-00-00-00-00-00-00-00-00-00-00-00-00-00-00-00-00-00-00-00-00-00-00-00-00-00-00-00-00-00-00-00-00-00-00-00-00-00-00-00-00-00-00-00-00-00-00-00-00-00-00-00-00-00-00-00-00-00-00-00-00-00-00-00-00-00-00-00-00-00-00-00-00-00-00-00-00-00-00-00-00-00-00-00-00-00-00-00-00-00-00-00-00-00-00-00-00-00-00-00-00-00-00-00-00-00-00-00-00-00-00-00-00-00-00-00-00-00-00-00-00-00-00-00-00-00-00-00-00-00-00-00-00-00-00-00-00-00-00-00-00-00-00-00-00-00-00-00-00-00-00-00-00-00-00-00-00-00-00-00-00-00-00-00-00-00-00-00-00-00-00-00-00-00-00-00-00-00-00-00-00-00-00-00-00-00-00-00-00-00-00-00-00-00-00-00-00-00-00-00-00-00-00-00-00-00-00-00-00-00-00-00-00-00-00-00-00-00-00-00-00-00-00-00-00-00-00-00-00-00-00-00-00-00-00-00-00-00-00-00-00-00-00-00-00-00-00-00-00-00-00-00-00-00-00-00-00-00-00-00-00-00-00-00-00-00-00-00-00-00-00-00-00-00-00-00-00-00-00-00-00-00-00-00-00-00-00-00-00-00-00-00-00-00-00-00-00-00-00-00-00-00-00-00-00-00-00-00-00-00-00-00-00-00-00-00-00-00-00-00-00-00-00-00-00-00-00-00-00-00-00-00-00-00-00-00-00-00-00-00-00-00-00-00-00-00-00-00-00-00-00-00-00-00-00-00-00-00-00-00-00-00-00-00-00-00-00-00-00-00-00-00-00-00-00-00-00-00-00-00-00-00-00-00-00-00-00-00-00-00-00-00-00-00-00-00-00-00-00-00-00-00-00-00-00-00-00-00-00-00-00-00-00-00-00-00-00-00-00-00-00-00-00-00-00-00-00-00-00-00-00-00-00-00-00-00-00-00-00-00-00-00-00-00-00-00-00-00-00-00-00-00-00-00-00-00-00-00-00-00-00-00-00-00-00-00-00-00-00-00-00-00-00-00-00-00-00-00-00-00-00-00-00-00-00-00-00-00-00-00-00-00-00-00-00-00-00-00-00-00-00-00-00-00-00-00-00-00-00-00-00-00-00-00-00-00-00-00-00-00-00-00-00-00-00-00-00-00-00-00-00-00-00-00-00-00-00-00-00-00-00-00-00-00-00-00-00-00-00-00-00-00-00-00-00-00-00-00-00-00-00-00-00-00-00-00-00-00-00-00-00-00-00-00-00-00-00-00-00-00-00-00-00-00-00-00-00-00-00-00-00-00-00-00-00-08-D0-89-83-E0-AB-89-83-FF-89-AD-5B-E6-B7-C9-42-81-4A-CF-24-85-D6-E9-8A-00-00-00-00-00-00-00-00-00-00-00-00-01-00-00-00-F0-00-00-00-57-68-65-61-03-00-00-00-28-13-82-83-00-00-00-00-48-60-56-83-00-00-00-00-00-00-00-00-00-00-00-00-00-00-00-00-CC-03-00-00-0A-00-00-00-03-00-00-00-02-00-00-00-08-00-00-00-01-00-00-00-01-00-00-00-02-00-00-00-00-00-00-80-00-00-00-00-02-00-01-00-00-00-00-00-00-00-00-00-00-00-00-00-00-00-00-00-00-00-00-00-00-00-00-00-00-00-00-00-00-00-00-00-00-00-00-00-00-00-00-00-00-00-00-00-00-00-00-00-00-00-00-00-00-00-00-00-00-00-00-00-00-00-00-00-00-00-00-00-00-00-00-00-00-00-00-00-00-00-00-00-00-00-00-00-00-00-00-00-00-00-00-00-00-00-00-00-00-00-00-00-00-00-00-00-00-00-00-00-00-00-00-00-00-00-00-00-00-00-00-00-00-00-00-00-00-00-00-00-00-00-00-00-00-00-00-00-00-00-00-00-00-00-00-00-00-00-00-00-00-00-00-00-00-00-00-00-00-00-00-00-00-00-00-00-00-00-00-00-00-00-00-00-00-00-00-00-00-00-00-00-00-00-00-00-00-00-00-00-00-00-00-00-00-00-00-00-00-00-00-00-00-00-00-00-00-00-00-00-00-00-00-00-00-00-00-00-00-00-00-00-00-00-00-00-00-00-00-00-00-00-00-00-00-00-00-00-00-00-00-00-00-00-00-00-00-00-00-00-00-00-00-00-00-00-00-00-00-00-00-00-00-00-00-00-00-00-00-00-00-00-00-00-00-00-00-00-00-00-00-00-00-00-00-00-00-00-00-00-00-00-00-00-00-00-00-00-00-00-00-00-00-00-00-00-00-00-00-00-00-00-00-00-00-00-00-00-00-00-00-00-00-00-00-00-00-00-00-00-00-00-00-00-00-00-00-00-00-00-00-00-00-00-00-00-00-00-00-00-00-00-00-00-00-00-00-00-00-00-00-00-00-00-00-00-00-00-00-00-00-00-00-00-00-00-00-00-00-00-00-00-00-00-00-00-00-00-00-00-00-00-00-00-00-00-00-00-00-00-00-00-00-00-00-00-00-00-00-00-00-00-00-00-00-00-00-00-00-00-00-00-00-00-00-00-00-00-00-00-00-00-00-00-00-00-00-00-00-00-00-00-00-00-00-00-00-00-00-00-00-00-00-00-00-00-00-00-00-00-00-00-00-00-00-00-00-00-00-00-00-00-00-00-00-00-00-00-00-00-00-00-00-00-00-00-00-00-00-00-00-00-00-00-00-00-00-00-00-00-00-00-00-00-00-00-00-00-00-00-00-00-00-00-00-00-00-00-00-00-00-00-00-00-00-00-00-00-00-00-00-00-00-00-00-00-00-00-00-00-00-00-00-00-00-00-00-00-00-00-00-00-00-00-00-00-00-00-00-00-00-00-00-00-00-00-00-00-00-00-00-00-00-00-00-00-00-00-00-00-00-00-00-00-00-00-00-00-00-00-00-00-00-00-00-00-00-00-00-00-00-00-00-00-00-00-00-00-00-00-00-00-00-00-00-00-00-00-00-00-00-00-00-00-00-00-00-00-00-00-00-00-00-00-00-00-00-00-00-00-00-00-00-00-00-00-00-00-00-00-00-00-00-00-00-00-00-00-00-00-00-00-00-00-00-00-00-00-00-00-00-00-00-00-00-00-00-00-00-00-00-00-00-00-00-00-00-00-00-00-00-00-00-00-00-00-00-00-00-00-00-00-00-00-00-00-00-00-00-00-00-00-00-00-00-00-00-00-00-00-00-00-00-00-00-00-00-00-00-00-00-00-00-00-00-00-00-00-00-00-00-00-00-00-00-00-00-00-00-00-00-00-00-00-00-00-00-00-00-00-00-00-00-00-00-00-00-00-00-00-00-00-00-00-00-00-00-00-00-00-00-00-00-00-00-00-00-00-00-00-00-00-00-00-00-00-00-00-00-00-00-00-00-00-00-00-00-00-00-00-00-00-00-00-00-00-00-00-00-00-00-00-00-00-00-00-00-00-00-00-00-00-00-00-00-00-00-00-00-00-00-00-00-00-00-00-00-00-00-00-00-00-00-00-00-00-00-00-00-00-00-00-00-00-00-00-00-00-00-00-00-00-00-00-00-00-00-00-00-00-00-00-00-00-00-00-00-00-00-00-00-00-00-00-00-00-00-00-00-00-00-00-00-00-00-00-00-00-00-00-00-00-00-00-00-00-00-00-00-00-00-00-00-00-00-00-00-00-00-00-00-00-00-00-98-BD-74-81-B8-A7-89-83-66-A4-61-3D-40-AB-9A-40-A6-98-F3-62-D4-64-B3-8F-00-00-00-00-00-00-00-00-00-00-00-00-01-00-00-00-E8-01-00-00-57-68-65-61-07-00-00-00-00-00-00-00-00-00-00-00-48-60-55-83-00-00-00-00-00-00-00-00-00-00-00-00-00-00-00-00-CC-03-00-00-0A-00-00-00-07-00-00-00-02-00-00-00-00-01-00-00-01-00-00-00-01-00-00-00-03-00-00-00-00-00-00-80-00-00-00-00-00-00-00-00-00-00-00-00-00-00-00-00-00-00-00-00-00-00-00-00-00-00-00-00-00-00-00-00-00-00-00-00-00-00-00-00-00-00-00-00-00-00-00-00-00-00-00-00-00-00-00-00-00-00-00-00-00-00-00-00-00-00-00-00-00-00-00-00-00-00-00-00-00-00-00-00-00-00-00-00-00-00-00-00-00-00-00-00-00-00-00-00-00-00-00-00-00-00-00-00-00-00-00-00-00-00-00-00-00-00-00-00-00-00-00-00-00-00-00-00-00-00-00-00-00-00-00-00-00-00-00-00-00-00-00-00-00-00-00-00-00-00-00-00-00-00-00-00-00-00-00-00-00-00-00-00-00-00-00-00-00-00-00-00-00-00-00-00-00-00-00-00-00-00-00-00-00-00-00-00-00-00-00-00-00-00-00-00-00-00-00-00-00-00-00-00-00-00-00-00-00-00-00-00-00-00-00-00-00-00-00-00-00-00-00-00-00-00-00-00-00-00-00-00-00-00-00-00-00-00-00-00-00-00-00-00-00-00-00-00-00-00-00-00-00-00-00-00-00-00-00-00-00-00-00-00-00-00-00-00-00-00-00-00-00-00-00-00-00-00-00-00-00-00-00-00-00-00-00-00-00-00-00-00-00-00-00-00-00-00-00-00-00-00-00-00-00-00-00-00-00-00-00-00-00-00-00-00-00-00-00-00-00-00-00-00-00-00-00-00-00-00-00-00-00-00-00-00-00-00-00-00-00-00-00-00-00-00-00-00-00-00-00-00-00-00-00-00-00-00-00-00-00-00-00-00-00-00-00-00-00-00-00-00-00-00-00-00-00-00-00-00-00-00-00-00-00-00-00-00-00-00-00-00-00-00-00-00-00-00-00-00-00-00-00-00-00-00-00-00-00-00-00-00-00-00-00-00-00-00-00-00-00-00-00-00-00-00-00-00-00-00-00-00-00-00-00-00-00-00-00-00-00-00-00-00-00-00-00-00-00-00-00-00-00-00-00-00-00-00-00-00-00-00-00-00-00-00-00-00-00-00-00-00-00-00-00-00-00-00-00-00-00-00-00-00-00-00-00-00-00-00-00-00-00-00-00-00-00-00-00-00-00-00-00-00-00-00-00-00-00-00-00-00-00-00-00-00-00-00-00-00-00-00-00-00-00-00-00-00-00-00-00-00-00-00-00-00-00-00-00-00-00-00-00-00-00-00-00-00-00-00-00-00-00-00-00-00-00-00-00-00-00-00-00-00-00-00-00-00-00-00-00-00-00-00-00-00-00-00-00-00-00-00-00-00-00-00-00-00-00-00-00-00-00-00-00-00-00-00-00-00-00-00-00-00-00-00-00-00-00-00-00-00-00-00-00-00-00-00-00-00-00-00-00-00-00-00-00-00-00-00-00-00-00-00-00-00-00-00-00-00-00-00-00-00-00-00-00-00-00-00-00-00-00-00-00-00-00-00-00-00-00-00-00-00-00-00-00-00-00-00-00-00-00-00-00-00-00-00-00-00-00-00-00-00-00-00-00-00-00-00-00-00-00-00-00-00-00-00-00-00-00-00-00-00-00-00-00-00-00-00-00-00-00-00-00-00-00-00-00-00-00-00-00-00-00-00-00-00-00-00-00-00-00-00-00-00-00-00-00-00-00-00-00-00-00-00-00-00-00-00-00-00-00-00-00-00-00-00-00-00-00-00-00-00-00-00-00-00-00-00-00-00-00-00-00-00-00-00-00-00-00-00-00-00-00-00-00-00-00-00-00-00-00-00-00-00-00-00-00-00-00-00-00-00-00-00-00-00-00-00-00-00-00-00-00-00-00-00-00-00-00-00-00-00-00-00-00-00-00-00-00-00-00-00-00-00-00-00-00-00-00-00-00-00-00-00-00-00-00-00-00-00-00-00-00-00-00-00-00-00-00-00-00-00-00-00-00-00-00-00-00-00-00-00-00-00-00-00-00-00-00-00-00-00-00-00-00-00-00-00-00-00-00-00-00-00-00-00-00-00-00-00-00-00-00-00-00-00-00-00-00-00-00-00-00-00-00-00-00-00-00-00-00-00-00-00-00-00-00-00-00-00-00-00-00-00-00-00-00-00-00-00-00-00""}]}}"
1,1,2015-08-24 06:54:24.7187500,4000,Info,Microsoft-Windows-LanguagePackSetup,Microsoft-Windows-LanguagePackSetup/Operational,2020,2024,WIN-L0ZZQ76PMUF,0,S-1-5-18,,,,,,,,,,,False,M:\Forensics\TrainingImages\AliHadi\Challenge1\tout\M\Forensics\TrainingImages\AliHadi\Challenge1\s4a-challenge4\Windows\System32\winevt\logs\Microsoft-Windows-LanguagePackSetup%4Operational.evtx,0x4000000000000000,0,"{""ProcessingErrorData"":{""ErrorCode"":""15003"",""DataItemName"":"""",""EventPayload"":""53-00-61-00-6D-00-70-00-6C-00-65-00-20-00-4C-00-50-00-52-00-45-00-4D-00-4F-00-56-00-45-00-20-00-73-00-74-00-72-00-69-00-6E-00-67-00-00-00""}}"
2,2,2015-08-24 06:54:25.1406250,4001,Info,Microsoft-Windows-LanguagePackSetup,Microsoft-Windows-LanguagePackSetup/Operational,2020,2024,WIN-L0ZZQ76PMUF,0,S-1-5-18,,,,,,,,,,,False,M:\Forensics\TrainingImages\AliHadi\Challenge1\tout\M\Forensics\TrainingImages\AliHadi\Challenge1\s4a-challenge4\Windows\System32\winevt\logs\Microsoft-Windows-LanguagePackSetup%4Operational.evtx,0x4000000000000000,0,"{""ProcessingErrorData"":{""ErrorCode"":""15003"",""DataItemName"":"""",""EventPayload"":""53-00-61-00-6D-00-70-00-6C-00-65-00-20-00-4C-00-50-00-52-00-45-00-4D-00-4F-00-56-00-45-00-20-00-73-00-74-00-72-00-69-00-6E-00-67-00-00-00""}}"
3,3,2015-09-12 17:57:30.2820000,4000,Info,Microsoft-Windows-LanguagePackSetup,Microsoft-Windows-LanguagePackSetup/Operational,2036,1060,WIN-L0ZZQ76PMUF,0,S-1-5-18,,,,,,,,,,,False,M:\Forensics\TrainingImages\AliHadi\Challenge1\tout\M\Forensics\TrainingImages\AliHadi\Challenge1\s4a-challenge4\Windows\System32\winevt\logs\Microsoft-Windows-LanguagePackSetup%4Operational.evtx,0x4000000000000000,0,"{""ProcessingErrorData"":{""ErrorCode"":""15003"",""DataItemName"":"""",""EventPayload"":""53-00-61-00-6D-00-70-00-6C-00-65-00-20-00-4C-00-50-00-52-00-45-00-4D-00-4F-00-56-00-45-00-20-00-73-00-74-00-72-00-69-00-6E-00-67-00-00-00""}}"
4,4,2015-09-12 17:57:30.3288750,4001,Info,Microsoft-Windows-LanguagePackSetup,Microsoft-Windows-LanguagePackSetup/Operational,2036,1060,WIN-L0ZZQ76PMUF,0,S-1-5-18,,,,,,,,,,,False,M:\Forensics\TrainingImages\AliHadi\Challenge1\tout\M\Forensics\TrainingImages\AliHadi\Challenge1\s4a-challenge4\Windows\System32\winevt\logs\Microsoft-Windows-LanguagePackSetup%4Operational.evtx,0x4000000000000000,0,"{""ProcessingErrorData"":{""ErrorCode"":""15003"",""DataItemName"":"""",""EventPayload"":""53-00-61-00-6D-00-70-00-6C-00-65-00-20-00-4C-00-50-00-52-00-45-00-4D-00-4F-00-56-00-45-00-20-00-73-00-74-00-72-00-69-00-6E-00-67-00-00-00""}}"
1,1,2015-08-24 06:54:23.4062500,3000,Info,Microsoft-Windows-MUI,Microsoft-Windows-MUI/Operational,952,956,WIN-L0ZZQ76PMUF,0,S-1-5-18,,,,,,,,,,,False,M:\Forensics\TrainingImages\AliHadi\Challenge1\tout\M\Forensics\TrainingImages\AliHadi\Challenge1\s4a-challenge4\Windows\System32\winevt\logs\Microsoft-Windows-MUI%4Operational.evtx,Classic,0,"{""EventData"":{""Data"":[{""@Name"":""Flags"",""#text"":""264""},{""@Name"":""NewLanguage"",""#text"":""(null)""},{""@Name"":""PrevLanguage"",""#text"":""(null)""},{""@Name"":""ExtendedFlag"",""#text"":""0""}]}}"
2,2,2015-08-24 06:54:24.5156250,3002,Info,Microsoft-Windows-MUI,Microsoft-Windows-MUI/Operational,952,956,WIN-L0ZZQ76PMUF,0,S-1-5-18,,,,,,,,,,,False,M:\Forensics\TrainingImages\AliHadi\Challenge1\tout\M\Forensics\TrainingImages\AliHadi\Challenge1\s4a-challenge4\Windows\System32\winevt\logs\Microsoft-Windows-MUI%4Operational.evtx,Classic,0,"{""EventData"":{""Data"":[{""@Name"":""FileName"",""#text"":""C:\\Windows\\System32\\muifontsetup.dll""},{""@Name"":""FunctionName"",""#text"":""OnMachineUILanguageInit""},{""@Name"":""ReturnValue"",""#text"":""0""}]}}"
3,3,2015-08-24 06:54:24.7031250,3002,Info,Microsoft-Windows-MUI,Microsoft-Windows-MUI/Operational,952,956,WIN-L0ZZQ76PMUF,0,S-1-5-18,,,,,,,,,,,False,M:\Forensics\TrainingImages\AliHadi\Challenge1\tout\M\Forensics\TrainingImages\AliHadi\Challenge1\s4a-challenge4\Windows\System32\winevt\logs\Microsoft-Windows-MUI%4Operational.evtx,Classic,0,"{""EventData"":{""Data"":[{""@Name"":""FileName"",""#text"":""C:\\Windows\\System32\\MUILanguageCleanup.dll""},{""@Name"":""FunctionName"",""#text"":""OnMachineUILanguageInit""},{""@Name"":""ReturnValue"",""#text"":""0""}]}}"
4,4,2015-08-24 06:54:24.9375000,3002,Info,Microsoft-Windows-MUI,Microsoft-Windows-MUI/Operational,952,956,WIN-L0ZZQ76PMUF,0,S-1-5-18,,,,,,,,,,,False,M:\Forensics\TrainingImages\AliHadi\Challenge1\tout\M\Forensics\TrainingImages\AliHadi\Challenge1\s4a-challenge4\Windows\System32\winevt\logs\Microsoft-Windows-MUI%4Operational.evtx,Classic,0,"{""EventData"":{""Data"":[{""@Name"":""FileName"",""#text"":""C:\\Windows\\system32\\nci.dll""},{""@Name"":""FunctionName"",""#text"":""OnMachineUILanguageInit""},{""@Name"":""ReturnValue"",""#text"":""0""}]}}"
5,5,2015-08-24 06:54:25.1093750,3002,Info,Microsoft-Windows-MUI,Microsoft-Windows-MUI/Operational,952,956,WIN-L0ZZQ76PMUF,0,S-1-5-18,,,,,,,,,,,False,M:\Forensics\TrainingImages\AliHadi\Challenge1\tout\M\Forensics\TrainingImages\AliHadi\Challenge1\s4a-challenge4\Windows\System32\winevt\logs\Microsoft-Windows-MUI%4Operational.evtx,Classic,0,"{""EventData"":{""Data"":[{""@Name"":""FileName"",""#text"":""C:\\Windows\\System32\\samlib.dll""},{""@Name"":""FunctionName"",""#text"":""OnMachineUILanguageInit""},{""@Name"":""ReturnValue"",""#text"":""0""}]}}"
6,6,2015-08-24 06:54:25.1093750,3000,Info,Microsoft-Windows-MUI,Microsoft-Windows-MUI/Operational,952,956,WIN-L0ZZQ76PMUF,0,S-1-5-18,,,,,,,,,,,False,M:\Forensics\TrainingImages\AliHadi\Challenge1\tout\M\Forensics\TrainingImages\AliHadi\Challenge1\s4a-challenge4\Windows\System32\winevt\logs\Microsoft-Windows-MUI%4Operational.evtx,Classic,0,"{""EventData"":{""Data"":[{""@Name"":""Flags"",""#text"":""1""},{""@Name"":""NewLanguage"",""#text"":""en-US""},{""@Name"":""PrevLanguage"",""#text"":""en-US""},{""@Name"":""ExtendedFlag"",""#text"":""0""}]}}"
7,7,2015-08-24 06:54:25.2812500,3002,Info,Microsoft-Windows-MUI,Microsoft-Windows-MUI/Operational,952,956,WIN-L0ZZQ76PMUF,0,S-1-5-18,,,,,,,,,,,False,M:\Forensics\TrainingImages\AliHadi\Challenge1\tout\M\Forensics\TrainingImages\AliHadi\Challenge1\s4a-challenge4\Windows\System32\winevt\logs\Microsoft-Windows-MUI%4Operational.evtx,Classic,0,"{""EventData"":{""Data"":[{""@Name"":""FileName"",""#text"":""C:\\Windows\\System32\\setbcdlocale.dll""},{""@Name"":""FunctionName"",""#text"":""OnMachineUILanguageSwitch""},{""@Name"":""ReturnValue"",""#text"":""0""}]}}"
8,8,2015-08-24 06:54:25.5937500,3002,Info,Microsoft-Windows-MUI,Microsoft-Windows-MUI/Operational,952,956,WIN-L0ZZQ76PMUF,0,S-1-5-18,,,,,,,,,,,False,M:\Forensics\TrainingImages\AliHadi\Challenge1\tout\M\Forensics\TrainingImages\AliHadi\Challenge1\s4a-challenge4\Windows\System32\winevt\logs\Microsoft-Windows-MUI%4Operational.evtx,Classic,0,"{""EventData"":{""Data"":[{""@Name"":""FileName"",""#text"":""C:\\Windows\\System32\\muifontsetup.dll""},{""@Name"":""FunctionName"",""#text"":""OnMachineUILanguageSwitch""},{""@Name"":""ReturnValue"",""#text"":""512""}]}}"
9,9,2015-08-24 06:54:25.6562500,3002,Info,Microsoft-Windows-MUI,Microsoft-Windows-MUI/Operational,952,956,WIN-L0ZZQ76PMUF,0,S-1-5-18,,,,,,,,,,,False,M:\Forensics\TrainingImages\AliHadi\Challenge1\tout\M\Forensics\TrainingImages\AliHadi\Challenge1\s4a-challenge4\Windows\System32\winevt\logs\Microsoft-Windows-MUI%4Operational.evtx,Classic,0,"{""EventData"":{""Data"":[{""@Name"":""FileName"",""#text"":""C:\\Windows\\System32\\MUILanguageCleanup.dll""},{""@Name"":""FunctionName"",""#text"":""OnMachineUILanguageSwitch""},{""@Name"":""ReturnValue"",""#text"":""0""}]}}"
10,10,2015-08-24 06:54:25.7812500,3002,Info,Microsoft-Windows-MUI,Microsoft-Windows-MUI/Operational,952,956,WIN-L0ZZQ76PMUF,0,S-1-5-18,,,,,,,,,,,False,M:\Forensics\TrainingImages\AliHadi\Challenge1\tout\M\Forensics\TrainingImages\AliHadi\Challenge1\s4a-challenge4\Windows\System32\winevt\logs\Microsoft-Windows-MUI%4Operational.evtx,Classic,0,"{""EventData"":{""Data"":[{""@Name"":""FileName"",""#text"":""C:\\Windows\\System32\\TimeDateMUICallback.dll""},{""@Name"":""FunctionName"",""#text"":""OnMachineUILanguageSwitch""},{""@Name"":""ReturnValue"",""#text"":""0""}]}}"
11,11,2015-08-24 06:54:25.8281250,3002,Info,Microsoft-Windows-MUI,Microsoft-Windows-MUI/Operational,952,956,WIN-L0ZZQ76PMUF,0,S-1-5-18,,,,,,,,,,,False,M:\Forensics\TrainingImages\AliHadi\Challenge1\tout\M\Forensics\TrainingImages\AliHadi\Challenge1\s4a-challenge4\Windows\System32\winevt\logs\Microsoft-Windows-MUI%4Operational.evtx,Classic,0,"{""EventData"":{""Data"":[{""@Name"":""FileName"",""#text"":""C:\\Windows\\system32\\nci.dll""},{""@Name"":""FunctionName"",""#text"":""OnMachineUILanguageSwitch""},{""@Name"":""ReturnValue"",""#text"":""0""}]}}"
1,1,2015-08-23 21:29:59.9693750,1001,Info,Microsoft-Windows-Reliability-Analysis-Agent,Microsoft-Windows-ReliabilityAnalysisComponent/Operational,2512,2420,WIN-L0ZZQ76PMUF,0,S-1-5-19,,,,,,,,,,,False,M:\Forensics\TrainingImages\AliHadi\Challenge1\tout\M\Forensics\TrainingImages\AliHadi\Challenge1\s4a-challenge4\Windows\System32\winevt\logs\Microsoft-Windows-ReliabilityAnalysisComponent%4Operational.evtx,0x8000000000001000,0,"{""UserData"":{""RacAgentInfo"":{""ExecutionTime"":""407""}}}"
2,2,2015-08-23 10:44:59.3409880,1001,Info,Microsoft-Windows-Reliability-Analysis-Agent,Microsoft-Windows-ReliabilityAnalysisComponent/Operational,1440,2324,WIN-L0ZZQ76PMUF,0,S-1-5-19,,,,,,,,,,,False,M:\Forensics\TrainingImages\AliHadi\Challenge1\tout\M\Forensics\TrainingImages\AliHadi\Challenge1\s4a-challenge4\Windows\System32\winevt\logs\Microsoft-Windows-ReliabilityAnalysisComponent%4Operational.evtx,0x8000000000001000,0,"{""UserData"":{""RacAgentInfo"":{""ExecutionTime"":""379""}}}"
3,3,2015-08-23 11:44:58.8409880,1001,Info,Microsoft-Windows-Reliability-Analysis-Agent,Microsoft-Windows-ReliabilityAnalysisComponent/Operational,3892,1656,WIN-L0ZZQ76PMUF,0,S-1-5-19,,,,,,,,,,,False,M:\Forensics\TrainingImages\AliHadi\Challenge1\tout\M\Forensics\TrainingImages\AliHadi\Challenge1\s4a-challenge4\Windows\System32\winevt\logs\Microsoft-Windows-ReliabilityAnalysisComponent%4Operational.evtx,0x8000000000001000,0,"{""UserData"":{""RacAgentInfo"":{""ExecutionTime"":""24""}}}"
4,4,2015-09-02 06:55:47.3755090,1001,Info,Microsoft-Windows-Reliability-Analysis-Agent,Microsoft-Windows-ReliabilityAnalysisComponent/Operational,4004,2568,WIN-L0ZZQ76PMUF,0,S-1-5-19,,,,,,,,,,,False,M:\Forensics\TrainingImages\AliHadi\Challenge1\tout\M\Forensics\TrainingImages\AliHadi\Challenge1\s4a-challenge4\Windows\System32\winevt\logs\Microsoft-Windows-ReliabilityAnalysisComponent%4Operational.evtx,0x8000000000001000,0,"{""UserData"":{""RacAgentInfo"":{""ExecutionTime"":""1920""}}}"
5,5,2015-09-02 07:55:45.6428720,2005,Info,Microsoft-Windows-Reliability-Analysis-Engine,Microsoft-Windows-ReliabilityAnalysisComponent/Operational,2892,1628,WIN-L0ZZQ76PMUF,0,S-1-5-19,,,,,,,,,,,False,M:\Forensics\TrainingImages\AliHadi\Challenge1\tout\M\Forensics\TrainingImages\AliHadi\Challenge1\s4a-challenge4\Windows\System32\winevt\logs\Microsoft-Windows-ReliabilityAnalysisComponent%4Operational.evtx,0x8000000000001000,0,"{""UserData"":{""ProcessInfo"":{""Stability"":""10"",""Date"":""2015-09-01 07:00:00.0000000""}}}"
6,6,2015-09-02 07:55:45.9084970,1001,Info,Microsoft-Windows-Reliability-Analysis-Agent,Microsoft-Windows-ReliabilityAnalysisComponent/Operational,2892,1628,WIN-L0ZZQ76PMUF,0,S-1-5-19,,,,,,,,,,,False,M:\Forensics\TrainingImages\AliHadi\Challenge1\tout\M\Forensics\TrainingImages\AliHadi\Challenge1\s4a-challenge4\Windows\System32\winevt\logs\Microsoft-Windows-ReliabilityAnalysisComponent%4Operational.evtx,0x8000000000001000,0,"{""UserData"":{""RacAgentInfo"":{""ExecutionTime"":""350""}}}"
7,7,2015-09-02 08:55:45.6602350,1001,Info,Microsoft-Windows-Reliability-Analysis-Agent,Microsoft-Windows-ReliabilityAnalysisComponent/Operational,2092,2288,WIN-L0ZZQ76PMUF,0,S-1-5-19,,,,,,,,,,,False,M:\Forensics\TrainingImages\AliHadi\Challenge1\tout\M\Forensics\TrainingImages\AliHadi\Challenge1\s4a-challenge4\Windows\System32\winevt\logs\Microsoft-Windows-ReliabilityAnalysisComponent%4Operational.evtx,0x8000000000001000,0,"{""UserData"":{""RacAgentInfo"":{""ExecutionTime"":""21""}}}"
8,8,2015-09-02 09:55:45.9275980,1001,Info,Microsoft-Windows-Reliability-Analysis-Agent,Microsoft-Windows-ReliabilityAnalysisComponent/Operational,1184,456,WIN-L0ZZQ76PMUF,0,S-1-5-19,,,,,,,,,,,False,M:\Forensics\TrainingImages\AliHadi\Challenge1\tout\M\Forensics\TrainingImages\AliHadi\Challenge1\s4a-challenge4\Windows\System32\winevt\logs\Microsoft-Windows-ReliabilityAnalysisComponent%4Operational.evtx,0x8000000000001000,0,"{""UserData"":{""RacAgentInfo"":{""ExecutionTime"":""168""}}}"
9,9,2015-09-02 10:55:45.8807230,1001,Info,Microsoft-Windows-Reliability-Analysis-Agent,Microsoft-Windows-ReliabilityAnalysisComponent/Operational,1064,2540,WIN-L0ZZQ76PMUF,0,S-1-5-19,,,,,,,,,,,False,M:\Forensics\TrainingImages\AliHadi\Challenge1\tout\M\Forensics\TrainingImages\AliHadi\Challenge1\s4a-challenge4\Windows\System32\winevt\logs\Microsoft-Windows-ReliabilityAnalysisComponent%4Operational.evtx,0x8000000000001000,0,"{""UserData"":{""RacAgentInfo"":{""ExecutionTime"":""119""}}}"
10,10,2015-09-03 06:24:57.2599023,1001,Info,Microsoft-Windows-Reliability-Analysis-Agent,Microsoft-Windows-ReliabilityAnalysisComponent/Operational,464,3908,WIN-L0ZZQ76PMUF,0,S-1-5-19,,,,,,,,,,,False,M:\Forensics\TrainingImages\AliHadi\Challenge1\tout\M\Forensics\TrainingImages\AliHadi\Challenge1\s4a-challenge4\Windows\System32\winevt\logs\Microsoft-Windows-ReliabilityAnalysisComponent%4Operational.evtx,0x8000000000001000,0,"{""UserData"":{""RacAgentInfo"":{""ExecutionTime"":""298""}}}"
11,11,2015-09-03 07:24:57.1817773,2005,Info,Microsoft-Windows-Reliability-Analysis-Engine,Microsoft-Windows-ReliabilityAnalysisComponent/Operational,3948,4088,WIN-L0ZZQ76PMUF,0,S-1-5-19,,,,,,,,,,,False,M:\Forensics\TrainingImages\AliHadi\Challenge1\tout\M\Forensics\TrainingImages\AliHadi\Challenge1\s4a-challenge4\Windows\System32\winevt\logs\Microsoft-Windows-ReliabilityAnalysisComponent%4Operational.evtx,0x8000000000001000,0,"{""UserData"":{""ProcessInfo"":{""Stability"":""10"",""Date"":""2015-09-02 07:00:00.0000000""}}}"
12,12,2015-09-03 07:24:57.4474023,1001,Info,Microsoft-Windows-Reliability-Analysis-Agent,Microsoft-Windows-ReliabilityAnalysisComponent/Operational,3948,4088,WIN-L0ZZQ76PMUF,0,S-1-5-19,,,,,,,,,,,False,M:\Forensics\TrainingImages\AliHadi\Challenge1\tout\M\Forensics\TrainingImages\AliHadi\Challenge1\s4a-challenge4\Windows\System32\winevt\logs\Microsoft-Windows-ReliabilityAnalysisComponent%4Operational.evtx,0x8000000000001000,0,"{""UserData"":{""RacAgentInfo"":{""ExecutionTime"":""481""}}}"
13,13,2015-09-03 08:24:59.8573733,1001,Info,Microsoft-Windows-Reliability-Analysis-Agent,Microsoft-Windows-ReliabilityAnalysisComponent/Operational,4048,1300,WIN-L0ZZQ76PMUF,0,S-1-5-19,,,,,,,,,,,False,M:\Forensics\TrainingImages\AliHadi\Challenge1\tout\M\Forensics\TrainingImages\AliHadi\Challenge1\s4a-challenge4\Windows\System32\winevt\logs\Microsoft-Windows-ReliabilityAnalysisComponent%4Operational.evtx,0x8000000000001000,0,"{""UserData"":{""RacAgentInfo"":{""ExecutionTime"":""17""}}}"
14,14,2015-09-03 09:25:00.0604983,1001,Info,Microsoft-Windows-Reliability-Analysis-Agent,Microsoft-Windows-ReliabilityAnalysisComponent/Operational,920,3632,WIN-L0ZZQ76PMUF,0,S-1-5-19,,,,,,,,,,,False,M:\Forensics\TrainingImages\AliHadi\Challenge1\tout\M\Forensics\TrainingImages\AliHadi\Challenge1\s4a-challenge4\Windows\System32\winevt\logs\Microsoft-Windows-ReliabilityAnalysisComponent%4Operational.evtx,0x8000000000001000,0,"{""UserData"":{""RacAgentInfo"":{""ExecutionTime"":""121""}}}"
15,15,2015-09-03 10:25:00.3764953,1001,Info,Microsoft-Windows-Reliability-Analysis-Agent,Microsoft-Windows-ReliabilityAnalysisComponent/Operational,3768,680,WIN-L0ZZQ76PMUF,0,S-1-5-19,,,,,,,,,,,False,M:\Forensics\TrainingImages\AliHadi\Challenge1\tout\M\Forensics\TrainingImages\AliHadi\Challenge1\s4a-challenge4\Windows\System32\winevt\logs\Microsoft-Windows-ReliabilityAnalysisComponent%4Operational.evtx,0x8000000000001000,0,"{""UserData"":{""RacAgentInfo"":{""ExecutionTime"":""28""}}}"
16,16,2015-09-12 17:57:31.4695000,2005,Info,Microsoft-Windows-Reliability-Analysis-Engine,Microsoft-Windows-ReliabilityAnalysisComponent/Operational,1732,1088,WIN-L0ZZQ76PMUF,0,S-1-5-19,,,,,,,,,,,False,M:\Forensics\TrainingImages\AliHadi\Challenge1\tout\M\Forensics\TrainingImages\AliHadi\Challenge1\s4a-challenge4\Windows\System32\winevt\logs\Microsoft-Windows-ReliabilityAnalysisComponent%4Operational.evtx,0x8000000000001000,0,"{""UserData"":{""ProcessInfo"":{""Stability"":""9.394553"",""Date"":""2015-09-03 07:00:00.0000000""}}}"
17,17,2015-09-12 17:57:34.1882500,2005,Info,Microsoft-Windows-Reliability-Analysis-Engine,Microsoft-Windows-ReliabilityAnalysisComponent/Operational,1732,1088,WIN-L0ZZQ76PMUF,0,S-1-5-19,,,,,,,,,,,False,M:\Forensics\TrainingImages\AliHadi\Challenge1\tout\M\Forensics\TrainingImages\AliHadi\Challenge1\s4a-challenge4\Windows\System32\winevt\logs\Microsoft-Windows-ReliabilityAnalysisComponent%4Operational.evtx,0x8000000000001000,0,"{""UserData"":{""ProcessInfo"":{""Stability"":""9.394553"",""Date"":""2015-09-04 07:00:00.0000000""}}}"
18,18,2015-09-12 17:57:34.7195000,2005,Info,Microsoft-Windows-Reliability-Analysis-Engine,Microsoft-Windows-ReliabilityAnalysisComponent/Operational,1732,1088,WIN-L0ZZQ76PMUF,0,S-1-5-19,,,,,,,,,,,False,M:\Forensics\TrainingImages\AliHadi\Challenge1\tout\M\Forensics\TrainingImages\AliHadi\Challenge1\s4a-challenge4\Windows\System32\winevt\logs\Microsoft-Windows-ReliabilityAnalysisComponent%4Operational.evtx,0x8000000000001000,0,"{""UserData"":{""ProcessInfo"":{""Stability"":""9.394553"",""Date"":""2015-09-05 07:00:00.0000000""}}}"
19,19,2015-09-12 17:57:36.1570000,2005,Info,Microsoft-Windows-Reliability-Analysis-Engine,Microsoft-Windows-ReliabilityAnalysisComponent/Operational,1732,1088,WIN-L0ZZQ76PMUF,0,S-1-5-19,,,,,,,,,,,False,M:\Forensics\TrainingImages\AliHadi\Challenge1\tout\M\Forensics\TrainingImages\AliHadi\Challenge1\s4a-challenge4\Windows\System32\winevt\logs\Microsoft-Windows-ReliabilityAnalysisComponent%4Operational.evtx,0x8000000000001000,0,"{""UserData"":{""ProcessInfo"":{""Stability"":""9.394553"",""Date"":""2015-09-06 07:00:00.0000000""}}}"
20,20,2015-09-12 17:57:37.1726250,2005,Info,Microsoft-Windows-Reliability-Analysis-Engine,Microsoft-Windows-ReliabilityAnalysisComponent/Operational,1732,1088,WIN-L0ZZQ76PMUF,0,S-1-5-19,,,,,,,,,,,False,M:\Forensics\TrainingImages\AliHadi\Challenge1\tout\M\Forensics\TrainingImages\AliHadi\Challenge1\s4a-challenge4\Windows\System32\winevt\logs\Microsoft-Windows-ReliabilityAnalysisComponent%4Operational.evtx,0x8000000000001000,0,"{""UserData"":{""ProcessInfo"":{""Stability"":""9.394553"",""Date"":""2015-09-07 07:00:00.0000000""}}}"
21,21,2015-09-12 17:57:37.5163750,2005,Info,Microsoft-Windows-Reliability-Analysis-Engine,Microsoft-Windows-ReliabilityAnalysisComponent/Operational,1732,1088,WIN-L0ZZQ76PMUF,0,S-1-5-19,,,,,,,,,,,False,M:\Forensics\TrainingImages\AliHadi\Challenge1\tout\M\Forensics\TrainingImages\AliHadi\Challenge1\s4a-challenge4\Windows\System32\winevt\logs\Microsoft-Windows-ReliabilityAnalysisComponent%4Operational.evtx,0x8000000000001000,0,"{""UserData"":{""ProcessInfo"":{""Stability"":""9.394553"",""Date"":""2015-09-08 07:00:00.0000000""}}}"
22,22,2015-09-12 17:57:37.6570000,2005,Info,Microsoft-Windows-Reliability-Analysis-Engine,Microsoft-Windows-ReliabilityAnalysisComponent/Operational,1732,1088,WIN-L0ZZQ76PMUF,0,S-1-5-19,,,,,,,,,,,False,M:\Forensics\TrainingImages\AliHadi\Challenge1\tout\M\Forensics\TrainingImages\AliHadi\Challenge1\s4a-challenge4\Windows\System32\winevt\logs\Microsoft-Windows-ReliabilityAnalysisComponent%4Operational.evtx,0x8000000000001000,0,"{""UserData"":{""ProcessInfo"":{""Stability"":""9.394553"",""Date"":""2015-09-09 07:00:00.0000000""}}}"
23,23,2015-09-12 17:57:37.8132500,2005,Info,Microsoft-Windows-Reliability-Analysis-Engine,Microsoft-Windows-ReliabilityAnalysisComponent/Operational,1732,1088,WIN-L0ZZQ76PMUF,0,S-1-5-19,,,,,,,,,,,False,M:\Forensics\TrainingImages\AliHadi\Challenge1\tout\M\Forensics\TrainingImages\AliHadi\Challenge1\s4a-challenge4\Windows\System32\winevt\logs\Microsoft-Windows-ReliabilityAnalysisComponent%4Operational.evtx,0x8000000000001000,0,"{""UserData"":{""ProcessInfo"":{""Stability"":""9.394553"",""Date"":""2015-09-10 07:00:00.0000000""}}}"
24,24,2015-09-12 17:57:37.9538750,2005,Info,Microsoft-Windows-Reliability-Analysis-Engine,Microsoft-Windows-ReliabilityAnalysisComponent/Operational,1732,1088,WIN-L0ZZQ76PMUF,0,S-1-5-19,,,,,,,,,,,False,M:\Forensics\TrainingImages\AliHadi\Challenge1\tout\M\Forensics\TrainingImages\AliHadi\Challenge1\s4a-challenge4\Windows\System32\winevt\logs\Microsoft-Windows-ReliabilityAnalysisComponent%4Operational.evtx,0x8000000000001000,0,"{""UserData"":{""ProcessInfo"":{""Stability"":""9.394553"",""Date"":""2015-09-11 07:00:00.0000000""}}}"
25,25,2015-09-12 17:57:38.1257500,1001,Info,Microsoft-Windows-Reliability-Analysis-Agent,Microsoft-Windows-ReliabilityAnalysisComponent/Operational,1732,1088,WIN-L0ZZQ76PMUF,0,S-1-5-19,,,,,,,,,,,False,M:\Forensics\TrainingImages\AliHadi\Challenge1\tout\M\Forensics\TrainingImages\AliHadi\Challenge1\s4a-challenge4\Windows\System32\winevt\logs\Microsoft-Windows-ReliabilityAnalysisComponent%4Operational.evtx,0x8000000000001000,0,"{""UserData"":{""RacAgentInfo"":{""ExecutionTime"":""7705""}}}"
1,1,2015-08-24 07:12:24.0468750,1001,Info,Microsoft-Windows-Resource-Exhaustion-Detector,Microsoft-Windows-Resource-Exhaustion-Detector/Operational,1084,1188,WIN-L0ZZQ76PMUF,0,S-1-5-18,,,,,,,,,,,False,M:\Forensics\TrainingImages\AliHadi\Challenge1\tout\M\Forensics\TrainingImages\AliHadi\Challenge1\s4a-challenge4\Windows\System32\winevt\logs\Microsoft-Windows-Resource-Exhaustion-Detector%4Operational.evtx,0x4000000010000000,0,"{""EventData"":""""}"
2,2,2015-08-23 21:25:08.0006250,1001,Info,Microsoft-Windows-Resource-Exhaustion-Detector,Microsoft-Windows-Resource-Exhaustion-Detector/Operational,1184,3520,WIN-L0ZZQ76PMUF,0,S-1-5-18,,,,,,,,,,,False,M:\Forensics\TrainingImages\AliHadi\Challenge1\tout\M\Forensics\TrainingImages\AliHadi\Challenge1\s4a-challenge4\Windows\System32\winevt\logs\Microsoft-Windows-Resource-Exhaustion-Detector%4Operational.evtx,0x4000000010000000,0,"{""EventData"":""""}"
3,3,2015-08-23 22:24:16.4830000,1001,Info,Microsoft-Windows-Resource-Exhaustion-Detector,Microsoft-Windows-Resource-Exhaustion-Detector/Operational,1152,2188,WIN-L0ZZQ76PMUF,0,S-1-5-18,,,,,,,,,,,False,M:\Forensics\TrainingImages\AliHadi\Challenge1\tout\M\Forensics\TrainingImages\AliHadi\Challenge1\s4a-challenge4\Windows\System32\winevt\logs\Microsoft-Windows-Resource-Exhaustion-Detector%4Operational.evtx,0x4000000010000000,0,"{""EventData"":""""}"
4,4,2015-08-23 10:40:09.7256140,1001,Info,Microsoft-Windows-Resource-Exhaustion-Detector,Microsoft-Windows-Resource-Exhaustion-Detector/Operational,1176,4064,WIN-L0ZZQ76PMUF,0,S-1-5-18,,,,,,,,,,,False,M:\Forensics\TrainingImages\AliHadi\Challenge1\tout\M\Forensics\TrainingImages\AliHadi\Challenge1\s4a-challenge4\Windows\System32\winevt\logs\Microsoft-Windows-Resource-Exhaustion-Detector%4Operational.evtx,0x4000000010000000,0,"{""EventData"":""""}"
