455,455,2015-09-02 10:01:40.0682230,200,Info,Microsoft-Windows-TaskScheduler,Microsoft-Windows-TaskScheduler/Operational,1444,1812,WIN-L0ZZQ76PMUF,3,S-1-5-21-3848053756-3249532031-1848221756-500,Scheduled Task executed,,,Task: \Microsoft\Windows\CertificateServicesClient\UserTask-Roam,Instance Id: ca1bd8a1-ff16-4528-9bf4-c9e297d519af,,,,,Certificate Services Client Task Handler,False,M:\Forensics\TrainingImages\AliHadi\Challenge1\tout\M\Forensics\TrainingImages\AliHadi\Challenge1\s4a-challenge4\Windows\System32\winevt\logs\Microsoft-Windows-TaskScheduler%4Operational.evtx,Classic,0,"{""EventData"":{""@Name"":""ActionStart"",""Data"":[{""@Name"":""TaskName"",""#text"":""\\Microsoft\\Windows\\CertificateServicesClient\\UserTask-Roam""},{""@Name"":""ActionName"",""#text"":""Certificate Services Client Task Handler""},{""@Name"":""TaskInstanceId"",""#text"":""ca1bd8a1-ff16-4528-9bf4-c9e297d519af""}]}}"
456,456,2015-09-02 10:01:40.0682230,201,Info,Microsoft-Windows-TaskScheduler,Microsoft-Windows-TaskScheduler/Operational,1444,1812,WIN-L0ZZQ76PMUF,3,S-1-5-21-3848053756-3249532031-1848221756-500,Scheduled Task completed,,,Task: \Microsoft\Windows\CertificateServicesClient\UserTask-Roam,Instance Id: ca1bd8a1-ff16-4528-9bf4-c9e297d519af,,,,,Certificate Services Client Task Handler,False,M:\Forensics\TrainingImages\AliHadi\Challenge1\tout\M\Forensics\TrainingImages\AliHadi\Challenge1\s4a-challenge4\Windows\System32\winevt\logs\Microsoft-Windows-TaskScheduler%4Operational.evtx,Classic,0,"{""EventData"":{""@Name"":""ActionSuccess"",""Data"":[{""@Name"":""TaskName"",""#text"":""\\Microsoft\\Windows\\CertificateServicesClient\\UserTask-Roam""},{""@Name"":""TaskInstanceId"",""#text"":""ca1bd8a1-ff16-4528-9bf4-c9e297d519af""},{""@Name"":""ActionName"",""#text"":""Certificate Services Client Task Handler""},{""@Name"":""ResultCode"",""#text"":""0""}]}}"
457,457,2015-09-02 10:01:40.0682230,102,Info,Microsoft-Windows-TaskScheduler,Microsoft-Windows-TaskScheduler/Operational,1444,1812,WIN-L0ZZQ76PMUF,3,S-1-5-21-3848053756-3249532031-1848221756-500,Scheduled Task completed,Context: WIN-L0ZZQ76PMUF\Administrator,,Task: \Microsoft\Windows\CertificateServicesClient\UserTask-Roam,Instance Id: ca1bd8a1-ff16-4528-9bf4-c9e297d519af,,,,,,False,M:\Forensics\TrainingImages\AliHadi\Challenge1\tout\M\Forensics\TrainingImages\AliHadi\Challenge1\s4a-challenge4\Windows\System32\winevt\logs\Microsoft-Windows-TaskScheduler%4Operational.evtx,Classic,0,"{""EventData"":{""@Name"":""TaskSuccessEvent"",""Data"":[{""@Name"":""TaskName"",""#text"":""\\Microsoft\\Windows\\CertificateServicesClient\\UserTask-Roam""},{""@Name"":""UserContext"",""#text"":""WIN-L0ZZQ76PMUF\\Administrator""},{""@Name"":""InstanceId"",""#text"":""ca1bd8a1-ff16-4528-9bf4-c9e297d519af""}]}}"
458,458,2015-09-02 10:18:07.1619730,125,Info,Microsoft-Windows-TaskScheduler,Microsoft-Windows-TaskScheduler/Operational,1024,1028,WIN-L0ZZQ76PMUF,3,S-1-5-18,,,,,,,,,,,False,M:\Forensics\TrainingImages\AliHadi\Challenge1\tout\M\Forensics\TrainingImages\AliHadi\Challenge1\s4a-challenge4\Windows\System32\winevt\logs\Microsoft-Windows-TaskScheduler%4Operational.evtx,Classic,0,"{""EventData"":{""@Name"":""SessionUnlockTrigger"",""Data"":[{""@Name"":""TaskName"",""#text"":""\\Microsoft\\Windows\\CertificateServicesClient\\UserTask-Roam""},{""@Name"":""UserName"",""#text"":""Administrator""},{""@Name"":""InstanceId"",""#text"":""80e0f6a9-d7f9-4a09-8d73-e2851a238f39""}]}}"
459,459,2015-09-02 10:18:07.1775980,319,Info,Microsoft-Windows-TaskScheduler,Microsoft-Windows-TaskScheduler/Operational,1444,2276,WIN-L0ZZQ76PMUF,3,S-1-5-21-3848053756-3249532031-1848221756-500,,,,,,,,,,,False,M:\Forensics\TrainingImages\AliHadi\Challenge1\tout\M\Forensics\TrainingImages\AliHadi\Challenge1\s4a-challenge4\Windows\System32\winevt\logs\Microsoft-Windows-TaskScheduler%4Operational.evtx,Classic,0,"{""EventData"":{""@Name"":""TaskEngineProcessReceivedStartTask"",""Data"":[{""@Name"":""TaskEngineName"",""#text"":""S-1-5-21-3848053756-3249532031-1848221756-500:WIN-L0ZZQ76PMUF\\Administrator:Interactive:[1]""},{""@Name"":""TaskName"",""#text"":""\\Microsoft\\Windows\\CertificateServicesClient\\UserTask-Roam""}]}}"
460,460,2015-09-02 10:18:07.1775980,100,Info,Microsoft-Windows-TaskScheduler,Microsoft-Windows-TaskScheduler/Operational,1444,2276,WIN-L0ZZQ76PMUF,3,S-1-5-21-3848053756-3249532031-1848221756-500,Scheduled Task started,Context: WIN-L0ZZQ76PMUF\Administrator,,Task: \Microsoft\Windows\CertificateServicesClient\UserTask-Roam,Instance Id: 80e0f6a9-d7f9-4a09-8d73-e2851a238f39,,,,,,False,M:\Forensics\TrainingImages\AliHadi\Challenge1\tout\M\Forensics\TrainingImages\AliHadi\Challenge1\s4a-challenge4\Windows\System32\winevt\logs\Microsoft-Windows-TaskScheduler%4Operational.evtx,Classic,0,"{""EventData"":{""@Name"":""TaskStartEvent"",""Data"":[{""@Name"":""TaskName"",""#text"":""\\Microsoft\\Windows\\CertificateServicesClient\\UserTask-Roam""},{""@Name"":""UserContext"",""#text"":""WIN-L0ZZQ76PMUF\\Administrator""},{""@Name"":""InstanceId"",""#text"":""80e0f6a9-d7f9-4a09-8d73-e2851a238f39""}]}}"
461,461,2015-09-02 10:18:07.1775980,200,Info,Microsoft-Windows-TaskScheduler,Microsoft-Windows-TaskScheduler/Operational,1444,2360,WIN-L0ZZQ76PMUF,3,S-1-5-21-3848053756-3249532031-1848221756-500,Scheduled Task executed,,,Task: \Microsoft\Windows\CertificateServicesClient\UserTask-Roam,Instance Id: 80e0f6a9-d7f9-4a09-8d73-e2851a238f39,,,,,Certificate Services Client Task Handler,False,M:\Forensics\TrainingImages\AliHadi\Challenge1\tout\M\Forensics\TrainingImages\AliHadi\Challenge1\s4a-challenge4\Windows\System32\winevt\logs\Microsoft-Windows-TaskScheduler%4Operational.evtx,Classic,0,"{""EventData"":{""@Name"":""ActionStart"",""Data"":[{""@Name"":""TaskName"",""#text"":""\\Microsoft\\Windows\\CertificateServicesClient\\UserTask-Roam""},{""@Name"":""ActionName"",""#text"":""Certificate Services Client Task Handler""},{""@Name"":""TaskInstanceId"",""#text"":""80e0f6a9-d7f9-4a09-8d73-e2851a238f39""}]}}"
462,462,2015-09-02 10:18:07.1775980,201,Info,Microsoft-Windows-TaskScheduler,Microsoft-Windows-TaskScheduler/Operational,1444,2360,WIN-L0ZZQ76PMUF,3,S-1-5-21-3848053756-3249532031-1848221756-500,Scheduled Task completed,,,Task: \Microsoft\Windows\CertificateServicesClient\UserTask-Roam,Instance Id: 80e0f6a9-d7f9-4a09-8d73-e2851a238f39,,,,,Certificate Services Client Task Handler,False,M:\Forensics\TrainingImages\AliHadi\Challenge1\tout\M\Forensics\TrainingImages\AliHadi\Challenge1\s4a-challenge4\Windows\System32\winevt\logs\Microsoft-Windows-TaskScheduler%4Operational.evtx,Classic,0,"{""EventData"":{""@Name"":""ActionSuccess"",""Data"":[{""@Name"":""TaskName"",""#text"":""\\Microsoft\\Windows\\CertificateServicesClient\\UserTask-Roam""},{""@Name"":""TaskInstanceId"",""#text"":""80e0f6a9-d7f9-4a09-8d73-e2851a238f39""},{""@Name"":""ActionName"",""#text"":""Certificate Services Client Task Handler""},{""@Name"":""ResultCode"",""#text"":""0""}]}}"
463,463,2015-09-02 10:18:07.1775980,102,Info,Microsoft-Windows-TaskScheduler,Microsoft-Windows-TaskScheduler/Operational,1444,2360,WIN-L0ZZQ76PMUF,3,S-1-5-21-3848053756-3249532031-1848221756-500,Scheduled Task completed,Context: WIN-L0ZZQ76PMUF\Administrator,,Task: \Microsoft\Windows\CertificateServicesClient\UserTask-Roam,Instance Id: 80e0f6a9-d7f9-4a09-8d73-e2851a238f39,,,,,,False,M:\Forensics\TrainingImages\AliHadi\Challenge1\tout\M\Forensics\TrainingImages\AliHadi\Challenge1\s4a-challenge4\Windows\System32\winevt\logs\Microsoft-Windows-TaskScheduler%4Operational.evtx,Classic,0,"{""EventData"":{""@Name"":""TaskSuccessEvent"",""Data"":[{""@Name"":""TaskName"",""#text"":""\\Microsoft\\Windows\\CertificateServicesClient\\UserTask-Roam""},{""@Name"":""UserContext"",""#text"":""WIN-L0ZZQ76PMUF\\Administrator""},{""@Name"":""InstanceId"",""#text"":""80e0f6a9-d7f9-4a09-8d73-e2851a238f39""}]}}"
464,464,2015-09-02 10:39:10.0525980,124,Info,Microsoft-Windows-TaskScheduler,Microsoft-Windows-TaskScheduler/Operational,1024,1028,WIN-L0ZZQ76PMUF,3,S-1-5-18,,,,,,,,,,,False,M:\Forensics\TrainingImages\AliHadi\Challenge1\tout\M\Forensics\TrainingImages\AliHadi\Challenge1\s4a-challenge4\Windows\System32\winevt\logs\Microsoft-Windows-TaskScheduler%4Operational.evtx,Classic,0,"{""EventData"":{""@Name"":""SessionLockTrigger"",""Data"":[{""@Name"":""TaskName"",""#text"":""\\Microsoft\\Windows\\CertificateServicesClient\\UserTask-Roam""},{""@Name"":""UserName"",""#text"":""Administrator""},{""@Name"":""InstanceId"",""#text"":""69e685e9-2c65-41ce-bd6f-2f2306cfc610""}]}}"
465,465,2015-09-02 10:39:10.0682230,319,Info,Microsoft-Windows-TaskScheduler,Microsoft-Windows-TaskScheduler/Operational,1444,4000,WIN-L0ZZQ76PMUF,3,S-1-5-21-3848053756-3249532031-1848221756-500,,,,,,,,,,,False,M:\Forensics\TrainingImages\AliHadi\Challenge1\tout\M\Forensics\TrainingImages\AliHadi\Challenge1\s4a-challenge4\Windows\System32\winevt\logs\Microsoft-Windows-TaskScheduler%4Operational.evtx,Classic,0,"{""EventData"":{""@Name"":""TaskEngineProcessReceivedStartTask"",""Data"":[{""@Name"":""TaskEngineName"",""#text"":""S-1-5-21-3848053756-3249532031-1848221756-500:WIN-L0ZZQ76PMUF\\Administrator:Interactive:[1]""},{""@Name"":""TaskName"",""#text"":""\\Microsoft\\Windows\\CertificateServicesClient\\UserTask-Roam""}]}}"
466,466,2015-09-02 10:39:10.0682230,100,Info,Microsoft-Windows-TaskScheduler,Microsoft-Windows-TaskScheduler/Operational,1444,4000,WIN-L0ZZQ76PMUF,3,S-1-5-21-3848053756-3249532031-1848221756-500,Scheduled Task started,Context: WIN-L0ZZQ76PMUF\Administrator,,Task: \Microsoft\Windows\CertificateServicesClient\UserTask-Roam,Instance Id: 69e685e9-2c65-41ce-bd6f-2f2306cfc610,,,,,,False,M:\Forensics\TrainingImages\AliHadi\Challenge1\tout\M\Forensics\TrainingImages\AliHadi\Challenge1\s4a-challenge4\Windows\System32\winevt\logs\Microsoft-Windows-TaskScheduler%4Operational.evtx,Classic,0,"{""EventData"":{""@Name"":""TaskStartEvent"",""Data"":[{""@Name"":""TaskName"",""#text"":""\\Microsoft\\Windows\\CertificateServicesClient\\UserTask-Roam""},{""@Name"":""UserContext"",""#text"":""WIN-L0ZZQ76PMUF\\Administrator""},{""@Name"":""InstanceId"",""#text"":""69e685e9-2c65-41ce-bd6f-2f2306cfc610""}]}}"
467,467,2015-09-02 10:39:10.0682230,200,Info,Microsoft-Windows-TaskScheduler,Microsoft-Windows-TaskScheduler/Operational,1444,3832,WIN-L0ZZQ76PMUF,3,S-1-5-21-3848053756-3249532031-1848221756-500,Scheduled Task executed,,,Task: \Microsoft\Windows\CertificateServicesClient\UserTask-Roam,Instance Id: 69e685e9-2c65-41ce-bd6f-2f2306cfc610,,,,,Certificate Services Client Task Handler,False,M:\Forensics\TrainingImages\AliHadi\Challenge1\tout\M\Forensics\TrainingImages\AliHadi\Challenge1\s4a-challenge4\Windows\System32\winevt\logs\Microsoft-Windows-TaskScheduler%4Operational.evtx,Classic,0,"{""EventData"":{""@Name"":""ActionStart"",""Data"":[{""@Name"":""TaskName"",""#text"":""\\Microsoft\\Windows\\CertificateServicesClient\\UserTask-Roam""},{""@Name"":""ActionName"",""#text"":""Certificate Services Client Task Handler""},{""@Name"":""TaskInstanceId"",""#text"":""69e685e9-2c65-41ce-bd6f-2f2306cfc610""}]}}"
468,468,2015-09-02 10:39:10.0682230,201,Info,Microsoft-Windows-TaskScheduler,Microsoft-Windows-TaskScheduler/Operational,1444,3832,WIN-L0ZZQ76PMUF,3,S-1-5-21-3848053756-3249532031-1848221756-500,Scheduled Task completed,,,Task: \Microsoft\Windows\CertificateServicesClient\UserTask-Roam,Instance Id: 69e685e9-2c65-41ce-bd6f-2f2306cfc610,,,,,Certificate Services Client Task Handler,False,M:\Forensics\TrainingImages\AliHadi\Challenge1\tout\M\Forensics\TrainingImages\AliHadi\Challenge1\s4a-challenge4\Windows\System32\winevt\logs\Microsoft-Windows-TaskScheduler%4Operational.evtx,Classic,0,"{""EventData"":{""@Name"":""ActionSuccess"",""Data"":[{""@Name"":""TaskName"",""#text"":""\\Microsoft\\Windows\\CertificateServicesClient\\UserTask-Roam""},{""@Name"":""TaskInstanceId"",""#text"":""69e685e9-2c65-41ce-bd6f-2f2306cfc610""},{""@Name"":""ActionName"",""#text"":""Certificate Services Client Task Handler""},{""@Name"":""ResultCode"",""#text"":""0""}]}}"
469,469,2015-09-02 10:39:10.0682230,102,Info,Microsoft-Windows-TaskScheduler,Microsoft-Windows-TaskScheduler/Operational,1444,3832,WIN-L0ZZQ76PMUF,3,S-1-5-21-3848053756-3249532031-1848221756-500,Scheduled Task completed,Context: WIN-L0ZZQ76PMUF\Administrator,,Task: \Microsoft\Windows\CertificateServicesClient\UserTask-Roam,Instance Id: 69e685e9-2c65-41ce-bd6f-2f2306cfc610,,,,,,False,M:\Forensics\TrainingImages\AliHadi\Challenge1\tout\M\Forensics\TrainingImages\AliHadi\Challenge1\s4a-challenge4\Windows\System32\winevt\logs\Microsoft-Windows-TaskScheduler%4Operational.evtx,Classic,0,"{""EventData"":{""@Name"":""TaskSuccessEvent"",""Data"":[{""@Name"":""TaskName"",""#text"":""\\Microsoft\\Windows\\CertificateServicesClient\\UserTask-Roam""},{""@Name"":""UserContext"",""#text"":""WIN-L0ZZQ76PMUF\\Administrator""},{""@Name"":""InstanceId"",""#text"":""69e685e9-2c65-41ce-bd6f-2f2306cfc610""}]}}"
470,470,2015-09-02 10:55:45.6150980,310,Info,Microsoft-Windows-TaskScheduler,Microsoft-Windows-TaskScheduler/Operational,1024,1316,WIN-L0ZZQ76PMUF,3,S-1-5-18,,,,,,,,,,,False,M:\Forensics\TrainingImages\AliHadi\Challenge1\tout\M\Forensics\TrainingImages\AliHadi\Challenge1\s4a-challenge4\Windows\System32\winevt\logs\Microsoft-Windows-TaskScheduler%4Operational.evtx,Classic,0,"{""EventData"":{""@Name"":""TaskEngineProcessStarted"",""Data"":[{""@Name"":""TaskEngineName"",""#text"":""S-1-5-19:NT AUTHORITY\\LocalService:Service:""},{""@Name"":""Command"",""#text"":""taskeng.exe""},{""@Name"":""ProcessID"",""#text"":""3804""},{""@Name"":""ThreadID"",""#text"":""2528""}]}}"
471,471,2015-09-02 10:55:45.7400980,317,Info,Microsoft-Windows-TaskScheduler,Microsoft-Windows-TaskScheduler/Operational,3804,2528,WIN-L0ZZQ76PMUF,3,S-1-5-19,,,,,,,,,,,False,M:\Forensics\TrainingImages\AliHadi\Challenge1\tout\M\Forensics\TrainingImages\AliHadi\Challenge1\s4a-challenge4\Windows\System32\winevt\logs\Microsoft-Windows-TaskScheduler%4Operational.evtx,Classic,0,"{""EventData"":{""@Name"":""TaskEngineProcessMainStarted"",""Data"":{""@Name"":""TaskEngineName"",""#text"":""S-1-5-19:NT AUTHORITY\\LocalService:Service:""}}}"
472,472,2015-09-02 10:55:45.7400980,319,Info,Microsoft-Windows-TaskScheduler,Microsoft-Windows-TaskScheduler/Operational,3804,772,WIN-L0ZZQ76PMUF,3,S-1-5-19,,,,,,,,,,,False,M:\Forensics\TrainingImages\AliHadi\Challenge1\tout\M\Forensics\TrainingImages\AliHadi\Challenge1\s4a-challenge4\Windows\System32\winevt\logs\Microsoft-Windows-TaskScheduler%4Operational.evtx,Classic,0,"{""EventData"":{""@Name"":""TaskEngineProcessReceivedStartTask"",""Data"":[{""@Name"":""TaskEngineName"",""#text"":""S-1-5-19:NT AUTHORITY\\LocalService:Service:""},{""@Name"":""TaskName"",""#text"":""\\Microsoft\\Windows\\RAC\\RACAgent""}]}}"
473,473,2015-09-02 10:55:45.7400980,100,Info,Microsoft-Windows-TaskScheduler,Microsoft-Windows-TaskScheduler/Operational,3804,772,WIN-L0ZZQ76PMUF,3,S-1-5-19,Scheduled Task started,Context: NT AUTHORITY\LOCAL SERVICE,,Task: \Microsoft\Windows\RAC\RACAgent,Instance Id: 0fe0133c-cad8-45e0-8a26-74cee632234a,,,,,,False,M:\Forensics\TrainingImages\AliHadi\Challenge1\tout\M\Forensics\TrainingImages\AliHadi\Challenge1\s4a-challenge4\Windows\System32\winevt\logs\Microsoft-Windows-TaskScheduler%4Operational.evtx,Classic,0,"{""EventData"":{""@Name"":""TaskStartEvent"",""Data"":[{""@Name"":""TaskName"",""#text"":""\\Microsoft\\Windows\\RAC\\RACAgent""},{""@Name"":""UserContext"",""#text"":""NT AUTHORITY\\LOCAL SERVICE""},{""@Name"":""InstanceId"",""#text"":""0fe0133c-cad8-45e0-8a26-74cee632234a""}]}}"
474,474,2015-09-02 10:55:45.7400980,200,Info,Microsoft-Windows-TaskScheduler,Microsoft-Windows-TaskScheduler/Operational,3804,3672,WIN-L0ZZQ76PMUF,3,S-1-5-19,Scheduled Task executed,,,Task: \Microsoft\Windows\RAC\RACAgent,Instance Id: 0fe0133c-cad8-45e0-8a26-74cee632234a,,,,,%windir%\system32\RacAgent.exe,False,M:\Forensics\TrainingImages\AliHadi\Challenge1\tout\M\Forensics\TrainingImages\AliHadi\Challenge1\s4a-challenge4\Windows\System32\winevt\logs\Microsoft-Windows-TaskScheduler%4Operational.evtx,Classic,0,"{""EventData"":{""@Name"":""ActionStart"",""Data"":[{""@Name"":""TaskName"",""#text"":""\\Microsoft\\Windows\\RAC\\RACAgent""},{""@Name"":""ActionName"",""#text"":""%windir%\\system32\\RacAgent.exe""},{""@Name"":""TaskInstanceId"",""#text"":""0fe0133c-cad8-45e0-8a26-74cee632234a""}]}}"
475,475,2015-09-02 10:55:45.7400980,129,Info,Microsoft-Windows-TaskScheduler,Microsoft-Windows-TaskScheduler/Operational,3804,3672,WIN-L0ZZQ76PMUF,3,S-1-5-19,Scheduled Task created,,,Task: \Microsoft\Windows\RAC\RACAgent,ProcessID: 1064,,,,,C:\Windows\system32\RacAgent.exe,False,M:\Forensics\TrainingImages\AliHadi\Challenge1\tout\M\Forensics\TrainingImages\AliHadi\Challenge1\s4a-challenge4\Windows\System32\winevt\logs\Microsoft-Windows-TaskScheduler%4Operational.evtx,Classic,0,"{""EventData"":{""@Name"":""CreatedTaskProcess"",""Data"":[{""@Name"":""TaskName"",""#text"":""\\Microsoft\\Windows\\RAC\\RACAgent""},{""@Name"":""Path"",""#text"":""C:\\Windows\\system32\\RacAgent.exe""},{""@Name"":""ProcessID"",""#text"":""1064""},{""@Name"":""Priority"",""#text"":""7""}]}}"
476,476,2015-09-02 10:55:45.8807230,201,Info,Microsoft-Windows-TaskScheduler,Microsoft-Windows-TaskScheduler/Operational,3804,3672,WIN-L0ZZQ76PMUF,3,S-1-5-19,Scheduled Task completed,,,Task: \Microsoft\Windows\RAC\RACAgent,Instance Id: 0fe0133c-cad8-45e0-8a26-74cee632234a,,,,,C:\Windows\system32\RacAgent.exe,False,M:\Forensics\TrainingImages\AliHadi\Challenge1\tout\M\Forensics\TrainingImages\AliHadi\Challenge1\s4a-challenge4\Windows\System32\winevt\logs\Microsoft-Windows-TaskScheduler%4Operational.evtx,Classic,0,"{""EventData"":{""@Name"":""ActionSuccess"",""Data"":[{""@Name"":""TaskName"",""#text"":""\\Microsoft\\Windows\\RAC\\RACAgent""},{""@Name"":""TaskInstanceId"",""#text"":""0fe0133c-cad8-45e0-8a26-74cee632234a""},{""@Name"":""ActionName"",""#text"":""C:\\Windows\\system32\\RacAgent.exe""},{""@Name"":""ResultCode"",""#text"":""0""}]}}"
477,477,2015-09-02 10:55:45.8807230,102,Info,Microsoft-Windows-TaskScheduler,Microsoft-Windows-TaskScheduler/Operational,3804,3672,WIN-L0ZZQ76PMUF,3,S-1-5-19,Scheduled Task completed,Context: NT AUTHORITY\LOCAL SERVICE,,Task: \Microsoft\Windows\RAC\RACAgent,Instance Id: 0fe0133c-cad8-45e0-8a26-74cee632234a,,,,,,False,M:\Forensics\TrainingImages\AliHadi\Challenge1\tout\M\Forensics\TrainingImages\AliHadi\Challenge1\s4a-challenge4\Windows\System32\winevt\logs\Microsoft-Windows-TaskScheduler%4Operational.evtx,Classic,0,"{""EventData"":{""@Name"":""TaskSuccessEvent"",""Data"":[{""@Name"":""TaskName"",""#text"":""\\Microsoft\\Windows\\RAC\\RACAgent""},{""@Name"":""UserContext"",""#text"":""NT AUTHORITY\\LOCAL SERVICE""},{""@Name"":""InstanceId"",""#text"":""0fe0133c-cad8-45e0-8a26-74cee632234a""}]}}"
478,478,2015-09-02 10:55:45.8807230,314,Info,Microsoft-Windows-TaskScheduler,Microsoft-Windows-TaskScheduler/Operational,1024,412,WIN-L0ZZQ76PMUF,3,S-1-5-18,,,,,,,,,,,False,M:\Forensics\TrainingImages\AliHadi\Challenge1\tout\M\Forensics\TrainingImages\AliHadi\Challenge1\s4a-challenge4\Windows\System32\winevt\logs\Microsoft-Windows-TaskScheduler%4Operational.evtx,Classic,0,"{""EventData"":{""@Name"":""TaskEngineIdle"",""Data"":{""@Name"":""TaskEngineName"",""#text"":""S-1-5-19:NT AUTHORITY\\LocalService:Service:""}}}"
479,479,2015-09-02 11:00:45.9275980,301,Info,Microsoft-Windows-TaskScheduler,Microsoft-Windows-TaskScheduler/Operational,3804,2528,WIN-L0ZZQ76PMUF,3,S-1-5-19,,,,,,,,,,,False,M:\Forensics\TrainingImages\AliHadi\Challenge1\tout\M\Forensics\TrainingImages\AliHadi\Challenge1\s4a-challenge4\Windows\System32\winevt\logs\Microsoft-Windows-TaskScheduler%4Operational.evtx,Classic,0,"{""EventData"":{""@Name"":""TaskEngineExitEvent"",""Data"":{""@Name"":""TaskEngineName"",""#text"":""S-1-5-19:NT AUTHORITY\\LocalService:Service:""}}}"
480,480,2015-09-02 11:00:45.9275980,318,Info,Microsoft-Windows-TaskScheduler,Microsoft-Windows-TaskScheduler/Operational,3804,2528,WIN-L0ZZQ76PMUF,3,S-1-5-19,,,,,,,,,,,False,M:\Forensics\TrainingImages\AliHadi\Challenge1\tout\M\Forensics\TrainingImages\AliHadi\Challenge1\s4a-challenge4\Windows\System32\winevt\logs\Microsoft-Windows-TaskScheduler%4Operational.evtx,Classic,0,"{""EventData"":{""@Name"":""TaskEngineProcessMainShutdown"",""Data"":{""@Name"":""TaskEngineName"",""#text"":""S-1-5-19:NT AUTHORITY\\LocalService:Service:""}}}"
481,481,2015-09-02 11:00:45.9275980,318,Info,Microsoft-Windows-TaskScheduler,Microsoft-Windows-TaskScheduler/Operational,1024,2232,WIN-L0ZZQ76PMUF,3,S-1-5-18,,,,,,,,,,,False,M:\Forensics\TrainingImages\AliHadi\Challenge1\tout\M\Forensics\TrainingImages\AliHadi\Challenge1\s4a-challenge4\Windows\System32\winevt\logs\Microsoft-Windows-TaskScheduler%4Operational.evtx,Classic,0,"{""EventData"":{""@Name"":""TaskEngineProcessMainShutdown"",""Data"":{""@Name"":""TaskEngineName"",""#text"":""S-1-5-19:NT AUTHORITY\\LocalService:Service:""}}}"
482,482,2015-09-02 11:36:10.4762110,125,Info,Microsoft-Windows-TaskScheduler,Microsoft-Windows-TaskScheduler/Operational,1024,1028,WIN-L0ZZQ76PMUF,3,S-1-5-18,,,,,,,,,,,False,M:\Forensics\TrainingImages\AliHadi\Challenge1\tout\M\Forensics\TrainingImages\AliHadi\Challenge1\s4a-challenge4\Windows\System32\winevt\logs\Microsoft-Windows-TaskScheduler%4Operational.evtx,Classic,0,"{""EventData"":{""@Name"":""SessionUnlockTrigger"",""Data"":[{""@Name"":""TaskName"",""#text"":""\\Microsoft\\Windows\\CertificateServicesClient\\UserTask-Roam""},{""@Name"":""UserName"",""#text"":""Administrator""},{""@Name"":""InstanceId"",""#text"":""315b4e25-10ee-4aee-9ead-361c7e7362c9""}]}}"
483,483,2015-09-02 11:36:10.4762110,319,Info,Microsoft-Windows-TaskScheduler,Microsoft-Windows-TaskScheduler/Operational,1444,1812,WIN-L0ZZQ76PMUF,3,S-1-5-21-3848053756-3249532031-1848221756-500,,,,,,,,,,,False,M:\Forensics\TrainingImages\AliHadi\Challenge1\tout\M\Forensics\TrainingImages\AliHadi\Challenge1\s4a-challenge4\Windows\System32\winevt\logs\Microsoft-Windows-TaskScheduler%4Operational.evtx,Classic,0,"{""EventData"":{""@Name"":""TaskEngineProcessReceivedStartTask"",""Data"":[{""@Name"":""TaskEngineName"",""#text"":""S-1-5-21-3848053756-3249532031-1848221756-500:WIN-L0ZZQ76PMUF\\Administrator:Interactive:[1]""},{""@Name"":""TaskName"",""#text"":""\\Microsoft\\Windows\\CertificateServicesClient\\UserTask-Roam""}]}}"
484,484,2015-09-02 11:36:10.4918360,100,Info,Microsoft-Windows-TaskScheduler,Microsoft-Windows-TaskScheduler/Operational,1444,1812,WIN-L0ZZQ76PMUF,3,S-1-5-21-3848053756-3249532031-1848221756-500,Scheduled Task started,Context: WIN-L0ZZQ76PMUF\Administrator,,Task: \Microsoft\Windows\CertificateServicesClient\UserTask-Roam,Instance Id: 315b4e25-10ee-4aee-9ead-361c7e7362c9,,,,,,False,M:\Forensics\TrainingImages\AliHadi\Challenge1\tout\M\Forensics\TrainingImages\AliHadi\Challenge1\s4a-challenge4\Windows\System32\winevt\logs\Microsoft-Windows-TaskScheduler%4Operational.evtx,Classic,0,"{""EventData"":{""@Name"":""TaskStartEvent"",""Data"":[{""@Name"":""TaskName"",""#text"":""\\Microsoft\\Windows\\CertificateServicesClient\\UserTask-Roam""},{""@Name"":""UserContext"",""#text"":""WIN-L0ZZQ76PMUF\\Administrator""},{""@Name"":""InstanceId"",""#text"":""315b4e25-10ee-4aee-9ead-361c7e7362c9""}]}}"
485,485,2015-09-02 11:36:10.4918360,200,Info,Microsoft-Windows-TaskScheduler,Microsoft-Windows-TaskScheduler/Operational,1444,3708,WIN-L0ZZQ76PMUF,3,S-1-5-21-3848053756-3249532031-1848221756-500,Scheduled Task executed,,,Task: \Microsoft\Windows\CertificateServicesClient\UserTask-Roam,Instance Id: 315b4e25-10ee-4aee-9ead-361c7e7362c9,,,,,Certificate Services Client Task Handler,False,M:\Forensics\TrainingImages\AliHadi\Challenge1\tout\M\Forensics\TrainingImages\AliHadi\Challenge1\s4a-challenge4\Windows\System32\winevt\logs\Microsoft-Windows-TaskScheduler%4Operational.evtx,Classic,0,"{""EventData"":{""@Name"":""ActionStart"",""Data"":[{""@Name"":""TaskName"",""#text"":""\\Microsoft\\Windows\\CertificateServicesClient\\UserTask-Roam""},{""@Name"":""ActionName"",""#text"":""Certificate Services Client Task Handler""},{""@Name"":""TaskInstanceId"",""#text"":""315b4e25-10ee-4aee-9ead-361c7e7362c9""}]}}"
486,486,2015-09-02 11:36:10.4918360,201,Info,Microsoft-Windows-TaskScheduler,Microsoft-Windows-TaskScheduler/Operational,1444,3708,WIN-L0ZZQ76PMUF,3,S-1-5-21-3848053756-3249532031-1848221756-500,Scheduled Task completed,,,Task: \Microsoft\Windows\CertificateServicesClient\UserTask-Roam,Instance Id: 315b4e25-10ee-4aee-9ead-361c7e7362c9,,,,,Certificate Services Client Task Handler,False,M:\Forensics\TrainingImages\AliHadi\Challenge1\tout\M\Forensics\TrainingImages\AliHadi\Challenge1\s4a-challenge4\Windows\System32\winevt\logs\Microsoft-Windows-TaskScheduler%4Operational.evtx,Classic,0,"{""EventData"":{""@Name"":""ActionSuccess"",""Data"":[{""@Name"":""TaskName"",""#text"":""\\Microsoft\\Windows\\CertificateServicesClient\\UserTask-Roam""},{""@Name"":""TaskInstanceId"",""#text"":""315b4e25-10ee-4aee-9ead-361c7e7362c9""},{""@Name"":""ActionName"",""#text"":""Certificate Services Client Task Handler""},{""@Name"":""ResultCode"",""#text"":""0""}]}}"
487,487,2015-09-02 11:36:10.4918360,102,Info,Microsoft-Windows-TaskScheduler,Microsoft-Windows-TaskScheduler/Operational,1444,3708,WIN-L0ZZQ76PMUF,3,S-1-5-21-3848053756-3249532031-1848221756-500,Scheduled Task completed,Context: WIN-L0ZZQ76PMUF\Administrator,,Task: \Microsoft\Windows\CertificateServicesClient\UserTask-Roam,Instance Id: 315b4e25-10ee-4aee-9ead-361c7e7362c9,,,,,,False,M:\Forensics\TrainingImages\AliHadi\Challenge1\tout\M\Forensics\TrainingImages\AliHadi\Challenge1\s4a-challenge4\Windows\System32\winevt\logs\Microsoft-Windows-TaskScheduler%4Operational.evtx,Classic,0,"{""EventData"":{""@Name"":""TaskSuccessEvent"",""Data"":[{""@Name"":""TaskName"",""#text"":""\\Microsoft\\Windows\\CertificateServicesClient\\UserTask-Roam""},{""@Name"":""UserContext"",""#text"":""WIN-L0ZZQ76PMUF\\Administrator""},{""@Name"":""InstanceId"",""#text"":""315b4e25-10ee-4aee-9ead-361c7e7362c9""}]}}"
488,488,2015-09-03 06:08:31.4170000,114,Warning,Microsoft-Windows-TaskScheduler,Microsoft-Windows-TaskScheduler/Operational,1024,1304,WIN-L0ZZQ76PMUF,3,S-1-5-18,,,,,,,,,,,False,M:\Forensics\TrainingImages\AliHadi\Challenge1\tout\M\Forensics\TrainingImages\AliHadi\Challenge1\s4a-challenge4\Windows\System32\winevt\logs\Microsoft-Windows-TaskScheduler%4Operational.evtx,Classic,0,"{""EventData"":{""@Name"":""MissedTaskLaunched"",""Data"":[{""@Name"":""TaskName"",""#text"":""\\Microsoft\\Windows\\Customer Experience Improvement Program\\Consolidator""},{""@Name"":""InstanceId"",""#text"":""bc6f079f-a5f8-461b-be3c-59781d1c3c31""}]}}"
489,489,2015-09-03 06:08:31.4170000,411,Info,Microsoft-Windows-TaskScheduler,Microsoft-Windows-TaskScheduler/Operational,1024,1304,WIN-L0ZZQ76PMUF,3,S-1-5-18,,,,,,,,,,,False,M:\Forensics\TrainingImages\AliHadi\Challenge1\tout\M\Forensics\TrainingImages\AliHadi\Challenge1\s4a-challenge4\Windows\System32\winevt\logs\Microsoft-Windows-TaskScheduler%4Operational.evtx,Classic,0,"{""EventData"":{""@Name"":""TimeChangeSignaled""}}"
490,490,2015-09-03 06:24:56.7286523,310,Info,Microsoft-Windows-TaskScheduler,Microsoft-Windows-TaskScheduler/Operational,1024,1316,WIN-L0ZZQ76PMUF,3,S-1-5-18,,,,,,,,,,,False,M:\Forensics\TrainingImages\AliHadi\Challenge1\tout\M\Forensics\TrainingImages\AliHadi\Challenge1\s4a-challenge4\Windows\System32\winevt\logs\Microsoft-Windows-TaskScheduler%4Operational.evtx,Classic,0,"{""EventData"":{""@Name"":""TaskEngineProcessStarted"",""Data"":[{""@Name"":""TaskEngineName"",""#text"":""S-1-5-19:NT AUTHORITY\\LocalService:Service:""},{""@Name"":""Command"",""#text"":""taskeng.exe""},{""@Name"":""ProcessID"",""#text"":""2684""},{""@Name"":""ThreadID"",""#text"":""1976""}]}}"
491,491,2015-09-03 06:24:56.8536523,317,Info,Microsoft-Windows-TaskScheduler,Microsoft-Windows-TaskScheduler/Operational,2684,1976,WIN-L0ZZQ76PMUF,3,S-1-5-19,,,,,,,,,,,False,M:\Forensics\TrainingImages\AliHadi\Challenge1\tout\M\Forensics\TrainingImages\AliHadi\Challenge1\s4a-challenge4\Windows\System32\winevt\logs\Microsoft-Windows-TaskScheduler%4Operational.evtx,Classic,0,"{""EventData"":{""@Name"":""TaskEngineProcessMainStarted"",""Data"":{""@Name"":""TaskEngineName"",""#text"":""S-1-5-19:NT AUTHORITY\\LocalService:Service:""}}}"
492,492,2015-09-03 06:24:56.8536523,319,Info,Microsoft-Windows-TaskScheduler,Microsoft-Windows-TaskScheduler/Operational,2684,3768,WIN-L0ZZQ76PMUF,3,S-1-5-19,,,,,,,,,,,False,M:\Forensics\TrainingImages\AliHadi\Challenge1\tout\M\Forensics\TrainingImages\AliHadi\Challenge1\s4a-challenge4\Windows\System32\winevt\logs\Microsoft-Windows-TaskScheduler%4Operational.evtx,Classic,0,"{""EventData"":{""@Name"":""TaskEngineProcessReceivedStartTask"",""Data"":[{""@Name"":""TaskEngineName"",""#text"":""S-1-5-19:NT AUTHORITY\\LocalService:Service:""},{""@Name"":""TaskName"",""#text"":""\\Microsoft\\Windows\\RAC\\RACAgent""}]}}"
493,493,2015-09-03 06:24:56.8536523,100,Info,Microsoft-Windows-TaskScheduler,Microsoft-Windows-TaskScheduler/Operational,2684,3768,WIN-L0ZZQ76PMUF,3,S-1-5-19,Scheduled Task started,Context: NT AUTHORITY\LOCAL SERVICE,,Task: \Microsoft\Windows\RAC\RACAgent,Instance Id: e7881559-ffb1-464b-b06d-6a898865781b,,,,,,False,M:\Forensics\TrainingImages\AliHadi\Challenge1\tout\M\Forensics\TrainingImages\AliHadi\Challenge1\s4a-challenge4\Windows\System32\winevt\logs\Microsoft-Windows-TaskScheduler%4Operational.evtx,Classic,0,"{""EventData"":{""@Name"":""TaskStartEvent"",""Data"":[{""@Name"":""TaskName"",""#text"":""\\Microsoft\\Windows\\RAC\\RACAgent""},{""@Name"":""UserContext"",""#text"":""NT AUTHORITY\\LOCAL SERVICE""},{""@Name"":""InstanceId"",""#text"":""e7881559-ffb1-464b-b06d-6a898865781b""}]}}"
494,494,2015-09-03 06:24:56.8692773,200,Info,Microsoft-Windows-TaskScheduler,Microsoft-Windows-TaskScheduler/Operational,2684,2352,WIN-L0ZZQ76PMUF,3,S-1-5-19,Scheduled Task executed,,,Task: \Microsoft\Windows\RAC\RACAgent,Instance Id: e7881559-ffb1-464b-b06d-6a898865781b,,,,,%windir%\system32\RacAgent.exe,False,M:\Forensics\TrainingImages\AliHadi\Challenge1\tout\M\Forensics\TrainingImages\AliHadi\Challenge1\s4a-challenge4\Windows\System32\winevt\logs\Microsoft-Windows-TaskScheduler%4Operational.evtx,Classic,0,"{""EventData"":{""@Name"":""ActionStart"",""Data"":[{""@Name"":""TaskName"",""#text"":""\\Microsoft\\Windows\\RAC\\RACAgent""},{""@Name"":""ActionName"",""#text"":""%windir%\\system32\\RacAgent.exe""},{""@Name"":""TaskInstanceId"",""#text"":""e7881559-ffb1-464b-b06d-6a898865781b""}]}}"
495,495,2015-09-03 06:24:56.8692773,129,Info,Microsoft-Windows-TaskScheduler,Microsoft-Windows-TaskScheduler/Operational,2684,2352,WIN-L0ZZQ76PMUF,3,S-1-5-19,Scheduled Task created,,,Task: \Microsoft\Windows\RAC\RACAgent,ProcessID: 464,,,,,C:\Windows\system32\RacAgent.exe,False,M:\Forensics\TrainingImages\AliHadi\Challenge1\tout\M\Forensics\TrainingImages\AliHadi\Challenge1\s4a-challenge4\Windows\System32\winevt\logs\Microsoft-Windows-TaskScheduler%4Operational.evtx,Classic,0,"{""EventData"":{""@Name"":""CreatedTaskProcess"",""Data"":[{""@Name"":""TaskName"",""#text"":""\\Microsoft\\Windows\\RAC\\RACAgent""},{""@Name"":""Path"",""#text"":""C:\\Windows\\system32\\RacAgent.exe""},{""@Name"":""ProcessID"",""#text"":""464""},{""@Name"":""Priority"",""#text"":""7""}]}}"
496,496,2015-09-03 06:24:56.8692773,319,Info,Microsoft-Windows-TaskScheduler,Microsoft-Windows-TaskScheduler/Operational,1984,3592,WIN-L0ZZQ76PMUF,3,S-1-5-18,,,,,,,,,,,False,M:\Forensics\TrainingImages\AliHadi\Challenge1\tout\M\Forensics\TrainingImages\AliHadi\Challenge1\s4a-challenge4\Windows\System32\winevt\logs\Microsoft-Windows-TaskScheduler%4Operational.evtx,Classic,0,"{""EventData"":{""@Name"":""TaskEngineProcessReceivedStartTask"",""Data"":[{""@Name"":""TaskEngineName"",""#text"":""S-1-5-18:NT AUTHORITY\\System:Service:""},{""@Name"":""TaskName"",""#text"":""\\Microsoft\\Windows\\CertificateServicesClient\\SystemTask""}]}}"
497,497,2015-09-03 06:24:56.8849023,100,Info,Microsoft-Windows-TaskScheduler,Microsoft-Windows-TaskScheduler/Operational,1984,3592,WIN-L0ZZQ76PMUF,3,S-1-5-18,Scheduled Task started,Context: WORKGROUP\WIN-L0ZZQ76PMUF$,,Task: \Microsoft\Windows\CertificateServicesClient\SystemTask,Instance Id: f49702d2-fc46-4c41-a2da-559f606be235,,,,,,False,M:\Forensics\TrainingImages\AliHadi\Challenge1\tout\M\Forensics\TrainingImages\AliHadi\Challenge1\s4a-challenge4\Windows\System32\winevt\logs\Microsoft-Windows-TaskScheduler%4Operational.evtx,Classic,0,"{""EventData"":{""@Name"":""TaskStartEvent"",""Data"":[{""@Name"":""TaskName"",""#text"":""\\Microsoft\\Windows\\CertificateServicesClient\\SystemTask""},{""@Name"":""UserContext"",""#text"":""WORKGROUP\\WIN-L0ZZQ76PMUF$""},{""@Name"":""InstanceId"",""#text"":""f49702d2-fc46-4c41-a2da-559f606be235""}]}}"
498,498,2015-09-03 06:24:56.8849023,319,Info,Microsoft-Windows-TaskScheduler,Microsoft-Windows-TaskScheduler/Operational,1444,1836,WIN-L0ZZQ76PMUF,3,S-1-5-21-3848053756-3249532031-1848221756-500,,,,,,,,,,,False,M:\Forensics\TrainingImages\AliHadi\Challenge1\tout\M\Forensics\TrainingImages\AliHadi\Challenge1\s4a-challenge4\Windows\System32\winevt\logs\Microsoft-Windows-TaskScheduler%4Operational.evtx,Classic,0,"{""EventData"":{""@Name"":""TaskEngineProcessReceivedStartTask"",""Data"":[{""@Name"":""TaskEngineName"",""#text"":""S-1-5-21-3848053756-3249532031-1848221756-500:WIN-L0ZZQ76PMUF\\Administrator:Interactive:[1]""},{""@Name"":""TaskName"",""#text"":""\\Microsoft\\Windows\\CertificateServicesClient\\UserTask""}]}}"
499,499,2015-09-03 06:24:56.8849023,200,Info,Microsoft-Windows-TaskScheduler,Microsoft-Windows-TaskScheduler/Operational,1984,2636,WIN-L0ZZQ76PMUF,3,S-1-5-18,Scheduled Task executed,,,Task: \Microsoft\Windows\CertificateServicesClient\SystemTask,Instance Id: f49702d2-fc46-4c41-a2da-559f606be235,,,,,Certificate Services Client Task Handler,False,M:\Forensics\TrainingImages\AliHadi\Challenge1\tout\M\Forensics\TrainingImages\AliHadi\Challenge1\s4a-challenge4\Windows\System32\winevt\logs\Microsoft-Windows-TaskScheduler%4Operational.evtx,Classic,0,"{""EventData"":{""@Name"":""ActionStart"",""Data"":[{""@Name"":""TaskName"",""#text"":""\\Microsoft\\Windows\\CertificateServicesClient\\SystemTask""},{""@Name"":""ActionName"",""#text"":""Certificate Services Client Task Handler""},{""@Name"":""TaskInstanceId"",""#text"":""f49702d2-fc46-4c41-a2da-559f606be235""}]}}"
500,500,2015-09-03 06:24:56.8849023,100,Info,Microsoft-Windows-TaskScheduler,Microsoft-Windows-TaskScheduler/Operational,1444,1836,WIN-L0ZZQ76PMUF,3,S-1-5-21-3848053756-3249532031-1848221756-500,Scheduled Task started,Context: WIN-L0ZZQ76PMUF\Administrator,,Task: \Microsoft\Windows\CertificateServicesClient\UserTask,Instance Id: 89591c8d-9c80-4330-b5c2-bd7b60061900,,,,,,False,M:\Forensics\TrainingImages\AliHadi\Challenge1\tout\M\Forensics\TrainingImages\AliHadi\Challenge1\s4a-challenge4\Windows\System32\winevt\logs\Microsoft-Windows-TaskScheduler%4Operational.evtx,Classic,0,"{""EventData"":{""@Name"":""TaskStartEvent"",""Data"":[{""@Name"":""TaskName"",""#text"":""\\Microsoft\\Windows\\CertificateServicesClient\\UserTask""},{""@Name"":""UserContext"",""#text"":""WIN-L0ZZQ76PMUF\\Administrator""},{""@Name"":""InstanceId"",""#text"":""89591c8d-9c80-4330-b5c2-bd7b60061900""}]}}"
501,501,2015-09-03 06:24:56.8849023,200,Info,Microsoft-Windows-TaskScheduler,Microsoft-Windows-TaskScheduler/Operational,1444,528,WIN-L0ZZQ76PMUF,3,S-1-5-21-3848053756-3249532031-1848221756-500,Scheduled Task executed,,,Task: \Microsoft\Windows\CertificateServicesClient\UserTask,Instance Id: 89591c8d-9c80-4330-b5c2-bd7b60061900,,,,,Certificate Services Client Task Handler,False,M:\Forensics\TrainingImages\AliHadi\Challenge1\tout\M\Forensics\TrainingImages\AliHadi\Challenge1\s4a-challenge4\Windows\System32\winevt\logs\Microsoft-Windows-TaskScheduler%4Operational.evtx,Classic,0,"{""EventData"":{""@Name"":""ActionStart"",""Data"":[{""@Name"":""TaskName"",""#text"":""\\Microsoft\\Windows\\CertificateServicesClient\\UserTask""},{""@Name"":""ActionName"",""#text"":""Certificate Services Client Task Handler""},{""@Name"":""TaskInstanceId"",""#text"":""89591c8d-9c80-4330-b5c2-bd7b60061900""}]}}"
502,502,2015-09-03 06:24:56.8849023,201,Info,Microsoft-Windows-TaskScheduler,Microsoft-Windows-TaskScheduler/Operational,1444,528,WIN-L0ZZQ76PMUF,3,S-1-5-21-3848053756-3249532031-1848221756-500,Scheduled Task completed,,,Task: \Microsoft\Windows\CertificateServicesClient\UserTask,Instance Id: 89591c8d-9c80-4330-b5c2-bd7b60061900,,,,,Certificate Services Client Task Handler,False,M:\Forensics\TrainingImages\AliHadi\Challenge1\tout\M\Forensics\TrainingImages\AliHadi\Challenge1\s4a-challenge4\Windows\System32\winevt\logs\Microsoft-Windows-TaskScheduler%4Operational.evtx,Classic,0,"{""EventData"":{""@Name"":""ActionSuccess"",""Data"":[{""@Name"":""TaskName"",""#text"":""\\Microsoft\\Windows\\CertificateServicesClient\\UserTask""},{""@Name"":""TaskInstanceId"",""#text"":""89591c8d-9c80-4330-b5c2-bd7b60061900""},{""@Name"":""ActionName"",""#text"":""Certificate Services Client Task Handler""},{""@Name"":""ResultCode"",""#text"":""0""}]}}"
503,503,2015-09-03 06:24:56.8849023,102,Info,Microsoft-Windows-TaskScheduler,Microsoft-Windows-TaskScheduler/Operational,1444,528,WIN-L0ZZQ76PMUF,3,S-1-5-21-3848053756-3249532031-1848221756-500,Scheduled Task completed,Context: WIN-L0ZZQ76PMUF\Administrator,,Task: \Microsoft\Windows\CertificateServicesClient\UserTask,Instance Id: 89591c8d-9c80-4330-b5c2-bd7b60061900,,,,,,False,M:\Forensics\TrainingImages\AliHadi\Challenge1\tout\M\Forensics\TrainingImages\AliHadi\Challenge1\s4a-challenge4\Windows\System32\winevt\logs\Microsoft-Windows-TaskScheduler%4Operational.evtx,Classic,0,"{""EventData"":{""@Name"":""TaskSuccessEvent"",""Data"":[{""@Name"":""TaskName"",""#text"":""\\Microsoft\\Windows\\CertificateServicesClient\\UserTask""},{""@Name"":""UserContext"",""#text"":""WIN-L0ZZQ76PMUF\\Administrator""},{""@Name"":""InstanceId"",""#text"":""89591c8d-9c80-4330-b5c2-bd7b60061900""}]}}"
504,504,2015-09-03 06:24:56.8849023,319,Info,Microsoft-Windows-TaskScheduler,Microsoft-Windows-TaskScheduler/Operational,1984,3592,WIN-L0ZZQ76PMUF,3,S-1-5-18,,,,,,,,,,,False,M:\Forensics\TrainingImages\AliHadi\Challenge1\tout\M\Forensics\TrainingImages\AliHadi\Challenge1\s4a-challenge4\Windows\System32\winevt\logs\Microsoft-Windows-TaskScheduler%4Operational.evtx,Classic,0,"{""EventData"":{""@Name"":""TaskEngineProcessReceivedStartTask"",""Data"":[{""@Name"":""TaskEngineName"",""#text"":""S-1-5-18:NT AUTHORITY\\System:Service:""},{""@Name"":""TaskName"",""#text"":""\\Microsoft\\Windows\\Customer Experience Improvement Program\\Consolidator""}]}}"
505,505,2015-09-03 06:24:56.8849023,100,Info,Microsoft-Windows-TaskScheduler,Microsoft-Windows-TaskScheduler/Operational,1984,3592,WIN-L0ZZQ76PMUF,3,S-1-5-18,Scheduled Task started,Context: WORKGROUP\WIN-L0ZZQ76PMUF$,,Task: \Microsoft\Windows\Customer Experience Improvement Program\Consolidator,Instance Id: 97f25487-6fc6-4ebf-8539-3036c034cd0b,,,,,,False,M:\Forensics\TrainingImages\AliHadi\Challenge1\tout\M\Forensics\TrainingImages\AliHadi\Challenge1\s4a-challenge4\Windows\System32\winevt\logs\Microsoft-Windows-TaskScheduler%4Operational.evtx,Classic,0,"{""EventData"":{""@Name"":""TaskStartEvent"",""Data"":[{""@Name"":""TaskName"",""#text"":""\\Microsoft\\Windows\\Customer Experience Improvement Program\\Consolidator""},{""@Name"":""UserContext"",""#text"":""WORKGROUP\\WIN-L0ZZQ76PMUF$""},{""@Name"":""InstanceId"",""#text"":""97f25487-6fc6-4ebf-8539-3036c034cd0b""}]}}"
506,506,2015-09-03 06:24:56.8849023,200,Info,Microsoft-Windows-TaskScheduler,Microsoft-Windows-TaskScheduler/Operational,1984,2592,WIN-L0ZZQ76PMUF,3,S-1-5-18,Scheduled Task executed,,,Task: \Microsoft\Windows\Customer Experience Improvement Program\Consolidator,Instance Id: 97f25487-6fc6-4ebf-8539-3036c034cd0b,,,,,%SystemRoot%\System32\wsqmcons.exe,False,M:\Forensics\TrainingImages\AliHadi\Challenge1\tout\M\Forensics\TrainingImages\AliHadi\Challenge1\s4a-challenge4\Windows\System32\winevt\logs\Microsoft-Windows-TaskScheduler%4Operational.evtx,Classic,0,"{""EventData"":{""@Name"":""ActionStart"",""Data"":[{""@Name"":""TaskName"",""#text"":""\\Microsoft\\Windows\\Customer Experience Improvement Program\\Consolidator""},{""@Name"":""ActionName"",""#text"":""%SystemRoot%\\System32\\wsqmcons.exe""},{""@Name"":""TaskInstanceId"",""#text"":""97f25487-6fc6-4ebf-8539-3036c034cd0b""}]}}"
507,507,2015-09-03 06:24:56.8849023,201,Info,Microsoft-Windows-TaskScheduler,Microsoft-Windows-TaskScheduler/Operational,1984,2636,WIN-L0ZZQ76PMUF,3,S-1-5-18,Scheduled Task completed,,,Task: \Microsoft\Windows\CertificateServicesClient\SystemTask,Instance Id: f49702d2-fc46-4c41-a2da-559f606be235,,,,,Certificate Services Client Task Handler,False,M:\Forensics\TrainingImages\AliHadi\Challenge1\tout\M\Forensics\TrainingImages\AliHadi\Challenge1\s4a-challenge4\Windows\System32\winevt\logs\Microsoft-Windows-TaskScheduler%4Operational.evtx,Classic,0,"{""EventData"":{""@Name"":""ActionSuccess"",""Data"":[{""@Name"":""TaskName"",""#text"":""\\Microsoft\\Windows\\CertificateServicesClient\\SystemTask""},{""@Name"":""TaskInstanceId"",""#text"":""f49702d2-fc46-4c41-a2da-559f606be235""},{""@Name"":""ActionName"",""#text"":""Certificate Services Client Task Handler""},{""@Name"":""ResultCode"",""#text"":""0""}]}}"
508,508,2015-09-03 06:24:56.8849023,102,Info,Microsoft-Windows-TaskScheduler,Microsoft-Windows-TaskScheduler/Operational,1984,2636,WIN-L0ZZQ76PMUF,3,S-1-5-18,Scheduled Task completed,Context: WORKGROUP\WIN-L0ZZQ76PMUF$,,Task: \Microsoft\Windows\CertificateServicesClient\SystemTask,Instance Id: f49702d2-fc46-4c41-a2da-559f606be235,,,,,,False,M:\Forensics\TrainingImages\AliHadi\Challenge1\tout\M\Forensics\TrainingImages\AliHadi\Challenge1\s4a-challenge4\Windows\System32\winevt\logs\Microsoft-Windows-TaskScheduler%4Operational.evtx,Classic,0,"{""EventData"":{""@Name"":""TaskSuccessEvent"",""Data"":[{""@Name"":""TaskName"",""#text"":""\\Microsoft\\Windows\\CertificateServicesClient\\SystemTask""},{""@Name"":""UserContext"",""#text"":""WORKGROUP\\WIN-L0ZZQ76PMUF$""},{""@Name"":""InstanceId"",""#text"":""f49702d2-fc46-4c41-a2da-559f606be235""}]}}"
509,509,2015-09-03 06:24:56.9005273,129,Info,Microsoft-Windows-TaskScheduler,Microsoft-Windows-TaskScheduler/Operational,1984,2592,WIN-L0ZZQ76PMUF,3,S-1-5-18,Scheduled Task created,,,Task: \Microsoft\Windows\Customer Experience Improvement Program\Consolidator,ProcessID: 1500,,,,,C:\Windows\System32\wsqmcons.exe,False,M:\Forensics\TrainingImages\AliHadi\Challenge1\tout\M\Forensics\TrainingImages\AliHadi\Challenge1\s4a-challenge4\Windows\System32\winevt\logs\Microsoft-Windows-TaskScheduler%4Operational.evtx,Classic,0,"{""EventData"":{""@Name"":""CreatedTaskProcess"",""Data"":[{""@Name"":""TaskName"",""#text"":""\\Microsoft\\Windows\\Customer Experience Improvement Program\\Consolidator""},{""@Name"":""Path"",""#text"":""C:\\Windows\\System32\\wsqmcons.exe""},{""@Name"":""ProcessID"",""#text"":""1500""},{""@Name"":""Priority"",""#text"":""7""}]}}"
510,510,2015-09-03 06:24:57.1974023,201,Info,Microsoft-Windows-TaskScheduler,Microsoft-Windows-TaskScheduler/Operational,1984,2592,WIN-L0ZZQ76PMUF,3,S-1-5-18,Scheduled Task completed,,,Task: \Microsoft\Windows\Customer Experience Improvement Program\Consolidator,Instance Id: 97f25487-6fc6-4ebf-8539-3036c034cd0b,,,,,C:\Windows\System32\wsqmcons.exe,False,M:\Forensics\TrainingImages\AliHadi\Challenge1\tout\M\Forensics\TrainingImages\AliHadi\Challenge1\s4a-challenge4\Windows\System32\winevt\logs\Microsoft-Windows-TaskScheduler%4Operational.evtx,Classic,0,"{""EventData"":{""@Name"":""ActionSuccess"",""Data"":[{""@Name"":""TaskName"",""#text"":""\\Microsoft\\Windows\\Customer Experience Improvement Program\\Consolidator""},{""@Name"":""TaskInstanceId"",""#text"":""97f25487-6fc6-4ebf-8539-3036c034cd0b""},{""@Name"":""ActionName"",""#text"":""C:\\Windows\\System32\\wsqmcons.exe""},{""@Name"":""ResultCode"",""#text"":""2147488001""}]}}"
511,511,2015-09-03 06:24:57.1974023,102,Info,Microsoft-Windows-TaskScheduler,Microsoft-Windows-TaskScheduler/Operational,1984,2592,WIN-L0ZZQ76PMUF,3,S-1-5-18,Scheduled Task completed,Context: WORKGROUP\WIN-L0ZZQ76PMUF$,,Task: \Microsoft\Windows\Customer Experience Improvement Program\Consolidator,Instance Id: 97f25487-6fc6-4ebf-8539-3036c034cd0b,,,,,,False,M:\Forensics\TrainingImages\AliHadi\Challenge1\tout\M\Forensics\TrainingImages\AliHadi\Challenge1\s4a-challenge4\Windows\System32\winevt\logs\Microsoft-Windows-TaskScheduler%4Operational.evtx,Classic,0,"{""EventData"":{""@Name"":""TaskSuccessEvent"",""Data"":[{""@Name"":""TaskName"",""#text"":""\\Microsoft\\Windows\\Customer Experience Improvement Program\\Consolidator""},{""@Name"":""UserContext"",""#text"":""WORKGROUP\\WIN-L0ZZQ76PMUF$""},{""@Name"":""InstanceId"",""#text"":""97f25487-6fc6-4ebf-8539-3036c034cd0b""}]}}"
512,512,2015-09-03 06:24:57.2599023,201,Info,Microsoft-Windows-TaskScheduler,Microsoft-Windows-TaskScheduler/Operational,2684,2352,WIN-L0ZZQ76PMUF,3,S-1-5-19,Scheduled Task completed,,,Task: \Microsoft\Windows\RAC\RACAgent,Instance Id: e7881559-ffb1-464b-b06d-6a898865781b,,,,,C:\Windows\system32\RacAgent.exe,False,M:\Forensics\TrainingImages\AliHadi\Challenge1\tout\M\Forensics\TrainingImages\AliHadi\Challenge1\s4a-challenge4\Windows\System32\winevt\logs\Microsoft-Windows-TaskScheduler%4Operational.evtx,Classic,0,"{""EventData"":{""@Name"":""ActionSuccess"",""Data"":[{""@Name"":""TaskName"",""#text"":""\\Microsoft\\Windows\\RAC\\RACAgent""},{""@Name"":""TaskInstanceId"",""#text"":""e7881559-ffb1-464b-b06d-6a898865781b""},{""@Name"":""ActionName"",""#text"":""C:\\Windows\\system32\\RacAgent.exe""},{""@Name"":""ResultCode"",""#text"":""0""}]}}"
513,513,2015-09-03 06:24:57.2599023,102,Info,Microsoft-Windows-TaskScheduler,Microsoft-Windows-TaskScheduler/Operational,2684,2352,WIN-L0ZZQ76PMUF,3,S-1-5-19,Scheduled Task completed,Context: NT AUTHORITY\LOCAL SERVICE,,Task: \Microsoft\Windows\RAC\RACAgent,Instance Id: e7881559-ffb1-464b-b06d-6a898865781b,,,,,,False,M:\Forensics\TrainingImages\AliHadi\Challenge1\tout\M\Forensics\TrainingImages\AliHadi\Challenge1\s4a-challenge4\Windows\System32\winevt\logs\Microsoft-Windows-TaskScheduler%4Operational.evtx,Classic,0,"{""EventData"":{""@Name"":""TaskSuccessEvent"",""Data"":[{""@Name"":""TaskName"",""#text"":""\\Microsoft\\Windows\\RAC\\RACAgent""},{""@Name"":""UserContext"",""#text"":""NT AUTHORITY\\LOCAL SERVICE""},{""@Name"":""InstanceId"",""#text"":""e7881559-ffb1-464b-b06d-6a898865781b""}]}}"
514,514,2015-09-03 06:24:57.2599023,314,Info,Microsoft-Windows-TaskScheduler,Microsoft-Windows-TaskScheduler/Operational,1024,2056,WIN-L0ZZQ76PMUF,3,S-1-5-18,,,,,,,,,,,False,M:\Forensics\TrainingImages\AliHadi\Challenge1\tout\M\Forensics\TrainingImages\AliHadi\Challenge1\s4a-challenge4\Windows\System32\winevt\logs\Microsoft-Windows-TaskScheduler%4Operational.evtx,Classic,0,"{""EventData"":{""@Name"":""TaskEngineIdle"",""Data"":{""@Name"":""TaskEngineName"",""#text"":""S-1-5-19:NT AUTHORITY\\LocalService:Service:""}}}"
515,515,2015-09-03 06:29:57.3067773,301,Info,Microsoft-Windows-TaskScheduler,Microsoft-Windows-TaskScheduler/Operational,2684,1976,WIN-L0ZZQ76PMUF,3,S-1-5-19,,,,,,,,,,,False,M:\Forensics\TrainingImages\AliHadi\Challenge1\tout\M\Forensics\TrainingImages\AliHadi\Challenge1\s4a-challenge4\Windows\System32\winevt\logs\Microsoft-Windows-TaskScheduler%4Operational.evtx,Classic,0,"{""EventData"":{""@Name"":""TaskEngineExitEvent"",""Data"":{""@Name"":""TaskEngineName"",""#text"":""S-1-5-19:NT AUTHORITY\\LocalService:Service:""}}}"
516,516,2015-09-03 06:29:57.3067773,318,Info,Microsoft-Windows-TaskScheduler,Microsoft-Windows-TaskScheduler/Operational,2684,1976,WIN-L0ZZQ76PMUF,3,S-1-5-19,,,,,,,,,,,False,M:\Forensics\TrainingImages\AliHadi\Challenge1\tout\M\Forensics\TrainingImages\AliHadi\Challenge1\s4a-challenge4\Windows\System32\winevt\logs\Microsoft-Windows-TaskScheduler%4Operational.evtx,Classic,0,"{""EventData"":{""@Name"":""TaskEngineProcessMainShutdown"",""Data"":{""@Name"":""TaskEngineName"",""#text"":""S-1-5-19:NT AUTHORITY\\LocalService:Service:""}}}"
517,517,2015-09-03 06:29:57.3067773,318,Info,Microsoft-Windows-TaskScheduler,Microsoft-Windows-TaskScheduler/Operational,1024,3676,WIN-L0ZZQ76PMUF,3,S-1-5-18,,,,,,,,,,,False,M:\Forensics\TrainingImages\AliHadi\Challenge1\tout\M\Forensics\TrainingImages\AliHadi\Challenge1\s4a-challenge4\Windows\System32\winevt\logs\Microsoft-Windows-TaskScheduler%4Operational.evtx,Classic,0,"{""EventData"":{""@Name"":""TaskEngineProcessMainShutdown"",""Data"":{""@Name"":""TaskEngineName"",""#text"":""S-1-5-19:NT AUTHORITY\\LocalService:Service:""}}}"
518,518,2015-09-03 06:37:06.1661523,124,Info,Microsoft-Windows-TaskScheduler,Microsoft-Windows-TaskScheduler/Operational,1024,1028,WIN-L0ZZQ76PMUF,3,S-1-5-18,,,,,,,,,,,False,M:\Forensics\TrainingImages\AliHadi\Challenge1\tout\M\Forensics\TrainingImages\AliHadi\Challenge1\s4a-challenge4\Windows\System32\winevt\logs\Microsoft-Windows-TaskScheduler%4Operational.evtx,Classic,0,"{""EventData"":{""@Name"":""SessionLockTrigger"",""Data"":[{""@Name"":""TaskName"",""#text"":""\\Microsoft\\Windows\\CertificateServicesClient\\UserTask-Roam""},{""@Name"":""UserName"",""#text"":""Administrator""},{""@Name"":""InstanceId"",""#text"":""f7142b58-2189-436a-bd05-5b3e0bd94d9e""}]}}"
