575,575,2015-09-13 03:42:20.4062500,4648,LogAlways,Microsoft-Windows-Security-Auditing,Security,620,712,WIN-L0ZZQ76PMUF,5,,A logon was attempted using explicit credentials,WORKGROUP\WIN-L0ZZQ76PMUF$,-:-,Target: NT AUTHORITY\SYSTEM,TargetServerName: localhost,PID: 60-02-00-00,,,,C:\Windows\System32\services.exe,False,M:\Forensics\TrainingImages\AliHadi\Challenge1\tout\M\Forensics\TrainingImages\AliHadi\Challenge1\s4a-challenge4\Windows\System32\winevt\logs\Security.evtx,Audit success,0,"{""EventData"":{""Data"":[{""@Name"":""SubjectUserSid"",""#text"":""S-1-5-18""},{""@Name"":""SubjectUserName"",""#text"":""WIN-L0ZZQ76PMUF$""},{""@Name"":""SubjectDomainName"",""#text"":""WORKGROUP""},{""@Name"":""SubjectLogonId"",""#text"":""0x3E7""},{""@Name"":""LogonGuid"",""#text"":""00000000-0000-0000-0000-000000000000""},{""@Name"":""TargetUserName"",""#text"":""SYSTEM""},{""@Name"":""TargetDomainName"",""#text"":""NT AUTHORITY""},{""@Name"":""LogonGuid"",""#text"":""00000000-0000-0000-0000-000000000000""},{""@Name"":""TargetServerName"",""#text"":""localhost""},{""@Name"":""TargetInfo"",""#text"":""localhost""},{""@Name"":""ProcessId"",""#text"":""60-02-00-00""},{""@Name"":""ProcessName"",""#text"":""C:\\Windows\\System32\\services.exe""},{""@Name"":""IpAddress"",""#text"":""-""},{""@Name"":""IpPort"",""#text"":""-""}]}}"
576,576,2015-09-13 03:42:20.4062500,4624,LogAlways,Microsoft-Windows-Security-Auditing,Security,620,712,WIN-L0ZZQ76PMUF,5,,Successful logon,WORKGROUP\WIN-L0ZZQ76PMUF$," (-)",Target: NT AUTHORITY\SYSTEM,LogonType 5,LogonId: 0x3E7,,,,C:\Windows\System32\services.exe,False,M:\Forensics\TrainingImages\AliHadi\Challenge1\tout\M\Forensics\TrainingImages\AliHadi\Challenge1\s4a-challenge4\Windows\System32\winevt\logs\Security.evtx,Audit success,0,"{""EventData"":{""Data"":[{""@Name"":""SubjectUserSid"",""#text"":""S-1-5-18""},{""@Name"":""SubjectUserName"",""#text"":""WIN-L0ZZQ76PMUF$""},{""@Name"":""SubjectDomainName"",""#text"":""WORKGROUP""},{""@Name"":""SubjectLogonId"",""#text"":""0x3E7""},{""@Name"":""TargetUserSid"",""#text"":""S-1-5-18""},{""@Name"":""TargetUserName"",""#text"":""SYSTEM""},{""@Name"":""TargetDomainName"",""#text"":""NT AUTHORITY""},{""@Name"":""TargetLogonId"",""#text"":""0x3E7""},{""@Name"":""LogonType"",""#text"":""5""},{""@Name"":""LogonProcessName"",""#text"":""Advapi  ""},{""@Name"":""AuthenticationPackageName"",""#text"":""Negotiate""},{""@Name"":""WorkstationName""},{""@Name"":""LogonGuid"",""#text"":""00000000-0000-0000-0000-000000000000""},{""@Name"":""TransmittedServices"",""#text"":""-""},{""@Name"":""LmPackageName"",""#text"":""-""},{""@Name"":""KeyLength"",""#text"":""0""},{""@Name"":""ProcessId"",""#text"":""60-02-00-00""},{""@Name"":""ProcessName"",""#text"":""C:\\Windows\\System32\\services.exe""},{""@Name"":""IpAddress"",""#text"":""-""},{""@Name"":""IpPort"",""#text"":""-""}]}}"
577,577,2015-09-13 03:42:20.4062500,4672,LogAlways,Microsoft-Windows-Security-Auditing,Security,620,712,WIN-L0ZZQ76PMUF,5,,Administrative logon,NT AUTHORITY\SYSTEM (S-1-5-18),,"PrivilegeList: SeAssignPrimaryTokenPrivilege, SeTcbPrivilege, SeSecurityPrivilege, SeTakeOwnershipPrivilege, SeLoadDriverPrivilege, SeBackupPrivilege, SeRestorePrivilege, SeDebugPrivilege, SeAuditPrivilege, SeSystemEnvironmentPrivilege, SeImpersonatePrivilege",LogonId: 0x3E7,,,,,,False,M:\Forensics\TrainingImages\AliHadi\Challenge1\tout\M\Forensics\TrainingImages\AliHadi\Challenge1\s4a-challenge4\Windows\System32\winevt\logs\Security.evtx,Audit success,0,"{""EventData"":{""Data"":[{""@Name"":""SubjectUserSid"",""#text"":""S-1-5-18""},{""@Name"":""SubjectUserName"",""#text"":""SYSTEM""},{""@Name"":""SubjectDomainName"",""#text"":""NT AUTHORITY""},{""@Name"":""SubjectLogonId"",""#text"":""0x3E7""},{""@Name"":""PrivilegeList"",""#text"":""SeAssignPrimaryTokenPrivilege, SeTcbPrivilege, SeSecurityPrivilege, SeTakeOwnershipPrivilege, SeLoadDriverPrivilege, SeBackupPrivilege, SeRestorePrivilege, SeDebugPrivilege, SeAuditPrivilege, SeSystemEnvironmentPrivilege, SeImpersonatePrivilege""}]}}"
578,578,2015-09-12 17:42:30.5163750,5033,LogAlways,Microsoft-Windows-Security-Auditing,Security,4,88,WIN-L0ZZQ76PMUF,5,,,,,,,,,,,,False,M:\Forensics\TrainingImages\AliHadi\Challenge1\tout\M\Forensics\TrainingImages\AliHadi\Challenge1\s4a-challenge4\Windows\System32\winevt\logs\Security.evtx,Audit success,0,"{""EventData"":""""}"
579,579,2015-09-12 17:42:32.3913750,5024,LogAlways,Microsoft-Windows-Security-Auditing,Security,620,748,WIN-L0ZZQ76PMUF,5,,,,,,,,,,,,False,M:\Forensics\TrainingImages\AliHadi\Challenge1\tout\M\Forensics\TrainingImages\AliHadi\Challenge1\s4a-challenge4\Windows\System32\winevt\logs\Security.evtx,Audit success,0,"{""EventData"":""""}"
580,580,2015-09-12 17:42:42.6257500,4648,LogAlways,Microsoft-Windows-Security-Auditing,Security,620,728,WIN-L0ZZQ76PMUF,5,,A logon was attempted using explicit credentials,WORKGROUP\WIN-L0ZZQ76PMUF$,-:-,Target: NT AUTHORITY\SYSTEM,TargetServerName: localhost,PID: 60-02-00-00,,,,C:\Windows\System32\services.exe,False,M:\Forensics\TrainingImages\AliHadi\Challenge1\tout\M\Forensics\TrainingImages\AliHadi\Challenge1\s4a-challenge4\Windows\System32\winevt\logs\Security.evtx,Audit success,0,"{""EventData"":{""Data"":[{""@Name"":""SubjectUserSid"",""#text"":""S-1-5-18""},{""@Name"":""SubjectUserName"",""#text"":""WIN-L0ZZQ76PMUF$""},{""@Name"":""SubjectDomainName"",""#text"":""WORKGROUP""},{""@Name"":""SubjectLogonId"",""#text"":""0x3E7""},{""@Name"":""LogonGuid"",""#text"":""00000000-0000-0000-0000-000000000000""},{""@Name"":""TargetUserName"",""#text"":""SYSTEM""},{""@Name"":""TargetDomainName"",""#text"":""NT AUTHORITY""},{""@Name"":""LogonGuid"",""#text"":""00000000-0000-0000-0000-000000000000""},{""@Name"":""TargetServerName"",""#text"":""localhost""},{""@Name"":""TargetInfo"",""#text"":""localhost""},{""@Name"":""ProcessId"",""#text"":""60-02-00-00""},{""@Name"":""ProcessName"",""#text"":""C:\\Windows\\System32\\services.exe""},{""@Name"":""IpAddress"",""#text"":""-""},{""@Name"":""IpPort"",""#text"":""-""}]}}"
581,581,2015-09-12 17:42:42.6257500,4624,LogAlways,Microsoft-Windows-Security-Auditing,Security,620,728,WIN-L0ZZQ76PMUF,5,,Successful logon,WORKGROUP\WIN-L0ZZQ76PMUF$," (-)",Target: NT AUTHORITY\SYSTEM,LogonType 5,LogonId: 0x3E7,,,,C:\Windows\System32\services.exe,False,M:\Forensics\TrainingImages\AliHadi\Challenge1\tout\M\Forensics\TrainingImages\AliHadi\Challenge1\s4a-challenge4\Windows\System32\winevt\logs\Security.evtx,Audit success,0,"{""EventData"":{""Data"":[{""@Name"":""SubjectUserSid"",""#text"":""S-1-5-18""},{""@Name"":""SubjectUserName"",""#text"":""WIN-L0ZZQ76PMUF$""},{""@Name"":""SubjectDomainName"",""#text"":""WORKGROUP""},{""@Name"":""SubjectLogonId"",""#text"":""0x3E7""},{""@Name"":""TargetUserSid"",""#text"":""S-1-5-18""},{""@Name"":""TargetUserName"",""#text"":""SYSTEM""},{""@Name"":""TargetDomainName"",""#text"":""NT AUTHORITY""},{""@Name"":""TargetLogonId"",""#text"":""0x3E7""},{""@Name"":""LogonType"",""#text"":""5""},{""@Name"":""LogonProcessName"",""#text"":""Advapi  ""},{""@Name"":""AuthenticationPackageName"",""#text"":""Negotiate""},{""@Name"":""WorkstationName""},{""@Name"":""LogonGuid"",""#text"":""00000000-0000-0000-0000-000000000000""},{""@Name"":""TransmittedServices"",""#text"":""-""},{""@Name"":""LmPackageName"",""#text"":""-""},{""@Name"":""KeyLength"",""#text"":""0""},{""@Name"":""ProcessId"",""#text"":""60-02-00-00""},{""@Name"":""ProcessName"",""#text"":""C:\\Windows\\System32\\services.exe""},{""@Name"":""IpAddress"",""#text"":""-""},{""@Name"":""IpPort"",""#text"":""-""}]}}"
582,582,2015-09-12 17:42:42.6257500,4672,LogAlways,Microsoft-Windows-Security-Auditing,Security,620,728,WIN-L0ZZQ76PMUF,5,,Administrative logon,NT AUTHORITY\SYSTEM (S-1-5-18),,"PrivilegeList: SeAssignPrimaryTokenPrivilege, SeTcbPrivilege, SeSecurityPrivilege, SeTakeOwnershipPrivilege, SeLoadDriverPrivilege, SeBackupPrivilege, SeRestorePrivilege, SeDebugPrivilege, SeAuditPrivilege, SeSystemEnvironmentPrivilege, SeImpersonatePrivilege",LogonId: 0x3E7,,,,,,False,M:\Forensics\TrainingImages\AliHadi\Challenge1\tout\M\Forensics\TrainingImages\AliHadi\Challenge1\s4a-challenge4\Windows\System32\winevt\logs\Security.evtx,Audit success,0,"{""EventData"":{""Data"":[{""@Name"":""SubjectUserSid"",""#text"":""S-1-5-18""},{""@Name"":""SubjectUserName"",""#text"":""SYSTEM""},{""@Name"":""SubjectDomainName"",""#text"":""NT AUTHORITY""},{""@Name"":""SubjectLogonId"",""#text"":""0x3E7""},{""@Name"":""PrivilegeList"",""#text"":""SeAssignPrimaryTokenPrivilege, SeTcbPrivilege, SeSecurityPrivilege, SeTakeOwnershipPrivilege, SeLoadDriverPrivilege, SeBackupPrivilege, SeRestorePrivilege, SeDebugPrivilege, SeAuditPrivilege, SeSystemEnvironmentPrivilege, SeImpersonatePrivilege""}]}}"
583,583,2015-09-12 17:42:42.7195000,4648,LogAlways,Microsoft-Windows-Security-Auditing,Security,620,708,WIN-L0ZZQ76PMUF,5,,A logon was attempted using explicit credentials,WORKGROUP\WIN-L0ZZQ76PMUF$,-:-,Target: NT AUTHORITY\SYSTEM,TargetServerName: localhost,PID: 60-02-00-00,,,,C:\Windows\System32\services.exe,False,M:\Forensics\TrainingImages\AliHadi\Challenge1\tout\M\Forensics\TrainingImages\AliHadi\Challenge1\s4a-challenge4\Windows\System32\winevt\logs\Security.evtx,Audit success,0,"{""EventData"":{""Data"":[{""@Name"":""SubjectUserSid"",""#text"":""S-1-5-18""},{""@Name"":""SubjectUserName"",""#text"":""WIN-L0ZZQ76PMUF$""},{""@Name"":""SubjectDomainName"",""#text"":""WORKGROUP""},{""@Name"":""SubjectLogonId"",""#text"":""0x3E7""},{""@Name"":""LogonGuid"",""#text"":""00000000-0000-0000-0000-000000000000""},{""@Name"":""TargetUserName"",""#text"":""SYSTEM""},{""@Name"":""TargetDomainName"",""#text"":""NT AUTHORITY""},{""@Name"":""LogonGuid"",""#text"":""00000000-0000-0000-0000-000000000000""},{""@Name"":""TargetServerName"",""#text"":""localhost""},{""@Name"":""TargetInfo"",""#text"":""localhost""},{""@Name"":""ProcessId"",""#text"":""60-02-00-00""},{""@Name"":""ProcessName"",""#text"":""C:\\Windows\\System32\\services.exe""},{""@Name"":""IpAddress"",""#text"":""-""},{""@Name"":""IpPort"",""#text"":""-""}]}}"
584,584,2015-09-12 17:42:42.7195000,4624,LogAlways,Microsoft-Windows-Security-Auditing,Security,620,708,WIN-L0ZZQ76PMUF,5,,Successful logon,WORKGROUP\WIN-L0ZZQ76PMUF$," (-)",Target: NT AUTHORITY\SYSTEM,LogonType 5,LogonId: 0x3E7,,,,C:\Windows\System32\services.exe,False,M:\Forensics\TrainingImages\AliHadi\Challenge1\tout\M\Forensics\TrainingImages\AliHadi\Challenge1\s4a-challenge4\Windows\System32\winevt\logs\Security.evtx,Audit success,0,"{""EventData"":{""Data"":[{""@Name"":""SubjectUserSid"",""#text"":""S-1-5-18""},{""@Name"":""SubjectUserName"",""#text"":""WIN-L0ZZQ76PMUF$""},{""@Name"":""SubjectDomainName"",""#text"":""WORKGROUP""},{""@Name"":""SubjectLogonId"",""#text"":""0x3E7""},{""@Name"":""TargetUserSid"",""#text"":""S-1-5-18""},{""@Name"":""TargetUserName"",""#text"":""SYSTEM""},{""@Name"":""TargetDomainName"",""#text"":""NT AUTHORITY""},{""@Name"":""TargetLogonId"",""#text"":""0x3E7""},{""@Name"":""LogonType"",""#text"":""5""},{""@Name"":""LogonProcessName"",""#text"":""Advapi  ""},{""@Name"":""AuthenticationPackageName"",""#text"":""Negotiate""},{""@Name"":""WorkstationName""},{""@Name"":""LogonGuid"",""#text"":""00000000-0000-0000-0000-000000000000""},{""@Name"":""TransmittedServices"",""#text"":""-""},{""@Name"":""LmPackageName"",""#text"":""-""},{""@Name"":""KeyLength"",""#text"":""0""},{""@Name"":""ProcessId"",""#text"":""60-02-00-00""},{""@Name"":""ProcessName"",""#text"":""C:\\Windows\\System32\\services.exe""},{""@Name"":""IpAddress"",""#text"":""-""},{""@Name"":""IpPort"",""#text"":""-""}]}}"
585,585,2015-09-12 17:42:42.7195000,4672,LogAlways,Microsoft-Windows-Security-Auditing,Security,620,708,WIN-L0ZZQ76PMUF,5,,Administrative logon,NT AUTHORITY\SYSTEM (S-1-5-18),,"PrivilegeList: SeAssignPrimaryTokenPrivilege, SeTcbPrivilege, SeSecurityPrivilege, SeTakeOwnershipPrivilege, SeLoadDriverPrivilege, SeBackupPrivilege, SeRestorePrivilege, SeDebugPrivilege, SeAuditPrivilege, SeSystemEnvironmentPrivilege, SeImpersonatePrivilege",LogonId: 0x3E7,,,,,,False,M:\Forensics\TrainingImages\AliHadi\Challenge1\tout\M\Forensics\TrainingImages\AliHadi\Challenge1\s4a-challenge4\Windows\System32\winevt\logs\Security.evtx,Audit success,0,"{""EventData"":{""Data"":[{""@Name"":""SubjectUserSid"",""#text"":""S-1-5-18""},{""@Name"":""SubjectUserName"",""#text"":""SYSTEM""},{""@Name"":""SubjectDomainName"",""#text"":""NT AUTHORITY""},{""@Name"":""SubjectLogonId"",""#text"":""0x3E7""},{""@Name"":""PrivilegeList"",""#text"":""SeAssignPrimaryTokenPrivilege, SeTcbPrivilege, SeSecurityPrivilege, SeTakeOwnershipPrivilege, SeLoadDriverPrivilege, SeBackupPrivilege, SeRestorePrivilege, SeDebugPrivilege, SeAuditPrivilege, SeSystemEnvironmentPrivilege, SeImpersonatePrivilege""}]}}"
586,586,2015-09-12 17:42:43.1726250,4648,LogAlways,Microsoft-Windows-Security-Auditing,Security,620,728,WIN-L0ZZQ76PMUF,5,,A logon was attempted using explicit credentials,WORKGROUP\WIN-L0ZZQ76PMUF$,-:-,Target: NT AUTHORITY\SYSTEM,TargetServerName: localhost,PID: 60-02-00-00,,,,C:\Windows\System32\services.exe,False,M:\Forensics\TrainingImages\AliHadi\Challenge1\tout\M\Forensics\TrainingImages\AliHadi\Challenge1\s4a-challenge4\Windows\System32\winevt\logs\Security.evtx,Audit success,0,"{""EventData"":{""Data"":[{""@Name"":""SubjectUserSid"",""#text"":""S-1-5-18""},{""@Name"":""SubjectUserName"",""#text"":""WIN-L0ZZQ76PMUF$""},{""@Name"":""SubjectDomainName"",""#text"":""WORKGROUP""},{""@Name"":""SubjectLogonId"",""#text"":""0x3E7""},{""@Name"":""LogonGuid"",""#text"":""00000000-0000-0000-0000-000000000000""},{""@Name"":""TargetUserName"",""#text"":""SYSTEM""},{""@Name"":""TargetDomainName"",""#text"":""NT AUTHORITY""},{""@Name"":""LogonGuid"",""#text"":""00000000-0000-0000-0000-000000000000""},{""@Name"":""TargetServerName"",""#text"":""localhost""},{""@Name"":""TargetInfo"",""#text"":""localhost""},{""@Name"":""ProcessId"",""#text"":""60-02-00-00""},{""@Name"":""ProcessName"",""#text"":""C:\\Windows\\System32\\services.exe""},{""@Name"":""IpAddress"",""#text"":""-""},{""@Name"":""IpPort"",""#text"":""-""}]}}"
587,587,2015-09-12 17:42:43.1726250,4624,LogAlways,Microsoft-Windows-Security-Auditing,Security,620,728,WIN-L0ZZQ76PMUF,5,,Successful logon,WORKGROUP\WIN-L0ZZQ76PMUF$," (-)",Target: NT AUTHORITY\SYSTEM,LogonType 5,LogonId: 0x3E7,,,,C:\Windows\System32\services.exe,False,M:\Forensics\TrainingImages\AliHadi\Challenge1\tout\M\Forensics\TrainingImages\AliHadi\Challenge1\s4a-challenge4\Windows\System32\winevt\logs\Security.evtx,Audit success,0,"{""EventData"":{""Data"":[{""@Name"":""SubjectUserSid"",""#text"":""S-1-5-18""},{""@Name"":""SubjectUserName"",""#text"":""WIN-L0ZZQ76PMUF$""},{""@Name"":""SubjectDomainName"",""#text"":""WORKGROUP""},{""@Name"":""SubjectLogonId"",""#text"":""0x3E7""},{""@Name"":""TargetUserSid"",""#text"":""S-1-5-18""},{""@Name"":""TargetUserName"",""#text"":""SYSTEM""},{""@Name"":""TargetDomainName"",""#text"":""NT AUTHORITY""},{""@Name"":""TargetLogonId"",""#text"":""0x3E7""},{""@Name"":""LogonType"",""#text"":""5""},{""@Name"":""LogonProcessName"",""#text"":""Advapi  ""},{""@Name"":""AuthenticationPackageName"",""#text"":""Negotiate""},{""@Name"":""WorkstationName""},{""@Name"":""LogonGuid"",""#text"":""00000000-0000-0000-0000-000000000000""},{""@Name"":""TransmittedServices"",""#text"":""-""},{""@Name"":""LmPackageName"",""#text"":""-""},{""@Name"":""KeyLength"",""#text"":""0""},{""@Name"":""ProcessId"",""#text"":""60-02-00-00""},{""@Name"":""ProcessName"",""#text"":""C:\\Windows\\System32\\services.exe""},{""@Name"":""IpAddress"",""#text"":""-""},{""@Name"":""IpPort"",""#text"":""-""}]}}"
588,588,2015-09-12 17:42:43.1726250,4672,LogAlways,Microsoft-Windows-Security-Auditing,Security,620,728,WIN-L0ZZQ76PMUF,5,,Administrative logon,NT AUTHORITY\SYSTEM (S-1-5-18),,"PrivilegeList: SeAssignPrimaryTokenPrivilege, SeTcbPrivilege, SeSecurityPrivilege, SeTakeOwnershipPrivilege, SeLoadDriverPrivilege, SeBackupPrivilege, SeRestorePrivilege, SeDebugPrivilege, SeAuditPrivilege, SeSystemEnvironmentPrivilege, SeImpersonatePrivilege",LogonId: 0x3E7,,,,,,False,M:\Forensics\TrainingImages\AliHadi\Challenge1\tout\M\Forensics\TrainingImages\AliHadi\Challenge1\s4a-challenge4\Windows\System32\winevt\logs\Security.evtx,Audit success,0,"{""EventData"":{""Data"":[{""@Name"":""SubjectUserSid"",""#text"":""S-1-5-18""},{""@Name"":""SubjectUserName"",""#text"":""SYSTEM""},{""@Name"":""SubjectDomainName"",""#text"":""NT AUTHORITY""},{""@Name"":""SubjectLogonId"",""#text"":""0x3E7""},{""@Name"":""PrivilegeList"",""#text"":""SeAssignPrimaryTokenPrivilege, SeTcbPrivilege, SeSecurityPrivilege, SeTakeOwnershipPrivilege, SeLoadDriverPrivilege, SeBackupPrivilege, SeRestorePrivilege, SeDebugPrivilege, SeAuditPrivilege, SeSystemEnvironmentPrivilege, SeImpersonatePrivilege""}]}}"
589,589,2015-09-12 17:42:44.2820000,4624,LogAlways,Microsoft-Windows-Security-Auditing,Security,620,744,WIN-L0ZZQ76PMUF,5,,Successful logon,-\-," (-)",Target: NT AUTHORITY\ANONYMOUS LOGON,LogonType 3,LogonId: 0x153C8,,,,-,False,M:\Forensics\TrainingImages\AliHadi\Challenge1\tout\M\Forensics\TrainingImages\AliHadi\Challenge1\s4a-challenge4\Windows\System32\winevt\logs\Security.evtx,Audit success,0,"{""EventData"":{""Data"":[{""@Name"":""SubjectUserSid"",""#text"":""S-1-0-0""},{""@Name"":""SubjectUserName"",""#text"":""-""},{""@Name"":""SubjectDomainName"",""#text"":""-""},{""@Name"":""SubjectLogonId"",""#text"":""0x0""},{""@Name"":""TargetUserSid"",""#text"":""S-1-5-7""},{""@Name"":""TargetUserName"",""#text"":""ANONYMOUS LOGON""},{""@Name"":""TargetDomainName"",""#text"":""NT AUTHORITY""},{""@Name"":""TargetLogonId"",""#text"":""0x153C8""},{""@Name"":""LogonType"",""#text"":""3""},{""@Name"":""LogonProcessName"",""#text"":""NtLmSsp ""},{""@Name"":""AuthenticationPackageName"",""#text"":""NTLM""},{""@Name"":""WorkstationName""},{""@Name"":""LogonGuid"",""#text"":""00000000-0000-0000-0000-000000000000""},{""@Name"":""TransmittedServices"",""#text"":""-""},{""@Name"":""LmPackageName"",""#text"":""NTLM V1""},{""@Name"":""KeyLength"",""#text"":""0""},{""@Name"":""ProcessId"",""#text"":""00-00-00-00""},{""@Name"":""ProcessName"",""#text"":""-""},{""@Name"":""IpAddress"",""#text"":""-""},{""@Name"":""IpPort"",""#text"":""-""}]}}"
590,590,2015-09-12 18:10:24.0632500,4776,LogAlways,Microsoft-Windows-Security-Auditing,Security,620,724,WIN-L0ZZQ76PMUF,5,,NTLM authentication request,,,Target: Administrator,Workstation: WIN-L0ZZQ76PMUF,Status: Status OK,,,,,False,M:\Forensics\TrainingImages\AliHadi\Challenge1\tout\M\Forensics\TrainingImages\AliHadi\Challenge1\s4a-challenge4\Windows\System32\winevt\logs\Security.evtx,Audit success,0,"{""EventData"":{""Data"":[{""@Name"":""PackageName"",""#text"":""MICROSOFT_AUTHENTICATION_PACKAGE_V1_0""},{""@Name"":""TargetUserName"",""#text"":""Administrator""},{""@Name"":""Workstation"",""#text"":""WIN-L0ZZQ76PMUF""},{""@Name"":""Status"",""#text"":""0x0""}]}}"
591,591,2015-09-12 18:10:24.0632500,4648,LogAlways,Microsoft-Windows-Security-Auditing,Security,620,724,WIN-L0ZZQ76PMUF,5,,A logon was attempted using explicit credentials,WORKGROUP\WIN-L0ZZQ76PMUF$,127.0.0.1:0,Target: WIN-L0ZZQ76PMUF\Administrator,TargetServerName: localhost,PID: 30-02-00-00,,,,C:\Windows\System32\winlogon.exe,False,M:\Forensics\TrainingImages\AliHadi\Challenge1\tout\M\Forensics\TrainingImages\AliHadi\Challenge1\s4a-challenge4\Windows\System32\winevt\logs\Security.evtx,Audit success,0,"{""EventData"":{""Data"":[{""@Name"":""SubjectUserSid"",""#text"":""S-1-5-18""},{""@Name"":""SubjectUserName"",""#text"":""WIN-L0ZZQ76PMUF$""},{""@Name"":""SubjectDomainName"",""#text"":""WORKGROUP""},{""@Name"":""SubjectLogonId"",""#text"":""0x3E7""},{""@Name"":""LogonGuid"",""#text"":""00000000-0000-0000-0000-000000000000""},{""@Name"":""TargetUserName"",""#text"":""Administrator""},{""@Name"":""TargetDomainName"",""#text"":""WIN-L0ZZQ76PMUF""},{""@Name"":""LogonGuid"",""#text"":""00000000-0000-0000-0000-000000000000""},{""@Name"":""TargetServerName"",""#text"":""localhost""},{""@Name"":""TargetInfo"",""#text"":""localhost""},{""@Name"":""ProcessId"",""#text"":""30-02-00-00""},{""@Name"":""ProcessName"",""#text"":""C:\\Windows\\System32\\winlogon.exe""},{""@Name"":""IpAddress"",""#text"":""127.0.0.1""},{""@Name"":""IpPort"",""#text"":""0""}]}}"
592,592,2015-09-12 18:10:24.0632500,4624,LogAlways,Microsoft-Windows-Security-Auditing,Security,620,724,WIN-L0ZZQ76PMUF,5,,Successful logon,WORKGROUP\WIN-L0ZZQ76PMUF$,WIN-L0ZZQ76PMUF (127.0.0.1),Target: WIN-L0ZZQ76PMUF\Administrator,LogonType 2,LogonId: 0x3AAF3,,,,C:\Windows\System32\winlogon.exe,False,M:\Forensics\TrainingImages\AliHadi\Challenge1\tout\M\Forensics\TrainingImages\AliHadi\Challenge1\s4a-challenge4\Windows\System32\winevt\logs\Security.evtx,Audit success,0,"{""EventData"":{""Data"":[{""@Name"":""SubjectUserSid"",""#text"":""S-1-5-18""},{""@Name"":""SubjectUserName"",""#text"":""WIN-L0ZZQ76PMUF$""},{""@Name"":""SubjectDomainName"",""#text"":""WORKGROUP""},{""@Name"":""SubjectLogonId"",""#text"":""0x3E7""},{""@Name"":""TargetUserSid"",""#text"":""S-1-5-21-3848053756-3249532031-1848221756-500""},{""@Name"":""TargetUserName"",""#text"":""Administrator""},{""@Name"":""TargetDomainName"",""#text"":""WIN-L0ZZQ76PMUF""},{""@Name"":""TargetLogonId"",""#text"":""0x3AAF3""},{""@Name"":""LogonType"",""#text"":""2""},{""@Name"":""LogonProcessName"",""#text"":""User32 ""},{""@Name"":""AuthenticationPackageName"",""#text"":""Negotiate""},{""@Name"":""WorkstationName"",""#text"":""WIN-L0ZZQ76PMUF""},{""@Name"":""LogonGuid"",""#text"":""00000000-0000-0000-0000-000000000000""},{""@Name"":""TransmittedServices"",""#text"":""-""},{""@Name"":""LmPackageName"",""#text"":""-""},{""@Name"":""KeyLength"",""#text"":""0""},{""@Name"":""ProcessId"",""#text"":""30-02-00-00""},{""@Name"":""ProcessName"",""#text"":""C:\\Windows\\System32\\winlogon.exe""},{""@Name"":""IpAddress"",""#text"":""127.0.0.1""},{""@Name"":""IpPort"",""#text"":""0""}]}}"
593,593,2015-09-12 18:10:24.0632500,4672,LogAlways,Microsoft-Windows-Security-Auditing,Security,620,724,WIN-L0ZZQ76PMUF,5,,Administrative logon,WIN-L0ZZQ76PMUF\Administrator (S-1-5-21-3848053756-3249532031-1848221756-500),,"PrivilegeList: SeSecurityPrivilege, SeTakeOwnershipPrivilege, SeLoadDriverPrivilege, SeBackupPrivilege, SeRestorePrivilege, SeDebugPrivilege, SeSystemEnvironmentPrivilege, SeImpersonatePrivilege",LogonId: 0x3AAF3,,,,,,False,M:\Forensics\TrainingImages\AliHadi\Challenge1\tout\M\Forensics\TrainingImages\AliHadi\Challenge1\s4a-challenge4\Windows\System32\winevt\logs\Security.evtx,Audit success,0,"{""EventData"":{""Data"":[{""@Name"":""SubjectUserSid"",""#text"":""S-1-5-21-3848053756-3249532031-1848221756-500""},{""@Name"":""SubjectUserName"",""#text"":""Administrator""},{""@Name"":""SubjectDomainName"",""#text"":""WIN-L0ZZQ76PMUF""},{""@Name"":""SubjectLogonId"",""#text"":""0x3AAF3""},{""@Name"":""PrivilegeList"",""#text"":""SeSecurityPrivilege, SeTakeOwnershipPrivilege, SeLoadDriverPrivilege, SeBackupPrivilege, SeRestorePrivilege, SeDebugPrivilege, SeSystemEnvironmentPrivilege, SeImpersonatePrivilege""}]}}"
594,594,2015-09-12 18:10:46.8288750,4648,LogAlways,Microsoft-Windows-Security-Auditing,Security,620,720,WIN-L0ZZQ76PMUF,5,,A logon was attempted using explicit credentials,WORKGROUP\WIN-L0ZZQ76PMUF$,-:-,Target: NT AUTHORITY\SYSTEM,TargetServerName: localhost,PID: 60-02-00-00,,,,C:\Windows\System32\services.exe,False,M:\Forensics\TrainingImages\AliHadi\Challenge1\tout\M\Forensics\TrainingImages\AliHadi\Challenge1\s4a-challenge4\Windows\System32\winevt\logs\Security.evtx,Audit success,0,"{""EventData"":{""Data"":[{""@Name"":""SubjectUserSid"",""#text"":""S-1-5-18""},{""@Name"":""SubjectUserName"",""#text"":""WIN-L0ZZQ76PMUF$""},{""@Name"":""SubjectDomainName"",""#text"":""WORKGROUP""},{""@Name"":""SubjectLogonId"",""#text"":""0x3E7""},{""@Name"":""LogonGuid"",""#text"":""00000000-0000-0000-0000-000000000000""},{""@Name"":""TargetUserName"",""#text"":""SYSTEM""},{""@Name"":""TargetDomainName"",""#text"":""NT AUTHORITY""},{""@Name"":""LogonGuid"",""#text"":""00000000-0000-0000-0000-000000000000""},{""@Name"":""TargetServerName"",""#text"":""localhost""},{""@Name"":""TargetInfo"",""#text"":""localhost""},{""@Name"":""ProcessId"",""#text"":""60-02-00-00""},{""@Name"":""ProcessName"",""#text"":""C:\\Windows\\System32\\services.exe""},{""@Name"":""IpAddress"",""#text"":""-""},{""@Name"":""IpPort"",""#text"":""-""}]}}"
595,595,2015-09-12 18:10:46.8288750,4624,LogAlways,Microsoft-Windows-Security-Auditing,Security,620,720,WIN-L0ZZQ76PMUF,5,,Successful logon,WORKGROUP\WIN-L0ZZQ76PMUF$," (-)",Target: NT AUTHORITY\SYSTEM,LogonType 5,LogonId: 0x3E7,,,,C:\Windows\System32\services.exe,False,M:\Forensics\TrainingImages\AliHadi\Challenge1\tout\M\Forensics\TrainingImages\AliHadi\Challenge1\s4a-challenge4\Windows\System32\winevt\logs\Security.evtx,Audit success,0,"{""EventData"":{""Data"":[{""@Name"":""SubjectUserSid"",""#text"":""S-1-5-18""},{""@Name"":""SubjectUserName"",""#text"":""WIN-L0ZZQ76PMUF$""},{""@Name"":""SubjectDomainName"",""#text"":""WORKGROUP""},{""@Name"":""SubjectLogonId"",""#text"":""0x3E7""},{""@Name"":""TargetUserSid"",""#text"":""S-1-5-18""},{""@Name"":""TargetUserName"",""#text"":""SYSTEM""},{""@Name"":""TargetDomainName"",""#text"":""NT AUTHORITY""},{""@Name"":""TargetLogonId"",""#text"":""0x3E7""},{""@Name"":""LogonType"",""#text"":""5""},{""@Name"":""LogonProcessName"",""#text"":""Advapi  ""},{""@Name"":""AuthenticationPackageName"",""#text"":""Negotiate""},{""@Name"":""WorkstationName""},{""@Name"":""LogonGuid"",""#text"":""00000000-0000-0000-0000-000000000000""},{""@Name"":""TransmittedServices"",""#text"":""-""},{""@Name"":""LmPackageName"",""#text"":""-""},{""@Name"":""KeyLength"",""#text"":""0""},{""@Name"":""ProcessId"",""#text"":""60-02-00-00""},{""@Name"":""ProcessName"",""#text"":""C:\\Windows\\System32\\services.exe""},{""@Name"":""IpAddress"",""#text"":""-""},{""@Name"":""IpPort"",""#text"":""-""}]}}"
596,596,2015-09-12 18:10:46.8288750,4672,LogAlways,Microsoft-Windows-Security-Auditing,Security,620,720,WIN-L0ZZQ76PMUF,5,,Administrative logon,NT AUTHORITY\SYSTEM (S-1-5-18),,"PrivilegeList: SeAssignPrimaryTokenPrivilege, SeTcbPrivilege, SeSecurityPrivilege, SeTakeOwnershipPrivilege, SeLoadDriverPrivilege, SeBackupPrivilege, SeRestorePrivilege, SeDebugPrivilege, SeAuditPrivilege, SeSystemEnvironmentPrivilege, SeImpersonatePrivilege",LogonId: 0x3E7,,,,,,False,M:\Forensics\TrainingImages\AliHadi\Challenge1\tout\M\Forensics\TrainingImages\AliHadi\Challenge1\s4a-challenge4\Windows\System32\winevt\logs\Security.evtx,Audit success,0,"{""EventData"":{""Data"":[{""@Name"":""SubjectUserSid"",""#text"":""S-1-5-18""},{""@Name"":""SubjectUserName"",""#text"":""SYSTEM""},{""@Name"":""SubjectDomainName"",""#text"":""NT AUTHORITY""},{""@Name"":""SubjectLogonId"",""#text"":""0x3E7""},{""@Name"":""PrivilegeList"",""#text"":""SeAssignPrimaryTokenPrivilege, SeTcbPrivilege, SeSecurityPrivilege, SeTakeOwnershipPrivilege, SeLoadDriverPrivilege, SeBackupPrivilege, SeRestorePrivilege, SeDebugPrivilege, SeAuditPrivilege, SeSystemEnvironmentPrivilege, SeImpersonatePrivilege""}]}}"
597,597,2015-09-12 18:10:56.8596250,1100,Info,Microsoft-Windows-Eventlog,Security,984,2508,WIN-L0ZZQ76PMUF,5,,The event logging service has shut down,,,,,,,,,,False,M:\Forensics\TrainingImages\AliHadi\Challenge1\tout\M\Forensics\TrainingImages\AliHadi\Challenge1\s4a-challenge4\Windows\System32\winevt\logs\Security.evtx,0x4020000000000000,0,"{""UserData"":{""ServiceShutdown"":""""}}"
598,598,2015-09-12 18:10:56.3445000,4647,LogAlways,Microsoft-Windows-Security-Auditing,Security,620,1840,WIN-L0ZZQ76PMUF,5,,User initiated logoff,Target: WIN-L0ZZQ76PMUF\Administrator,,,,LogonId: 0x3AAF3,,,,,False,M:\Forensics\TrainingImages\AliHadi\Challenge1\tout\M\Forensics\TrainingImages\AliHadi\Challenge1\s4a-challenge4\Windows\System32\winevt\logs\Security.evtx,Audit success,0,"{""EventData"":{""Data"":[{""@Name"":""TargetUserSid"",""#text"":""S-1-5-21-3848053756-3249532031-1848221756-500""},{""@Name"":""TargetUserName"",""#text"":""Administrator""},{""@Name"":""TargetDomainName"",""#text"":""WIN-L0ZZQ76PMUF""},{""@Name"":""TargetLogonId"",""#text"":""0x3AAF3""}]}}"
599,599,2015-09-12 18:10:56.8596250,4616,LogAlways,Microsoft-Windows-Security-Auditing,Security,620,668,WIN-L0ZZQ76PMUF,5,,The system time was changed,NT AUTHORITY\LOCAL SERVICE (S-1-5-19),,Previous Time: 11:10:56 AM,New Time: 11:10:56 AM,LogonId: 0x3E5,,,,C:\Windows\System32\svchost.exe,False,M:\Forensics\TrainingImages\AliHadi\Challenge1\tout\M\Forensics\TrainingImages\AliHadi\Challenge1\s4a-challenge4\Windows\System32\winevt\logs\Security.evtx,Audit success,0,"{""EventData"":{""Data"":[{""@Name"":""SubjectUserSid"",""#text"":""S-1-5-19""},{""@Name"":""SubjectUserName"",""#text"":""LOCAL SERVICE""},{""@Name"":""SubjectDomainName"",""#text"":""NT AUTHORITY""},{""@Name"":""SubjectLogonId"",""#text"":""0x3E5""},{""@Name"":""PreviousDate"",""#text"":""9/12/2015""},{""@Name"":""PreviousTime"",""#text"":""11:10:56 AM""},{""@Name"":""NewDate"",""#text"":""9/12/2015""},{""@Name"":""NewTime"",""#text"":""11:10:56 AM""},{""@Name"":""ProcessId"",""#text"":""4C-04-00-00""},{""@Name"":""ProcessName"",""#text"":""C:\\Windows\\System32\\svchost.exe""}]}}"
600,600,2015-09-12 18:10:56.9221250,4634,LogAlways,Microsoft-Windows-Security-Auditing,Security,620,720,WIN-L0ZZQ76PMUF,5,,An account was logged off,,,Target: NT AUTHORITY\ANONYMOUS LOGON,LogonType 3,LogonId: 0x153C8,,,,,False,M:\Forensics\TrainingImages\AliHadi\Challenge1\tout\M\Forensics\TrainingImages\AliHadi\Challenge1\s4a-challenge4\Windows\System32\winevt\logs\Security.evtx,Audit success,0,"{""EventData"":{""Data"":[{""@Name"":""TargetUserSid"",""#text"":""S-1-5-7""},{""@Name"":""TargetUserName"",""#text"":""ANONYMOUS LOGON""},{""@Name"":""TargetDomainName"",""#text"":""NT AUTHORITY""},{""@Name"":""TargetLogonId"",""#text"":""0x153C8""},{""@Name"":""LogonType"",""#text"":""3""}]}}"
601,601,2015-09-13 04:18:12.2500000,4608,LogAlways,Microsoft-Windows-Security-Auditing,Security,628,632,WIN-L0ZZQ76PMUF,5,,Windows is starting up,,,,,,,,,,False,M:\Forensics\TrainingImages\AliHadi\Challenge1\tout\M\Forensics\TrainingImages\AliHadi\Challenge1\s4a-challenge4\Windows\System32\winevt\logs\Security.evtx,Audit success,0,"{""EventData"":""""}"
602,602,2015-09-13 04:18:12.2656250,4624,LogAlways,Microsoft-Windows-Security-Auditing,Security,628,632,WIN-L0ZZQ76PMUF,5,,Successful logon,-\-,- (-),Target: NT AUTHORITY\SYSTEM,LogonType 0,LogonId: 0x3E7,,,,,False,M:\Forensics\TrainingImages\AliHadi\Challenge1\tout\M\Forensics\TrainingImages\AliHadi\Challenge1\s4a-challenge4\Windows\System32\winevt\logs\Security.evtx,Audit success,0,"{""EventData"":{""Data"":[{""@Name"":""SubjectUserSid"",""#text"":""S-1-0-0""},{""@Name"":""SubjectUserName"",""#text"":""-""},{""@Name"":""SubjectDomainName"",""#text"":""-""},{""@Name"":""SubjectLogonId"",""#text"":""0x0""},{""@Name"":""TargetUserSid"",""#text"":""S-1-5-18""},{""@Name"":""TargetUserName"",""#text"":""SYSTEM""},{""@Name"":""TargetDomainName"",""#text"":""NT AUTHORITY""},{""@Name"":""TargetLogonId"",""#text"":""0x3E7""},{""@Name"":""LogonType"",""#text"":""0""},{""@Name"":""LogonProcessName"",""#text"":""-""},{""@Name"":""AuthenticationPackageName"",""#text"":""-""},{""@Name"":""WorkstationName"",""#text"":""-""},{""@Name"":""LogonGuid"",""#text"":""00000000-0000-0000-0000-000000000000""},{""@Name"":""TransmittedServices"",""#text"":""-""},{""@Name"":""LmPackageName"",""#text"":""-""},{""@Name"":""KeyLength"",""#text"":""0""},{""@Name"":""ProcessId"",""#text"":""04-00-00-00""},{""@Name"":""ProcessName""},{""@Name"":""IpAddress"",""#text"":""-""},{""@Name"":""IpPort"",""#text"":""-""}]}}"
603,603,2015-09-13 04:18:13.2031250,4902,LogAlways,Microsoft-Windows-Security-Auditing,Security,628,744,WIN-L0ZZQ76PMUF,5,,,,,,,,,,,,False,M:\Forensics\TrainingImages\AliHadi\Challenge1\tout\M\Forensics\TrainingImages\AliHadi\Challenge1\s4a-challenge4\Windows\System32\winevt\logs\Security.evtx,Audit success,0,"{""EventData"":{""Data"":[{""@Name"":""PuaCount"",""#text"":""0""},{""@Name"":""PuaPolicyId"",""#text"":""0x9565""}]}}"
604,604,2015-09-12 18:18:21.9701250,4616,LogAlways,Microsoft-Windows-Security-Auditing,Security,628,680,WIN-L0ZZQ76PMUF,5,,The system time was changed,WORKGROUP\WIN-L0ZZQ76PMUF$ (S-1-5-18),,Previous Time: 9:18:20 PM,New Time: 11:18:21 AM,LogonId: 0x3E7,,,,C:\Windows\System32\VBoxService.exe,False,M:\Forensics\TrainingImages\AliHadi\Challenge1\tout\M\Forensics\TrainingImages\AliHadi\Challenge1\s4a-challenge4\Windows\System32\winevt\logs\Security.evtx,Audit success,0,"{""EventData"":{""Data"":[{""@Name"":""SubjectUserSid"",""#text"":""S-1-5-18""},{""@Name"":""SubjectUserName"",""#text"":""WIN-L0ZZQ76PMUF$""},{""@Name"":""SubjectDomainName"",""#text"":""WORKGROUP""},{""@Name"":""SubjectLogonId"",""#text"":""0x3E7""},{""@Name"":""PreviousDate"",""#text"":""9/12/2015""},{""@Name"":""PreviousTime"",""#text"":""9:18:20 PM""},{""@Name"":""NewDate"",""#text"":""9/12/2015""},{""@Name"":""NewTime"",""#text"":""11:18:21 AM""},{""@Name"":""ProcessId"",""#text"":""4C-03-00-00""},{""@Name"":""ProcessName"",""#text"":""C:\\Windows\\System32\\VBoxService.exe""}]}}"
605,605,2015-09-12 18:18:22.2670000,4624,LogAlways,Microsoft-Windows-Security-Auditing,Security,628,732,WIN-L0ZZQ76PMUF,5,,Successful logon,WORKGROUP\WIN-L0ZZQ76PMUF$," (-)",Target: NT AUTHORITY\NETWORK SERVICE,LogonType 5,LogonId: 0x3E4,,,,C:\Windows\System32\services.exe,False,M:\Forensics\TrainingImages\AliHadi\Challenge1\tout\M\Forensics\TrainingImages\AliHadi\Challenge1\s4a-challenge4\Windows\System32\winevt\logs\Security.evtx,Audit success,0,"{""EventData"":{""Data"":[{""@Name"":""SubjectUserSid"",""#text"":""S-1-5-18""},{""@Name"":""SubjectUserName"",""#text"":""WIN-L0ZZQ76PMUF$""},{""@Name"":""SubjectDomainName"",""#text"":""WORKGROUP""},{""@Name"":""SubjectLogonId"",""#text"":""0x3E7""},{""@Name"":""TargetUserSid"",""#text"":""S-1-5-20""},{""@Name"":""TargetUserName"",""#text"":""NETWORK SERVICE""},{""@Name"":""TargetDomainName"",""#text"":""NT AUTHORITY""},{""@Name"":""TargetLogonId"",""#text"":""0x3E4""},{""@Name"":""LogonType"",""#text"":""5""},{""@Name"":""LogonProcessName"",""#text"":""Advapi  ""},{""@Name"":""AuthenticationPackageName"",""#text"":""Negotiate""},{""@Name"":""WorkstationName""},{""@Name"":""LogonGuid"",""#text"":""00000000-0000-0000-0000-000000000000""},{""@Name"":""TransmittedServices"",""#text"":""-""},{""@Name"":""LmPackageName"",""#text"":""-""},{""@Name"":""KeyLength"",""#text"":""0""},{""@Name"":""ProcessId"",""#text"":""68-02-00-00""},{""@Name"":""ProcessName"",""#text"":""C:\\Windows\\System32\\services.exe""},{""@Name"":""IpAddress"",""#text"":""-""},{""@Name"":""IpPort"",""#text"":""-""}]}}"
606,606,2015-09-12 18:18:22.2670000,4672,LogAlways,Microsoft-Windows-Security-Auditing,Security,628,732,WIN-L0ZZQ76PMUF,5,,Administrative logon,NT AUTHORITY\NETWORK SERVICE (S-1-5-20),,"PrivilegeList: SeAssignPrimaryTokenPrivilege, SeAuditPrivilege, SeImpersonatePrivilege",LogonId: 0x3E4,,,,,,False,M:\Forensics\TrainingImages\AliHadi\Challenge1\tout\M\Forensics\TrainingImages\AliHadi\Challenge1\s4a-challenge4\Windows\System32\winevt\logs\Security.evtx,Audit success,0,"{""EventData"":{""Data"":[{""@Name"":""SubjectUserSid"",""#text"":""S-1-5-20""},{""@Name"":""SubjectUserName"",""#text"":""NETWORK SERVICE""},{""@Name"":""SubjectDomainName"",""#text"":""NT AUTHORITY""},{""@Name"":""SubjectLogonId"",""#text"":""0x3E4""},{""@Name"":""PrivilegeList"",""#text"":""SeAssignPrimaryTokenPrivilege, SeAuditPrivilege, SeImpersonatePrivilege""}]}}"
607,607,2015-09-12 18:18:22.7513750,4624,LogAlways,Microsoft-Windows-Security-Auditing,Security,628,712,WIN-L0ZZQ76PMUF,5,,Successful logon,WORKGROUP\WIN-L0ZZQ76PMUF$," (-)",Target: NT AUTHORITY\LOCAL SERVICE,LogonType 5,LogonId: 0x3E5,,,,C:\Windows\System32\services.exe,False,M:\Forensics\TrainingImages\AliHadi\Challenge1\tout\M\Forensics\TrainingImages\AliHadi\Challenge1\s4a-challenge4\Windows\System32\winevt\logs\Security.evtx,Audit success,0,"{""EventData"":{""Data"":[{""@Name"":""SubjectUserSid"",""#text"":""S-1-5-18""},{""@Name"":""SubjectUserName"",""#text"":""WIN-L0ZZQ76PMUF$""},{""@Name"":""SubjectDomainName"",""#text"":""WORKGROUP""},{""@Name"":""SubjectLogonId"",""#text"":""0x3E7""},{""@Name"":""TargetUserSid"",""#text"":""S-1-5-19""},{""@Name"":""TargetUserName"",""#text"":""LOCAL SERVICE""},{""@Name"":""TargetDomainName"",""#text"":""NT AUTHORITY""},{""@Name"":""TargetLogonId"",""#text"":""0x3E5""},{""@Name"":""LogonType"",""#text"":""5""},{""@Name"":""LogonProcessName"",""#text"":""Advapi  ""},{""@Name"":""AuthenticationPackageName"",""#text"":""Negotiate""},{""@Name"":""WorkstationName""},{""@Name"":""LogonGuid"",""#text"":""00000000-0000-0000-0000-000000000000""},{""@Name"":""TransmittedServices"",""#text"":""-""},{""@Name"":""LmPackageName"",""#text"":""-""},{""@Name"":""KeyLength"",""#text"":""0""},{""@Name"":""ProcessId"",""#text"":""68-02-00-00""},{""@Name"":""ProcessName"",""#text"":""C:\\Windows\\System32\\services.exe""},{""@Name"":""IpAddress"",""#text"":""-""},{""@Name"":""IpPort"",""#text"":""-""}]}}"
608,608,2015-09-12 18:18:22.7513750,4672,LogAlways,Microsoft-Windows-Security-Auditing,Security,628,712,WIN-L0ZZQ76PMUF,5,,Administrative logon,NT AUTHORITY\LOCAL SERVICE (S-1-5-19),,"PrivilegeList: SeAssignPrimaryTokenPrivilege, SeAuditPrivilege, SeImpersonatePrivilege",LogonId: 0x3E5,,,,,,False,M:\Forensics\TrainingImages\AliHadi\Challenge1\tout\M\Forensics\TrainingImages\AliHadi\Challenge1\s4a-challenge4\Windows\System32\winevt\logs\Security.evtx,Audit success,0,"{""EventData"":{""Data"":[{""@Name"":""SubjectUserSid"",""#text"":""S-1-5-19""},{""@Name"":""SubjectUserName"",""#text"":""LOCAL SERVICE""},{""@Name"":""SubjectDomainName"",""#text"":""NT AUTHORITY""},{""@Name"":""SubjectLogonId"",""#text"":""0x3E5""},{""@Name"":""PrivilegeList"",""#text"":""SeAssignPrimaryTokenPrivilege, SeAuditPrivilege, SeImpersonatePrivilege""}]}}"
609,609,2015-09-12 18:18:24.0638750,4648,LogAlways,Microsoft-Windows-Security-Auditing,Security,628,712,WIN-L0ZZQ76PMUF,5,,A logon was attempted using explicit credentials,WORKGROUP\WIN-L0ZZQ76PMUF$,-:-,Target: NT AUTHORITY\SYSTEM,TargetServerName: localhost,PID: 68-02-00-00,,,,C:\Windows\System32\services.exe,False,M:\Forensics\TrainingImages\AliHadi\Challenge1\tout\M\Forensics\TrainingImages\AliHadi\Challenge1\s4a-challenge4\Windows\System32\winevt\logs\Security.evtx,Audit success,0,"{""EventData"":{""Data"":[{""@Name"":""SubjectUserSid"",""#text"":""S-1-5-18""},{""@Name"":""SubjectUserName"",""#text"":""WIN-L0ZZQ76PMUF$""},{""@Name"":""SubjectDomainName"",""#text"":""WORKGROUP""},{""@Name"":""SubjectLogonId"",""#text"":""0x3E7""},{""@Name"":""LogonGuid"",""#text"":""00000000-0000-0000-0000-000000000000""},{""@Name"":""TargetUserName"",""#text"":""SYSTEM""},{""@Name"":""TargetDomainName"",""#text"":""NT AUTHORITY""},{""@Name"":""LogonGuid"",""#text"":""00000000-0000-0000-0000-000000000000""},{""@Name"":""TargetServerName"",""#text"":""localhost""},{""@Name"":""TargetInfo"",""#text"":""localhost""},{""@Name"":""ProcessId"",""#text"":""68-02-00-00""},{""@Name"":""ProcessName"",""#text"":""C:\\Windows\\System32\\services.exe""},{""@Name"":""IpAddress"",""#text"":""-""},{""@Name"":""IpPort"",""#text"":""-""}]}}"
610,610,2015-09-12 18:18:24.0638750,4624,LogAlways,Microsoft-Windows-Security-Auditing,Security,628,712,WIN-L0ZZQ76PMUF,5,,Successful logon,WORKGROUP\WIN-L0ZZQ76PMUF$," (-)",Target: NT AUTHORITY\SYSTEM,LogonType 5,LogonId: 0x3E7,,,,C:\Windows\System32\services.exe,False,M:\Forensics\TrainingImages\AliHadi\Challenge1\tout\M\Forensics\TrainingImages\AliHadi\Challenge1\s4a-challenge4\Windows\System32\winevt\logs\Security.evtx,Audit success,0,"{""EventData"":{""Data"":[{""@Name"":""SubjectUserSid"",""#text"":""S-1-5-18""},{""@Name"":""SubjectUserName"",""#text"":""WIN-L0ZZQ76PMUF$""},{""@Name"":""SubjectDomainName"",""#text"":""WORKGROUP""},{""@Name"":""SubjectLogonId"",""#text"":""0x3E7""},{""@Name"":""TargetUserSid"",""#text"":""S-1-5-18""},{""@Name"":""TargetUserName"",""#text"":""SYSTEM""},{""@Name"":""TargetDomainName"",""#text"":""NT AUTHORITY""},{""@Name"":""TargetLogonId"",""#text"":""0x3E7""},{""@Name"":""LogonType"",""#text"":""5""},{""@Name"":""LogonProcessName"",""#text"":""Advapi  ""},{""@Name"":""AuthenticationPackageName"",""#text"":""Negotiate""},{""@Name"":""WorkstationName""},{""@Name"":""LogonGuid"",""#text"":""00000000-0000-0000-0000-000000000000""},{""@Name"":""TransmittedServices"",""#text"":""-""},{""@Name"":""LmPackageName"",""#text"":""-""},{""@Name"":""KeyLength"",""#text"":""0""},{""@Name"":""ProcessId"",""#text"":""68-02-00-00""},{""@Name"":""ProcessName"",""#text"":""C:\\Windows\\System32\\services.exe""},{""@Name"":""IpAddress"",""#text"":""-""},{""@Name"":""IpPort"",""#text"":""-""}]}}"
611,611,2015-09-12 18:18:24.0638750,4672,LogAlways,Microsoft-Windows-Security-Auditing,Security,628,712,WIN-L0ZZQ76PMUF,5,,Administrative logon,NT AUTHORITY\SYSTEM (S-1-5-18),,"PrivilegeList: SeAssignPrimaryTokenPrivilege, SeTcbPrivilege, SeSecurityPrivilege, SeTakeOwnershipPrivilege, SeLoadDriverPrivilege, SeBackupPrivilege, SeRestorePrivilege, SeDebugPrivilege, SeAuditPrivilege, SeSystemEnvironmentPrivilege, SeImpersonatePrivilege",LogonId: 0x3E7,,,,,,False,M:\Forensics\TrainingImages\AliHadi\Challenge1\tout\M\Forensics\TrainingImages\AliHadi\Challenge1\s4a-challenge4\Windows\System32\winevt\logs\Security.evtx,Audit success,0,"{""EventData"":{""Data"":[{""@Name"":""SubjectUserSid"",""#text"":""S-1-5-18""},{""@Name"":""SubjectUserName"",""#text"":""SYSTEM""},{""@Name"":""SubjectDomainName"",""#text"":""NT AUTHORITY""},{""@Name"":""SubjectLogonId"",""#text"":""0x3E7""},{""@Name"":""PrivilegeList"",""#text"":""SeAssignPrimaryTokenPrivilege, SeTcbPrivilege, SeSecurityPrivilege, SeTakeOwnershipPrivilege, SeLoadDriverPrivilege, SeBackupPrivilege, SeRestorePrivilege, SeDebugPrivilege, SeAuditPrivilege, SeSystemEnvironmentPrivilege, SeImpersonatePrivilege""}]}}"
612,612,2015-09-12 18:18:26.1420000,4648,LogAlways,Microsoft-Windows-Security-Auditing,Security,628,736,WIN-L0ZZQ76PMUF,5,,A logon was attempted using explicit credentials,WORKGROUP\WIN-L0ZZQ76PMUF$,-:-,Target: NT AUTHORITY\SYSTEM,TargetServerName: localhost,PID: 68-02-00-00,,,,C:\Windows\System32\services.exe,False,M:\Forensics\TrainingImages\AliHadi\Challenge1\tout\M\Forensics\TrainingImages\AliHadi\Challenge1\s4a-challenge4\Windows\System32\winevt\logs\Security.evtx,Audit success,0,"{""EventData"":{""Data"":[{""@Name"":""SubjectUserSid"",""#text"":""S-1-5-18""},{""@Name"":""SubjectUserName"",""#text"":""WIN-L0ZZQ76PMUF$""},{""@Name"":""SubjectDomainName"",""#text"":""WORKGROUP""},{""@Name"":""SubjectLogonId"",""#text"":""0x3E7""},{""@Name"":""LogonGuid"",""#text"":""00000000-0000-0000-0000-000000000000""},{""@Name"":""TargetUserName"",""#text"":""SYSTEM""},{""@Name"":""TargetDomainName"",""#text"":""NT AUTHORITY""},{""@Name"":""LogonGuid"",""#text"":""00000000-0000-0000-0000-000000000000""},{""@Name"":""TargetServerName"",""#text"":""localhost""},{""@Name"":""TargetInfo"",""#text"":""localhost""},{""@Name"":""ProcessId"",""#text"":""68-02-00-00""},{""@Name"":""ProcessName"",""#text"":""C:\\Windows\\System32\\services.exe""},{""@Name"":""IpAddress"",""#text"":""-""},{""@Name"":""IpPort"",""#text"":""-""}]}}"
613,613,2015-09-12 18:18:26.1420000,4624,LogAlways,Microsoft-Windows-Security-Auditing,Security,628,736,WIN-L0ZZQ76PMUF,5,,Successful logon,WORKGROUP\WIN-L0ZZQ76PMUF$," (-)",Target: NT AUTHORITY\SYSTEM,LogonType 5,LogonId: 0x3E7,,,,C:\Windows\System32\services.exe,False,M:\Forensics\TrainingImages\AliHadi\Challenge1\tout\M\Forensics\TrainingImages\AliHadi\Challenge1\s4a-challenge4\Windows\System32\winevt\logs\Security.evtx,Audit success,0,"{""EventData"":{""Data"":[{""@Name"":""SubjectUserSid"",""#text"":""S-1-5-18""},{""@Name"":""SubjectUserName"",""#text"":""WIN-L0ZZQ76PMUF$""},{""@Name"":""SubjectDomainName"",""#text"":""WORKGROUP""},{""@Name"":""SubjectLogonId"",""#text"":""0x3E7""},{""@Name"":""TargetUserSid"",""#text"":""S-1-5-18""},{""@Name"":""TargetUserName"",""#text"":""SYSTEM""},{""@Name"":""TargetDomainName"",""#text"":""NT AUTHORITY""},{""@Name"":""TargetLogonId"",""#text"":""0x3E7""},{""@Name"":""LogonType"",""#text"":""5""},{""@Name"":""LogonProcessName"",""#text"":""Advapi  ""},{""@Name"":""AuthenticationPackageName"",""#text"":""Negotiate""},{""@Name"":""WorkstationName""},{""@Name"":""LogonGuid"",""#text"":""00000000-0000-0000-0000-000000000000""},{""@Name"":""TransmittedServices"",""#text"":""-""},{""@Name"":""LmPackageName"",""#text"":""-""},{""@Name"":""KeyLength"",""#text"":""0""},{""@Name"":""ProcessId"",""#text"":""68-02-00-00""},{""@Name"":""ProcessName"",""#text"":""C:\\Windows\\System32\\services.exe""},{""@Name"":""IpAddress"",""#text"":""-""},{""@Name"":""IpPort"",""#text"":""-""}]}}"
614,614,2015-09-12 18:18:26.1420000,4672,LogAlways,Microsoft-Windows-Security-Auditing,Security,628,736,WIN-L0ZZQ76PMUF,5,,Administrative logon,NT AUTHORITY\SYSTEM (S-1-5-18),,"PrivilegeList: SeAssignPrimaryTokenPrivilege, SeTcbPrivilege, SeSecurityPrivilege, SeTakeOwnershipPrivilege, SeLoadDriverPrivilege, SeBackupPrivilege, SeRestorePrivilege, SeDebugPrivilege, SeAuditPrivilege, SeSystemEnvironmentPrivilege, SeImpersonatePrivilege",LogonId: 0x3E7,,,,,,False,M:\Forensics\TrainingImages\AliHadi\Challenge1\tout\M\Forensics\TrainingImages\AliHadi\Challenge1\s4a-challenge4\Windows\System32\winevt\logs\Security.evtx,Audit success,0,"{""EventData"":{""Data"":[{""@Name"":""SubjectUserSid"",""#text"":""S-1-5-18""},{""@Name"":""SubjectUserName"",""#text"":""SYSTEM""},{""@Name"":""SubjectDomainName"",""#text"":""NT AUTHORITY""},{""@Name"":""SubjectLogonId"",""#text"":""0x3E7""},{""@Name"":""PrivilegeList"",""#text"":""SeAssignPrimaryTokenPrivilege, SeTcbPrivilege, SeSecurityPrivilege, SeTakeOwnershipPrivilege, SeLoadDriverPrivilege, SeBackupPrivilege, SeRestorePrivilege, SeDebugPrivilege, SeAuditPrivilege, SeSystemEnvironmentPrivilege, SeImpersonatePrivilege""}]}}"
615,615,2015-09-13 04:18:17.0937500,4648,LogAlways,Microsoft-Windows-Security-Auditing,Security,628,716,WIN-L0ZZQ76PMUF,5,,A logon was attempted using explicit credentials,WORKGROUP\WIN-L0ZZQ76PMUF$,-:-,Target: NT AUTHORITY\SYSTEM,TargetServerName: localhost,PID: 68-02-00-00,,,,C:\Windows\System32\services.exe,False,M:\Forensics\TrainingImages\AliHadi\Challenge1\tout\M\Forensics\TrainingImages\AliHadi\Challenge1\s4a-challenge4\Windows\System32\winevt\logs\Security.evtx,Audit success,0,"{""EventData"":{""Data"":[{""@Name"":""SubjectUserSid"",""#text"":""S-1-5-18""},{""@Name"":""SubjectUserName"",""#text"":""WIN-L0ZZQ76PMUF$""},{""@Name"":""SubjectDomainName"",""#text"":""WORKGROUP""},{""@Name"":""SubjectLogonId"",""#text"":""0x3E7""},{""@Name"":""LogonGuid"",""#text"":""00000000-0000-0000-0000-000000000000""},{""@Name"":""TargetUserName"",""#text"":""SYSTEM""},{""@Name"":""TargetDomainName"",""#text"":""NT AUTHORITY""},{""@Name"":""LogonGuid"",""#text"":""00000000-0000-0000-0000-000000000000""},{""@Name"":""TargetServerName"",""#text"":""localhost""},{""@Name"":""TargetInfo"",""#text"":""localhost""},{""@Name"":""ProcessId"",""#text"":""68-02-00-00""},{""@Name"":""ProcessName"",""#text"":""C:\\Windows\\System32\\services.exe""},{""@Name"":""IpAddress"",""#text"":""-""},{""@Name"":""IpPort"",""#text"":""-""}]}}"
616,616,2015-09-13 04:18:17.0937500,4624,LogAlways,Microsoft-Windows-Security-Auditing,Security,628,716,WIN-L0ZZQ76PMUF,5,,Successful logon,WORKGROUP\WIN-L0ZZQ76PMUF$," (-)",Target: NT AUTHORITY\SYSTEM,LogonType 5,LogonId: 0x3E7,,,,C:\Windows\System32\services.exe,False,M:\Forensics\TrainingImages\AliHadi\Challenge1\tout\M\Forensics\TrainingImages\AliHadi\Challenge1\s4a-challenge4\Windows\System32\winevt\logs\Security.evtx,Audit success,0,"{""EventData"":{""Data"":[{""@Name"":""SubjectUserSid"",""#text"":""S-1-5-18""},{""@Name"":""SubjectUserName"",""#text"":""WIN-L0ZZQ76PMUF$""},{""@Name"":""SubjectDomainName"",""#text"":""WORKGROUP""},{""@Name"":""SubjectLogonId"",""#text"":""0x3E7""},{""@Name"":""TargetUserSid"",""#text"":""S-1-5-18""},{""@Name"":""TargetUserName"",""#text"":""SYSTEM""},{""@Name"":""TargetDomainName"",""#text"":""NT AUTHORITY""},{""@Name"":""TargetLogonId"",""#text"":""0x3E7""},{""@Name"":""LogonType"",""#text"":""5""},{""@Name"":""LogonProcessName"",""#text"":""Advapi  ""},{""@Name"":""AuthenticationPackageName"",""#text"":""Negotiate""},{""@Name"":""WorkstationName""},{""@Name"":""LogonGuid"",""#text"":""00000000-0000-0000-0000-000000000000""},{""@Name"":""TransmittedServices"",""#text"":""-""},{""@Name"":""LmPackageName"",""#text"":""-""},{""@Name"":""KeyLength"",""#text"":""0""},{""@Name"":""ProcessId"",""#text"":""68-02-00-00""},{""@Name"":""ProcessName"",""#text"":""C:\\Windows\\System32\\services.exe""},{""@Name"":""IpAddress"",""#text"":""-""},{""@Name"":""IpPort"",""#text"":""-""}]}}"
