519,519,2015-09-03 06:37:06.1817773,319,Info,Microsoft-Windows-TaskScheduler,Microsoft-Windows-TaskScheduler/Operational,1444,2700,WIN-L0ZZQ76PMUF,3,S-1-5-21-3848053756-3249532031-1848221756-500,,,,,,,,,,,False,M:\Forensics\TrainingImages\AliHadi\Challenge1\tout\M\Forensics\TrainingImages\AliHadi\Challenge1\s4a-challenge4\Windows\System32\winevt\logs\Microsoft-Windows-TaskScheduler%4Operational.evtx,Classic,0,"{""EventData"":{""@Name"":""TaskEngineProcessReceivedStartTask"",""Data"":[{""@Name"":""TaskEngineName"",""#text"":""S-1-5-21-3848053756-3249532031-1848221756-500:WIN-L0ZZQ76PMUF\\Administrator:Interactive:[1]""},{""@Name"":""TaskName"",""#text"":""\\Microsoft\\Windows\\CertificateServicesClient\\UserTask-Roam""}]}}"
520,520,2015-09-03 06:37:06.1817773,100,Info,Microsoft-Windows-TaskScheduler,Microsoft-Windows-TaskScheduler/Operational,1444,2700,WIN-L0ZZQ76PMUF,3,S-1-5-21-3848053756-3249532031-1848221756-500,Scheduled Task started,Context: WIN-L0ZZQ76PMUF\Administrator,,Task: \Microsoft\Windows\CertificateServicesClient\UserTask-Roam,Instance Id: f7142b58-2189-436a-bd05-5b3e0bd94d9e,,,,,,False,M:\Forensics\TrainingImages\AliHadi\Challenge1\tout\M\Forensics\TrainingImages\AliHadi\Challenge1\s4a-challenge4\Windows\System32\winevt\logs\Microsoft-Windows-TaskScheduler%4Operational.evtx,Classic,0,"{""EventData"":{""@Name"":""TaskStartEvent"",""Data"":[{""@Name"":""TaskName"",""#text"":""\\Microsoft\\Windows\\CertificateServicesClient\\UserTask-Roam""},{""@Name"":""UserContext"",""#text"":""WIN-L0ZZQ76PMUF\\Administrator""},{""@Name"":""InstanceId"",""#text"":""f7142b58-2189-436a-bd05-5b3e0bd94d9e""}]}}"
521,521,2015-09-03 06:37:06.1817773,200,Info,Microsoft-Windows-TaskScheduler,Microsoft-Windows-TaskScheduler/Operational,1444,4060,WIN-L0ZZQ76PMUF,3,S-1-5-21-3848053756-3249532031-1848221756-500,Scheduled Task executed,,,Task: \Microsoft\Windows\CertificateServicesClient\UserTask-Roam,Instance Id: f7142b58-2189-436a-bd05-5b3e0bd94d9e,,,,,Certificate Services Client Task Handler,False,M:\Forensics\TrainingImages\AliHadi\Challenge1\tout\M\Forensics\TrainingImages\AliHadi\Challenge1\s4a-challenge4\Windows\System32\winevt\logs\Microsoft-Windows-TaskScheduler%4Operational.evtx,Classic,0,"{""EventData"":{""@Name"":""ActionStart"",""Data"":[{""@Name"":""TaskName"",""#text"":""\\Microsoft\\Windows\\CertificateServicesClient\\UserTask-Roam""},{""@Name"":""ActionName"",""#text"":""Certificate Services Client Task Handler""},{""@Name"":""TaskInstanceId"",""#text"":""f7142b58-2189-436a-bd05-5b3e0bd94d9e""}]}}"
522,522,2015-09-03 06:37:06.1817773,201,Info,Microsoft-Windows-TaskScheduler,Microsoft-Windows-TaskScheduler/Operational,1444,4060,WIN-L0ZZQ76PMUF,3,S-1-5-21-3848053756-3249532031-1848221756-500,Scheduled Task completed,,,Task: \Microsoft\Windows\CertificateServicesClient\UserTask-Roam,Instance Id: f7142b58-2189-436a-bd05-5b3e0bd94d9e,,,,,Certificate Services Client Task Handler,False,M:\Forensics\TrainingImages\AliHadi\Challenge1\tout\M\Forensics\TrainingImages\AliHadi\Challenge1\s4a-challenge4\Windows\System32\winevt\logs\Microsoft-Windows-TaskScheduler%4Operational.evtx,Classic,0,"{""EventData"":{""@Name"":""ActionSuccess"",""Data"":[{""@Name"":""TaskName"",""#text"":""\\Microsoft\\Windows\\CertificateServicesClient\\UserTask-Roam""},{""@Name"":""TaskInstanceId"",""#text"":""f7142b58-2189-436a-bd05-5b3e0bd94d9e""},{""@Name"":""ActionName"",""#text"":""Certificate Services Client Task Handler""},{""@Name"":""ResultCode"",""#text"":""0""}]}}"
523,523,2015-09-03 06:37:06.1817773,102,Info,Microsoft-Windows-TaskScheduler,Microsoft-Windows-TaskScheduler/Operational,1444,4060,WIN-L0ZZQ76PMUF,3,S-1-5-21-3848053756-3249532031-1848221756-500,Scheduled Task completed,Context: WIN-L0ZZQ76PMUF\Administrator,,Task: \Microsoft\Windows\CertificateServicesClient\UserTask-Roam,Instance Id: f7142b58-2189-436a-bd05-5b3e0bd94d9e,,,,,,False,M:\Forensics\TrainingImages\AliHadi\Challenge1\tout\M\Forensics\TrainingImages\AliHadi\Challenge1\s4a-challenge4\Windows\System32\winevt\logs\Microsoft-Windows-TaskScheduler%4Operational.evtx,Classic,0,"{""EventData"":{""@Name"":""TaskSuccessEvent"",""Data"":[{""@Name"":""TaskName"",""#text"":""\\Microsoft\\Windows\\CertificateServicesClient\\UserTask-Roam""},{""@Name"":""UserContext"",""#text"":""WIN-L0ZZQ76PMUF\\Administrator""},{""@Name"":""InstanceId"",""#text"":""f7142b58-2189-436a-bd05-5b3e0bd94d9e""}]}}"
524,524,2015-09-03 06:49:13.6192773,125,Info,Microsoft-Windows-TaskScheduler,Microsoft-Windows-TaskScheduler/Operational,1024,1028,WIN-L0ZZQ76PMUF,3,S-1-5-18,,,,,,,,,,,False,M:\Forensics\TrainingImages\AliHadi\Challenge1\tout\M\Forensics\TrainingImages\AliHadi\Challenge1\s4a-challenge4\Windows\System32\winevt\logs\Microsoft-Windows-TaskScheduler%4Operational.evtx,Classic,0,"{""EventData"":{""@Name"":""SessionUnlockTrigger"",""Data"":[{""@Name"":""TaskName"",""#text"":""\\Microsoft\\Windows\\CertificateServicesClient\\UserTask-Roam""},{""@Name"":""UserName"",""#text"":""Administrator""},{""@Name"":""InstanceId"",""#text"":""9aa25573-be3b-4215-ba20-2a4f29a07514""}]}}"
525,525,2015-09-03 06:49:13.6349023,319,Info,Microsoft-Windows-TaskScheduler,Microsoft-Windows-TaskScheduler/Operational,1444,3632,WIN-L0ZZQ76PMUF,3,S-1-5-21-3848053756-3249532031-1848221756-500,,,,,,,,,,,False,M:\Forensics\TrainingImages\AliHadi\Challenge1\tout\M\Forensics\TrainingImages\AliHadi\Challenge1\s4a-challenge4\Windows\System32\winevt\logs\Microsoft-Windows-TaskScheduler%4Operational.evtx,Classic,0,"{""EventData"":{""@Name"":""TaskEngineProcessReceivedStartTask"",""Data"":[{""@Name"":""TaskEngineName"",""#text"":""S-1-5-21-3848053756-3249532031-1848221756-500:WIN-L0ZZQ76PMUF\\Administrator:Interactive:[1]""},{""@Name"":""TaskName"",""#text"":""\\Microsoft\\Windows\\CertificateServicesClient\\UserTask-Roam""}]}}"
526,526,2015-09-03 06:49:13.6349023,100,Info,Microsoft-Windows-TaskScheduler,Microsoft-Windows-TaskScheduler/Operational,1444,3632,WIN-L0ZZQ76PMUF,3,S-1-5-21-3848053756-3249532031-1848221756-500,Scheduled Task started,Context: WIN-L0ZZQ76PMUF\Administrator,,Task: \Microsoft\Windows\CertificateServicesClient\UserTask-Roam,Instance Id: 9aa25573-be3b-4215-ba20-2a4f29a07514,,,,,,False,M:\Forensics\TrainingImages\AliHadi\Challenge1\tout\M\Forensics\TrainingImages\AliHadi\Challenge1\s4a-challenge4\Windows\System32\winevt\logs\Microsoft-Windows-TaskScheduler%4Operational.evtx,Classic,0,"{""EventData"":{""@Name"":""TaskStartEvent"",""Data"":[{""@Name"":""TaskName"",""#text"":""\\Microsoft\\Windows\\CertificateServicesClient\\UserTask-Roam""},{""@Name"":""UserContext"",""#text"":""WIN-L0ZZQ76PMUF\\Administrator""},{""@Name"":""InstanceId"",""#text"":""9aa25573-be3b-4215-ba20-2a4f29a07514""}]}}"
527,527,2015-09-03 06:49:13.6349023,200,Info,Microsoft-Windows-TaskScheduler,Microsoft-Windows-TaskScheduler/Operational,1444,1084,WIN-L0ZZQ76PMUF,3,S-1-5-21-3848053756-3249532031-1848221756-500,Scheduled Task executed,,,Task: \Microsoft\Windows\CertificateServicesClient\UserTask-Roam,Instance Id: 9aa25573-be3b-4215-ba20-2a4f29a07514,,,,,Certificate Services Client Task Handler,False,M:\Forensics\TrainingImages\AliHadi\Challenge1\tout\M\Forensics\TrainingImages\AliHadi\Challenge1\s4a-challenge4\Windows\System32\winevt\logs\Microsoft-Windows-TaskScheduler%4Operational.evtx,Classic,0,"{""EventData"":{""@Name"":""ActionStart"",""Data"":[{""@Name"":""TaskName"",""#text"":""\\Microsoft\\Windows\\CertificateServicesClient\\UserTask-Roam""},{""@Name"":""ActionName"",""#text"":""Certificate Services Client Task Handler""},{""@Name"":""TaskInstanceId"",""#text"":""9aa25573-be3b-4215-ba20-2a4f29a07514""}]}}"
528,528,2015-09-03 06:49:13.6349023,201,Info,Microsoft-Windows-TaskScheduler,Microsoft-Windows-TaskScheduler/Operational,1444,1084,WIN-L0ZZQ76PMUF,3,S-1-5-21-3848053756-3249532031-1848221756-500,Scheduled Task completed,,,Task: \Microsoft\Windows\CertificateServicesClient\UserTask-Roam,Instance Id: 9aa25573-be3b-4215-ba20-2a4f29a07514,,,,,Certificate Services Client Task Handler,False,M:\Forensics\TrainingImages\AliHadi\Challenge1\tout\M\Forensics\TrainingImages\AliHadi\Challenge1\s4a-challenge4\Windows\System32\winevt\logs\Microsoft-Windows-TaskScheduler%4Operational.evtx,Classic,0,"{""EventData"":{""@Name"":""ActionSuccess"",""Data"":[{""@Name"":""TaskName"",""#text"":""\\Microsoft\\Windows\\CertificateServicesClient\\UserTask-Roam""},{""@Name"":""TaskInstanceId"",""#text"":""9aa25573-be3b-4215-ba20-2a4f29a07514""},{""@Name"":""ActionName"",""#text"":""Certificate Services Client Task Handler""},{""@Name"":""ResultCode"",""#text"":""0""}]}}"
529,529,2015-09-03 06:49:13.6349023,102,Info,Microsoft-Windows-TaskScheduler,Microsoft-Windows-TaskScheduler/Operational,1444,1084,WIN-L0ZZQ76PMUF,3,S-1-5-21-3848053756-3249532031-1848221756-500,Scheduled Task completed,Context: WIN-L0ZZQ76PMUF\Administrator,,Task: \Microsoft\Windows\CertificateServicesClient\UserTask-Roam,Instance Id: 9aa25573-be3b-4215-ba20-2a4f29a07514,,,,,,False,M:\Forensics\TrainingImages\AliHadi\Challenge1\tout\M\Forensics\TrainingImages\AliHadi\Challenge1\s4a-challenge4\Windows\System32\winevt\logs\Microsoft-Windows-TaskScheduler%4Operational.evtx,Classic,0,"{""EventData"":{""@Name"":""TaskSuccessEvent"",""Data"":[{""@Name"":""TaskName"",""#text"":""\\Microsoft\\Windows\\CertificateServicesClient\\UserTask-Roam""},{""@Name"":""UserContext"",""#text"":""WIN-L0ZZQ76PMUF\\Administrator""},{""@Name"":""InstanceId"",""#text"":""9aa25573-be3b-4215-ba20-2a4f29a07514""}]}}"
530,530,2015-09-03 07:02:09.1974023,124,Info,Microsoft-Windows-TaskScheduler,Microsoft-Windows-TaskScheduler/Operational,1024,1028,WIN-L0ZZQ76PMUF,3,S-1-5-18,,,,,,,,,,,False,M:\Forensics\TrainingImages\AliHadi\Challenge1\tout\M\Forensics\TrainingImages\AliHadi\Challenge1\s4a-challenge4\Windows\System32\winevt\logs\Microsoft-Windows-TaskScheduler%4Operational.evtx,Classic,0,"{""EventData"":{""@Name"":""SessionLockTrigger"",""Data"":[{""@Name"":""TaskName"",""#text"":""\\Microsoft\\Windows\\CertificateServicesClient\\UserTask-Roam""},{""@Name"":""UserName"",""#text"":""Administrator""},{""@Name"":""InstanceId"",""#text"":""08355f90-244a-4c03-b4f8-5647c5cbbda3""}]}}"
531,531,2015-09-03 07:02:09.2130273,319,Info,Microsoft-Windows-TaskScheduler,Microsoft-Windows-TaskScheduler/Operational,1444,1020,WIN-L0ZZQ76PMUF,3,S-1-5-21-3848053756-3249532031-1848221756-500,,,,,,,,,,,False,M:\Forensics\TrainingImages\AliHadi\Challenge1\tout\M\Forensics\TrainingImages\AliHadi\Challenge1\s4a-challenge4\Windows\System32\winevt\logs\Microsoft-Windows-TaskScheduler%4Operational.evtx,Classic,0,"{""EventData"":{""@Name"":""TaskEngineProcessReceivedStartTask"",""Data"":[{""@Name"":""TaskEngineName"",""#text"":""S-1-5-21-3848053756-3249532031-1848221756-500:WIN-L0ZZQ76PMUF\\Administrator:Interactive:[1]""},{""@Name"":""TaskName"",""#text"":""\\Microsoft\\Windows\\CertificateServicesClient\\UserTask-Roam""}]}}"
532,532,2015-09-03 07:02:09.2130273,100,Info,Microsoft-Windows-TaskScheduler,Microsoft-Windows-TaskScheduler/Operational,1444,1020,WIN-L0ZZQ76PMUF,3,S-1-5-21-3848053756-3249532031-1848221756-500,Scheduled Task started,Context: WIN-L0ZZQ76PMUF\Administrator,,Task: \Microsoft\Windows\CertificateServicesClient\UserTask-Roam,Instance Id: 08355f90-244a-4c03-b4f8-5647c5cbbda3,,,,,,False,M:\Forensics\TrainingImages\AliHadi\Challenge1\tout\M\Forensics\TrainingImages\AliHadi\Challenge1\s4a-challenge4\Windows\System32\winevt\logs\Microsoft-Windows-TaskScheduler%4Operational.evtx,Classic,0,"{""EventData"":{""@Name"":""TaskStartEvent"",""Data"":[{""@Name"":""TaskName"",""#text"":""\\Microsoft\\Windows\\CertificateServicesClient\\UserTask-Roam""},{""@Name"":""UserContext"",""#text"":""WIN-L0ZZQ76PMUF\\Administrator""},{""@Name"":""InstanceId"",""#text"":""08355f90-244a-4c03-b4f8-5647c5cbbda3""}]}}"
533,533,2015-09-03 07:02:09.2130273,200,Info,Microsoft-Windows-TaskScheduler,Microsoft-Windows-TaskScheduler/Operational,1444,784,WIN-L0ZZQ76PMUF,3,S-1-5-21-3848053756-3249532031-1848221756-500,Scheduled Task executed,,,Task: \Microsoft\Windows\CertificateServicesClient\UserTask-Roam,Instance Id: 08355f90-244a-4c03-b4f8-5647c5cbbda3,,,,,Certificate Services Client Task Handler,False,M:\Forensics\TrainingImages\AliHadi\Challenge1\tout\M\Forensics\TrainingImages\AliHadi\Challenge1\s4a-challenge4\Windows\System32\winevt\logs\Microsoft-Windows-TaskScheduler%4Operational.evtx,Classic,0,"{""EventData"":{""@Name"":""ActionStart"",""Data"":[{""@Name"":""TaskName"",""#text"":""\\Microsoft\\Windows\\CertificateServicesClient\\UserTask-Roam""},{""@Name"":""ActionName"",""#text"":""Certificate Services Client Task Handler""},{""@Name"":""TaskInstanceId"",""#text"":""08355f90-244a-4c03-b4f8-5647c5cbbda3""}]}}"
534,534,2015-09-03 07:02:09.2130273,201,Info,Microsoft-Windows-TaskScheduler,Microsoft-Windows-TaskScheduler/Operational,1444,784,WIN-L0ZZQ76PMUF,3,S-1-5-21-3848053756-3249532031-1848221756-500,Scheduled Task completed,,,Task: \Microsoft\Windows\CertificateServicesClient\UserTask-Roam,Instance Id: 08355f90-244a-4c03-b4f8-5647c5cbbda3,,,,,Certificate Services Client Task Handler,False,M:\Forensics\TrainingImages\AliHadi\Challenge1\tout\M\Forensics\TrainingImages\AliHadi\Challenge1\s4a-challenge4\Windows\System32\winevt\logs\Microsoft-Windows-TaskScheduler%4Operational.evtx,Classic,0,"{""EventData"":{""@Name"":""ActionSuccess"",""Data"":[{""@Name"":""TaskName"",""#text"":""\\Microsoft\\Windows\\CertificateServicesClient\\UserTask-Roam""},{""@Name"":""TaskInstanceId"",""#text"":""08355f90-244a-4c03-b4f8-5647c5cbbda3""},{""@Name"":""ActionName"",""#text"":""Certificate Services Client Task Handler""},{""@Name"":""ResultCode"",""#text"":""0""}]}}"
535,535,2015-09-03 07:02:09.2130273,102,Info,Microsoft-Windows-TaskScheduler,Microsoft-Windows-TaskScheduler/Operational,1444,784,WIN-L0ZZQ76PMUF,3,S-1-5-21-3848053756-3249532031-1848221756-500,Scheduled Task completed,Context: WIN-L0ZZQ76PMUF\Administrator,,Task: \Microsoft\Windows\CertificateServicesClient\UserTask-Roam,Instance Id: 08355f90-244a-4c03-b4f8-5647c5cbbda3,,,,,,False,M:\Forensics\TrainingImages\AliHadi\Challenge1\tout\M\Forensics\TrainingImages\AliHadi\Challenge1\s4a-challenge4\Windows\System32\winevt\logs\Microsoft-Windows-TaskScheduler%4Operational.evtx,Classic,0,"{""EventData"":{""@Name"":""TaskSuccessEvent"",""Data"":[{""@Name"":""TaskName"",""#text"":""\\Microsoft\\Windows\\CertificateServicesClient\\UserTask-Roam""},{""@Name"":""UserContext"",""#text"":""WIN-L0ZZQ76PMUF\\Administrator""},{""@Name"":""InstanceId"",""#text"":""08355f90-244a-4c03-b4f8-5647c5cbbda3""}]}}"
536,536,2015-09-03 07:03:37.9005273,125,Info,Microsoft-Windows-TaskScheduler,Microsoft-Windows-TaskScheduler/Operational,1024,1028,WIN-L0ZZQ76PMUF,3,S-1-5-18,,,,,,,,,,,False,M:\Forensics\TrainingImages\AliHadi\Challenge1\tout\M\Forensics\TrainingImages\AliHadi\Challenge1\s4a-challenge4\Windows\System32\winevt\logs\Microsoft-Windows-TaskScheduler%4Operational.evtx,Classic,0,"{""EventData"":{""@Name"":""SessionUnlockTrigger"",""Data"":[{""@Name"":""TaskName"",""#text"":""\\Microsoft\\Windows\\CertificateServicesClient\\UserTask-Roam""},{""@Name"":""UserName"",""#text"":""Administrator""},{""@Name"":""InstanceId"",""#text"":""302ca4d9-61b3-40e0-b73e-6a6cd408fc63""}]}}"
537,537,2015-09-03 07:03:37.9161523,319,Info,Microsoft-Windows-TaskScheduler,Microsoft-Windows-TaskScheduler/Operational,1444,1948,WIN-L0ZZQ76PMUF,3,S-1-5-21-3848053756-3249532031-1848221756-500,,,,,,,,,,,False,M:\Forensics\TrainingImages\AliHadi\Challenge1\tout\M\Forensics\TrainingImages\AliHadi\Challenge1\s4a-challenge4\Windows\System32\winevt\logs\Microsoft-Windows-TaskScheduler%4Operational.evtx,Classic,0,"{""EventData"":{""@Name"":""TaskEngineProcessReceivedStartTask"",""Data"":[{""@Name"":""TaskEngineName"",""#text"":""S-1-5-21-3848053756-3249532031-1848221756-500:WIN-L0ZZQ76PMUF\\Administrator:Interactive:[1]""},{""@Name"":""TaskName"",""#text"":""\\Microsoft\\Windows\\CertificateServicesClient\\UserTask-Roam""}]}}"
538,538,2015-09-03 07:03:37.9161523,100,Info,Microsoft-Windows-TaskScheduler,Microsoft-Windows-TaskScheduler/Operational,1444,1948,WIN-L0ZZQ76PMUF,3,S-1-5-21-3848053756-3249532031-1848221756-500,Scheduled Task started,Context: WIN-L0ZZQ76PMUF\Administrator,,Task: \Microsoft\Windows\CertificateServicesClient\UserTask-Roam,Instance Id: 302ca4d9-61b3-40e0-b73e-6a6cd408fc63,,,,,,False,M:\Forensics\TrainingImages\AliHadi\Challenge1\tout\M\Forensics\TrainingImages\AliHadi\Challenge1\s4a-challenge4\Windows\System32\winevt\logs\Microsoft-Windows-TaskScheduler%4Operational.evtx,Classic,0,"{""EventData"":{""@Name"":""TaskStartEvent"",""Data"":[{""@Name"":""TaskName"",""#text"":""\\Microsoft\\Windows\\CertificateServicesClient\\UserTask-Roam""},{""@Name"":""UserContext"",""#text"":""WIN-L0ZZQ76PMUF\\Administrator""},{""@Name"":""InstanceId"",""#text"":""302ca4d9-61b3-40e0-b73e-6a6cd408fc63""}]}}"
539,539,2015-09-03 07:03:37.9161523,200,Info,Microsoft-Windows-TaskScheduler,Microsoft-Windows-TaskScheduler/Operational,1444,680,WIN-L0ZZQ76PMUF,3,S-1-5-21-3848053756-3249532031-1848221756-500,Scheduled Task executed,,,Task: \Microsoft\Windows\CertificateServicesClient\UserTask-Roam,Instance Id: 302ca4d9-61b3-40e0-b73e-6a6cd408fc63,,,,,Certificate Services Client Task Handler,False,M:\Forensics\TrainingImages\AliHadi\Challenge1\tout\M\Forensics\TrainingImages\AliHadi\Challenge1\s4a-challenge4\Windows\System32\winevt\logs\Microsoft-Windows-TaskScheduler%4Operational.evtx,Classic,0,"{""EventData"":{""@Name"":""ActionStart"",""Data"":[{""@Name"":""TaskName"",""#text"":""\\Microsoft\\Windows\\CertificateServicesClient\\UserTask-Roam""},{""@Name"":""ActionName"",""#text"":""Certificate Services Client Task Handler""},{""@Name"":""TaskInstanceId"",""#text"":""302ca4d9-61b3-40e0-b73e-6a6cd408fc63""}]}}"
540,540,2015-09-03 07:03:37.9161523,201,Info,Microsoft-Windows-TaskScheduler,Microsoft-Windows-TaskScheduler/Operational,1444,680,WIN-L0ZZQ76PMUF,3,S-1-5-21-3848053756-3249532031-1848221756-500,Scheduled Task completed,,,Task: \Microsoft\Windows\CertificateServicesClient\UserTask-Roam,Instance Id: 302ca4d9-61b3-40e0-b73e-6a6cd408fc63,,,,,Certificate Services Client Task Handler,False,M:\Forensics\TrainingImages\AliHadi\Challenge1\tout\M\Forensics\TrainingImages\AliHadi\Challenge1\s4a-challenge4\Windows\System32\winevt\logs\Microsoft-Windows-TaskScheduler%4Operational.evtx,Classic,0,"{""EventData"":{""@Name"":""ActionSuccess"",""Data"":[{""@Name"":""TaskName"",""#text"":""\\Microsoft\\Windows\\CertificateServicesClient\\UserTask-Roam""},{""@Name"":""TaskInstanceId"",""#text"":""302ca4d9-61b3-40e0-b73e-6a6cd408fc63""},{""@Name"":""ActionName"",""#text"":""Certificate Services Client Task Handler""},{""@Name"":""ResultCode"",""#text"":""0""}]}}"
541,541,2015-09-03 07:03:37.9161523,102,Info,Microsoft-Windows-TaskScheduler,Microsoft-Windows-TaskScheduler/Operational,1444,680,WIN-L0ZZQ76PMUF,3,S-1-5-21-3848053756-3249532031-1848221756-500,Scheduled Task completed,Context: WIN-L0ZZQ76PMUF\Administrator,,Task: \Microsoft\Windows\CertificateServicesClient\UserTask-Roam,Instance Id: 302ca4d9-61b3-40e0-b73e-6a6cd408fc63,,,,,,False,M:\Forensics\TrainingImages\AliHadi\Challenge1\tout\M\Forensics\TrainingImages\AliHadi\Challenge1\s4a-challenge4\Windows\System32\winevt\logs\Microsoft-Windows-TaskScheduler%4Operational.evtx,Classic,0,"{""EventData"":{""@Name"":""TaskSuccessEvent"",""Data"":[{""@Name"":""TaskName"",""#text"":""\\Microsoft\\Windows\\CertificateServicesClient\\UserTask-Roam""},{""@Name"":""UserContext"",""#text"":""WIN-L0ZZQ76PMUF\\Administrator""},{""@Name"":""InstanceId"",""#text"":""302ca4d9-61b3-40e0-b73e-6a6cd408fc63""}]}}"
542,542,2015-09-03 07:24:56.7286523,310,Info,Microsoft-Windows-TaskScheduler,Microsoft-Windows-TaskScheduler/Operational,1024,1316,WIN-L0ZZQ76PMUF,3,S-1-5-18,,,,,,,,,,,False,M:\Forensics\TrainingImages\AliHadi\Challenge1\tout\M\Forensics\TrainingImages\AliHadi\Challenge1\s4a-challenge4\Windows\System32\winevt\logs\Microsoft-Windows-TaskScheduler%4Operational.evtx,Classic,0,"{""EventData"":{""@Name"":""TaskEngineProcessStarted"",""Data"":[{""@Name"":""TaskEngineName"",""#text"":""S-1-5-19:NT AUTHORITY\\LocalService:Service:""},{""@Name"":""Command"",""#text"":""taskeng.exe""},{""@Name"":""ProcessID"",""#text"":""2564""},{""@Name"":""ThreadID"",""#text"":""3624""}]}}"
543,543,2015-09-03 07:24:56.8536523,317,Info,Microsoft-Windows-TaskScheduler,Microsoft-Windows-TaskScheduler/Operational,2564,3624,WIN-L0ZZQ76PMUF,3,S-1-5-19,,,,,,,,,,,False,M:\Forensics\TrainingImages\AliHadi\Challenge1\tout\M\Forensics\TrainingImages\AliHadi\Challenge1\s4a-challenge4\Windows\System32\winevt\logs\Microsoft-Windows-TaskScheduler%4Operational.evtx,Classic,0,"{""EventData"":{""@Name"":""TaskEngineProcessMainStarted"",""Data"":{""@Name"":""TaskEngineName"",""#text"":""S-1-5-19:NT AUTHORITY\\LocalService:Service:""}}}"
544,544,2015-09-03 07:24:56.9005273,319,Info,Microsoft-Windows-TaskScheduler,Microsoft-Windows-TaskScheduler/Operational,2564,2584,WIN-L0ZZQ76PMUF,3,S-1-5-19,,,,,,,,,,,False,M:\Forensics\TrainingImages\AliHadi\Challenge1\tout\M\Forensics\TrainingImages\AliHadi\Challenge1\s4a-challenge4\Windows\System32\winevt\logs\Microsoft-Windows-TaskScheduler%4Operational.evtx,Classic,0,"{""EventData"":{""@Name"":""TaskEngineProcessReceivedStartTask"",""Data"":[{""@Name"":""TaskEngineName"",""#text"":""S-1-5-19:NT AUTHORITY\\LocalService:Service:""},{""@Name"":""TaskName"",""#text"":""\\Microsoft\\Windows\\RAC\\RACAgent""}]}}"
545,545,2015-09-03 07:24:56.9005273,100,Info,Microsoft-Windows-TaskScheduler,Microsoft-Windows-TaskScheduler/Operational,2564,2584,WIN-L0ZZQ76PMUF,3,S-1-5-19,Scheduled Task started,Context: NT AUTHORITY\LOCAL SERVICE,,Task: \Microsoft\Windows\RAC\RACAgent,Instance Id: a4bf8175-8103-4657-87a2-9cf7a21d3a3e,,,,,,False,M:\Forensics\TrainingImages\AliHadi\Challenge1\tout\M\Forensics\TrainingImages\AliHadi\Challenge1\s4a-challenge4\Windows\System32\winevt\logs\Microsoft-Windows-TaskScheduler%4Operational.evtx,Classic,0,"{""EventData"":{""@Name"":""TaskStartEvent"",""Data"":[{""@Name"":""TaskName"",""#text"":""\\Microsoft\\Windows\\RAC\\RACAgent""},{""@Name"":""UserContext"",""#text"":""NT AUTHORITY\\LOCAL SERVICE""},{""@Name"":""InstanceId"",""#text"":""a4bf8175-8103-4657-87a2-9cf7a21d3a3e""}]}}"
546,546,2015-09-03 07:24:56.9005273,200,Info,Microsoft-Windows-TaskScheduler,Microsoft-Windows-TaskScheduler/Operational,2564,3812,WIN-L0ZZQ76PMUF,3,S-1-5-19,Scheduled Task executed,,,Task: \Microsoft\Windows\RAC\RACAgent,Instance Id: a4bf8175-8103-4657-87a2-9cf7a21d3a3e,,,,,%windir%\system32\RacAgent.exe,False,M:\Forensics\TrainingImages\AliHadi\Challenge1\tout\M\Forensics\TrainingImages\AliHadi\Challenge1\s4a-challenge4\Windows\System32\winevt\logs\Microsoft-Windows-TaskScheduler%4Operational.evtx,Classic,0,"{""EventData"":{""@Name"":""ActionStart"",""Data"":[{""@Name"":""TaskName"",""#text"":""\\Microsoft\\Windows\\RAC\\RACAgent""},{""@Name"":""ActionName"",""#text"":""%windir%\\system32\\RacAgent.exe""},{""@Name"":""TaskInstanceId"",""#text"":""a4bf8175-8103-4657-87a2-9cf7a21d3a3e""}]}}"
547,547,2015-09-03 07:24:56.9005273,129,Info,Microsoft-Windows-TaskScheduler,Microsoft-Windows-TaskScheduler/Operational,2564,3812,WIN-L0ZZQ76PMUF,3,S-1-5-19,Scheduled Task created,,,Task: \Microsoft\Windows\RAC\RACAgent,ProcessID: 3948,,,,,C:\Windows\system32\RacAgent.exe,False,M:\Forensics\TrainingImages\AliHadi\Challenge1\tout\M\Forensics\TrainingImages\AliHadi\Challenge1\s4a-challenge4\Windows\System32\winevt\logs\Microsoft-Windows-TaskScheduler%4Operational.evtx,Classic,0,"{""EventData"":{""@Name"":""CreatedTaskProcess"",""Data"":[{""@Name"":""TaskName"",""#text"":""\\Microsoft\\Windows\\RAC\\RACAgent""},{""@Name"":""Path"",""#text"":""C:\\Windows\\system32\\RacAgent.exe""},{""@Name"":""ProcessID"",""#text"":""3948""},{""@Name"":""Priority"",""#text"":""7""}]}}"
548,548,2015-09-03 07:24:57.4474023,201,Info,Microsoft-Windows-TaskScheduler,Microsoft-Windows-TaskScheduler/Operational,2564,3812,WIN-L0ZZQ76PMUF,3,S-1-5-19,Scheduled Task completed,,,Task: \Microsoft\Windows\RAC\RACAgent,Instance Id: a4bf8175-8103-4657-87a2-9cf7a21d3a3e,,,,,C:\Windows\system32\RacAgent.exe,False,M:\Forensics\TrainingImages\AliHadi\Challenge1\tout\M\Forensics\TrainingImages\AliHadi\Challenge1\s4a-challenge4\Windows\System32\winevt\logs\Microsoft-Windows-TaskScheduler%4Operational.evtx,Classic,0,"{""EventData"":{""@Name"":""ActionSuccess"",""Data"":[{""@Name"":""TaskName"",""#text"":""\\Microsoft\\Windows\\RAC\\RACAgent""},{""@Name"":""TaskInstanceId"",""#text"":""a4bf8175-8103-4657-87a2-9cf7a21d3a3e""},{""@Name"":""ActionName"",""#text"":""C:\\Windows\\system32\\RacAgent.exe""},{""@Name"":""ResultCode"",""#text"":""0""}]}}"
549,549,2015-09-03 07:24:57.4474023,102,Info,Microsoft-Windows-TaskScheduler,Microsoft-Windows-TaskScheduler/Operational,2564,3812,WIN-L0ZZQ76PMUF,3,S-1-5-19,Scheduled Task completed,Context: NT AUTHORITY\LOCAL SERVICE,,Task: \Microsoft\Windows\RAC\RACAgent,Instance Id: a4bf8175-8103-4657-87a2-9cf7a21d3a3e,,,,,,False,M:\Forensics\TrainingImages\AliHadi\Challenge1\tout\M\Forensics\TrainingImages\AliHadi\Challenge1\s4a-challenge4\Windows\System32\winevt\logs\Microsoft-Windows-TaskScheduler%4Operational.evtx,Classic,0,"{""EventData"":{""@Name"":""TaskSuccessEvent"",""Data"":[{""@Name"":""TaskName"",""#text"":""\\Microsoft\\Windows\\RAC\\RACAgent""},{""@Name"":""UserContext"",""#text"":""NT AUTHORITY\\LOCAL SERVICE""},{""@Name"":""InstanceId"",""#text"":""a4bf8175-8103-4657-87a2-9cf7a21d3a3e""}]}}"
550,550,2015-09-03 07:24:57.4474023,314,Info,Microsoft-Windows-TaskScheduler,Microsoft-Windows-TaskScheduler/Operational,1024,3716,WIN-L0ZZQ76PMUF,3,S-1-5-18,,,,,,,,,,,False,M:\Forensics\TrainingImages\AliHadi\Challenge1\tout\M\Forensics\TrainingImages\AliHadi\Challenge1\s4a-challenge4\Windows\System32\winevt\logs\Microsoft-Windows-TaskScheduler%4Operational.evtx,Classic,0,"{""EventData"":{""@Name"":""TaskEngineIdle"",""Data"":{""@Name"":""TaskEngineName"",""#text"":""S-1-5-19:NT AUTHORITY\\LocalService:Service:""}}}"
551,551,2015-09-03 07:29:57.4942773,301,Info,Microsoft-Windows-TaskScheduler,Microsoft-Windows-TaskScheduler/Operational,2564,3624,WIN-L0ZZQ76PMUF,3,S-1-5-19,,,,,,,,,,,False,M:\Forensics\TrainingImages\AliHadi\Challenge1\tout\M\Forensics\TrainingImages\AliHadi\Challenge1\s4a-challenge4\Windows\System32\winevt\logs\Microsoft-Windows-TaskScheduler%4Operational.evtx,Classic,0,"{""EventData"":{""@Name"":""TaskEngineExitEvent"",""Data"":{""@Name"":""TaskEngineName"",""#text"":""S-1-5-19:NT AUTHORITY\\LocalService:Service:""}}}"
552,552,2015-09-03 07:29:57.4942773,318,Info,Microsoft-Windows-TaskScheduler,Microsoft-Windows-TaskScheduler/Operational,2564,3624,WIN-L0ZZQ76PMUF,3,S-1-5-19,,,,,,,,,,,False,M:\Forensics\TrainingImages\AliHadi\Challenge1\tout\M\Forensics\TrainingImages\AliHadi\Challenge1\s4a-challenge4\Windows\System32\winevt\logs\Microsoft-Windows-TaskScheduler%4Operational.evtx,Classic,0,"{""EventData"":{""@Name"":""TaskEngineProcessMainShutdown"",""Data"":{""@Name"":""TaskEngineName"",""#text"":""S-1-5-19:NT AUTHORITY\\LocalService:Service:""}}}"
553,553,2015-09-03 07:29:57.4942773,318,Info,Microsoft-Windows-TaskScheduler,Microsoft-Windows-TaskScheduler/Operational,1024,2312,WIN-L0ZZQ76PMUF,3,S-1-5-18,,,,,,,,,,,False,M:\Forensics\TrainingImages\AliHadi\Challenge1\tout\M\Forensics\TrainingImages\AliHadi\Challenge1\s4a-challenge4\Windows\System32\winevt\logs\Microsoft-Windows-TaskScheduler%4Operational.evtx,Classic,0,"{""EventData"":{""@Name"":""TaskEngineProcessMainShutdown"",""Data"":{""@Name"":""TaskEngineName"",""#text"":""S-1-5-19:NT AUTHORITY\\LocalService:Service:""}}}"
554,554,2015-09-03 07:41:06.1661523,124,Info,Microsoft-Windows-TaskScheduler,Microsoft-Windows-TaskScheduler/Operational,1024,1028,WIN-L0ZZQ76PMUF,3,S-1-5-18,,,,,,,,,,,False,M:\Forensics\TrainingImages\AliHadi\Challenge1\tout\M\Forensics\TrainingImages\AliHadi\Challenge1\s4a-challenge4\Windows\System32\winevt\logs\Microsoft-Windows-TaskScheduler%4Operational.evtx,Classic,0,"{""EventData"":{""@Name"":""SessionLockTrigger"",""Data"":[{""@Name"":""TaskName"",""#text"":""\\Microsoft\\Windows\\CertificateServicesClient\\UserTask-Roam""},{""@Name"":""UserName"",""#text"":""Administrator""},{""@Name"":""InstanceId"",""#text"":""aa9110bf-300f-4f9b-ace4-1193d0a77713""}]}}"
555,555,2015-09-03 07:41:06.1974023,319,Info,Microsoft-Windows-TaskScheduler,Microsoft-Windows-TaskScheduler/Operational,1444,2580,WIN-L0ZZQ76PMUF,3,S-1-5-21-3848053756-3249532031-1848221756-500,,,,,,,,,,,False,M:\Forensics\TrainingImages\AliHadi\Challenge1\tout\M\Forensics\TrainingImages\AliHadi\Challenge1\s4a-challenge4\Windows\System32\winevt\logs\Microsoft-Windows-TaskScheduler%4Operational.evtx,Classic,0,"{""EventData"":{""@Name"":""TaskEngineProcessReceivedStartTask"",""Data"":[{""@Name"":""TaskEngineName"",""#text"":""S-1-5-21-3848053756-3249532031-1848221756-500:WIN-L0ZZQ76PMUF\\Administrator:Interactive:[1]""},{""@Name"":""TaskName"",""#text"":""\\Microsoft\\Windows\\CertificateServicesClient\\UserTask-Roam""}]}}"
556,556,2015-09-03 07:41:06.1974023,100,Info,Microsoft-Windows-TaskScheduler,Microsoft-Windows-TaskScheduler/Operational,1444,2580,WIN-L0ZZQ76PMUF,3,S-1-5-21-3848053756-3249532031-1848221756-500,Scheduled Task started,Context: WIN-L0ZZQ76PMUF\Administrator,,Task: \Microsoft\Windows\CertificateServicesClient\UserTask-Roam,Instance Id: aa9110bf-300f-4f9b-ace4-1193d0a77713,,,,,,False,M:\Forensics\TrainingImages\AliHadi\Challenge1\tout\M\Forensics\TrainingImages\AliHadi\Challenge1\s4a-challenge4\Windows\System32\winevt\logs\Microsoft-Windows-TaskScheduler%4Operational.evtx,Classic,0,"{""EventData"":{""@Name"":""TaskStartEvent"",""Data"":[{""@Name"":""TaskName"",""#text"":""\\Microsoft\\Windows\\CertificateServicesClient\\UserTask-Roam""},{""@Name"":""UserContext"",""#text"":""WIN-L0ZZQ76PMUF\\Administrator""},{""@Name"":""InstanceId"",""#text"":""aa9110bf-300f-4f9b-ace4-1193d0a77713""}]}}"
557,557,2015-09-03 07:41:06.1974023,200,Info,Microsoft-Windows-TaskScheduler,Microsoft-Windows-TaskScheduler/Operational,1444,3680,WIN-L0ZZQ76PMUF,3,S-1-5-21-3848053756-3249532031-1848221756-500,Scheduled Task executed,,,Task: \Microsoft\Windows\CertificateServicesClient\UserTask-Roam,Instance Id: aa9110bf-300f-4f9b-ace4-1193d0a77713,,,,,Certificate Services Client Task Handler,False,M:\Forensics\TrainingImages\AliHadi\Challenge1\tout\M\Forensics\TrainingImages\AliHadi\Challenge1\s4a-challenge4\Windows\System32\winevt\logs\Microsoft-Windows-TaskScheduler%4Operational.evtx,Classic,0,"{""EventData"":{""@Name"":""ActionStart"",""Data"":[{""@Name"":""TaskName"",""#text"":""\\Microsoft\\Windows\\CertificateServicesClient\\UserTask-Roam""},{""@Name"":""ActionName"",""#text"":""Certificate Services Client Task Handler""},{""@Name"":""TaskInstanceId"",""#text"":""aa9110bf-300f-4f9b-ace4-1193d0a77713""}]}}"
558,558,2015-09-03 07:41:06.1974023,201,Info,Microsoft-Windows-TaskScheduler,Microsoft-Windows-TaskScheduler/Operational,1444,3680,WIN-L0ZZQ76PMUF,3,S-1-5-21-3848053756-3249532031-1848221756-500,Scheduled Task completed,,,Task: \Microsoft\Windows\CertificateServicesClient\UserTask-Roam,Instance Id: aa9110bf-300f-4f9b-ace4-1193d0a77713,,,,,Certificate Services Client Task Handler,False,M:\Forensics\TrainingImages\AliHadi\Challenge1\tout\M\Forensics\TrainingImages\AliHadi\Challenge1\s4a-challenge4\Windows\System32\winevt\logs\Microsoft-Windows-TaskScheduler%4Operational.evtx,Classic,0,"{""EventData"":{""@Name"":""ActionSuccess"",""Data"":[{""@Name"":""TaskName"",""#text"":""\\Microsoft\\Windows\\CertificateServicesClient\\UserTask-Roam""},{""@Name"":""TaskInstanceId"",""#text"":""aa9110bf-300f-4f9b-ace4-1193d0a77713""},{""@Name"":""ActionName"",""#text"":""Certificate Services Client Task Handler""},{""@Name"":""ResultCode"",""#text"":""0""}]}}"
559,559,2015-09-03 07:41:06.1974023,102,Info,Microsoft-Windows-TaskScheduler,Microsoft-Windows-TaskScheduler/Operational,1444,3680,WIN-L0ZZQ76PMUF,3,S-1-5-21-3848053756-3249532031-1848221756-500,Scheduled Task completed,Context: WIN-L0ZZQ76PMUF\Administrator,,Task: \Microsoft\Windows\CertificateServicesClient\UserTask-Roam,Instance Id: aa9110bf-300f-4f9b-ace4-1193d0a77713,,,,,,False,M:\Forensics\TrainingImages\AliHadi\Challenge1\tout\M\Forensics\TrainingImages\AliHadi\Challenge1\s4a-challenge4\Windows\System32\winevt\logs\Microsoft-Windows-TaskScheduler%4Operational.evtx,Classic,0,"{""EventData"":{""@Name"":""TaskSuccessEvent"",""Data"":[{""@Name"":""TaskName"",""#text"":""\\Microsoft\\Windows\\CertificateServicesClient\\UserTask-Roam""},{""@Name"":""UserContext"",""#text"":""WIN-L0ZZQ76PMUF\\Administrator""},{""@Name"":""InstanceId"",""#text"":""aa9110bf-300f-4f9b-ace4-1193d0a77713""}]}}"
560,560,2015-09-03 08:24:59.7167483,310,Info,Microsoft-Windows-TaskScheduler,Microsoft-Windows-TaskScheduler/Operational,1024,1316,WIN-L0ZZQ76PMUF,3,S-1-5-18,,,,,,,,,,,False,M:\Forensics\TrainingImages\AliHadi\Challenge1\tout\M\Forensics\TrainingImages\AliHadi\Challenge1\s4a-challenge4\Windows\System32\winevt\logs\Microsoft-Windows-TaskScheduler%4Operational.evtx,Classic,0,"{""EventData"":{""@Name"":""TaskEngineProcessStarted"",""Data"":[{""@Name"":""TaskEngineName"",""#text"":""S-1-5-19:NT AUTHORITY\\LocalService:Service:""},{""@Name"":""Command"",""#text"":""taskeng.exe""},{""@Name"":""ProcessID"",""#text"":""1772""},{""@Name"":""ThreadID"",""#text"":""2132""}]}}"
561,561,2015-09-03 08:24:59.8261233,317,Info,Microsoft-Windows-TaskScheduler,Microsoft-Windows-TaskScheduler/Operational,1772,2132,WIN-L0ZZQ76PMUF,3,S-1-5-19,,,,,,,,,,,False,M:\Forensics\TrainingImages\AliHadi\Challenge1\tout\M\Forensics\TrainingImages\AliHadi\Challenge1\s4a-challenge4\Windows\System32\winevt\logs\Microsoft-Windows-TaskScheduler%4Operational.evtx,Classic,0,"{""EventData"":{""@Name"":""TaskEngineProcessMainStarted"",""Data"":{""@Name"":""TaskEngineName"",""#text"":""S-1-5-19:NT AUTHORITY\\LocalService:Service:""}}}"
562,562,2015-09-03 08:24:59.8261233,319,Info,Microsoft-Windows-TaskScheduler,Microsoft-Windows-TaskScheduler/Operational,1772,1636,WIN-L0ZZQ76PMUF,3,S-1-5-19,,,,,,,,,,,False,M:\Forensics\TrainingImages\AliHadi\Challenge1\tout\M\Forensics\TrainingImages\AliHadi\Challenge1\s4a-challenge4\Windows\System32\winevt\logs\Microsoft-Windows-TaskScheduler%4Operational.evtx,Classic,0,"{""EventData"":{""@Name"":""TaskEngineProcessReceivedStartTask"",""Data"":[{""@Name"":""TaskEngineName"",""#text"":""S-1-5-19:NT AUTHORITY\\LocalService:Service:""},{""@Name"":""TaskName"",""#text"":""\\Microsoft\\Windows\\RAC\\RACAgent""}]}}"
563,563,2015-09-03 08:24:59.8261233,100,Info,Microsoft-Windows-TaskScheduler,Microsoft-Windows-TaskScheduler/Operational,1772,1636,WIN-L0ZZQ76PMUF,3,S-1-5-19,Scheduled Task started,Context: NT AUTHORITY\LOCAL SERVICE,,Task: \Microsoft\Windows\RAC\RACAgent,Instance Id: fd735164-2379-438e-9cc7-44c288d2806e,,,,,,False,M:\Forensics\TrainingImages\AliHadi\Challenge1\tout\M\Forensics\TrainingImages\AliHadi\Challenge1\s4a-challenge4\Windows\System32\winevt\logs\Microsoft-Windows-TaskScheduler%4Operational.evtx,Classic,0,"{""EventData"":{""@Name"":""TaskStartEvent"",""Data"":[{""@Name"":""TaskName"",""#text"":""\\Microsoft\\Windows\\RAC\\RACAgent""},{""@Name"":""UserContext"",""#text"":""NT AUTHORITY\\LOCAL SERVICE""},{""@Name"":""InstanceId"",""#text"":""fd735164-2379-438e-9cc7-44c288d2806e""}]}}"
564,564,2015-09-03 08:24:59.8261233,200,Info,Microsoft-Windows-TaskScheduler,Microsoft-Windows-TaskScheduler/Operational,1772,3812,WIN-L0ZZQ76PMUF,3,S-1-5-19,Scheduled Task executed,,,Task: \Microsoft\Windows\RAC\RACAgent,Instance Id: fd735164-2379-438e-9cc7-44c288d2806e,,,,,%windir%\system32\RacAgent.exe,False,M:\Forensics\TrainingImages\AliHadi\Challenge1\tout\M\Forensics\TrainingImages\AliHadi\Challenge1\s4a-challenge4\Windows\System32\winevt\logs\Microsoft-Windows-TaskScheduler%4Operational.evtx,Classic,0,"{""EventData"":{""@Name"":""ActionStart"",""Data"":[{""@Name"":""TaskName"",""#text"":""\\Microsoft\\Windows\\RAC\\RACAgent""},{""@Name"":""ActionName"",""#text"":""%windir%\\system32\\RacAgent.exe""},{""@Name"":""TaskInstanceId"",""#text"":""fd735164-2379-438e-9cc7-44c288d2806e""}]}}"
565,565,2015-09-03 08:24:59.8417483,129,Info,Microsoft-Windows-TaskScheduler,Microsoft-Windows-TaskScheduler/Operational,1772,3812,WIN-L0ZZQ76PMUF,3,S-1-5-19,Scheduled Task created,,,Task: \Microsoft\Windows\RAC\RACAgent,ProcessID: 4048,,,,,C:\Windows\system32\RacAgent.exe,False,M:\Forensics\TrainingImages\AliHadi\Challenge1\tout\M\Forensics\TrainingImages\AliHadi\Challenge1\s4a-challenge4\Windows\System32\winevt\logs\Microsoft-Windows-TaskScheduler%4Operational.evtx,Classic,0,"{""EventData"":{""@Name"":""CreatedTaskProcess"",""Data"":[{""@Name"":""TaskName"",""#text"":""\\Microsoft\\Windows\\RAC\\RACAgent""},{""@Name"":""Path"",""#text"":""C:\\Windows\\system32\\RacAgent.exe""},{""@Name"":""ProcessID"",""#text"":""4048""},{""@Name"":""Priority"",""#text"":""7""}]}}"
566,566,2015-09-03 08:24:59.8573733,201,Info,Microsoft-Windows-TaskScheduler,Microsoft-Windows-TaskScheduler/Operational,1772,3812,WIN-L0ZZQ76PMUF,3,S-1-5-19,Scheduled Task completed,,,Task: \Microsoft\Windows\RAC\RACAgent,Instance Id: fd735164-2379-438e-9cc7-44c288d2806e,,,,,C:\Windows\system32\RacAgent.exe,False,M:\Forensics\TrainingImages\AliHadi\Challenge1\tout\M\Forensics\TrainingImages\AliHadi\Challenge1\s4a-challenge4\Windows\System32\winevt\logs\Microsoft-Windows-TaskScheduler%4Operational.evtx,Classic,0,"{""EventData"":{""@Name"":""ActionSuccess"",""Data"":[{""@Name"":""TaskName"",""#text"":""\\Microsoft\\Windows\\RAC\\RACAgent""},{""@Name"":""TaskInstanceId"",""#text"":""fd735164-2379-438e-9cc7-44c288d2806e""},{""@Name"":""ActionName"",""#text"":""C:\\Windows\\system32\\RacAgent.exe""},{""@Name"":""ResultCode"",""#text"":""0""}]}}"
567,567,2015-09-03 08:24:59.8573733,102,Info,Microsoft-Windows-TaskScheduler,Microsoft-Windows-TaskScheduler/Operational,1772,3812,WIN-L0ZZQ76PMUF,3,S-1-5-19,Scheduled Task completed,Context: NT AUTHORITY\LOCAL SERVICE,,Task: \Microsoft\Windows\RAC\RACAgent,Instance Id: fd735164-2379-438e-9cc7-44c288d2806e,,,,,,False,M:\Forensics\TrainingImages\AliHadi\Challenge1\tout\M\Forensics\TrainingImages\AliHadi\Challenge1\s4a-challenge4\Windows\System32\winevt\logs\Microsoft-Windows-TaskScheduler%4Operational.evtx,Classic,0,"{""EventData"":{""@Name"":""TaskSuccessEvent"",""Data"":[{""@Name"":""TaskName"",""#text"":""\\Microsoft\\Windows\\RAC\\RACAgent""},{""@Name"":""UserContext"",""#text"":""NT AUTHORITY\\LOCAL SERVICE""},{""@Name"":""InstanceId"",""#text"":""fd735164-2379-438e-9cc7-44c288d2806e""}]}}"
568,568,2015-09-03 08:24:59.8573733,314,Info,Microsoft-Windows-TaskScheduler,Microsoft-Windows-TaskScheduler/Operational,1024,2432,WIN-L0ZZQ76PMUF,3,S-1-5-18,,,,,,,,,,,False,M:\Forensics\TrainingImages\AliHadi\Challenge1\tout\M\Forensics\TrainingImages\AliHadi\Challenge1\s4a-challenge4\Windows\System32\winevt\logs\Microsoft-Windows-TaskScheduler%4Operational.evtx,Classic,0,"{""EventData"":{""@Name"":""TaskEngineIdle"",""Data"":{""@Name"":""TaskEngineName"",""#text"":""S-1-5-19:NT AUTHORITY\\LocalService:Service:""}}}"
569,569,2015-09-03 08:27:43.9979983,107,Info,Microsoft-Windows-TaskScheduler,Microsoft-Windows-TaskScheduler/Operational,1024,1304,WIN-L0ZZQ76PMUF,3,S-1-5-18,,,,,,,,,,,False,M:\Forensics\TrainingImages\AliHadi\Challenge1\tout\M\Forensics\TrainingImages\AliHadi\Challenge1\s4a-challenge4\Windows\System32\winevt\logs\Microsoft-Windows-TaskScheduler%4Operational.evtx,Classic,0,"{""EventData"":{""@Name"":""TimeTriggerEvent"",""Data"":[{""@Name"":""TaskName"",""#text"":""\\Microsoft\\Windows\\Customer Experience Improvement Program\\Server\\ServerRoleCollector""},{""@Name"":""InstanceId"",""#text"":""1028bd87-c466-4bdd-819b-00e8634fd37b""}]}}"
570,570,2015-09-03 08:27:43.9979983,319,Info,Microsoft-Windows-TaskScheduler,Microsoft-Windows-TaskScheduler/Operational,1984,3592,WIN-L0ZZQ76PMUF,3,S-1-5-18,,,,,,,,,,,False,M:\Forensics\TrainingImages\AliHadi\Challenge1\tout\M\Forensics\TrainingImages\AliHadi\Challenge1\s4a-challenge4\Windows\System32\winevt\logs\Microsoft-Windows-TaskScheduler%4Operational.evtx,Classic,0,"{""EventData"":{""@Name"":""TaskEngineProcessReceivedStartTask"",""Data"":[{""@Name"":""TaskEngineName"",""#text"":""S-1-5-18:NT AUTHORITY\\System:Service:""},{""@Name"":""TaskName"",""#text"":""\\Microsoft\\Windows\\Customer Experience Improvement Program\\Server\\ServerRoleCollector""}]}}"
571,571,2015-09-03 08:27:44.0604983,100,Info,Microsoft-Windows-TaskScheduler,Microsoft-Windows-TaskScheduler/Operational,1984,3592,WIN-L0ZZQ76PMUF,3,S-1-5-18,Scheduled Task started,Context: WORKGROUP\WIN-L0ZZQ76PMUF$,,Task: \Microsoft\Windows\Customer Experience Improvement Program\Server\ServerRoleCollector,Instance Id: 1028bd87-c466-4bdd-819b-00e8634fd37b,,,,,,False,M:\Forensics\TrainingImages\AliHadi\Challenge1\tout\M\Forensics\TrainingImages\AliHadi\Challenge1\s4a-challenge4\Windows\System32\winevt\logs\Microsoft-Windows-TaskScheduler%4Operational.evtx,Classic,0,"{""EventData"":{""@Name"":""TaskStartEvent"",""Data"":[{""@Name"":""TaskName"",""#text"":""\\Microsoft\\Windows\\Customer Experience Improvement Program\\Server\\ServerRoleCollector""},{""@Name"":""UserContext"",""#text"":""WORKGROUP\\WIN-L0ZZQ76PMUF$""},{""@Name"":""InstanceId"",""#text"":""1028bd87-c466-4bdd-819b-00e8634fd37b""}]}}"
572,572,2015-09-03 08:27:44.0604983,200,Info,Microsoft-Windows-TaskScheduler,Microsoft-Windows-TaskScheduler/Operational,1984,1652,WIN-L0ZZQ76PMUF,3,S-1-5-18,Scheduled Task executed,,,Task: \Microsoft\Windows\Customer Experience Improvement Program\Server\ServerRoleCollector,Instance Id: 1028bd87-c466-4bdd-819b-00e8634fd37b,,,,,%windir%\system32\ceiprole.exe,False,M:\Forensics\TrainingImages\AliHadi\Challenge1\tout\M\Forensics\TrainingImages\AliHadi\Challenge1\s4a-challenge4\Windows\System32\winevt\logs\Microsoft-Windows-TaskScheduler%4Operational.evtx,Classic,0,"{""EventData"":{""@Name"":""ActionStart"",""Data"":[{""@Name"":""TaskName"",""#text"":""\\Microsoft\\Windows\\Customer Experience Improvement Program\\Server\\ServerRoleCollector""},{""@Name"":""ActionName"",""#text"":""%windir%\\system32\\ceiprole.exe""},{""@Name"":""TaskInstanceId"",""#text"":""1028bd87-c466-4bdd-819b-00e8634fd37b""}]}}"
573,573,2015-09-03 08:27:44.1229983,129,Info,Microsoft-Windows-TaskScheduler,Microsoft-Windows-TaskScheduler/Operational,1984,1652,WIN-L0ZZQ76PMUF,3,S-1-5-18,Scheduled Task created,,,Task: \Microsoft\Windows\Customer Experience Improvement Program\Server\ServerRoleCollector,ProcessID: 2244,,,,,C:\Windows\system32\ceiprole.exe,False,M:\Forensics\TrainingImages\AliHadi\Challenge1\tout\M\Forensics\TrainingImages\AliHadi\Challenge1\s4a-challenge4\Windows\System32\winevt\logs\Microsoft-Windows-TaskScheduler%4Operational.evtx,Classic,0,"{""EventData"":{""@Name"":""CreatedTaskProcess"",""Data"":[{""@Name"":""TaskName"",""#text"":""\\Microsoft\\Windows\\Customer Experience Improvement Program\\Server\\ServerRoleCollector""},{""@Name"":""Path"",""#text"":""C:\\Windows\\system32\\ceiprole.exe""},{""@Name"":""ProcessID"",""#text"":""2244""},{""@Name"":""Priority"",""#text"":""7""}]}}"
574,574,2015-09-03 08:27:57.0604983,201,Info,Microsoft-Windows-TaskScheduler,Microsoft-Windows-TaskScheduler/Operational,1984,1652,WIN-L0ZZQ76PMUF,3,S-1-5-18,Scheduled Task completed,,,Task: \Microsoft\Windows\Customer Experience Improvement Program\Server\ServerRoleCollector,Instance Id: 1028bd87-c466-4bdd-819b-00e8634fd37b,,,,,C:\Windows\system32\ceiprole.exe,False,M:\Forensics\TrainingImages\AliHadi\Challenge1\tout\M\Forensics\TrainingImages\AliHadi\Challenge1\s4a-challenge4\Windows\System32\winevt\logs\Microsoft-Windows-TaskScheduler%4Operational.evtx,Classic,0,"{""EventData"":{""@Name"":""ActionSuccess"",""Data"":[{""@Name"":""TaskName"",""#text"":""\\Microsoft\\Windows\\Customer Experience Improvement Program\\Server\\ServerRoleCollector""},{""@Name"":""TaskInstanceId"",""#text"":""1028bd87-c466-4bdd-819b-00e8634fd37b""},{""@Name"":""ActionName"",""#text"":""C:\\Windows\\system32\\ceiprole.exe""},{""@Name"":""ResultCode"",""#text"":""0""}]}}"
575,575,2015-09-03 08:27:57.0604983,102,Info,Microsoft-Windows-TaskScheduler,Microsoft-Windows-TaskScheduler/Operational,1984,1652,WIN-L0ZZQ76PMUF,3,S-1-5-18,Scheduled Task completed,Context: WORKGROUP\WIN-L0ZZQ76PMUF$,,Task: \Microsoft\Windows\Customer Experience Improvement Program\Server\ServerRoleCollector,Instance Id: 1028bd87-c466-4bdd-819b-00e8634fd37b,,,,,,False,M:\Forensics\TrainingImages\AliHadi\Challenge1\tout\M\Forensics\TrainingImages\AliHadi\Challenge1\s4a-challenge4\Windows\System32\winevt\logs\Microsoft-Windows-TaskScheduler%4Operational.evtx,Classic,0,"{""EventData"":{""@Name"":""TaskSuccessEvent"",""Data"":[{""@Name"":""TaskName"",""#text"":""\\Microsoft\\Windows\\Customer Experience Improvement Program\\Server\\ServerRoleCollector""},{""@Name"":""UserContext"",""#text"":""WORKGROUP\\WIN-L0ZZQ76PMUF$""},{""@Name"":""InstanceId"",""#text"":""1028bd87-c466-4bdd-819b-00e8634fd37b""}]}}"
576,576,2015-09-03 08:29:59.9042483,301,Info,Microsoft-Windows-TaskScheduler,Microsoft-Windows-TaskScheduler/Operational,1772,2132,WIN-L0ZZQ76PMUF,3,S-1-5-19,,,,,,,,,,,False,M:\Forensics\TrainingImages\AliHadi\Challenge1\tout\M\Forensics\TrainingImages\AliHadi\Challenge1\s4a-challenge4\Windows\System32\winevt\logs\Microsoft-Windows-TaskScheduler%4Operational.evtx,Classic,0,"{""EventData"":{""@Name"":""TaskEngineExitEvent"",""Data"":{""@Name"":""TaskEngineName"",""#text"":""S-1-5-19:NT AUTHORITY\\LocalService:Service:""}}}"
577,577,2015-09-03 08:29:59.9042483,318,Info,Microsoft-Windows-TaskScheduler,Microsoft-Windows-TaskScheduler/Operational,1772,2132,WIN-L0ZZQ76PMUF,3,S-1-5-19,,,,,,,,,,,False,M:\Forensics\TrainingImages\AliHadi\Challenge1\tout\M\Forensics\TrainingImages\AliHadi\Challenge1\s4a-challenge4\Windows\System32\winevt\logs\Microsoft-Windows-TaskScheduler%4Operational.evtx,Classic,0,"{""EventData"":{""@Name"":""TaskEngineProcessMainShutdown"",""Data"":{""@Name"":""TaskEngineName"",""#text"":""S-1-5-19:NT AUTHORITY\\LocalService:Service:""}}}"
578,578,2015-09-03 08:29:59.9042483,318,Info,Microsoft-Windows-TaskScheduler,Microsoft-Windows-TaskScheduler/Operational,1024,2100,WIN-L0ZZQ76PMUF,3,S-1-5-18,,,,,,,,,,,False,M:\Forensics\TrainingImages\AliHadi\Challenge1\tout\M\Forensics\TrainingImages\AliHadi\Challenge1\s4a-challenge4\Windows\System32\winevt\logs\Microsoft-Windows-TaskScheduler%4Operational.evtx,Classic,0,"{""EventData"":{""@Name"":""TaskEngineProcessMainShutdown"",""Data"":{""@Name"":""TaskEngineName"",""#text"":""S-1-5-19:NT AUTHORITY\\LocalService:Service:""}}}"
579,579,2015-09-03 09:24:59.7167483,310,Info,Microsoft-Windows-TaskScheduler,Microsoft-Windows-TaskScheduler/Operational,1024,1316,WIN-L0ZZQ76PMUF,3,S-1-5-18,,,,,,,,,,,False,M:\Forensics\TrainingImages\AliHadi\Challenge1\tout\M\Forensics\TrainingImages\AliHadi\Challenge1\s4a-challenge4\Windows\System32\winevt\logs\Microsoft-Windows-TaskScheduler%4Operational.evtx,Classic,0,"{""EventData"":{""@Name"":""TaskEngineProcessStarted"",""Data"":[{""@Name"":""TaskEngineName"",""#text"":""S-1-5-19:NT AUTHORITY\\LocalService:Service:""},{""@Name"":""Command"",""#text"":""taskeng.exe""},{""@Name"":""ProcessID"",""#text"":""3620""},{""@Name"":""ThreadID"",""#text"":""2132""}]}}"
580,580,2015-09-03 09:24:59.8417483,317,Info,Microsoft-Windows-TaskScheduler,Microsoft-Windows-TaskScheduler/Operational,3620,2132,WIN-L0ZZQ76PMUF,3,S-1-5-19,,,,,,,,,,,False,M:\Forensics\TrainingImages\AliHadi\Challenge1\tout\M\Forensics\TrainingImages\AliHadi\Challenge1\s4a-challenge4\Windows\System32\winevt\logs\Microsoft-Windows-TaskScheduler%4Operational.evtx,Classic,0,"{""EventData"":{""@Name"":""TaskEngineProcessMainStarted"",""Data"":{""@Name"":""TaskEngineName"",""#text"":""S-1-5-19:NT AUTHORITY\\LocalService:Service:""}}}"
581,581,2015-09-03 09:24:59.8729983,319,Info,Microsoft-Windows-TaskScheduler,Microsoft-Windows-TaskScheduler/Operational,3620,2192,WIN-L0ZZQ76PMUF,3,S-1-5-19,,,,,,,,,,,False,M:\Forensics\TrainingImages\AliHadi\Challenge1\tout\M\Forensics\TrainingImages\AliHadi\Challenge1\s4a-challenge4\Windows\System32\winevt\logs\Microsoft-Windows-TaskScheduler%4Operational.evtx,Classic,0,"{""EventData"":{""@Name"":""TaskEngineProcessReceivedStartTask"",""Data"":[{""@Name"":""TaskEngineName"",""#text"":""S-1-5-19:NT AUTHORITY\\LocalService:Service:""},{""@Name"":""TaskName"",""#text"":""\\Microsoft\\Windows\\RAC\\RACAgent""}]}}"
582,582,2015-09-03 09:24:59.8729983,100,Info,Microsoft-Windows-TaskScheduler,Microsoft-Windows-TaskScheduler/Operational,3620,2192,WIN-L0ZZQ76PMUF,3,S-1-5-19,Scheduled Task started,Context: NT AUTHORITY\LOCAL SERVICE,,Task: \Microsoft\Windows\RAC\RACAgent,Instance Id: e94ed1b1-f8eb-43dc-b23f-4962169f8c6a,,,,,,False,M:\Forensics\TrainingImages\AliHadi\Challenge1\tout\M\Forensics\TrainingImages\AliHadi\Challenge1\s4a-challenge4\Windows\System32\winevt\logs\Microsoft-Windows-TaskScheduler%4Operational.evtx,Classic,0,"{""EventData"":{""@Name"":""TaskStartEvent"",""Data"":[{""@Name"":""TaskName"",""#text"":""\\Microsoft\\Windows\\RAC\\RACAgent""},{""@Name"":""UserContext"",""#text"":""NT AUTHORITY\\LOCAL SERVICE""},{""@Name"":""InstanceId"",""#text"":""e94ed1b1-f8eb-43dc-b23f-4962169f8c6a""}]}}"
