230,230,2015-09-03 09:47:07.5136233,5320,Info,Microsoft-Windows-GroupPolicy,Microsoft-Windows-GroupPolicy/Operational,1012,1484,WIN-L0ZZQ76PMUF,1,S-1-5-18,,,,,,,,,,,False,M:\Forensics\TrainingImages\AliHadi\Challenge1\tout\M\Forensics\TrainingImages\AliHadi\Challenge1\s4a-challenge4\Windows\System32\winevt\logs\Microsoft-Windows-GroupPolicy%4Operational.evtx,0x4000000000000000,0,"{""EventData"":{""Data"":{""@Name"":""InfoDescription"",""#text"":""%%4163""}}}"
231,231,2015-09-03 09:47:07.5136233,5320,Info,Microsoft-Windows-GroupPolicy,Microsoft-Windows-GroupPolicy/Operational,1012,1484,WIN-L0ZZQ76PMUF,1,S-1-5-18,,,,,,,,,,,False,M:\Forensics\TrainingImages\AliHadi\Challenge1\tout\M\Forensics\TrainingImages\AliHadi\Challenge1\s4a-challenge4\Windows\System32\winevt\logs\Microsoft-Windows-GroupPolicy%4Operational.evtx,0x4000000000000000,0,"{""EventData"":{""Data"":{""@Name"":""InfoDescription"",""#text"":""%%4165""}}}"
232,232,2015-09-03 09:47:07.5136233,8006,Info,Microsoft-Windows-GroupPolicy,Microsoft-Windows-GroupPolicy/Operational,1012,1484,WIN-L0ZZQ76PMUF,1,S-1-5-18,,,,,,,,,,,False,M:\Forensics\TrainingImages\AliHadi\Challenge1\tout\M\Forensics\TrainingImages\AliHadi\Challenge1\s4a-challenge4\Windows\System32\winevt\logs\Microsoft-Windows-GroupPolicy%4Operational.evtx,0x4000000000000000,0,"{""EventData"":{""Data"":[{""@Name"":""PolicyElaspedTimeInSeconds"",""#text"":""0""},{""@Name"":""ErrorCode"",""#text"":""0""},{""@Name"":""PrincipalSamName"",""#text"":""WORKGROUP\\WIN-L0ZZQ76PMUF$""},{""@Name"":""IsMachine"",""#text"":""True""},{""@Name"":""IsConnectivityFailure"",""#text"":""False""}]}}"
233,233,2015-09-03 09:47:07.5292483,5315,Info,Microsoft-Windows-GroupPolicy,Microsoft-Windows-GroupPolicy/Operational,1012,1484,WIN-L0ZZQ76PMUF,1,S-1-5-18,,,,,,,,,,,False,M:\Forensics\TrainingImages\AliHadi\Challenge1\tout\M\Forensics\TrainingImages\AliHadi\Challenge1\s4a-challenge4\Windows\System32\winevt\logs\Microsoft-Windows-GroupPolicy%4Operational.evtx,0x4000000000000000,0,"{""EventData"":{""Data"":[{""@Name"":""PrincipalSamName"",""#text"":""WORKGROUP\\WIN-L0ZZQ76PMUF$""},{""@Name"":""NextPolicyApplicationTime"",""#text"":""98""},{""@Name"":""NextPolicyApplicationTimeUnit"",""#text"":""%%4100""}]}}"
234,234,2015-09-03 10:22:37.2514953,4007,Info,Microsoft-Windows-GroupPolicy,Microsoft-Windows-GroupPolicy/Operational,1012,684,WIN-L0ZZQ76PMUF,1,S-1-5-18,,,,,,,,,,,False,M:\Forensics\TrainingImages\AliHadi\Challenge1\tout\M\Forensics\TrainingImages\AliHadi\Challenge1\s4a-challenge4\Windows\System32\winevt\logs\Microsoft-Windows-GroupPolicy%4Operational.evtx,0x4000000000000000,0,"{""EventData"":{""Data"":[{""@Name"":""PolicyActivityId"",""#text"":""2e487bce-c8e6-458d-a329-c58bad4b8409""},{""@Name"":""PrincipalSamName"",""#text"":""WIN-L0ZZQ76PMUF\\Administrator""},{""@Name"":""IsMachine"",""#text"":""False""},{""@Name"":""IsDomainJoined"",""#text"":""False""},{""@Name"":""IsBackgroundProcessing"",""#text"":""True""},{""@Name"":""IsAsyncProcessing"",""#text"":""False""},{""@Name"":""IsServiceRestart"",""#text"":""False""},{""@Name"":""ReasonForSyncProcessing"",""#text"":""0""}]}}"
235,235,2015-09-03 10:22:37.2514953,5311,Info,Microsoft-Windows-GroupPolicy,Microsoft-Windows-GroupPolicy/Operational,1012,684,WIN-L0ZZQ76PMUF,1,S-1-5-21-3848053756-3249532031-1848221756-500,,,,,,,,,,,False,M:\Forensics\TrainingImages\AliHadi\Challenge1\tout\M\Forensics\TrainingImages\AliHadi\Challenge1\s4a-challenge4\Windows\System32\winevt\logs\Microsoft-Windows-GroupPolicy%4Operational.evtx,0x4000000000000000,0,"{""EventData"":{""Data"":{""@Name"":""PolicyProcessingMode"",""#text"":""0""}}}"
236,236,2015-09-03 10:22:37.2514953,5312,Info,Microsoft-Windows-GroupPolicy,Microsoft-Windows-GroupPolicy/Operational,1012,684,WIN-L0ZZQ76PMUF,1,S-1-5-18,,,,,,,,,,,False,M:\Forensics\TrainingImages\AliHadi\Challenge1\tout\M\Forensics\TrainingImages\AliHadi\Challenge1\s4a-challenge4\Windows\System32\winevt\logs\Microsoft-Windows-GroupPolicy%4Operational.evtx,0x4000000000000000,0,"{""EventData"":{""Data"":[{""@Name"":""DescriptionString"",""#text"":""None""},{""@Name"":""GPOInfoList""}]}}"
237,237,2015-09-03 10:22:37.2514953,5313,Info,Microsoft-Windows-GroupPolicy,Microsoft-Windows-GroupPolicy/Operational,1012,684,WIN-L0ZZQ76PMUF,1,S-1-5-18,,,,,,,,,,,False,M:\Forensics\TrainingImages\AliHadi\Challenge1\tout\M\Forensics\TrainingImages\AliHadi\Challenge1\s4a-challenge4\Windows\System32\winevt\logs\Microsoft-Windows-GroupPolicy%4Operational.evtx,0x4000000000000000,0,"{""EventData"":{""Data"":[{""@Name"":""DescriptionString"",""#text"":""Local Group Policy, Not Applied (Empty), ""},{""@Name"":""GPOInfoList"",""#text"":""&lt;GPO ID=\""Local Group Policy\""&gt;&lt;Name&gt;Local Group Policy&lt;/Name&gt;&lt;Version&gt;0&lt;/Version&gt;&lt;SOM&gt;Local&lt;/SOM&gt;&lt;FSPath&gt;C:\\Windows\\System32\\GroupPolicy\\User&lt;/FSPath&gt;&lt;Reason&gt;NOTAPPLIED-EMPTY&lt;/Reason&gt;&lt;/GPO&gt;""}]}}"
238,238,2015-09-03 10:22:37.2514953,5320,Info,Microsoft-Windows-GroupPolicy,Microsoft-Windows-GroupPolicy/Operational,1012,684,WIN-L0ZZQ76PMUF,1,S-1-5-18,,,,,,,,,,,False,M:\Forensics\TrainingImages\AliHadi\Challenge1\tout\M\Forensics\TrainingImages\AliHadi\Challenge1\s4a-challenge4\Windows\System32\winevt\logs\Microsoft-Windows-GroupPolicy%4Operational.evtx,0x4000000000000000,0,"{""EventData"":{""Data"":{""@Name"":""InfoDescription"",""#text"":""%%4161""}}}"
239,239,2015-09-03 10:22:37.2514953,5320,Info,Microsoft-Windows-GroupPolicy,Microsoft-Windows-GroupPolicy/Operational,1012,684,WIN-L0ZZQ76PMUF,1,S-1-5-18,,,,,,,,,,,False,M:\Forensics\TrainingImages\AliHadi\Challenge1\tout\M\Forensics\TrainingImages\AliHadi\Challenge1\s4a-challenge4\Windows\System32\winevt\logs\Microsoft-Windows-GroupPolicy%4Operational.evtx,0x4000000000000000,0,"{""EventData"":{""Data"":{""@Name"":""InfoDescription"",""#text"":""%%4163""}}}"
240,240,2015-09-03 10:22:37.2514953,5320,Info,Microsoft-Windows-GroupPolicy,Microsoft-Windows-GroupPolicy/Operational,1012,684,WIN-L0ZZQ76PMUF,1,S-1-5-18,,,,,,,,,,,False,M:\Forensics\TrainingImages\AliHadi\Challenge1\tout\M\Forensics\TrainingImages\AliHadi\Challenge1\s4a-challenge4\Windows\System32\winevt\logs\Microsoft-Windows-GroupPolicy%4Operational.evtx,0x4000000000000000,0,"{""EventData"":{""Data"":{""@Name"":""InfoDescription"",""#text"":""%%4165""}}}"
241,241,2015-09-03 10:22:37.2514953,8007,Info,Microsoft-Windows-GroupPolicy,Microsoft-Windows-GroupPolicy/Operational,1012,684,WIN-L0ZZQ76PMUF,1,S-1-5-18,,,,,,,,,,,False,M:\Forensics\TrainingImages\AliHadi\Challenge1\tout\M\Forensics\TrainingImages\AliHadi\Challenge1\s4a-challenge4\Windows\System32\winevt\logs\Microsoft-Windows-GroupPolicy%4Operational.evtx,0x4000000000000000,0,"{""EventData"":{""Data"":[{""@Name"":""PolicyElaspedTimeInSeconds"",""#text"":""0""},{""@Name"":""ErrorCode"",""#text"":""0""},{""@Name"":""PrincipalSamName"",""#text"":""WIN-L0ZZQ76PMUF\\Administrator""},{""@Name"":""IsMachine"",""#text"":""False""},{""@Name"":""IsConnectivityFailure"",""#text"":""False""}]}}"
242,242,2015-09-03 10:22:37.2514953,5315,Info,Microsoft-Windows-GroupPolicy,Microsoft-Windows-GroupPolicy/Operational,1012,684,WIN-L0ZZQ76PMUF,1,S-1-5-18,,,,,,,,,,,False,M:\Forensics\TrainingImages\AliHadi\Challenge1\tout\M\Forensics\TrainingImages\AliHadi\Challenge1\s4a-challenge4\Windows\System32\winevt\logs\Microsoft-Windows-GroupPolicy%4Operational.evtx,0x4000000000000000,0,"{""EventData"":{""Data"":[{""@Name"":""PrincipalSamName"",""#text"":""WIN-L0ZZQ76PMUF\\Administrator""},{""@Name"":""NextPolicyApplicationTime"",""#text"":""112""},{""@Name"":""NextPolicyApplicationTimeUnit"",""#text"":""%%4100""}]}}"
243,243,2015-09-12 17:42:25.7351250,5320,Info,Microsoft-Windows-GroupPolicy,Microsoft-Windows-GroupPolicy/Operational,1008,1084,WIN-L0ZZQ76PMUF,1,S-1-5-18,,,,,,,,,,,False,M:\Forensics\TrainingImages\AliHadi\Challenge1\tout\M\Forensics\TrainingImages\AliHadi\Challenge1\s4a-challenge4\Windows\System32\winevt\logs\Microsoft-Windows-GroupPolicy%4Operational.evtx,0x4000000000000000,0,"{""EventData"":{""Data"":{""@Name"":""InfoDescription"",""#text"":""%%4169""}}}"
244,244,2015-09-12 17:42:25.7351250,5320,Info,Microsoft-Windows-GroupPolicy,Microsoft-Windows-GroupPolicy/Operational,1008,1084,WIN-L0ZZQ76PMUF,1,S-1-5-18,,,,,,,,,,,False,M:\Forensics\TrainingImages\AliHadi\Challenge1\tout\M\Forensics\TrainingImages\AliHadi\Challenge1\s4a-challenge4\Windows\System32\winevt\logs\Microsoft-Windows-GroupPolicy%4Operational.evtx,0x4000000000000000,0,"{""EventData"":{""Data"":{""@Name"":""InfoDescription"",""#text"":""%%4160""}}}"
245,245,2015-09-12 17:42:25.7351250,5320,Info,Microsoft-Windows-GroupPolicy,Microsoft-Windows-GroupPolicy/Operational,1008,1084,WIN-L0ZZQ76PMUF,1,S-1-5-18,,,,,,,,,,,False,M:\Forensics\TrainingImages\AliHadi\Challenge1\tout\M\Forensics\TrainingImages\AliHadi\Challenge1\s4a-challenge4\Windows\System32\winevt\logs\Microsoft-Windows-GroupPolicy%4Operational.evtx,0x4000000000000000,0,"{""EventData"":{""Data"":{""@Name"":""InfoDescription"",""#text"":""%%4166""}}}"
246,246,2015-09-12 17:42:25.7351250,5321,Info,Microsoft-Windows-GroupPolicy,Microsoft-Windows-GroupPolicy/Operational,1008,1084,WIN-L0ZZQ76PMUF,1,S-1-5-18,,,,,,,,,,,False,M:\Forensics\TrainingImages\AliHadi\Challenge1\tout\M\Forensics\TrainingImages\AliHadi\Challenge1\s4a-challenge4\Windows\System32\winevt\logs\Microsoft-Windows-GroupPolicy%4Operational.evtx,0x4000000000000000,0,"{""EventData"":{""Data"":[{""@Name"":""InfoDescription"",""#text"":""%%4167""},{""@Name"":""OperationParameter1"",""#text"":""66de7c3b-b5db-446a-894c-93f841acaced""}]}}"
247,247,2015-09-12 17:42:30.1726250,5324,Info,Microsoft-Windows-GroupPolicy,Microsoft-Windows-GroupPolicy/Operational,1008,1088,WIN-L0ZZQ76PMUF,1,S-1-5-18,,,,,,,,,,,False,M:\Forensics\TrainingImages\AliHadi\Challenge1\tout\M\Forensics\TrainingImages\AliHadi\Challenge1\s4a-challenge4\Windows\System32\winevt\logs\Microsoft-Windows-GroupPolicy%4Operational.evtx,0x4000000000000000,0,"{""EventData"":{""Data"":[{""@Name"":""NotificationType"",""#text"":""0""},{""@Name"":""SessionId"",""#text"":""1""}]}}"
248,248,2015-09-12 17:42:30.2038750,5324,Info,Microsoft-Windows-GroupPolicy,Microsoft-Windows-GroupPolicy/Operational,1008,1088,WIN-L0ZZQ76PMUF,1,S-1-5-18,,,,,,,,,,,False,M:\Forensics\TrainingImages\AliHadi\Challenge1\tout\M\Forensics\TrainingImages\AliHadi\Challenge1\s4a-challenge4\Windows\System32\winevt\logs\Microsoft-Windows-GroupPolicy%4Operational.evtx,0x4000000000000000,0,"{""EventData"":{""Data"":[{""@Name"":""NotificationType"",""#text"":""0""},{""@Name"":""SessionId"",""#text"":""1""}]}}"
249,249,2015-09-12 17:42:42.5788750,4000,Info,Microsoft-Windows-GroupPolicy,Microsoft-Windows-GroupPolicy/Operational,1008,1344,WIN-L0ZZQ76PMUF,1,S-1-5-18,,,,,,,,,,,False,M:\Forensics\TrainingImages\AliHadi\Challenge1\tout\M\Forensics\TrainingImages\AliHadi\Challenge1\s4a-challenge4\Windows\System32\winevt\logs\Microsoft-Windows-GroupPolicy%4Operational.evtx,0x4000000000000000,0,"{""EventData"":{""Data"":[{""@Name"":""PolicyActivityId"",""#text"":""bf6f2324-7acb-4b0b-b6db-350226c61d50""},{""@Name"":""PrincipalSamName"",""#text"":""WORKGROUP\\WIN-L0ZZQ76PMUF$""},{""@Name"":""IsMachine"",""#text"":""True""},{""@Name"":""IsDomainJoined"",""#text"":""False""},{""@Name"":""IsBackgroundProcessing"",""#text"":""False""},{""@Name"":""IsAsyncProcessing"",""#text"":""False""},{""@Name"":""IsServiceRestart"",""#text"":""False""},{""@Name"":""ReasonForSyncProcessing"",""#text"":""5""}]}}"
250,250,2015-09-12 17:42:42.5788750,5311,Info,Microsoft-Windows-GroupPolicy,Microsoft-Windows-GroupPolicy/Operational,1008,1344,WIN-L0ZZQ76PMUF,1,S-1-5-18,,,,,,,,,,,False,M:\Forensics\TrainingImages\AliHadi\Challenge1\tout\M\Forensics\TrainingImages\AliHadi\Challenge1\s4a-challenge4\Windows\System32\winevt\logs\Microsoft-Windows-GroupPolicy%4Operational.evtx,0x4000000000000000,0,"{""EventData"":{""Data"":{""@Name"":""PolicyProcessingMode"",""#text"":""0""}}}"
251,251,2015-09-12 17:42:42.5945000,5312,Info,Microsoft-Windows-GroupPolicy,Microsoft-Windows-GroupPolicy/Operational,1008,1344,WIN-L0ZZQ76PMUF,1,S-1-5-18,,,,,,,,,,,False,M:\Forensics\TrainingImages\AliHadi\Challenge1\tout\M\Forensics\TrainingImages\AliHadi\Challenge1\s4a-challenge4\Windows\System32\winevt\logs\Microsoft-Windows-GroupPolicy%4Operational.evtx,0x4000000000000000,0,"{""EventData"":{""Data"":[{""@Name"":""DescriptionString"",""#text"":""None""},{""@Name"":""GPOInfoList""}]}}"
252,252,2015-09-12 17:42:42.5945000,5313,Info,Microsoft-Windows-GroupPolicy,Microsoft-Windows-GroupPolicy/Operational,1008,1344,WIN-L0ZZQ76PMUF,1,S-1-5-18,,,,,,,,,,,False,M:\Forensics\TrainingImages\AliHadi\Challenge1\tout\M\Forensics\TrainingImages\AliHadi\Challenge1\s4a-challenge4\Windows\System32\winevt\logs\Microsoft-Windows-GroupPolicy%4Operational.evtx,0x4000000000000000,0,"{""EventData"":{""Data"":[{""@Name"":""DescriptionString"",""#text"":""Local Group Policy, Not Applied (Empty), ""},{""@Name"":""GPOInfoList"",""#text"":""&lt;GPO ID=\""Local Group Policy\""&gt;&lt;Name&gt;Local Group Policy&lt;/Name&gt;&lt;Version&gt;0&lt;/Version&gt;&lt;SOM&gt;Local&lt;/SOM&gt;&lt;FSPath&gt;C:\\Windows\\System32\\GroupPolicy\\Machine&lt;/FSPath&gt;&lt;Reason&gt;NOTAPPLIED-EMPTY&lt;/Reason&gt;&lt;/GPO&gt;""}]}}"
253,253,2015-09-12 17:42:42.6101250,5320,Info,Microsoft-Windows-GroupPolicy,Microsoft-Windows-GroupPolicy/Operational,1008,1344,WIN-L0ZZQ76PMUF,1,S-1-5-18,,,,,,,,,,,False,M:\Forensics\TrainingImages\AliHadi\Challenge1\tout\M\Forensics\TrainingImages\AliHadi\Challenge1\s4a-challenge4\Windows\System32\winevt\logs\Microsoft-Windows-GroupPolicy%4Operational.evtx,0x4000000000000000,0,"{""EventData"":{""Data"":{""@Name"":""InfoDescription"",""#text"":""%%4161""}}}"
254,254,2015-09-12 17:42:42.6101250,5320,Info,Microsoft-Windows-GroupPolicy,Microsoft-Windows-GroupPolicy/Operational,1008,1344,WIN-L0ZZQ76PMUF,1,S-1-5-18,,,,,,,,,,,False,M:\Forensics\TrainingImages\AliHadi\Challenge1\tout\M\Forensics\TrainingImages\AliHadi\Challenge1\s4a-challenge4\Windows\System32\winevt\logs\Microsoft-Windows-GroupPolicy%4Operational.evtx,0x4000000000000000,0,"{""EventData"":{""Data"":{""@Name"":""InfoDescription"",""#text"":""%%4163""}}}"
255,255,2015-09-12 17:42:42.6101250,5320,Info,Microsoft-Windows-GroupPolicy,Microsoft-Windows-GroupPolicy/Operational,1008,1344,WIN-L0ZZQ76PMUF,1,S-1-5-18,,,,,,,,,,,False,M:\Forensics\TrainingImages\AliHadi\Challenge1\tout\M\Forensics\TrainingImages\AliHadi\Challenge1\s4a-challenge4\Windows\System32\winevt\logs\Microsoft-Windows-GroupPolicy%4Operational.evtx,0x4000000000000000,0,"{""EventData"":{""Data"":{""@Name"":""InfoDescription"",""#text"":""%%4165""}}}"
256,256,2015-09-12 17:42:42.6257500,8000,Info,Microsoft-Windows-GroupPolicy,Microsoft-Windows-GroupPolicy/Operational,1008,1344,WIN-L0ZZQ76PMUF,1,S-1-5-18,,,,,,,,,,,False,M:\Forensics\TrainingImages\AliHadi\Challenge1\tout\M\Forensics\TrainingImages\AliHadi\Challenge1\s4a-challenge4\Windows\System32\winevt\logs\Microsoft-Windows-GroupPolicy%4Operational.evtx,0x4000000000000000,0,"{""EventData"":{""Data"":[{""@Name"":""PolicyElaspedTimeInSeconds"",""#text"":""0""},{""@Name"":""ErrorCode"",""#text"":""0""},{""@Name"":""PrincipalSamName"",""#text"":""WORKGROUP\\WIN-L0ZZQ76PMUF$""},{""@Name"":""IsMachine"",""#text"":""True""},{""@Name"":""IsConnectivityFailure"",""#text"":""False""}]}}"
257,257,2015-09-12 17:42:42.6413750,5315,Info,Microsoft-Windows-GroupPolicy,Microsoft-Windows-GroupPolicy/Operational,1008,1520,WIN-L0ZZQ76PMUF,1,S-1-5-18,,,,,,,,,,,False,M:\Forensics\TrainingImages\AliHadi\Challenge1\tout\M\Forensics\TrainingImages\AliHadi\Challenge1\s4a-challenge4\Windows\System32\winevt\logs\Microsoft-Windows-GroupPolicy%4Operational.evtx,0x4000000000000000,0,"{""EventData"":{""Data"":[{""@Name"":""PrincipalSamName"",""#text"":""WORKGROUP\\WIN-L0ZZQ76PMUF$""},{""@Name"":""NextPolicyApplicationTime"",""#text"":""95""},{""@Name"":""NextPolicyApplicationTimeUnit"",""#text"":""%%4100""}]}}"
258,258,2015-09-12 18:10:25.6570000,5324,Info,Microsoft-Windows-GroupPolicy,Microsoft-Windows-GroupPolicy/Operational,1008,280,WIN-L0ZZQ76PMUF,1,S-1-5-18,,,,,,,,,,,False,M:\Forensics\TrainingImages\AliHadi\Challenge1\tout\M\Forensics\TrainingImages\AliHadi\Challenge1\s4a-challenge4\Windows\System32\winevt\logs\Microsoft-Windows-GroupPolicy%4Operational.evtx,0x4000000000000000,0,"{""EventData"":{""Data"":[{""@Name"":""NotificationType"",""#text"":""1""},{""@Name"":""SessionId"",""#text"":""1""}]}}"
259,259,2015-09-12 18:10:25.6570000,5324,Info,Microsoft-Windows-GroupPolicy,Microsoft-Windows-GroupPolicy/Operational,1008,280,WIN-L0ZZQ76PMUF,1,S-1-5-18,,,,,,,,,,,False,M:\Forensics\TrainingImages\AliHadi\Challenge1\tout\M\Forensics\TrainingImages\AliHadi\Challenge1\s4a-challenge4\Windows\System32\winevt\logs\Microsoft-Windows-GroupPolicy%4Operational.evtx,0x4000000000000000,0,"{""EventData"":{""Data"":[{""@Name"":""NotificationType"",""#text"":""1""},{""@Name"":""SessionId"",""#text"":""1""}]}}"
260,260,2015-09-12 18:10:25.6726250,4001,Info,Microsoft-Windows-GroupPolicy,Microsoft-Windows-GroupPolicy/Operational,1008,1488,WIN-L0ZZQ76PMUF,1,S-1-5-18,,,,,,,,,,,False,M:\Forensics\TrainingImages\AliHadi\Challenge1\tout\M\Forensics\TrainingImages\AliHadi\Challenge1\s4a-challenge4\Windows\System32\winevt\logs\Microsoft-Windows-GroupPolicy%4Operational.evtx,0x4000000000000000,0,"{""EventData"":{""Data"":[{""@Name"":""PolicyActivityId"",""#text"":""02887647-9002-448f-8ddb-64f873e2a851""},{""@Name"":""PrincipalSamName"",""#text"":""WIN-L0ZZQ76PMUF\\Administrator""},{""@Name"":""IsMachine"",""#text"":""False""},{""@Name"":""IsDomainJoined"",""#text"":""False""},{""@Name"":""IsBackgroundProcessing"",""#text"":""False""},{""@Name"":""IsAsyncProcessing"",""#text"":""False""},{""@Name"":""IsServiceRestart"",""#text"":""False""},{""@Name"":""ReasonForSyncProcessing"",""#text"":""5""}]}}"
261,261,2015-09-12 18:10:25.6726250,5311,Info,Microsoft-Windows-GroupPolicy,Microsoft-Windows-GroupPolicy/Operational,1008,1488,WIN-L0ZZQ76PMUF,1,S-1-5-21-3848053756-3249532031-1848221756-500,,,,,,,,,,,False,M:\Forensics\TrainingImages\AliHadi\Challenge1\tout\M\Forensics\TrainingImages\AliHadi\Challenge1\s4a-challenge4\Windows\System32\winevt\logs\Microsoft-Windows-GroupPolicy%4Operational.evtx,0x4000000000000000,0,"{""EventData"":{""Data"":{""@Name"":""PolicyProcessingMode"",""#text"":""0""}}}"
262,262,2015-09-12 18:10:25.6726250,5312,Info,Microsoft-Windows-GroupPolicy,Microsoft-Windows-GroupPolicy/Operational,1008,1488,WIN-L0ZZQ76PMUF,1,S-1-5-18,,,,,,,,,,,False,M:\Forensics\TrainingImages\AliHadi\Challenge1\tout\M\Forensics\TrainingImages\AliHadi\Challenge1\s4a-challenge4\Windows\System32\winevt\logs\Microsoft-Windows-GroupPolicy%4Operational.evtx,0x4000000000000000,0,"{""EventData"":{""Data"":[{""@Name"":""DescriptionString"",""#text"":""None""},{""@Name"":""GPOInfoList""}]}}"
263,263,2015-09-12 18:10:25.6726250,5313,Info,Microsoft-Windows-GroupPolicy,Microsoft-Windows-GroupPolicy/Operational,1008,1488,WIN-L0ZZQ76PMUF,1,S-1-5-18,,,,,,,,,,,False,M:\Forensics\TrainingImages\AliHadi\Challenge1\tout\M\Forensics\TrainingImages\AliHadi\Challenge1\s4a-challenge4\Windows\System32\winevt\logs\Microsoft-Windows-GroupPolicy%4Operational.evtx,0x4000000000000000,0,"{""EventData"":{""Data"":[{""@Name"":""DescriptionString"",""#text"":""Local Group Policy, Not Applied (Empty), ""},{""@Name"":""GPOInfoList"",""#text"":""&lt;GPO ID=\""Local Group Policy\""&gt;&lt;Name&gt;Local Group Policy&lt;/Name&gt;&lt;Version&gt;0&lt;/Version&gt;&lt;SOM&gt;Local&lt;/SOM&gt;&lt;FSPath&gt;C:\\Windows\\System32\\GroupPolicy\\User&lt;/FSPath&gt;&lt;Reason&gt;NOTAPPLIED-EMPTY&lt;/Reason&gt;&lt;/GPO&gt;""}]}}"
264,264,2015-09-12 18:10:25.6726250,5320,Info,Microsoft-Windows-GroupPolicy,Microsoft-Windows-GroupPolicy/Operational,1008,1488,WIN-L0ZZQ76PMUF,1,S-1-5-18,,,,,,,,,,,False,M:\Forensics\TrainingImages\AliHadi\Challenge1\tout\M\Forensics\TrainingImages\AliHadi\Challenge1\s4a-challenge4\Windows\System32\winevt\logs\Microsoft-Windows-GroupPolicy%4Operational.evtx,0x4000000000000000,0,"{""EventData"":{""Data"":{""@Name"":""InfoDescription"",""#text"":""%%4161""}}}"
265,265,2015-09-12 18:10:25.6726250,5320,Info,Microsoft-Windows-GroupPolicy,Microsoft-Windows-GroupPolicy/Operational,1008,1488,WIN-L0ZZQ76PMUF,1,S-1-5-18,,,,,,,,,,,False,M:\Forensics\TrainingImages\AliHadi\Challenge1\tout\M\Forensics\TrainingImages\AliHadi\Challenge1\s4a-challenge4\Windows\System32\winevt\logs\Microsoft-Windows-GroupPolicy%4Operational.evtx,0x4000000000000000,0,"{""EventData"":{""Data"":{""@Name"":""InfoDescription"",""#text"":""%%4163""}}}"
266,266,2015-09-12 18:10:25.6726250,5320,Info,Microsoft-Windows-GroupPolicy,Microsoft-Windows-GroupPolicy/Operational,1008,1488,WIN-L0ZZQ76PMUF,1,S-1-5-18,,,,,,,,,,,False,M:\Forensics\TrainingImages\AliHadi\Challenge1\tout\M\Forensics\TrainingImages\AliHadi\Challenge1\s4a-challenge4\Windows\System32\winevt\logs\Microsoft-Windows-GroupPolicy%4Operational.evtx,0x4000000000000000,0,"{""EventData"":{""Data"":{""@Name"":""InfoDescription"",""#text"":""%%4165""}}}"
267,267,2015-09-12 18:10:25.6726250,8001,Info,Microsoft-Windows-GroupPolicy,Microsoft-Windows-GroupPolicy/Operational,1008,1488,WIN-L0ZZQ76PMUF,1,S-1-5-18,,,,,,,,,,,False,M:\Forensics\TrainingImages\AliHadi\Challenge1\tout\M\Forensics\TrainingImages\AliHadi\Challenge1\s4a-challenge4\Windows\System32\winevt\logs\Microsoft-Windows-GroupPolicy%4Operational.evtx,0x4000000000000000,0,"{""EventData"":{""Data"":[{""@Name"":""PolicyElaspedTimeInSeconds"",""#text"":""0""},{""@Name"":""ErrorCode"",""#text"":""0""},{""@Name"":""PrincipalSamName"",""#text"":""WIN-L0ZZQ76PMUF\\Administrator""},{""@Name"":""IsMachine"",""#text"":""False""},{""@Name"":""IsConnectivityFailure"",""#text"":""False""}]}}"
268,268,2015-09-12 18:10:25.7038750,5315,Info,Microsoft-Windows-GroupPolicy,Microsoft-Windows-GroupPolicy/Operational,1008,1808,WIN-L0ZZQ76PMUF,1,S-1-5-18,,,,,,,,,,,False,M:\Forensics\TrainingImages\AliHadi\Challenge1\tout\M\Forensics\TrainingImages\AliHadi\Challenge1\s4a-challenge4\Windows\System32\winevt\logs\Microsoft-Windows-GroupPolicy%4Operational.evtx,0x4000000000000000,0,"{""EventData"":{""Data"":[{""@Name"":""PrincipalSamName"",""#text"":""WIN-L0ZZQ76PMUF\\Administrator""},{""@Name"":""NextPolicyApplicationTime"",""#text"":""108""},{""@Name"":""NextPolicyApplicationTimeUnit"",""#text"":""%%4100""}]}}"
269,269,2015-09-12 18:10:25.7663750,5324,Info,Microsoft-Windows-GroupPolicy,Microsoft-Windows-GroupPolicy/Operational,1008,280,WIN-L0ZZQ76PMUF,1,S-1-5-18,,,,,,,,,,,False,M:\Forensics\TrainingImages\AliHadi\Challenge1\tout\M\Forensics\TrainingImages\AliHadi\Challenge1\s4a-challenge4\Windows\System32\winevt\logs\Microsoft-Windows-GroupPolicy%4Operational.evtx,0x4000000000000000,0,"{""EventData"":{""Data"":[{""@Name"":""NotificationType"",""#text"":""3""},{""@Name"":""SessionId"",""#text"":""1""}]}}"
270,270,2015-09-12 18:10:55.7351250,5324,Info,Microsoft-Windows-GroupPolicy,Microsoft-Windows-GroupPolicy/Operational,1008,280,WIN-L0ZZQ76PMUF,1,S-1-5-18,,,,,,,,,,,False,M:\Forensics\TrainingImages\AliHadi\Challenge1\tout\M\Forensics\TrainingImages\AliHadi\Challenge1\s4a-challenge4\Windows\System32\winevt\logs\Microsoft-Windows-GroupPolicy%4Operational.evtx,0x4000000000000000,0,"{""EventData"":{""Data"":[{""@Name"":""NotificationType"",""#text"":""4""},{""@Name"":""SessionId"",""#text"":""1""}]}}"
271,271,2015-09-12 18:10:56.4851250,5324,Info,Microsoft-Windows-GroupPolicy,Microsoft-Windows-GroupPolicy/Operational,1008,280,WIN-L0ZZQ76PMUF,1,S-1-5-18,,,,,,,,,,,False,M:\Forensics\TrainingImages\AliHadi\Challenge1\tout\M\Forensics\TrainingImages\AliHadi\Challenge1\s4a-challenge4\Windows\System32\winevt\logs\Microsoft-Windows-GroupPolicy%4Operational.evtx,0x4000000000000000,0,"{""EventData"":{""Data"":[{""@Name"":""NotificationType"",""#text"":""2""},{""@Name"":""SessionId"",""#text"":""1""}]}}"
272,272,2015-09-12 18:10:56.7195000,5325,Info,Microsoft-Windows-GroupPolicy,Microsoft-Windows-GroupPolicy/Operational,1008,1012,WIN-L0ZZQ76PMUF,1,S-1-5-18,,,,,,,,,,,False,M:\Forensics\TrainingImages\AliHadi\Challenge1\tout\M\Forensics\TrainingImages\AliHadi\Challenge1\s4a-challenge4\Windows\System32\winevt\logs\Microsoft-Windows-GroupPolicy%4Operational.evtx,0x4000000000000000,0,"{""EventData"":{""Data"":{""@Name"":""NotificationType"",""#text"":""0""}}}"
273,273,2015-09-12 18:18:25.2201250,5320,Info,Microsoft-Windows-GroupPolicy,Microsoft-Windows-GroupPolicy/Operational,1012,1096,WIN-L0ZZQ76PMUF,1,S-1-5-18,,,,,,,,,,,False,M:\Forensics\TrainingImages\AliHadi\Challenge1\tout\M\Forensics\TrainingImages\AliHadi\Challenge1\s4a-challenge4\Windows\System32\winevt\logs\Microsoft-Windows-GroupPolicy%4Operational.evtx,0x4000000000000000,0,"{""EventData"":{""Data"":{""@Name"":""InfoDescription"",""#text"":""%%4169""}}}"
274,274,2015-09-12 18:18:25.2201250,5320,Info,Microsoft-Windows-GroupPolicy,Microsoft-Windows-GroupPolicy/Operational,1012,1096,WIN-L0ZZQ76PMUF,1,S-1-5-18,,,,,,,,,,,False,M:\Forensics\TrainingImages\AliHadi\Challenge1\tout\M\Forensics\TrainingImages\AliHadi\Challenge1\s4a-challenge4\Windows\System32\winevt\logs\Microsoft-Windows-GroupPolicy%4Operational.evtx,0x4000000000000000,0,"{""EventData"":{""Data"":{""@Name"":""InfoDescription"",""#text"":""%%4160""}}}"
275,275,2015-09-12 18:18:25.2201250,5320,Info,Microsoft-Windows-GroupPolicy,Microsoft-Windows-GroupPolicy/Operational,1012,1096,WIN-L0ZZQ76PMUF,1,S-1-5-18,,,,,,,,,,,False,M:\Forensics\TrainingImages\AliHadi\Challenge1\tout\M\Forensics\TrainingImages\AliHadi\Challenge1\s4a-challenge4\Windows\System32\winevt\logs\Microsoft-Windows-GroupPolicy%4Operational.evtx,0x4000000000000000,0,"{""EventData"":{""Data"":{""@Name"":""InfoDescription"",""#text"":""%%4166""}}}"
276,276,2015-09-12 18:18:25.2201250,5321,Info,Microsoft-Windows-GroupPolicy,Microsoft-Windows-GroupPolicy/Operational,1012,1096,WIN-L0ZZQ76PMUF,1,S-1-5-18,,,,,,,,,,,False,M:\Forensics\TrainingImages\AliHadi\Challenge1\tout\M\Forensics\TrainingImages\AliHadi\Challenge1\s4a-challenge4\Windows\System32\winevt\logs\Microsoft-Windows-GroupPolicy%4Operational.evtx,0x4000000000000000,0,"{""EventData"":{""Data"":[{""@Name"":""InfoDescription"",""#text"":""%%4167""},{""@Name"":""OperationParameter1"",""#text"":""48e7bfc3-8a69-4934-abc9-07c4ef05cd65""}]}}"
277,277,2015-09-12 18:18:30.6263750,5324,Info,Microsoft-Windows-GroupPolicy,Microsoft-Windows-GroupPolicy/Operational,1012,1100,WIN-L0ZZQ76PMUF,1,S-1-5-18,,,,,,,,,,,False,M:\Forensics\TrainingImages\AliHadi\Challenge1\tout\M\Forensics\TrainingImages\AliHadi\Challenge1\s4a-challenge4\Windows\System32\winevt\logs\Microsoft-Windows-GroupPolicy%4Operational.evtx,0x4000000000000000,0,"{""EventData"":{""Data"":[{""@Name"":""NotificationType"",""#text"":""0""},{""@Name"":""SessionId"",""#text"":""1""}]}}"
278,278,2015-09-12 18:18:30.6263750,5324,Info,Microsoft-Windows-GroupPolicy,Microsoft-Windows-GroupPolicy/Operational,1012,1100,WIN-L0ZZQ76PMUF,1,S-1-5-18,,,,,,,,,,,False,M:\Forensics\TrainingImages\AliHadi\Challenge1\tout\M\Forensics\TrainingImages\AliHadi\Challenge1\s4a-challenge4\Windows\System32\winevt\logs\Microsoft-Windows-GroupPolicy%4Operational.evtx,0x4000000000000000,0,"{""EventData"":{""Data"":[{""@Name"":""NotificationType"",""#text"":""0""},{""@Name"":""SessionId"",""#text"":""1""}]}}"
279,279,2015-09-12 18:19:06.7826250,4000,Info,Microsoft-Windows-GroupPolicy,Microsoft-Windows-GroupPolicy/Operational,1012,1380,WIN-L0ZZQ76PMUF,1,S-1-5-18,,,,,,,,,,,False,M:\Forensics\TrainingImages\AliHadi\Challenge1\tout\M\Forensics\TrainingImages\AliHadi\Challenge1\s4a-challenge4\Windows\System32\winevt\logs\Microsoft-Windows-GroupPolicy%4Operational.evtx,0x4000000000000000,0,"{""EventData"":{""Data"":[{""@Name"":""PolicyActivityId"",""#text"":""2c0074c4-f7d4-4329-9389-439c184bc34e""},{""@Name"":""PrincipalSamName"",""#text"":""WORKGROUP\\WIN-L0ZZQ76PMUF$""},{""@Name"":""IsMachine"",""#text"":""True""},{""@Name"":""IsDomainJoined"",""#text"":""False""},{""@Name"":""IsBackgroundProcessing"",""#text"":""False""},{""@Name"":""IsAsyncProcessing"",""#text"":""False""},{""@Name"":""IsServiceRestart"",""#text"":""False""},{""@Name"":""ReasonForSyncProcessing"",""#text"":""5""}]}}"
280,280,2015-09-12 18:19:06.7826250,5311,Info,Microsoft-Windows-GroupPolicy,Microsoft-Windows-GroupPolicy/Operational,1012,1380,WIN-L0ZZQ76PMUF,1,S-1-5-18,,,,,,,,,,,False,M:\Forensics\TrainingImages\AliHadi\Challenge1\tout\M\Forensics\TrainingImages\AliHadi\Challenge1\s4a-challenge4\Windows\System32\winevt\logs\Microsoft-Windows-GroupPolicy%4Operational.evtx,0x4000000000000000,0,"{""EventData"":{""Data"":{""@Name"":""PolicyProcessingMode"",""#text"":""0""}}}"
281,281,2015-09-12 18:19:06.7826250,5312,Info,Microsoft-Windows-GroupPolicy,Microsoft-Windows-GroupPolicy/Operational,1012,1380,WIN-L0ZZQ76PMUF,1,S-1-5-18,,,,,,,,,,,False,M:\Forensics\TrainingImages\AliHadi\Challenge1\tout\M\Forensics\TrainingImages\AliHadi\Challenge1\s4a-challenge4\Windows\System32\winevt\logs\Microsoft-Windows-GroupPolicy%4Operational.evtx,0x4000000000000000,0,"{""EventData"":{""Data"":[{""@Name"":""DescriptionString"",""#text"":""None""},{""@Name"":""GPOInfoList""}]}}"
282,282,2015-09-12 18:19:06.7826250,5313,Info,Microsoft-Windows-GroupPolicy,Microsoft-Windows-GroupPolicy/Operational,1012,1380,WIN-L0ZZQ76PMUF,1,S-1-5-18,,,,,,,,,,,False,M:\Forensics\TrainingImages\AliHadi\Challenge1\tout\M\Forensics\TrainingImages\AliHadi\Challenge1\s4a-challenge4\Windows\System32\winevt\logs\Microsoft-Windows-GroupPolicy%4Operational.evtx,0x4000000000000000,0,"{""EventData"":{""Data"":[{""@Name"":""DescriptionString"",""#text"":""Local Group Policy, Not Applied (Empty), ""},{""@Name"":""GPOInfoList"",""#text"":""&lt;GPO ID=\""Local Group Policy\""&gt;&lt;Name&gt;Local Group Policy&lt;/Name&gt;&lt;Version&gt;0&lt;/Version&gt;&lt;SOM&gt;Local&lt;/SOM&gt;&lt;FSPath&gt;C:\\Windows\\System32\\GroupPolicy\\Machine&lt;/FSPath&gt;&lt;Reason&gt;NOTAPPLIED-EMPTY&lt;/Reason&gt;&lt;/GPO&gt;""}]}}"
283,283,2015-09-12 18:19:06.7826250,5320,Info,Microsoft-Windows-GroupPolicy,Microsoft-Windows-GroupPolicy/Operational,1012,1380,WIN-L0ZZQ76PMUF,1,S-1-5-18,,,,,,,,,,,False,M:\Forensics\TrainingImages\AliHadi\Challenge1\tout\M\Forensics\TrainingImages\AliHadi\Challenge1\s4a-challenge4\Windows\System32\winevt\logs\Microsoft-Windows-GroupPolicy%4Operational.evtx,0x4000000000000000,0,"{""EventData"":{""Data"":{""@Name"":""InfoDescription"",""#text"":""%%4161""}}}"
284,284,2015-09-12 18:19:06.7826250,5320,Info,Microsoft-Windows-GroupPolicy,Microsoft-Windows-GroupPolicy/Operational,1012,1380,WIN-L0ZZQ76PMUF,1,S-1-5-18,,,,,,,,,,,False,M:\Forensics\TrainingImages\AliHadi\Challenge1\tout\M\Forensics\TrainingImages\AliHadi\Challenge1\s4a-challenge4\Windows\System32\winevt\logs\Microsoft-Windows-GroupPolicy%4Operational.evtx,0x4000000000000000,0,"{""EventData"":{""Data"":{""@Name"":""InfoDescription"",""#text"":""%%4163""}}}"
285,285,2015-09-12 18:19:06.7826250,5320,Info,Microsoft-Windows-GroupPolicy,Microsoft-Windows-GroupPolicy/Operational,1012,1380,WIN-L0ZZQ76PMUF,1,S-1-5-18,,,,,,,,,,,False,M:\Forensics\TrainingImages\AliHadi\Challenge1\tout\M\Forensics\TrainingImages\AliHadi\Challenge1\s4a-challenge4\Windows\System32\winevt\logs\Microsoft-Windows-GroupPolicy%4Operational.evtx,0x4000000000000000,0,"{""EventData"":{""Data"":{""@Name"":""InfoDescription"",""#text"":""%%4165""}}}"
286,286,2015-09-12 18:19:06.7982500,8000,Info,Microsoft-Windows-GroupPolicy,Microsoft-Windows-GroupPolicy/Operational,1012,1380,WIN-L0ZZQ76PMUF,1,S-1-5-18,,,,,,,,,,,False,M:\Forensics\TrainingImages\AliHadi\Challenge1\tout\M\Forensics\TrainingImages\AliHadi\Challenge1\s4a-challenge4\Windows\System32\winevt\logs\Microsoft-Windows-GroupPolicy%4Operational.evtx,0x4000000000000000,0,"{""EventData"":{""Data"":[{""@Name"":""PolicyElaspedTimeInSeconds"",""#text"":""0""},{""@Name"":""ErrorCode"",""#text"":""0""},{""@Name"":""PrincipalSamName"",""#text"":""WORKGROUP\\WIN-L0ZZQ76PMUF$""},{""@Name"":""IsMachine"",""#text"":""True""},{""@Name"":""IsConnectivityFailure"",""#text"":""False""}]}}"
287,287,2015-09-12 18:19:06.7982500,5315,Info,Microsoft-Windows-GroupPolicy,Microsoft-Windows-GroupPolicy/Operational,1012,1508,WIN-L0ZZQ76PMUF,1,S-1-5-18,,,,,,,,,,,False,M:\Forensics\TrainingImages\AliHadi\Challenge1\tout\M\Forensics\TrainingImages\AliHadi\Challenge1\s4a-challenge4\Windows\System32\winevt\logs\Microsoft-Windows-GroupPolicy%4Operational.evtx,0x4000000000000000,0,"{""EventData"":{""Data"":[{""@Name"":""PrincipalSamName"",""#text"":""WORKGROUP\\WIN-L0ZZQ76PMUF$""},{""@Name"":""NextPolicyApplicationTime"",""#text"":""118""},{""@Name"":""NextPolicyApplicationTimeUnit"",""#text"":""%%4100""}]}}"
288,288,2015-09-12 18:19:20.3295000,5324,Info,Microsoft-Windows-GroupPolicy,Microsoft-Windows-GroupPolicy/Operational,1012,1100,WIN-L0ZZQ76PMUF,1,S-1-5-18,,,,,,,,,,,False,M:\Forensics\TrainingImages\AliHadi\Challenge1\tout\M\Forensics\TrainingImages\AliHadi\Challenge1\s4a-challenge4\Windows\System32\winevt\logs\Microsoft-Windows-GroupPolicy%4Operational.evtx,0x4000000000000000,0,"{""EventData"":{""Data"":[{""@Name"":""NotificationType"",""#text"":""1""},{""@Name"":""SessionId"",""#text"":""1""}]}}"
289,289,2015-09-12 18:19:20.3295000,5324,Info,Microsoft-Windows-GroupPolicy,Microsoft-Windows-GroupPolicy/Operational,1012,1100,WIN-L0ZZQ76PMUF,1,S-1-5-18,,,,,,,,,,,False,M:\Forensics\TrainingImages\AliHadi\Challenge1\tout\M\Forensics\TrainingImages\AliHadi\Challenge1\s4a-challenge4\Windows\System32\winevt\logs\Microsoft-Windows-GroupPolicy%4Operational.evtx,0x4000000000000000,0,"{""EventData"":{""Data"":[{""@Name"":""NotificationType"",""#text"":""1""},{""@Name"":""SessionId"",""#text"":""1""}]}}"
290,290,2015-09-12 18:19:20.3295000,4001,Info,Microsoft-Windows-GroupPolicy,Microsoft-Windows-GroupPolicy/Operational,1012,348,WIN-L0ZZQ76PMUF,1,S-1-5-18,,,,,,,,,,,False,M:\Forensics\TrainingImages\AliHadi\Challenge1\tout\M\Forensics\TrainingImages\AliHadi\Challenge1\s4a-challenge4\Windows\System32\winevt\logs\Microsoft-Windows-GroupPolicy%4Operational.evtx,0x4000000000000000,0,"{""EventData"":{""Data"":[{""@Name"":""PolicyActivityId"",""#text"":""7725dabb-785c-4e0d-bbdf-4a1b76fdfc8d""},{""@Name"":""PrincipalSamName"",""#text"":""WIN-L0ZZQ76PMUF\\Administrator""},{""@Name"":""IsMachine"",""#text"":""False""},{""@Name"":""IsDomainJoined"",""#text"":""False""},{""@Name"":""IsBackgroundProcessing"",""#text"":""False""},{""@Name"":""IsAsyncProcessing"",""#text"":""False""},{""@Name"":""IsServiceRestart"",""#text"":""False""},{""@Name"":""ReasonForSyncProcessing"",""#text"":""5""}]}}"
291,291,2015-09-12 18:19:20.3295000,5311,Info,Microsoft-Windows-GroupPolicy,Microsoft-Windows-GroupPolicy/Operational,1012,348,WIN-L0ZZQ76PMUF,1,S-1-5-21-3848053756-3249532031-1848221756-500,,,,,,,,,,,False,M:\Forensics\TrainingImages\AliHadi\Challenge1\tout\M\Forensics\TrainingImages\AliHadi\Challenge1\s4a-challenge4\Windows\System32\winevt\logs\Microsoft-Windows-GroupPolicy%4Operational.evtx,0x4000000000000000,0,"{""EventData"":{""Data"":{""@Name"":""PolicyProcessingMode"",""#text"":""0""}}}"
292,292,2015-09-12 18:19:20.3295000,5312,Info,Microsoft-Windows-GroupPolicy,Microsoft-Windows-GroupPolicy/Operational,1012,348,WIN-L0ZZQ76PMUF,1,S-1-5-18,,,,,,,,,,,False,M:\Forensics\TrainingImages\AliHadi\Challenge1\tout\M\Forensics\TrainingImages\AliHadi\Challenge1\s4a-challenge4\Windows\System32\winevt\logs\Microsoft-Windows-GroupPolicy%4Operational.evtx,0x4000000000000000,0,"{""EventData"":{""Data"":[{""@Name"":""DescriptionString"",""#text"":""None""},{""@Name"":""GPOInfoList""}]}}"
293,293,2015-09-12 18:19:20.3295000,5313,Info,Microsoft-Windows-GroupPolicy,Microsoft-Windows-GroupPolicy/Operational,1012,348,WIN-L0ZZQ76PMUF,1,S-1-5-18,,,,,,,,,,,False,M:\Forensics\TrainingImages\AliHadi\Challenge1\tout\M\Forensics\TrainingImages\AliHadi\Challenge1\s4a-challenge4\Windows\System32\winevt\logs\Microsoft-Windows-GroupPolicy%4Operational.evtx,0x4000000000000000,0,"{""EventData"":{""Data"":[{""@Name"":""DescriptionString"",""#text"":""Local Group Policy, Not Applied (Empty), ""},{""@Name"":""GPOInfoList"",""#text"":""&lt;GPO ID=\""Local Group Policy\""&gt;&lt;Name&gt;Local Group Policy&lt;/Name&gt;&lt;Version&gt;0&lt;/Version&gt;&lt;SOM&gt;Local&lt;/SOM&gt;&lt;FSPath&gt;C:\\Windows\\System32\\GroupPolicy\\User&lt;/FSPath&gt;&lt;Reason&gt;NOTAPPLIED-EMPTY&lt;/Reason&gt;&lt;/GPO&gt;""}]}}"
294,294,2015-09-12 18:19:20.3295000,5320,Info,Microsoft-Windows-GroupPolicy,Microsoft-Windows-GroupPolicy/Operational,1012,348,WIN-L0ZZQ76PMUF,1,S-1-5-18,,,,,,,,,,,False,M:\Forensics\TrainingImages\AliHadi\Challenge1\tout\M\Forensics\TrainingImages\AliHadi\Challenge1\s4a-challenge4\Windows\System32\winevt\logs\Microsoft-Windows-GroupPolicy%4Operational.evtx,0x4000000000000000,0,"{""EventData"":{""Data"":{""@Name"":""InfoDescription"",""#text"":""%%4161""}}}"
295,295,2015-09-12 18:19:20.3295000,5320,Info,Microsoft-Windows-GroupPolicy,Microsoft-Windows-GroupPolicy/Operational,1012,348,WIN-L0ZZQ76PMUF,1,S-1-5-18,,,,,,,,,,,False,M:\Forensics\TrainingImages\AliHadi\Challenge1\tout\M\Forensics\TrainingImages\AliHadi\Challenge1\s4a-challenge4\Windows\System32\winevt\logs\Microsoft-Windows-GroupPolicy%4Operational.evtx,0x4000000000000000,0,"{""EventData"":{""Data"":{""@Name"":""InfoDescription"",""#text"":""%%4163""}}}"
296,296,2015-09-12 18:19:20.3295000,5320,Info,Microsoft-Windows-GroupPolicy,Microsoft-Windows-GroupPolicy/Operational,1012,348,WIN-L0ZZQ76PMUF,1,S-1-5-18,,,,,,,,,,,False,M:\Forensics\TrainingImages\AliHadi\Challenge1\tout\M\Forensics\TrainingImages\AliHadi\Challenge1\s4a-challenge4\Windows\System32\winevt\logs\Microsoft-Windows-GroupPolicy%4Operational.evtx,0x4000000000000000,0,"{""EventData"":{""Data"":{""@Name"":""InfoDescription"",""#text"":""%%4165""}}}"
297,297,2015-09-12 18:19:20.3451250,8001,Info,Microsoft-Windows-GroupPolicy,Microsoft-Windows-GroupPolicy/Operational,1012,348,WIN-L0ZZQ76PMUF,1,S-1-5-18,,,,,,,,,,,False,M:\Forensics\TrainingImages\AliHadi\Challenge1\tout\M\Forensics\TrainingImages\AliHadi\Challenge1\s4a-challenge4\Windows\System32\winevt\logs\Microsoft-Windows-GroupPolicy%4Operational.evtx,0x4000000000000000,0,"{""EventData"":{""Data"":[{""@Name"":""PolicyElaspedTimeInSeconds"",""#text"":""0""},{""@Name"":""ErrorCode"",""#text"":""0""},{""@Name"":""PrincipalSamName"",""#text"":""WIN-L0ZZQ76PMUF\\Administrator""},{""@Name"":""IsMachine"",""#text"":""False""},{""@Name"":""IsConnectivityFailure"",""#text"":""False""}]}}"
298,298,2015-09-12 18:19:20.3607500,5315,Info,Microsoft-Windows-GroupPolicy,Microsoft-Windows-GroupPolicy/Operational,1012,436,WIN-L0ZZQ76PMUF,1,S-1-5-18,,,,,,,,,,,False,M:\Forensics\TrainingImages\AliHadi\Challenge1\tout\M\Forensics\TrainingImages\AliHadi\Challenge1\s4a-challenge4\Windows\System32\winevt\logs\Microsoft-Windows-GroupPolicy%4Operational.evtx,0x4000000000000000,0,"{""EventData"":{""Data"":[{""@Name"":""PrincipalSamName"",""#text"":""WIN-L0ZZQ76PMUF\\Administrator""},{""@Name"":""NextPolicyApplicationTime"",""#text"":""90""},{""@Name"":""NextPolicyApplicationTimeUnit"",""#text"":""%%4100""}]}}"
299,299,2015-09-12 18:19:20.5482500,5324,Info,Microsoft-Windows-GroupPolicy,Microsoft-Windows-GroupPolicy/Operational,1012,1100,WIN-L0ZZQ76PMUF,1,S-1-5-18,,,,,,,,,,,False,M:\Forensics\TrainingImages\AliHadi\Challenge1\tout\M\Forensics\TrainingImages\AliHadi\Challenge1\s4a-challenge4\Windows\System32\winevt\logs\Microsoft-Windows-GroupPolicy%4Operational.evtx,0x4000000000000000,0,"{""EventData"":{""Data"":[{""@Name"":""NotificationType"",""#text"":""3""},{""@Name"":""SessionId"",""#text"":""1""}]}}"
