120,120,2015-08-24 06:52:32.3281250,20001,Info,Microsoft-Windows-User-PnP,System,1880,1876,26L2233B1-02,0,S-1-5-18,,,,,,,,,,,False,M:\Forensics\TrainingImages\AliHadi\Challenge1\tout\M\Forensics\TrainingImages\AliHadi\Challenge1\s4a-challenge4\Windows\System32\winevt\logs\System.evtx,Classic,0,"{""UserData"":{""InstallDeviceID"":{""DriverName"":""FileRepository\\mshdc.inf_f8794617\\mshdc.inf"",""DriverVersion"":""6.0.6001.18000"",""DriverProvider"":""Microsoft"",""DeviceInstanceID"":""PCIIDE\\IDECHANNEL\\4&amp;2F42C713&amp;0&amp;0"",""SetupClass"":""4d36e96a-e325-11ce-bfc1-08002be10318"",""RebootOption"":""False"",""UpgradeDevice"":""False"",""IsDriverOEM"":""False"",""InstallStatus"":""0"",""DriverDescription"":""IDE Channel""}}}"
121,121,2015-08-24 06:52:32.5625000,20003,Info,Microsoft-Windows-User-PnP,System,1860,1864,26L2233B1-02,0,S-1-5-18,,,,,,,,,,,False,M:\Forensics\TrainingImages\AliHadi\Challenge1\tout\M\Forensics\TrainingImages\AliHadi\Challenge1\s4a-challenge4\Windows\System32\winevt\logs\System.evtx,Classic,0,"{""UserData"":{""AddServiceID"":{""ServiceName"":""atapi"",""DriverFileName"":""system32\\DRIVERS\\atapi.sys"",""DeviceInstanceID"":""PCIIDE\\IDECHANNEL\\4&amp;2F42C713&amp;0&amp;1"",""PrimaryService"":""True"",""UpdateService"":""True"",""AddServiceStatus"":""0""}}}"
122,122,2015-08-24 06:52:33.5625000,20001,Info,Microsoft-Windows-User-PnP,System,1860,1864,26L2233B1-02,0,S-1-5-18,,,,,,,,,,,False,M:\Forensics\TrainingImages\AliHadi\Challenge1\tout\M\Forensics\TrainingImages\AliHadi\Challenge1\s4a-challenge4\Windows\System32\winevt\logs\System.evtx,Classic,0,"{""UserData"":{""InstallDeviceID"":{""DriverName"":""FileRepository\\mshdc.inf_f8794617\\mshdc.inf"",""DriverVersion"":""6.0.6001.18000"",""DriverProvider"":""Microsoft"",""DeviceInstanceID"":""PCIIDE\\IDECHANNEL\\4&amp;2F42C713&amp;0&amp;1"",""SetupClass"":""4d36e96a-e325-11ce-bfc1-08002be10318"",""RebootOption"":""False"",""UpgradeDevice"":""False"",""IsDriverOEM"":""False"",""InstallStatus"":""0"",""DriverDescription"":""IDE Channel""}}}"
123,123,2015-08-24 06:52:33.8281250,20003,Info,Microsoft-Windows-User-PnP,System,1904,1932,26L2233B1-02,0,S-1-5-18,,,,,,,,,,,False,M:\Forensics\TrainingImages\AliHadi\Challenge1\tout\M\Forensics\TrainingImages\AliHadi\Challenge1\s4a-challenge4\Windows\System32\winevt\logs\System.evtx,Classic,0,"{""UserData"":{""AddServiceID"":{""ServiceName"":""usbhub"",""DriverFileName"":""system32\\DRIVERS\\usbhub.sys"",""DeviceInstanceID"":""USB\\ROOT_HUB\\4&amp;24D6EB65&amp;0"",""PrimaryService"":""True"",""UpdateService"":""True"",""AddServiceStatus"":""0""}}}"
124,124,2015-08-24 06:52:33.9687500,20001,Info,Microsoft-Windows-User-PnP,System,1904,1932,26L2233B1-02,0,S-1-5-18,,,,,,,,,,,False,M:\Forensics\TrainingImages\AliHadi\Challenge1\tout\M\Forensics\TrainingImages\AliHadi\Challenge1\s4a-challenge4\Windows\System32\winevt\logs\System.evtx,Classic,0,"{""UserData"":{""InstallDeviceID"":{""DriverName"":""FileRepository\\usbport.inf_7ec6df1b\\usbport.inf"",""DriverVersion"":""6.0.6001.18000"",""DriverProvider"":""Microsoft"",""DeviceInstanceID"":""USB\\ROOT_HUB\\4&amp;24D6EB65&amp;0"",""SetupClass"":""36fc9e60-c465-11cf-8056-444553540000"",""RebootOption"":""False"",""UpgradeDevice"":""False"",""IsDriverOEM"":""False"",""InstallStatus"":""0"",""DriverDescription"":""USB Root Hub""}}}"
125,125,2015-08-24 06:52:34.1875000,20003,Info,Microsoft-Windows-User-PnP,System,1916,1852,26L2233B1-02,0,S-1-5-18,,,,,,,,,,,False,M:\Forensics\TrainingImages\AliHadi\Challenge1\tout\M\Forensics\TrainingImages\AliHadi\Challenge1\s4a-challenge4\Windows\System32\winevt\logs\System.evtx,Classic,0,"{""UserData"":{""AddServiceID"":{""ServiceName"":""usbhub"",""DriverFileName"":""system32\\DRIVERS\\usbhub.sys"",""DeviceInstanceID"":""USB\\ROOT_HUB20\\4&amp;6A987E4&amp;0"",""PrimaryService"":""True"",""UpdateService"":""True"",""AddServiceStatus"":""0""}}}"
126,126,2015-08-24 06:52:34.2187500,20001,Info,Microsoft-Windows-User-PnP,System,1916,1852,26L2233B1-02,0,S-1-5-18,,,,,,,,,,,False,M:\Forensics\TrainingImages\AliHadi\Challenge1\tout\M\Forensics\TrainingImages\AliHadi\Challenge1\s4a-challenge4\Windows\System32\winevt\logs\System.evtx,Classic,0,"{""UserData"":{""InstallDeviceID"":{""DriverName"":""FileRepository\\usbport.inf_7ec6df1b\\usbport.inf"",""DriverVersion"":""6.0.6001.18000"",""DriverProvider"":""Microsoft"",""DeviceInstanceID"":""USB\\ROOT_HUB20\\4&amp;6A987E4&amp;0"",""SetupClass"":""36fc9e60-c465-11cf-8056-444553540000"",""RebootOption"":""False"",""UpgradeDevice"":""False"",""IsDriverOEM"":""False"",""InstallStatus"":""0"",""DriverDescription"":""USB Root Hub""}}}"
127,127,2015-08-24 06:52:34.7500000,20003,Info,Microsoft-Windows-User-PnP,System,1988,1960,26L2233B1-02,0,S-1-5-18,,,,,,,,,,,False,M:\Forensics\TrainingImages\AliHadi\Challenge1\tout\M\Forensics\TrainingImages\AliHadi\Challenge1\s4a-challenge4\Windows\System32\winevt\logs\System.evtx,Classic,0,"{""UserData"":{""AddServiceID"":{""ServiceName"":""cdrom"",""DriverFileName"":""system32\\DRIVERS\\cdrom.sys"",""DeviceInstanceID"":""IDE\\CDROMVBOX_CD-ROM_____________________________1.0_____\\5&amp;106AF171&amp;0&amp;1.0.0"",""PrimaryService"":""True"",""UpdateService"":""True"",""AddServiceStatus"":""0""}}}"
128,128,2015-08-24 06:52:34.7812500,20001,Info,Microsoft-Windows-User-PnP,System,1988,1960,26L2233B1-02,0,S-1-5-18,,,,,,,,,,,False,M:\Forensics\TrainingImages\AliHadi\Challenge1\tout\M\Forensics\TrainingImages\AliHadi\Challenge1\s4a-challenge4\Windows\System32\winevt\logs\System.evtx,Classic,0,"{""UserData"":{""InstallDeviceID"":{""DriverName"":""FileRepository\\cdrom.inf_163e56a5\\cdrom.inf"",""DriverVersion"":""6.0.6001.18000"",""DriverProvider"":""Microsoft"",""DeviceInstanceID"":""IDE\\CDROMVBOX_CD-ROM_____________________________1.0_____\\5&amp;106AF171&amp;0&amp;1.0.0"",""SetupClass"":""4d36e965-e325-11ce-bfc1-08002be10318"",""RebootOption"":""False"",""UpgradeDevice"":""False"",""IsDriverOEM"":""False"",""InstallStatus"":""0"",""DriverDescription"":""CD-ROM Drive""}}}"
129,129,2015-08-24 06:52:35.0937500,20003,Info,Microsoft-Windows-User-PnP,System,2016,1984,26L2233B1-02,1,S-1-5-18,,,,,,,,,,,False,M:\Forensics\TrainingImages\AliHadi\Challenge1\tout\M\Forensics\TrainingImages\AliHadi\Challenge1\s4a-challenge4\Windows\System32\winevt\logs\System.evtx,Classic,0,"{""UserData"":{""AddServiceID"":{""ServiceName"":""disk"",""DriverFileName"":""system32\\DRIVERS\\disk.sys"",""DeviceInstanceID"":""IDE\\DISKVBOX_HARDDISK___________________________1.0_____\\5&amp;33D1638A&amp;0&amp;0.0.0"",""PrimaryService"":""True"",""UpdateService"":""True"",""AddServiceStatus"":""0""}}}"
130,130,2015-08-24 06:52:35.2031250,20001,Info,Microsoft-Windows-User-PnP,System,2016,1984,26L2233B1-02,1,S-1-5-18,,,,,,,,,,,False,M:\Forensics\TrainingImages\AliHadi\Challenge1\tout\M\Forensics\TrainingImages\AliHadi\Challenge1\s4a-challenge4\Windows\System32\winevt\logs\System.evtx,Classic,0,"{""UserData"":{""InstallDeviceID"":{""DriverName"":""FileRepository\\disk.inf_126712d3\\disk.inf"",""DriverVersion"":""6.0.6001.18000"",""DriverProvider"":""Microsoft"",""DeviceInstanceID"":""IDE\\DISKVBOX_HARDDISK___________________________1.0_____\\5&amp;33D1638A&amp;0&amp;0.0.0"",""SetupClass"":""4d36e967-e325-11ce-bfc1-08002be10318"",""RebootOption"":""False"",""UpgradeDevice"":""False"",""IsDriverOEM"":""False"",""InstallStatus"":""0"",""DriverDescription"":""Disk drive""}}}"
131,131,2015-08-24 06:52:35.6250000,20003,Info,Microsoft-Windows-User-PnP,System,1936,2012,26L2233B1-02,1,S-1-5-18,,,,,,,,,,,False,M:\Forensics\TrainingImages\AliHadi\Challenge1\tout\M\Forensics\TrainingImages\AliHadi\Challenge1\s4a-challenge4\Windows\System32\winevt\logs\System.evtx,Classic,0,"{""UserData"":{""AddServiceID"":{""ServiceName"":""HidUsb"",""DriverFileName"":""system32\\DRIVERS\\hidusb.sys"",""DeviceInstanceID"":""USB\\VID_80EE&amp;PID_0021\\5&amp;18F54CB7&amp;0&amp;1"",""PrimaryService"":""True"",""UpdateService"":""True"",""AddServiceStatus"":""0""}}}"
132,132,2015-08-24 06:52:35.8125000,20001,Info,Microsoft-Windows-User-PnP,System,1936,2012,26L2233B1-02,1,S-1-5-18,,,,,,,,,,,False,M:\Forensics\TrainingImages\AliHadi\Challenge1\tout\M\Forensics\TrainingImages\AliHadi\Challenge1\s4a-challenge4\Windows\System32\winevt\logs\System.evtx,Classic,0,"{""UserData"":{""InstallDeviceID"":{""DriverName"":""FileRepository\\input.inf_850de4a0\\input.inf"",""DriverVersion"":""6.0.6001.18000"",""DriverProvider"":""Microsoft"",""DeviceInstanceID"":""USB\\VID_80EE&amp;PID_0021\\5&amp;18F54CB7&amp;0&amp;1"",""SetupClass"":""745a17a0-74d3-11d0-b6fe-00a0c90f57da"",""RebootOption"":""False"",""UpgradeDevice"":""False"",""IsDriverOEM"":""False"",""InstallStatus"":""0"",""DriverDescription"":""USB Human Interface Device""}}}"
133,133,2015-08-24 06:52:35.9687500,20001,Info,Microsoft-Windows-User-PnP,System,272,236,26L2233B1-02,1,S-1-5-18,,,,,,,,,,,False,M:\Forensics\TrainingImages\AliHadi\Challenge1\tout\M\Forensics\TrainingImages\AliHadi\Challenge1\s4a-challenge4\Windows\System32\winevt\logs\System.evtx,Classic,0,"{""UserData"":{""InstallDeviceID"":{""DriverName"":""FileRepository\\machine.inf_c3c08b9d\\machine.inf"",""DriverVersion"":""6.0.6001.18000"",""DriverProvider"":""Microsoft"",""DeviceInstanceID"":""LPTENUM\\MICROSOFTRAWPORT\\5&amp;98F833E&amp;0&amp;LPT1"",""SetupClass"":""4d36e97d-e325-11ce-bfc1-08002be10318"",""RebootOption"":""False"",""UpgradeDevice"":""False"",""IsDriverOEM"":""False"",""InstallStatus"":""0"",""DriverDescription"":""Printer Port Logical Interface""}}}"
134,134,2015-08-24 06:52:36.2343750,20003,Info,Microsoft-Windows-User-PnP,System,732,296,26L2233B1-02,1,S-1-5-18,,,,,,,,,,,False,M:\Forensics\TrainingImages\AliHadi\Challenge1\tout\M\Forensics\TrainingImages\AliHadi\Challenge1\s4a-challenge4\Windows\System32\winevt\logs\System.evtx,Classic,0,"{""UserData"":{""AddServiceID"":{""ServiceName"":""mouhid"",""DriverFileName"":""system32\\DRIVERS\\mouhid.sys"",""DeviceInstanceID"":""HID\\VID_80EE&amp;PID_0021\\6&amp;E993E07&amp;0&amp;0000"",""PrimaryService"":""True"",""UpdateService"":""True"",""AddServiceStatus"":""0""}}}"
135,135,2015-08-24 06:52:36.2500000,20003,Info,Microsoft-Windows-User-PnP,System,732,296,26L2233B1-02,1,S-1-5-18,,,,,,,,,,,False,M:\Forensics\TrainingImages\AliHadi\Challenge1\tout\M\Forensics\TrainingImages\AliHadi\Challenge1\s4a-challenge4\Windows\System32\winevt\logs\System.evtx,Classic,0,"{""UserData"":{""AddServiceID"":{""ServiceName"":""mouclass"",""DriverFileName"":""system32\\DRIVERS\\mouclass.sys"",""DeviceInstanceID"":""HID\\VID_80EE&amp;PID_0021\\6&amp;E993E07&amp;0&amp;0000"",""PrimaryService"":""False"",""UpdateService"":""True"",""AddServiceStatus"":""0""}}}"
136,136,2015-08-24 06:52:36.2812500,20001,Info,Microsoft-Windows-User-PnP,System,732,296,26L2233B1-02,1,S-1-5-18,,,,,,,,,,,False,M:\Forensics\TrainingImages\AliHadi\Challenge1\tout\M\Forensics\TrainingImages\AliHadi\Challenge1\s4a-challenge4\Windows\System32\winevt\logs\System.evtx,Classic,0,"{""UserData"":{""InstallDeviceID"":{""DriverName"":""FileRepository\\msmouse.inf_6fb09895\\msmouse.inf"",""DriverVersion"":""6.0.6001.18000"",""DriverProvider"":""Microsoft"",""DeviceInstanceID"":""HID\\VID_80EE&amp;PID_0021\\6&amp;E993E07&amp;0&amp;0000"",""SetupClass"":""4d36e96f-e325-11ce-bfc1-08002be10318"",""RebootOption"":""False"",""UpgradeDevice"":""False"",""IsDriverOEM"":""False"",""InstallStatus"":""0"",""DriverDescription"":""HID-compliant mouse""}}}"
137,137,2015-08-24 06:52:37.8906250,20003,Info,Microsoft-Windows-User-PnP,System,896,2036,26L2233B1-02,1,S-1-5-18,,,,,,,,,,,False,M:\Forensics\TrainingImages\AliHadi\Challenge1\tout\M\Forensics\TrainingImages\AliHadi\Challenge1\s4a-challenge4\Windows\System32\winevt\logs\System.evtx,Classic,0,"{""UserData"":{""AddServiceID"":{""ServiceName"":""tunnel"",""DriverFileName"":""system32\\DRIVERS\\tunnel.sys"",""DeviceInstanceID"":""ROOT\\*ISATAP\\0000"",""PrimaryService"":""True"",""UpdateService"":""True"",""AddServiceStatus"":""0""}}}"
138,138,2015-08-24 06:52:38.7968750,20003,Info,Microsoft-Windows-User-PnP,System,752,772,26L2233B1-02,1,S-1-5-18,,,,,,,,,,,False,M:\Forensics\TrainingImages\AliHadi\Challenge1\tout\M\Forensics\TrainingImages\AliHadi\Challenge1\s4a-challenge4\Windows\System32\winevt\logs\System.evtx,Classic,0,"{""UserData"":{""AddServiceID"":{""ServiceName"":""AsyncMac"",""DriverFileName"":""system32\\DRIVERS\\asyncmac.sys"",""DeviceInstanceID"":""SW\\{EEAB7790-C514-11D1-B42B-00805FC1270E}\\ASYNCMAC"",""PrimaryService"":""True"",""UpdateService"":""True"",""AddServiceStatus"":""0""}}}"
139,139,2015-08-24 06:52:39.3125000,20001,Info,Microsoft-Windows-User-PnP,System,752,772,26L2233B1-02,1,S-1-5-18,,,,,,,,,,,False,M:\Forensics\TrainingImages\AliHadi\Challenge1\tout\M\Forensics\TrainingImages\AliHadi\Challenge1\s4a-challenge4\Windows\System32\winevt\logs\System.evtx,Classic,0,"{""UserData"":{""InstallDeviceID"":{""DriverName"":"""",""DriverVersion"":""6.0.6001.18000"",""DriverProvider"":""Microsoft"",""DeviceInstanceID"":""SW\\{EEAB7790-C514-11D1-B42B-00805FC1270E}\\ASYNCMAC"",""SetupClass"":""4d36e972-e325-11ce-bfc1-08002be10318"",""RebootOption"":""False"",""UpgradeDevice"":""True"",""IsDriverOEM"":""False"",""InstallStatus"":""0"",""DriverDescription"":""RAS Async Adapter""}}}"
140,140,2015-08-24 06:52:41.0000000,34,Error,Microsoft-Windows-Time-Service,System,0,0,26L2233B1-02,1,,,,,,,,,,,,False,M:\Forensics\TrainingImages\AliHadi\Challenge1\tout\M\Forensics\TrainingImages\AliHadi\Challenge1\s4a-challenge4\Windows\System32\winevt\logs\System.evtx,0x80000000000000,0,"{""EventData"":{""@Name"":""MSG_TIME_CHANGE_TOO_BIG"",""Data"":[{""@Name"":""SystemTimeChangeSeconds"",""#text"":""-122055""},{""@Name"":""MaxSystemTimeChangeSeconds"",""#text"":""-54000""},{""@Name"":""TimeSource"",""#text"":""time.windows.com,0x9 (ntp.m|0x9|0.0.0.0:123-&gt;23.102.23.44:123)""}]}}"
141,141,2015-08-24 06:52:44.0000000,1074,Info,USER32,System,0,0,26L2233B1-02,1,S-1-5-18,A user initiated a system restart,,,"Hostname: ","Reason: ","Type: ","Code: ",,,,False,M:\Forensics\TrainingImages\AliHadi\Challenge1\tout\M\Forensics\TrainingImages\AliHadi\Challenge1\s4a-challenge4\Windows\System32\winevt\logs\System.evtx,0x80000000000000,0,"{""EventData"":{""Data"":""C:\\Windows\\system32\\winlogon.exe (26L2233B1-02), WIN-L0ZZQ76PMUF, Operating System: Upgrade (Planned), 0x80020003, restart, NT AUTHORITY\\SYSTEM"",""Binary"":""03-00-02-80""}}"
142,142,2015-08-24 06:52:55.0000000,6006,Info,EventLog,System,0,0,26L2233B1-02,1,,The Event log service was stopped,,,Computer: 26L2233B1-02,,,,,,,False,M:\Forensics\TrainingImages\AliHadi\Challenge1\tout\M\Forensics\TrainingImages\AliHadi\Challenge1\s4a-challenge4\Windows\System32\winevt\logs\System.evtx,0x80000000000000,0,"{""EventData"":{""Data"":"""",""Binary"":""01-00-00-00-00-00-00-00""}}"
143,143,2015-08-24 06:54:08.0000000,6009,Info,EventLog,System,0,0,WIN-L0ZZQ76PMUF,1,,,,,,,,,,,,False,M:\Forensics\TrainingImages\AliHadi\Challenge1\tout\M\Forensics\TrainingImages\AliHadi\Challenge1\s4a-challenge4\Windows\System32\winevt\logs\System.evtx,0x80000000000000,0,"{""EventData"":{""Data"":""6.00., 6001, Service Pack 1, Multiprocessor Free"",""Binary"":""""}}"
144,144,2015-08-24 06:54:08.0000000,6005,Info,EventLog,System,0,0,WIN-L0ZZQ76PMUF,1,,The Event log service was started,,,Computer: WIN-L0ZZQ76PMUF,,,,,,,False,M:\Forensics\TrainingImages\AliHadi\Challenge1\tout\M\Forensics\TrainingImages\AliHadi\Challenge1\s4a-challenge4\Windows\System32\winevt\logs\System.evtx,0x80000000000000,0,"{""EventData"":{""Data"":"""",""Binary"":""DF-07-08-00-01-00-18-00-06-00-36-00-08-00-03-02-00-00-00-00-00-00-00-00""}}"
145,145,2015-08-24 06:54:08.0000000,6013,Info,EventLog,System,0,0,WIN-L0ZZQ76PMUF,1,,System uptime,,,The system uptime is 56 seconds,"TimeZone: 60, 480 Pacific Standard Time",,,,,,False,M:\Forensics\TrainingImages\AliHadi\Challenge1\tout\M\Forensics\TrainingImages\AliHadi\Challenge1\s4a-challenge4\Windows\System32\winevt\logs\System.evtx,0x80000000000000,0,"{""EventData"":{""Data"":""56, 60, 480 Pacific Standard Time"",""Binary"":""31-00-2E-00-31-00-00-00-30-00-00-00-57-00-69-00-6E-00-64-00-6F-00-77-00-73-00-20-00-53-00-65-00-72-00-76-00-65-00-72-00-20-00-28-00-52-00-29-00-20-00-32-00-30-00-30-00-38-00-20-00-53-00-74-00-61-00-6E-00-64-00-61-00-72-00-64-00-00-00-36-00-2E-00-30-00-2E-00-36-00-30-00-30-00-31-00-20-00-42-00-75-00-69-00-6C-00-64-00-20-00-36-00-30-00-30-00-31-00-20-00-53-00-65-00-72-00-76-00-69-00-63-00-65-00-20-00-50-00-61-00-63-00-6B-00-20-00-31-00-00-00-4D-00-75-00-6C-00-74-00-69-00-70-00-72-00-6F-00-63-00-65-00-73-00-73-00-6F-00-72-00-20-00-46-00-72-00-65-00-65-00-00-00-36-00-30-00-30-00-31-00-2E-00-6C-00-6F-00-6E-00-67-00-68-00-6F-00-72-00-6E-00-5F-00-72-00-74-00-6D-00-2E-00-30-00-38-00-30-00-31-00-31-00-38-00-2D-00-31-00-38-00-34-00-30-00-00-00-35-00-35-00-64-00-61-00-62-00-66-00-33-00-62-00-00-00-4E-00-6F-00-74-00-20-00-41-00-76-00-61-00-69-00-6C-00-61-00-62-00-6C-00-65-00-00-00-4E-00-6F-00-74-00-20-00-41-00-76-00-61-00-69-00-6C-00-61-00-62-00-6C-00-65-00-00-00-30-00-00-00-31-00-00-00-31-00-30-00-32-00-33-00-00-00-34-00-30-00-39-00-00-00-57-00-49-00-4E-00-2D-00-4C-00-30-00-5A-00-5A-00-51-00-37-00-36-00-50-00-4D-00-55-00-46-00-00-00-00-00""}}"
146,146,2015-08-24 06:53:13.6562500,5,Warning,storflt,System,0,0,WIN-L0ZZQ76PMUF,1,,,,,,,,,,,,False,M:\Forensics\TrainingImages\AliHadi\Challenge1\tout\M\Forensics\TrainingImages\AliHadi\Challenge1\s4a-challenge4\Windows\System32\winevt\logs\System.evtx,0x80000000000000,0,"{""EventData"":{""Data"":"""",""Binary"":""00-00-00-00-01-00-00-00-00-00-00-00-05-00-06-80-00-00-00-00-00-00-00-00-00-00-00-00-00-00-00-00-00-00-00-00-00-00-00-00""}}"
147,147,2015-08-24 06:53:13.6718750,4201,Info,Tcpip,System,0,0,WIN-L0ZZQ76PMUF,1,,,,,,,,,,,,False,M:\Forensics\TrainingImages\AliHadi\Challenge1\tout\M\Forensics\TrainingImages\AliHadi\Challenge1\s4a-challenge4\Windows\System32\winevt\logs\System.evtx,0x80000000000000,0,"{""EventData"":{""Data"":""Loopback Pseudo-Interface 1"",""Binary"":""00-00-00-00-02-00-2C-00-00-00-00-00-69-10-00-40-02-00-00-00-00-00-00-00-00-00-00-00-00-00-00-00-00-00-00-00-00-00-00-00""}}"
148,148,2015-08-24 06:53:13.6718750,4201,Info,Tcpip,System,0,0,WIN-L0ZZQ76PMUF,1,,,,,,,,,,,,False,M:\Forensics\TrainingImages\AliHadi\Challenge1\tout\M\Forensics\TrainingImages\AliHadi\Challenge1\s4a-challenge4\Windows\System32\winevt\logs\System.evtx,0x80000000000000,0,"{""EventData"":{""Data"":""Loopback Pseudo-Interface 1"",""Binary"":""00-00-00-00-02-00-2C-00-00-00-00-00-69-10-00-40-02-00-00-00-00-00-00-00-00-00-00-00-00-00-00-00-00-00-00-00-00-00-00-00""}}"
149,149,2015-08-24 06:53:16.3593750,4,Info,Microsoft-Windows-Kernel-Processor-Power,System,4,80,WIN-L0ZZQ76PMUF,1,S-1-5-18,,,,,,,,,,,False,M:\Forensics\TrainingImages\AliHadi\Challenge1\tout\M\Forensics\TrainingImages\AliHadi\Challenge1\s4a-challenge4\Windows\System32\winevt\logs\System.evtx,Classic,0,"{""EventData"":{""Data"":[{""@Name"":""Processor"",""#text"":""0""},{""@Name"":""IdleStateCount"",""#text"":""1""},{""@Name"":""PerfStateCount"",""#text"":""0""},{""@Name"":""ThrottleStateCount"",""#text"":""0""}],""ComplexData"":[{""@Name"":""IdleState"",""#text"":""01-00-00-00""},{""@Name"":""PerfState""}]}}"
150,150,2015-08-24 06:53:17.1718750,4201,Info,Tcpip,System,0,0,WIN-L0ZZQ76PMUF,1,,,,,,,,,,,,False,M:\Forensics\TrainingImages\AliHadi\Challenge1\tout\M\Forensics\TrainingImages\AliHadi\Challenge1\s4a-challenge4\Windows\System32\winevt\logs\System.evtx,0x80000000000000,0,"{""EventData"":{""Data"":""Local Area Connection"",""Binary"":""00-00-00-00-02-00-2C-00-00-00-00-00-69-10-00-40-02-00-00-00-00-00-00-00-00-00-00-00-00-00-00-00-00-00-00-00-00-00-00-00""}}"
151,151,2015-08-24 06:53:17.1718750,4201,Info,Tcpip,System,0,0,WIN-L0ZZQ76PMUF,1,,,,,,,,,,,,False,M:\Forensics\TrainingImages\AliHadi\Challenge1\tout\M\Forensics\TrainingImages\AliHadi\Challenge1\s4a-challenge4\Windows\System32\winevt\logs\System.evtx,0x80000000000000,0,"{""EventData"":{""Data"":""Local Area Connection"",""Binary"":""00-00-00-00-02-00-2C-00-00-00-00-00-69-10-00-40-02-00-00-00-00-00-00-00-00-00-00-00-00-00-00-00-00-00-00-00-00-00-00-00""}}"
152,152,2015-08-24 06:54:08.2187500,6,Info,Microsoft-Windows-FilterManager,System,4,88,WIN-L0ZZQ76PMUF,1,S-1-5-18,,,,,,,,,,,False,M:\Forensics\TrainingImages\AliHadi\Challenge1\tout\M\Forensics\TrainingImages\AliHadi\Challenge1\s4a-challenge4\Windows\System32\winevt\logs\System.evtx,Classic,0,"{""EventData"":{""Data"":[{""@Name"":""FinalStatus"",""#text"":""0x0""},{""@Name"":""DeviceVersionMajor"",""#text"":""6""},{""@Name"":""DeviceVersionMinor"",""#text"":""0""},{""@Name"":""DeviceNameLength"",""#text"":""5""},{""@Name"":""DeviceName"",""#text"":""luafv""},{""@Name"":""DeviceTime"",""#text"":""2008-01-18 22:30:35.0000000""}]}}"
153,153,2015-08-24 06:54:12.0000000,1103,Info,Microsoft-Windows-Dhcp-Client,System,0,0,WIN-L0ZZQ76PMUF,1,,,,,,,,,,,,False,M:\Forensics\TrainingImages\AliHadi\Challenge1\tout\M\Forensics\TrainingImages\AliHadi\Challenge1\s4a-challenge4\Windows\System32\winevt\logs\System.evtx,0x80000000000000,0,"{""EventData"":{""Data"":"""",""Binary"":""""}}"
154,154,2015-08-24 06:54:16.6562500,15016,Error,Microsoft-Windows-HttpEvent,System,4,88,WIN-L0ZZQ76PMUF,1,,,,,,,,,,,,False,M:\Forensics\TrainingImages\AliHadi\Challenge1\tout\M\Forensics\TrainingImages\AliHadi\Challenge1\s4a-challenge4\Windows\System32\winevt\logs\System.evtx,0x80000000000000,0,"{""EventData"":{""Data"":[{""@Name"":""DeviceObject"",""#text"":""\\Device\\Http\\ReqQueue""},{""@Name"":""SecurityPackage"",""#text"":""Kerberos""}],""Binary"":""00-00-04-00-02-00-30-00-00-00-00-00-A8-3A-00-C0-00-00-00-00-00-00-00-00-00-00-00-00-00-00-00-00-00-00-00-00-00-00-00-00-0E-03-09-80""}}"
155,155,2015-08-24 06:55:12.0000000,7036,Info,Service Control Manager,System,0,0,WIN-L0ZZQ76PMUF,1,,Service started or stopped,,,Name: Plug and Play | Plug and Play,Status: running,,,,,,False,M:\Forensics\TrainingImages\AliHadi\Challenge1\tout\M\Forensics\TrainingImages\AliHadi\Challenge1\s4a-challenge4\Windows\System32\winevt\logs\System.evtx,0x80000000000000,0,"{""EventData"":{""Data"":[{""@Name"":""param1"",""#text"":""Plug and Play""},{""@Name"":""param2"",""#text"":""running""}]}}"
156,156,2015-08-24 06:55:12.0000000,7036,Info,Service Control Manager,System,0,0,WIN-L0ZZQ76PMUF,1,,Service started or stopped,,,Name: DCOM Server Process Launcher | DCOM Server Process Launcher,Status: running,,,,,,False,M:\Forensics\TrainingImages\AliHadi\Challenge1\tout\M\Forensics\TrainingImages\AliHadi\Challenge1\s4a-challenge4\Windows\System32\winevt\logs\System.evtx,0x80000000000000,0,"{""EventData"":{""Data"":[{""@Name"":""param1"",""#text"":""DCOM Server Process Launcher""},{""@Name"":""param2"",""#text"":""running""}]}}"
157,157,2015-08-24 06:55:12.0000000,7036,Info,Service Control Manager,System,0,0,WIN-L0ZZQ76PMUF,1,,Service started or stopped,,,Name: Remote Procedure Call (RPC) | Remote Procedure Call (RPC),Status: running,,,,,,False,M:\Forensics\TrainingImages\AliHadi\Challenge1\tout\M\Forensics\TrainingImages\AliHadi\Challenge1\s4a-challenge4\Windows\System32\winevt\logs\System.evtx,0x80000000000000,0,"{""EventData"":{""Data"":[{""@Name"":""param1"",""#text"":""Remote Procedure Call (RPC)""},{""@Name"":""param2"",""#text"":""running""}]}}"
158,158,2015-08-24 06:55:12.0000000,7036,Info,Service Control Manager,System,0,0,WIN-L0ZZQ76PMUF,1,,Service started or stopped,,,Name: Multimedia Class Scheduler | Multimedia Class Scheduler,Status: running,,,,,,False,M:\Forensics\TrainingImages\AliHadi\Challenge1\tout\M\Forensics\TrainingImages\AliHadi\Challenge1\s4a-challenge4\Windows\System32\winevt\logs\System.evtx,0x80000000000000,0,"{""EventData"":{""Data"":[{""@Name"":""param1"",""#text"":""Multimedia Class Scheduler""},{""@Name"":""param2"",""#text"":""running""}]}}"
159,159,2015-08-24 06:55:12.0000000,7036,Info,Service Control Manager,System,0,0,WIN-L0ZZQ76PMUF,1,,Service started or stopped,,,Name: Windows Audio Endpoint Builder | Windows Audio Endpoint Builder,Status: running,,,,,,False,M:\Forensics\TrainingImages\AliHadi\Challenge1\tout\M\Forensics\TrainingImages\AliHadi\Challenge1\s4a-challenge4\Windows\System32\winevt\logs\System.evtx,0x80000000000000,0,"{""EventData"":{""Data"":[{""@Name"":""param1"",""#text"":""Windows Audio Endpoint Builder""},{""@Name"":""param2"",""#text"":""running""}]}}"
160,160,2015-08-24 06:55:12.0000000,7036,Info,Service Control Manager,System,0,0,WIN-L0ZZQ76PMUF,1,,Service started or stopped,,,Name: Windows Audio | Windows Audio,Status: running,,,,,,False,M:\Forensics\TrainingImages\AliHadi\Challenge1\tout\M\Forensics\TrainingImages\AliHadi\Challenge1\s4a-challenge4\Windows\System32\winevt\logs\System.evtx,0x80000000000000,0,"{""EventData"":{""Data"":[{""@Name"":""param1"",""#text"":""Windows Audio""},{""@Name"":""param2"",""#text"":""running""}]}}"
161,161,2015-08-24 06:55:12.0000000,7036,Info,Service Control Manager,System,0,0,WIN-L0ZZQ76PMUF,1,,Service started or stopped,,,Name: Software Licensing | Software Licensing,Status: running,,,,,,False,M:\Forensics\TrainingImages\AliHadi\Challenge1\tout\M\Forensics\TrainingImages\AliHadi\Challenge1\s4a-challenge4\Windows\System32\winevt\logs\System.evtx,0x80000000000000,0,"{""EventData"":{""Data"":[{""@Name"":""param1"",""#text"":""Software Licensing""},{""@Name"":""param2"",""#text"":""running""}]}}"
162,162,2015-08-24 06:55:12.0000000,7036,Info,Service Control Manager,System,0,0,WIN-L0ZZQ76PMUF,1,,Service started or stopped,,,Name: Windows Event Log | Windows Event Log,Status: running,,,,,,False,M:\Forensics\TrainingImages\AliHadi\Challenge1\tout\M\Forensics\TrainingImages\AliHadi\Challenge1\s4a-challenge4\Windows\System32\winevt\logs\System.evtx,0x80000000000000,0,"{""EventData"":{""Data"":[{""@Name"":""param1"",""#text"":""Windows Event Log""},{""@Name"":""param2"",""#text"":""running""}]}}"
163,163,2015-08-24 06:55:12.0000000,7036,Info,Service Control Manager,System,0,0,WIN-L0ZZQ76PMUF,1,,Service started or stopped,,,Name: Group Policy Client | Group Policy Client,Status: running,,,,,,False,M:\Forensics\TrainingImages\AliHadi\Challenge1\tout\M\Forensics\TrainingImages\AliHadi\Challenge1\s4a-challenge4\Windows\System32\winevt\logs\System.evtx,0x80000000000000,0,"{""EventData"":{""Data"":[{""@Name"":""param1"",""#text"":""Group Policy Client""},{""@Name"":""param2"",""#text"":""running""}]}}"
164,164,2015-08-24 06:55:12.0000000,7036,Info,Service Control Manager,System,0,0,WIN-L0ZZQ76PMUF,1,,Service started or stopped,,,Name: User Profile Service | User Profile Service,Status: running,,,,,,False,M:\Forensics\TrainingImages\AliHadi\Challenge1\tout\M\Forensics\TrainingImages\AliHadi\Challenge1\s4a-challenge4\Windows\System32\winevt\logs\System.evtx,0x80000000000000,0,"{""EventData"":{""Data"":[{""@Name"":""param1"",""#text"":""User Profile Service""},{""@Name"":""param2"",""#text"":""running""}]}}"
165,165,2015-08-24 06:55:12.0000000,7036,Info,Service Control Manager,System,0,0,WIN-L0ZZQ76PMUF,1,,Service started or stopped,,,Name: COM+ Event System | COM+ Event System,Status: running,,,,,,False,M:\Forensics\TrainingImages\AliHadi\Challenge1\tout\M\Forensics\TrainingImages\AliHadi\Challenge1\s4a-challenge4\Windows\System32\winevt\logs\System.evtx,0x80000000000000,0,"{""EventData"":{""Data"":[{""@Name"":""param1"",""#text"":""COM+ Event System""},{""@Name"":""param2"",""#text"":""running""}]}}"
166,166,2015-08-24 06:55:12.0000000,7036,Info,Service Control Manager,System,0,0,WIN-L0ZZQ76PMUF,1,,Service started or stopped,,,Name: System Event Notification Service | System Event Notification Service,Status: running,,,,,,False,M:\Forensics\TrainingImages\AliHadi\Challenge1\tout\M\Forensics\TrainingImages\AliHadi\Challenge1\s4a-challenge4\Windows\System32\winevt\logs\System.evtx,0x80000000000000,0,"{""EventData"":{""Data"":[{""@Name"":""param1"",""#text"":""System Event Notification Service""},{""@Name"":""param2"",""#text"":""running""}]}}"
167,167,2015-08-24 06:55:12.0000000,7036,Info,Service Control Manager,System,0,0,WIN-L0ZZQ76PMUF,1,,Service started or stopped,,,Name: Desktop Window Manager Session Manager | Desktop Window Manager Session Manager,Status: running,,,,,,False,M:\Forensics\TrainingImages\AliHadi\Challenge1\tout\M\Forensics\TrainingImages\AliHadi\Challenge1\s4a-challenge4\Windows\System32\winevt\logs\System.evtx,0x80000000000000,0,"{""EventData"":{""Data"":[{""@Name"":""param1"",""#text"":""Desktop Window Manager Session Manager""},{""@Name"":""param2"",""#text"":""running""}]}}"
168,168,2015-08-24 06:55:12.0000000,7036,Info,Service Control Manager,System,0,0,WIN-L0ZZQ76PMUF,1,,Service started or stopped,,,Name: Network Store Interface Service | Network Store Interface Service,Status: running,,,,,,False,M:\Forensics\TrainingImages\AliHadi\Challenge1\tout\M\Forensics\TrainingImages\AliHadi\Challenge1\s4a-challenge4\Windows\System32\winevt\logs\System.evtx,0x80000000000000,0,"{""EventData"":{""Data"":[{""@Name"":""param1"",""#text"":""Network Store Interface Service""},{""@Name"":""param2"",""#text"":""running""}]}}"
169,169,2015-08-24 06:55:12.0000000,7036,Info,Service Control Manager,System,0,0,WIN-L0ZZQ76PMUF,1,,Service started or stopped,,,Name: TCP/IP NetBIOS Helper | TCP/IP NetBIOS Helper,Status: running,,,,,,False,M:\Forensics\TrainingImages\AliHadi\Challenge1\tout\M\Forensics\TrainingImages\AliHadi\Challenge1\s4a-challenge4\Windows\System32\winevt\logs\System.evtx,0x80000000000000,0,"{""EventData"":{""Data"":[{""@Name"":""param1"",""#text"":""TCP/IP NetBIOS Helper""},{""@Name"":""param2"",""#text"":""running""}]}}"
170,170,2015-08-24 06:55:12.0000000,7036,Info,Service Control Manager,System,0,0,WIN-L0ZZQ76PMUF,1,,Service started or stopped,,,Name: DHCP Client | DHCP Client,Status: running,,,,,,False,M:\Forensics\TrainingImages\AliHadi\Challenge1\tout\M\Forensics\TrainingImages\AliHadi\Challenge1\s4a-challenge4\Windows\System32\winevt\logs\System.evtx,0x80000000000000,0,"{""EventData"":{""Data"":[{""@Name"":""param1"",""#text"":""DHCP Client""},{""@Name"":""param2"",""#text"":""running""}]}}"
171,171,2015-08-24 06:55:12.0000000,7036,Info,Service Control Manager,System,0,0,WIN-L0ZZQ76PMUF,1,,Service started or stopped,,,Name: DNS Client | DNS Client,Status: running,,,,,,False,M:\Forensics\TrainingImages\AliHadi\Challenge1\tout\M\Forensics\TrainingImages\AliHadi\Challenge1\s4a-challenge4\Windows\System32\winevt\logs\System.evtx,0x80000000000000,0,"{""EventData"":{""Data"":[{""@Name"":""param1"",""#text"":""DNS Client""},{""@Name"":""param2"",""#text"":""running""}]}}"
172,172,2015-08-24 06:55:12.0000000,7036,Info,Service Control Manager,System,0,0,WIN-L0ZZQ76PMUF,1,,Service started or stopped,,,Name: Shell Hardware Detection | Shell Hardware Detection,Status: running,,,,,,False,M:\Forensics\TrainingImages\AliHadi\Challenge1\tout\M\Forensics\TrainingImages\AliHadi\Challenge1\s4a-challenge4\Windows\System32\winevt\logs\System.evtx,0x80000000000000,0,"{""EventData"":{""Data"":[{""@Name"":""param1"",""#text"":""Shell Hardware Detection""},{""@Name"":""param2"",""#text"":""running""}]}}"
173,173,2015-08-24 06:55:12.0000000,7036,Info,Service Control Manager,System,0,0,WIN-L0ZZQ76PMUF,1,,Service started or stopped,,,Name: Task Scheduler | Task Scheduler,Status: running,,,,,,False,M:\Forensics\TrainingImages\AliHadi\Challenge1\tout\M\Forensics\TrainingImages\AliHadi\Challenge1\s4a-challenge4\Windows\System32\winevt\logs\System.evtx,0x80000000000000,0,"{""EventData"":{""Data"":[{""@Name"":""param1"",""#text"":""Task Scheduler""},{""@Name"":""param2"",""#text"":""running""}]}}"
174,174,2015-08-24 06:55:12.0000000,7036,Info,Service Control Manager,System,0,0,WIN-L0ZZQ76PMUF,1,,Service started or stopped,,,Name: Base Filtering Engine | Base Filtering Engine,Status: running,,,,,,False,M:\Forensics\TrainingImages\AliHadi\Challenge1\tout\M\Forensics\TrainingImages\AliHadi\Challenge1\s4a-challenge4\Windows\System32\winevt\logs\System.evtx,0x80000000000000,0,"{""EventData"":{""Data"":[{""@Name"":""param1"",""#text"":""Base Filtering Engine""},{""@Name"":""param2"",""#text"":""running""}]}}"
175,175,2015-08-24 06:55:12.0000000,7036,Info,Service Control Manager,System,0,0,WIN-L0ZZQ76PMUF,1,,Service started or stopped,,,Name: Windows Firewall | Windows Firewall,Status: running,,,,,,False,M:\Forensics\TrainingImages\AliHadi\Challenge1\tout\M\Forensics\TrainingImages\AliHadi\Challenge1\s4a-challenge4\Windows\System32\winevt\logs\System.evtx,0x80000000000000,0,"{""EventData"":{""Data"":[{""@Name"":""param1"",""#text"":""Windows Firewall""},{""@Name"":""param2"",""#text"":""running""}]}}"
176,176,2015-08-24 06:55:12.0000000,7036,Info,Service Control Manager,System,0,0,WIN-L0ZZQ76PMUF,1,,Service started or stopped,,,Name: Workstation | Workstation,Status: running,,,,,,False,M:\Forensics\TrainingImages\AliHadi\Challenge1\tout\M\Forensics\TrainingImages\AliHadi\Challenge1\s4a-challenge4\Windows\System32\winevt\logs\System.evtx,0x80000000000000,0,"{""EventData"":{""Data"":[{""@Name"":""param1"",""#text"":""Workstation""},{""@Name"":""param2"",""#text"":""running""}]}}"
177,177,2015-08-24 06:55:12.0000000,7036,Info,Service Control Manager,System,0,0,WIN-L0ZZQ76PMUF,1,,Service started or stopped,,,Name: Security Accounts Manager | Security Accounts Manager,Status: running,,,,,,False,M:\Forensics\TrainingImages\AliHadi\Challenge1\tout\M\Forensics\TrainingImages\AliHadi\Challenge1\s4a-challenge4\Windows\System32\winevt\logs\System.evtx,0x80000000000000,0,"{""EventData"":{""Data"":[{""@Name"":""param1"",""#text"":""Security Accounts Manager""},{""@Name"":""param2"",""#text"":""running""}]}}"
178,178,2015-08-24 06:55:12.0000000,7036,Info,Service Control Manager,System,0,0,WIN-L0ZZQ76PMUF,1,,Service started or stopped,,,Name: Print Spooler | Print Spooler,Status: running,,,,,,False,M:\Forensics\TrainingImages\AliHadi\Challenge1\tout\M\Forensics\TrainingImages\AliHadi\Challenge1\s4a-challenge4\Windows\System32\winevt\logs\System.evtx,0x80000000000000,0,"{""EventData"":{""Data"":[{""@Name"":""param1"",""#text"":""Print Spooler""},{""@Name"":""param2"",""#text"":""running""}]}}"
179,179,2015-08-24 06:55:12.0000000,7036,Info,Service Control Manager,System,0,0,WIN-L0ZZQ76PMUF,1,,Service started or stopped,,,Name: Application Experience | Application Experience,Status: running,,,,,,False,M:\Forensics\TrainingImages\AliHadi\Challenge1\tout\M\Forensics\TrainingImages\AliHadi\Challenge1\s4a-challenge4\Windows\System32\winevt\logs\System.evtx,0x80000000000000,0,"{""EventData"":{""Data"":[{""@Name"":""param1"",""#text"":""Application Experience""},{""@Name"":""param2"",""#text"":""running""}]}}"
180,180,2015-08-24 06:55:12.0000000,7036,Info,Service Control Manager,System,0,0,WIN-L0ZZQ76PMUF,1,,Service started or stopped,,,Name: IKE and AuthIP IPsec Keying Modules | IKE and AuthIP IPsec Keying Modules,Status: running,,,,,,False,M:\Forensics\TrainingImages\AliHadi\Challenge1\tout\M\Forensics\TrainingImages\AliHadi\Challenge1\s4a-challenge4\Windows\System32\winevt\logs\System.evtx,0x80000000000000,0,"{""EventData"":{""Data"":[{""@Name"":""param1"",""#text"":""IKE and AuthIP IPsec Keying Modules""},{""@Name"":""param2"",""#text"":""running""}]}}"
181,181,2015-08-24 06:55:12.0000000,7036,Info,Service Control Manager,System,0,0,WIN-L0ZZQ76PMUF,1,,Service started or stopped,,,Name: Diagnostic Policy Service | Diagnostic Policy Service,Status: running,,,,,,False,M:\Forensics\TrainingImages\AliHadi\Challenge1\tout\M\Forensics\TrainingImages\AliHadi\Challenge1\s4a-challenge4\Windows\System32\winevt\logs\System.evtx,0x80000000000000,0,"{""EventData"":{""Data"":[{""@Name"":""param1"",""#text"":""Diagnostic Policy Service""},{""@Name"":""param2"",""#text"":""running""}]}}"
182,182,2015-08-24 06:55:12.0000000,7036,Info,Service Control Manager,System,0,0,WIN-L0ZZQ76PMUF,1,,Service started or stopped,,,Name: Remote Registry | Remote Registry,Status: running,,,,,,False,M:\Forensics\TrainingImages\AliHadi\Challenge1\tout\M\Forensics\TrainingImages\AliHadi\Challenge1\s4a-challenge4\Windows\System32\winevt\logs\System.evtx,0x80000000000000,0,"{""EventData"":{""Data"":[{""@Name"":""param1"",""#text"":""Remote Registry""},{""@Name"":""param2"",""#text"":""running""}]}}"
183,183,2015-08-24 06:55:12.0000000,7036,Info,Service Control Manager,System,0,0,WIN-L0ZZQ76PMUF,1,,Service started or stopped,,,Name: Secondary Logon | Secondary Logon,Status: running,,,,,,False,M:\Forensics\TrainingImages\AliHadi\Challenge1\tout\M\Forensics\TrainingImages\AliHadi\Challenge1\s4a-challenge4\Windows\System32\winevt\logs\System.evtx,0x80000000000000,0,"{""EventData"":{""Data"":[{""@Name"":""param1"",""#text"":""Secondary Logon""},{""@Name"":""param2"",""#text"":""running""}]}}"
184,184,2015-08-24 06:55:12.0000000,7036,Info,Service Control Manager,System,0,0,WIN-L0ZZQ76PMUF,1,,Service started or stopped,,,Name: IPsec Policy Agent | IPsec Policy Agent,Status: running,,,,,,False,M:\Forensics\TrainingImages\AliHadi\Challenge1\tout\M\Forensics\TrainingImages\AliHadi\Challenge1\s4a-challenge4\Windows\System32\winevt\logs\System.evtx,0x80000000000000,0,"{""EventData"":{""Data"":[{""@Name"":""param1"",""#text"":""IPsec Policy Agent""},{""@Name"":""param2"",""#text"":""running""}]}}"
185,185,2015-08-24 06:55:12.0000000,7036,Info,Service Control Manager,System,0,0,WIN-L0ZZQ76PMUF,1,,Service started or stopped,,,Name: Distributed Link Tracking Client | Distributed Link Tracking Client,Status: running,,,,,,False,M:\Forensics\TrainingImages\AliHadi\Challenge1\tout\M\Forensics\TrainingImages\AliHadi\Challenge1\s4a-challenge4\Windows\System32\winevt\logs\System.evtx,0x80000000000000,0,"{""EventData"":{""Data"":[{""@Name"":""param1"",""#text"":""Distributed Link Tracking Client""},{""@Name"":""param2"",""#text"":""running""}]}}"
186,186,2015-08-24 06:55:12.0000000,7036,Info,Service Control Manager,System,0,0,WIN-L0ZZQ76PMUF,1,,Service started or stopped,,,Name: Windows Time | Windows Time,Status: running,,,,,,False,M:\Forensics\TrainingImages\AliHadi\Challenge1\tout\M\Forensics\TrainingImages\AliHadi\Challenge1\s4a-challenge4\Windows\System32\winevt\logs\System.evtx,0x80000000000000,0,"{""EventData"":{""Data"":[{""@Name"":""param1"",""#text"":""Windows Time""},{""@Name"":""param2"",""#text"":""running""}]}}"
187,187,2015-08-24 06:55:12.0000000,7036,Info,Service Control Manager,System,0,0,WIN-L0ZZQ76PMUF,1,,Service started or stopped,,,Name: Windows Error Reporting Service | Windows Error Reporting Service,Status: running,,,,,,False,M:\Forensics\TrainingImages\AliHadi\Challenge1\tout\M\Forensics\TrainingImages\AliHadi\Challenge1\s4a-challenge4\Windows\System32\winevt\logs\System.evtx,0x80000000000000,0,"{""EventData"":{""Data"":[{""@Name"":""param1"",""#text"":""Windows Error Reporting Service""},{""@Name"":""param2"",""#text"":""running""}]}}"
188,188,2015-08-24 06:55:12.0000000,7036,Info,Service Control Manager,System,0,0,WIN-L0ZZQ76PMUF,1,,Service started or stopped,,,Name: Cryptographic Services | Cryptographic Services,Status: running,,,,,,False,M:\Forensics\TrainingImages\AliHadi\Challenge1\tout\M\Forensics\TrainingImages\AliHadi\Challenge1\s4a-challenge4\Windows\System32\winevt\logs\System.evtx,0x80000000000000,0,"{""EventData"":{""Data"":[{""@Name"":""param1"",""#text"":""Cryptographic Services""},{""@Name"":""param2"",""#text"":""running""}]}}"
189,189,2015-08-24 06:55:12.0000000,7036,Info,Service Control Manager,System,0,0,WIN-L0ZZQ76PMUF,1,,Service started or stopped,,,Name: Terminal Services | Terminal Services,Status: running,,,,,,False,M:\Forensics\TrainingImages\AliHadi\Challenge1\tout\M\Forensics\TrainingImages\AliHadi\Challenge1\s4a-challenge4\Windows\System32\winevt\logs\System.evtx,0x80000000000000,0,"{""EventData"":{""Data"":[{""@Name"":""param1"",""#text"":""Terminal Services""},{""@Name"":""param2"",""#text"":""running""}]}}"
190,190,2015-08-24 06:55:12.0000000,7036,Info,Service Control Manager,System,0,0,WIN-L0ZZQ76PMUF,1,,Service started or stopped,,,Name: Network Location Awareness | Network Location Awareness,Status: running,,,,,,False,M:\Forensics\TrainingImages\AliHadi\Challenge1\tout\M\Forensics\TrainingImages\AliHadi\Challenge1\s4a-challenge4\Windows\System32\winevt\logs\System.evtx,0x80000000000000,0,"{""EventData"":{""Data"":[{""@Name"":""param1"",""#text"":""Network Location Awareness""},{""@Name"":""param2"",""#text"":""running""}]}}"
191,191,2015-08-24 06:55:12.0000000,7036,Info,Service Control Manager,System,0,0,WIN-L0ZZQ76PMUF,1,,Service started or stopped,,,Name: Windows Management Instrumentation | Windows Management Instrumentation,Status: running,,,,,,False,M:\Forensics\TrainingImages\AliHadi\Challenge1\tout\M\Forensics\TrainingImages\AliHadi\Challenge1\s4a-challenge4\Windows\System32\winevt\logs\System.evtx,0x80000000000000,0,"{""EventData"":{""Data"":[{""@Name"":""param1"",""#text"":""Windows Management Instrumentation""},{""@Name"":""param2"",""#text"":""running""}]}}"
192,192,2015-08-24 06:55:12.0000000,7036,Info,Service Control Manager,System,0,0,WIN-L0ZZQ76PMUF,1,,Service started or stopped,,,Name: IP Helper | IP Helper,Status: running,,,,,,False,M:\Forensics\TrainingImages\AliHadi\Challenge1\tout\M\Forensics\TrainingImages\AliHadi\Challenge1\s4a-challenge4\Windows\System32\winevt\logs\System.evtx,0x80000000000000,0,"{""EventData"":{""Data"":[{""@Name"":""param1"",""#text"":""IP Helper""},{""@Name"":""param2"",""#text"":""running""}]}}"
193,193,2015-08-24 06:55:12.0000000,7036,Info,Service Control Manager,System,0,0,WIN-L0ZZQ76PMUF,1,,Service started or stopped,,,Name: Server | Server,Status: running,,,,,,False,M:\Forensics\TrainingImages\AliHadi\Challenge1\tout\M\Forensics\TrainingImages\AliHadi\Challenge1\s4a-challenge4\Windows\System32\winevt\logs\System.evtx,0x80000000000000,0,"{""EventData"":{""Data"":[{""@Name"":""param1"",""#text"":""Server""},{""@Name"":""param2"",""#text"":""running""}]}}"
194,194,2015-08-24 06:55:12.0000000,7040,Info,Service Control Manager,System,0,0,WIN-L0ZZQ76PMUF,1,S-1-5-18,Start type of a service has changed,,,The start type of the Network List Service was changed from disabled to auto start,,,,,,,False,M:\Forensics\TrainingImages\AliHadi\Challenge1\tout\M\Forensics\TrainingImages\AliHadi\Challenge1\s4a-challenge4\Windows\System32\winevt\logs\System.evtx,0x80000000000000,0,"{""EventData"":{""Data"":[{""@Name"":""param1"",""#text"":""Network List Service""},{""@Name"":""param2"",""#text"":""disabled""},{""@Name"":""param3"",""#text"":""auto start""}]}}"
195,195,2015-08-24 06:55:12.0000000,7036,Info,Service Control Manager,System,0,0,WIN-L0ZZQ76PMUF,1,,Service started or stopped,,,Name: Network List Service | Network List Service,Status: running,,,,,,False,M:\Forensics\TrainingImages\AliHadi\Challenge1\tout\M\Forensics\TrainingImages\AliHadi\Challenge1\s4a-challenge4\Windows\System32\winevt\logs\System.evtx,0x80000000000000,0,"{""EventData"":{""Data"":[{""@Name"":""param1"",""#text"":""Network List Service""},{""@Name"":""param2"",""#text"":""running""}]}}"
196,196,2015-08-24 06:56:23.0000000,7036,Info,Service Control Manager,System,0,0,WIN-L0ZZQ76PMUF,1,,Service started or stopped,,,Name: Background Intelligent Transfer Service | Background Intelligent Transfer Service,Status: running,,,,,,False,M:\Forensics\TrainingImages\AliHadi\Challenge1\tout\M\Forensics\TrainingImages\AliHadi\Challenge1\s4a-challenge4\Windows\System32\winevt\logs\System.evtx,0x80000000000000,0,"{""EventData"":{""Data"":[{""@Name"":""param1"",""#text"":""Background Intelligent Transfer Service""},{""@Name"":""param2"",""#text"":""running""}]}}"
197,197,2015-08-24 06:56:23.0000000,7036,Info,Service Control Manager,System,0,0,WIN-L0ZZQ76PMUF,1,,Service started or stopped,,,Name: KtmRm for Distributed Transaction Coordinator | KtmRm for Distributed Transaction Coordinator,Status: running,,,,,,False,M:\Forensics\TrainingImages\AliHadi\Challenge1\tout\M\Forensics\TrainingImages\AliHadi\Challenge1\s4a-challenge4\Windows\System32\winevt\logs\System.evtx,0x80000000000000,0,"{""EventData"":{""Data"":[{""@Name"":""param1"",""#text"":""KtmRm for Distributed Transaction Coordinator""},{""@Name"":""param2"",""#text"":""running""}]}}"
198,198,2015-08-24 06:56:24.0000000,7036,Info,Service Control Manager,System,0,0,WIN-L0ZZQ76PMUF,1,,Service started or stopped,,,Name: Distributed Transaction Coordinator | Distributed Transaction Coordinator,Status: running,,,,,,False,M:\Forensics\TrainingImages\AliHadi\Challenge1\tout\M\Forensics\TrainingImages\AliHadi\Challenge1\s4a-challenge4\Windows\System32\winevt\logs\System.evtx,0x80000000000000,0,"{""EventData"":{""Data"":[{""@Name"":""param1"",""#text"":""Distributed Transaction Coordinator""},{""@Name"":""param2"",""#text"":""running""}]}}"
199,199,2015-08-24 06:56:24.0000000,7036,Info,Service Control Manager,System,0,0,WIN-L0ZZQ76PMUF,1,,Service started or stopped,,,Name: TPM Base Services | TPM Base Services,Status: stopped,,,,,,False,M:\Forensics\TrainingImages\AliHadi\Challenge1\tout\M\Forensics\TrainingImages\AliHadi\Challenge1\s4a-challenge4\Windows\System32\winevt\logs\System.evtx,0x80000000000000,0,"{""EventData"":{""Data"":[{""@Name"":""param1"",""#text"":""TPM Base Services""},{""@Name"":""param2"",""#text"":""stopped""}]}}"
200,200,2015-08-24 06:56:25.0000000,7036,Info,Service Control Manager,System,0,0,WIN-L0ZZQ76PMUF,1,,Service started or stopped,,,Name: Windows Remote Management (WS-Management) | Windows Remote Management (WS-Management),Status: running,,,,,,False,M:\Forensics\TrainingImages\AliHadi\Challenge1\tout\M\Forensics\TrainingImages\AliHadi\Challenge1\s4a-challenge4\Windows\System32\winevt\logs\System.evtx,0x80000000000000,0,"{""EventData"":{""Data"":[{""@Name"":""param1"",""#text"":""Windows Remote Management (WS-Management)""},{""@Name"":""param2"",""#text"":""running""}]}}"
201,201,2015-08-24 06:56:26.0000000,7036,Info,Service Control Manager,System,0,0,WIN-L0ZZQ76PMUF,1,,Service started or stopped,,,Name: Windows Update | Windows Update,Status: running,,,,,,False,M:\Forensics\TrainingImages\AliHadi\Challenge1\tout\M\Forensics\TrainingImages\AliHadi\Challenge1\s4a-challenge4\Windows\System32\winevt\logs\System.evtx,0x80000000000000,0,"{""EventData"":{""Data"":[{""@Name"":""param1"",""#text"":""Windows Update""},{""@Name"":""param2"",""#text"":""running""}]}}"
202,202,2015-08-24 06:56:24.8125000,537,Info,Microsoft-Windows-TBS,System,1144,920,WIN-L0ZZQ76PMUF,1,S-1-5-19,,,,,,,,,,,False,M:\Forensics\TrainingImages\AliHadi\Challenge1\tout\M\Forensics\TrainingImages\AliHadi\Challenge1\s4a-challenge4\Windows\System32\winevt\logs\System.evtx,Classic,0,"{""EventData"":""""}"
203,203,2015-08-24 06:57:40.9218750,1501,Info,Microsoft-Windows-GroupPolicy,System,1100,1080,WIN-L0ZZQ76PMUF,1,S-1-5-21-3848053756-3249532031-1848221756-500,,,,,,,,,,,False,M:\Forensics\TrainingImages\AliHadi\Challenge1\tout\M\Forensics\TrainingImages\AliHadi\Challenge1\s4a-challenge4\Windows\System32\winevt\logs\System.evtx,Classic,0,"{""EventData"":{""Data"":[{""@Name"":""SupportInfo1"",""#text"":""1""},{""@Name"":""SupportInfo2"",""#text"":""3120""},{""@Name"":""ProcessingMode"",""#text"":""1""},{""@Name"":""ProcessingTimeInMilliseconds"",""#text"":""297""},{""@Name"":""DCName""}]}}"
204,204,2015-08-24 06:57:43.0000000,7036,Info,Service Control Manager,System,0,0,WIN-L0ZZQ76PMUF,1,,Service started or stopped,,,Name: WinHTTP Web Proxy Auto-Discovery Service | WinHTTP Web Proxy Auto-Discovery Service,Status: running,,,,,,False,M:\Forensics\TrainingImages\AliHadi\Challenge1\tout\M\Forensics\TrainingImages\AliHadi\Challenge1\s4a-challenge4\Windows\System32\winevt\logs\System.evtx,0x80000000000000,0,"{""EventData"":{""Data"":[{""@Name"":""param1"",""#text"":""WinHTTP Web Proxy Auto-Discovery Service""},{""@Name"":""param2"",""#text"":""running""}]}}"
205,205,2015-08-24 06:57:58.0000000,10029,Info,Microsoft-Windows-DistributedCOM,System,0,0,WIN-L0ZZQ76PMUF,1,,,,,,,,,,,,False,M:\Forensics\TrainingImages\AliHadi\Challenge1\tout\M\Forensics\TrainingImages\AliHadi\Challenge1\s4a-challenge4\Windows\System32\winevt\logs\System.evtx,0x80000000000000,0,"{""EventData"":{""Data"":[{""@Name"":""param1"",""#text"":""netman""},{""@Name"":""param2""},{""@Name"":""param3"",""#text"":""{BA126AD1-2166-11D1-B1D0-00805FC1270E}""}]}}"
206,206,2015-08-24 06:57:59.0000000,7036,Info,Service Control Manager,System,0,0,WIN-L0ZZQ76PMUF,1,,Service started or stopped,,,Name: Network Connections | Network Connections,Status: running,,,,,,False,M:\Forensics\TrainingImages\AliHadi\Challenge1\tout\M\Forensics\TrainingImages\AliHadi\Challenge1\s4a-challenge4\Windows\System32\winevt\logs\System.evtx,0x80000000000000,0,"{""EventData"":{""Data"":[{""@Name"":""param1"",""#text"":""Network Connections""},{""@Name"":""param2"",""#text"":""running""}]}}"
