617,617,2015-09-13 04:18:17.0937500,4672,LogAlways,Microsoft-Windows-Security-Auditing,Security,628,716,WIN-L0ZZQ76PMUF,5,,Administrative logon,NT AUTHORITY\SYSTEM (S-1-5-18),,"PrivilegeList: SeAssignPrimaryTokenPrivilege, SeTcbPrivilege, SeSecurityPrivilege, SeTakeOwnershipPrivilege, SeLoadDriverPrivilege, SeBackupPrivilege, SeRestorePrivilege, SeDebugPrivilege, SeAuditPrivilege, SeSystemEnvironmentPrivilege, SeImpersonatePrivilege",LogonId: 0x3E7,,,,,,False,M:\Forensics\TrainingImages\AliHadi\Challenge1\tout\M\Forensics\TrainingImages\AliHadi\Challenge1\s4a-challenge4\Windows\System32\winevt\logs\Security.evtx,Audit success,0,"{""EventData"":{""Data"":[{""@Name"":""SubjectUserSid"",""#text"":""S-1-5-18""},{""@Name"":""SubjectUserName"",""#text"":""SYSTEM""},{""@Name"":""SubjectDomainName"",""#text"":""NT AUTHORITY""},{""@Name"":""SubjectLogonId"",""#text"":""0x3E7""},{""@Name"":""PrivilegeList"",""#text"":""SeAssignPrimaryTokenPrivilege, SeTcbPrivilege, SeSecurityPrivilege, SeTakeOwnershipPrivilege, SeLoadDriverPrivilege, SeBackupPrivilege, SeRestorePrivilege, SeDebugPrivilege, SeAuditPrivilege, SeSystemEnvironmentPrivilege, SeImpersonatePrivilege""}]}}"
618,618,2015-09-12 18:18:30.6888750,5033,LogAlways,Microsoft-Windows-Security-Auditing,Security,4,84,WIN-L0ZZQ76PMUF,5,,,,,,,,,,,,False,M:\Forensics\TrainingImages\AliHadi\Challenge1\tout\M\Forensics\TrainingImages\AliHadi\Challenge1\s4a-challenge4\Windows\System32\winevt\logs\Security.evtx,Audit success,0,"{""EventData"":""""}"
619,619,2015-09-12 18:18:32.2982500,5024,LogAlways,Microsoft-Windows-Security-Auditing,Security,628,752,WIN-L0ZZQ76PMUF,5,,,,,,,,,,,,False,M:\Forensics\TrainingImages\AliHadi\Challenge1\tout\M\Forensics\TrainingImages\AliHadi\Challenge1\s4a-challenge4\Windows\System32\winevt\logs\Security.evtx,Audit success,0,"{""EventData"":""""}"
620,620,2015-09-12 18:19:07.0795000,4648,LogAlways,Microsoft-Windows-Security-Auditing,Security,628,728,WIN-L0ZZQ76PMUF,5,,A logon was attempted using explicit credentials,WORKGROUP\WIN-L0ZZQ76PMUF$,-:-,Target: NT AUTHORITY\SYSTEM,TargetServerName: localhost,PID: 68-02-00-00,,,,C:\Windows\System32\services.exe,False,M:\Forensics\TrainingImages\AliHadi\Challenge1\tout\M\Forensics\TrainingImages\AliHadi\Challenge1\s4a-challenge4\Windows\System32\winevt\logs\Security.evtx,Audit success,0,"{""EventData"":{""Data"":[{""@Name"":""SubjectUserSid"",""#text"":""S-1-5-18""},{""@Name"":""SubjectUserName"",""#text"":""WIN-L0ZZQ76PMUF$""},{""@Name"":""SubjectDomainName"",""#text"":""WORKGROUP""},{""@Name"":""SubjectLogonId"",""#text"":""0x3E7""},{""@Name"":""LogonGuid"",""#text"":""00000000-0000-0000-0000-000000000000""},{""@Name"":""TargetUserName"",""#text"":""SYSTEM""},{""@Name"":""TargetDomainName"",""#text"":""NT AUTHORITY""},{""@Name"":""LogonGuid"",""#text"":""00000000-0000-0000-0000-000000000000""},{""@Name"":""TargetServerName"",""#text"":""localhost""},{""@Name"":""TargetInfo"",""#text"":""localhost""},{""@Name"":""ProcessId"",""#text"":""68-02-00-00""},{""@Name"":""ProcessName"",""#text"":""C:\\Windows\\System32\\services.exe""},{""@Name"":""IpAddress"",""#text"":""-""},{""@Name"":""IpPort"",""#text"":""-""}]}}"
621,621,2015-09-12 18:19:07.0795000,4624,LogAlways,Microsoft-Windows-Security-Auditing,Security,628,728,WIN-L0ZZQ76PMUF,5,,Successful logon,WORKGROUP\WIN-L0ZZQ76PMUF$," (-)",Target: NT AUTHORITY\SYSTEM,LogonType 5,LogonId: 0x3E7,,,,C:\Windows\System32\services.exe,False,M:\Forensics\TrainingImages\AliHadi\Challenge1\tout\M\Forensics\TrainingImages\AliHadi\Challenge1\s4a-challenge4\Windows\System32\winevt\logs\Security.evtx,Audit success,0,"{""EventData"":{""Data"":[{""@Name"":""SubjectUserSid"",""#text"":""S-1-5-18""},{""@Name"":""SubjectUserName"",""#text"":""WIN-L0ZZQ76PMUF$""},{""@Name"":""SubjectDomainName"",""#text"":""WORKGROUP""},{""@Name"":""SubjectLogonId"",""#text"":""0x3E7""},{""@Name"":""TargetUserSid"",""#text"":""S-1-5-18""},{""@Name"":""TargetUserName"",""#text"":""SYSTEM""},{""@Name"":""TargetDomainName"",""#text"":""NT AUTHORITY""},{""@Name"":""TargetLogonId"",""#text"":""0x3E7""},{""@Name"":""LogonType"",""#text"":""5""},{""@Name"":""LogonProcessName"",""#text"":""Advapi  ""},{""@Name"":""AuthenticationPackageName"",""#text"":""Negotiate""},{""@Name"":""WorkstationName""},{""@Name"":""LogonGuid"",""#text"":""00000000-0000-0000-0000-000000000000""},{""@Name"":""TransmittedServices"",""#text"":""-""},{""@Name"":""LmPackageName"",""#text"":""-""},{""@Name"":""KeyLength"",""#text"":""0""},{""@Name"":""ProcessId"",""#text"":""68-02-00-00""},{""@Name"":""ProcessName"",""#text"":""C:\\Windows\\System32\\services.exe""},{""@Name"":""IpAddress"",""#text"":""-""},{""@Name"":""IpPort"",""#text"":""-""}]}}"
622,622,2015-09-12 18:19:07.0795000,4672,LogAlways,Microsoft-Windows-Security-Auditing,Security,628,728,WIN-L0ZZQ76PMUF,5,,Administrative logon,NT AUTHORITY\SYSTEM (S-1-5-18),,"PrivilegeList: SeAssignPrimaryTokenPrivilege, SeTcbPrivilege, SeSecurityPrivilege, SeTakeOwnershipPrivilege, SeLoadDriverPrivilege, SeBackupPrivilege, SeRestorePrivilege, SeDebugPrivilege, SeAuditPrivilege, SeSystemEnvironmentPrivilege, SeImpersonatePrivilege",LogonId: 0x3E7,,,,,,False,M:\Forensics\TrainingImages\AliHadi\Challenge1\tout\M\Forensics\TrainingImages\AliHadi\Challenge1\s4a-challenge4\Windows\System32\winevt\logs\Security.evtx,Audit success,0,"{""EventData"":{""Data"":[{""@Name"":""SubjectUserSid"",""#text"":""S-1-5-18""},{""@Name"":""SubjectUserName"",""#text"":""SYSTEM""},{""@Name"":""SubjectDomainName"",""#text"":""NT AUTHORITY""},{""@Name"":""SubjectLogonId"",""#text"":""0x3E7""},{""@Name"":""PrivilegeList"",""#text"":""SeAssignPrimaryTokenPrivilege, SeTcbPrivilege, SeSecurityPrivilege, SeTakeOwnershipPrivilege, SeLoadDriverPrivilege, SeBackupPrivilege, SeRestorePrivilege, SeDebugPrivilege, SeAuditPrivilege, SeSystemEnvironmentPrivilege, SeImpersonatePrivilege""}]}}"
623,623,2015-09-12 18:19:07.3763750,4648,LogAlways,Microsoft-Windows-Security-Auditing,Security,628,716,WIN-L0ZZQ76PMUF,5,,A logon was attempted using explicit credentials,WORKGROUP\WIN-L0ZZQ76PMUF$,-:-,Target: NT AUTHORITY\SYSTEM,TargetServerName: localhost,PID: 68-02-00-00,,,,C:\Windows\System32\services.exe,False,M:\Forensics\TrainingImages\AliHadi\Challenge1\tout\M\Forensics\TrainingImages\AliHadi\Challenge1\s4a-challenge4\Windows\System32\winevt\logs\Security.evtx,Audit success,0,"{""EventData"":{""Data"":[{""@Name"":""SubjectUserSid"",""#text"":""S-1-5-18""},{""@Name"":""SubjectUserName"",""#text"":""WIN-L0ZZQ76PMUF$""},{""@Name"":""SubjectDomainName"",""#text"":""WORKGROUP""},{""@Name"":""SubjectLogonId"",""#text"":""0x3E7""},{""@Name"":""LogonGuid"",""#text"":""00000000-0000-0000-0000-000000000000""},{""@Name"":""TargetUserName"",""#text"":""SYSTEM""},{""@Name"":""TargetDomainName"",""#text"":""NT AUTHORITY""},{""@Name"":""LogonGuid"",""#text"":""00000000-0000-0000-0000-000000000000""},{""@Name"":""TargetServerName"",""#text"":""localhost""},{""@Name"":""TargetInfo"",""#text"":""localhost""},{""@Name"":""ProcessId"",""#text"":""68-02-00-00""},{""@Name"":""ProcessName"",""#text"":""C:\\Windows\\System32\\services.exe""},{""@Name"":""IpAddress"",""#text"":""-""},{""@Name"":""IpPort"",""#text"":""-""}]}}"
624,624,2015-09-12 18:19:07.3763750,4624,LogAlways,Microsoft-Windows-Security-Auditing,Security,628,716,WIN-L0ZZQ76PMUF,5,,Successful logon,WORKGROUP\WIN-L0ZZQ76PMUF$," (-)",Target: NT AUTHORITY\SYSTEM,LogonType 5,LogonId: 0x3E7,,,,C:\Windows\System32\services.exe,False,M:\Forensics\TrainingImages\AliHadi\Challenge1\tout\M\Forensics\TrainingImages\AliHadi\Challenge1\s4a-challenge4\Windows\System32\winevt\logs\Security.evtx,Audit success,0,"{""EventData"":{""Data"":[{""@Name"":""SubjectUserSid"",""#text"":""S-1-5-18""},{""@Name"":""SubjectUserName"",""#text"":""WIN-L0ZZQ76PMUF$""},{""@Name"":""SubjectDomainName"",""#text"":""WORKGROUP""},{""@Name"":""SubjectLogonId"",""#text"":""0x3E7""},{""@Name"":""TargetUserSid"",""#text"":""S-1-5-18""},{""@Name"":""TargetUserName"",""#text"":""SYSTEM""},{""@Name"":""TargetDomainName"",""#text"":""NT AUTHORITY""},{""@Name"":""TargetLogonId"",""#text"":""0x3E7""},{""@Name"":""LogonType"",""#text"":""5""},{""@Name"":""LogonProcessName"",""#text"":""Advapi  ""},{""@Name"":""AuthenticationPackageName"",""#text"":""Negotiate""},{""@Name"":""WorkstationName""},{""@Name"":""LogonGuid"",""#text"":""00000000-0000-0000-0000-000000000000""},{""@Name"":""TransmittedServices"",""#text"":""-""},{""@Name"":""LmPackageName"",""#text"":""-""},{""@Name"":""KeyLength"",""#text"":""0""},{""@Name"":""ProcessId"",""#text"":""68-02-00-00""},{""@Name"":""ProcessName"",""#text"":""C:\\Windows\\System32\\services.exe""},{""@Name"":""IpAddress"",""#text"":""-""},{""@Name"":""IpPort"",""#text"":""-""}]}}"
625,625,2015-09-12 18:19:07.3763750,4672,LogAlways,Microsoft-Windows-Security-Auditing,Security,628,716,WIN-L0ZZQ76PMUF,5,,Administrative logon,NT AUTHORITY\SYSTEM (S-1-5-18),,"PrivilegeList: SeAssignPrimaryTokenPrivilege, SeTcbPrivilege, SeSecurityPrivilege, SeTakeOwnershipPrivilege, SeLoadDriverPrivilege, SeBackupPrivilege, SeRestorePrivilege, SeDebugPrivilege, SeAuditPrivilege, SeSystemEnvironmentPrivilege, SeImpersonatePrivilege",LogonId: 0x3E7,,,,,,False,M:\Forensics\TrainingImages\AliHadi\Challenge1\tout\M\Forensics\TrainingImages\AliHadi\Challenge1\s4a-challenge4\Windows\System32\winevt\logs\Security.evtx,Audit success,0,"{""EventData"":{""Data"":[{""@Name"":""SubjectUserSid"",""#text"":""S-1-5-18""},{""@Name"":""SubjectUserName"",""#text"":""SYSTEM""},{""@Name"":""SubjectDomainName"",""#text"":""NT AUTHORITY""},{""@Name"":""SubjectLogonId"",""#text"":""0x3E7""},{""@Name"":""PrivilegeList"",""#text"":""SeAssignPrimaryTokenPrivilege, SeTcbPrivilege, SeSecurityPrivilege, SeTakeOwnershipPrivilege, SeLoadDriverPrivilege, SeBackupPrivilege, SeRestorePrivilege, SeDebugPrivilege, SeAuditPrivilege, SeSystemEnvironmentPrivilege, SeImpersonatePrivilege""}]}}"
626,626,2015-09-12 18:19:08.1107500,4648,LogAlways,Microsoft-Windows-Security-Auditing,Security,628,736,WIN-L0ZZQ76PMUF,5,,A logon was attempted using explicit credentials,WORKGROUP\WIN-L0ZZQ76PMUF$,-:-,Target: NT AUTHORITY\SYSTEM,TargetServerName: localhost,PID: 68-02-00-00,,,,C:\Windows\System32\services.exe,False,M:\Forensics\TrainingImages\AliHadi\Challenge1\tout\M\Forensics\TrainingImages\AliHadi\Challenge1\s4a-challenge4\Windows\System32\winevt\logs\Security.evtx,Audit success,0,"{""EventData"":{""Data"":[{""@Name"":""SubjectUserSid"",""#text"":""S-1-5-18""},{""@Name"":""SubjectUserName"",""#text"":""WIN-L0ZZQ76PMUF$""},{""@Name"":""SubjectDomainName"",""#text"":""WORKGROUP""},{""@Name"":""SubjectLogonId"",""#text"":""0x3E7""},{""@Name"":""LogonGuid"",""#text"":""00000000-0000-0000-0000-000000000000""},{""@Name"":""TargetUserName"",""#text"":""SYSTEM""},{""@Name"":""TargetDomainName"",""#text"":""NT AUTHORITY""},{""@Name"":""LogonGuid"",""#text"":""00000000-0000-0000-0000-000000000000""},{""@Name"":""TargetServerName"",""#text"":""localhost""},{""@Name"":""TargetInfo"",""#text"":""localhost""},{""@Name"":""ProcessId"",""#text"":""68-02-00-00""},{""@Name"":""ProcessName"",""#text"":""C:\\Windows\\System32\\services.exe""},{""@Name"":""IpAddress"",""#text"":""-""},{""@Name"":""IpPort"",""#text"":""-""}]}}"
627,627,2015-09-12 18:19:08.1107500,4624,LogAlways,Microsoft-Windows-Security-Auditing,Security,628,736,WIN-L0ZZQ76PMUF,5,,Successful logon,WORKGROUP\WIN-L0ZZQ76PMUF$," (-)",Target: NT AUTHORITY\SYSTEM,LogonType 5,LogonId: 0x3E7,,,,C:\Windows\System32\services.exe,False,M:\Forensics\TrainingImages\AliHadi\Challenge1\tout\M\Forensics\TrainingImages\AliHadi\Challenge1\s4a-challenge4\Windows\System32\winevt\logs\Security.evtx,Audit success,0,"{""EventData"":{""Data"":[{""@Name"":""SubjectUserSid"",""#text"":""S-1-5-18""},{""@Name"":""SubjectUserName"",""#text"":""WIN-L0ZZQ76PMUF$""},{""@Name"":""SubjectDomainName"",""#text"":""WORKGROUP""},{""@Name"":""SubjectLogonId"",""#text"":""0x3E7""},{""@Name"":""TargetUserSid"",""#text"":""S-1-5-18""},{""@Name"":""TargetUserName"",""#text"":""SYSTEM""},{""@Name"":""TargetDomainName"",""#text"":""NT AUTHORITY""},{""@Name"":""TargetLogonId"",""#text"":""0x3E7""},{""@Name"":""LogonType"",""#text"":""5""},{""@Name"":""LogonProcessName"",""#text"":""Advapi  ""},{""@Name"":""AuthenticationPackageName"",""#text"":""Negotiate""},{""@Name"":""WorkstationName""},{""@Name"":""LogonGuid"",""#text"":""00000000-0000-0000-0000-000000000000""},{""@Name"":""TransmittedServices"",""#text"":""-""},{""@Name"":""LmPackageName"",""#text"":""-""},{""@Name"":""KeyLength"",""#text"":""0""},{""@Name"":""ProcessId"",""#text"":""68-02-00-00""},{""@Name"":""ProcessName"",""#text"":""C:\\Windows\\System32\\services.exe""},{""@Name"":""IpAddress"",""#text"":""-""},{""@Name"":""IpPort"",""#text"":""-""}]}}"
628,628,2015-09-12 18:19:08.1107500,4672,LogAlways,Microsoft-Windows-Security-Auditing,Security,628,736,WIN-L0ZZQ76PMUF,5,,Administrative logon,NT AUTHORITY\SYSTEM (S-1-5-18),,"PrivilegeList: SeAssignPrimaryTokenPrivilege, SeTcbPrivilege, SeSecurityPrivilege, SeTakeOwnershipPrivilege, SeLoadDriverPrivilege, SeBackupPrivilege, SeRestorePrivilege, SeDebugPrivilege, SeAuditPrivilege, SeSystemEnvironmentPrivilege, SeImpersonatePrivilege",LogonId: 0x3E7,,,,,,False,M:\Forensics\TrainingImages\AliHadi\Challenge1\tout\M\Forensics\TrainingImages\AliHadi\Challenge1\s4a-challenge4\Windows\System32\winevt\logs\Security.evtx,Audit success,0,"{""EventData"":{""Data"":[{""@Name"":""SubjectUserSid"",""#text"":""S-1-5-18""},{""@Name"":""SubjectUserName"",""#text"":""SYSTEM""},{""@Name"":""SubjectDomainName"",""#text"":""NT AUTHORITY""},{""@Name"":""SubjectLogonId"",""#text"":""0x3E7""},{""@Name"":""PrivilegeList"",""#text"":""SeAssignPrimaryTokenPrivilege, SeTcbPrivilege, SeSecurityPrivilege, SeTakeOwnershipPrivilege, SeLoadDriverPrivilege, SeBackupPrivilege, SeRestorePrivilege, SeDebugPrivilege, SeAuditPrivilege, SeSystemEnvironmentPrivilege, SeImpersonatePrivilege""}]}}"
629,629,2015-09-12 18:19:09.3763750,4624,LogAlways,Microsoft-Windows-Security-Auditing,Security,628,748,WIN-L0ZZQ76PMUF,5,,Successful logon,-\-," (-)",Target: NT AUTHORITY\ANONYMOUS LOGON,LogonType 3,LogonId: 0x15482,,,,-,False,M:\Forensics\TrainingImages\AliHadi\Challenge1\tout\M\Forensics\TrainingImages\AliHadi\Challenge1\s4a-challenge4\Windows\System32\winevt\logs\Security.evtx,Audit success,0,"{""EventData"":{""Data"":[{""@Name"":""SubjectUserSid"",""#text"":""S-1-0-0""},{""@Name"":""SubjectUserName"",""#text"":""-""},{""@Name"":""SubjectDomainName"",""#text"":""-""},{""@Name"":""SubjectLogonId"",""#text"":""0x0""},{""@Name"":""TargetUserSid"",""#text"":""S-1-5-7""},{""@Name"":""TargetUserName"",""#text"":""ANONYMOUS LOGON""},{""@Name"":""TargetDomainName"",""#text"":""NT AUTHORITY""},{""@Name"":""TargetLogonId"",""#text"":""0x15482""},{""@Name"":""LogonType"",""#text"":""3""},{""@Name"":""LogonProcessName"",""#text"":""NtLmSsp ""},{""@Name"":""AuthenticationPackageName"",""#text"":""NTLM""},{""@Name"":""WorkstationName""},{""@Name"":""LogonGuid"",""#text"":""00000000-0000-0000-0000-000000000000""},{""@Name"":""TransmittedServices"",""#text"":""-""},{""@Name"":""LmPackageName"",""#text"":""NTLM V1""},{""@Name"":""KeyLength"",""#text"":""0""},{""@Name"":""ProcessId"",""#text"":""00-00-00-00""},{""@Name"":""ProcessName"",""#text"":""-""},{""@Name"":""IpAddress"",""#text"":""-""},{""@Name"":""IpPort"",""#text"":""-""}]}}"
630,630,2015-09-12 18:19:18.0482500,4776,LogAlways,Microsoft-Windows-Security-Auditing,Security,628,712,WIN-L0ZZQ76PMUF,5,,NTLM authentication request,,,Target: Administrator,Workstation: WIN-L0ZZQ76PMUF,Status: Status OK,,,,,False,M:\Forensics\TrainingImages\AliHadi\Challenge1\tout\M\Forensics\TrainingImages\AliHadi\Challenge1\s4a-challenge4\Windows\System32\winevt\logs\Security.evtx,Audit success,0,"{""EventData"":{""Data"":[{""@Name"":""PackageName"",""#text"":""MICROSOFT_AUTHENTICATION_PACKAGE_V1_0""},{""@Name"":""TargetUserName"",""#text"":""Administrator""},{""@Name"":""Workstation"",""#text"":""WIN-L0ZZQ76PMUF""},{""@Name"":""Status"",""#text"":""0x0""}]}}"
631,631,2015-09-12 18:19:18.0482500,4648,LogAlways,Microsoft-Windows-Security-Auditing,Security,628,712,WIN-L0ZZQ76PMUF,5,,A logon was attempted using explicit credentials,WORKGROUP\WIN-L0ZZQ76PMUF$,127.0.0.1:0,Target: WIN-L0ZZQ76PMUF\Administrator,TargetServerName: localhost,PID: 38-02-00-00,,,,C:\Windows\System32\winlogon.exe,False,M:\Forensics\TrainingImages\AliHadi\Challenge1\tout\M\Forensics\TrainingImages\AliHadi\Challenge1\s4a-challenge4\Windows\System32\winevt\logs\Security.evtx,Audit success,0,"{""EventData"":{""Data"":[{""@Name"":""SubjectUserSid"",""#text"":""S-1-5-18""},{""@Name"":""SubjectUserName"",""#text"":""WIN-L0ZZQ76PMUF$""},{""@Name"":""SubjectDomainName"",""#text"":""WORKGROUP""},{""@Name"":""SubjectLogonId"",""#text"":""0x3E7""},{""@Name"":""LogonGuid"",""#text"":""00000000-0000-0000-0000-000000000000""},{""@Name"":""TargetUserName"",""#text"":""Administrator""},{""@Name"":""TargetDomainName"",""#text"":""WIN-L0ZZQ76PMUF""},{""@Name"":""LogonGuid"",""#text"":""00000000-0000-0000-0000-000000000000""},{""@Name"":""TargetServerName"",""#text"":""localhost""},{""@Name"":""TargetInfo"",""#text"":""localhost""},{""@Name"":""ProcessId"",""#text"":""38-02-00-00""},{""@Name"":""ProcessName"",""#text"":""C:\\Windows\\System32\\winlogon.exe""},{""@Name"":""IpAddress"",""#text"":""127.0.0.1""},{""@Name"":""IpPort"",""#text"":""0""}]}}"
632,632,2015-09-12 18:19:18.0482500,4624,LogAlways,Microsoft-Windows-Security-Auditing,Security,628,712,WIN-L0ZZQ76PMUF,5,,Successful logon,WORKGROUP\WIN-L0ZZQ76PMUF$,WIN-L0ZZQ76PMUF (127.0.0.1),Target: WIN-L0ZZQ76PMUF\Administrator,LogonType 2,LogonId: 0x16EEA,,,,C:\Windows\System32\winlogon.exe,False,M:\Forensics\TrainingImages\AliHadi\Challenge1\tout\M\Forensics\TrainingImages\AliHadi\Challenge1\s4a-challenge4\Windows\System32\winevt\logs\Security.evtx,Audit success,0,"{""EventData"":{""Data"":[{""@Name"":""SubjectUserSid"",""#text"":""S-1-5-18""},{""@Name"":""SubjectUserName"",""#text"":""WIN-L0ZZQ76PMUF$""},{""@Name"":""SubjectDomainName"",""#text"":""WORKGROUP""},{""@Name"":""SubjectLogonId"",""#text"":""0x3E7""},{""@Name"":""TargetUserSid"",""#text"":""S-1-5-21-3848053756-3249532031-1848221756-500""},{""@Name"":""TargetUserName"",""#text"":""Administrator""},{""@Name"":""TargetDomainName"",""#text"":""WIN-L0ZZQ76PMUF""},{""@Name"":""TargetLogonId"",""#text"":""0x16EEA""},{""@Name"":""LogonType"",""#text"":""2""},{""@Name"":""LogonProcessName"",""#text"":""User32 ""},{""@Name"":""AuthenticationPackageName"",""#text"":""Negotiate""},{""@Name"":""WorkstationName"",""#text"":""WIN-L0ZZQ76PMUF""},{""@Name"":""LogonGuid"",""#text"":""00000000-0000-0000-0000-000000000000""},{""@Name"":""TransmittedServices"",""#text"":""-""},{""@Name"":""LmPackageName"",""#text"":""-""},{""@Name"":""KeyLength"",""#text"":""0""},{""@Name"":""ProcessId"",""#text"":""38-02-00-00""},{""@Name"":""ProcessName"",""#text"":""C:\\Windows\\System32\\winlogon.exe""},{""@Name"":""IpAddress"",""#text"":""127.0.0.1""},{""@Name"":""IpPort"",""#text"":""0""}]}}"
633,633,2015-09-12 18:19:18.0482500,4672,LogAlways,Microsoft-Windows-Security-Auditing,Security,628,712,WIN-L0ZZQ76PMUF,5,,Administrative logon,WIN-L0ZZQ76PMUF\Administrator (S-1-5-21-3848053756-3249532031-1848221756-500),,"PrivilegeList: SeSecurityPrivilege, SeTakeOwnershipPrivilege, SeLoadDriverPrivilege, SeBackupPrivilege, SeRestorePrivilege, SeDebugPrivilege, SeSystemEnvironmentPrivilege, SeImpersonatePrivilege",LogonId: 0x16EEA,,,,,,False,M:\Forensics\TrainingImages\AliHadi\Challenge1\tout\M\Forensics\TrainingImages\AliHadi\Challenge1\s4a-challenge4\Windows\System32\winevt\logs\Security.evtx,Audit success,0,"{""EventData"":{""Data"":[{""@Name"":""SubjectUserSid"",""#text"":""S-1-5-21-3848053756-3249532031-1848221756-500""},{""@Name"":""SubjectUserName"",""#text"":""Administrator""},{""@Name"":""SubjectDomainName"",""#text"":""WIN-L0ZZQ76PMUF""},{""@Name"":""SubjectLogonId"",""#text"":""0x16EEA""},{""@Name"":""PrivilegeList"",""#text"":""SeSecurityPrivilege, SeTakeOwnershipPrivilege, SeLoadDriverPrivilege, SeBackupPrivilege, SeRestorePrivilege, SeDebugPrivilege, SeSystemEnvironmentPrivilege, SeImpersonatePrivilege""}]}}"
634,634,2015-09-12 18:20:02.3451250,4648,LogAlways,Microsoft-Windows-Security-Auditing,Security,628,732,WIN-L0ZZQ76PMUF,5,,A logon was attempted using explicit credentials,WORKGROUP\WIN-L0ZZQ76PMUF$,-:-,Target: NT AUTHORITY\SYSTEM,TargetServerName: localhost,PID: 68-02-00-00,,,,C:\Windows\System32\services.exe,False,M:\Forensics\TrainingImages\AliHadi\Challenge1\tout\M\Forensics\TrainingImages\AliHadi\Challenge1\s4a-challenge4\Windows\System32\winevt\logs\Security.evtx,Audit success,0,"{""EventData"":{""Data"":[{""@Name"":""SubjectUserSid"",""#text"":""S-1-5-18""},{""@Name"":""SubjectUserName"",""#text"":""WIN-L0ZZQ76PMUF$""},{""@Name"":""SubjectDomainName"",""#text"":""WORKGROUP""},{""@Name"":""SubjectLogonId"",""#text"":""0x3E7""},{""@Name"":""LogonGuid"",""#text"":""00000000-0000-0000-0000-000000000000""},{""@Name"":""TargetUserName"",""#text"":""SYSTEM""},{""@Name"":""TargetDomainName"",""#text"":""NT AUTHORITY""},{""@Name"":""LogonGuid"",""#text"":""00000000-0000-0000-0000-000000000000""},{""@Name"":""TargetServerName"",""#text"":""localhost""},{""@Name"":""TargetInfo"",""#text"":""localhost""},{""@Name"":""ProcessId"",""#text"":""68-02-00-00""},{""@Name"":""ProcessName"",""#text"":""C:\\Windows\\System32\\services.exe""},{""@Name"":""IpAddress"",""#text"":""-""},{""@Name"":""IpPort"",""#text"":""-""}]}}"
635,635,2015-09-12 18:20:02.3451250,4624,LogAlways,Microsoft-Windows-Security-Auditing,Security,628,732,WIN-L0ZZQ76PMUF,5,,Successful logon,WORKGROUP\WIN-L0ZZQ76PMUF$," (-)",Target: NT AUTHORITY\SYSTEM,LogonType 5,LogonId: 0x3E7,,,,C:\Windows\System32\services.exe,False,M:\Forensics\TrainingImages\AliHadi\Challenge1\tout\M\Forensics\TrainingImages\AliHadi\Challenge1\s4a-challenge4\Windows\System32\winevt\logs\Security.evtx,Audit success,0,"{""EventData"":{""Data"":[{""@Name"":""SubjectUserSid"",""#text"":""S-1-5-18""},{""@Name"":""SubjectUserName"",""#text"":""WIN-L0ZZQ76PMUF$""},{""@Name"":""SubjectDomainName"",""#text"":""WORKGROUP""},{""@Name"":""SubjectLogonId"",""#text"":""0x3E7""},{""@Name"":""TargetUserSid"",""#text"":""S-1-5-18""},{""@Name"":""TargetUserName"",""#text"":""SYSTEM""},{""@Name"":""TargetDomainName"",""#text"":""NT AUTHORITY""},{""@Name"":""TargetLogonId"",""#text"":""0x3E7""},{""@Name"":""LogonType"",""#text"":""5""},{""@Name"":""LogonProcessName"",""#text"":""Advapi  ""},{""@Name"":""AuthenticationPackageName"",""#text"":""Negotiate""},{""@Name"":""WorkstationName""},{""@Name"":""LogonGuid"",""#text"":""00000000-0000-0000-0000-000000000000""},{""@Name"":""TransmittedServices"",""#text"":""-""},{""@Name"":""LmPackageName"",""#text"":""-""},{""@Name"":""KeyLength"",""#text"":""0""},{""@Name"":""ProcessId"",""#text"":""68-02-00-00""},{""@Name"":""ProcessName"",""#text"":""C:\\Windows\\System32\\services.exe""},{""@Name"":""IpAddress"",""#text"":""-""},{""@Name"":""IpPort"",""#text"":""-""}]}}"
636,636,2015-09-12 18:20:02.3451250,4672,LogAlways,Microsoft-Windows-Security-Auditing,Security,628,732,WIN-L0ZZQ76PMUF,5,,Administrative logon,NT AUTHORITY\SYSTEM (S-1-5-18),,"PrivilegeList: SeAssignPrimaryTokenPrivilege, SeTcbPrivilege, SeSecurityPrivilege, SeTakeOwnershipPrivilege, SeLoadDriverPrivilege, SeBackupPrivilege, SeRestorePrivilege, SeDebugPrivilege, SeAuditPrivilege, SeSystemEnvironmentPrivilege, SeImpersonatePrivilege",LogonId: 0x3E7,,,,,,False,M:\Forensics\TrainingImages\AliHadi\Challenge1\tout\M\Forensics\TrainingImages\AliHadi\Challenge1\s4a-challenge4\Windows\System32\winevt\logs\Security.evtx,Audit success,0,"{""EventData"":{""Data"":[{""@Name"":""SubjectUserSid"",""#text"":""S-1-5-18""},{""@Name"":""SubjectUserName"",""#text"":""SYSTEM""},{""@Name"":""SubjectDomainName"",""#text"":""NT AUTHORITY""},{""@Name"":""SubjectLogonId"",""#text"":""0x3E7""},{""@Name"":""PrivilegeList"",""#text"":""SeAssignPrimaryTokenPrivilege, SeTcbPrivilege, SeSecurityPrivilege, SeTakeOwnershipPrivilege, SeLoadDriverPrivilege, SeBackupPrivilege, SeRestorePrivilege, SeDebugPrivilege, SeAuditPrivilege, SeSystemEnvironmentPrivilege, SeImpersonatePrivilege""}]}}"
1,1,2015-08-23 21:26:12.8443750,1610,Info,Microsoft-Windows-ServerManager,Setup,2856,2916,WIN-L0ZZQ76PMUF,0,S-1-5-21-3848053756-3249532031-1848221756-500,,,,,,,,,,,False,M:\Forensics\TrainingImages\AliHadi\Challenge1\tout\M\Forensics\TrainingImages\AliHadi\Challenge1\s4a-challenge4\Windows\System32\winevt\logs\Setup.evtx,0x4000000000000000,0,"{""UserData"":{""EventXML"":{""message"":"", Roles:, Application Server,    The following role services were installed:,    Application Server Foundation, Features:, .NET Framework 3.0 Features,    The following features were installed:,    .NET Framework 3.0, Windows Process Activation Service,    The following features were installed:,    Process Model,    .NET Environment,    Configuration APIs, "",""identifiers"":""ApplicationServerRole, WinFxApplicationSupport, WinFx, CoreWinFx, WindowsActivationService, ProcessModel, NetEnvironment, ConfigurationApplicationProgrammingInterface""}}}"
1,1,2015-08-24 06:50:32.6875000,5,Warning,storflt,System,0,0,26L2233B1-02,0,,,,,,,,,,,,False,M:\Forensics\TrainingImages\AliHadi\Challenge1\tout\M\Forensics\TrainingImages\AliHadi\Challenge1\s4a-challenge4\Windows\System32\winevt\logs\System.evtx,0x80000000000000,0,"{""EventData"":{""Data"":"""",""Binary"":""00-00-00-00-01-00-00-00-00-00-00-00-05-00-06-80-00-00-00-00-00-00-00-00-00-00-00-00-00-00-00-00-00-00-00-00-00-00-00-00""}}"
2,2,2015-08-24 06:50:32.7031250,4201,Info,Tcpip,System,0,0,26L2233B1-02,0,,,,,,,,,,,,False,M:\Forensics\TrainingImages\AliHadi\Challenge1\tout\M\Forensics\TrainingImages\AliHadi\Challenge1\s4a-challenge4\Windows\System32\winevt\logs\System.evtx,0x80000000000000,0,"{""EventData"":{""Data"":""Loopback Pseudo-Interface 1"",""Binary"":""00-00-00-00-02-00-2C-00-00-00-00-00-69-10-00-40-02-00-00-00-00-00-00-00-00-00-00-00-00-00-00-00-00-00-00-00-00-00-00-00""}}"
3,3,2015-08-24 06:50:32.7031250,4201,Info,Tcpip,System,0,0,26L2233B1-02,0,,,,,,,,,,,,False,M:\Forensics\TrainingImages\AliHadi\Challenge1\tout\M\Forensics\TrainingImages\AliHadi\Challenge1\s4a-challenge4\Windows\System32\winevt\logs\System.evtx,0x80000000000000,0,"{""EventData"":{""Data"":""Loopback Pseudo-Interface 1"",""Binary"":""00-00-00-00-02-00-2C-00-00-00-00-00-69-10-00-40-02-00-00-00-00-00-00-00-00-00-00-00-00-00-00-00-00-00-00-00-00-00-00-00""}}"
4,4,2015-08-24 06:50:34.7500000,4,Info,Microsoft-Windows-Kernel-Processor-Power,System,4,80,26L2233B1-02,0,S-1-5-18,,,,,,,,,,,False,M:\Forensics\TrainingImages\AliHadi\Challenge1\tout\M\Forensics\TrainingImages\AliHadi\Challenge1\s4a-challenge4\Windows\System32\winevt\logs\System.evtx,Classic,0,"{""EventData"":{""Data"":[{""@Name"":""Processor"",""#text"":""0""},{""@Name"":""IdleStateCount"",""#text"":""1""},{""@Name"":""PerfStateCount"",""#text"":""0""},{""@Name"":""ThrottleStateCount"",""#text"":""0""}],""ComplexData"":[{""@Name"":""IdleState"",""#text"":""01-00-00-00""},{""@Name"":""PerfState""}]}}"
5,5,2015-08-24 06:51:55.0000000,6011,Info,EventLog,System,0,0,26L2233B1-02,0,,,,,,,,,,,,False,M:\Forensics\TrainingImages\AliHadi\Challenge1\tout\M\Forensics\TrainingImages\AliHadi\Challenge1\s4a-challenge4\Windows\System32\winevt\logs\System.evtx,0x80000000000000,0,"{""EventData"":{""Data"":""26L2233B1-02, WIN-L0ZZQ76PMUF"",""Binary"":""""}}"
6,6,2015-08-24 06:51:55.0000000,6009,Info,EventLog,System,0,0,26L2233B1-02,0,,,,,,,,,,,,False,M:\Forensics\TrainingImages\AliHadi\Challenge1\tout\M\Forensics\TrainingImages\AliHadi\Challenge1\s4a-challenge4\Windows\System32\winevt\logs\System.evtx,0x80000000000000,0,"{""EventData"":{""Data"":""6.00., 6001, Service Pack 1, Multiprocessor Free"",""Binary"":""""}}"
7,7,2015-08-24 06:51:55.0000000,6005,Info,EventLog,System,0,0,26L2233B1-02,0,,The Event log service was started,,,Computer: 26L2233B1-02,,,,,,,False,M:\Forensics\TrainingImages\AliHadi\Challenge1\tout\M\Forensics\TrainingImages\AliHadi\Challenge1\s4a-challenge4\Windows\System32\winevt\logs\System.evtx,0x80000000000000,0,"{""EventData"":{""Data"":"""",""Binary"":""DF-07-08-00-01-00-18-00-06-00-33-00-37-00-C5-01-00-00-00-00-00-00-00-00""}}"
8,8,2015-08-24 06:51:55.4062500,6,Info,Microsoft-Windows-FilterManager,System,4,68,26L2233B1-02,0,S-1-5-18,,,,,,,,,,,False,M:\Forensics\TrainingImages\AliHadi\Challenge1\tout\M\Forensics\TrainingImages\AliHadi\Challenge1\s4a-challenge4\Windows\System32\winevt\logs\System.evtx,Classic,0,"{""EventData"":{""Data"":[{""@Name"":""FinalStatus"",""#text"":""0x0""},{""@Name"":""DeviceVersionMajor"",""#text"":""6""},{""@Name"":""DeviceVersionMinor"",""#text"":""0""},{""@Name"":""DeviceNameLength"",""#text"":""5""},{""@Name"":""DeviceName"",""#text"":""luafv""},{""@Name"":""DeviceTime"",""#text"":""2008-01-18 22:30:35.0000000""}]}}"
9,9,2015-08-24 06:51:56.0000000,263,Warning,PlugPlayManager,System,0,0,26L2233B1-02,0,,,,,,,,,,,,False,M:\Forensics\TrainingImages\AliHadi\Challenge1\tout\M\Forensics\TrainingImages\AliHadi\Challenge1\s4a-challenge4\Windows\System32\winevt\logs\System.evtx,0x80000000000000,0,"{""EventData"":{""Data"":""ShellHWDetection"",""Binary"":""""}}"
10,10,2015-08-24 06:51:59.0000000,134,Warning,Microsoft-Windows-Time-Service,System,0,0,26L2233B1-02,0,,,,,,,,,,,,False,M:\Forensics\TrainingImages\AliHadi\Challenge1\tout\M\Forensics\TrainingImages\AliHadi\Challenge1\s4a-challenge4\Windows\System32\winevt\logs\System.evtx,0x80000000000000,0,"{""EventData"":{""@Name"":""MSG_MANUAL_PEER_DNS_ERROR"",""Data"":[{""@Name"":""ErrorMessage"",""#text"":""No such host is known. (0x80072AF9)""},{""@Name"":""RetryMinutes"",""#text"":""15""},{""@Name"":""DomainPeer"",""#text"":""time.windows.com,0x9""}]}}"
11,11,2015-08-24 06:51:57.7343750,15016,Error,Microsoft-Windows-HttpEvent,System,4,68,26L2233B1-02,0,,,,,,,,,,,,False,M:\Forensics\TrainingImages\AliHadi\Challenge1\tout\M\Forensics\TrainingImages\AliHadi\Challenge1\s4a-challenge4\Windows\System32\winevt\logs\System.evtx,0x80000000000000,0,"{""EventData"":{""Data"":[{""@Name"":""DeviceObject"",""#text"":""\\Device\\Http\\ReqQueue""},{""@Name"":""SecurityPackage"",""#text"":""Kerberos""}],""Binary"":""00-00-04-00-02-00-30-00-00-00-00-00-A8-3A-00-C0-00-00-00-00-00-00-00-00-00-00-00-00-00-00-00-00-00-00-00-00-00-00-00-00-0E-03-09-80""}}"
12,12,2015-08-24 06:52:00.0000000,134,Warning,Microsoft-Windows-Time-Service,System,0,0,26L2233B1-02,0,,,,,,,,,,,,False,M:\Forensics\TrainingImages\AliHadi\Challenge1\tout\M\Forensics\TrainingImages\AliHadi\Challenge1\s4a-challenge4\Windows\System32\winevt\logs\System.evtx,0x80000000000000,0,"{""EventData"":{""@Name"":""MSG_MANUAL_PEER_DNS_ERROR"",""Data"":[{""@Name"":""ErrorMessage"",""#text"":""No such host is known. (0x80072AF9)""},{""@Name"":""RetryMinutes"",""#text"":""15""},{""@Name"":""DomainPeer"",""#text"":""time.windows.com,0x9""}]}}"
13,13,2015-08-24 06:52:01.0000000,1008,Info,Microsoft-Windows-DHCPv6-Client,System,0,0,26L2233B1-02,0,,,,,,,,,,,,False,M:\Forensics\TrainingImages\AliHadi\Challenge1\tout\M\Forensics\TrainingImages\AliHadi\Challenge1\s4a-challenge4\Windows\System32\winevt\logs\System.evtx,0x80000000000000,0,"{""EventData"":{""Data"":""%%2"",""Binary"":""02-00-00-00""}}"
14,14,2015-08-24 06:52:02.0000000,1008,Info,Microsoft-Windows-DHCPv6-Client,System,0,0,26L2233B1-02,0,,,,,,,,,,,,False,M:\Forensics\TrainingImages\AliHadi\Challenge1\tout\M\Forensics\TrainingImages\AliHadi\Challenge1\s4a-challenge4\Windows\System32\winevt\logs\System.evtx,0x80000000000000,0,"{""EventData"":{""Data"":""%%2"",""Binary"":""02-00-00-00""}}"
15,15,2015-08-24 06:52:01.7031250,20003,Info,Microsoft-Windows-User-PnP,System,1736,1740,26L2233B1-02,0,S-1-5-18,,,,,,,,,,,False,M:\Forensics\TrainingImages\AliHadi\Challenge1\tout\M\Forensics\TrainingImages\AliHadi\Challenge1\s4a-challenge4\Windows\System32\winevt\logs\System.evtx,Classic,0,"{""UserData"":{""AddServiceID"":{""ServiceName"":""tunnel"",""DriverFileName"":""system32\\DRIVERS\\tunnel.sys"",""DeviceInstanceID"":""ROOT\\*ISATAP\\0000"",""PrimaryService"":""True"",""UpdateService"":""True"",""AddServiceStatus"":""0""}}}"
16,16,2015-08-24 06:52:02.0312500,20001,Info,Microsoft-Windows-User-PnP,System,1736,1740,26L2233B1-02,0,S-1-5-18,,,,,,,,,,,False,M:\Forensics\TrainingImages\AliHadi\Challenge1\tout\M\Forensics\TrainingImages\AliHadi\Challenge1\s4a-challenge4\Windows\System32\winevt\logs\System.evtx,Classic,0,"{""UserData"":{""InstallDeviceID"":{""DriverName"":""FileRepository\\nettun.inf_2c666046\\nettun.inf"",""DriverVersion"":""6.0.6001.18000"",""DriverProvider"":""Microsoft"",""DeviceInstanceID"":""ROOT\\*ISATAP\\0000"",""SetupClass"":""4d36e972-e325-11ce-bfc1-08002be10318"",""RebootOption"":""False"",""UpgradeDevice"":""True"",""IsDriverOEM"":""False"",""InstallStatus"":""0"",""DriverDescription"":""Microsoft ISATAP Adapter""}}}"
17,17,2015-08-24 06:52:02.2500000,20003,Info,Microsoft-Windows-User-PnP,System,1784,1788,26L2233B1-02,0,S-1-5-18,,,,,,,,,,,False,M:\Forensics\TrainingImages\AliHadi\Challenge1\tout\M\Forensics\TrainingImages\AliHadi\Challenge1\s4a-challenge4\Windows\System32\winevt\logs\System.evtx,Classic,0,"{""UserData"":{""AddServiceID"":{""ServiceName"":""tunnel"",""DriverFileName"":""system32\\DRIVERS\\tunnel.sys"",""DeviceInstanceID"":""ROOT\\*ISATAP\\0001"",""PrimaryService"":""True"",""UpdateService"":""True"",""AddServiceStatus"":""0""}}}"
18,18,2015-08-24 06:52:02.4375000,20001,Info,Microsoft-Windows-User-PnP,System,1784,1788,26L2233B1-02,0,S-1-5-18,,,,,,,,,,,False,M:\Forensics\TrainingImages\AliHadi\Challenge1\tout\M\Forensics\TrainingImages\AliHadi\Challenge1\s4a-challenge4\Windows\System32\winevt\logs\System.evtx,Classic,0,"{""UserData"":{""InstallDeviceID"":{""DriverName"":""FileRepository\\nettun.inf_2c666046\\nettun.inf"",""DriverVersion"":""6.0.6001.18000"",""DriverProvider"":""Microsoft"",""DeviceInstanceID"":""ROOT\\*ISATAP\\0001"",""SetupClass"":""4d36e972-e325-11ce-bfc1-08002be10318"",""RebootOption"":""False"",""UpgradeDevice"":""True"",""IsDriverOEM"":""False"",""InstallStatus"":""0"",""DriverDescription"":""Microsoft ISATAP Adapter""}}}"
19,19,2015-08-24 06:52:02.8593750,20001,Info,Microsoft-Windows-User-PnP,System,1808,1812,26L2233B1-02,0,S-1-5-18,,,,,,,,,,,False,M:\Forensics\TrainingImages\AliHadi\Challenge1\tout\M\Forensics\TrainingImages\AliHadi\Challenge1\s4a-challenge4\Windows\System32\winevt\logs\System.evtx,Classic,0,"{""UserData"":{""InstallDeviceID"":{""DriverName"":""FileRepository\\hal.inf_8b7b6029\\hal.inf"",""DriverVersion"":""6.0.6001.18000"",""DriverProvider"":""Microsoft"",""DeviceInstanceID"":""ROOT\\ACPI_HAL\\0000"",""SetupClass"":""4d36e966-e325-11ce-bfc1-08002be10318"",""RebootOption"":""True"",""UpgradeDevice"":""True"",""IsDriverOEM"":""False"",""InstallStatus"":""0"",""DriverDescription"":""ACPI x86-based PC""}}}"
20,20,2015-08-24 06:52:03.2968750,20003,Info,Microsoft-Windows-User-PnP,System,1832,1836,26L2233B1-02,0,S-1-5-18,,,,,,,,,,,False,M:\Forensics\TrainingImages\AliHadi\Challenge1\tout\M\Forensics\TrainingImages\AliHadi\Challenge1\s4a-challenge4\Windows\System32\winevt\logs\System.evtx,Classic,0,"{""UserData"":{""AddServiceID"":{""ServiceName"":""iScsiPrt"",""DriverFileName"":""system32\\DRIVERS\\msiscsi.sys"",""DeviceInstanceID"":""ROOT\\ISCSIPRT\\0000"",""PrimaryService"":""True"",""UpdateService"":""True"",""AddServiceStatus"":""0""}}}"
21,21,2015-08-24 06:52:03.3281250,20001,Info,Microsoft-Windows-User-PnP,System,1832,1836,26L2233B1-02,0,S-1-5-18,,,,,,,,,,,False,M:\Forensics\TrainingImages\AliHadi\Challenge1\tout\M\Forensics\TrainingImages\AliHadi\Challenge1\s4a-challenge4\Windows\System32\winevt\logs\System.evtx,Classic,0,"{""UserData"":{""InstallDeviceID"":{""DriverName"":""FileRepository\\iscsi.inf_1c0ca445\\iscsi.inf"",""DriverVersion"":""6.0.6001.18000"",""DriverProvider"":""Microsoft"",""DeviceInstanceID"":""ROOT\\ISCSIPRT\\0000"",""SetupClass"":""4d36e97b-e325-11ce-bfc1-08002be10318"",""RebootOption"":""True"",""UpgradeDevice"":""True"",""IsDriverOEM"":""False"",""InstallStatus"":""0"",""DriverDescription"":""Microsoft iSCSI Initiator""}}}"
22,22,2015-08-24 06:52:03.9687500,20003,Info,Microsoft-Windows-User-PnP,System,1852,1856,26L2233B1-02,0,S-1-5-18,,,,,,,,,,,False,M:\Forensics\TrainingImages\AliHadi\Challenge1\tout\M\Forensics\TrainingImages\AliHadi\Challenge1\s4a-challenge4\Windows\System32\winevt\logs\System.evtx,Classic,0,"{""UserData"":{""AddServiceID"":{""ServiceName"":""Rasl2tp"",""DriverFileName"":""system32\\DRIVERS\\rasl2tp.sys"",""DeviceInstanceID"":""ROOT\\MS_L2TPMINIPORT\\0000"",""PrimaryService"":""True"",""UpdateService"":""True"",""AddServiceStatus"":""0""}}}"
23,23,2015-08-24 06:52:04.1718750,20001,Info,Microsoft-Windows-User-PnP,System,1852,1856,26L2233B1-02,0,S-1-5-18,,,,,,,,,,,False,M:\Forensics\TrainingImages\AliHadi\Challenge1\tout\M\Forensics\TrainingImages\AliHadi\Challenge1\s4a-challenge4\Windows\System32\winevt\logs\System.evtx,Classic,0,"{""UserData"":{""InstallDeviceID"":{""DriverName"":"""",""DriverVersion"":""6.0.6001.18000"",""DriverProvider"":""Microsoft"",""DeviceInstanceID"":""ROOT\\MS_L2TPMINIPORT\\0000"",""SetupClass"":""4d36e972-e325-11ce-bfc1-08002be10318"",""RebootOption"":""False"",""UpgradeDevice"":""True"",""IsDriverOEM"":""False"",""InstallStatus"":""0"",""DriverDescription"":""WAN Miniport (L2TP)""}}}"
24,24,2015-08-24 06:52:04.5937500,20003,Info,Microsoft-Windows-User-PnP,System,1900,1904,26L2233B1-02,0,S-1-5-18,,,,,,,,,,,False,M:\Forensics\TrainingImages\AliHadi\Challenge1\tout\M\Forensics\TrainingImages\AliHadi\Challenge1\s4a-challenge4\Windows\System32\winevt\logs\System.evtx,Classic,0,"{""UserData"":{""AddServiceID"":{""ServiceName"":""NdisWan"",""DriverFileName"":""system32\\DRIVERS\\ndiswan.sys"",""DeviceInstanceID"":""ROOT\\MS_NDISWANBH\\0000"",""PrimaryService"":""True"",""UpdateService"":""True"",""AddServiceStatus"":""0""}}}"
25,25,2015-08-24 06:52:04.6093750,20003,Info,Microsoft-Windows-User-PnP,System,1900,1904,26L2233B1-02,0,S-1-5-18,,,,,,,,,,,False,M:\Forensics\TrainingImages\AliHadi\Challenge1\tout\M\Forensics\TrainingImages\AliHadi\Challenge1\s4a-challenge4\Windows\System32\winevt\logs\System.evtx,Classic,0,"{""UserData"":{""AddServiceID"":{""ServiceName"":""NdisTapi"",""DriverFileName"":""system32\\DRIVERS\\ndistapi.sys"",""DeviceInstanceID"":""ROOT\\MS_NDISWANBH\\0000"",""PrimaryService"":""False"",""UpdateService"":""True"",""AddServiceStatus"":""0""}}}"
26,26,2015-08-24 06:52:04.8125000,20001,Info,Microsoft-Windows-User-PnP,System,1900,1904,26L2233B1-02,0,S-1-5-18,,,,,,,,,,,False,M:\Forensics\TrainingImages\AliHadi\Challenge1\tout\M\Forensics\TrainingImages\AliHadi\Challenge1\s4a-challenge4\Windows\System32\winevt\logs\System.evtx,Classic,0,"{""UserData"":{""InstallDeviceID"":{""DriverName"":"""",""DriverVersion"":""6.0.6001.18000"",""DriverProvider"":""Microsoft"",""DeviceInstanceID"":""ROOT\\MS_NDISWANBH\\0000"",""SetupClass"":""4d36e972-e325-11ce-bfc1-08002be10318"",""RebootOption"":""False"",""UpgradeDevice"":""True"",""IsDriverOEM"":""False"",""InstallStatus"":""0"",""DriverDescription"":""WAN Miniport (Network Monitor)""}}}"
27,27,2015-08-24 06:52:05.1093750,20003,Info,Microsoft-Windows-User-PnP,System,1920,1924,26L2233B1-02,0,S-1-5-18,,,,,,,,,,,False,M:\Forensics\TrainingImages\AliHadi\Challenge1\tout\M\Forensics\TrainingImages\AliHadi\Challenge1\s4a-challenge4\Windows\System32\winevt\logs\System.evtx,Classic,0,"{""UserData"":{""AddServiceID"":{""ServiceName"":""NdisWan"",""DriverFileName"":""system32\\DRIVERS\\ndiswan.sys"",""DeviceInstanceID"":""ROOT\\MS_NDISWANIP\\0000"",""PrimaryService"":""True"",""UpdateService"":""True"",""AddServiceStatus"":""0""}}}"
28,28,2015-08-24 06:52:05.1250000,20003,Info,Microsoft-Windows-User-PnP,System,1920,1924,26L2233B1-02,0,S-1-5-18,,,,,,,,,,,False,M:\Forensics\TrainingImages\AliHadi\Challenge1\tout\M\Forensics\TrainingImages\AliHadi\Challenge1\s4a-challenge4\Windows\System32\winevt\logs\System.evtx,Classic,0,"{""UserData"":{""AddServiceID"":{""ServiceName"":""NdisTapi"",""DriverFileName"":""system32\\DRIVERS\\ndistapi.sys"",""DeviceInstanceID"":""ROOT\\MS_NDISWANIP\\0000"",""PrimaryService"":""False"",""UpdateService"":""True"",""AddServiceStatus"":""0""}}}"
29,29,2015-08-24 06:52:05.3281250,20001,Info,Microsoft-Windows-User-PnP,System,1920,1924,26L2233B1-02,0,S-1-5-18,,,,,,,,,,,False,M:\Forensics\TrainingImages\AliHadi\Challenge1\tout\M\Forensics\TrainingImages\AliHadi\Challenge1\s4a-challenge4\Windows\System32\winevt\logs\System.evtx,Classic,0,"{""UserData"":{""InstallDeviceID"":{""DriverName"":"""",""DriverVersion"":""6.0.6001.18000"",""DriverProvider"":""Microsoft"",""DeviceInstanceID"":""ROOT\\MS_NDISWANIP\\0000"",""SetupClass"":""4d36e972-e325-11ce-bfc1-08002be10318"",""RebootOption"":""False"",""UpgradeDevice"":""True"",""IsDriverOEM"":""False"",""InstallStatus"":""0"",""DriverDescription"":""WAN Miniport (IP)""}}}"
30,30,2015-08-24 06:52:05.7656250,20003,Info,Microsoft-Windows-User-PnP,System,1944,1948,26L2233B1-02,0,S-1-5-18,,,,,,,,,,,False,M:\Forensics\TrainingImages\AliHadi\Challenge1\tout\M\Forensics\TrainingImages\AliHadi\Challenge1\s4a-challenge4\Windows\System32\winevt\logs\System.evtx,Classic,0,"{""UserData"":{""AddServiceID"":{""ServiceName"":""NdisWan"",""DriverFileName"":""system32\\DRIVERS\\ndiswan.sys"",""DeviceInstanceID"":""ROOT\\MS_NDISWANIPV6\\0000"",""PrimaryService"":""True"",""UpdateService"":""True"",""AddServiceStatus"":""0""}}}"
31,31,2015-08-24 06:52:05.7656250,20003,Info,Microsoft-Windows-User-PnP,System,1944,1948,26L2233B1-02,0,S-1-5-18,,,,,,,,,,,False,M:\Forensics\TrainingImages\AliHadi\Challenge1\tout\M\Forensics\TrainingImages\AliHadi\Challenge1\s4a-challenge4\Windows\System32\winevt\logs\System.evtx,Classic,0,"{""UserData"":{""AddServiceID"":{""ServiceName"":""NdisTapi"",""DriverFileName"":""system32\\DRIVERS\\ndistapi.sys"",""DeviceInstanceID"":""ROOT\\MS_NDISWANIPV6\\0000"",""PrimaryService"":""False"",""UpdateService"":""True"",""AddServiceStatus"":""0""}}}"
32,32,2015-08-24 06:52:05.9843750,20001,Info,Microsoft-Windows-User-PnP,System,1944,1948,26L2233B1-02,0,S-1-5-18,,,,,,,,,,,False,M:\Forensics\TrainingImages\AliHadi\Challenge1\tout\M\Forensics\TrainingImages\AliHadi\Challenge1\s4a-challenge4\Windows\System32\winevt\logs\System.evtx,Classic,0,"{""UserData"":{""InstallDeviceID"":{""DriverName"":"""",""DriverVersion"":""6.0.6001.18000"",""DriverProvider"":""Microsoft"",""DeviceInstanceID"":""ROOT\\MS_NDISWANIPV6\\0000"",""SetupClass"":""4d36e972-e325-11ce-bfc1-08002be10318"",""RebootOption"":""False"",""UpgradeDevice"":""True"",""IsDriverOEM"":""False"",""InstallStatus"":""0"",""DriverDescription"":""WAN Miniport (IPv6)""}}}"
33,33,2015-08-24 06:52:06.3281250,20003,Info,Microsoft-Windows-User-PnP,System,1968,1972,26L2233B1-02,0,S-1-5-18,,,,,,,,,,,False,M:\Forensics\TrainingImages\AliHadi\Challenge1\tout\M\Forensics\TrainingImages\AliHadi\Challenge1\s4a-challenge4\Windows\System32\winevt\logs\System.evtx,Classic,0,"{""UserData"":{""AddServiceID"":{""ServiceName"":""RasPppoe"",""DriverFileName"":""system32\\DRIVERS\\raspppoe.sys"",""DeviceInstanceID"":""ROOT\\MS_PPPOEMINIPORT\\0000"",""PrimaryService"":""True"",""UpdateService"":""True"",""AddServiceStatus"":""0""}}}"
34,34,2015-08-24 06:52:06.3437500,20003,Info,Microsoft-Windows-User-PnP,System,1968,1972,26L2233B1-02,0,S-1-5-18,,,,,,,,,,,False,M:\Forensics\TrainingImages\AliHadi\Challenge1\tout\M\Forensics\TrainingImages\AliHadi\Challenge1\s4a-challenge4\Windows\System32\winevt\logs\System.evtx,Classic,0,"{""UserData"":{""AddServiceID"":{""ServiceName"":""NdisTapi"",""DriverFileName"":""system32\\DRIVERS\\ndistapi.sys"",""DeviceInstanceID"":""ROOT\\MS_PPPOEMINIPORT\\0000"",""PrimaryService"":""False"",""UpdateService"":""True"",""AddServiceStatus"":""0""}}}"
35,35,2015-08-24 06:52:06.5312500,20001,Info,Microsoft-Windows-User-PnP,System,1968,1972,26L2233B1-02,0,S-1-5-18,,,,,,,,,,,False,M:\Forensics\TrainingImages\AliHadi\Challenge1\tout\M\Forensics\TrainingImages\AliHadi\Challenge1\s4a-challenge4\Windows\System32\winevt\logs\System.evtx,Classic,0,"{""UserData"":{""InstallDeviceID"":{""DriverName"":"""",""DriverVersion"":""6.0.6001.18000"",""DriverProvider"":""Microsoft"",""DeviceInstanceID"":""ROOT\\MS_PPPOEMINIPORT\\0000"",""SetupClass"":""4d36e972-e325-11ce-bfc1-08002be10318"",""RebootOption"":""False"",""UpgradeDevice"":""True"",""IsDriverOEM"":""False"",""InstallStatus"":""0"",""DriverDescription"":""WAN Miniport (PPPOE)""}}}"
36,36,2015-08-24 06:52:06.9218750,20003,Info,Microsoft-Windows-User-PnP,System,1996,2000,26L2233B1-02,0,S-1-5-18,,,,,,,,,,,False,M:\Forensics\TrainingImages\AliHadi\Challenge1\tout\M\Forensics\TrainingImages\AliHadi\Challenge1\s4a-challenge4\Windows\System32\winevt\logs\System.evtx,Classic,0,"{""UserData"":{""AddServiceID"":{""ServiceName"":""PptpMiniport"",""DriverFileName"":""system32\\DRIVERS\\raspptp.sys"",""DeviceInstanceID"":""ROOT\\MS_PPTPMINIPORT\\0000"",""PrimaryService"":""True"",""UpdateService"":""True"",""AddServiceStatus"":""0""}}}"
37,37,2015-08-24 06:52:06.9218750,20003,Info,Microsoft-Windows-User-PnP,System,1996,2000,26L2233B1-02,0,S-1-5-18,,,,,,,,,,,False,M:\Forensics\TrainingImages\AliHadi\Challenge1\tout\M\Forensics\TrainingImages\AliHadi\Challenge1\s4a-challenge4\Windows\System32\winevt\logs\System.evtx,Classic,0,"{""UserData"":{""AddServiceID"":{""ServiceName"":""NdisTapi"",""DriverFileName"":""system32\\DRIVERS\\ndistapi.sys"",""DeviceInstanceID"":""ROOT\\MS_PPTPMINIPORT\\0000"",""PrimaryService"":""False"",""UpdateService"":""True"",""AddServiceStatus"":""0""}}}"
38,38,2015-08-24 06:52:07.1718750,20001,Info,Microsoft-Windows-User-PnP,System,1996,2000,26L2233B1-02,0,S-1-5-18,,,,,,,,,,,False,M:\Forensics\TrainingImages\AliHadi\Challenge1\tout\M\Forensics\TrainingImages\AliHadi\Challenge1\s4a-challenge4\Windows\System32\winevt\logs\System.evtx,Classic,0,"{""UserData"":{""InstallDeviceID"":{""DriverName"":"""",""DriverVersion"":""6.0.6001.18000"",""DriverProvider"":""Microsoft"",""DeviceInstanceID"":""ROOT\\MS_PPTPMINIPORT\\0000"",""SetupClass"":""4d36e972-e325-11ce-bfc1-08002be10318"",""RebootOption"":""False"",""UpgradeDevice"":""True"",""IsDriverOEM"":""False"",""InstallStatus"":""0"",""DriverDescription"":""WAN Miniport (PPTP)""}}}"
39,39,2015-08-24 06:52:07.5468750,20003,Info,Microsoft-Windows-User-PnP,System,2028,2032,26L2233B1-02,0,S-1-5-18,,,,,,,,,,,False,M:\Forensics\TrainingImages\AliHadi\Challenge1\tout\M\Forensics\TrainingImages\AliHadi\Challenge1\s4a-challenge4\Windows\System32\winevt\logs\System.evtx,Classic,0,"{""UserData"":{""AddServiceID"":{""ServiceName"":""RasSstp"",""DriverFileName"":""system32\\DRIVERS\\rassstp.sys"",""DeviceInstanceID"":""ROOT\\MS_SSTPMINIPORT\\0000"",""PrimaryService"":""True"",""UpdateService"":""True"",""AddServiceStatus"":""0""}}}"
40,40,2015-08-24 06:52:07.7656250,20001,Info,Microsoft-Windows-User-PnP,System,2028,2032,26L2233B1-02,0,S-1-5-18,,,,,,,,,,,False,M:\Forensics\TrainingImages\AliHadi\Challenge1\tout\M\Forensics\TrainingImages\AliHadi\Challenge1\s4a-challenge4\Windows\System32\winevt\logs\System.evtx,Classic,0,"{""UserData"":{""InstallDeviceID"":{""DriverName"":"""",""DriverVersion"":""6.0.6001.18000"",""DriverProvider"":""Microsoft"",""DeviceInstanceID"":""ROOT\\MS_SSTPMINIPORT\\0000"",""SetupClass"":""4d36e972-e325-11ce-bfc1-08002be10318"",""RebootOption"":""False"",""UpgradeDevice"":""True"",""IsDriverOEM"":""False"",""InstallStatus"":""0"",""DriverDescription"":""WAN Miniport (SSTP)""}}}"
41,41,2015-08-24 06:52:08.2500000,20003,Info,Microsoft-Windows-User-PnP,System,284,288,26L2233B1-02,0,S-1-5-18,,,,,,,,,,,False,M:\Forensics\TrainingImages\AliHadi\Challenge1\tout\M\Forensics\TrainingImages\AliHadi\Challenge1\s4a-challenge4\Windows\System32\winevt\logs\System.evtx,Classic,0,"{""UserData"":{""AddServiceID"":{""ServiceName"":""rdpdr"",""DriverFileName"":""system32\\DRIVERS\\rdpdr.sys"",""DeviceInstanceID"":""ROOT\\RDPDR\\0000"",""PrimaryService"":""True"",""UpdateService"":""True"",""AddServiceStatus"":""0""}}}"
42,42,2015-08-24 06:52:08.2812500,20001,Info,Microsoft-Windows-User-PnP,System,284,288,26L2233B1-02,0,S-1-5-18,,,,,,,,,,,False,M:\Forensics\TrainingImages\AliHadi\Challenge1\tout\M\Forensics\TrainingImages\AliHadi\Challenge1\s4a-challenge4\Windows\System32\winevt\logs\System.evtx,Classic,0,"{""UserData"":{""InstallDeviceID"":{""DriverName"":""FileRepository\\machine.inf_c3c08b9d\\machine.inf"",""DriverVersion"":""6.0.6001.18000"",""DriverProvider"":""Microsoft"",""DeviceInstanceID"":""ROOT\\RDPDR\\0000"",""SetupClass"":""4d36e97d-e325-11ce-bfc1-08002be10318"",""RebootOption"":""True"",""UpgradeDevice"":""True"",""IsDriverOEM"":""False"",""InstallStatus"":""0"",""DriverDescription"":""Terminal Server Device Redirector""}}}"
43,43,2015-08-24 06:52:08.5625000,20003,Info,Microsoft-Windows-User-PnP,System,304,308,26L2233B1-02,0,S-1-5-18,,,,,,,,,,,False,M:\Forensics\TrainingImages\AliHadi\Challenge1\tout\M\Forensics\TrainingImages\AliHadi\Challenge1\s4a-challenge4\Windows\System32\winevt\logs\System.evtx,Classic,0,"{""UserData"":{""AddServiceID"":{""ServiceName"":""TermDD"",""DriverFileName"":""system32\\DRIVERS\\termdd.sys"",""DeviceInstanceID"":""ROOT\\RDP_KBD\\0000"",""PrimaryService"":""True"",""UpdateService"":""True"",""AddServiceStatus"":""0""}}}"
44,44,2015-08-24 06:52:08.5625000,20003,Info,Microsoft-Windows-User-PnP,System,304,308,26L2233B1-02,0,S-1-5-18,,,,,,,,,,,False,M:\Forensics\TrainingImages\AliHadi\Challenge1\tout\M\Forensics\TrainingImages\AliHadi\Challenge1\s4a-challenge4\Windows\System32\winevt\logs\System.evtx,Classic,0,"{""UserData"":{""AddServiceID"":{""ServiceName"":""kbdclass"",""DriverFileName"":""system32\\DRIVERS\\kbdclass.sys"",""DeviceInstanceID"":""ROOT\\RDP_KBD\\0000"",""PrimaryService"":""False"",""UpdateService"":""True"",""AddServiceStatus"":""0""}}}"
