299,299,2015-08-23 21:15:05.1412500,15016,Error,Microsoft-Windows-HttpEvent,System,4,80,WIN-L0ZZQ76PMUF,2,,,,,,,,,,,,False,M:\Forensics\TrainingImages\AliHadi\Challenge1\tout\M\Forensics\TrainingImages\AliHadi\Challenge1\s4a-challenge4\Windows\System32\winevt\logs\System.evtx,0x80000000000000,0,"{""EventData"":{""Data"":[{""@Name"":""DeviceObject"",""#text"":""\\Device\\Http\\ReqQueue""},{""@Name"":""SecurityPackage"",""#text"":""Kerberos""}],""Binary"":""00-00-04-00-02-00-30-00-00-00-00-00-A8-3A-00-C0-00-00-00-00-00-00-00-00-00-00-00-00-00-00-00-00-00-00-00-00-00-00-00-00-0E-03-09-80""}}"
300,300,2015-08-23 21:16:35.0000000,7036,Info,Service Control Manager,System,0,0,WIN-L0ZZQ76PMUF,2,,Service started or stopped,,,Name: Plug and Play | Plug and Play,Status: running,,,,,,False,M:\Forensics\TrainingImages\AliHadi\Challenge1\tout\M\Forensics\TrainingImages\AliHadi\Challenge1\s4a-challenge4\Windows\System32\winevt\logs\System.evtx,0x80000000000000,0,"{""EventData"":{""Data"":[{""@Name"":""param1"",""#text"":""Plug and Play""},{""@Name"":""param2"",""#text"":""running""}]}}"
301,301,2015-08-23 21:16:35.0000000,7036,Info,Service Control Manager,System,0,0,WIN-L0ZZQ76PMUF,2,,Service started or stopped,,,Name: VirtualBox Guest Additions Service | VirtualBox Guest Additions Service,Status: running,,,,,,False,M:\Forensics\TrainingImages\AliHadi\Challenge1\tout\M\Forensics\TrainingImages\AliHadi\Challenge1\s4a-challenge4\Windows\System32\winevt\logs\System.evtx,0x80000000000000,0,"{""EventData"":{""Data"":[{""@Name"":""param1"",""#text"":""VirtualBox Guest Additions Service""},{""@Name"":""param2"",""#text"":""running""}]}}"
302,302,2015-08-23 21:16:35.0000000,7036,Info,Service Control Manager,System,0,0,WIN-L0ZZQ76PMUF,2,,Service started or stopped,,,Name: DCOM Server Process Launcher | DCOM Server Process Launcher,Status: running,,,,,,False,M:\Forensics\TrainingImages\AliHadi\Challenge1\tout\M\Forensics\TrainingImages\AliHadi\Challenge1\s4a-challenge4\Windows\System32\winevt\logs\System.evtx,0x80000000000000,0,"{""EventData"":{""Data"":[{""@Name"":""param1"",""#text"":""DCOM Server Process Launcher""},{""@Name"":""param2"",""#text"":""running""}]}}"
303,303,2015-08-23 21:16:35.0000000,7036,Info,Service Control Manager,System,0,0,WIN-L0ZZQ76PMUF,2,,Service started or stopped,,,Name: Remote Procedure Call (RPC) | Remote Procedure Call (RPC),Status: running,,,,,,False,M:\Forensics\TrainingImages\AliHadi\Challenge1\tout\M\Forensics\TrainingImages\AliHadi\Challenge1\s4a-challenge4\Windows\System32\winevt\logs\System.evtx,0x80000000000000,0,"{""EventData"":{""Data"":[{""@Name"":""param1"",""#text"":""Remote Procedure Call (RPC)""},{""@Name"":""param2"",""#text"":""running""}]}}"
304,304,2015-08-23 21:16:35.0000000,7036,Info,Service Control Manager,System,0,0,WIN-L0ZZQ76PMUF,2,,Service started or stopped,,,Name: Windows Event Log | Windows Event Log,Status: running,,,,,,False,M:\Forensics\TrainingImages\AliHadi\Challenge1\tout\M\Forensics\TrainingImages\AliHadi\Challenge1\s4a-challenge4\Windows\System32\winevt\logs\System.evtx,0x80000000000000,0,"{""EventData"":{""Data"":[{""@Name"":""param1"",""#text"":""Windows Event Log""},{""@Name"":""param2"",""#text"":""running""}]}}"
305,305,2015-08-23 21:16:35.0000000,7036,Info,Service Control Manager,System,0,0,WIN-L0ZZQ76PMUF,2,,Service started or stopped,,,Name: User Profile Service | User Profile Service,Status: running,,,,,,False,M:\Forensics\TrainingImages\AliHadi\Challenge1\tout\M\Forensics\TrainingImages\AliHadi\Challenge1\s4a-challenge4\Windows\System32\winevt\logs\System.evtx,0x80000000000000,0,"{""EventData"":{""Data"":[{""@Name"":""param1"",""#text"":""User Profile Service""},{""@Name"":""param2"",""#text"":""running""}]}}"
306,306,2015-08-23 21:16:35.0000000,7036,Info,Service Control Manager,System,0,0,WIN-L0ZZQ76PMUF,2,,Service started or stopped,,,Name: Group Policy Client | Group Policy Client,Status: running,,,,,,False,M:\Forensics\TrainingImages\AliHadi\Challenge1\tout\M\Forensics\TrainingImages\AliHadi\Challenge1\s4a-challenge4\Windows\System32\winevt\logs\System.evtx,0x80000000000000,0,"{""EventData"":{""Data"":[{""@Name"":""param1"",""#text"":""Group Policy Client""},{""@Name"":""param2"",""#text"":""running""}]}}"
307,307,2015-08-23 21:16:35.0000000,7036,Info,Service Control Manager,System,0,0,WIN-L0ZZQ76PMUF,2,,Service started or stopped,,,Name: Software Licensing | Software Licensing,Status: running,,,,,,False,M:\Forensics\TrainingImages\AliHadi\Challenge1\tout\M\Forensics\TrainingImages\AliHadi\Challenge1\s4a-challenge4\Windows\System32\winevt\logs\System.evtx,0x80000000000000,0,"{""EventData"":{""Data"":[{""@Name"":""param1"",""#text"":""Software Licensing""},{""@Name"":""param2"",""#text"":""running""}]}}"
308,308,2015-08-23 21:16:35.0000000,7036,Info,Service Control Manager,System,0,0,WIN-L0ZZQ76PMUF,2,,Service started or stopped,,,Name: COM+ Event System | COM+ Event System,Status: running,,,,,,False,M:\Forensics\TrainingImages\AliHadi\Challenge1\tout\M\Forensics\TrainingImages\AliHadi\Challenge1\s4a-challenge4\Windows\System32\winevt\logs\System.evtx,0x80000000000000,0,"{""EventData"":{""Data"":[{""@Name"":""param1"",""#text"":""COM+ Event System""},{""@Name"":""param2"",""#text"":""running""}]}}"
309,309,2015-08-23 21:16:35.0000000,7036,Info,Service Control Manager,System,0,0,WIN-L0ZZQ76PMUF,2,,Service started or stopped,,,Name: System Event Notification Service | System Event Notification Service,Status: running,,,,,,False,M:\Forensics\TrainingImages\AliHadi\Challenge1\tout\M\Forensics\TrainingImages\AliHadi\Challenge1\s4a-challenge4\Windows\System32\winevt\logs\System.evtx,0x80000000000000,0,"{""EventData"":{""Data"":[{""@Name"":""param1"",""#text"":""System Event Notification Service""},{""@Name"":""param2"",""#text"":""running""}]}}"
310,310,2015-08-23 21:16:35.0000000,7036,Info,Service Control Manager,System,0,0,WIN-L0ZZQ76PMUF,2,,Service started or stopped,,,Name: Desktop Window Manager Session Manager | Desktop Window Manager Session Manager,Status: running,,,,,,False,M:\Forensics\TrainingImages\AliHadi\Challenge1\tout\M\Forensics\TrainingImages\AliHadi\Challenge1\s4a-challenge4\Windows\System32\winevt\logs\System.evtx,0x80000000000000,0,"{""EventData"":{""Data"":[{""@Name"":""param1"",""#text"":""Desktop Window Manager Session Manager""},{""@Name"":""param2"",""#text"":""running""}]}}"
311,311,2015-08-23 21:16:35.0000000,7036,Info,Service Control Manager,System,0,0,WIN-L0ZZQ76PMUF,2,,Service started or stopped,,,Name: Network Store Interface Service | Network Store Interface Service,Status: running,,,,,,False,M:\Forensics\TrainingImages\AliHadi\Challenge1\tout\M\Forensics\TrainingImages\AliHadi\Challenge1\s4a-challenge4\Windows\System32\winevt\logs\System.evtx,0x80000000000000,0,"{""EventData"":{""Data"":[{""@Name"":""param1"",""#text"":""Network Store Interface Service""},{""@Name"":""param2"",""#text"":""running""}]}}"
312,312,2015-08-23 21:16:35.0000000,7036,Info,Service Control Manager,System,0,0,WIN-L0ZZQ76PMUF,2,,Service started or stopped,,,Name: TCP/IP NetBIOS Helper | TCP/IP NetBIOS Helper,Status: running,,,,,,False,M:\Forensics\TrainingImages\AliHadi\Challenge1\tout\M\Forensics\TrainingImages\AliHadi\Challenge1\s4a-challenge4\Windows\System32\winevt\logs\System.evtx,0x80000000000000,0,"{""EventData"":{""Data"":[{""@Name"":""param1"",""#text"":""TCP/IP NetBIOS Helper""},{""@Name"":""param2"",""#text"":""running""}]}}"
313,313,2015-08-23 21:16:35.0000000,7036,Info,Service Control Manager,System,0,0,WIN-L0ZZQ76PMUF,2,,Service started or stopped,,,Name: DHCP Client | DHCP Client,Status: running,,,,,,False,M:\Forensics\TrainingImages\AliHadi\Challenge1\tout\M\Forensics\TrainingImages\AliHadi\Challenge1\s4a-challenge4\Windows\System32\winevt\logs\System.evtx,0x80000000000000,0,"{""EventData"":{""Data"":[{""@Name"":""param1"",""#text"":""DHCP Client""},{""@Name"":""param2"",""#text"":""running""}]}}"
314,314,2015-08-23 21:16:35.0000000,7036,Info,Service Control Manager,System,0,0,WIN-L0ZZQ76PMUF,2,,Service started or stopped,,,Name: DNS Client | DNS Client,Status: running,,,,,,False,M:\Forensics\TrainingImages\AliHadi\Challenge1\tout\M\Forensics\TrainingImages\AliHadi\Challenge1\s4a-challenge4\Windows\System32\winevt\logs\System.evtx,0x80000000000000,0,"{""EventData"":{""Data"":[{""@Name"":""param1"",""#text"":""DNS Client""},{""@Name"":""param2"",""#text"":""running""}]}}"
315,315,2015-08-23 21:16:35.0000000,7036,Info,Service Control Manager,System,0,0,WIN-L0ZZQ76PMUF,2,,Service started or stopped,,,Name: Shell Hardware Detection | Shell Hardware Detection,Status: running,,,,,,False,M:\Forensics\TrainingImages\AliHadi\Challenge1\tout\M\Forensics\TrainingImages\AliHadi\Challenge1\s4a-challenge4\Windows\System32\winevt\logs\System.evtx,0x80000000000000,0,"{""EventData"":{""Data"":[{""@Name"":""param1"",""#text"":""Shell Hardware Detection""},{""@Name"":""param2"",""#text"":""running""}]}}"
316,316,2015-08-23 21:16:35.0000000,7036,Info,Service Control Manager,System,0,0,WIN-L0ZZQ76PMUF,2,,Service started or stopped,,,Name: Task Scheduler | Task Scheduler,Status: running,,,,,,False,M:\Forensics\TrainingImages\AliHadi\Challenge1\tout\M\Forensics\TrainingImages\AliHadi\Challenge1\s4a-challenge4\Windows\System32\winevt\logs\System.evtx,0x80000000000000,0,"{""EventData"":{""Data"":[{""@Name"":""param1"",""#text"":""Task Scheduler""},{""@Name"":""param2"",""#text"":""running""}]}}"
317,317,2015-08-23 21:16:35.0000000,7036,Info,Service Control Manager,System,0,0,WIN-L0ZZQ76PMUF,2,,Service started or stopped,,,Name: Base Filtering Engine | Base Filtering Engine,Status: running,,,,,,False,M:\Forensics\TrainingImages\AliHadi\Challenge1\tout\M\Forensics\TrainingImages\AliHadi\Challenge1\s4a-challenge4\Windows\System32\winevt\logs\System.evtx,0x80000000000000,0,"{""EventData"":{""Data"":[{""@Name"":""param1"",""#text"":""Base Filtering Engine""},{""@Name"":""param2"",""#text"":""running""}]}}"
318,318,2015-08-23 21:16:35.0000000,7036,Info,Service Control Manager,System,0,0,WIN-L0ZZQ76PMUF,2,,Service started or stopped,,,Name: Windows Firewall | Windows Firewall,Status: running,,,,,,False,M:\Forensics\TrainingImages\AliHadi\Challenge1\tout\M\Forensics\TrainingImages\AliHadi\Challenge1\s4a-challenge4\Windows\System32\winevt\logs\System.evtx,0x80000000000000,0,"{""EventData"":{""Data"":[{""@Name"":""param1"",""#text"":""Windows Firewall""},{""@Name"":""param2"",""#text"":""running""}]}}"
319,319,2015-08-23 21:16:35.0000000,7036,Info,Service Control Manager,System,0,0,WIN-L0ZZQ76PMUF,2,,Service started or stopped,,,Name: Workstation | Workstation,Status: running,,,,,,False,M:\Forensics\TrainingImages\AliHadi\Challenge1\tout\M\Forensics\TrainingImages\AliHadi\Challenge1\s4a-challenge4\Windows\System32\winevt\logs\System.evtx,0x80000000000000,0,"{""EventData"":{""Data"":[{""@Name"":""param1"",""#text"":""Workstation""},{""@Name"":""param2"",""#text"":""running""}]}}"
320,320,2015-08-23 21:16:35.0000000,7036,Info,Service Control Manager,System,0,0,WIN-L0ZZQ76PMUF,2,,Service started or stopped,,,Name: Security Accounts Manager | Security Accounts Manager,Status: running,,,,,,False,M:\Forensics\TrainingImages\AliHadi\Challenge1\tout\M\Forensics\TrainingImages\AliHadi\Challenge1\s4a-challenge4\Windows\System32\winevt\logs\System.evtx,0x80000000000000,0,"{""EventData"":{""Data"":[{""@Name"":""param1"",""#text"":""Security Accounts Manager""},{""@Name"":""param2"",""#text"":""running""}]}}"
321,321,2015-08-23 21:16:35.0000000,7036,Info,Service Control Manager,System,0,0,WIN-L0ZZQ76PMUF,2,,Service started or stopped,,,Name: Print Spooler | Print Spooler,Status: running,,,,,,False,M:\Forensics\TrainingImages\AliHadi\Challenge1\tout\M\Forensics\TrainingImages\AliHadi\Challenge1\s4a-challenge4\Windows\System32\winevt\logs\System.evtx,0x80000000000000,0,"{""EventData"":{""Data"":[{""@Name"":""param1"",""#text"":""Print Spooler""},{""@Name"":""param2"",""#text"":""running""}]}}"
322,322,2015-08-23 21:16:35.0000000,7036,Info,Service Control Manager,System,0,0,WIN-L0ZZQ76PMUF,2,,Service started or stopped,,,Name: Application Experience | Application Experience,Status: running,,,,,,False,M:\Forensics\TrainingImages\AliHadi\Challenge1\tout\M\Forensics\TrainingImages\AliHadi\Challenge1\s4a-challenge4\Windows\System32\winevt\logs\System.evtx,0x80000000000000,0,"{""EventData"":{""Data"":[{""@Name"":""param1"",""#text"":""Application Experience""},{""@Name"":""param2"",""#text"":""running""}]}}"
323,323,2015-08-23 21:16:35.0000000,7036,Info,Service Control Manager,System,0,0,WIN-L0ZZQ76PMUF,2,,Service started or stopped,,,Name: IKE and AuthIP IPsec Keying Modules | IKE and AuthIP IPsec Keying Modules,Status: running,,,,,,False,M:\Forensics\TrainingImages\AliHadi\Challenge1\tout\M\Forensics\TrainingImages\AliHadi\Challenge1\s4a-challenge4\Windows\System32\winevt\logs\System.evtx,0x80000000000000,0,"{""EventData"":{""Data"":[{""@Name"":""param1"",""#text"":""IKE and AuthIP IPsec Keying Modules""},{""@Name"":""param2"",""#text"":""running""}]}}"
324,324,2015-08-23 21:16:35.0000000,7036,Info,Service Control Manager,System,0,0,WIN-L0ZZQ76PMUF,2,,Service started or stopped,,,Name: Diagnostic Policy Service | Diagnostic Policy Service,Status: running,,,,,,False,M:\Forensics\TrainingImages\AliHadi\Challenge1\tout\M\Forensics\TrainingImages\AliHadi\Challenge1\s4a-challenge4\Windows\System32\winevt\logs\System.evtx,0x80000000000000,0,"{""EventData"":{""Data"":[{""@Name"":""param1"",""#text"":""Diagnostic Policy Service""},{""@Name"":""param2"",""#text"":""running""}]}}"
325,325,2015-08-23 21:16:35.0000000,7036,Info,Service Control Manager,System,0,0,WIN-L0ZZQ76PMUF,2,,Service started or stopped,,,Name: Remote Registry | Remote Registry,Status: running,,,,,,False,M:\Forensics\TrainingImages\AliHadi\Challenge1\tout\M\Forensics\TrainingImages\AliHadi\Challenge1\s4a-challenge4\Windows\System32\winevt\logs\System.evtx,0x80000000000000,0,"{""EventData"":{""Data"":[{""@Name"":""param1"",""#text"":""Remote Registry""},{""@Name"":""param2"",""#text"":""running""}]}}"
326,326,2015-08-23 21:16:35.0000000,7036,Info,Service Control Manager,System,0,0,WIN-L0ZZQ76PMUF,2,,Service started or stopped,,,Name: Secondary Logon | Secondary Logon,Status: running,,,,,,False,M:\Forensics\TrainingImages\AliHadi\Challenge1\tout\M\Forensics\TrainingImages\AliHadi\Challenge1\s4a-challenge4\Windows\System32\winevt\logs\System.evtx,0x80000000000000,0,"{""EventData"":{""Data"":[{""@Name"":""param1"",""#text"":""Secondary Logon""},{""@Name"":""param2"",""#text"":""running""}]}}"
327,327,2015-08-23 21:16:35.0000000,7036,Info,Service Control Manager,System,0,0,WIN-L0ZZQ76PMUF,2,,Service started or stopped,,,Name: Distributed Link Tracking Client | Distributed Link Tracking Client,Status: running,,,,,,False,M:\Forensics\TrainingImages\AliHadi\Challenge1\tout\M\Forensics\TrainingImages\AliHadi\Challenge1\s4a-challenge4\Windows\System32\winevt\logs\System.evtx,0x80000000000000,0,"{""EventData"":{""Data"":[{""@Name"":""param1"",""#text"":""Distributed Link Tracking Client""},{""@Name"":""param2"",""#text"":""running""}]}}"
328,328,2015-08-23 21:16:35.0000000,7036,Info,Service Control Manager,System,0,0,WIN-L0ZZQ76PMUF,2,,Service started or stopped,,,Name: Windows Time | Windows Time,Status: running,,,,,,False,M:\Forensics\TrainingImages\AliHadi\Challenge1\tout\M\Forensics\TrainingImages\AliHadi\Challenge1\s4a-challenge4\Windows\System32\winevt\logs\System.evtx,0x80000000000000,0,"{""EventData"":{""Data"":[{""@Name"":""param1"",""#text"":""Windows Time""},{""@Name"":""param2"",""#text"":""running""}]}}"
329,329,2015-08-23 21:16:35.0000000,7036,Info,Service Control Manager,System,0,0,WIN-L0ZZQ76PMUF,2,,Service started or stopped,,,Name: IPsec Policy Agent | IPsec Policy Agent,Status: running,,,,,,False,M:\Forensics\TrainingImages\AliHadi\Challenge1\tout\M\Forensics\TrainingImages\AliHadi\Challenge1\s4a-challenge4\Windows\System32\winevt\logs\System.evtx,0x80000000000000,0,"{""EventData"":{""Data"":[{""@Name"":""param1"",""#text"":""IPsec Policy Agent""},{""@Name"":""param2"",""#text"":""running""}]}}"
330,330,2015-08-23 21:16:35.0000000,7036,Info,Service Control Manager,System,0,0,WIN-L0ZZQ76PMUF,2,,Service started or stopped,,,Name: Windows Error Reporting Service | Windows Error Reporting Service,Status: running,,,,,,False,M:\Forensics\TrainingImages\AliHadi\Challenge1\tout\M\Forensics\TrainingImages\AliHadi\Challenge1\s4a-challenge4\Windows\System32\winevt\logs\System.evtx,0x80000000000000,0,"{""EventData"":{""Data"":[{""@Name"":""param1"",""#text"":""Windows Error Reporting Service""},{""@Name"":""param2"",""#text"":""running""}]}}"
331,331,2015-08-23 21:16:35.0000000,7036,Info,Service Control Manager,System,0,0,WIN-L0ZZQ76PMUF,2,,Service started or stopped,,,Name: Cryptographic Services | Cryptographic Services,Status: running,,,,,,False,M:\Forensics\TrainingImages\AliHadi\Challenge1\tout\M\Forensics\TrainingImages\AliHadi\Challenge1\s4a-challenge4\Windows\System32\winevt\logs\System.evtx,0x80000000000000,0,"{""EventData"":{""Data"":[{""@Name"":""param1"",""#text"":""Cryptographic Services""},{""@Name"":""param2"",""#text"":""running""}]}}"
332,332,2015-08-23 21:16:35.0000000,7036,Info,Service Control Manager,System,0,0,WIN-L0ZZQ76PMUF,2,,Service started or stopped,,,Name: Terminal Services | Terminal Services,Status: running,,,,,,False,M:\Forensics\TrainingImages\AliHadi\Challenge1\tout\M\Forensics\TrainingImages\AliHadi\Challenge1\s4a-challenge4\Windows\System32\winevt\logs\System.evtx,0x80000000000000,0,"{""EventData"":{""Data"":[{""@Name"":""param1"",""#text"":""Terminal Services""},{""@Name"":""param2"",""#text"":""running""}]}}"
333,333,2015-08-23 21:16:35.0000000,7036,Info,Service Control Manager,System,0,0,WIN-L0ZZQ76PMUF,2,,Service started or stopped,,,Name: Network Location Awareness | Network Location Awareness,Status: running,,,,,,False,M:\Forensics\TrainingImages\AliHadi\Challenge1\tout\M\Forensics\TrainingImages\AliHadi\Challenge1\s4a-challenge4\Windows\System32\winevt\logs\System.evtx,0x80000000000000,0,"{""EventData"":{""Data"":[{""@Name"":""param1"",""#text"":""Network Location Awareness""},{""@Name"":""param2"",""#text"":""running""}]}}"
334,334,2015-08-23 21:16:35.0000000,7036,Info,Service Control Manager,System,0,0,WIN-L0ZZQ76PMUF,2,,Service started or stopped,,,Name: Windows Management Instrumentation | Windows Management Instrumentation,Status: running,,,,,,False,M:\Forensics\TrainingImages\AliHadi\Challenge1\tout\M\Forensics\TrainingImages\AliHadi\Challenge1\s4a-challenge4\Windows\System32\winevt\logs\System.evtx,0x80000000000000,0,"{""EventData"":{""Data"":[{""@Name"":""param1"",""#text"":""Windows Management Instrumentation""},{""@Name"":""param2"",""#text"":""running""}]}}"
335,335,2015-08-23 21:16:35.0000000,7036,Info,Service Control Manager,System,0,0,WIN-L0ZZQ76PMUF,2,,Service started or stopped,,,Name: Network List Service | Network List Service,Status: running,,,,,,False,M:\Forensics\TrainingImages\AliHadi\Challenge1\tout\M\Forensics\TrainingImages\AliHadi\Challenge1\s4a-challenge4\Windows\System32\winevt\logs\System.evtx,0x80000000000000,0,"{""EventData"":{""Data"":[{""@Name"":""param1"",""#text"":""Network List Service""},{""@Name"":""param2"",""#text"":""running""}]}}"
336,336,2015-08-23 21:16:35.0000000,7036,Info,Service Control Manager,System,0,0,WIN-L0ZZQ76PMUF,2,,Service started or stopped,,,Name: IP Helper | IP Helper,Status: running,,,,,,False,M:\Forensics\TrainingImages\AliHadi\Challenge1\tout\M\Forensics\TrainingImages\AliHadi\Challenge1\s4a-challenge4\Windows\System32\winevt\logs\System.evtx,0x80000000000000,0,"{""EventData"":{""Data"":[{""@Name"":""param1"",""#text"":""IP Helper""},{""@Name"":""param2"",""#text"":""running""}]}}"
337,337,2015-08-23 21:16:35.0000000,7036,Info,Service Control Manager,System,0,0,WIN-L0ZZQ76PMUF,2,,Service started or stopped,,,Name: Server | Server,Status: running,,,,,,False,M:\Forensics\TrainingImages\AliHadi\Challenge1\tout\M\Forensics\TrainingImages\AliHadi\Challenge1\s4a-challenge4\Windows\System32\winevt\logs\System.evtx,0x80000000000000,0,"{""EventData"":{""Data"":[{""@Name"":""param1"",""#text"":""Server""},{""@Name"":""param2"",""#text"":""running""}]}}"
338,338,2015-08-23 21:17:10.0000000,7036,Info,Service Control Manager,System,0,0,WIN-L0ZZQ76PMUF,2,,Service started or stopped,,,Name: Background Intelligent Transfer Service | Background Intelligent Transfer Service,Status: running,,,,,,False,M:\Forensics\TrainingImages\AliHadi\Challenge1\tout\M\Forensics\TrainingImages\AliHadi\Challenge1\s4a-challenge4\Windows\System32\winevt\logs\System.evtx,0x80000000000000,0,"{""EventData"":{""Data"":[{""@Name"":""param1"",""#text"":""Background Intelligent Transfer Service""},{""@Name"":""param2"",""#text"":""running""}]}}"
339,339,2015-08-23 21:17:11.0000000,7036,Info,Service Control Manager,System,0,0,WIN-L0ZZQ76PMUF,2,,Service started or stopped,,,Name: KtmRm for Distributed Transaction Coordinator | KtmRm for Distributed Transaction Coordinator,Status: running,,,,,,False,M:\Forensics\TrainingImages\AliHadi\Challenge1\tout\M\Forensics\TrainingImages\AliHadi\Challenge1\s4a-challenge4\Windows\System32\winevt\logs\System.evtx,0x80000000000000,0,"{""EventData"":{""Data"":[{""@Name"":""param1"",""#text"":""KtmRm for Distributed Transaction Coordinator""},{""@Name"":""param2"",""#text"":""running""}]}}"
340,340,2015-08-23 21:17:13.0000000,7036,Info,Service Control Manager,System,0,0,WIN-L0ZZQ76PMUF,2,,Service started or stopped,,,Name: Distributed Transaction Coordinator | Distributed Transaction Coordinator,Status: running,,,,,,False,M:\Forensics\TrainingImages\AliHadi\Challenge1\tout\M\Forensics\TrainingImages\AliHadi\Challenge1\s4a-challenge4\Windows\System32\winevt\logs\System.evtx,0x80000000000000,0,"{""EventData"":{""Data"":[{""@Name"":""param1"",""#text"":""Distributed Transaction Coordinator""},{""@Name"":""param2"",""#text"":""running""}]}}"
341,341,2015-08-23 21:17:13.0000000,7036,Info,Service Control Manager,System,0,0,WIN-L0ZZQ76PMUF,2,,Service started or stopped,,,Name: TPM Base Services | TPM Base Services,Status: stopped,,,,,,False,M:\Forensics\TrainingImages\AliHadi\Challenge1\tout\M\Forensics\TrainingImages\AliHadi\Challenge1\s4a-challenge4\Windows\System32\winevt\logs\System.evtx,0x80000000000000,0,"{""EventData"":{""Data"":[{""@Name"":""param1"",""#text"":""TPM Base Services""},{""@Name"":""param2"",""#text"":""stopped""}]}}"
342,342,2015-08-23 21:17:13.0000000,7036,Info,Service Control Manager,System,0,0,WIN-L0ZZQ76PMUF,2,,Service started or stopped,,,Name: Windows Remote Management (WS-Management) | Windows Remote Management (WS-Management),Status: running,,,,,,False,M:\Forensics\TrainingImages\AliHadi\Challenge1\tout\M\Forensics\TrainingImages\AliHadi\Challenge1\s4a-challenge4\Windows\System32\winevt\logs\System.evtx,0x80000000000000,0,"{""EventData"":{""Data"":[{""@Name"":""param1"",""#text"":""Windows Remote Management (WS-Management)""},{""@Name"":""param2"",""#text"":""running""}]}}"
343,343,2015-08-23 21:17:14.0000000,7036,Info,Service Control Manager,System,0,0,WIN-L0ZZQ76PMUF,2,,Service started or stopped,,,Name: Windows Update | Windows Update,Status: running,,,,,,False,M:\Forensics\TrainingImages\AliHadi\Challenge1\tout\M\Forensics\TrainingImages\AliHadi\Challenge1\s4a-challenge4\Windows\System32\winevt\logs\System.evtx,0x80000000000000,0,"{""EventData"":{""Data"":[{""@Name"":""param1"",""#text"":""Windows Update""},{""@Name"":""param2"",""#text"":""running""}]}}"
344,344,2015-08-23 21:17:13.0318750,537,Info,Microsoft-Windows-TBS,System,1104,1092,WIN-L0ZZQ76PMUF,2,S-1-5-19,,,,,,,,,,,False,M:\Forensics\TrainingImages\AliHadi\Challenge1\tout\M\Forensics\TrainingImages\AliHadi\Challenge1\s4a-challenge4\Windows\System32\winevt\logs\System.evtx,Classic,0,"{""EventData"":""""}"
345,345,2015-08-23 21:17:37.0000000,7036,Info,Service Control Manager,System,0,0,WIN-L0ZZQ76PMUF,2,,Service started or stopped,,,Name: WinHTTP Web Proxy Auto-Discovery Service | WinHTTP Web Proxy Auto-Discovery Service,Status: running,,,,,,False,M:\Forensics\TrainingImages\AliHadi\Challenge1\tout\M\Forensics\TrainingImages\AliHadi\Challenge1\s4a-challenge4\Windows\System32\winevt\logs\System.evtx,0x80000000000000,0,"{""EventData"":{""Data"":[{""@Name"":""param1"",""#text"":""WinHTTP Web Proxy Auto-Discovery Service""},{""@Name"":""param2"",""#text"":""running""}]}}"
346,346,2015-08-23 21:17:45.0000000,10029,Info,Microsoft-Windows-DistributedCOM,System,0,0,WIN-L0ZZQ76PMUF,2,,,,,,,,,,,,False,M:\Forensics\TrainingImages\AliHadi\Challenge1\tout\M\Forensics\TrainingImages\AliHadi\Challenge1\s4a-challenge4\Windows\System32\winevt\logs\System.evtx,0x80000000000000,0,"{""EventData"":{""Data"":[{""@Name"":""param1"",""#text"":""netman""},{""@Name"":""param2""},{""@Name"":""param3"",""#text"":""{BA126AD1-2166-11D1-B1D0-00805FC1270E}""}]}}"
347,347,2015-08-23 21:17:45.0000000,7036,Info,Service Control Manager,System,0,0,WIN-L0ZZQ76PMUF,2,,Service started or stopped,,,Name: Network Connections | Network Connections,Status: running,,,,,,False,M:\Forensics\TrainingImages\AliHadi\Challenge1\tout\M\Forensics\TrainingImages\AliHadi\Challenge1\s4a-challenge4\Windows\System32\winevt\logs\System.evtx,0x80000000000000,0,"{""EventData"":{""Data"":[{""@Name"":""param1"",""#text"":""Network Connections""},{""@Name"":""param2"",""#text"":""running""}]}}"
348,348,2015-08-23 21:18:06.0000000,10029,Info,Microsoft-Windows-DistributedCOM,System,0,0,WIN-L0ZZQ76PMUF,2,,,,,,,,,,,,False,M:\Forensics\TrainingImages\AliHadi\Challenge1\tout\M\Forensics\TrainingImages\AliHadi\Challenge1\s4a-challenge4\Windows\System32\winevt\logs\System.evtx,0x80000000000000,0,"{""EventData"":{""Data"":[{""@Name"":""param1"",""#text"":""TrustedInstaller""},{""@Name"":""param2""},{""@Name"":""param3"",""#text"":""{752073A1-23F2-4396-85F0-8FDB879ED0ED}""}]}}"
349,349,2015-08-23 21:18:10.0000000,7036,Info,Service Control Manager,System,0,0,WIN-L0ZZQ76PMUF,2,,Service started or stopped,,,Name: Windows Modules Installer | Windows Modules Installer,Status: running,,,,,,False,M:\Forensics\TrainingImages\AliHadi\Challenge1\tout\M\Forensics\TrainingImages\AliHadi\Challenge1\s4a-challenge4\Windows\System32\winevt\logs\System.evtx,0x80000000000000,0,"{""EventData"":{""Data"":[{""@Name"":""param1"",""#text"":""Windows Modules Installer""},{""@Name"":""param2"",""#text"":""running""}]}}"
350,350,2015-08-23 21:25:08.0000000,7036,Info,Service Control Manager,System,0,0,WIN-L0ZZQ76PMUF,2,,Service started or stopped,,,Name: Diagnostic System Host | Diagnostic System Host,Status: running,,,,,,False,M:\Forensics\TrainingImages\AliHadi\Challenge1\tout\M\Forensics\TrainingImages\AliHadi\Challenge1\s4a-challenge4\Windows\System32\winevt\logs\System.evtx,0x80000000000000,0,"{""EventData"":{""Data"":[{""@Name"":""param1"",""#text"":""Diagnostic System Host""},{""@Name"":""param2"",""#text"":""running""}]}}"
351,351,2015-08-23 21:25:27.0000000,4371,Info,Microsoft-Windows-Servicing,System,0,0,WIN-L0ZZQ76PMUF,2,S-1-5-21-3848053756-3249532031-1848221756-500,,,,,,,,,,,False,M:\Forensics\TrainingImages\AliHadi\Challenge1\tout\M\Forensics\TrainingImages\AliHadi\Challenge1\s4a-challenge4\Windows\System32\winevt\logs\System.evtx,0x80000000000000,0,"{""UserData"":{""CbsPackageInitiateChanges"":{""PackageIdentifier"":""Windows Foundation"",""ReleaseType"":""Foundation"",""InitialPackageState"":""Installed"",""IntendedPackageState"":""Installed"",""PackageAssembly"":""Microsoft-Windows-Foundation-Package~31bf3856ad364e35~x86~~6.0.6001.18000"",""Client"":""RMT"",""SupportInformation"":""http://support.microsoft.com""}}}"
352,352,2015-08-23 21:25:27.0000000,4371,Info,Microsoft-Windows-Servicing,System,0,0,WIN-L0ZZQ76PMUF,2,S-1-5-21-3848053756-3249532031-1848221756-500,,,,,,,,,,,False,M:\Forensics\TrainingImages\AliHadi\Challenge1\tout\M\Forensics\TrainingImages\AliHadi\Challenge1\s4a-challenge4\Windows\System32\winevt\logs\System.evtx,0x80000000000000,0,"{""UserData"":{""CbsPackageInitiateChanges"":{""PackageIdentifier"":""Server-Features"",""ReleaseType"":""Feature Pack"",""InitialPackageState"":""Installed"",""IntendedPackageState"":""Installed"",""PackageAssembly"":""Microsoft-Windows-Server-Features-Package~31bf3856ad364e35~x86~~6.0.6001.18000"",""Client"":""RMT"",""SupportInformation"":""""}}}"
353,353,2015-08-23 21:25:27.0000000,4371,Info,Microsoft-Windows-Servicing,System,0,0,WIN-L0ZZQ76PMUF,2,S-1-5-21-3848053756-3249532031-1848221756-500,,,,,,,,,,,False,M:\Forensics\TrainingImages\AliHadi\Challenge1\tout\M\Forensics\TrainingImages\AliHadi\Challenge1\s4a-challenge4\Windows\System32\winevt\logs\System.evtx,0x80000000000000,0,"{""UserData"":{""CbsPackageInitiateChanges"":{""PackageIdentifier"":""HelpCustomization"",""ReleaseType"":""Feature Pack"",""InitialPackageState"":""Installed"",""IntendedPackageState"":""Installed"",""PackageAssembly"":""Microsoft-Windows-Help-Customization-Package~31bf3856ad364e35~x86~~6.0.6001.18000"",""Client"":""RMT"",""SupportInformation"":""""}}}"
354,354,2015-08-23 21:25:27.0000000,4371,Info,Microsoft-Windows-Servicing,System,0,0,WIN-L0ZZQ76PMUF,2,S-1-5-21-3848053756-3249532031-1848221756-500,,,,,,,,,,,False,M:\Forensics\TrainingImages\AliHadi\Challenge1\tout\M\Forensics\TrainingImages\AliHadi\Challenge1\s4a-challenge4\Windows\System32\winevt\logs\System.evtx,0x80000000000000,0,"{""UserData"":{""CbsPackageInitiateChanges"":{""PackageIdentifier"":""HelpCustomization_en-US"",""ReleaseType"":""Language Pack"",""InitialPackageState"":""Installed"",""IntendedPackageState"":""Installed"",""PackageAssembly"":""Microsoft-Windows-Help-Customization-Package~31bf3856ad364e35~x86~en-US~6.0.6001.18000"",""Client"":""RMT"",""SupportInformation"":""""}}}"
355,355,2015-08-23 21:25:27.0000000,4371,Info,Microsoft-Windows-Servicing,System,0,0,WIN-L0ZZQ76PMUF,2,S-1-5-21-3848053756-3249532031-1848221756-500,,,,,,,,,,,False,M:\Forensics\TrainingImages\AliHadi\Challenge1\tout\M\Forensics\TrainingImages\AliHadi\Challenge1\s4a-challenge4\Windows\System32\winevt\logs\System.evtx,0x80000000000000,0,"{""UserData"":{""CbsPackageInitiateChanges"":{""PackageIdentifier"":""Microsoft-Windows-Printing-Server-Features-Package"",""ReleaseType"":""Feature Pack"",""InitialPackageState"":""Installed"",""IntendedPackageState"":""Installed"",""PackageAssembly"":""Microsoft-Windows-Printing-Server-Features-Package~31bf3856ad364e35~x86~~6.0.6001.18000"",""Client"":""RMT"",""SupportInformation"":""http://support.microsoft.com""}}}"
356,356,2015-08-23 21:25:28.0000000,4371,Info,Microsoft-Windows-Servicing,System,0,0,WIN-L0ZZQ76PMUF,2,S-1-5-21-3848053756-3249532031-1848221756-500,,,,,,,,,,,False,M:\Forensics\TrainingImages\AliHadi\Challenge1\tout\M\Forensics\TrainingImages\AliHadi\Challenge1\s4a-challenge4\Windows\System32\winevt\logs\System.evtx,0x80000000000000,0,"{""UserData"":{""CbsPackageInitiateChanges"":{""PackageIdentifier"":""Microsoft-Windows-Printing-Server-Features-Package_en-US"",""ReleaseType"":""Language Pack"",""InitialPackageState"":""Installed"",""IntendedPackageState"":""Installed"",""PackageAssembly"":""Microsoft-Windows-Printing-Server-Features-Package~31bf3856ad364e35~x86~en-US~6.0.6001.18000"",""Client"":""RMT"",""SupportInformation"":""http://support.microsoft.com""}}}"
357,357,2015-08-23 21:25:28.0000000,4371,Info,Microsoft-Windows-Servicing,System,0,0,WIN-L0ZZQ76PMUF,2,S-1-5-21-3848053756-3249532031-1848221756-500,,,,,,,,,,,False,M:\Forensics\TrainingImages\AliHadi\Challenge1\tout\M\Forensics\TrainingImages\AliHadi\Challenge1\s4a-challenge4\Windows\System32\winevt\logs\System.evtx,0x80000000000000,0,"{""UserData"":{""CbsPackageInitiateChanges"":{""PackageIdentifier"":""BitLocker"",""ReleaseType"":""Feature Pack"",""InitialPackageState"":""Installed"",""IntendedPackageState"":""Installed"",""PackageAssembly"":""Microsoft-Windows-SecureStartup-OC-Package~31bf3856ad364e35~x86~~6.0.6001.18000"",""Client"":""RMT"",""SupportInformation"":""""}}}"
358,358,2015-08-23 21:25:28.0000000,4371,Info,Microsoft-Windows-Servicing,System,0,0,WIN-L0ZZQ76PMUF,2,S-1-5-21-3848053756-3249532031-1848221756-500,,,,,,,,,,,False,M:\Forensics\TrainingImages\AliHadi\Challenge1\tout\M\Forensics\TrainingImages\AliHadi\Challenge1\s4a-challenge4\Windows\System32\winevt\logs\System.evtx,0x80000000000000,0,"{""UserData"":{""CbsPackageInitiateChanges"":{""PackageIdentifier"":""BitLocker_en-US"",""ReleaseType"":""Language Pack"",""InitialPackageState"":""Installed"",""IntendedPackageState"":""Installed"",""PackageAssembly"":""Microsoft-Windows-SecureStartup-OC-Package~31bf3856ad364e35~x86~en-US~6.0.6001.18000"",""Client"":""RMT"",""SupportInformation"":""""}}}"
359,359,2015-08-23 21:25:28.0000000,4371,Info,Microsoft-Windows-Servicing,System,0,0,WIN-L0ZZQ76PMUF,2,S-1-5-21-3848053756-3249532031-1848221756-500,,,,,,,,,,,False,M:\Forensics\TrainingImages\AliHadi\Challenge1\tout\M\Forensics\TrainingImages\AliHadi\Challenge1\s4a-challenge4\Windows\System32\winevt\logs\System.evtx,0x80000000000000,0,"{""UserData"":{""CbsPackageInitiateChanges"":{""PackageIdentifier"":""Microsoft-Windows-SimpleTCP-Package"",""ReleaseType"":""Feature Pack"",""InitialPackageState"":""Installed"",""IntendedPackageState"":""Installed"",""PackageAssembly"":""Microsoft-Windows-SimpleTCP-Package~31bf3856ad364e35~x86~~6.0.6001.18000"",""Client"":""RMT"",""SupportInformation"":""http://support.microsoft.com""}}}"
360,360,2015-08-23 21:25:28.0000000,4371,Info,Microsoft-Windows-Servicing,System,0,0,WIN-L0ZZQ76PMUF,2,S-1-5-21-3848053756-3249532031-1848221756-500,,,,,,,,,,,False,M:\Forensics\TrainingImages\AliHadi\Challenge1\tout\M\Forensics\TrainingImages\AliHadi\Challenge1\s4a-challenge4\Windows\System32\winevt\logs\System.evtx,0x80000000000000,0,"{""UserData"":{""CbsPackageInitiateChanges"":{""PackageIdentifier"":""Microsoft-Windows-SimpleTCP-Package_en-US"",""ReleaseType"":""Language Pack"",""InitialPackageState"":""Installed"",""IntendedPackageState"":""Installed"",""PackageAssembly"":""Microsoft-Windows-SimpleTCP-Package~31bf3856ad364e35~x86~en-US~6.0.6001.18000"",""Client"":""RMT"",""SupportInformation"":""http://support.microsoft.com""}}}"
361,361,2015-08-23 21:25:28.0000000,4371,Info,Microsoft-Windows-Servicing,System,0,0,WIN-L0ZZQ76PMUF,2,S-1-5-21-3848053756-3249532031-1848221756-500,,,,,,,,,,,False,M:\Forensics\TrainingImages\AliHadi\Challenge1\tout\M\Forensics\TrainingImages\AliHadi\Challenge1\s4a-challenge4\Windows\System32\winevt\logs\System.evtx,0x80000000000000,0,"{""UserData"":{""CbsPackageInitiateChanges"":{""PackageIdentifier"":""SNMP-Package"",""ReleaseType"":""Feature Pack"",""InitialPackageState"":""Installed"",""IntendedPackageState"":""Installed"",""PackageAssembly"":""Microsoft-Windows-SNMP-Package~31bf3856ad364e35~x86~~6.0.6001.18000"",""Client"":""RMT"",""SupportInformation"":""""}}}"
362,362,2015-08-23 21:25:28.0000000,4371,Info,Microsoft-Windows-Servicing,System,0,0,WIN-L0ZZQ76PMUF,2,S-1-5-21-3848053756-3249532031-1848221756-500,,,,,,,,,,,False,M:\Forensics\TrainingImages\AliHadi\Challenge1\tout\M\Forensics\TrainingImages\AliHadi\Challenge1\s4a-challenge4\Windows\System32\winevt\logs\System.evtx,0x80000000000000,0,"{""UserData"":{""CbsPackageInitiateChanges"":{""PackageIdentifier"":""SNMP-Package_en-US"",""ReleaseType"":""Language Pack"",""InitialPackageState"":""Installed"",""IntendedPackageState"":""Installed"",""PackageAssembly"":""Microsoft-Windows-SNMP-Package~31bf3856ad364e35~x86~en-US~6.0.6001.18000"",""Client"":""RMT"",""SupportInformation"":""""}}}"
363,363,2015-08-23 21:25:28.0000000,4371,Info,Microsoft-Windows-Servicing,System,0,0,WIN-L0ZZQ76PMUF,2,S-1-5-21-3848053756-3249532031-1848221756-500,,,,,,,,,,,False,M:\Forensics\TrainingImages\AliHadi\Challenge1\tout\M\Forensics\TrainingImages\AliHadi\Challenge1\s4a-challenge4\Windows\System32\winevt\logs\System.evtx,0x80000000000000,0,"{""UserData"":{""CbsPackageInitiateChanges"":{""PackageIdentifier"":""WMI-SNMP-Provider-Package"",""ReleaseType"":""Feature Pack"",""InitialPackageState"":""Installed"",""IntendedPackageState"":""Installed"",""PackageAssembly"":""Microsoft-Windows-WMI-SNMP-Provider-Package~31bf3856ad364e35~x86~~6.0.6001.18000"",""Client"":""RMT"",""SupportInformation"":""""}}}"
364,364,2015-08-23 21:25:28.0000000,4371,Info,Microsoft-Windows-Servicing,System,0,0,WIN-L0ZZQ76PMUF,2,S-1-5-21-3848053756-3249532031-1848221756-500,,,,,,,,,,,False,M:\Forensics\TrainingImages\AliHadi\Challenge1\tout\M\Forensics\TrainingImages\AliHadi\Challenge1\s4a-challenge4\Windows\System32\winevt\logs\System.evtx,0x80000000000000,0,"{""UserData"":{""CbsPackageInitiateChanges"":{""PackageIdentifier"":""WMI-SNMP-Provider-Package_en-US"",""ReleaseType"":""Language Pack"",""InitialPackageState"":""Installed"",""IntendedPackageState"":""Installed"",""PackageAssembly"":""Microsoft-Windows-WMI-SNMP-Provider-Package~31bf3856ad364e35~x86~en-US~6.0.6001.18000"",""Client"":""RMT"",""SupportInformation"":""""}}}"
365,365,2015-08-23 21:25:28.0000000,4371,Info,Microsoft-Windows-Servicing,System,0,0,WIN-L0ZZQ76PMUF,2,S-1-5-21-3848053756-3249532031-1848221756-500,,,,,,,,,,,False,M:\Forensics\TrainingImages\AliHadi\Challenge1\tout\M\Forensics\TrainingImages\AliHadi\Challenge1\s4a-challenge4\Windows\System32\winevt\logs\System.evtx,0x80000000000000,0,"{""UserData"":{""CbsPackageInitiateChanges"":{""PackageIdentifier"":""OfflineFiles-Package"",""ReleaseType"":""Feature Pack"",""InitialPackageState"":""Installed"",""IntendedPackageState"":""Installed"",""PackageAssembly"":""Microsoft-Windows-OfflineFiles-Package~31bf3856ad364e35~x86~~6.0.6001.18000"",""Client"":""RMT"",""SupportInformation"":""http://support.microsoft.com""}}}"
366,366,2015-08-23 21:25:28.0000000,4371,Info,Microsoft-Windows-Servicing,System,0,0,WIN-L0ZZQ76PMUF,2,S-1-5-21-3848053756-3249532031-1848221756-500,,,,,,,,,,,False,M:\Forensics\TrainingImages\AliHadi\Challenge1\tout\M\Forensics\TrainingImages\AliHadi\Challenge1\s4a-challenge4\Windows\System32\winevt\logs\System.evtx,0x80000000000000,0,"{""UserData"":{""CbsPackageInitiateChanges"":{""PackageIdentifier"":""OfflineFiles-Package_en-US"",""ReleaseType"":""Language Pack"",""InitialPackageState"":""Installed"",""IntendedPackageState"":""Installed"",""PackageAssembly"":""Microsoft-Windows-OfflineFiles-Package~31bf3856ad364e35~x86~en-US~6.0.6001.18000"",""Client"":""RMT"",""SupportInformation"":""http://support.microsoft.com""}}}"
367,367,2015-08-23 21:25:28.0000000,4371,Info,Microsoft-Windows-Servicing,System,0,0,WIN-L0ZZQ76PMUF,2,S-1-5-21-3848053756-3249532031-1848221756-500,,,,,,,,,,,False,M:\Forensics\TrainingImages\AliHadi\Challenge1\tout\M\Forensics\TrainingImages\AliHadi\Challenge1\s4a-challenge4\Windows\System32\winevt\logs\System.evtx,0x80000000000000,0,"{""UserData"":{""CbsPackageInitiateChanges"":{""PackageIdentifier"":""EAPHost-Authenticator"",""ReleaseType"":""Feature Pack"",""InitialPackageState"":""Installed"",""IntendedPackageState"":""Installed"",""PackageAssembly"":""Microsoft-Windows-Extensible-Authentication-Protocol-Host-Authenticator-Package~31bf3856ad364e35~x86~~6.0.6001.18000"",""Client"":""RMT"",""SupportInformation"":""""}}}"
368,368,2015-08-23 21:25:28.0000000,4371,Info,Microsoft-Windows-Servicing,System,0,0,WIN-L0ZZQ76PMUF,2,S-1-5-21-3848053756-3249532031-1848221756-500,,,,,,,,,,,False,M:\Forensics\TrainingImages\AliHadi\Challenge1\tout\M\Forensics\TrainingImages\AliHadi\Challenge1\s4a-challenge4\Windows\System32\winevt\logs\System.evtx,0x80000000000000,0,"{""UserData"":{""CbsPackageInitiateChanges"":{""PackageIdentifier"":""EAPHost-Authenticator_en-US"",""ReleaseType"":""Language Pack"",""InitialPackageState"":""Installed"",""IntendedPackageState"":""Installed"",""PackageAssembly"":""Microsoft-Windows-Extensible-Authentication-Protocol-Host-Authenticator-Package~31bf3856ad364e35~x86~en-US~6.0.6001.18000"",""Client"":""RMT"",""SupportInformation"":""""}}}"
369,369,2015-08-23 21:25:28.0000000,4371,Info,Microsoft-Windows-Servicing,System,0,0,WIN-L0ZZQ76PMUF,2,S-1-5-21-3848053756-3249532031-1848221756-500,,,,,,,,,,,False,M:\Forensics\TrainingImages\AliHadi\Challenge1\tout\M\Forensics\TrainingImages\AliHadi\Challenge1\s4a-challenge4\Windows\System32\winevt\logs\System.evtx,0x80000000000000,0,"{""UserData"":{""CbsPackageInitiateChanges"":{""PackageIdentifier"":""International-Core-Locale-NLS-Server2008"",""ReleaseType"":""Feature Pack"",""InitialPackageState"":""Installed"",""IntendedPackageState"":""Installed"",""PackageAssembly"":""Microsoft-Windows-International-Core-Locale-NLS-Server2008-Package~31bf3856ad364e35~x86~~6.0.6001.18000"",""Client"":""RMT"",""SupportInformation"":""""}}}"
370,370,2015-08-23 21:25:28.0000000,4371,Info,Microsoft-Windows-Servicing,System,0,0,WIN-L0ZZQ76PMUF,2,S-1-5-21-3848053756-3249532031-1848221756-500,,,,,,,,,,,False,M:\Forensics\TrainingImages\AliHadi\Challenge1\tout\M\Forensics\TrainingImages\AliHadi\Challenge1\s4a-challenge4\Windows\System32\winevt\logs\System.evtx,0x80000000000000,0,"{""UserData"":{""CbsPackageInitiateChanges"":{""PackageIdentifier"":""Language Pack"",""ReleaseType"":""Language Pack"",""InitialPackageState"":""Installed"",""IntendedPackageState"":""Installed"",""PackageAssembly"":""Microsoft-Windows-Server-Features-Package~31bf3856ad364e35~x86~en-US~6.0.6001.18000"",""Client"":""RMT"",""SupportInformation"":""""}}}"
371,371,2015-08-23 21:25:28.0000000,4371,Info,Microsoft-Windows-Servicing,System,0,0,WIN-L0ZZQ76PMUF,2,S-1-5-21-3848053756-3249532031-1848221756-500,,,,,,,,,,,False,M:\Forensics\TrainingImages\AliHadi\Challenge1\tout\M\Forensics\TrainingImages\AliHadi\Challenge1\s4a-challenge4\Windows\System32\winevt\logs\System.evtx,0x80000000000000,0,"{""UserData"":{""CbsPackageInitiateChanges"":{""PackageIdentifier"":""HelpCustomization"",""ReleaseType"":""Feature Pack"",""InitialPackageState"":""Installed"",""IntendedPackageState"":""Installed"",""PackageAssembly"":""Microsoft-Windows-Help-Customization-Package~31bf3856ad364e35~x86~~6.0.6001.18000"",""Client"":""RMT"",""SupportInformation"":""""}}}"
372,372,2015-08-23 21:25:28.0000000,4371,Info,Microsoft-Windows-Servicing,System,0,0,WIN-L0ZZQ76PMUF,2,S-1-5-21-3848053756-3249532031-1848221756-500,,,,,,,,,,,False,M:\Forensics\TrainingImages\AliHadi\Challenge1\tout\M\Forensics\TrainingImages\AliHadi\Challenge1\s4a-challenge4\Windows\System32\winevt\logs\System.evtx,0x80000000000000,0,"{""UserData"":{""CbsPackageInitiateChanges"":{""PackageIdentifier"":""HelpCustomization_en-US"",""ReleaseType"":""Language Pack"",""InitialPackageState"":""Installed"",""IntendedPackageState"":""Installed"",""PackageAssembly"":""Microsoft-Windows-Help-Customization-Package~31bf3856ad364e35~x86~en-US~6.0.6001.18000"",""Client"":""RMT"",""SupportInformation"":""""}}}"
373,373,2015-08-23 21:25:28.0000000,4371,Info,Microsoft-Windows-Servicing,System,0,0,WIN-L0ZZQ76PMUF,2,S-1-5-21-3848053756-3249532031-1848221756-500,,,,,,,,,,,False,M:\Forensics\TrainingImages\AliHadi\Challenge1\tout\M\Forensics\TrainingImages\AliHadi\Challenge1\s4a-challenge4\Windows\System32\winevt\logs\System.evtx,0x80000000000000,0,"{""UserData"":{""CbsPackageInitiateChanges"":{""PackageIdentifier"":""Microsoft-Windows-Printing-Server-Features-Package"",""ReleaseType"":""Feature Pack"",""InitialPackageState"":""Installed"",""IntendedPackageState"":""Installed"",""PackageAssembly"":""Microsoft-Windows-Printing-Server-Features-Package~31bf3856ad364e35~x86~~6.0.6001.18000"",""Client"":""RMT"",""SupportInformation"":""http://support.microsoft.com""}}}"
374,374,2015-08-23 21:25:28.0000000,4371,Info,Microsoft-Windows-Servicing,System,0,0,WIN-L0ZZQ76PMUF,2,S-1-5-21-3848053756-3249532031-1848221756-500,,,,,,,,,,,False,M:\Forensics\TrainingImages\AliHadi\Challenge1\tout\M\Forensics\TrainingImages\AliHadi\Challenge1\s4a-challenge4\Windows\System32\winevt\logs\System.evtx,0x80000000000000,0,"{""UserData"":{""CbsPackageInitiateChanges"":{""PackageIdentifier"":""Microsoft-Windows-Printing-Server-Features-Package_en-US"",""ReleaseType"":""Language Pack"",""InitialPackageState"":""Installed"",""IntendedPackageState"":""Installed"",""PackageAssembly"":""Microsoft-Windows-Printing-Server-Features-Package~31bf3856ad364e35~x86~en-US~6.0.6001.18000"",""Client"":""RMT"",""SupportInformation"":""http://support.microsoft.com""}}}"
375,375,2015-08-23 21:25:28.0000000,4371,Info,Microsoft-Windows-Servicing,System,0,0,WIN-L0ZZQ76PMUF,2,S-1-5-21-3848053756-3249532031-1848221756-500,,,,,,,,,,,False,M:\Forensics\TrainingImages\AliHadi\Challenge1\tout\M\Forensics\TrainingImages\AliHadi\Challenge1\s4a-challenge4\Windows\System32\winevt\logs\System.evtx,0x80000000000000,0,"{""UserData"":{""CbsPackageInitiateChanges"":{""PackageIdentifier"":""BitLocker"",""ReleaseType"":""Feature Pack"",""InitialPackageState"":""Installed"",""IntendedPackageState"":""Installed"",""PackageAssembly"":""Microsoft-Windows-SecureStartup-OC-Package~31bf3856ad364e35~x86~~6.0.6001.18000"",""Client"":""RMT"",""SupportInformation"":""""}}}"
376,376,2015-08-23 21:25:28.0000000,4371,Info,Microsoft-Windows-Servicing,System,0,0,WIN-L0ZZQ76PMUF,2,S-1-5-21-3848053756-3249532031-1848221756-500,,,,,,,,,,,False,M:\Forensics\TrainingImages\AliHadi\Challenge1\tout\M\Forensics\TrainingImages\AliHadi\Challenge1\s4a-challenge4\Windows\System32\winevt\logs\System.evtx,0x80000000000000,0,"{""UserData"":{""CbsPackageInitiateChanges"":{""PackageIdentifier"":""BitLocker_en-US"",""ReleaseType"":""Language Pack"",""InitialPackageState"":""Installed"",""IntendedPackageState"":""Installed"",""PackageAssembly"":""Microsoft-Windows-SecureStartup-OC-Package~31bf3856ad364e35~x86~en-US~6.0.6001.18000"",""Client"":""RMT"",""SupportInformation"":""""}}}"
377,377,2015-08-23 21:25:28.0000000,4371,Info,Microsoft-Windows-Servicing,System,0,0,WIN-L0ZZQ76PMUF,2,S-1-5-21-3848053756-3249532031-1848221756-500,,,,,,,,,,,False,M:\Forensics\TrainingImages\AliHadi\Challenge1\tout\M\Forensics\TrainingImages\AliHadi\Challenge1\s4a-challenge4\Windows\System32\winevt\logs\System.evtx,0x80000000000000,0,"{""UserData"":{""CbsPackageInitiateChanges"":{""PackageIdentifier"":""Microsoft-Windows-SimpleTCP-Package"",""ReleaseType"":""Feature Pack"",""InitialPackageState"":""Installed"",""IntendedPackageState"":""Installed"",""PackageAssembly"":""Microsoft-Windows-SimpleTCP-Package~31bf3856ad364e35~x86~~6.0.6001.18000"",""Client"":""RMT"",""SupportInformation"":""http://support.microsoft.com""}}}"
378,378,2015-08-23 21:25:28.0000000,4371,Info,Microsoft-Windows-Servicing,System,0,0,WIN-L0ZZQ76PMUF,2,S-1-5-21-3848053756-3249532031-1848221756-500,,,,,,,,,,,False,M:\Forensics\TrainingImages\AliHadi\Challenge1\tout\M\Forensics\TrainingImages\AliHadi\Challenge1\s4a-challenge4\Windows\System32\winevt\logs\System.evtx,0x80000000000000,0,"{""UserData"":{""CbsPackageInitiateChanges"":{""PackageIdentifier"":""Microsoft-Windows-SimpleTCP-Package_en-US"",""ReleaseType"":""Language Pack"",""InitialPackageState"":""Installed"",""IntendedPackageState"":""Installed"",""PackageAssembly"":""Microsoft-Windows-SimpleTCP-Package~31bf3856ad364e35~x86~en-US~6.0.6001.18000"",""Client"":""RMT"",""SupportInformation"":""http://support.microsoft.com""}}}"
379,379,2015-08-23 21:25:28.0000000,4371,Info,Microsoft-Windows-Servicing,System,0,0,WIN-L0ZZQ76PMUF,2,S-1-5-21-3848053756-3249532031-1848221756-500,,,,,,,,,,,False,M:\Forensics\TrainingImages\AliHadi\Challenge1\tout\M\Forensics\TrainingImages\AliHadi\Challenge1\s4a-challenge4\Windows\System32\winevt\logs\System.evtx,0x80000000000000,0,"{""UserData"":{""CbsPackageInitiateChanges"":{""PackageIdentifier"":""SNMP-Package"",""ReleaseType"":""Feature Pack"",""InitialPackageState"":""Installed"",""IntendedPackageState"":""Installed"",""PackageAssembly"":""Microsoft-Windows-SNMP-Package~31bf3856ad364e35~x86~~6.0.6001.18000"",""Client"":""RMT"",""SupportInformation"":""""}}}"
380,380,2015-08-23 21:25:28.0000000,4371,Info,Microsoft-Windows-Servicing,System,0,0,WIN-L0ZZQ76PMUF,2,S-1-5-21-3848053756-3249532031-1848221756-500,,,,,,,,,,,False,M:\Forensics\TrainingImages\AliHadi\Challenge1\tout\M\Forensics\TrainingImages\AliHadi\Challenge1\s4a-challenge4\Windows\System32\winevt\logs\System.evtx,0x80000000000000,0,"{""UserData"":{""CbsPackageInitiateChanges"":{""PackageIdentifier"":""SNMP-Package_en-US"",""ReleaseType"":""Language Pack"",""InitialPackageState"":""Installed"",""IntendedPackageState"":""Installed"",""PackageAssembly"":""Microsoft-Windows-SNMP-Package~31bf3856ad364e35~x86~en-US~6.0.6001.18000"",""Client"":""RMT"",""SupportInformation"":""""}}}"
381,381,2015-08-23 21:25:28.0000000,4371,Info,Microsoft-Windows-Servicing,System,0,0,WIN-L0ZZQ76PMUF,2,S-1-5-21-3848053756-3249532031-1848221756-500,,,,,,,,,,,False,M:\Forensics\TrainingImages\AliHadi\Challenge1\tout\M\Forensics\TrainingImages\AliHadi\Challenge1\s4a-challenge4\Windows\System32\winevt\logs\System.evtx,0x80000000000000,0,"{""UserData"":{""CbsPackageInitiateChanges"":{""PackageIdentifier"":""WMI-SNMP-Provider-Package"",""ReleaseType"":""Feature Pack"",""InitialPackageState"":""Installed"",""IntendedPackageState"":""Installed"",""PackageAssembly"":""Microsoft-Windows-WMI-SNMP-Provider-Package~31bf3856ad364e35~x86~~6.0.6001.18000"",""Client"":""RMT"",""SupportInformation"":""""}}}"
382,382,2015-08-23 21:25:28.0000000,4371,Info,Microsoft-Windows-Servicing,System,0,0,WIN-L0ZZQ76PMUF,2,S-1-5-21-3848053756-3249532031-1848221756-500,,,,,,,,,,,False,M:\Forensics\TrainingImages\AliHadi\Challenge1\tout\M\Forensics\TrainingImages\AliHadi\Challenge1\s4a-challenge4\Windows\System32\winevt\logs\System.evtx,0x80000000000000,0,"{""UserData"":{""CbsPackageInitiateChanges"":{""PackageIdentifier"":""WMI-SNMP-Provider-Package_en-US"",""ReleaseType"":""Language Pack"",""InitialPackageState"":""Installed"",""IntendedPackageState"":""Installed"",""PackageAssembly"":""Microsoft-Windows-WMI-SNMP-Provider-Package~31bf3856ad364e35~x86~en-US~6.0.6001.18000"",""Client"":""RMT"",""SupportInformation"":""""}}}"
