70,70,2015-08-24 06:57:57.3281250,201,Info,Microsoft-Windows-TaskScheduler,Microsoft-Windows-TaskScheduler/Operational,744,1440,WIN-L0ZZQ76PMUF,0,S-1-5-21-3848053756-3249532031-1848221756-500,Scheduled Task completed,,,Task: \Microsoft\Windows\Server Manager\ServerManager,Instance Id: b6116666-02af-4d6a-9158-c28b9ed61d45,,,,,C:\Windows\system32\ServerManagerLauncher.exe,False,M:\Forensics\TrainingImages\AliHadi\Challenge1\tout\M\Forensics\TrainingImages\AliHadi\Challenge1\s4a-challenge4\Windows\System32\winevt\logs\Microsoft-Windows-TaskScheduler%4Operational.evtx,Classic,0,"{""EventData"":{""@Name"":""ActionSuccess"",""Data"":[{""@Name"":""TaskName"",""#text"":""\\Microsoft\\Windows\\Server Manager\\ServerManager""},{""@Name"":""TaskInstanceId"",""#text"":""b6116666-02af-4d6a-9158-c28b9ed61d45""},{""@Name"":""ActionName"",""#text"":""C:\\Windows\\system32\\ServerManagerLauncher.exe""},{""@Name"":""ResultCode"",""#text"":""0""}]}}"
71,71,2015-08-24 06:57:57.3281250,102,Info,Microsoft-Windows-TaskScheduler,Microsoft-Windows-TaskScheduler/Operational,744,1440,WIN-L0ZZQ76PMUF,0,S-1-5-21-3848053756-3249532031-1848221756-500,Scheduled Task completed,Context: WIN-L0ZZQ76PMUF\Administrator,,Task: \Microsoft\Windows\Server Manager\ServerManager,Instance Id: b6116666-02af-4d6a-9158-c28b9ed61d45,,,,,,False,M:\Forensics\TrainingImages\AliHadi\Challenge1\tout\M\Forensics\TrainingImages\AliHadi\Challenge1\s4a-challenge4\Windows\System32\winevt\logs\Microsoft-Windows-TaskScheduler%4Operational.evtx,Classic,0,"{""EventData"":{""@Name"":""TaskSuccessEvent"",""Data"":[{""@Name"":""TaskName"",""#text"":""\\Microsoft\\Windows\\Server Manager\\ServerManager""},{""@Name"":""UserContext"",""#text"":""WIN-L0ZZQ76PMUF\\Administrator""},{""@Name"":""InstanceId"",""#text"":""b6116666-02af-4d6a-9158-c28b9ed61d45""}]}}"
72,72,2015-08-24 07:02:13.3750000,700,Info,Microsoft-Windows-TaskScheduler,Microsoft-Windows-TaskScheduler/Operational,956,1244,WIN-L0ZZQ76PMUF,0,S-1-5-18,,,,,,,,,,,False,M:\Forensics\TrainingImages\AliHadi\Challenge1\tout\M\Forensics\TrainingImages\AliHadi\Challenge1\s4a-challenge4\Windows\System32\winevt\logs\Microsoft-Windows-TaskScheduler%4Operational.evtx,Classic,0,"{""EventData"":{""@Name"":""CompatibilityAdapterLaunch""}}"
73,73,2015-08-24 07:02:13.3750000,400,Info,Microsoft-Windows-TaskScheduler,Microsoft-Windows-TaskScheduler/Operational,956,1244,WIN-L0ZZQ76PMUF,0,S-1-5-18,,,,,,,,,,,False,M:\Forensics\TrainingImages\AliHadi\Challenge1\tout\M\Forensics\TrainingImages\AliHadi\Challenge1\s4a-challenge4\Windows\System32\winevt\logs\Microsoft-Windows-TaskScheduler%4Operational.evtx,Classic,0,"{""EventData"":{""@Name"":""ServiceStartEvent""}}"
74,74,2015-08-24 07:02:13.3906250,118,Info,Microsoft-Windows-TaskScheduler,Microsoft-Windows-TaskScheduler/Operational,956,1244,WIN-L0ZZQ76PMUF,0,S-1-5-18,,,,,,,,,,,False,M:\Forensics\TrainingImages\AliHadi\Challenge1\tout\M\Forensics\TrainingImages\AliHadi\Challenge1\s4a-challenge4\Windows\System32\winevt\logs\Microsoft-Windows-TaskScheduler%4Operational.evtx,Classic,0,"{""EventData"":{""@Name"":""BootTrigger"",""Data"":[{""@Name"":""TaskName"",""#text"":""\\Microsoft\\Windows\\CertificateServicesClient\\SystemTask""},{""@Name"":""InstanceId"",""#text"":""802f37ff-c58f-4330-b937-e34765a80504""}]}}"
75,75,2015-08-24 07:02:13.3906250,118,Info,Microsoft-Windows-TaskScheduler,Microsoft-Windows-TaskScheduler/Operational,956,1244,WIN-L0ZZQ76PMUF,0,S-1-5-18,,,,,,,,,,,False,M:\Forensics\TrainingImages\AliHadi\Challenge1\tout\M\Forensics\TrainingImages\AliHadi\Challenge1\s4a-challenge4\Windows\System32\winevt\logs\Microsoft-Windows-TaskScheduler%4Operational.evtx,Classic,0,"{""EventData"":{""@Name"":""BootTrigger"",""Data"":[{""@Name"":""TaskName"",""#text"":""\\Microsoft\\Windows\\RAC\\RACAgent""},{""@Name"":""InstanceId"",""#text"":""69934cbf-f1de-4b30-a34b-ca76dd33d3f5""}]}}"
76,76,2015-08-24 07:02:13.6718750,114,Warning,Microsoft-Windows-TaskScheduler,Microsoft-Windows-TaskScheduler/Operational,956,1244,WIN-L0ZZQ76PMUF,0,S-1-5-18,,,,,,,,,,,False,M:\Forensics\TrainingImages\AliHadi\Challenge1\tout\M\Forensics\TrainingImages\AliHadi\Challenge1\s4a-challenge4\Windows\System32\winevt\logs\Microsoft-Windows-TaskScheduler%4Operational.evtx,Classic,0,"{""EventData"":{""@Name"":""MissedTaskLaunched"",""Data"":[{""@Name"":""TaskName"",""#text"":""\\Microsoft\\Windows\\Customer Experience Improvement Program\\Consolidator""},{""@Name"":""InstanceId"",""#text"":""bc6f079f-a5f8-461b-be3c-59781d1c3c31""}]}}"
77,77,2015-08-24 07:02:23.6093750,310,Info,Microsoft-Windows-TaskScheduler,Microsoft-Windows-TaskScheduler/Operational,956,1256,WIN-L0ZZQ76PMUF,0,S-1-5-18,,,,,,,,,,,False,M:\Forensics\TrainingImages\AliHadi\Challenge1\tout\M\Forensics\TrainingImages\AliHadi\Challenge1\s4a-challenge4\Windows\System32\winevt\logs\Microsoft-Windows-TaskScheduler%4Operational.evtx,Classic,0,"{""EventData"":{""@Name"":""TaskEngineProcessStarted"",""Data"":[{""@Name"":""TaskEngineName"",""#text"":""S-1-5-18:NT AUTHORITY\\System:Service:""},{""@Name"":""Command"",""#text"":""taskeng.exe""},{""@Name"":""ProcessID"",""#text"":""1800""},{""@Name"":""ThreadID"",""#text"":""1804""}]}}"
78,78,2015-08-24 07:02:23.7343750,317,Info,Microsoft-Windows-TaskScheduler,Microsoft-Windows-TaskScheduler/Operational,1800,1804,WIN-L0ZZQ76PMUF,0,S-1-5-18,,,,,,,,,,,False,M:\Forensics\TrainingImages\AliHadi\Challenge1\tout\M\Forensics\TrainingImages\AliHadi\Challenge1\s4a-challenge4\Windows\System32\winevt\logs\Microsoft-Windows-TaskScheduler%4Operational.evtx,Classic,0,"{""EventData"":{""@Name"":""TaskEngineProcessMainStarted"",""Data"":{""@Name"":""TaskEngineName"",""#text"":""S-1-5-18:NT AUTHORITY\\System:Service:""}}}"
79,79,2015-08-24 07:02:23.9218750,319,Info,Microsoft-Windows-TaskScheduler,Microsoft-Windows-TaskScheduler/Operational,1800,1864,WIN-L0ZZQ76PMUF,0,S-1-5-18,,,,,,,,,,,False,M:\Forensics\TrainingImages\AliHadi\Challenge1\tout\M\Forensics\TrainingImages\AliHadi\Challenge1\s4a-challenge4\Windows\System32\winevt\logs\Microsoft-Windows-TaskScheduler%4Operational.evtx,Classic,0,"{""EventData"":{""@Name"":""TaskEngineProcessReceivedStartTask"",""Data"":[{""@Name"":""TaskEngineName"",""#text"":""S-1-5-18:NT AUTHORITY\\System:Service:""},{""@Name"":""TaskName"",""#text"":""\\Microsoft\\Windows\\CertificateServicesClient\\SystemTask""}]}}"
80,80,2015-08-24 07:02:23.9531250,100,Info,Microsoft-Windows-TaskScheduler,Microsoft-Windows-TaskScheduler/Operational,1800,1864,WIN-L0ZZQ76PMUF,0,S-1-5-18,Scheduled Task started,Context: WORKGROUP\WIN-L0ZZQ76PMUF$,,Task: \Microsoft\Windows\CertificateServicesClient\SystemTask,Instance Id: 802f37ff-c58f-4330-b937-e34765a80504,,,,,,False,M:\Forensics\TrainingImages\AliHadi\Challenge1\tout\M\Forensics\TrainingImages\AliHadi\Challenge1\s4a-challenge4\Windows\System32\winevt\logs\Microsoft-Windows-TaskScheduler%4Operational.evtx,Classic,0,"{""EventData"":{""@Name"":""TaskStartEvent"",""Data"":[{""@Name"":""TaskName"",""#text"":""\\Microsoft\\Windows\\CertificateServicesClient\\SystemTask""},{""@Name"":""UserContext"",""#text"":""WORKGROUP\\WIN-L0ZZQ76PMUF$""},{""@Name"":""InstanceId"",""#text"":""802f37ff-c58f-4330-b937-e34765a80504""}]}}"
81,81,2015-08-24 07:02:23.9531250,200,Info,Microsoft-Windows-TaskScheduler,Microsoft-Windows-TaskScheduler/Operational,1800,1868,WIN-L0ZZQ76PMUF,0,S-1-5-18,Scheduled Task executed,,,Task: \Microsoft\Windows\CertificateServicesClient\SystemTask,Instance Id: 802f37ff-c58f-4330-b937-e34765a80504,,,,,Certificate Services Client Task Handler,False,M:\Forensics\TrainingImages\AliHadi\Challenge1\tout\M\Forensics\TrainingImages\AliHadi\Challenge1\s4a-challenge4\Windows\System32\winevt\logs\Microsoft-Windows-TaskScheduler%4Operational.evtx,Classic,0,"{""EventData"":{""@Name"":""ActionStart"",""Data"":[{""@Name"":""TaskName"",""#text"":""\\Microsoft\\Windows\\CertificateServicesClient\\SystemTask""},{""@Name"":""ActionName"",""#text"":""Certificate Services Client Task Handler""},{""@Name"":""TaskInstanceId"",""#text"":""802f37ff-c58f-4330-b937-e34765a80504""}]}}"
82,82,2015-08-24 07:04:12.1250000,119,Info,Microsoft-Windows-TaskScheduler,Microsoft-Windows-TaskScheduler/Operational,956,960,WIN-L0ZZQ76PMUF,0,S-1-5-18,Scheduled Task triggered on logon,WIN-L0ZZQ76PMUF\Administrator,,Task: \Microsoft\Windows\CertificateServicesClient\UserTask,Instance Id: 9c222859-ba7b-4776-9a3e-60ef4669760c,,,,,,False,M:\Forensics\TrainingImages\AliHadi\Challenge1\tout\M\Forensics\TrainingImages\AliHadi\Challenge1\s4a-challenge4\Windows\System32\winevt\logs\Microsoft-Windows-TaskScheduler%4Operational.evtx,Classic,0,"{""EventData"":{""@Name"":""LogonTrigger"",""Data"":[{""@Name"":""TaskName"",""#text"":""\\Microsoft\\Windows\\CertificateServicesClient\\UserTask""},{""@Name"":""UserName"",""#text"":""WIN-L0ZZQ76PMUF\\Administrator""},{""@Name"":""InstanceId"",""#text"":""9c222859-ba7b-4776-9a3e-60ef4669760c""}]}}"
83,83,2015-08-24 07:04:12.1250000,119,Info,Microsoft-Windows-TaskScheduler,Microsoft-Windows-TaskScheduler/Operational,956,960,WIN-L0ZZQ76PMUF,0,S-1-5-18,Scheduled Task triggered on logon,WIN-L0ZZQ76PMUF\Administrator,,Task: \Microsoft\Windows\Windows Error Reporting\QueueReporting,Instance Id: 604b9fc4-58f8-4165-9177-e80e9a57b498,,,,,,False,M:\Forensics\TrainingImages\AliHadi\Challenge1\tout\M\Forensics\TrainingImages\AliHadi\Challenge1\s4a-challenge4\Windows\System32\winevt\logs\Microsoft-Windows-TaskScheduler%4Operational.evtx,Classic,0,"{""EventData"":{""@Name"":""LogonTrigger"",""Data"":[{""@Name"":""TaskName"",""#text"":""\\Microsoft\\Windows\\Windows Error Reporting\\QueueReporting""},{""@Name"":""UserName"",""#text"":""WIN-L0ZZQ76PMUF\\Administrator""},{""@Name"":""InstanceId"",""#text"":""604b9fc4-58f8-4165-9177-e80e9a57b498""}]}}"
84,84,2015-08-24 07:04:12.1250000,119,Info,Microsoft-Windows-TaskScheduler,Microsoft-Windows-TaskScheduler/Operational,956,960,WIN-L0ZZQ76PMUF,0,S-1-5-18,Scheduled Task triggered on logon,WIN-L0ZZQ76PMUF\Administrator,,Task: \Microsoft\Windows\TextServicesFramework\MsCtfMonitor,Instance Id: bcd06e84-d90b-4320-8e96-178ac65f7a05,,,,,,False,M:\Forensics\TrainingImages\AliHadi\Challenge1\tout\M\Forensics\TrainingImages\AliHadi\Challenge1\s4a-challenge4\Windows\System32\winevt\logs\Microsoft-Windows-TaskScheduler%4Operational.evtx,Classic,0,"{""EventData"":{""@Name"":""LogonTrigger"",""Data"":[{""@Name"":""TaskName"",""#text"":""\\Microsoft\\Windows\\TextServicesFramework\\MsCtfMonitor""},{""@Name"":""UserName"",""#text"":""WIN-L0ZZQ76PMUF\\Administrator""},{""@Name"":""InstanceId"",""#text"":""bcd06e84-d90b-4320-8e96-178ac65f7a05""}]}}"
85,85,2015-08-24 07:04:12.1250000,119,Info,Microsoft-Windows-TaskScheduler,Microsoft-Windows-TaskScheduler/Operational,956,960,WIN-L0ZZQ76PMUF,0,S-1-5-18,Scheduled Task triggered on logon,WIN-L0ZZQ76PMUF\Administrator,,Task: \Microsoft\Windows\NetworkAccessProtection\NAPStatus UI,Instance Id: b3ed8875-cd13-4b67-a886-03a3fc367eb4,,,,,,False,M:\Forensics\TrainingImages\AliHadi\Challenge1\tout\M\Forensics\TrainingImages\AliHadi\Challenge1\s4a-challenge4\Windows\System32\winevt\logs\Microsoft-Windows-TaskScheduler%4Operational.evtx,Classic,0,"{""EventData"":{""@Name"":""LogonTrigger"",""Data"":[{""@Name"":""TaskName"",""#text"":""\\Microsoft\\Windows\\NetworkAccessProtection\\NAPStatus UI""},{""@Name"":""UserName"",""#text"":""WIN-L0ZZQ76PMUF\\Administrator""},{""@Name"":""InstanceId"",""#text"":""b3ed8875-cd13-4b67-a886-03a3fc367eb4""}]}}"
86,86,2015-08-24 07:04:12.1250000,119,Info,Microsoft-Windows-TaskScheduler,Microsoft-Windows-TaskScheduler/Operational,956,960,WIN-L0ZZQ76PMUF,0,S-1-5-18,Scheduled Task triggered on logon,WIN-L0ZZQ76PMUF\Administrator,,Task: \Microsoft\Windows\Server Manager\ServerManager,Instance Id: 7c772759-acb7-40bd-abb4-9a926324d488,,,,,,False,M:\Forensics\TrainingImages\AliHadi\Challenge1\tout\M\Forensics\TrainingImages\AliHadi\Challenge1\s4a-challenge4\Windows\System32\winevt\logs\Microsoft-Windows-TaskScheduler%4Operational.evtx,Classic,0,"{""EventData"":{""@Name"":""LogonTrigger"",""Data"":[{""@Name"":""TaskName"",""#text"":""\\Microsoft\\Windows\\Server Manager\\ServerManager""},{""@Name"":""UserName"",""#text"":""WIN-L0ZZQ76PMUF\\Administrator""},{""@Name"":""InstanceId"",""#text"":""7c772759-acb7-40bd-abb4-9a926324d488""}]}}"
87,87,2015-08-24 07:04:12.1250000,119,Info,Microsoft-Windows-TaskScheduler,Microsoft-Windows-TaskScheduler/Operational,956,960,WIN-L0ZZQ76PMUF,0,S-1-5-18,Scheduled Task triggered on logon,WIN-L0ZZQ76PMUF\Administrator,,Task: \Microsoft\Windows\Multimedia\SystemSoundsService,Instance Id: 46c19451-64cb-4f25-b501-cf5ebdeb4412,,,,,,False,M:\Forensics\TrainingImages\AliHadi\Challenge1\tout\M\Forensics\TrainingImages\AliHadi\Challenge1\s4a-challenge4\Windows\System32\winevt\logs\Microsoft-Windows-TaskScheduler%4Operational.evtx,Classic,0,"{""EventData"":{""@Name"":""LogonTrigger"",""Data"":[{""@Name"":""TaskName"",""#text"":""\\Microsoft\\Windows\\Multimedia\\SystemSoundsService""},{""@Name"":""UserName"",""#text"":""WIN-L0ZZQ76PMUF\\Administrator""},{""@Name"":""InstanceId"",""#text"":""46c19451-64cb-4f25-b501-cf5ebdeb4412""}]}}"
88,88,2015-08-24 07:04:12.2031250,310,Info,Microsoft-Windows-TaskScheduler,Microsoft-Windows-TaskScheduler/Operational,956,1256,WIN-L0ZZQ76PMUF,0,S-1-5-18,,,,,,,,,,,False,M:\Forensics\TrainingImages\AliHadi\Challenge1\tout\M\Forensics\TrainingImages\AliHadi\Challenge1\s4a-challenge4\Windows\System32\winevt\logs\Microsoft-Windows-TaskScheduler%4Operational.evtx,Classic,0,"{""EventData"":{""@Name"":""TaskEngineProcessStarted"",""Data"":[{""@Name"":""TaskEngineName"",""#text"":""S-1-5-21-3848053756-3249532031-1848221756-500:WIN-L0ZZQ76PMUF\\Administrator:Interactive:[1]""},{""@Name"":""Command"",""#text"":""taskeng.exe""},{""@Name"":""ProcessID"",""#text"":""508""},{""@Name"":""ThreadID"",""#text"":""500""}]}}"
89,89,2015-08-24 07:04:12.3750000,317,Info,Microsoft-Windows-TaskScheduler,Microsoft-Windows-TaskScheduler/Operational,508,500,WIN-L0ZZQ76PMUF,0,S-1-5-21-3848053756-3249532031-1848221756-500,,,,,,,,,,,False,M:\Forensics\TrainingImages\AliHadi\Challenge1\tout\M\Forensics\TrainingImages\AliHadi\Challenge1\s4a-challenge4\Windows\System32\winevt\logs\Microsoft-Windows-TaskScheduler%4Operational.evtx,Classic,0,"{""EventData"":{""@Name"":""TaskEngineProcessMainStarted"",""Data"":{""@Name"":""TaskEngineName"",""#text"":""S-1-5-21-3848053756-3249532031-1848221756-500:WIN-L0ZZQ76PMUF\\Administrator:Interactive:[1]""}}}"
90,90,2015-08-24 07:04:12.3750000,319,Info,Microsoft-Windows-TaskScheduler,Microsoft-Windows-TaskScheduler/Operational,508,1028,WIN-L0ZZQ76PMUF,0,S-1-5-21-3848053756-3249532031-1848221756-500,,,,,,,,,,,False,M:\Forensics\TrainingImages\AliHadi\Challenge1\tout\M\Forensics\TrainingImages\AliHadi\Challenge1\s4a-challenge4\Windows\System32\winevt\logs\Microsoft-Windows-TaskScheduler%4Operational.evtx,Classic,0,"{""EventData"":{""@Name"":""TaskEngineProcessReceivedStartTask"",""Data"":[{""@Name"":""TaskEngineName"",""#text"":""S-1-5-21-3848053756-3249532031-1848221756-500:WIN-L0ZZQ76PMUF\\Administrator:Interactive:[1]""},{""@Name"":""TaskName"",""#text"":""\\Microsoft\\Windows\\Server Manager\\ServerManager""}]}}"
91,91,2015-08-24 07:04:12.4218750,100,Info,Microsoft-Windows-TaskScheduler,Microsoft-Windows-TaskScheduler/Operational,508,1028,WIN-L0ZZQ76PMUF,0,S-1-5-21-3848053756-3249532031-1848221756-500,Scheduled Task started,Context: WIN-L0ZZQ76PMUF\Administrator,,Task: \Microsoft\Windows\Server Manager\ServerManager,Instance Id: 7c772759-acb7-40bd-abb4-9a926324d488,,,,,,False,M:\Forensics\TrainingImages\AliHadi\Challenge1\tout\M\Forensics\TrainingImages\AliHadi\Challenge1\s4a-challenge4\Windows\System32\winevt\logs\Microsoft-Windows-TaskScheduler%4Operational.evtx,Classic,0,"{""EventData"":{""@Name"":""TaskStartEvent"",""Data"":[{""@Name"":""TaskName"",""#text"":""\\Microsoft\\Windows\\Server Manager\\ServerManager""},{""@Name"":""UserContext"",""#text"":""WIN-L0ZZQ76PMUF\\Administrator""},{""@Name"":""InstanceId"",""#text"":""7c772759-acb7-40bd-abb4-9a926324d488""}]}}"
92,92,2015-08-24 07:04:12.4218750,319,Info,Microsoft-Windows-TaskScheduler,Microsoft-Windows-TaskScheduler/Operational,508,1028,WIN-L0ZZQ76PMUF,0,S-1-5-21-3848053756-3249532031-1848221756-500,,,,,,,,,,,False,M:\Forensics\TrainingImages\AliHadi\Challenge1\tout\M\Forensics\TrainingImages\AliHadi\Challenge1\s4a-challenge4\Windows\System32\winevt\logs\Microsoft-Windows-TaskScheduler%4Operational.evtx,Classic,0,"{""EventData"":{""@Name"":""TaskEngineProcessReceivedStartTask"",""Data"":[{""@Name"":""TaskEngineName"",""#text"":""S-1-5-21-3848053756-3249532031-1848221756-500:WIN-L0ZZQ76PMUF\\Administrator:Interactive:[1]""},{""@Name"":""TaskName"",""#text"":""\\Microsoft\\Windows\\CertificateServicesClient\\UserTask""}]}}"
93,93,2015-08-24 07:04:12.4218750,200,Info,Microsoft-Windows-TaskScheduler,Microsoft-Windows-TaskScheduler/Operational,508,1072,WIN-L0ZZQ76PMUF,0,S-1-5-21-3848053756-3249532031-1848221756-500,Scheduled Task executed,,,Task: \Microsoft\Windows\Server Manager\ServerManager,Instance Id: 7c772759-acb7-40bd-abb4-9a926324d488,,,,,%windir%\system32\ServerManagerLauncher.exe,False,M:\Forensics\TrainingImages\AliHadi\Challenge1\tout\M\Forensics\TrainingImages\AliHadi\Challenge1\s4a-challenge4\Windows\System32\winevt\logs\Microsoft-Windows-TaskScheduler%4Operational.evtx,Classic,0,"{""EventData"":{""@Name"":""ActionStart"",""Data"":[{""@Name"":""TaskName"",""#text"":""\\Microsoft\\Windows\\Server Manager\\ServerManager""},{""@Name"":""ActionName"",""#text"":""%windir%\\system32\\ServerManagerLauncher.exe""},{""@Name"":""TaskInstanceId"",""#text"":""7c772759-acb7-40bd-abb4-9a926324d488""}]}}"
94,94,2015-08-24 07:04:12.4218750,100,Info,Microsoft-Windows-TaskScheduler,Microsoft-Windows-TaskScheduler/Operational,508,1028,WIN-L0ZZQ76PMUF,0,S-1-5-21-3848053756-3249532031-1848221756-500,Scheduled Task started,Context: WIN-L0ZZQ76PMUF\Administrator,,Task: \Microsoft\Windows\CertificateServicesClient\UserTask,Instance Id: 9c222859-ba7b-4776-9a3e-60ef4669760c,,,,,,False,M:\Forensics\TrainingImages\AliHadi\Challenge1\tout\M\Forensics\TrainingImages\AliHadi\Challenge1\s4a-challenge4\Windows\System32\winevt\logs\Microsoft-Windows-TaskScheduler%4Operational.evtx,Classic,0,"{""EventData"":{""@Name"":""TaskStartEvent"",""Data"":[{""@Name"":""TaskName"",""#text"":""\\Microsoft\\Windows\\CertificateServicesClient\\UserTask""},{""@Name"":""UserContext"",""#text"":""WIN-L0ZZQ76PMUF\\Administrator""},{""@Name"":""InstanceId"",""#text"":""9c222859-ba7b-4776-9a3e-60ef4669760c""}]}}"
95,95,2015-08-24 07:04:12.4218750,319,Info,Microsoft-Windows-TaskScheduler,Microsoft-Windows-TaskScheduler/Operational,508,1028,WIN-L0ZZQ76PMUF,0,S-1-5-21-3848053756-3249532031-1848221756-500,,,,,,,,,,,False,M:\Forensics\TrainingImages\AliHadi\Challenge1\tout\M\Forensics\TrainingImages\AliHadi\Challenge1\s4a-challenge4\Windows\System32\winevt\logs\Microsoft-Windows-TaskScheduler%4Operational.evtx,Classic,0,"{""EventData"":{""@Name"":""TaskEngineProcessReceivedStartTask"",""Data"":[{""@Name"":""TaskEngineName"",""#text"":""S-1-5-21-3848053756-3249532031-1848221756-500:WIN-L0ZZQ76PMUF\\Administrator:Interactive:[1]""},{""@Name"":""TaskName"",""#text"":""\\Microsoft\\Windows\\TextServicesFramework\\MsCtfMonitor""}]}}"
96,96,2015-08-24 07:04:12.4218750,200,Info,Microsoft-Windows-TaskScheduler,Microsoft-Windows-TaskScheduler/Operational,508,1092,WIN-L0ZZQ76PMUF,0,S-1-5-21-3848053756-3249532031-1848221756-500,Scheduled Task executed,,,Task: \Microsoft\Windows\CertificateServicesClient\UserTask,Instance Id: 9c222859-ba7b-4776-9a3e-60ef4669760c,,,,,Certificate Services Client Task Handler,False,M:\Forensics\TrainingImages\AliHadi\Challenge1\tout\M\Forensics\TrainingImages\AliHadi\Challenge1\s4a-challenge4\Windows\System32\winevt\logs\Microsoft-Windows-TaskScheduler%4Operational.evtx,Classic,0,"{""EventData"":{""@Name"":""ActionStart"",""Data"":[{""@Name"":""TaskName"",""#text"":""\\Microsoft\\Windows\\CertificateServicesClient\\UserTask""},{""@Name"":""ActionName"",""#text"":""Certificate Services Client Task Handler""},{""@Name"":""TaskInstanceId"",""#text"":""9c222859-ba7b-4776-9a3e-60ef4669760c""}]}}"
97,97,2015-08-24 07:04:12.4531250,100,Info,Microsoft-Windows-TaskScheduler,Microsoft-Windows-TaskScheduler/Operational,508,1028,WIN-L0ZZQ76PMUF,0,S-1-5-21-3848053756-3249532031-1848221756-500,Scheduled Task started,Context: WIN-L0ZZQ76PMUF\Administrator,,Task: \Microsoft\Windows\TextServicesFramework\MsCtfMonitor,Instance Id: bcd06e84-d90b-4320-8e96-178ac65f7a05,,,,,,False,M:\Forensics\TrainingImages\AliHadi\Challenge1\tout\M\Forensics\TrainingImages\AliHadi\Challenge1\s4a-challenge4\Windows\System32\winevt\logs\Microsoft-Windows-TaskScheduler%4Operational.evtx,Classic,0,"{""EventData"":{""@Name"":""TaskStartEvent"",""Data"":[{""@Name"":""TaskName"",""#text"":""\\Microsoft\\Windows\\TextServicesFramework\\MsCtfMonitor""},{""@Name"":""UserContext"",""#text"":""WIN-L0ZZQ76PMUF\\Administrator""},{""@Name"":""InstanceId"",""#text"":""bcd06e84-d90b-4320-8e96-178ac65f7a05""}]}}"
98,98,2015-08-24 07:04:12.4531250,319,Info,Microsoft-Windows-TaskScheduler,Microsoft-Windows-TaskScheduler/Operational,508,1028,WIN-L0ZZQ76PMUF,0,S-1-5-21-3848053756-3249532031-1848221756-500,,,,,,,,,,,False,M:\Forensics\TrainingImages\AliHadi\Challenge1\tout\M\Forensics\TrainingImages\AliHadi\Challenge1\s4a-challenge4\Windows\System32\winevt\logs\Microsoft-Windows-TaskScheduler%4Operational.evtx,Classic,0,"{""EventData"":{""@Name"":""TaskEngineProcessReceivedStartTask"",""Data"":[{""@Name"":""TaskEngineName"",""#text"":""S-1-5-21-3848053756-3249532031-1848221756-500:WIN-L0ZZQ76PMUF\\Administrator:Interactive:[1]""},{""@Name"":""TaskName"",""#text"":""\\Microsoft\\Windows\\Multimedia\\SystemSoundsService""}]}}"
99,99,2015-08-24 07:04:12.4531250,200,Info,Microsoft-Windows-TaskScheduler,Microsoft-Windows-TaskScheduler/Operational,508,1116,WIN-L0ZZQ76PMUF,0,S-1-5-21-3848053756-3249532031-1848221756-500,Scheduled Task executed,,,Task: \Microsoft\Windows\TextServicesFramework\MsCtfMonitor,Instance Id: bcd06e84-d90b-4320-8e96-178ac65f7a05,,,,,MsCtfMonitor task handler,False,M:\Forensics\TrainingImages\AliHadi\Challenge1\tout\M\Forensics\TrainingImages\AliHadi\Challenge1\s4a-challenge4\Windows\System32\winevt\logs\Microsoft-Windows-TaskScheduler%4Operational.evtx,Classic,0,"{""EventData"":{""@Name"":""ActionStart"",""Data"":[{""@Name"":""TaskName"",""#text"":""\\Microsoft\\Windows\\TextServicesFramework\\MsCtfMonitor""},{""@Name"":""ActionName"",""#text"":""MsCtfMonitor task handler""},{""@Name"":""TaskInstanceId"",""#text"":""bcd06e84-d90b-4320-8e96-178ac65f7a05""}]}}"
100,100,2015-08-24 07:04:12.5312500,100,Info,Microsoft-Windows-TaskScheduler,Microsoft-Windows-TaskScheduler/Operational,508,1028,WIN-L0ZZQ76PMUF,0,S-1-5-21-3848053756-3249532031-1848221756-500,Scheduled Task started,Context: WIN-L0ZZQ76PMUF\Administrator,,Task: \Microsoft\Windows\Multimedia\SystemSoundsService,Instance Id: 46c19451-64cb-4f25-b501-cf5ebdeb4412,,,,,,False,M:\Forensics\TrainingImages\AliHadi\Challenge1\tout\M\Forensics\TrainingImages\AliHadi\Challenge1\s4a-challenge4\Windows\System32\winevt\logs\Microsoft-Windows-TaskScheduler%4Operational.evtx,Classic,0,"{""EventData"":{""@Name"":""TaskStartEvent"",""Data"":[{""@Name"":""TaskName"",""#text"":""\\Microsoft\\Windows\\Multimedia\\SystemSoundsService""},{""@Name"":""UserContext"",""#text"":""WIN-L0ZZQ76PMUF\\Administrator""},{""@Name"":""InstanceId"",""#text"":""46c19451-64cb-4f25-b501-cf5ebdeb4412""}]}}"
101,101,2015-08-24 07:04:12.7656250,129,Info,Microsoft-Windows-TaskScheduler,Microsoft-Windows-TaskScheduler/Operational,508,1072,WIN-L0ZZQ76PMUF,0,S-1-5-21-3848053756-3249532031-1848221756-500,Scheduled Task created,,,Task: \Microsoft\Windows\Server Manager\ServerManager,ProcessID: 1168,,,,,C:\Windows\system32\ServerManagerLauncher.exe,False,M:\Forensics\TrainingImages\AliHadi\Challenge1\tout\M\Forensics\TrainingImages\AliHadi\Challenge1\s4a-challenge4\Windows\System32\winevt\logs\Microsoft-Windows-TaskScheduler%4Operational.evtx,Classic,0,"{""EventData"":{""@Name"":""CreatedTaskProcess"",""Data"":[{""@Name"":""TaskName"",""#text"":""\\Microsoft\\Windows\\Server Manager\\ServerManager""},{""@Name"":""Path"",""#text"":""C:\\Windows\\system32\\ServerManagerLauncher.exe""},{""@Name"":""ProcessID"",""#text"":""1168""},{""@Name"":""Priority"",""#text"":""5""}]}}"
102,102,2015-08-24 07:04:12.7656250,200,Info,Microsoft-Windows-TaskScheduler,Microsoft-Windows-TaskScheduler/Operational,508,1128,WIN-L0ZZQ76PMUF,0,S-1-5-21-3848053756-3249532031-1848221756-500,Scheduled Task executed,,,Task: \Microsoft\Windows\Multimedia\SystemSoundsService,Instance Id: 46c19451-64cb-4f25-b501-cf5ebdeb4412,,,,,Microsoft PlaySoundService Class,False,M:\Forensics\TrainingImages\AliHadi\Challenge1\tout\M\Forensics\TrainingImages\AliHadi\Challenge1\s4a-challenge4\Windows\System32\winevt\logs\Microsoft-Windows-TaskScheduler%4Operational.evtx,Classic,0,"{""EventData"":{""@Name"":""ActionStart"",""Data"":[{""@Name"":""TaskName"",""#text"":""\\Microsoft\\Windows\\Multimedia\\SystemSoundsService""},{""@Name"":""ActionName"",""#text"":""Microsoft PlaySoundService Class""},{""@Name"":""TaskInstanceId"",""#text"":""46c19451-64cb-4f25-b501-cf5ebdeb4412""}]}}"
103,103,2015-08-24 07:04:17.1250000,319,Info,Microsoft-Windows-TaskScheduler,Microsoft-Windows-TaskScheduler/Operational,508,1040,WIN-L0ZZQ76PMUF,0,S-1-5-21-3848053756-3249532031-1848221756-500,,,,,,,,,,,False,M:\Forensics\TrainingImages\AliHadi\Challenge1\tout\M\Forensics\TrainingImages\AliHadi\Challenge1\s4a-challenge4\Windows\System32\winevt\logs\Microsoft-Windows-TaskScheduler%4Operational.evtx,Classic,0,"{""EventData"":{""@Name"":""TaskEngineProcessReceivedStartTask"",""Data"":[{""@Name"":""TaskEngineName"",""#text"":""S-1-5-21-3848053756-3249532031-1848221756-500:WIN-L0ZZQ76PMUF\\Administrator:Interactive:[1]""},{""@Name"":""TaskName"",""#text"":""\\Microsoft\\Windows\\NetworkAccessProtection\\NAPStatus UI""}]}}"
104,104,2015-08-24 07:04:17.4531250,100,Info,Microsoft-Windows-TaskScheduler,Microsoft-Windows-TaskScheduler/Operational,508,1040,WIN-L0ZZQ76PMUF,0,S-1-5-21-3848053756-3249532031-1848221756-500,Scheduled Task started,Context: WIN-L0ZZQ76PMUF\Administrator,,Task: \Microsoft\Windows\NetworkAccessProtection\NAPStatus UI,Instance Id: b3ed8875-cd13-4b67-a886-03a3fc367eb4,,,,,,False,M:\Forensics\TrainingImages\AliHadi\Challenge1\tout\M\Forensics\TrainingImages\AliHadi\Challenge1\s4a-challenge4\Windows\System32\winevt\logs\Microsoft-Windows-TaskScheduler%4Operational.evtx,Classic,0,"{""EventData"":{""@Name"":""TaskStartEvent"",""Data"":[{""@Name"":""TaskName"",""#text"":""\\Microsoft\\Windows\\NetworkAccessProtection\\NAPStatus UI""},{""@Name"":""UserContext"",""#text"":""WIN-L0ZZQ76PMUF\\Administrator""},{""@Name"":""InstanceId"",""#text"":""b3ed8875-cd13-4b67-a886-03a3fc367eb4""}]}}"
105,105,2015-08-24 07:04:17.4531250,200,Info,Microsoft-Windows-TaskScheduler,Microsoft-Windows-TaskScheduler/Operational,508,1920,WIN-L0ZZQ76PMUF,0,S-1-5-21-3848053756-3249532031-1848221756-500,Scheduled Task executed,,,Task: \Microsoft\Windows\NetworkAccessProtection\NAPStatus UI,Instance Id: b3ed8875-cd13-4b67-a886-03a3fc367eb4,,,,,Nap ITask Handler Implementation,False,M:\Forensics\TrainingImages\AliHadi\Challenge1\tout\M\Forensics\TrainingImages\AliHadi\Challenge1\s4a-challenge4\Windows\System32\winevt\logs\Microsoft-Windows-TaskScheduler%4Operational.evtx,Classic,0,"{""EventData"":{""@Name"":""ActionStart"",""Data"":[{""@Name"":""TaskName"",""#text"":""\\Microsoft\\Windows\\NetworkAccessProtection\\NAPStatus UI""},{""@Name"":""ActionName"",""#text"":""Nap ITask Handler Implementation""},{""@Name"":""TaskInstanceId"",""#text"":""b3ed8875-cd13-4b67-a886-03a3fc367eb4""}]}}"
106,106,2015-08-24 07:04:20.4531250,329,Info,Microsoft-Windows-TaskScheduler,Microsoft-Windows-TaskScheduler/Operational,508,1920,WIN-L0ZZQ76PMUF,0,S-1-5-21-3848053756-3249532031-1848221756-500,,,,,,,,,,,False,M:\Forensics\TrainingImages\AliHadi\Challenge1\tout\M\Forensics\TrainingImages\AliHadi\Challenge1\s4a-challenge4\Windows\System32\winevt\logs\Microsoft-Windows-TaskScheduler%4Operational.evtx,Classic,0,"{""EventData"":{""@Name"":""StoppedOnTimeout"",""Data"":[{""@Name"":""TaskName"",""#text"":""\\Microsoft\\Windows\\NetworkAccessProtection\\NAPStatus UI""},{""@Name"":""TaskInstanceId"",""#text"":""b3ed8875-cd13-4b67-a886-03a3fc367eb4""}]}}"
107,107,2015-08-24 07:04:20.4531250,111,Info,Microsoft-Windows-TaskScheduler,Microsoft-Windows-TaskScheduler/Operational,508,1920,WIN-L0ZZQ76PMUF,0,S-1-5-21-3848053756-3249532031-1848221756-500,,,,,,,,,,,False,M:\Forensics\TrainingImages\AliHadi\Challenge1\tout\M\Forensics\TrainingImages\AliHadi\Challenge1\s4a-challenge4\Windows\System32\winevt\logs\Microsoft-Windows-TaskScheduler%4Operational.evtx,Classic,0,"{""EventData"":{""@Name"":""TaskTerminationEvent"",""Data"":[{""@Name"":""TaskName"",""#text"":""\\Microsoft\\Windows\\NetworkAccessProtection\\NAPStatus UI""},{""@Name"":""InstanceId"",""#text"":""b3ed8875-cd13-4b67-a886-03a3fc367eb4""}]}}"
108,108,2015-08-24 07:04:26.0312500,201,Info,Microsoft-Windows-TaskScheduler,Microsoft-Windows-TaskScheduler/Operational,508,1072,WIN-L0ZZQ76PMUF,0,S-1-5-21-3848053756-3249532031-1848221756-500,Scheduled Task completed,,,Task: \Microsoft\Windows\Server Manager\ServerManager,Instance Id: 7c772759-acb7-40bd-abb4-9a926324d488,,,,,C:\Windows\system32\ServerManagerLauncher.exe,False,M:\Forensics\TrainingImages\AliHadi\Challenge1\tout\M\Forensics\TrainingImages\AliHadi\Challenge1\s4a-challenge4\Windows\System32\winevt\logs\Microsoft-Windows-TaskScheduler%4Operational.evtx,Classic,0,"{""EventData"":{""@Name"":""ActionSuccess"",""Data"":[{""@Name"":""TaskName"",""#text"":""\\Microsoft\\Windows\\Server Manager\\ServerManager""},{""@Name"":""TaskInstanceId"",""#text"":""7c772759-acb7-40bd-abb4-9a926324d488""},{""@Name"":""ActionName"",""#text"":""C:\\Windows\\system32\\ServerManagerLauncher.exe""},{""@Name"":""ResultCode"",""#text"":""0""}]}}"
109,109,2015-08-24 07:04:26.0312500,102,Info,Microsoft-Windows-TaskScheduler,Microsoft-Windows-TaskScheduler/Operational,508,1072,WIN-L0ZZQ76PMUF,0,S-1-5-21-3848053756-3249532031-1848221756-500,Scheduled Task completed,Context: WIN-L0ZZQ76PMUF\Administrator,,Task: \Microsoft\Windows\Server Manager\ServerManager,Instance Id: 7c772759-acb7-40bd-abb4-9a926324d488,,,,,,False,M:\Forensics\TrainingImages\AliHadi\Challenge1\tout\M\Forensics\TrainingImages\AliHadi\Challenge1\s4a-challenge4\Windows\System32\winevt\logs\Microsoft-Windows-TaskScheduler%4Operational.evtx,Classic,0,"{""EventData"":{""@Name"":""TaskSuccessEvent"",""Data"":[{""@Name"":""TaskName"",""#text"":""\\Microsoft\\Windows\\Server Manager\\ServerManager""},{""@Name"":""UserContext"",""#text"":""WIN-L0ZZQ76PMUF\\Administrator""},{""@Name"":""InstanceId"",""#text"":""7c772759-acb7-40bd-abb4-9a926324d488""}]}}"
110,110,2015-08-24 07:12:14.1250000,319,Info,Microsoft-Windows-TaskScheduler,Microsoft-Windows-TaskScheduler/Operational,1800,1988,WIN-L0ZZQ76PMUF,0,S-1-5-18,,,,,,,,,,,False,M:\Forensics\TrainingImages\AliHadi\Challenge1\tout\M\Forensics\TrainingImages\AliHadi\Challenge1\s4a-challenge4\Windows\System32\winevt\logs\Microsoft-Windows-TaskScheduler%4Operational.evtx,Classic,0,"{""EventData"":{""@Name"":""TaskEngineProcessReceivedStartTask"",""Data"":[{""@Name"":""TaskEngineName"",""#text"":""S-1-5-18:NT AUTHORITY\\System:Service:""},{""@Name"":""TaskName"",""#text"":""\\Microsoft\\Windows\\Customer Experience Improvement Program\\Consolidator""}]}}"
111,111,2015-08-24 07:12:14.1250000,100,Info,Microsoft-Windows-TaskScheduler,Microsoft-Windows-TaskScheduler/Operational,1800,1988,WIN-L0ZZQ76PMUF,0,S-1-5-18,Scheduled Task started,Context: WORKGROUP\WIN-L0ZZQ76PMUF$,,Task: \Microsoft\Windows\Customer Experience Improvement Program\Consolidator,Instance Id: ee257fa7-590f-40b6-beb7-97f563376258,,,,,,False,M:\Forensics\TrainingImages\AliHadi\Challenge1\tout\M\Forensics\TrainingImages\AliHadi\Challenge1\s4a-challenge4\Windows\System32\winevt\logs\Microsoft-Windows-TaskScheduler%4Operational.evtx,Classic,0,"{""EventData"":{""@Name"":""TaskStartEvent"",""Data"":[{""@Name"":""TaskName"",""#text"":""\\Microsoft\\Windows\\Customer Experience Improvement Program\\Consolidator""},{""@Name"":""UserContext"",""#text"":""WORKGROUP\\WIN-L0ZZQ76PMUF$""},{""@Name"":""InstanceId"",""#text"":""ee257fa7-590f-40b6-beb7-97f563376258""}]}}"
112,112,2015-08-24 07:12:14.1250000,200,Info,Microsoft-Windows-TaskScheduler,Microsoft-Windows-TaskScheduler/Operational,1800,220,WIN-L0ZZQ76PMUF,0,S-1-5-18,Scheduled Task executed,,,Task: \Microsoft\Windows\Customer Experience Improvement Program\Consolidator,Instance Id: ee257fa7-590f-40b6-beb7-97f563376258,,,,,%SystemRoot%\System32\wsqmcons.exe,False,M:\Forensics\TrainingImages\AliHadi\Challenge1\tout\M\Forensics\TrainingImages\AliHadi\Challenge1\s4a-challenge4\Windows\System32\winevt\logs\Microsoft-Windows-TaskScheduler%4Operational.evtx,Classic,0,"{""EventData"":{""@Name"":""ActionStart"",""Data"":[{""@Name"":""TaskName"",""#text"":""\\Microsoft\\Windows\\Customer Experience Improvement Program\\Consolidator""},{""@Name"":""ActionName"",""#text"":""%SystemRoot%\\System32\\wsqmcons.exe""},{""@Name"":""TaskInstanceId"",""#text"":""ee257fa7-590f-40b6-beb7-97f563376258""}]}}"
113,113,2015-08-24 07:12:14.2500000,129,Info,Microsoft-Windows-TaskScheduler,Microsoft-Windows-TaskScheduler/Operational,1800,220,WIN-L0ZZQ76PMUF,0,S-1-5-18,Scheduled Task created,,,Task: \Microsoft\Windows\Customer Experience Improvement Program\Consolidator,ProcessID: 408,,,,,C:\Windows\System32\wsqmcons.exe,False,M:\Forensics\TrainingImages\AliHadi\Challenge1\tout\M\Forensics\TrainingImages\AliHadi\Challenge1\s4a-challenge4\Windows\System32\winevt\logs\Microsoft-Windows-TaskScheduler%4Operational.evtx,Classic,0,"{""EventData"":{""@Name"":""CreatedTaskProcess"",""Data"":[{""@Name"":""TaskName"",""#text"":""\\Microsoft\\Windows\\Customer Experience Improvement Program\\Consolidator""},{""@Name"":""Path"",""#text"":""C:\\Windows\\System32\\wsqmcons.exe""},{""@Name"":""ProcessID"",""#text"":""408""},{""@Name"":""Priority"",""#text"":""7""}]}}"
114,114,2015-08-24 07:12:14.7031250,201,Info,Microsoft-Windows-TaskScheduler,Microsoft-Windows-TaskScheduler/Operational,1800,220,WIN-L0ZZQ76PMUF,0,S-1-5-18,Scheduled Task completed,,,Task: \Microsoft\Windows\Customer Experience Improvement Program\Consolidator,Instance Id: ee257fa7-590f-40b6-beb7-97f563376258,,,,,C:\Windows\System32\wsqmcons.exe,False,M:\Forensics\TrainingImages\AliHadi\Challenge1\tout\M\Forensics\TrainingImages\AliHadi\Challenge1\s4a-challenge4\Windows\System32\winevt\logs\Microsoft-Windows-TaskScheduler%4Operational.evtx,Classic,0,"{""EventData"":{""@Name"":""ActionSuccess"",""Data"":[{""@Name"":""TaskName"",""#text"":""\\Microsoft\\Windows\\Customer Experience Improvement Program\\Consolidator""},{""@Name"":""TaskInstanceId"",""#text"":""ee257fa7-590f-40b6-beb7-97f563376258""},{""@Name"":""ActionName"",""#text"":""C:\\Windows\\System32\\wsqmcons.exe""},{""@Name"":""ResultCode"",""#text"":""2147488001""}]}}"
115,115,2015-08-24 07:12:14.7031250,102,Info,Microsoft-Windows-TaskScheduler,Microsoft-Windows-TaskScheduler/Operational,1800,220,WIN-L0ZZQ76PMUF,0,S-1-5-18,Scheduled Task completed,Context: WORKGROUP\WIN-L0ZZQ76PMUF$,,Task: \Microsoft\Windows\Customer Experience Improvement Program\Consolidator,Instance Id: ee257fa7-590f-40b6-beb7-97f563376258,,,,,,False,M:\Forensics\TrainingImages\AliHadi\Challenge1\tout\M\Forensics\TrainingImages\AliHadi\Challenge1\s4a-challenge4\Windows\System32\winevt\logs\Microsoft-Windows-TaskScheduler%4Operational.evtx,Classic,0,"{""EventData"":{""@Name"":""TaskSuccessEvent"",""Data"":[{""@Name"":""TaskName"",""#text"":""\\Microsoft\\Windows\\Customer Experience Improvement Program\\Consolidator""},{""@Name"":""UserContext"",""#text"":""WORKGROUP\\WIN-L0ZZQ76PMUF$""},{""@Name"":""InstanceId"",""#text"":""ee257fa7-590f-40b6-beb7-97f563376258""}]}}"
116,116,2015-08-24 07:14:19.2655000,330,Info,Microsoft-Windows-TaskScheduler,Microsoft-Windows-TaskScheduler/Operational,1800,1868,WIN-L0ZZQ76PMUF,0,S-1-5-18,,,,,,,,,,,False,M:\Forensics\TrainingImages\AliHadi\Challenge1\tout\M\Forensics\TrainingImages\AliHadi\Challenge1\s4a-challenge4\Windows\System32\winevt\logs\Microsoft-Windows-TaskScheduler%4Operational.evtx,Classic,0,"{""EventData"":{""@Name"":""StoppedOnRequest"",""Data"":[{""@Name"":""TaskName"",""#text"":""\\Microsoft\\Windows\\CertificateServicesClient\\SystemTask""},{""@Name"":""TaskInstanceId"",""#text"":""802f37ff-c58f-4330-b937-e34765a80504""},{""@Name"":""UserContext"",""#text"":""WORKGROUP\\WIN-L0ZZQ76PMUF$""}]}}"
117,117,2015-08-24 07:14:19.2655000,111,Info,Microsoft-Windows-TaskScheduler,Microsoft-Windows-TaskScheduler/Operational,1800,1868,WIN-L0ZZQ76PMUF,0,S-1-5-18,,,,,,,,,,,False,M:\Forensics\TrainingImages\AliHadi\Challenge1\tout\M\Forensics\TrainingImages\AliHadi\Challenge1\s4a-challenge4\Windows\System32\winevt\logs\Microsoft-Windows-TaskScheduler%4Operational.evtx,Classic,0,"{""EventData"":{""@Name"":""TaskTerminationEvent"",""Data"":[{""@Name"":""TaskName"",""#text"":""\\Microsoft\\Windows\\CertificateServicesClient\\SystemTask""},{""@Name"":""InstanceId"",""#text"":""802f37ff-c58f-4330-b937-e34765a80504""}]}}"
118,118,2015-08-24 07:14:19.4686250,301,Info,Microsoft-Windows-TaskScheduler,Microsoft-Windows-TaskScheduler/Operational,1800,1804,WIN-L0ZZQ76PMUF,0,S-1-5-18,,,,,,,,,,,False,M:\Forensics\TrainingImages\AliHadi\Challenge1\tout\M\Forensics\TrainingImages\AliHadi\Challenge1\s4a-challenge4\Windows\System32\winevt\logs\Microsoft-Windows-TaskScheduler%4Operational.evtx,Classic,0,"{""EventData"":{""@Name"":""TaskEngineExitEvent"",""Data"":{""@Name"":""TaskEngineName"",""#text"":""S-1-5-18:NT AUTHORITY\\System:Service:""}}}"
119,119,2015-08-24 07:14:19.4686250,318,Info,Microsoft-Windows-TaskScheduler,Microsoft-Windows-TaskScheduler/Operational,1800,1804,WIN-L0ZZQ76PMUF,0,S-1-5-18,,,,,,,,,,,False,M:\Forensics\TrainingImages\AliHadi\Challenge1\tout\M\Forensics\TrainingImages\AliHadi\Challenge1\s4a-challenge4\Windows\System32\winevt\logs\Microsoft-Windows-TaskScheduler%4Operational.evtx,Classic,0,"{""EventData"":{""@Name"":""TaskEngineProcessMainShutdown"",""Data"":{""@Name"":""TaskEngineName"",""#text"":""S-1-5-18:NT AUTHORITY\\System:Service:""}}}"
120,120,2015-08-23 21:14:58.3756250,700,Info,Microsoft-Windows-TaskScheduler,Microsoft-Windows-TaskScheduler/Operational,1028,1320,WIN-L0ZZQ76PMUF,0,S-1-5-18,,,,,,,,,,,False,M:\Forensics\TrainingImages\AliHadi\Challenge1\tout\M\Forensics\TrainingImages\AliHadi\Challenge1\s4a-challenge4\Windows\System32\winevt\logs\Microsoft-Windows-TaskScheduler%4Operational.evtx,Classic,0,"{""EventData"":{""@Name"":""CompatibilityAdapterLaunch""}}"
121,121,2015-08-23 21:14:58.3912500,400,Info,Microsoft-Windows-TaskScheduler,Microsoft-Windows-TaskScheduler/Operational,1028,1320,WIN-L0ZZQ76PMUF,0,S-1-5-18,,,,,,,,,,,False,M:\Forensics\TrainingImages\AliHadi\Challenge1\tout\M\Forensics\TrainingImages\AliHadi\Challenge1\s4a-challenge4\Windows\System32\winevt\logs\Microsoft-Windows-TaskScheduler%4Operational.evtx,Classic,0,"{""EventData"":{""@Name"":""ServiceStartEvent""}}"
122,122,2015-08-23 21:14:58.3912500,118,Info,Microsoft-Windows-TaskScheduler,Microsoft-Windows-TaskScheduler/Operational,1028,1320,WIN-L0ZZQ76PMUF,0,S-1-5-18,,,,,,,,,,,False,M:\Forensics\TrainingImages\AliHadi\Challenge1\tout\M\Forensics\TrainingImages\AliHadi\Challenge1\s4a-challenge4\Windows\System32\winevt\logs\Microsoft-Windows-TaskScheduler%4Operational.evtx,Classic,0,"{""EventData"":{""@Name"":""BootTrigger"",""Data"":[{""@Name"":""TaskName"",""#text"":""\\Microsoft\\Windows\\CertificateServicesClient\\SystemTask""},{""@Name"":""InstanceId"",""#text"":""7259789f-76fe-49b0-a2df-9a8f304d249a""}]}}"
123,123,2015-08-23 21:14:58.3912500,118,Info,Microsoft-Windows-TaskScheduler,Microsoft-Windows-TaskScheduler/Operational,1028,1320,WIN-L0ZZQ76PMUF,0,S-1-5-18,,,,,,,,,,,False,M:\Forensics\TrainingImages\AliHadi\Challenge1\tout\M\Forensics\TrainingImages\AliHadi\Challenge1\s4a-challenge4\Windows\System32\winevt\logs\Microsoft-Windows-TaskScheduler%4Operational.evtx,Classic,0,"{""EventData"":{""@Name"":""BootTrigger"",""Data"":[{""@Name"":""TaskName"",""#text"":""\\Microsoft\\Windows\\RAC\\RACAgent""},{""@Name"":""InstanceId"",""#text"":""3b1bf088-e374-4537-9a49-4ff4ae879104""}]}}"
124,124,2015-08-23 21:15:08.4693750,310,Info,Microsoft-Windows-TaskScheduler,Microsoft-Windows-TaskScheduler/Operational,1028,1340,WIN-L0ZZQ76PMUF,0,S-1-5-18,,,,,,,,,,,False,M:\Forensics\TrainingImages\AliHadi\Challenge1\tout\M\Forensics\TrainingImages\AliHadi\Challenge1\s4a-challenge4\Windows\System32\winevt\logs\Microsoft-Windows-TaskScheduler%4Operational.evtx,Classic,0,"{""EventData"":{""@Name"":""TaskEngineProcessStarted"",""Data"":[{""@Name"":""TaskEngineName"",""#text"":""S-1-5-18:NT AUTHORITY\\System:Service:""},{""@Name"":""Command"",""#text"":""taskeng.exe""},{""@Name"":""ProcessID"",""#text"":""1932""},{""@Name"":""ThreadID"",""#text"":""1936""}]}}"
125,125,2015-08-23 21:15:08.6256250,317,Info,Microsoft-Windows-TaskScheduler,Microsoft-Windows-TaskScheduler/Operational,1932,1936,WIN-L0ZZQ76PMUF,0,S-1-5-18,,,,,,,,,,,False,M:\Forensics\TrainingImages\AliHadi\Challenge1\tout\M\Forensics\TrainingImages\AliHadi\Challenge1\s4a-challenge4\Windows\System32\winevt\logs\Microsoft-Windows-TaskScheduler%4Operational.evtx,Classic,0,"{""EventData"":{""@Name"":""TaskEngineProcessMainStarted"",""Data"":{""@Name"":""TaskEngineName"",""#text"":""S-1-5-18:NT AUTHORITY\\System:Service:""}}}"
126,126,2015-08-23 21:15:08.6412500,319,Info,Microsoft-Windows-TaskScheduler,Microsoft-Windows-TaskScheduler/Operational,1932,1968,WIN-L0ZZQ76PMUF,0,S-1-5-18,,,,,,,,,,,False,M:\Forensics\TrainingImages\AliHadi\Challenge1\tout\M\Forensics\TrainingImages\AliHadi\Challenge1\s4a-challenge4\Windows\System32\winevt\logs\Microsoft-Windows-TaskScheduler%4Operational.evtx,Classic,0,"{""EventData"":{""@Name"":""TaskEngineProcessReceivedStartTask"",""Data"":[{""@Name"":""TaskEngineName"",""#text"":""S-1-5-18:NT AUTHORITY\\System:Service:""},{""@Name"":""TaskName"",""#text"":""\\Microsoft\\Windows\\CertificateServicesClient\\SystemTask""}]}}"
127,127,2015-08-23 21:15:08.7350000,100,Info,Microsoft-Windows-TaskScheduler,Microsoft-Windows-TaskScheduler/Operational,1932,1968,WIN-L0ZZQ76PMUF,0,S-1-5-18,Scheduled Task started,Context: WORKGROUP\WIN-L0ZZQ76PMUF$,,Task: \Microsoft\Windows\CertificateServicesClient\SystemTask,Instance Id: 7259789f-76fe-49b0-a2df-9a8f304d249a,,,,,,False,M:\Forensics\TrainingImages\AliHadi\Challenge1\tout\M\Forensics\TrainingImages\AliHadi\Challenge1\s4a-challenge4\Windows\System32\winevt\logs\Microsoft-Windows-TaskScheduler%4Operational.evtx,Classic,0,"{""EventData"":{""@Name"":""TaskStartEvent"",""Data"":[{""@Name"":""TaskName"",""#text"":""\\Microsoft\\Windows\\CertificateServicesClient\\SystemTask""},{""@Name"":""UserContext"",""#text"":""WORKGROUP\\WIN-L0ZZQ76PMUF$""},{""@Name"":""InstanceId"",""#text"":""7259789f-76fe-49b0-a2df-9a8f304d249a""}]}}"
128,128,2015-08-23 21:15:08.7350000,200,Info,Microsoft-Windows-TaskScheduler,Microsoft-Windows-TaskScheduler/Operational,1932,1980,WIN-L0ZZQ76PMUF,0,S-1-5-18,Scheduled Task executed,,,Task: \Microsoft\Windows\CertificateServicesClient\SystemTask,Instance Id: 7259789f-76fe-49b0-a2df-9a8f304d249a,,,,,Certificate Services Client Task Handler,False,M:\Forensics\TrainingImages\AliHadi\Challenge1\tout\M\Forensics\TrainingImages\AliHadi\Challenge1\s4a-challenge4\Windows\System32\winevt\logs\Microsoft-Windows-TaskScheduler%4Operational.evtx,Classic,0,"{""EventData"":{""@Name"":""ActionStart"",""Data"":[{""@Name"":""TaskName"",""#text"":""\\Microsoft\\Windows\\CertificateServicesClient\\SystemTask""},{""@Name"":""ActionName"",""#text"":""Certificate Services Client Task Handler""},{""@Name"":""TaskInstanceId"",""#text"":""7259789f-76fe-49b0-a2df-9a8f304d249a""}]}}"
129,129,2015-08-23 21:17:35.2037500,119,Info,Microsoft-Windows-TaskScheduler,Microsoft-Windows-TaskScheduler/Operational,1028,1032,WIN-L0ZZQ76PMUF,0,S-1-5-18,Scheduled Task triggered on logon,WIN-L0ZZQ76PMUF\Administrator,,Task: \Microsoft\Windows\CertificateServicesClient\UserTask,Instance Id: 8f775a65-6adb-4eb2-b913-4e20117d0cfd,,,,,,False,M:\Forensics\TrainingImages\AliHadi\Challenge1\tout\M\Forensics\TrainingImages\AliHadi\Challenge1\s4a-challenge4\Windows\System32\winevt\logs\Microsoft-Windows-TaskScheduler%4Operational.evtx,Classic,0,"{""EventData"":{""@Name"":""LogonTrigger"",""Data"":[{""@Name"":""TaskName"",""#text"":""\\Microsoft\\Windows\\CertificateServicesClient\\UserTask""},{""@Name"":""UserName"",""#text"":""WIN-L0ZZQ76PMUF\\Administrator""},{""@Name"":""InstanceId"",""#text"":""8f775a65-6adb-4eb2-b913-4e20117d0cfd""}]}}"
130,130,2015-08-23 21:17:35.2037500,119,Info,Microsoft-Windows-TaskScheduler,Microsoft-Windows-TaskScheduler/Operational,1028,1032,WIN-L0ZZQ76PMUF,0,S-1-5-18,Scheduled Task triggered on logon,WIN-L0ZZQ76PMUF\Administrator,,Task: \Microsoft\Windows\Windows Error Reporting\QueueReporting,Instance Id: f1714039-6810-46c6-a252-a4007dee7c79,,,,,,False,M:\Forensics\TrainingImages\AliHadi\Challenge1\tout\M\Forensics\TrainingImages\AliHadi\Challenge1\s4a-challenge4\Windows\System32\winevt\logs\Microsoft-Windows-TaskScheduler%4Operational.evtx,Classic,0,"{""EventData"":{""@Name"":""LogonTrigger"",""Data"":[{""@Name"":""TaskName"",""#text"":""\\Microsoft\\Windows\\Windows Error Reporting\\QueueReporting""},{""@Name"":""UserName"",""#text"":""WIN-L0ZZQ76PMUF\\Administrator""},{""@Name"":""InstanceId"",""#text"":""f1714039-6810-46c6-a252-a4007dee7c79""}]}}"
131,131,2015-08-23 21:17:35.2037500,119,Info,Microsoft-Windows-TaskScheduler,Microsoft-Windows-TaskScheduler/Operational,1028,1032,WIN-L0ZZQ76PMUF,0,S-1-5-18,Scheduled Task triggered on logon,WIN-L0ZZQ76PMUF\Administrator,,Task: \Microsoft\Windows\TextServicesFramework\MsCtfMonitor,Instance Id: c1e2fd31-7a77-4d2c-902b-416ddb0543e5,,,,,,False,M:\Forensics\TrainingImages\AliHadi\Challenge1\tout\M\Forensics\TrainingImages\AliHadi\Challenge1\s4a-challenge4\Windows\System32\winevt\logs\Microsoft-Windows-TaskScheduler%4Operational.evtx,Classic,0,"{""EventData"":{""@Name"":""LogonTrigger"",""Data"":[{""@Name"":""TaskName"",""#text"":""\\Microsoft\\Windows\\TextServicesFramework\\MsCtfMonitor""},{""@Name"":""UserName"",""#text"":""WIN-L0ZZQ76PMUF\\Administrator""},{""@Name"":""InstanceId"",""#text"":""c1e2fd31-7a77-4d2c-902b-416ddb0543e5""}]}}"
132,132,2015-08-23 21:17:35.2037500,119,Info,Microsoft-Windows-TaskScheduler,Microsoft-Windows-TaskScheduler/Operational,1028,1032,WIN-L0ZZQ76PMUF,0,S-1-5-18,Scheduled Task triggered on logon,WIN-L0ZZQ76PMUF\Administrator,,Task: \Microsoft\Windows\NetworkAccessProtection\NAPStatus UI,Instance Id: 78164972-8685-4d29-9cc8-19d0a2664b5d,,,,,,False,M:\Forensics\TrainingImages\AliHadi\Challenge1\tout\M\Forensics\TrainingImages\AliHadi\Challenge1\s4a-challenge4\Windows\System32\winevt\logs\Microsoft-Windows-TaskScheduler%4Operational.evtx,Classic,0,"{""EventData"":{""@Name"":""LogonTrigger"",""Data"":[{""@Name"":""TaskName"",""#text"":""\\Microsoft\\Windows\\NetworkAccessProtection\\NAPStatus UI""},{""@Name"":""UserName"",""#text"":""WIN-L0ZZQ76PMUF\\Administrator""},{""@Name"":""InstanceId"",""#text"":""78164972-8685-4d29-9cc8-19d0a2664b5d""}]}}"
133,133,2015-08-23 21:17:35.2037500,119,Info,Microsoft-Windows-TaskScheduler,Microsoft-Windows-TaskScheduler/Operational,1028,1032,WIN-L0ZZQ76PMUF,0,S-1-5-18,Scheduled Task triggered on logon,WIN-L0ZZQ76PMUF\Administrator,,Task: \Microsoft\Windows\Server Manager\ServerManager,Instance Id: cf47c4a9-8bcd-425e-acdd-d42f63d5d528,,,,,,False,M:\Forensics\TrainingImages\AliHadi\Challenge1\tout\M\Forensics\TrainingImages\AliHadi\Challenge1\s4a-challenge4\Windows\System32\winevt\logs\Microsoft-Windows-TaskScheduler%4Operational.evtx,Classic,0,"{""EventData"":{""@Name"":""LogonTrigger"",""Data"":[{""@Name"":""TaskName"",""#text"":""\\Microsoft\\Windows\\Server Manager\\ServerManager""},{""@Name"":""UserName"",""#text"":""WIN-L0ZZQ76PMUF\\Administrator""},{""@Name"":""InstanceId"",""#text"":""cf47c4a9-8bcd-425e-acdd-d42f63d5d528""}]}}"
134,134,2015-08-23 21:17:35.2037500,119,Info,Microsoft-Windows-TaskScheduler,Microsoft-Windows-TaskScheduler/Operational,1028,1032,WIN-L0ZZQ76PMUF,0,S-1-5-18,Scheduled Task triggered on logon,WIN-L0ZZQ76PMUF\Administrator,,Task: \Microsoft\Windows\Multimedia\SystemSoundsService,Instance Id: 3a931cc3-0031-4d14-bcb8-e43a17ef9f16,,,,,,False,M:\Forensics\TrainingImages\AliHadi\Challenge1\tout\M\Forensics\TrainingImages\AliHadi\Challenge1\s4a-challenge4\Windows\System32\winevt\logs\Microsoft-Windows-TaskScheduler%4Operational.evtx,Classic,0,"{""EventData"":{""@Name"":""LogonTrigger"",""Data"":[{""@Name"":""TaskName"",""#text"":""\\Microsoft\\Windows\\Multimedia\\SystemSoundsService""},{""@Name"":""UserName"",""#text"":""WIN-L0ZZQ76PMUF\\Administrator""},{""@Name"":""InstanceId"",""#text"":""3a931cc3-0031-4d14-bcb8-e43a17ef9f16""}]}}"
135,135,2015-08-23 21:17:35.2662500,310,Info,Microsoft-Windows-TaskScheduler,Microsoft-Windows-TaskScheduler/Operational,1028,1340,WIN-L0ZZQ76PMUF,0,S-1-5-18,,,,,,,,,,,False,M:\Forensics\TrainingImages\AliHadi\Challenge1\tout\M\Forensics\TrainingImages\AliHadi\Challenge1\s4a-challenge4\Windows\System32\winevt\logs\Microsoft-Windows-TaskScheduler%4Operational.evtx,Classic,0,"{""EventData"":{""@Name"":""TaskEngineProcessStarted"",""Data"":[{""@Name"":""TaskEngineName"",""#text"":""S-1-5-21-3848053756-3249532031-1848221756-500:WIN-L0ZZQ76PMUF\\Administrator:Interactive:[1]""},{""@Name"":""Command"",""#text"":""taskeng.exe""},{""@Name"":""ProcessID"",""#text"":""1952""},{""@Name"":""ThreadID"",""#text"":""1992""}]}}"
