136,136,2015-08-23 21:17:35.4068750,317,Info,Microsoft-Windows-TaskScheduler,Microsoft-Windows-TaskScheduler/Operational,1952,1992,WIN-L0ZZQ76PMUF,0,S-1-5-21-3848053756-3249532031-1848221756-500,,,,,,,,,,,False,M:\Forensics\TrainingImages\AliHadi\Challenge1\tout\M\Forensics\TrainingImages\AliHadi\Challenge1\s4a-challenge4\Windows\System32\winevt\logs\Microsoft-Windows-TaskScheduler%4Operational.evtx,Classic,0,"{""EventData"":{""@Name"":""TaskEngineProcessMainStarted"",""Data"":{""@Name"":""TaskEngineName"",""#text"":""S-1-5-21-3848053756-3249532031-1848221756-500:WIN-L0ZZQ76PMUF\\Administrator:Interactive:[1]""}}}"
137,137,2015-08-23 21:17:35.4068750,319,Info,Microsoft-Windows-TaskScheduler,Microsoft-Windows-TaskScheduler/Operational,1952,1964,WIN-L0ZZQ76PMUF,0,S-1-5-21-3848053756-3249532031-1848221756-500,,,,,,,,,,,False,M:\Forensics\TrainingImages\AliHadi\Challenge1\tout\M\Forensics\TrainingImages\AliHadi\Challenge1\s4a-challenge4\Windows\System32\winevt\logs\Microsoft-Windows-TaskScheduler%4Operational.evtx,Classic,0,"{""EventData"":{""@Name"":""TaskEngineProcessReceivedStartTask"",""Data"":[{""@Name"":""TaskEngineName"",""#text"":""S-1-5-21-3848053756-3249532031-1848221756-500:WIN-L0ZZQ76PMUF\\Administrator:Interactive:[1]""},{""@Name"":""TaskName"",""#text"":""\\Microsoft\\Windows\\Server Manager\\ServerManager""}]}}"
138,138,2015-08-23 21:17:35.4850000,100,Info,Microsoft-Windows-TaskScheduler,Microsoft-Windows-TaskScheduler/Operational,1952,1964,WIN-L0ZZQ76PMUF,0,S-1-5-21-3848053756-3249532031-1848221756-500,Scheduled Task started,Context: WIN-L0ZZQ76PMUF\Administrator,,Task: \Microsoft\Windows\Server Manager\ServerManager,Instance Id: cf47c4a9-8bcd-425e-acdd-d42f63d5d528,,,,,,False,M:\Forensics\TrainingImages\AliHadi\Challenge1\tout\M\Forensics\TrainingImages\AliHadi\Challenge1\s4a-challenge4\Windows\System32\winevt\logs\Microsoft-Windows-TaskScheduler%4Operational.evtx,Classic,0,"{""EventData"":{""@Name"":""TaskStartEvent"",""Data"":[{""@Name"":""TaskName"",""#text"":""\\Microsoft\\Windows\\Server Manager\\ServerManager""},{""@Name"":""UserContext"",""#text"":""WIN-L0ZZQ76PMUF\\Administrator""},{""@Name"":""InstanceId"",""#text"":""cf47c4a9-8bcd-425e-acdd-d42f63d5d528""}]}}"
139,139,2015-08-23 21:17:35.4850000,319,Info,Microsoft-Windows-TaskScheduler,Microsoft-Windows-TaskScheduler/Operational,1952,1964,WIN-L0ZZQ76PMUF,0,S-1-5-21-3848053756-3249532031-1848221756-500,,,,,,,,,,,False,M:\Forensics\TrainingImages\AliHadi\Challenge1\tout\M\Forensics\TrainingImages\AliHadi\Challenge1\s4a-challenge4\Windows\System32\winevt\logs\Microsoft-Windows-TaskScheduler%4Operational.evtx,Classic,0,"{""EventData"":{""@Name"":""TaskEngineProcessReceivedStartTask"",""Data"":[{""@Name"":""TaskEngineName"",""#text"":""S-1-5-21-3848053756-3249532031-1848221756-500:WIN-L0ZZQ76PMUF\\Administrator:Interactive:[1]""},{""@Name"":""TaskName"",""#text"":""\\Microsoft\\Windows\\CertificateServicesClient\\UserTask""}]}}"
140,140,2015-08-23 21:17:35.4850000,200,Info,Microsoft-Windows-TaskScheduler,Microsoft-Windows-TaskScheduler/Operational,1952,2016,WIN-L0ZZQ76PMUF,0,S-1-5-21-3848053756-3249532031-1848221756-500,Scheduled Task executed,,,Task: \Microsoft\Windows\Server Manager\ServerManager,Instance Id: cf47c4a9-8bcd-425e-acdd-d42f63d5d528,,,,,%windir%\system32\ServerManagerLauncher.exe,False,M:\Forensics\TrainingImages\AliHadi\Challenge1\tout\M\Forensics\TrainingImages\AliHadi\Challenge1\s4a-challenge4\Windows\System32\winevt\logs\Microsoft-Windows-TaskScheduler%4Operational.evtx,Classic,0,"{""EventData"":{""@Name"":""ActionStart"",""Data"":[{""@Name"":""TaskName"",""#text"":""\\Microsoft\\Windows\\Server Manager\\ServerManager""},{""@Name"":""ActionName"",""#text"":""%windir%\\system32\\ServerManagerLauncher.exe""},{""@Name"":""TaskInstanceId"",""#text"":""cf47c4a9-8bcd-425e-acdd-d42f63d5d528""}]}}"
141,141,2015-08-23 21:17:35.5006250,100,Info,Microsoft-Windows-TaskScheduler,Microsoft-Windows-TaskScheduler/Operational,1952,1964,WIN-L0ZZQ76PMUF,0,S-1-5-21-3848053756-3249532031-1848221756-500,Scheduled Task started,Context: WIN-L0ZZQ76PMUF\Administrator,,Task: \Microsoft\Windows\CertificateServicesClient\UserTask,Instance Id: 8f775a65-6adb-4eb2-b913-4e20117d0cfd,,,,,,False,M:\Forensics\TrainingImages\AliHadi\Challenge1\tout\M\Forensics\TrainingImages\AliHadi\Challenge1\s4a-challenge4\Windows\System32\winevt\logs\Microsoft-Windows-TaskScheduler%4Operational.evtx,Classic,0,"{""EventData"":{""@Name"":""TaskStartEvent"",""Data"":[{""@Name"":""TaskName"",""#text"":""\\Microsoft\\Windows\\CertificateServicesClient\\UserTask""},{""@Name"":""UserContext"",""#text"":""WIN-L0ZZQ76PMUF\\Administrator""},{""@Name"":""InstanceId"",""#text"":""8f775a65-6adb-4eb2-b913-4e20117d0cfd""}]}}"
142,142,2015-08-23 21:17:35.5006250,319,Info,Microsoft-Windows-TaskScheduler,Microsoft-Windows-TaskScheduler/Operational,1952,1964,WIN-L0ZZQ76PMUF,0,S-1-5-21-3848053756-3249532031-1848221756-500,,,,,,,,,,,False,M:\Forensics\TrainingImages\AliHadi\Challenge1\tout\M\Forensics\TrainingImages\AliHadi\Challenge1\s4a-challenge4\Windows\System32\winevt\logs\Microsoft-Windows-TaskScheduler%4Operational.evtx,Classic,0,"{""EventData"":{""@Name"":""TaskEngineProcessReceivedStartTask"",""Data"":[{""@Name"":""TaskEngineName"",""#text"":""S-1-5-21-3848053756-3249532031-1848221756-500:WIN-L0ZZQ76PMUF\\Administrator:Interactive:[1]""},{""@Name"":""TaskName"",""#text"":""\\Microsoft\\Windows\\TextServicesFramework\\MsCtfMonitor""}]}}"
143,143,2015-08-23 21:17:35.5006250,200,Info,Microsoft-Windows-TaskScheduler,Microsoft-Windows-TaskScheduler/Operational,1952,2020,WIN-L0ZZQ76PMUF,0,S-1-5-21-3848053756-3249532031-1848221756-500,Scheduled Task executed,,,Task: \Microsoft\Windows\CertificateServicesClient\UserTask,Instance Id: 8f775a65-6adb-4eb2-b913-4e20117d0cfd,,,,,Certificate Services Client Task Handler,False,M:\Forensics\TrainingImages\AliHadi\Challenge1\tout\M\Forensics\TrainingImages\AliHadi\Challenge1\s4a-challenge4\Windows\System32\winevt\logs\Microsoft-Windows-TaskScheduler%4Operational.evtx,Classic,0,"{""EventData"":{""@Name"":""ActionStart"",""Data"":[{""@Name"":""TaskName"",""#text"":""\\Microsoft\\Windows\\CertificateServicesClient\\UserTask""},{""@Name"":""ActionName"",""#text"":""Certificate Services Client Task Handler""},{""@Name"":""TaskInstanceId"",""#text"":""8f775a65-6adb-4eb2-b913-4e20117d0cfd""}]}}"
144,144,2015-08-23 21:17:35.5631250,100,Info,Microsoft-Windows-TaskScheduler,Microsoft-Windows-TaskScheduler/Operational,1952,1964,WIN-L0ZZQ76PMUF,0,S-1-5-21-3848053756-3249532031-1848221756-500,Scheduled Task started,Context: WIN-L0ZZQ76PMUF\Administrator,,Task: \Microsoft\Windows\TextServicesFramework\MsCtfMonitor,Instance Id: c1e2fd31-7a77-4d2c-902b-416ddb0543e5,,,,,,False,M:\Forensics\TrainingImages\AliHadi\Challenge1\tout\M\Forensics\TrainingImages\AliHadi\Challenge1\s4a-challenge4\Windows\System32\winevt\logs\Microsoft-Windows-TaskScheduler%4Operational.evtx,Classic,0,"{""EventData"":{""@Name"":""TaskStartEvent"",""Data"":[{""@Name"":""TaskName"",""#text"":""\\Microsoft\\Windows\\TextServicesFramework\\MsCtfMonitor""},{""@Name"":""UserContext"",""#text"":""WIN-L0ZZQ76PMUF\\Administrator""},{""@Name"":""InstanceId"",""#text"":""c1e2fd31-7a77-4d2c-902b-416ddb0543e5""}]}}"
145,145,2015-08-23 21:17:35.5631250,319,Info,Microsoft-Windows-TaskScheduler,Microsoft-Windows-TaskScheduler/Operational,1952,1964,WIN-L0ZZQ76PMUF,0,S-1-5-21-3848053756-3249532031-1848221756-500,,,,,,,,,,,False,M:\Forensics\TrainingImages\AliHadi\Challenge1\tout\M\Forensics\TrainingImages\AliHadi\Challenge1\s4a-challenge4\Windows\System32\winevt\logs\Microsoft-Windows-TaskScheduler%4Operational.evtx,Classic,0,"{""EventData"":{""@Name"":""TaskEngineProcessReceivedStartTask"",""Data"":[{""@Name"":""TaskEngineName"",""#text"":""S-1-5-21-3848053756-3249532031-1848221756-500:WIN-L0ZZQ76PMUF\\Administrator:Interactive:[1]""},{""@Name"":""TaskName"",""#text"":""\\Microsoft\\Windows\\Multimedia\\SystemSoundsService""}]}}"
146,146,2015-08-23 21:17:35.5631250,200,Info,Microsoft-Windows-TaskScheduler,Microsoft-Windows-TaskScheduler/Operational,1952,2024,WIN-L0ZZQ76PMUF,0,S-1-5-21-3848053756-3249532031-1848221756-500,Scheduled Task executed,,,Task: \Microsoft\Windows\TextServicesFramework\MsCtfMonitor,Instance Id: c1e2fd31-7a77-4d2c-902b-416ddb0543e5,,,,,MsCtfMonitor task handler,False,M:\Forensics\TrainingImages\AliHadi\Challenge1\tout\M\Forensics\TrainingImages\AliHadi\Challenge1\s4a-challenge4\Windows\System32\winevt\logs\Microsoft-Windows-TaskScheduler%4Operational.evtx,Classic,0,"{""EventData"":{""@Name"":""ActionStart"",""Data"":[{""@Name"":""TaskName"",""#text"":""\\Microsoft\\Windows\\TextServicesFramework\\MsCtfMonitor""},{""@Name"":""ActionName"",""#text"":""MsCtfMonitor task handler""},{""@Name"":""TaskInstanceId"",""#text"":""c1e2fd31-7a77-4d2c-902b-416ddb0543e5""}]}}"
147,147,2015-08-23 21:17:35.6568750,100,Info,Microsoft-Windows-TaskScheduler,Microsoft-Windows-TaskScheduler/Operational,1952,1964,WIN-L0ZZQ76PMUF,0,S-1-5-21-3848053756-3249532031-1848221756-500,Scheduled Task started,Context: WIN-L0ZZQ76PMUF\Administrator,,Task: \Microsoft\Windows\Multimedia\SystemSoundsService,Instance Id: 3a931cc3-0031-4d14-bcb8-e43a17ef9f16,,,,,,False,M:\Forensics\TrainingImages\AliHadi\Challenge1\tout\M\Forensics\TrainingImages\AliHadi\Challenge1\s4a-challenge4\Windows\System32\winevt\logs\Microsoft-Windows-TaskScheduler%4Operational.evtx,Classic,0,"{""EventData"":{""@Name"":""TaskStartEvent"",""Data"":[{""@Name"":""TaskName"",""#text"":""\\Microsoft\\Windows\\Multimedia\\SystemSoundsService""},{""@Name"":""UserContext"",""#text"":""WIN-L0ZZQ76PMUF\\Administrator""},{""@Name"":""InstanceId"",""#text"":""3a931cc3-0031-4d14-bcb8-e43a17ef9f16""}]}}"
148,148,2015-08-23 21:17:35.8443750,129,Info,Microsoft-Windows-TaskScheduler,Microsoft-Windows-TaskScheduler/Operational,1952,2016,WIN-L0ZZQ76PMUF,0,S-1-5-21-3848053756-3249532031-1848221756-500,Scheduled Task created,,,Task: \Microsoft\Windows\Server Manager\ServerManager,ProcessID: 2036,,,,,C:\Windows\system32\ServerManagerLauncher.exe,False,M:\Forensics\TrainingImages\AliHadi\Challenge1\tout\M\Forensics\TrainingImages\AliHadi\Challenge1\s4a-challenge4\Windows\System32\winevt\logs\Microsoft-Windows-TaskScheduler%4Operational.evtx,Classic,0,"{""EventData"":{""@Name"":""CreatedTaskProcess"",""Data"":[{""@Name"":""TaskName"",""#text"":""\\Microsoft\\Windows\\Server Manager\\ServerManager""},{""@Name"":""Path"",""#text"":""C:\\Windows\\system32\\ServerManagerLauncher.exe""},{""@Name"":""ProcessID"",""#text"":""2036""},{""@Name"":""Priority"",""#text"":""5""}]}}"
149,149,2015-08-23 21:17:35.8443750,200,Info,Microsoft-Windows-TaskScheduler,Microsoft-Windows-TaskScheduler/Operational,1952,924,WIN-L0ZZQ76PMUF,0,S-1-5-21-3848053756-3249532031-1848221756-500,Scheduled Task executed,,,Task: \Microsoft\Windows\Multimedia\SystemSoundsService,Instance Id: 3a931cc3-0031-4d14-bcb8-e43a17ef9f16,,,,,Microsoft PlaySoundService Class,False,M:\Forensics\TrainingImages\AliHadi\Challenge1\tout\M\Forensics\TrainingImages\AliHadi\Challenge1\s4a-challenge4\Windows\System32\winevt\logs\Microsoft-Windows-TaskScheduler%4Operational.evtx,Classic,0,"{""EventData"":{""@Name"":""ActionStart"",""Data"":[{""@Name"":""TaskName"",""#text"":""\\Microsoft\\Windows\\Multimedia\\SystemSoundsService""},{""@Name"":""ActionName"",""#text"":""Microsoft PlaySoundService Class""},{""@Name"":""TaskInstanceId"",""#text"":""3a931cc3-0031-4d14-bcb8-e43a17ef9f16""}]}}"
150,150,2015-08-23 21:17:40.2037500,319,Info,Microsoft-Windows-TaskScheduler,Microsoft-Windows-TaskScheduler/Operational,1952,1888,WIN-L0ZZQ76PMUF,1,S-1-5-21-3848053756-3249532031-1848221756-500,,,,,,,,,,,False,M:\Forensics\TrainingImages\AliHadi\Challenge1\tout\M\Forensics\TrainingImages\AliHadi\Challenge1\s4a-challenge4\Windows\System32\winevt\logs\Microsoft-Windows-TaskScheduler%4Operational.evtx,Classic,0,"{""EventData"":{""@Name"":""TaskEngineProcessReceivedStartTask"",""Data"":[{""@Name"":""TaskEngineName"",""#text"":""S-1-5-21-3848053756-3249532031-1848221756-500:WIN-L0ZZQ76PMUF\\Administrator:Interactive:[1]""},{""@Name"":""TaskName"",""#text"":""\\Microsoft\\Windows\\NetworkAccessProtection\\NAPStatus UI""}]}}"
151,151,2015-08-23 21:17:40.2662500,100,Info,Microsoft-Windows-TaskScheduler,Microsoft-Windows-TaskScheduler/Operational,1952,1888,WIN-L0ZZQ76PMUF,1,S-1-5-21-3848053756-3249532031-1848221756-500,Scheduled Task started,Context: WIN-L0ZZQ76PMUF\Administrator,,Task: \Microsoft\Windows\NetworkAccessProtection\NAPStatus UI,Instance Id: 78164972-8685-4d29-9cc8-19d0a2664b5d,,,,,,False,M:\Forensics\TrainingImages\AliHadi\Challenge1\tout\M\Forensics\TrainingImages\AliHadi\Challenge1\s4a-challenge4\Windows\System32\winevt\logs\Microsoft-Windows-TaskScheduler%4Operational.evtx,Classic,0,"{""EventData"":{""@Name"":""TaskStartEvent"",""Data"":[{""@Name"":""TaskName"",""#text"":""\\Microsoft\\Windows\\NetworkAccessProtection\\NAPStatus UI""},{""@Name"":""UserContext"",""#text"":""WIN-L0ZZQ76PMUF\\Administrator""},{""@Name"":""InstanceId"",""#text"":""78164972-8685-4d29-9cc8-19d0a2664b5d""}]}}"
152,152,2015-08-23 21:17:40.2662500,200,Info,Microsoft-Windows-TaskScheduler,Microsoft-Windows-TaskScheduler/Operational,1952,1540,WIN-L0ZZQ76PMUF,1,S-1-5-21-3848053756-3249532031-1848221756-500,Scheduled Task executed,,,Task: \Microsoft\Windows\NetworkAccessProtection\NAPStatus UI,Instance Id: 78164972-8685-4d29-9cc8-19d0a2664b5d,,,,,Nap ITask Handler Implementation,False,M:\Forensics\TrainingImages\AliHadi\Challenge1\tout\M\Forensics\TrainingImages\AliHadi\Challenge1\s4a-challenge4\Windows\System32\winevt\logs\Microsoft-Windows-TaskScheduler%4Operational.evtx,Classic,0,"{""EventData"":{""@Name"":""ActionStart"",""Data"":[{""@Name"":""TaskName"",""#text"":""\\Microsoft\\Windows\\NetworkAccessProtection\\NAPStatus UI""},{""@Name"":""ActionName"",""#text"":""Nap ITask Handler Implementation""},{""@Name"":""TaskInstanceId"",""#text"":""78164972-8685-4d29-9cc8-19d0a2664b5d""}]}}"
153,153,2015-08-23 21:17:43.2662500,329,Info,Microsoft-Windows-TaskScheduler,Microsoft-Windows-TaskScheduler/Operational,1952,1540,WIN-L0ZZQ76PMUF,1,S-1-5-21-3848053756-3249532031-1848221756-500,,,,,,,,,,,False,M:\Forensics\TrainingImages\AliHadi\Challenge1\tout\M\Forensics\TrainingImages\AliHadi\Challenge1\s4a-challenge4\Windows\System32\winevt\logs\Microsoft-Windows-TaskScheduler%4Operational.evtx,Classic,0,"{""EventData"":{""@Name"":""StoppedOnTimeout"",""Data"":[{""@Name"":""TaskName"",""#text"":""\\Microsoft\\Windows\\NetworkAccessProtection\\NAPStatus UI""},{""@Name"":""TaskInstanceId"",""#text"":""78164972-8685-4d29-9cc8-19d0a2664b5d""}]}}"
154,154,2015-08-23 21:17:43.2662500,111,Info,Microsoft-Windows-TaskScheduler,Microsoft-Windows-TaskScheduler/Operational,1952,1540,WIN-L0ZZQ76PMUF,1,S-1-5-21-3848053756-3249532031-1848221756-500,,,,,,,,,,,False,M:\Forensics\TrainingImages\AliHadi\Challenge1\tout\M\Forensics\TrainingImages\AliHadi\Challenge1\s4a-challenge4\Windows\System32\winevt\logs\Microsoft-Windows-TaskScheduler%4Operational.evtx,Classic,0,"{""EventData"":{""@Name"":""TaskTerminationEvent"",""Data"":[{""@Name"":""TaskName"",""#text"":""\\Microsoft\\Windows\\NetworkAccessProtection\\NAPStatus UI""},{""@Name"":""InstanceId"",""#text"":""78164972-8685-4d29-9cc8-19d0a2664b5d""}]}}"
155,155,2015-08-23 21:17:45.1100000,201,Info,Microsoft-Windows-TaskScheduler,Microsoft-Windows-TaskScheduler/Operational,1952,2016,WIN-L0ZZQ76PMUF,1,S-1-5-21-3848053756-3249532031-1848221756-500,Scheduled Task completed,,,Task: \Microsoft\Windows\Server Manager\ServerManager,Instance Id: cf47c4a9-8bcd-425e-acdd-d42f63d5d528,,,,,C:\Windows\system32\ServerManagerLauncher.exe,False,M:\Forensics\TrainingImages\AliHadi\Challenge1\tout\M\Forensics\TrainingImages\AliHadi\Challenge1\s4a-challenge4\Windows\System32\winevt\logs\Microsoft-Windows-TaskScheduler%4Operational.evtx,Classic,0,"{""EventData"":{""@Name"":""ActionSuccess"",""Data"":[{""@Name"":""TaskName"",""#text"":""\\Microsoft\\Windows\\Server Manager\\ServerManager""},{""@Name"":""TaskInstanceId"",""#text"":""cf47c4a9-8bcd-425e-acdd-d42f63d5d528""},{""@Name"":""ActionName"",""#text"":""C:\\Windows\\system32\\ServerManagerLauncher.exe""},{""@Name"":""ResultCode"",""#text"":""0""}]}}"
156,156,2015-08-23 21:17:45.1100000,102,Info,Microsoft-Windows-TaskScheduler,Microsoft-Windows-TaskScheduler/Operational,1952,2016,WIN-L0ZZQ76PMUF,1,S-1-5-21-3848053756-3249532031-1848221756-500,Scheduled Task completed,Context: WIN-L0ZZQ76PMUF\Administrator,,Task: \Microsoft\Windows\Server Manager\ServerManager,Instance Id: cf47c4a9-8bcd-425e-acdd-d42f63d5d528,,,,,,False,M:\Forensics\TrainingImages\AliHadi\Challenge1\tout\M\Forensics\TrainingImages\AliHadi\Challenge1\s4a-challenge4\Windows\System32\winevt\logs\Microsoft-Windows-TaskScheduler%4Operational.evtx,Classic,0,"{""EventData"":{""@Name"":""TaskSuccessEvent"",""Data"":[{""@Name"":""TaskName"",""#text"":""\\Microsoft\\Windows\\Server Manager\\ServerManager""},{""@Name"":""UserContext"",""#text"":""WIN-L0ZZQ76PMUF\\Administrator""},{""@Name"":""InstanceId"",""#text"":""cf47c4a9-8bcd-425e-acdd-d42f63d5d528""}]}}"
157,157,2015-08-23 21:29:59.2975000,310,Info,Microsoft-Windows-TaskScheduler,Microsoft-Windows-TaskScheduler/Operational,1028,1340,WIN-L0ZZQ76PMUF,1,S-1-5-18,,,,,,,,,,,False,M:\Forensics\TrainingImages\AliHadi\Challenge1\tout\M\Forensics\TrainingImages\AliHadi\Challenge1\s4a-challenge4\Windows\System32\winevt\logs\Microsoft-Windows-TaskScheduler%4Operational.evtx,Classic,0,"{""EventData"":{""@Name"":""TaskEngineProcessStarted"",""Data"":[{""@Name"":""TaskEngineName"",""#text"":""S-1-5-19:NT AUTHORITY\\LocalService:Service:""},{""@Name"":""Command"",""#text"":""taskeng.exe""},{""@Name"":""ProcessID"",""#text"":""2464""},{""@Name"":""ThreadID"",""#text"":""2468""}]}}"
158,158,2015-08-23 21:29:59.4381250,317,Info,Microsoft-Windows-TaskScheduler,Microsoft-Windows-TaskScheduler/Operational,2464,2468,WIN-L0ZZQ76PMUF,1,S-1-5-19,,,,,,,,,,,False,M:\Forensics\TrainingImages\AliHadi\Challenge1\tout\M\Forensics\TrainingImages\AliHadi\Challenge1\s4a-challenge4\Windows\System32\winevt\logs\Microsoft-Windows-TaskScheduler%4Operational.evtx,Classic,0,"{""EventData"":{""@Name"":""TaskEngineProcessMainStarted"",""Data"":{""@Name"":""TaskEngineName"",""#text"":""S-1-5-19:NT AUTHORITY\\LocalService:Service:""}}}"
159,159,2015-08-23 21:29:59.4381250,319,Info,Microsoft-Windows-TaskScheduler,Microsoft-Windows-TaskScheduler/Operational,2464,2404,WIN-L0ZZQ76PMUF,1,S-1-5-19,,,,,,,,,,,False,M:\Forensics\TrainingImages\AliHadi\Challenge1\tout\M\Forensics\TrainingImages\AliHadi\Challenge1\s4a-challenge4\Windows\System32\winevt\logs\Microsoft-Windows-TaskScheduler%4Operational.evtx,Classic,0,"{""EventData"":{""@Name"":""TaskEngineProcessReceivedStartTask"",""Data"":[{""@Name"":""TaskEngineName"",""#text"":""S-1-5-19:NT AUTHORITY\\LocalService:Service:""},{""@Name"":""TaskName"",""#text"":""\\Microsoft\\Windows\\RAC\\RACAgent""}]}}"
160,160,2015-08-23 21:29:59.4537500,100,Info,Microsoft-Windows-TaskScheduler,Microsoft-Windows-TaskScheduler/Operational,2464,2404,WIN-L0ZZQ76PMUF,1,S-1-5-19,Scheduled Task started,Context: NT AUTHORITY\LOCAL SERVICE,,Task: \Microsoft\Windows\RAC\RACAgent,Instance Id: 3b1bf088-e374-4537-9a49-4ff4ae879104,,,,,,False,M:\Forensics\TrainingImages\AliHadi\Challenge1\tout\M\Forensics\TrainingImages\AliHadi\Challenge1\s4a-challenge4\Windows\System32\winevt\logs\Microsoft-Windows-TaskScheduler%4Operational.evtx,Classic,352,"{""EventData"":{""@Name"":""TaskStartEvent"",""Data"":[{""@Name"":""TaskName"",""#text"":""\\Microsoft\\Windows\\RAC\\RACAgent""},{""@Name"":""UserContext"",""#text"":""NT AUTHORITY\\LOCAL SERVICE""},{""@Name"":""InstanceId"",""#text"":""3b1bf088-e374-4537-9a49-4ff4ae879104""}]}}"
161,161,2015-08-23 21:29:59.4537500,200,Info,Microsoft-Windows-TaskScheduler,Microsoft-Windows-TaskScheduler/Operational,2464,2508,WIN-L0ZZQ76PMUF,1,S-1-5-19,Scheduled Task executed,,,Task: \Microsoft\Windows\RAC\RACAgent,Instance Id: 3b1bf088-e374-4537-9a49-4ff4ae879104,,,,,%windir%\system32\RacAgent.exe,False,M:\Forensics\TrainingImages\AliHadi\Challenge1\tout\M\Forensics\TrainingImages\AliHadi\Challenge1\s4a-challenge4\Windows\System32\winevt\logs\Microsoft-Windows-TaskScheduler%4Operational.evtx,Classic,0,"{""EventData"":{""@Name"":""ActionStart"",""Data"":[{""@Name"":""TaskName"",""#text"":""\\Microsoft\\Windows\\RAC\\RACAgent""},{""@Name"":""ActionName"",""#text"":""%windir%\\system32\\RacAgent.exe""},{""@Name"":""TaskInstanceId"",""#text"":""3b1bf088-e374-4537-9a49-4ff4ae879104""}]}}"
162,162,2015-08-23 21:29:59.5006250,129,Info,Microsoft-Windows-TaskScheduler,Microsoft-Windows-TaskScheduler/Operational,2464,2508,WIN-L0ZZQ76PMUF,1,S-1-5-19,Scheduled Task created,,,Task: \Microsoft\Windows\RAC\RACAgent,ProcessID: 2512,,,,,C:\Windows\system32\RacAgent.exe,False,M:\Forensics\TrainingImages\AliHadi\Challenge1\tout\M\Forensics\TrainingImages\AliHadi\Challenge1\s4a-challenge4\Windows\System32\winevt\logs\Microsoft-Windows-TaskScheduler%4Operational.evtx,Classic,0,"{""EventData"":{""@Name"":""CreatedTaskProcess"",""Data"":[{""@Name"":""TaskName"",""#text"":""\\Microsoft\\Windows\\RAC\\RACAgent""},{""@Name"":""Path"",""#text"":""C:\\Windows\\system32\\RacAgent.exe""},{""@Name"":""ProcessID"",""#text"":""2512""},{""@Name"":""Priority"",""#text"":""7""}]}}"
163,163,2015-08-23 21:29:59.9693750,201,Info,Microsoft-Windows-TaskScheduler,Microsoft-Windows-TaskScheduler/Operational,2464,2508,WIN-L0ZZQ76PMUF,1,S-1-5-19,Scheduled Task completed,,,Task: \Microsoft\Windows\RAC\RACAgent,Instance Id: 3b1bf088-e374-4537-9a49-4ff4ae879104,,,,,C:\Windows\system32\RacAgent.exe,False,M:\Forensics\TrainingImages\AliHadi\Challenge1\tout\M\Forensics\TrainingImages\AliHadi\Challenge1\s4a-challenge4\Windows\System32\winevt\logs\Microsoft-Windows-TaskScheduler%4Operational.evtx,Classic,0,"{""EventData"":{""@Name"":""ActionSuccess"",""Data"":[{""@Name"":""TaskName"",""#text"":""\\Microsoft\\Windows\\RAC\\RACAgent""},{""@Name"":""TaskInstanceId"",""#text"":""3b1bf088-e374-4537-9a49-4ff4ae879104""},{""@Name"":""ActionName"",""#text"":""C:\\Windows\\system32\\RacAgent.exe""},{""@Name"":""ResultCode"",""#text"":""0""}]}}"
164,164,2015-08-23 21:29:59.9693750,102,Info,Microsoft-Windows-TaskScheduler,Microsoft-Windows-TaskScheduler/Operational,2464,2508,WIN-L0ZZQ76PMUF,1,S-1-5-19,Scheduled Task completed,Context: NT AUTHORITY\LOCAL SERVICE,,Task: \Microsoft\Windows\RAC\RACAgent,Instance Id: 3b1bf088-e374-4537-9a49-4ff4ae879104,,,,,,False,M:\Forensics\TrainingImages\AliHadi\Challenge1\tout\M\Forensics\TrainingImages\AliHadi\Challenge1\s4a-challenge4\Windows\System32\winevt\logs\Microsoft-Windows-TaskScheduler%4Operational.evtx,Classic,0,"{""EventData"":{""@Name"":""TaskSuccessEvent"",""Data"":[{""@Name"":""TaskName"",""#text"":""\\Microsoft\\Windows\\RAC\\RACAgent""},{""@Name"":""UserContext"",""#text"":""NT AUTHORITY\\LOCAL SERVICE""},{""@Name"":""InstanceId"",""#text"":""3b1bf088-e374-4537-9a49-4ff4ae879104""}]}}"
165,165,2015-08-23 21:29:59.9693750,314,Info,Microsoft-Windows-TaskScheduler,Microsoft-Windows-TaskScheduler/Operational,1028,3768,WIN-L0ZZQ76PMUF,1,S-1-5-18,,,,,,,,,,,False,M:\Forensics\TrainingImages\AliHadi\Challenge1\tout\M\Forensics\TrainingImages\AliHadi\Challenge1\s4a-challenge4\Windows\System32\winevt\logs\Microsoft-Windows-TaskScheduler%4Operational.evtx,Classic,0,"{""EventData"":{""@Name"":""TaskEngineIdle"",""Data"":{""@Name"":""TaskEngineName"",""#text"":""S-1-5-19:NT AUTHORITY\\LocalService:Service:""}}}"
166,166,2015-08-23 21:30:35.2975000,319,Info,Microsoft-Windows-TaskScheduler,Microsoft-Windows-TaskScheduler/Operational,1952,3508,WIN-L0ZZQ76PMUF,1,S-1-5-21-3848053756-3249532031-1848221756-500,,,,,,,,,,,False,M:\Forensics\TrainingImages\AliHadi\Challenge1\tout\M\Forensics\TrainingImages\AliHadi\Challenge1\s4a-challenge4\Windows\System32\winevt\logs\Microsoft-Windows-TaskScheduler%4Operational.evtx,Classic,0,"{""EventData"":{""@Name"":""TaskEngineProcessReceivedStartTask"",""Data"":[{""@Name"":""TaskEngineName"",""#text"":""S-1-5-21-3848053756-3249532031-1848221756-500:WIN-L0ZZQ76PMUF\\Administrator:Interactive:[1]""},{""@Name"":""TaskName"",""#text"":""\\Microsoft\\Windows\\Windows Error Reporting\\QueueReporting""}]}}"
167,167,2015-08-23 21:30:35.2975000,100,Info,Microsoft-Windows-TaskScheduler,Microsoft-Windows-TaskScheduler/Operational,1952,3508,WIN-L0ZZQ76PMUF,1,S-1-5-21-3848053756-3249532031-1848221756-500,Scheduled Task started,Context: WIN-L0ZZQ76PMUF\Administrator,,Task: \Microsoft\Windows\Windows Error Reporting\QueueReporting,Instance Id: f1714039-6810-46c6-a252-a4007dee7c79,,,,,,False,M:\Forensics\TrainingImages\AliHadi\Challenge1\tout\M\Forensics\TrainingImages\AliHadi\Challenge1\s4a-challenge4\Windows\System32\winevt\logs\Microsoft-Windows-TaskScheduler%4Operational.evtx,Classic,0,"{""EventData"":{""@Name"":""TaskStartEvent"",""Data"":[{""@Name"":""TaskName"",""#text"":""\\Microsoft\\Windows\\Windows Error Reporting\\QueueReporting""},{""@Name"":""UserContext"",""#text"":""WIN-L0ZZQ76PMUF\\Administrator""},{""@Name"":""InstanceId"",""#text"":""f1714039-6810-46c6-a252-a4007dee7c79""}]}}"
168,168,2015-08-23 21:30:35.2975000,200,Info,Microsoft-Windows-TaskScheduler,Microsoft-Windows-TaskScheduler/Operational,1952,2448,WIN-L0ZZQ76PMUF,1,S-1-5-21-3848053756-3249532031-1848221756-500,Scheduled Task executed,,,Task: \Microsoft\Windows\Windows Error Reporting\QueueReporting,Instance Id: f1714039-6810-46c6-a252-a4007dee7c79,,,,,%windir%\system32\wermgr.exe,False,M:\Forensics\TrainingImages\AliHadi\Challenge1\tout\M\Forensics\TrainingImages\AliHadi\Challenge1\s4a-challenge4\Windows\System32\winevt\logs\Microsoft-Windows-TaskScheduler%4Operational.evtx,Classic,0,"{""EventData"":{""@Name"":""ActionStart"",""Data"":[{""@Name"":""TaskName"",""#text"":""\\Microsoft\\Windows\\Windows Error Reporting\\QueueReporting""},{""@Name"":""ActionName"",""#text"":""%windir%\\system32\\wermgr.exe""},{""@Name"":""TaskInstanceId"",""#text"":""f1714039-6810-46c6-a252-a4007dee7c79""}]}}"
169,169,2015-08-23 21:30:35.3287500,129,Info,Microsoft-Windows-TaskScheduler,Microsoft-Windows-TaskScheduler/Operational,1952,2448,WIN-L0ZZQ76PMUF,1,S-1-5-21-3848053756-3249532031-1848221756-500,Scheduled Task created,,,Task: \Microsoft\Windows\Windows Error Reporting\QueueReporting,ProcessID: 2492,,,,,C:\Windows\system32\wermgr.exe,False,M:\Forensics\TrainingImages\AliHadi\Challenge1\tout\M\Forensics\TrainingImages\AliHadi\Challenge1\s4a-challenge4\Windows\System32\winevt\logs\Microsoft-Windows-TaskScheduler%4Operational.evtx,Classic,0,"{""EventData"":{""@Name"":""CreatedTaskProcess"",""Data"":[{""@Name"":""TaskName"",""#text"":""\\Microsoft\\Windows\\Windows Error Reporting\\QueueReporting""},{""@Name"":""Path"",""#text"":""C:\\Windows\\system32\\wermgr.exe""},{""@Name"":""ProcessID"",""#text"":""2492""},{""@Name"":""Priority"",""#text"":""5""}]}}"
170,170,2015-08-23 21:30:35.3912500,201,Info,Microsoft-Windows-TaskScheduler,Microsoft-Windows-TaskScheduler/Operational,1952,2448,WIN-L0ZZQ76PMUF,1,S-1-5-21-3848053756-3249532031-1848221756-500,Scheduled Task completed,,,Task: \Microsoft\Windows\Windows Error Reporting\QueueReporting,Instance Id: f1714039-6810-46c6-a252-a4007dee7c79,,,,,C:\Windows\system32\wermgr.exe,False,M:\Forensics\TrainingImages\AliHadi\Challenge1\tout\M\Forensics\TrainingImages\AliHadi\Challenge1\s4a-challenge4\Windows\System32\winevt\logs\Microsoft-Windows-TaskScheduler%4Operational.evtx,Classic,0,"{""EventData"":{""@Name"":""ActionSuccess"",""Data"":[{""@Name"":""TaskName"",""#text"":""\\Microsoft\\Windows\\Windows Error Reporting\\QueueReporting""},{""@Name"":""TaskInstanceId"",""#text"":""f1714039-6810-46c6-a252-a4007dee7c79""},{""@Name"":""ActionName"",""#text"":""C:\\Windows\\system32\\wermgr.exe""},{""@Name"":""ResultCode"",""#text"":""0""}]}}"
171,171,2015-08-23 21:30:35.3912500,102,Info,Microsoft-Windows-TaskScheduler,Microsoft-Windows-TaskScheduler/Operational,1952,2448,WIN-L0ZZQ76PMUF,1,S-1-5-21-3848053756-3249532031-1848221756-500,Scheduled Task completed,Context: WIN-L0ZZQ76PMUF\Administrator,,Task: \Microsoft\Windows\Windows Error Reporting\QueueReporting,Instance Id: f1714039-6810-46c6-a252-a4007dee7c79,,,,,,False,M:\Forensics\TrainingImages\AliHadi\Challenge1\tout\M\Forensics\TrainingImages\AliHadi\Challenge1\s4a-challenge4\Windows\System32\winevt\logs\Microsoft-Windows-TaskScheduler%4Operational.evtx,Classic,0,"{""EventData"":{""@Name"":""TaskSuccessEvent"",""Data"":[{""@Name"":""TaskName"",""#text"":""\\Microsoft\\Windows\\Windows Error Reporting\\QueueReporting""},{""@Name"":""UserContext"",""#text"":""WIN-L0ZZQ76PMUF\\Administrator""},{""@Name"":""InstanceId"",""#text"":""f1714039-6810-46c6-a252-a4007dee7c79""}]}}"
172,172,2015-08-23 21:35:00.0162500,301,Info,Microsoft-Windows-TaskScheduler,Microsoft-Windows-TaskScheduler/Operational,2464,2468,WIN-L0ZZQ76PMUF,1,S-1-5-19,,,,,,,,,,,False,M:\Forensics\TrainingImages\AliHadi\Challenge1\tout\M\Forensics\TrainingImages\AliHadi\Challenge1\s4a-challenge4\Windows\System32\winevt\logs\Microsoft-Windows-TaskScheduler%4Operational.evtx,Classic,0,"{""EventData"":{""@Name"":""TaskEngineExitEvent"",""Data"":{""@Name"":""TaskEngineName"",""#text"":""S-1-5-19:NT AUTHORITY\\LocalService:Service:""}}}"
173,173,2015-08-23 21:35:00.0162500,318,Info,Microsoft-Windows-TaskScheduler,Microsoft-Windows-TaskScheduler/Operational,2464,2468,WIN-L0ZZQ76PMUF,1,S-1-5-19,,,,,,,,,,,False,M:\Forensics\TrainingImages\AliHadi\Challenge1\tout\M\Forensics\TrainingImages\AliHadi\Challenge1\s4a-challenge4\Windows\System32\winevt\logs\Microsoft-Windows-TaskScheduler%4Operational.evtx,Classic,0,"{""EventData"":{""@Name"":""TaskEngineProcessMainShutdown"",""Data"":{""@Name"":""TaskEngineName"",""#text"":""S-1-5-19:NT AUTHORITY\\LocalService:Service:""}}}"
174,174,2015-08-23 21:35:00.0162500,318,Info,Microsoft-Windows-TaskScheduler,Microsoft-Windows-TaskScheduler/Operational,1028,3996,WIN-L0ZZQ76PMUF,1,S-1-5-18,,,,,,,,,,,False,M:\Forensics\TrainingImages\AliHadi\Challenge1\tout\M\Forensics\TrainingImages\AliHadi\Challenge1\s4a-challenge4\Windows\System32\winevt\logs\Microsoft-Windows-TaskScheduler%4Operational.evtx,Classic,0,"{""EventData"":{""@Name"":""TaskEngineProcessMainShutdown"",""Data"":{""@Name"":""TaskEngineName"",""#text"":""S-1-5-19:NT AUTHORITY\\LocalService:Service:""}}}"
175,175,2015-08-23 22:14:04.3580000,700,Info,Microsoft-Windows-TaskScheduler,Microsoft-Windows-TaskScheduler/Operational,1024,1296,WIN-L0ZZQ76PMUF,1,S-1-5-18,,,,,,,,,,,False,M:\Forensics\TrainingImages\AliHadi\Challenge1\tout\M\Forensics\TrainingImages\AliHadi\Challenge1\s4a-challenge4\Windows\System32\winevt\logs\Microsoft-Windows-TaskScheduler%4Operational.evtx,Classic,0,"{""EventData"":{""@Name"":""CompatibilityAdapterLaunch""}}"
176,176,2015-08-23 22:14:04.3736250,400,Info,Microsoft-Windows-TaskScheduler,Microsoft-Windows-TaskScheduler/Operational,1024,1296,WIN-L0ZZQ76PMUF,1,S-1-5-18,,,,,,,,,,,False,M:\Forensics\TrainingImages\AliHadi\Challenge1\tout\M\Forensics\TrainingImages\AliHadi\Challenge1\s4a-challenge4\Windows\System32\winevt\logs\Microsoft-Windows-TaskScheduler%4Operational.evtx,Classic,0,"{""EventData"":{""@Name"":""ServiceStartEvent""}}"
177,177,2015-08-23 22:14:04.3736250,118,Info,Microsoft-Windows-TaskScheduler,Microsoft-Windows-TaskScheduler/Operational,1024,1296,WIN-L0ZZQ76PMUF,1,S-1-5-18,,,,,,,,,,,False,M:\Forensics\TrainingImages\AliHadi\Challenge1\tout\M\Forensics\TrainingImages\AliHadi\Challenge1\s4a-challenge4\Windows\System32\winevt\logs\Microsoft-Windows-TaskScheduler%4Operational.evtx,Classic,0,"{""EventData"":{""@Name"":""BootTrigger"",""Data"":[{""@Name"":""TaskName"",""#text"":""\\Microsoft\\Windows\\CertificateServicesClient\\SystemTask""},{""@Name"":""InstanceId"",""#text"":""bc77096c-80df-40a6-b877-1ce31b85f959""}]}}"
178,178,2015-08-23 22:14:04.3736250,118,Info,Microsoft-Windows-TaskScheduler,Microsoft-Windows-TaskScheduler/Operational,1024,1296,WIN-L0ZZQ76PMUF,1,S-1-5-18,,,,,,,,,,,False,M:\Forensics\TrainingImages\AliHadi\Challenge1\tout\M\Forensics\TrainingImages\AliHadi\Challenge1\s4a-challenge4\Windows\System32\winevt\logs\Microsoft-Windows-TaskScheduler%4Operational.evtx,Classic,0,"{""EventData"":{""@Name"":""BootTrigger"",""Data"":[{""@Name"":""TaskName"",""#text"":""\\Microsoft\\Windows\\RAC\\RACAgent""},{""@Name"":""InstanceId"",""#text"":""28654012-bfe6-46f2-9c62-ca7844347ff0""}]}}"
179,179,2015-08-23 22:14:14.3892500,112,Warning,Microsoft-Windows-TaskScheduler,Microsoft-Windows-TaskScheduler/Operational,1024,1312,WIN-L0ZZQ76PMUF,1,S-1-5-18,,,,,,,,,,,False,M:\Forensics\TrainingImages\AliHadi\Challenge1\tout\M\Forensics\TrainingImages\AliHadi\Challenge1\s4a-challenge4\Windows\System32\winevt\logs\Microsoft-Windows-TaskScheduler%4Operational.evtx,Classic,0,"{""EventData"":{""@Name"":""TaskNoStartWithoutNetwork"",""Data"":{""@Name"":""TaskName"",""#text"":""\\Microsoft\\Windows\\CertificateServicesClient\\SystemTask""}}}"
180,180,2015-08-23 22:14:14.3892500,101,Error,Microsoft-Windows-TaskScheduler,Microsoft-Windows-TaskScheduler/Operational,1024,1312,WIN-L0ZZQ76PMUF,1,S-1-5-18,,,,,,,,,,,False,M:\Forensics\TrainingImages\AliHadi\Challenge1\tout\M\Forensics\TrainingImages\AliHadi\Challenge1\s4a-challenge4\Windows\System32\winevt\logs\Microsoft-Windows-TaskScheduler%4Operational.evtx,Classic,0,"{""EventData"":{""@Name"":""TaskStartFailedEvent"",""Data"":[{""@Name"":""TaskName"",""#text"":""\\Microsoft\\Windows\\CertificateServicesClient\\SystemTask""},{""@Name"":""UserContext"",""#text"":""NT AUTHORITY\\System""},{""@Name"":""ResultCode"",""#text"":""2147750692""}]}}"
181,181,2015-08-23 22:14:14.3892500,126,Warning,Microsoft-Windows-TaskScheduler,Microsoft-Windows-TaskScheduler/Operational,1024,1312,WIN-L0ZZQ76PMUF,1,S-1-5-18,,,,,,,,,,,False,M:\Forensics\TrainingImages\AliHadi\Challenge1\tout\M\Forensics\TrainingImages\AliHadi\Challenge1\s4a-challenge4\Windows\System32\winevt\logs\Microsoft-Windows-TaskScheduler%4Operational.evtx,Classic,0,"{""EventData"":{""@Name"":""FailedTaskRestart"",""Data"":[{""@Name"":""TaskName"",""#text"":""\\Microsoft\\Windows\\CertificateServicesClient\\SystemTask""},{""@Name"":""ResultCode"",""#text"":""2147750692""}]}}"
182,182,2015-08-23 22:14:15.5611250,108,Info,Microsoft-Windows-TaskScheduler,Microsoft-Windows-TaskScheduler/Operational,1024,1536,WIN-L0ZZQ76PMUF,1,S-1-5-18,,,,,,,,,,,False,M:\Forensics\TrainingImages\AliHadi\Challenge1\tout\M\Forensics\TrainingImages\AliHadi\Challenge1\s4a-challenge4\Windows\System32\winevt\logs\Microsoft-Windows-TaskScheduler%4Operational.evtx,Classic,0,"{""EventData"":{""@Name"":""EventTriggerEvent"",""Data"":[{""@Name"":""TaskName"",""#text"":""\\Microsoft\\Windows\\PLA\\System\\ConvertLogEntries""},{""@Name"":""InstanceId"",""#text"":""6f4766d7-e886-4126-a536-af812a1b4a2c""}]}}"
183,183,2015-08-23 22:14:15.7955000,310,Info,Microsoft-Windows-TaskScheduler,Microsoft-Windows-TaskScheduler/Operational,1024,1312,WIN-L0ZZQ76PMUF,1,S-1-5-18,,,,,,,,,,,False,M:\Forensics\TrainingImages\AliHadi\Challenge1\tout\M\Forensics\TrainingImages\AliHadi\Challenge1\s4a-challenge4\Windows\System32\winevt\logs\Microsoft-Windows-TaskScheduler%4Operational.evtx,Classic,0,"{""EventData"":{""@Name"":""TaskEngineProcessStarted"",""Data"":[{""@Name"":""TaskEngineName"",""#text"":""S-1-5-18:NT AUTHORITY\\System:Service:""},{""@Name"":""Command"",""#text"":""taskeng.exe""},{""@Name"":""ProcessID"",""#text"":""1772""},{""@Name"":""ThreadID"",""#text"":""1776""}]}}"
184,184,2015-08-23 22:14:16.0767500,317,Info,Microsoft-Windows-TaskScheduler,Microsoft-Windows-TaskScheduler/Operational,1772,1776,WIN-L0ZZQ76PMUF,1,S-1-5-18,,,,,,,,,,,False,M:\Forensics\TrainingImages\AliHadi\Challenge1\tout\M\Forensics\TrainingImages\AliHadi\Challenge1\s4a-challenge4\Windows\System32\winevt\logs\Microsoft-Windows-TaskScheduler%4Operational.evtx,Classic,0,"{""EventData"":{""@Name"":""TaskEngineProcessMainStarted"",""Data"":{""@Name"":""TaskEngineName"",""#text"":""S-1-5-18:NT AUTHORITY\\System:Service:""}}}"
185,185,2015-08-23 22:14:16.4830000,319,Info,Microsoft-Windows-TaskScheduler,Microsoft-Windows-TaskScheduler/Operational,1772,1864,WIN-L0ZZQ76PMUF,1,S-1-5-18,,,,,,,,,,,False,M:\Forensics\TrainingImages\AliHadi\Challenge1\tout\M\Forensics\TrainingImages\AliHadi\Challenge1\s4a-challenge4\Windows\System32\winevt\logs\Microsoft-Windows-TaskScheduler%4Operational.evtx,Classic,0,"{""EventData"":{""@Name"":""TaskEngineProcessReceivedStartTask"",""Data"":[{""@Name"":""TaskEngineName"",""#text"":""S-1-5-18:NT AUTHORITY\\System:Service:""},{""@Name"":""TaskName"",""#text"":""\\Microsoft\\Windows\\PLA\\System\\ConvertLogEntries""}]}}"
186,186,2015-08-23 22:14:16.6080000,100,Info,Microsoft-Windows-TaskScheduler,Microsoft-Windows-TaskScheduler/Operational,1772,1864,WIN-L0ZZQ76PMUF,1,S-1-5-18,Scheduled Task started,Context: WORKGROUP\WIN-L0ZZQ76PMUF$,,Task: \Microsoft\Windows\PLA\System\ConvertLogEntries,Instance Id: 6f4766d7-e886-4126-a536-af812a1b4a2c,,,,,,False,M:\Forensics\TrainingImages\AliHadi\Challenge1\tout\M\Forensics\TrainingImages\AliHadi\Challenge1\s4a-challenge4\Windows\System32\winevt\logs\Microsoft-Windows-TaskScheduler%4Operational.evtx,Classic,0,"{""EventData"":{""@Name"":""TaskStartEvent"",""Data"":[{""@Name"":""TaskName"",""#text"":""\\Microsoft\\Windows\\PLA\\System\\ConvertLogEntries""},{""@Name"":""UserContext"",""#text"":""WORKGROUP\\WIN-L0ZZQ76PMUF$""},{""@Name"":""InstanceId"",""#text"":""6f4766d7-e886-4126-a536-af812a1b4a2c""}]}}"
187,187,2015-08-23 22:14:16.6080000,200,Info,Microsoft-Windows-TaskScheduler,Microsoft-Windows-TaskScheduler/Operational,1772,1888,WIN-L0ZZQ76PMUF,1,S-1-5-18,Scheduled Task executed,,,Task: \Microsoft\Windows\PLA\System\ConvertLogEntries,Instance Id: 6f4766d7-e886-4126-a536-af812a1b4a2c,,,,,%windir%\system32\rundll32.exe,False,M:\Forensics\TrainingImages\AliHadi\Challenge1\tout\M\Forensics\TrainingImages\AliHadi\Challenge1\s4a-challenge4\Windows\System32\winevt\logs\Microsoft-Windows-TaskScheduler%4Operational.evtx,Classic,0,"{""EventData"":{""@Name"":""ActionStart"",""Data"":[{""@Name"":""TaskName"",""#text"":""\\Microsoft\\Windows\\PLA\\System\\ConvertLogEntries""},{""@Name"":""ActionName"",""#text"":""%windir%\\system32\\rundll32.exe""},{""@Name"":""TaskInstanceId"",""#text"":""6f4766d7-e886-4126-a536-af812a1b4a2c""}]}}"
188,188,2015-08-23 22:14:17.0455000,129,Info,Microsoft-Windows-TaskScheduler,Microsoft-Windows-TaskScheduler/Operational,1772,1888,WIN-L0ZZQ76PMUF,1,S-1-5-18,Scheduled Task created,,,Task: \Microsoft\Windows\PLA\System\ConvertLogEntries,ProcessID: 1904,,,,,C:\Windows\system32\rundll32.exe,False,M:\Forensics\TrainingImages\AliHadi\Challenge1\tout\M\Forensics\TrainingImages\AliHadi\Challenge1\s4a-challenge4\Windows\System32\winevt\logs\Microsoft-Windows-TaskScheduler%4Operational.evtx,Classic,0,"{""EventData"":{""@Name"":""CreatedTaskProcess"",""Data"":[{""@Name"":""TaskName"",""#text"":""\\Microsoft\\Windows\\PLA\\System\\ConvertLogEntries""},{""@Name"":""Path"",""#text"":""C:\\Windows\\system32\\rundll32.exe""},{""@Name"":""ProcessID"",""#text"":""1904""},{""@Name"":""Priority"",""#text"":""7""}]}}"
189,189,2015-08-23 22:14:26.0142500,201,Info,Microsoft-Windows-TaskScheduler,Microsoft-Windows-TaskScheduler/Operational,1772,1888,WIN-L0ZZQ76PMUF,1,S-1-5-18,Scheduled Task completed,,,Task: \Microsoft\Windows\PLA\System\ConvertLogEntries,Instance Id: 6f4766d7-e886-4126-a536-af812a1b4a2c,,,,,C:\Windows\system32\rundll32.exe,False,M:\Forensics\TrainingImages\AliHadi\Challenge1\tout\M\Forensics\TrainingImages\AliHadi\Challenge1\s4a-challenge4\Windows\System32\winevt\logs\Microsoft-Windows-TaskScheduler%4Operational.evtx,Classic,0,"{""EventData"":{""@Name"":""ActionSuccess"",""Data"":[{""@Name"":""TaskName"",""#text"":""\\Microsoft\\Windows\\PLA\\System\\ConvertLogEntries""},{""@Name"":""TaskInstanceId"",""#text"":""6f4766d7-e886-4126-a536-af812a1b4a2c""},{""@Name"":""ActionName"",""#text"":""C:\\Windows\\system32\\rundll32.exe""},{""@Name"":""ResultCode"",""#text"":""0""}]}}"
190,190,2015-08-23 22:14:26.0142500,102,Info,Microsoft-Windows-TaskScheduler,Microsoft-Windows-TaskScheduler/Operational,1772,1888,WIN-L0ZZQ76PMUF,1,S-1-5-18,Scheduled Task completed,Context: WORKGROUP\WIN-L0ZZQ76PMUF$,,Task: \Microsoft\Windows\PLA\System\ConvertLogEntries,Instance Id: 6f4766d7-e886-4126-a536-af812a1b4a2c,,,,,,False,M:\Forensics\TrainingImages\AliHadi\Challenge1\tout\M\Forensics\TrainingImages\AliHadi\Challenge1\s4a-challenge4\Windows\System32\winevt\logs\Microsoft-Windows-TaskScheduler%4Operational.evtx,Classic,0,"{""EventData"":{""@Name"":""TaskSuccessEvent"",""Data"":[{""@Name"":""TaskName"",""#text"":""\\Microsoft\\Windows\\PLA\\System\\ConvertLogEntries""},{""@Name"":""UserContext"",""#text"":""WORKGROUP\\WIN-L0ZZQ76PMUF$""},{""@Name"":""InstanceId"",""#text"":""6f4766d7-e886-4126-a536-af812a1b4a2c""}]}}"
191,191,2015-08-23 22:14:26.0455000,314,Info,Microsoft-Windows-TaskScheduler,Microsoft-Windows-TaskScheduler/Operational,1024,1316,WIN-L0ZZQ76PMUF,1,S-1-5-18,,,,,,,,,,,False,M:\Forensics\TrainingImages\AliHadi\Challenge1\tout\M\Forensics\TrainingImages\AliHadi\Challenge1\s4a-challenge4\Windows\System32\winevt\logs\Microsoft-Windows-TaskScheduler%4Operational.evtx,Classic,0,"{""EventData"":{""@Name"":""TaskEngineIdle"",""Data"":{""@Name"":""TaskEngineName"",""#text"":""S-1-5-18:NT AUTHORITY\\System:Service:""}}}"
192,192,2015-08-23 22:14:42.1080000,119,Info,Microsoft-Windows-TaskScheduler,Microsoft-Windows-TaskScheduler/Operational,1024,1028,WIN-L0ZZQ76PMUF,1,S-1-5-18,Scheduled Task triggered on logon,WIN-L0ZZQ76PMUF\Administrator,,Task: \Microsoft\Windows\CertificateServicesClient\UserTask,Instance Id: 8da39f1e-18d2-489b-a205-90029f3e8dfa,,,,,,False,M:\Forensics\TrainingImages\AliHadi\Challenge1\tout\M\Forensics\TrainingImages\AliHadi\Challenge1\s4a-challenge4\Windows\System32\winevt\logs\Microsoft-Windows-TaskScheduler%4Operational.evtx,Classic,0,"{""EventData"":{""@Name"":""LogonTrigger"",""Data"":[{""@Name"":""TaskName"",""#text"":""\\Microsoft\\Windows\\CertificateServicesClient\\UserTask""},{""@Name"":""UserName"",""#text"":""WIN-L0ZZQ76PMUF\\Administrator""},{""@Name"":""InstanceId"",""#text"":""8da39f1e-18d2-489b-a205-90029f3e8dfa""}]}}"
193,193,2015-08-23 22:14:42.1080000,119,Info,Microsoft-Windows-TaskScheduler,Microsoft-Windows-TaskScheduler/Operational,1024,1028,WIN-L0ZZQ76PMUF,1,S-1-5-18,Scheduled Task triggered on logon,WIN-L0ZZQ76PMUF\Administrator,,Task: \Microsoft\Windows\Windows Error Reporting\QueueReporting,Instance Id: 1faa9a9b-7ff4-4aee-9597-cde17adf9859,,,,,,False,M:\Forensics\TrainingImages\AliHadi\Challenge1\tout\M\Forensics\TrainingImages\AliHadi\Challenge1\s4a-challenge4\Windows\System32\winevt\logs\Microsoft-Windows-TaskScheduler%4Operational.evtx,Classic,0,"{""EventData"":{""@Name"":""LogonTrigger"",""Data"":[{""@Name"":""TaskName"",""#text"":""\\Microsoft\\Windows\\Windows Error Reporting\\QueueReporting""},{""@Name"":""UserName"",""#text"":""WIN-L0ZZQ76PMUF\\Administrator""},{""@Name"":""InstanceId"",""#text"":""1faa9a9b-7ff4-4aee-9597-cde17adf9859""}]}}"
194,194,2015-08-23 22:14:42.1080000,119,Info,Microsoft-Windows-TaskScheduler,Microsoft-Windows-TaskScheduler/Operational,1024,1028,WIN-L0ZZQ76PMUF,1,S-1-5-18,Scheduled Task triggered on logon,WIN-L0ZZQ76PMUF\Administrator,,Task: \Microsoft\Windows\TextServicesFramework\MsCtfMonitor,Instance Id: 7e81ee44-bc3c-402f-b7f0-c22b3eab737e,,,,,,False,M:\Forensics\TrainingImages\AliHadi\Challenge1\tout\M\Forensics\TrainingImages\AliHadi\Challenge1\s4a-challenge4\Windows\System32\winevt\logs\Microsoft-Windows-TaskScheduler%4Operational.evtx,Classic,0,"{""EventData"":{""@Name"":""LogonTrigger"",""Data"":[{""@Name"":""TaskName"",""#text"":""\\Microsoft\\Windows\\TextServicesFramework\\MsCtfMonitor""},{""@Name"":""UserName"",""#text"":""WIN-L0ZZQ76PMUF\\Administrator""},{""@Name"":""InstanceId"",""#text"":""7e81ee44-bc3c-402f-b7f0-c22b3eab737e""}]}}"
195,195,2015-08-23 22:14:42.1080000,119,Info,Microsoft-Windows-TaskScheduler,Microsoft-Windows-TaskScheduler/Operational,1024,1028,WIN-L0ZZQ76PMUF,1,S-1-5-18,Scheduled Task triggered on logon,WIN-L0ZZQ76PMUF\Administrator,,Task: \Microsoft\Windows\NetworkAccessProtection\NAPStatus UI,Instance Id: 04f33622-768a-484e-b6db-c4e31f099c0f,,,,,,False,M:\Forensics\TrainingImages\AliHadi\Challenge1\tout\M\Forensics\TrainingImages\AliHadi\Challenge1\s4a-challenge4\Windows\System32\winevt\logs\Microsoft-Windows-TaskScheduler%4Operational.evtx,Classic,0,"{""EventData"":{""@Name"":""LogonTrigger"",""Data"":[{""@Name"":""TaskName"",""#text"":""\\Microsoft\\Windows\\NetworkAccessProtection\\NAPStatus UI""},{""@Name"":""UserName"",""#text"":""WIN-L0ZZQ76PMUF\\Administrator""},{""@Name"":""InstanceId"",""#text"":""04f33622-768a-484e-b6db-c4e31f099c0f""}]}}"
196,196,2015-08-23 22:14:42.1080000,119,Info,Microsoft-Windows-TaskScheduler,Microsoft-Windows-TaskScheduler/Operational,1024,1028,WIN-L0ZZQ76PMUF,1,S-1-5-18,Scheduled Task triggered on logon,WIN-L0ZZQ76PMUF\Administrator,,Task: \Microsoft\Windows\Server Manager\ServerManager,Instance Id: 3f1dddc9-eef8-4c5c-b739-75660dcef7f2,,,,,,False,M:\Forensics\TrainingImages\AliHadi\Challenge1\tout\M\Forensics\TrainingImages\AliHadi\Challenge1\s4a-challenge4\Windows\System32\winevt\logs\Microsoft-Windows-TaskScheduler%4Operational.evtx,Classic,0,"{""EventData"":{""@Name"":""LogonTrigger"",""Data"":[{""@Name"":""TaskName"",""#text"":""\\Microsoft\\Windows\\Server Manager\\ServerManager""},{""@Name"":""UserName"",""#text"":""WIN-L0ZZQ76PMUF\\Administrator""},{""@Name"":""InstanceId"",""#text"":""3f1dddc9-eef8-4c5c-b739-75660dcef7f2""}]}}"
197,197,2015-08-23 22:14:42.1080000,119,Info,Microsoft-Windows-TaskScheduler,Microsoft-Windows-TaskScheduler/Operational,1024,1028,WIN-L0ZZQ76PMUF,1,S-1-5-18,Scheduled Task triggered on logon,WIN-L0ZZQ76PMUF\Administrator,,Task: \Microsoft\Windows\Multimedia\SystemSoundsService,Instance Id: 1511e0e1-7c08-49ea-9d72-b598b1ae7da8,,,,,,False,M:\Forensics\TrainingImages\AliHadi\Challenge1\tout\M\Forensics\TrainingImages\AliHadi\Challenge1\s4a-challenge4\Windows\System32\winevt\logs\Microsoft-Windows-TaskScheduler%4Operational.evtx,Classic,0,"{""EventData"":{""@Name"":""LogonTrigger"",""Data"":[{""@Name"":""TaskName"",""#text"":""\\Microsoft\\Windows\\Multimedia\\SystemSoundsService""},{""@Name"":""UserName"",""#text"":""WIN-L0ZZQ76PMUF\\Administrator""},{""@Name"":""InstanceId"",""#text"":""1511e0e1-7c08-49ea-9d72-b598b1ae7da8""}]}}"
198,198,2015-08-23 22:14:42.1392500,310,Info,Microsoft-Windows-TaskScheduler,Microsoft-Windows-TaskScheduler/Operational,1024,1312,WIN-L0ZZQ76PMUF,1,S-1-5-18,,,,,,,,,,,False,M:\Forensics\TrainingImages\AliHadi\Challenge1\tout\M\Forensics\TrainingImages\AliHadi\Challenge1\s4a-challenge4\Windows\System32\winevt\logs\Microsoft-Windows-TaskScheduler%4Operational.evtx,Classic,0,"{""EventData"":{""@Name"":""TaskEngineProcessStarted"",""Data"":[{""@Name"":""TaskEngineName"",""#text"":""S-1-5-21-3848053756-3249532031-1848221756-500:WIN-L0ZZQ76PMUF\\Administrator:Interactive:[1]""},{""@Name"":""Command"",""#text"":""taskeng.exe""},{""@Name"":""ProcessID"",""#text"":""1160""},{""@Name"":""ThreadID"",""#text"":""1172""}]}}"
199,199,2015-08-23 22:14:42.2798750,317,Info,Microsoft-Windows-TaskScheduler,Microsoft-Windows-TaskScheduler/Operational,1160,1172,WIN-L0ZZQ76PMUF,1,S-1-5-21-3848053756-3249532031-1848221756-500,,,,,,,,,,,False,M:\Forensics\TrainingImages\AliHadi\Challenge1\tout\M\Forensics\TrainingImages\AliHadi\Challenge1\s4a-challenge4\Windows\System32\winevt\logs\Microsoft-Windows-TaskScheduler%4Operational.evtx,Classic,0,"{""EventData"":{""@Name"":""TaskEngineProcessMainStarted"",""Data"":{""@Name"":""TaskEngineName"",""#text"":""S-1-5-21-3848053756-3249532031-1848221756-500:WIN-L0ZZQ76PMUF\\Administrator:Interactive:[1]""}}}"
200,200,2015-08-23 22:14:42.3736250,319,Info,Microsoft-Windows-TaskScheduler,Microsoft-Windows-TaskScheduler/Operational,1160,1344,WIN-L0ZZQ76PMUF,1,S-1-5-21-3848053756-3249532031-1848221756-500,,,,,,,,,,,False,M:\Forensics\TrainingImages\AliHadi\Challenge1\tout\M\Forensics\TrainingImages\AliHadi\Challenge1\s4a-challenge4\Windows\System32\winevt\logs\Microsoft-Windows-TaskScheduler%4Operational.evtx,Classic,0,"{""EventData"":{""@Name"":""TaskEngineProcessReceivedStartTask"",""Data"":[{""@Name"":""TaskEngineName"",""#text"":""S-1-5-21-3848053756-3249532031-1848221756-500:WIN-L0ZZQ76PMUF\\Administrator:Interactive:[1]""},{""@Name"":""TaskName"",""#text"":""\\Microsoft\\Windows\\Server Manager\\ServerManager""}]}}"
201,201,2015-08-23 22:14:42.4986250,100,Info,Microsoft-Windows-TaskScheduler,Microsoft-Windows-TaskScheduler/Operational,1160,1344,WIN-L0ZZQ76PMUF,1,S-1-5-21-3848053756-3249532031-1848221756-500,Scheduled Task started,Context: WIN-L0ZZQ76PMUF\Administrator,,Task: \Microsoft\Windows\Server Manager\ServerManager,Instance Id: 3f1dddc9-eef8-4c5c-b739-75660dcef7f2,,,,,,False,M:\Forensics\TrainingImages\AliHadi\Challenge1\tout\M\Forensics\TrainingImages\AliHadi\Challenge1\s4a-challenge4\Windows\System32\winevt\logs\Microsoft-Windows-TaskScheduler%4Operational.evtx,Classic,0,"{""EventData"":{""@Name"":""TaskStartEvent"",""Data"":[{""@Name"":""TaskName"",""#text"":""\\Microsoft\\Windows\\Server Manager\\ServerManager""},{""@Name"":""UserContext"",""#text"":""WIN-L0ZZQ76PMUF\\Administrator""},{""@Name"":""InstanceId"",""#text"":""3f1dddc9-eef8-4c5c-b739-75660dcef7f2""}]}}"
