329,329,2015-09-02 06:55:45.4848840,100,Info,Microsoft-Windows-TaskScheduler,Microsoft-Windows-TaskScheduler/Operational,1984,3880,WIN-L0ZZQ76PMUF,2,S-1-5-18,Scheduled Task started,Context: WORKGROUP\WIN-L0ZZQ76PMUF$,,Task: \Microsoft\Windows\CertificateServicesClient\SystemTask,Instance Id: 18fbe873-fdf7-46f1-ac22-8bed54fd1827,,,,,,False,M:\Forensics\TrainingImages\AliHadi\Challenge1\tout\M\Forensics\TrainingImages\AliHadi\Challenge1\s4a-challenge4\Windows\System32\winevt\logs\Microsoft-Windows-TaskScheduler%4Operational.evtx,Classic,0,"{""EventData"":{""@Name"":""TaskStartEvent"",""Data"":[{""@Name"":""TaskName"",""#text"":""\\Microsoft\\Windows\\CertificateServicesClient\\SystemTask""},{""@Name"":""UserContext"",""#text"":""WORKGROUP\\WIN-L0ZZQ76PMUF$""},{""@Name"":""InstanceId"",""#text"":""18fbe873-fdf7-46f1-ac22-8bed54fd1827""}]}}"
330,330,2015-09-02 06:55:45.4848840,319,Info,Microsoft-Windows-TaskScheduler,Microsoft-Windows-TaskScheduler/Operational,1444,1624,WIN-L0ZZQ76PMUF,2,S-1-5-21-3848053756-3249532031-1848221756-500,,,,,,,,,,,False,M:\Forensics\TrainingImages\AliHadi\Challenge1\tout\M\Forensics\TrainingImages\AliHadi\Challenge1\s4a-challenge4\Windows\System32\winevt\logs\Microsoft-Windows-TaskScheduler%4Operational.evtx,Classic,0,"{""EventData"":{""@Name"":""TaskEngineProcessReceivedStartTask"",""Data"":[{""@Name"":""TaskEngineName"",""#text"":""S-1-5-21-3848053756-3249532031-1848221756-500:WIN-L0ZZQ76PMUF\\Administrator:Interactive:[1]""},{""@Name"":""TaskName"",""#text"":""\\Microsoft\\Windows\\CertificateServicesClient\\UserTask""}]}}"
331,331,2015-09-02 06:55:45.4848840,200,Info,Microsoft-Windows-TaskScheduler,Microsoft-Windows-TaskScheduler/Operational,1984,3720,WIN-L0ZZQ76PMUF,2,S-1-5-18,Scheduled Task executed,,,Task: \Microsoft\Windows\CertificateServicesClient\SystemTask,Instance Id: 18fbe873-fdf7-46f1-ac22-8bed54fd1827,,,,,Certificate Services Client Task Handler,False,M:\Forensics\TrainingImages\AliHadi\Challenge1\tout\M\Forensics\TrainingImages\AliHadi\Challenge1\s4a-challenge4\Windows\System32\winevt\logs\Microsoft-Windows-TaskScheduler%4Operational.evtx,Classic,0,"{""EventData"":{""@Name"":""ActionStart"",""Data"":[{""@Name"":""TaskName"",""#text"":""\\Microsoft\\Windows\\CertificateServicesClient\\SystemTask""},{""@Name"":""ActionName"",""#text"":""Certificate Services Client Task Handler""},{""@Name"":""TaskInstanceId"",""#text"":""18fbe873-fdf7-46f1-ac22-8bed54fd1827""}]}}"
332,332,2015-09-02 06:55:45.4848840,100,Info,Microsoft-Windows-TaskScheduler,Microsoft-Windows-TaskScheduler/Operational,1444,1624,WIN-L0ZZQ76PMUF,2,S-1-5-21-3848053756-3249532031-1848221756-500,Scheduled Task started,Context: WIN-L0ZZQ76PMUF\Administrator,,Task: \Microsoft\Windows\CertificateServicesClient\UserTask,Instance Id: 5481ca04-0e98-4b50-a4da-8634cd182850,,,,,,False,M:\Forensics\TrainingImages\AliHadi\Challenge1\tout\M\Forensics\TrainingImages\AliHadi\Challenge1\s4a-challenge4\Windows\System32\winevt\logs\Microsoft-Windows-TaskScheduler%4Operational.evtx,Classic,0,"{""EventData"":{""@Name"":""TaskStartEvent"",""Data"":[{""@Name"":""TaskName"",""#text"":""\\Microsoft\\Windows\\CertificateServicesClient\\UserTask""},{""@Name"":""UserContext"",""#text"":""WIN-L0ZZQ76PMUF\\Administrator""},{""@Name"":""InstanceId"",""#text"":""5481ca04-0e98-4b50-a4da-8634cd182850""}]}}"
333,333,2015-09-02 06:55:45.4848840,200,Info,Microsoft-Windows-TaskScheduler,Microsoft-Windows-TaskScheduler/Operational,1444,3664,WIN-L0ZZQ76PMUF,2,S-1-5-21-3848053756-3249532031-1848221756-500,Scheduled Task executed,,,Task: \Microsoft\Windows\CertificateServicesClient\UserTask,Instance Id: 5481ca04-0e98-4b50-a4da-8634cd182850,,,,,Certificate Services Client Task Handler,False,M:\Forensics\TrainingImages\AliHadi\Challenge1\tout\M\Forensics\TrainingImages\AliHadi\Challenge1\s4a-challenge4\Windows\System32\winevt\logs\Microsoft-Windows-TaskScheduler%4Operational.evtx,Classic,0,"{""EventData"":{""@Name"":""ActionStart"",""Data"":[{""@Name"":""TaskName"",""#text"":""\\Microsoft\\Windows\\CertificateServicesClient\\UserTask""},{""@Name"":""ActionName"",""#text"":""Certificate Services Client Task Handler""},{""@Name"":""TaskInstanceId"",""#text"":""5481ca04-0e98-4b50-a4da-8634cd182850""}]}}"
334,334,2015-09-02 06:55:45.4848840,201,Info,Microsoft-Windows-TaskScheduler,Microsoft-Windows-TaskScheduler/Operational,1444,3664,WIN-L0ZZQ76PMUF,2,S-1-5-21-3848053756-3249532031-1848221756-500,Scheduled Task completed,,,Task: \Microsoft\Windows\CertificateServicesClient\UserTask,Instance Id: 5481ca04-0e98-4b50-a4da-8634cd182850,,,,,Certificate Services Client Task Handler,False,M:\Forensics\TrainingImages\AliHadi\Challenge1\tout\M\Forensics\TrainingImages\AliHadi\Challenge1\s4a-challenge4\Windows\System32\winevt\logs\Microsoft-Windows-TaskScheduler%4Operational.evtx,Classic,0,"{""EventData"":{""@Name"":""ActionSuccess"",""Data"":[{""@Name"":""TaskName"",""#text"":""\\Microsoft\\Windows\\CertificateServicesClient\\UserTask""},{""@Name"":""TaskInstanceId"",""#text"":""5481ca04-0e98-4b50-a4da-8634cd182850""},{""@Name"":""ActionName"",""#text"":""Certificate Services Client Task Handler""},{""@Name"":""ResultCode"",""#text"":""0""}]}}"
335,335,2015-09-02 06:55:45.4848840,102,Info,Microsoft-Windows-TaskScheduler,Microsoft-Windows-TaskScheduler/Operational,1444,3664,WIN-L0ZZQ76PMUF,2,S-1-5-21-3848053756-3249532031-1848221756-500,Scheduled Task completed,Context: WIN-L0ZZQ76PMUF\Administrator,,Task: \Microsoft\Windows\CertificateServicesClient\UserTask,Instance Id: 5481ca04-0e98-4b50-a4da-8634cd182850,,,,,,False,M:\Forensics\TrainingImages\AliHadi\Challenge1\tout\M\Forensics\TrainingImages\AliHadi\Challenge1\s4a-challenge4\Windows\System32\winevt\logs\Microsoft-Windows-TaskScheduler%4Operational.evtx,Classic,0,"{""EventData"":{""@Name"":""TaskSuccessEvent"",""Data"":[{""@Name"":""TaskName"",""#text"":""\\Microsoft\\Windows\\CertificateServicesClient\\UserTask""},{""@Name"":""UserContext"",""#text"":""WIN-L0ZZQ76PMUF\\Administrator""},{""@Name"":""InstanceId"",""#text"":""5481ca04-0e98-4b50-a4da-8634cd182850""}]}}"
336,336,2015-09-02 06:55:45.4848840,319,Info,Microsoft-Windows-TaskScheduler,Microsoft-Windows-TaskScheduler/Operational,1984,3880,WIN-L0ZZQ76PMUF,2,S-1-5-18,,,,,,,,,,,False,M:\Forensics\TrainingImages\AliHadi\Challenge1\tout\M\Forensics\TrainingImages\AliHadi\Challenge1\s4a-challenge4\Windows\System32\winevt\logs\Microsoft-Windows-TaskScheduler%4Operational.evtx,Classic,0,"{""EventData"":{""@Name"":""TaskEngineProcessReceivedStartTask"",""Data"":[{""@Name"":""TaskEngineName"",""#text"":""S-1-5-18:NT AUTHORITY\\System:Service:""},{""@Name"":""TaskName"",""#text"":""\\Microsoft\\Windows\\Customer Experience Improvement Program\\Consolidator""}]}}"
337,337,2015-09-02 06:55:45.4848840,201,Info,Microsoft-Windows-TaskScheduler,Microsoft-Windows-TaskScheduler/Operational,1984,3720,WIN-L0ZZQ76PMUF,2,S-1-5-18,Scheduled Task completed,,,Task: \Microsoft\Windows\CertificateServicesClient\SystemTask,Instance Id: 18fbe873-fdf7-46f1-ac22-8bed54fd1827,,,,,Certificate Services Client Task Handler,False,M:\Forensics\TrainingImages\AliHadi\Challenge1\tout\M\Forensics\TrainingImages\AliHadi\Challenge1\s4a-challenge4\Windows\System32\winevt\logs\Microsoft-Windows-TaskScheduler%4Operational.evtx,Classic,0,"{""EventData"":{""@Name"":""ActionSuccess"",""Data"":[{""@Name"":""TaskName"",""#text"":""\\Microsoft\\Windows\\CertificateServicesClient\\SystemTask""},{""@Name"":""TaskInstanceId"",""#text"":""18fbe873-fdf7-46f1-ac22-8bed54fd1827""},{""@Name"":""ActionName"",""#text"":""Certificate Services Client Task Handler""},{""@Name"":""ResultCode"",""#text"":""0""}]}}"
338,338,2015-09-02 06:55:45.4848840,102,Info,Microsoft-Windows-TaskScheduler,Microsoft-Windows-TaskScheduler/Operational,1984,3720,WIN-L0ZZQ76PMUF,2,S-1-5-18,Scheduled Task completed,Context: WORKGROUP\WIN-L0ZZQ76PMUF$,,Task: \Microsoft\Windows\CertificateServicesClient\SystemTask,Instance Id: 18fbe873-fdf7-46f1-ac22-8bed54fd1827,,,,,,False,M:\Forensics\TrainingImages\AliHadi\Challenge1\tout\M\Forensics\TrainingImages\AliHadi\Challenge1\s4a-challenge4\Windows\System32\winevt\logs\Microsoft-Windows-TaskScheduler%4Operational.evtx,Classic,0,"{""EventData"":{""@Name"":""TaskSuccessEvent"",""Data"":[{""@Name"":""TaskName"",""#text"":""\\Microsoft\\Windows\\CertificateServicesClient\\SystemTask""},{""@Name"":""UserContext"",""#text"":""WORKGROUP\\WIN-L0ZZQ76PMUF$""},{""@Name"":""InstanceId"",""#text"":""18fbe873-fdf7-46f1-ac22-8bed54fd1827""}]}}"
339,339,2015-09-02 06:55:45.5005090,100,Info,Microsoft-Windows-TaskScheduler,Microsoft-Windows-TaskScheduler/Operational,1984,3880,WIN-L0ZZQ76PMUF,2,S-1-5-18,Scheduled Task started,Context: WORKGROUP\WIN-L0ZZQ76PMUF$,,Task: \Microsoft\Windows\Customer Experience Improvement Program\Consolidator,Instance Id: d3674454-586e-42c7-9194-5a00c0037fab,,,,,,False,M:\Forensics\TrainingImages\AliHadi\Challenge1\tout\M\Forensics\TrainingImages\AliHadi\Challenge1\s4a-challenge4\Windows\System32\winevt\logs\Microsoft-Windows-TaskScheduler%4Operational.evtx,Classic,0,"{""EventData"":{""@Name"":""TaskStartEvent"",""Data"":[{""@Name"":""TaskName"",""#text"":""\\Microsoft\\Windows\\Customer Experience Improvement Program\\Consolidator""},{""@Name"":""UserContext"",""#text"":""WORKGROUP\\WIN-L0ZZQ76PMUF$""},{""@Name"":""InstanceId"",""#text"":""d3674454-586e-42c7-9194-5a00c0037fab""}]}}"
340,340,2015-09-02 06:55:45.5005090,200,Info,Microsoft-Windows-TaskScheduler,Microsoft-Windows-TaskScheduler/Operational,1984,1164,WIN-L0ZZQ76PMUF,2,S-1-5-18,Scheduled Task executed,,,Task: \Microsoft\Windows\Customer Experience Improvement Program\Consolidator,Instance Id: d3674454-586e-42c7-9194-5a00c0037fab,,,,,%SystemRoot%\System32\wsqmcons.exe,False,M:\Forensics\TrainingImages\AliHadi\Challenge1\tout\M\Forensics\TrainingImages\AliHadi\Challenge1\s4a-challenge4\Windows\System32\winevt\logs\Microsoft-Windows-TaskScheduler%4Operational.evtx,Classic,0,"{""EventData"":{""@Name"":""ActionStart"",""Data"":[{""@Name"":""TaskName"",""#text"":""\\Microsoft\\Windows\\Customer Experience Improvement Program\\Consolidator""},{""@Name"":""ActionName"",""#text"":""%SystemRoot%\\System32\\wsqmcons.exe""},{""@Name"":""TaskInstanceId"",""#text"":""d3674454-586e-42c7-9194-5a00c0037fab""}]}}"
341,341,2015-09-02 06:55:45.5161340,129,Info,Microsoft-Windows-TaskScheduler,Microsoft-Windows-TaskScheduler/Operational,1984,1164,WIN-L0ZZQ76PMUF,2,S-1-5-18,Scheduled Task created,,,Task: \Microsoft\Windows\Customer Experience Improvement Program\Consolidator,ProcessID: 2728,,,,,C:\Windows\System32\wsqmcons.exe,False,M:\Forensics\TrainingImages\AliHadi\Challenge1\tout\M\Forensics\TrainingImages\AliHadi\Challenge1\s4a-challenge4\Windows\System32\winevt\logs\Microsoft-Windows-TaskScheduler%4Operational.evtx,Classic,424,"{""EventData"":{""@Name"":""CreatedTaskProcess"",""Data"":[{""@Name"":""TaskName"",""#text"":""\\Microsoft\\Windows\\Customer Experience Improvement Program\\Consolidator""},{""@Name"":""Path"",""#text"":""C:\\Windows\\System32\\wsqmcons.exe""},{""@Name"":""ProcessID"",""#text"":""2728""},{""@Name"":""Priority"",""#text"":""7""}]}}"
342,342,2015-09-02 06:55:45.7973840,201,Info,Microsoft-Windows-TaskScheduler,Microsoft-Windows-TaskScheduler/Operational,1984,1164,WIN-L0ZZQ76PMUF,2,S-1-5-18,Scheduled Task completed,,,Task: \Microsoft\Windows\Customer Experience Improvement Program\Consolidator,Instance Id: d3674454-586e-42c7-9194-5a00c0037fab,,,,,C:\Windows\System32\wsqmcons.exe,False,M:\Forensics\TrainingImages\AliHadi\Challenge1\tout\M\Forensics\TrainingImages\AliHadi\Challenge1\s4a-challenge4\Windows\System32\winevt\logs\Microsoft-Windows-TaskScheduler%4Operational.evtx,Classic,0,"{""EventData"":{""@Name"":""ActionSuccess"",""Data"":[{""@Name"":""TaskName"",""#text"":""\\Microsoft\\Windows\\Customer Experience Improvement Program\\Consolidator""},{""@Name"":""TaskInstanceId"",""#text"":""d3674454-586e-42c7-9194-5a00c0037fab""},{""@Name"":""ActionName"",""#text"":""C:\\Windows\\System32\\wsqmcons.exe""},{""@Name"":""ResultCode"",""#text"":""2147488001""}]}}"
343,343,2015-09-02 06:55:45.7973840,102,Info,Microsoft-Windows-TaskScheduler,Microsoft-Windows-TaskScheduler/Operational,1984,1164,WIN-L0ZZQ76PMUF,2,S-1-5-18,Scheduled Task completed,Context: WORKGROUP\WIN-L0ZZQ76PMUF$,,Task: \Microsoft\Windows\Customer Experience Improvement Program\Consolidator,Instance Id: d3674454-586e-42c7-9194-5a00c0037fab,,,,,,False,M:\Forensics\TrainingImages\AliHadi\Challenge1\tout\M\Forensics\TrainingImages\AliHadi\Challenge1\s4a-challenge4\Windows\System32\winevt\logs\Microsoft-Windows-TaskScheduler%4Operational.evtx,Classic,0,"{""EventData"":{""@Name"":""TaskSuccessEvent"",""Data"":[{""@Name"":""TaskName"",""#text"":""\\Microsoft\\Windows\\Customer Experience Improvement Program\\Consolidator""},{""@Name"":""UserContext"",""#text"":""WORKGROUP\\WIN-L0ZZQ76PMUF$""},{""@Name"":""InstanceId"",""#text"":""d3674454-586e-42c7-9194-5a00c0037fab""}]}}"
344,344,2015-09-02 06:55:47.3755090,201,Info,Microsoft-Windows-TaskScheduler,Microsoft-Windows-TaskScheduler/Operational,1780,3724,WIN-L0ZZQ76PMUF,2,S-1-5-19,Scheduled Task completed,,,Task: \Microsoft\Windows\RAC\RACAgent,Instance Id: 790874d8-7769-4526-9bc6-f9c2934d1e83,,,,,C:\Windows\system32\RacAgent.exe,False,M:\Forensics\TrainingImages\AliHadi\Challenge1\tout\M\Forensics\TrainingImages\AliHadi\Challenge1\s4a-challenge4\Windows\System32\winevt\logs\Microsoft-Windows-TaskScheduler%4Operational.evtx,Classic,0,"{""EventData"":{""@Name"":""ActionSuccess"",""Data"":[{""@Name"":""TaskName"",""#text"":""\\Microsoft\\Windows\\RAC\\RACAgent""},{""@Name"":""TaskInstanceId"",""#text"":""790874d8-7769-4526-9bc6-f9c2934d1e83""},{""@Name"":""ActionName"",""#text"":""C:\\Windows\\system32\\RacAgent.exe""},{""@Name"":""ResultCode"",""#text"":""0""}]}}"
345,345,2015-09-02 06:55:47.3755090,102,Info,Microsoft-Windows-TaskScheduler,Microsoft-Windows-TaskScheduler/Operational,1780,3724,WIN-L0ZZQ76PMUF,2,S-1-5-19,Scheduled Task completed,Context: NT AUTHORITY\LOCAL SERVICE,,Task: \Microsoft\Windows\RAC\RACAgent,Instance Id: 790874d8-7769-4526-9bc6-f9c2934d1e83,,,,,,False,M:\Forensics\TrainingImages\AliHadi\Challenge1\tout\M\Forensics\TrainingImages\AliHadi\Challenge1\s4a-challenge4\Windows\System32\winevt\logs\Microsoft-Windows-TaskScheduler%4Operational.evtx,Classic,0,"{""EventData"":{""@Name"":""TaskSuccessEvent"",""Data"":[{""@Name"":""TaskName"",""#text"":""\\Microsoft\\Windows\\RAC\\RACAgent""},{""@Name"":""UserContext"",""#text"":""NT AUTHORITY\\LOCAL SERVICE""},{""@Name"":""InstanceId"",""#text"":""790874d8-7769-4526-9bc6-f9c2934d1e83""}]}}"
346,346,2015-09-02 06:55:47.3755090,314,Info,Microsoft-Windows-TaskScheduler,Microsoft-Windows-TaskScheduler/Operational,1024,1820,WIN-L0ZZQ76PMUF,2,S-1-5-18,,,,,,,,,,,False,M:\Forensics\TrainingImages\AliHadi\Challenge1\tout\M\Forensics\TrainingImages\AliHadi\Challenge1\s4a-challenge4\Windows\System32\winevt\logs\Microsoft-Windows-TaskScheduler%4Operational.evtx,Classic,0,"{""EventData"":{""@Name"":""TaskEngineIdle"",""Data"":{""@Name"":""TaskEngineName"",""#text"":""S-1-5-19:NT AUTHORITY\\LocalService:Service:""}}}"
347,347,2015-09-02 07:00:47.4223840,301,Info,Microsoft-Windows-TaskScheduler,Microsoft-Windows-TaskScheduler/Operational,1780,2784,WIN-L0ZZQ76PMUF,2,S-1-5-19,,,,,,,,,,,False,M:\Forensics\TrainingImages\AliHadi\Challenge1\tout\M\Forensics\TrainingImages\AliHadi\Challenge1\s4a-challenge4\Windows\System32\winevt\logs\Microsoft-Windows-TaskScheduler%4Operational.evtx,Classic,0,"{""EventData"":{""@Name"":""TaskEngineExitEvent"",""Data"":{""@Name"":""TaskEngineName"",""#text"":""S-1-5-19:NT AUTHORITY\\LocalService:Service:""}}}"
348,348,2015-09-02 07:00:47.4223840,318,Info,Microsoft-Windows-TaskScheduler,Microsoft-Windows-TaskScheduler/Operational,1780,2784,WIN-L0ZZQ76PMUF,2,S-1-5-19,,,,,,,,,,,False,M:\Forensics\TrainingImages\AliHadi\Challenge1\tout\M\Forensics\TrainingImages\AliHadi\Challenge1\s4a-challenge4\Windows\System32\winevt\logs\Microsoft-Windows-TaskScheduler%4Operational.evtx,Classic,0,"{""EventData"":{""@Name"":""TaskEngineProcessMainShutdown"",""Data"":{""@Name"":""TaskEngineName"",""#text"":""S-1-5-19:NT AUTHORITY\\LocalService:Service:""}}}"
349,349,2015-09-02 07:00:47.4223840,318,Info,Microsoft-Windows-TaskScheduler,Microsoft-Windows-TaskScheduler/Operational,1024,3588,WIN-L0ZZQ76PMUF,2,S-1-5-18,,,,,,,,,,,False,M:\Forensics\TrainingImages\AliHadi\Challenge1\tout\M\Forensics\TrainingImages\AliHadi\Challenge1\s4a-challenge4\Windows\System32\winevt\logs\Microsoft-Windows-TaskScheduler%4Operational.evtx,Classic,0,"{""EventData"":{""@Name"":""TaskEngineProcessMainShutdown"",""Data"":{""@Name"":""TaskEngineName"",""#text"":""S-1-5-19:NT AUTHORITY\\LocalService:Service:""}}}"
350,350,2015-09-02 07:01:03.3286340,125,Info,Microsoft-Windows-TaskScheduler,Microsoft-Windows-TaskScheduler/Operational,1024,1028,WIN-L0ZZQ76PMUF,2,S-1-5-18,,,,,,,,,,,False,M:\Forensics\TrainingImages\AliHadi\Challenge1\tout\M\Forensics\TrainingImages\AliHadi\Challenge1\s4a-challenge4\Windows\System32\winevt\logs\Microsoft-Windows-TaskScheduler%4Operational.evtx,Classic,0,"{""EventData"":{""@Name"":""SessionUnlockTrigger"",""Data"":[{""@Name"":""TaskName"",""#text"":""\\Microsoft\\Windows\\CertificateServicesClient\\UserTask-Roam""},{""@Name"":""UserName"",""#text"":""Administrator""},{""@Name"":""InstanceId"",""#text"":""549b7e17-ccd1-402a-9bd9-131717a4023d""}]}}"
351,351,2015-09-02 07:01:03.3442590,319,Info,Microsoft-Windows-TaskScheduler,Microsoft-Windows-TaskScheduler/Operational,1444,3968,WIN-L0ZZQ76PMUF,2,S-1-5-21-3848053756-3249532031-1848221756-500,,,,,,,,,,,False,M:\Forensics\TrainingImages\AliHadi\Challenge1\tout\M\Forensics\TrainingImages\AliHadi\Challenge1\s4a-challenge4\Windows\System32\winevt\logs\Microsoft-Windows-TaskScheduler%4Operational.evtx,Classic,0,"{""EventData"":{""@Name"":""TaskEngineProcessReceivedStartTask"",""Data"":[{""@Name"":""TaskEngineName"",""#text"":""S-1-5-21-3848053756-3249532031-1848221756-500:WIN-L0ZZQ76PMUF\\Administrator:Interactive:[1]""},{""@Name"":""TaskName"",""#text"":""\\Microsoft\\Windows\\CertificateServicesClient\\UserTask-Roam""}]}}"
352,352,2015-09-02 07:01:03.3442590,100,Info,Microsoft-Windows-TaskScheduler,Microsoft-Windows-TaskScheduler/Operational,1444,3968,WIN-L0ZZQ76PMUF,2,S-1-5-21-3848053756-3249532031-1848221756-500,Scheduled Task started,Context: WIN-L0ZZQ76PMUF\Administrator,,Task: \Microsoft\Windows\CertificateServicesClient\UserTask-Roam,Instance Id: 549b7e17-ccd1-402a-9bd9-131717a4023d,,,,,,False,M:\Forensics\TrainingImages\AliHadi\Challenge1\tout\M\Forensics\TrainingImages\AliHadi\Challenge1\s4a-challenge4\Windows\System32\winevt\logs\Microsoft-Windows-TaskScheduler%4Operational.evtx,Classic,0,"{""EventData"":{""@Name"":""TaskStartEvent"",""Data"":[{""@Name"":""TaskName"",""#text"":""\\Microsoft\\Windows\\CertificateServicesClient\\UserTask-Roam""},{""@Name"":""UserContext"",""#text"":""WIN-L0ZZQ76PMUF\\Administrator""},{""@Name"":""InstanceId"",""#text"":""549b7e17-ccd1-402a-9bd9-131717a4023d""}]}}"
353,353,2015-09-02 07:01:03.3442590,200,Info,Microsoft-Windows-TaskScheduler,Microsoft-Windows-TaskScheduler/Operational,1444,2004,WIN-L0ZZQ76PMUF,2,S-1-5-21-3848053756-3249532031-1848221756-500,Scheduled Task executed,,,Task: \Microsoft\Windows\CertificateServicesClient\UserTask-Roam,Instance Id: 549b7e17-ccd1-402a-9bd9-131717a4023d,,,,,Certificate Services Client Task Handler,False,M:\Forensics\TrainingImages\AliHadi\Challenge1\tout\M\Forensics\TrainingImages\AliHadi\Challenge1\s4a-challenge4\Windows\System32\winevt\logs\Microsoft-Windows-TaskScheduler%4Operational.evtx,Classic,0,"{""EventData"":{""@Name"":""ActionStart"",""Data"":[{""@Name"":""TaskName"",""#text"":""\\Microsoft\\Windows\\CertificateServicesClient\\UserTask-Roam""},{""@Name"":""ActionName"",""#text"":""Certificate Services Client Task Handler""},{""@Name"":""TaskInstanceId"",""#text"":""549b7e17-ccd1-402a-9bd9-131717a4023d""}]}}"
354,354,2015-09-02 07:01:03.3442590,201,Info,Microsoft-Windows-TaskScheduler,Microsoft-Windows-TaskScheduler/Operational,1444,2004,WIN-L0ZZQ76PMUF,2,S-1-5-21-3848053756-3249532031-1848221756-500,Scheduled Task completed,,,Task: \Microsoft\Windows\CertificateServicesClient\UserTask-Roam,Instance Id: 549b7e17-ccd1-402a-9bd9-131717a4023d,,,,,Certificate Services Client Task Handler,False,M:\Forensics\TrainingImages\AliHadi\Challenge1\tout\M\Forensics\TrainingImages\AliHadi\Challenge1\s4a-challenge4\Windows\System32\winevt\logs\Microsoft-Windows-TaskScheduler%4Operational.evtx,Classic,0,"{""EventData"":{""@Name"":""ActionSuccess"",""Data"":[{""@Name"":""TaskName"",""#text"":""\\Microsoft\\Windows\\CertificateServicesClient\\UserTask-Roam""},{""@Name"":""TaskInstanceId"",""#text"":""549b7e17-ccd1-402a-9bd9-131717a4023d""},{""@Name"":""ActionName"",""#text"":""Certificate Services Client Task Handler""},{""@Name"":""ResultCode"",""#text"":""0""}]}}"
355,355,2015-09-02 07:01:03.3442590,102,Info,Microsoft-Windows-TaskScheduler,Microsoft-Windows-TaskScheduler/Operational,1444,2004,WIN-L0ZZQ76PMUF,2,S-1-5-21-3848053756-3249532031-1848221756-500,Scheduled Task completed,Context: WIN-L0ZZQ76PMUF\Administrator,,Task: \Microsoft\Windows\CertificateServicesClient\UserTask-Roam,Instance Id: 549b7e17-ccd1-402a-9bd9-131717a4023d,,,,,,False,M:\Forensics\TrainingImages\AliHadi\Challenge1\tout\M\Forensics\TrainingImages\AliHadi\Challenge1\s4a-challenge4\Windows\System32\winevt\logs\Microsoft-Windows-TaskScheduler%4Operational.evtx,Classic,0,"{""EventData"":{""@Name"":""TaskSuccessEvent"",""Data"":[{""@Name"":""TaskName"",""#text"":""\\Microsoft\\Windows\\CertificateServicesClient\\UserTask-Roam""},{""@Name"":""UserContext"",""#text"":""WIN-L0ZZQ76PMUF\\Administrator""},{""@Name"":""InstanceId"",""#text"":""549b7e17-ccd1-402a-9bd9-131717a4023d""}]}}"
356,356,2015-09-02 07:12:40.5803720,124,Info,Microsoft-Windows-TaskScheduler,Microsoft-Windows-TaskScheduler/Operational,1024,1028,WIN-L0ZZQ76PMUF,2,S-1-5-18,,,,,,,,,,,False,M:\Forensics\TrainingImages\AliHadi\Challenge1\tout\M\Forensics\TrainingImages\AliHadi\Challenge1\s4a-challenge4\Windows\System32\winevt\logs\Microsoft-Windows-TaskScheduler%4Operational.evtx,Classic,0,"{""EventData"":{""@Name"":""SessionLockTrigger"",""Data"":[{""@Name"":""TaskName"",""#text"":""\\Microsoft\\Windows\\CertificateServicesClient\\UserTask-Roam""},{""@Name"":""UserName"",""#text"":""Administrator""},{""@Name"":""InstanceId"",""#text"":""d3904642-8f16-48cd-b853-55ff2b9562b5""}]}}"
357,357,2015-09-02 07:12:40.5959970,319,Info,Microsoft-Windows-TaskScheduler,Microsoft-Windows-TaskScheduler/Operational,1444,444,WIN-L0ZZQ76PMUF,2,S-1-5-21-3848053756-3249532031-1848221756-500,,,,,,,,,,,False,M:\Forensics\TrainingImages\AliHadi\Challenge1\tout\M\Forensics\TrainingImages\AliHadi\Challenge1\s4a-challenge4\Windows\System32\winevt\logs\Microsoft-Windows-TaskScheduler%4Operational.evtx,Classic,0,"{""EventData"":{""@Name"":""TaskEngineProcessReceivedStartTask"",""Data"":[{""@Name"":""TaskEngineName"",""#text"":""S-1-5-21-3848053756-3249532031-1848221756-500:WIN-L0ZZQ76PMUF\\Administrator:Interactive:[1]""},{""@Name"":""TaskName"",""#text"":""\\Microsoft\\Windows\\CertificateServicesClient\\UserTask-Roam""}]}}"
358,358,2015-09-02 07:12:40.5959970,100,Info,Microsoft-Windows-TaskScheduler,Microsoft-Windows-TaskScheduler/Operational,1444,444,WIN-L0ZZQ76PMUF,2,S-1-5-21-3848053756-3249532031-1848221756-500,Scheduled Task started,Context: WIN-L0ZZQ76PMUF\Administrator,,Task: \Microsoft\Windows\CertificateServicesClient\UserTask-Roam,Instance Id: d3904642-8f16-48cd-b853-55ff2b9562b5,,,,,,False,M:\Forensics\TrainingImages\AliHadi\Challenge1\tout\M\Forensics\TrainingImages\AliHadi\Challenge1\s4a-challenge4\Windows\System32\winevt\logs\Microsoft-Windows-TaskScheduler%4Operational.evtx,Classic,0,"{""EventData"":{""@Name"":""TaskStartEvent"",""Data"":[{""@Name"":""TaskName"",""#text"":""\\Microsoft\\Windows\\CertificateServicesClient\\UserTask-Roam""},{""@Name"":""UserContext"",""#text"":""WIN-L0ZZQ76PMUF\\Administrator""},{""@Name"":""InstanceId"",""#text"":""d3904642-8f16-48cd-b853-55ff2b9562b5""}]}}"
359,359,2015-09-02 07:12:40.5959970,200,Info,Microsoft-Windows-TaskScheduler,Microsoft-Windows-TaskScheduler/Operational,1444,3760,WIN-L0ZZQ76PMUF,2,S-1-5-21-3848053756-3249532031-1848221756-500,Scheduled Task executed,,,Task: \Microsoft\Windows\CertificateServicesClient\UserTask-Roam,Instance Id: d3904642-8f16-48cd-b853-55ff2b9562b5,,,,,Certificate Services Client Task Handler,False,M:\Forensics\TrainingImages\AliHadi\Challenge1\tout\M\Forensics\TrainingImages\AliHadi\Challenge1\s4a-challenge4\Windows\System32\winevt\logs\Microsoft-Windows-TaskScheduler%4Operational.evtx,Classic,0,"{""EventData"":{""@Name"":""ActionStart"",""Data"":[{""@Name"":""TaskName"",""#text"":""\\Microsoft\\Windows\\CertificateServicesClient\\UserTask-Roam""},{""@Name"":""ActionName"",""#text"":""Certificate Services Client Task Handler""},{""@Name"":""TaskInstanceId"",""#text"":""d3904642-8f16-48cd-b853-55ff2b9562b5""}]}}"
360,360,2015-09-02 07:12:40.6116220,201,Info,Microsoft-Windows-TaskScheduler,Microsoft-Windows-TaskScheduler/Operational,1444,3760,WIN-L0ZZQ76PMUF,2,S-1-5-21-3848053756-3249532031-1848221756-500,Scheduled Task completed,,,Task: \Microsoft\Windows\CertificateServicesClient\UserTask-Roam,Instance Id: d3904642-8f16-48cd-b853-55ff2b9562b5,,,,,Certificate Services Client Task Handler,False,M:\Forensics\TrainingImages\AliHadi\Challenge1\tout\M\Forensics\TrainingImages\AliHadi\Challenge1\s4a-challenge4\Windows\System32\winevt\logs\Microsoft-Windows-TaskScheduler%4Operational.evtx,Classic,0,"{""EventData"":{""@Name"":""ActionSuccess"",""Data"":[{""@Name"":""TaskName"",""#text"":""\\Microsoft\\Windows\\CertificateServicesClient\\UserTask-Roam""},{""@Name"":""TaskInstanceId"",""#text"":""d3904642-8f16-48cd-b853-55ff2b9562b5""},{""@Name"":""ActionName"",""#text"":""Certificate Services Client Task Handler""},{""@Name"":""ResultCode"",""#text"":""0""}]}}"
361,361,2015-09-02 07:12:40.6116220,102,Info,Microsoft-Windows-TaskScheduler,Microsoft-Windows-TaskScheduler/Operational,1444,3760,WIN-L0ZZQ76PMUF,2,S-1-5-21-3848053756-3249532031-1848221756-500,Scheduled Task completed,Context: WIN-L0ZZQ76PMUF\Administrator,,Task: \Microsoft\Windows\CertificateServicesClient\UserTask-Roam,Instance Id: d3904642-8f16-48cd-b853-55ff2b9562b5,,,,,,False,M:\Forensics\TrainingImages\AliHadi\Challenge1\tout\M\Forensics\TrainingImages\AliHadi\Challenge1\s4a-challenge4\Windows\System32\winevt\logs\Microsoft-Windows-TaskScheduler%4Operational.evtx,Classic,0,"{""EventData"":{""@Name"":""TaskSuccessEvent"",""Data"":[{""@Name"":""TaskName"",""#text"":""\\Microsoft\\Windows\\CertificateServicesClient\\UserTask-Roam""},{""@Name"":""UserContext"",""#text"":""WIN-L0ZZQ76PMUF\\Administrator""},{""@Name"":""InstanceId"",""#text"":""d3904642-8f16-48cd-b853-55ff2b9562b5""}]}}"
362,362,2015-09-02 07:12:45.3147470,125,Info,Microsoft-Windows-TaskScheduler,Microsoft-Windows-TaskScheduler/Operational,1024,1028,WIN-L0ZZQ76PMUF,2,S-1-5-18,,,,,,,,,,,False,M:\Forensics\TrainingImages\AliHadi\Challenge1\tout\M\Forensics\TrainingImages\AliHadi\Challenge1\s4a-challenge4\Windows\System32\winevt\logs\Microsoft-Windows-TaskScheduler%4Operational.evtx,Classic,0,"{""EventData"":{""@Name"":""SessionUnlockTrigger"",""Data"":[{""@Name"":""TaskName"",""#text"":""\\Microsoft\\Windows\\CertificateServicesClient\\UserTask-Roam""},{""@Name"":""UserName"",""#text"":""Administrator""},{""@Name"":""InstanceId"",""#text"":""961ebb03-e1e6-4a49-846f-a525906d8f53""}]}}"
363,363,2015-09-02 07:12:45.3147470,319,Info,Microsoft-Windows-TaskScheduler,Microsoft-Windows-TaskScheduler/Operational,1444,444,WIN-L0ZZQ76PMUF,2,S-1-5-21-3848053756-3249532031-1848221756-500,,,,,,,,,,,False,M:\Forensics\TrainingImages\AliHadi\Challenge1\tout\M\Forensics\TrainingImages\AliHadi\Challenge1\s4a-challenge4\Windows\System32\winevt\logs\Microsoft-Windows-TaskScheduler%4Operational.evtx,Classic,0,"{""EventData"":{""@Name"":""TaskEngineProcessReceivedStartTask"",""Data"":[{""@Name"":""TaskEngineName"",""#text"":""S-1-5-21-3848053756-3249532031-1848221756-500:WIN-L0ZZQ76PMUF\\Administrator:Interactive:[1]""},{""@Name"":""TaskName"",""#text"":""\\Microsoft\\Windows\\CertificateServicesClient\\UserTask-Roam""}]}}"
364,364,2015-09-02 07:12:45.3147470,100,Info,Microsoft-Windows-TaskScheduler,Microsoft-Windows-TaskScheduler/Operational,1444,444,WIN-L0ZZQ76PMUF,2,S-1-5-21-3848053756-3249532031-1848221756-500,Scheduled Task started,Context: WIN-L0ZZQ76PMUF\Administrator,,Task: \Microsoft\Windows\CertificateServicesClient\UserTask-Roam,Instance Id: 961ebb03-e1e6-4a49-846f-a525906d8f53,,,,,,False,M:\Forensics\TrainingImages\AliHadi\Challenge1\tout\M\Forensics\TrainingImages\AliHadi\Challenge1\s4a-challenge4\Windows\System32\winevt\logs\Microsoft-Windows-TaskScheduler%4Operational.evtx,Classic,0,"{""EventData"":{""@Name"":""TaskStartEvent"",""Data"":[{""@Name"":""TaskName"",""#text"":""\\Microsoft\\Windows\\CertificateServicesClient\\UserTask-Roam""},{""@Name"":""UserContext"",""#text"":""WIN-L0ZZQ76PMUF\\Administrator""},{""@Name"":""InstanceId"",""#text"":""961ebb03-e1e6-4a49-846f-a525906d8f53""}]}}"
365,365,2015-09-02 07:12:45.3147470,200,Info,Microsoft-Windows-TaskScheduler,Microsoft-Windows-TaskScheduler/Operational,1444,3820,WIN-L0ZZQ76PMUF,2,S-1-5-21-3848053756-3249532031-1848221756-500,Scheduled Task executed,,,Task: \Microsoft\Windows\CertificateServicesClient\UserTask-Roam,Instance Id: 961ebb03-e1e6-4a49-846f-a525906d8f53,,,,,Certificate Services Client Task Handler,False,M:\Forensics\TrainingImages\AliHadi\Challenge1\tout\M\Forensics\TrainingImages\AliHadi\Challenge1\s4a-challenge4\Windows\System32\winevt\logs\Microsoft-Windows-TaskScheduler%4Operational.evtx,Classic,0,"{""EventData"":{""@Name"":""ActionStart"",""Data"":[{""@Name"":""TaskName"",""#text"":""\\Microsoft\\Windows\\CertificateServicesClient\\UserTask-Roam""},{""@Name"":""ActionName"",""#text"":""Certificate Services Client Task Handler""},{""@Name"":""TaskInstanceId"",""#text"":""961ebb03-e1e6-4a49-846f-a525906d8f53""}]}}"
366,366,2015-09-02 07:12:45.3147470,201,Info,Microsoft-Windows-TaskScheduler,Microsoft-Windows-TaskScheduler/Operational,1444,3820,WIN-L0ZZQ76PMUF,2,S-1-5-21-3848053756-3249532031-1848221756-500,Scheduled Task completed,,,Task: \Microsoft\Windows\CertificateServicesClient\UserTask-Roam,Instance Id: 961ebb03-e1e6-4a49-846f-a525906d8f53,,,,,Certificate Services Client Task Handler,False,M:\Forensics\TrainingImages\AliHadi\Challenge1\tout\M\Forensics\TrainingImages\AliHadi\Challenge1\s4a-challenge4\Windows\System32\winevt\logs\Microsoft-Windows-TaskScheduler%4Operational.evtx,Classic,0,"{""EventData"":{""@Name"":""ActionSuccess"",""Data"":[{""@Name"":""TaskName"",""#text"":""\\Microsoft\\Windows\\CertificateServicesClient\\UserTask-Roam""},{""@Name"":""TaskInstanceId"",""#text"":""961ebb03-e1e6-4a49-846f-a525906d8f53""},{""@Name"":""ActionName"",""#text"":""Certificate Services Client Task Handler""},{""@Name"":""ResultCode"",""#text"":""0""}]}}"
367,367,2015-09-02 07:12:45.3147470,102,Info,Microsoft-Windows-TaskScheduler,Microsoft-Windows-TaskScheduler/Operational,1444,3820,WIN-L0ZZQ76PMUF,2,S-1-5-21-3848053756-3249532031-1848221756-500,Scheduled Task completed,Context: WIN-L0ZZQ76PMUF\Administrator,,Task: \Microsoft\Windows\CertificateServicesClient\UserTask-Roam,Instance Id: 961ebb03-e1e6-4a49-846f-a525906d8f53,,,,,,False,M:\Forensics\TrainingImages\AliHadi\Challenge1\tout\M\Forensics\TrainingImages\AliHadi\Challenge1\s4a-challenge4\Windows\System32\winevt\logs\Microsoft-Windows-TaskScheduler%4Operational.evtx,Classic,0,"{""EventData"":{""@Name"":""TaskSuccessEvent"",""Data"":[{""@Name"":""TaskName"",""#text"":""\\Microsoft\\Windows\\CertificateServicesClient\\UserTask-Roam""},{""@Name"":""UserContext"",""#text"":""WIN-L0ZZQ76PMUF\\Administrator""},{""@Name"":""InstanceId"",""#text"":""961ebb03-e1e6-4a49-846f-a525906d8f53""}]}}"
368,368,2015-09-02 07:35:09.8459970,124,Info,Microsoft-Windows-TaskScheduler,Microsoft-Windows-TaskScheduler/Operational,1024,1028,WIN-L0ZZQ76PMUF,2,S-1-5-18,,,,,,,,,,,False,M:\Forensics\TrainingImages\AliHadi\Challenge1\tout\M\Forensics\TrainingImages\AliHadi\Challenge1\s4a-challenge4\Windows\System32\winevt\logs\Microsoft-Windows-TaskScheduler%4Operational.evtx,Classic,0,"{""EventData"":{""@Name"":""SessionLockTrigger"",""Data"":[{""@Name"":""TaskName"",""#text"":""\\Microsoft\\Windows\\CertificateServicesClient\\UserTask-Roam""},{""@Name"":""UserName"",""#text"":""Administrator""},{""@Name"":""InstanceId"",""#text"":""99668ee8-1ea3-446c-8c3e-c5d86f4c1462""}]}}"
369,369,2015-09-02 07:35:09.8616220,319,Info,Microsoft-Windows-TaskScheduler,Microsoft-Windows-TaskScheduler/Operational,1444,2388,WIN-L0ZZQ76PMUF,2,S-1-5-21-3848053756-3249532031-1848221756-500,,,,,,,,,,,False,M:\Forensics\TrainingImages\AliHadi\Challenge1\tout\M\Forensics\TrainingImages\AliHadi\Challenge1\s4a-challenge4\Windows\System32\winevt\logs\Microsoft-Windows-TaskScheduler%4Operational.evtx,Classic,0,"{""EventData"":{""@Name"":""TaskEngineProcessReceivedStartTask"",""Data"":[{""@Name"":""TaskEngineName"",""#text"":""S-1-5-21-3848053756-3249532031-1848221756-500:WIN-L0ZZQ76PMUF\\Administrator:Interactive:[1]""},{""@Name"":""TaskName"",""#text"":""\\Microsoft\\Windows\\CertificateServicesClient\\UserTask-Roam""}]}}"
370,370,2015-09-02 07:35:09.8616220,100,Info,Microsoft-Windows-TaskScheduler,Microsoft-Windows-TaskScheduler/Operational,1444,2388,WIN-L0ZZQ76PMUF,2,S-1-5-21-3848053756-3249532031-1848221756-500,Scheduled Task started,Context: WIN-L0ZZQ76PMUF\Administrator,,Task: \Microsoft\Windows\CertificateServicesClient\UserTask-Roam,Instance Id: 99668ee8-1ea3-446c-8c3e-c5d86f4c1462,,,,,,False,M:\Forensics\TrainingImages\AliHadi\Challenge1\tout\M\Forensics\TrainingImages\AliHadi\Challenge1\s4a-challenge4\Windows\System32\winevt\logs\Microsoft-Windows-TaskScheduler%4Operational.evtx,Classic,0,"{""EventData"":{""@Name"":""TaskStartEvent"",""Data"":[{""@Name"":""TaskName"",""#text"":""\\Microsoft\\Windows\\CertificateServicesClient\\UserTask-Roam""},{""@Name"":""UserContext"",""#text"":""WIN-L0ZZQ76PMUF\\Administrator""},{""@Name"":""InstanceId"",""#text"":""99668ee8-1ea3-446c-8c3e-c5d86f4c1462""}]}}"
371,371,2015-09-02 07:35:09.8616220,200,Info,Microsoft-Windows-TaskScheduler,Microsoft-Windows-TaskScheduler/Operational,1444,4060,WIN-L0ZZQ76PMUF,2,S-1-5-21-3848053756-3249532031-1848221756-500,Scheduled Task executed,,,Task: \Microsoft\Windows\CertificateServicesClient\UserTask-Roam,Instance Id: 99668ee8-1ea3-446c-8c3e-c5d86f4c1462,,,,,Certificate Services Client Task Handler,False,M:\Forensics\TrainingImages\AliHadi\Challenge1\tout\M\Forensics\TrainingImages\AliHadi\Challenge1\s4a-challenge4\Windows\System32\winevt\logs\Microsoft-Windows-TaskScheduler%4Operational.evtx,Classic,0,"{""EventData"":{""@Name"":""ActionStart"",""Data"":[{""@Name"":""TaskName"",""#text"":""\\Microsoft\\Windows\\CertificateServicesClient\\UserTask-Roam""},{""@Name"":""ActionName"",""#text"":""Certificate Services Client Task Handler""},{""@Name"":""TaskInstanceId"",""#text"":""99668ee8-1ea3-446c-8c3e-c5d86f4c1462""}]}}"
372,372,2015-09-02 07:35:09.8616220,201,Info,Microsoft-Windows-TaskScheduler,Microsoft-Windows-TaskScheduler/Operational,1444,4060,WIN-L0ZZQ76PMUF,2,S-1-5-21-3848053756-3249532031-1848221756-500,Scheduled Task completed,,,Task: \Microsoft\Windows\CertificateServicesClient\UserTask-Roam,Instance Id: 99668ee8-1ea3-446c-8c3e-c5d86f4c1462,,,,,Certificate Services Client Task Handler,False,M:\Forensics\TrainingImages\AliHadi\Challenge1\tout\M\Forensics\TrainingImages\AliHadi\Challenge1\s4a-challenge4\Windows\System32\winevt\logs\Microsoft-Windows-TaskScheduler%4Operational.evtx,Classic,0,"{""EventData"":{""@Name"":""ActionSuccess"",""Data"":[{""@Name"":""TaskName"",""#text"":""\\Microsoft\\Windows\\CertificateServicesClient\\UserTask-Roam""},{""@Name"":""TaskInstanceId"",""#text"":""99668ee8-1ea3-446c-8c3e-c5d86f4c1462""},{""@Name"":""ActionName"",""#text"":""Certificate Services Client Task Handler""},{""@Name"":""ResultCode"",""#text"":""0""}]}}"
373,373,2015-09-02 07:35:09.8616220,102,Info,Microsoft-Windows-TaskScheduler,Microsoft-Windows-TaskScheduler/Operational,1444,4060,WIN-L0ZZQ76PMUF,2,S-1-5-21-3848053756-3249532031-1848221756-500,Scheduled Task completed,Context: WIN-L0ZZQ76PMUF\Administrator,,Task: \Microsoft\Windows\CertificateServicesClient\UserTask-Roam,Instance Id: 99668ee8-1ea3-446c-8c3e-c5d86f4c1462,,,,,,False,M:\Forensics\TrainingImages\AliHadi\Challenge1\tout\M\Forensics\TrainingImages\AliHadi\Challenge1\s4a-challenge4\Windows\System32\winevt\logs\Microsoft-Windows-TaskScheduler%4Operational.evtx,Classic,0,"{""EventData"":{""@Name"":""TaskSuccessEvent"",""Data"":[{""@Name"":""TaskName"",""#text"":""\\Microsoft\\Windows\\CertificateServicesClient\\UserTask-Roam""},{""@Name"":""UserContext"",""#text"":""WIN-L0ZZQ76PMUF\\Administrator""},{""@Name"":""InstanceId"",""#text"":""99668ee8-1ea3-446c-8c3e-c5d86f4c1462""}]}}"
374,374,2015-09-02 07:55:45.4241220,310,Info,Microsoft-Windows-TaskScheduler,Microsoft-Windows-TaskScheduler/Operational,1024,1316,WIN-L0ZZQ76PMUF,2,S-1-5-18,,,,,,,,,,,False,M:\Forensics\TrainingImages\AliHadi\Challenge1\tout\M\Forensics\TrainingImages\AliHadi\Challenge1\s4a-challenge4\Windows\System32\winevt\logs\Microsoft-Windows-TaskScheduler%4Operational.evtx,Classic,0,"{""EventData"":{""@Name"":""TaskEngineProcessStarted"",""Data"":[{""@Name"":""TaskEngineName"",""#text"":""S-1-5-19:NT AUTHORITY\\LocalService:Service:""},{""@Name"":""Command"",""#text"":""taskeng.exe""},{""@Name"":""ProcessID"",""#text"":""2272""},{""@Name"":""ThreadID"",""#text"":""784""}]}}"
375,375,2015-09-02 07:55:45.5491220,317,Info,Microsoft-Windows-TaskScheduler,Microsoft-Windows-TaskScheduler/Operational,2272,784,WIN-L0ZZQ76PMUF,2,S-1-5-19,,,,,,,,,,,False,M:\Forensics\TrainingImages\AliHadi\Challenge1\tout\M\Forensics\TrainingImages\AliHadi\Challenge1\s4a-challenge4\Windows\System32\winevt\logs\Microsoft-Windows-TaskScheduler%4Operational.evtx,Classic,0,"{""EventData"":{""@Name"":""TaskEngineProcessMainStarted"",""Data"":{""@Name"":""TaskEngineName"",""#text"":""S-1-5-19:NT AUTHORITY\\LocalService:Service:""}}}"
376,376,2015-09-02 07:55:45.5491220,319,Info,Microsoft-Windows-TaskScheduler,Microsoft-Windows-TaskScheduler/Operational,2272,2552,WIN-L0ZZQ76PMUF,2,S-1-5-19,,,,,,,,,,,False,M:\Forensics\TrainingImages\AliHadi\Challenge1\tout\M\Forensics\TrainingImages\AliHadi\Challenge1\s4a-challenge4\Windows\System32\winevt\logs\Microsoft-Windows-TaskScheduler%4Operational.evtx,Classic,0,"{""EventData"":{""@Name"":""TaskEngineProcessReceivedStartTask"",""Data"":[{""@Name"":""TaskEngineName"",""#text"":""S-1-5-19:NT AUTHORITY\\LocalService:Service:""},{""@Name"":""TaskName"",""#text"":""\\Microsoft\\Windows\\RAC\\RACAgent""}]}}"
377,377,2015-09-02 07:55:45.5491220,100,Info,Microsoft-Windows-TaskScheduler,Microsoft-Windows-TaskScheduler/Operational,2272,2552,WIN-L0ZZQ76PMUF,2,S-1-5-19,Scheduled Task started,Context: NT AUTHORITY\LOCAL SERVICE,,Task: \Microsoft\Windows\RAC\RACAgent,Instance Id: 2eb0ecdd-b237-4deb-86b3-71cc09626c94,,,,,,False,M:\Forensics\TrainingImages\AliHadi\Challenge1\tout\M\Forensics\TrainingImages\AliHadi\Challenge1\s4a-challenge4\Windows\System32\winevt\logs\Microsoft-Windows-TaskScheduler%4Operational.evtx,Classic,0,"{""EventData"":{""@Name"":""TaskStartEvent"",""Data"":[{""@Name"":""TaskName"",""#text"":""\\Microsoft\\Windows\\RAC\\RACAgent""},{""@Name"":""UserContext"",""#text"":""NT AUTHORITY\\LOCAL SERVICE""},{""@Name"":""InstanceId"",""#text"":""2eb0ecdd-b237-4deb-86b3-71cc09626c94""}]}}"
378,378,2015-09-02 07:55:45.5491220,200,Info,Microsoft-Windows-TaskScheduler,Microsoft-Windows-TaskScheduler/Operational,2272,1940,WIN-L0ZZQ76PMUF,2,S-1-5-19,Scheduled Task executed,,,Task: \Microsoft\Windows\RAC\RACAgent,Instance Id: 2eb0ecdd-b237-4deb-86b3-71cc09626c94,,,,,%windir%\system32\RacAgent.exe,False,M:\Forensics\TrainingImages\AliHadi\Challenge1\tout\M\Forensics\TrainingImages\AliHadi\Challenge1\s4a-challenge4\Windows\System32\winevt\logs\Microsoft-Windows-TaskScheduler%4Operational.evtx,Classic,0,"{""EventData"":{""@Name"":""ActionStart"",""Data"":[{""@Name"":""TaskName"",""#text"":""\\Microsoft\\Windows\\RAC\\RACAgent""},{""@Name"":""ActionName"",""#text"":""%windir%\\system32\\RacAgent.exe""},{""@Name"":""TaskInstanceId"",""#text"":""2eb0ecdd-b237-4deb-86b3-71cc09626c94""}]}}"
379,379,2015-09-02 07:55:45.5491220,129,Info,Microsoft-Windows-TaskScheduler,Microsoft-Windows-TaskScheduler/Operational,2272,1940,WIN-L0ZZQ76PMUF,2,S-1-5-19,Scheduled Task created,,,Task: \Microsoft\Windows\RAC\RACAgent,ProcessID: 2892,,,,,C:\Windows\system32\RacAgent.exe,False,M:\Forensics\TrainingImages\AliHadi\Challenge1\tout\M\Forensics\TrainingImages\AliHadi\Challenge1\s4a-challenge4\Windows\System32\winevt\logs\Microsoft-Windows-TaskScheduler%4Operational.evtx,Classic,0,"{""EventData"":{""@Name"":""CreatedTaskProcess"",""Data"":[{""@Name"":""TaskName"",""#text"":""\\Microsoft\\Windows\\RAC\\RACAgent""},{""@Name"":""Path"",""#text"":""C:\\Windows\\system32\\RacAgent.exe""},{""@Name"":""ProcessID"",""#text"":""2892""},{""@Name"":""Priority"",""#text"":""7""}]}}"
380,380,2015-09-02 07:55:45.9084970,201,Info,Microsoft-Windows-TaskScheduler,Microsoft-Windows-TaskScheduler/Operational,2272,1940,WIN-L0ZZQ76PMUF,2,S-1-5-19,Scheduled Task completed,,,Task: \Microsoft\Windows\RAC\RACAgent,Instance Id: 2eb0ecdd-b237-4deb-86b3-71cc09626c94,,,,,C:\Windows\system32\RacAgent.exe,False,M:\Forensics\TrainingImages\AliHadi\Challenge1\tout\M\Forensics\TrainingImages\AliHadi\Challenge1\s4a-challenge4\Windows\System32\winevt\logs\Microsoft-Windows-TaskScheduler%4Operational.evtx,Classic,0,"{""EventData"":{""@Name"":""ActionSuccess"",""Data"":[{""@Name"":""TaskName"",""#text"":""\\Microsoft\\Windows\\RAC\\RACAgent""},{""@Name"":""TaskInstanceId"",""#text"":""2eb0ecdd-b237-4deb-86b3-71cc09626c94""},{""@Name"":""ActionName"",""#text"":""C:\\Windows\\system32\\RacAgent.exe""},{""@Name"":""ResultCode"",""#text"":""0""}]}}"
381,381,2015-09-02 07:55:45.9084970,102,Info,Microsoft-Windows-TaskScheduler,Microsoft-Windows-TaskScheduler/Operational,2272,1940,WIN-L0ZZQ76PMUF,2,S-1-5-19,Scheduled Task completed,Context: NT AUTHORITY\LOCAL SERVICE,,Task: \Microsoft\Windows\RAC\RACAgent,Instance Id: 2eb0ecdd-b237-4deb-86b3-71cc09626c94,,,,,,False,M:\Forensics\TrainingImages\AliHadi\Challenge1\tout\M\Forensics\TrainingImages\AliHadi\Challenge1\s4a-challenge4\Windows\System32\winevt\logs\Microsoft-Windows-TaskScheduler%4Operational.evtx,Classic,0,"{""EventData"":{""@Name"":""TaskSuccessEvent"",""Data"":[{""@Name"":""TaskName"",""#text"":""\\Microsoft\\Windows\\RAC\\RACAgent""},{""@Name"":""UserContext"",""#text"":""NT AUTHORITY\\LOCAL SERVICE""},{""@Name"":""InstanceId"",""#text"":""2eb0ecdd-b237-4deb-86b3-71cc09626c94""}]}}"
382,382,2015-09-02 07:55:45.9084970,314,Info,Microsoft-Windows-TaskScheduler,Microsoft-Windows-TaskScheduler/Operational,1024,2588,WIN-L0ZZQ76PMUF,2,S-1-5-18,,,,,,,,,,,False,M:\Forensics\TrainingImages\AliHadi\Challenge1\tout\M\Forensics\TrainingImages\AliHadi\Challenge1\s4a-challenge4\Windows\System32\winevt\logs\Microsoft-Windows-TaskScheduler%4Operational.evtx,Classic,0,"{""EventData"":{""@Name"":""TaskEngineIdle"",""Data"":{""@Name"":""TaskEngineName"",""#text"":""S-1-5-19:NT AUTHORITY\\LocalService:Service:""}}}"
383,383,2015-09-02 08:00:45.9553720,301,Info,Microsoft-Windows-TaskScheduler,Microsoft-Windows-TaskScheduler/Operational,2272,784,WIN-L0ZZQ76PMUF,2,S-1-5-19,,,,,,,,,,,False,M:\Forensics\TrainingImages\AliHadi\Challenge1\tout\M\Forensics\TrainingImages\AliHadi\Challenge1\s4a-challenge4\Windows\System32\winevt\logs\Microsoft-Windows-TaskScheduler%4Operational.evtx,Classic,0,"{""EventData"":{""@Name"":""TaskEngineExitEvent"",""Data"":{""@Name"":""TaskEngineName"",""#text"":""S-1-5-19:NT AUTHORITY\\LocalService:Service:""}}}"
384,384,2015-09-02 08:00:45.9553720,318,Info,Microsoft-Windows-TaskScheduler,Microsoft-Windows-TaskScheduler/Operational,2272,784,WIN-L0ZZQ76PMUF,2,S-1-5-19,,,,,,,,,,,False,M:\Forensics\TrainingImages\AliHadi\Challenge1\tout\M\Forensics\TrainingImages\AliHadi\Challenge1\s4a-challenge4\Windows\System32\winevt\logs\Microsoft-Windows-TaskScheduler%4Operational.evtx,Classic,0,"{""EventData"":{""@Name"":""TaskEngineProcessMainShutdown"",""Data"":{""@Name"":""TaskEngineName"",""#text"":""S-1-5-19:NT AUTHORITY\\LocalService:Service:""}}}"
385,385,2015-09-02 08:00:45.9553720,318,Info,Microsoft-Windows-TaskScheduler,Microsoft-Windows-TaskScheduler/Operational,1024,2464,WIN-L0ZZQ76PMUF,2,S-1-5-18,,,,,,,,,,,False,M:\Forensics\TrainingImages\AliHadi\Challenge1\tout\M\Forensics\TrainingImages\AliHadi\Challenge1\s4a-challenge4\Windows\System32\winevt\logs\Microsoft-Windows-TaskScheduler%4Operational.evtx,Classic,0,"{""EventData"":{""@Name"":""TaskEngineProcessMainShutdown"",""Data"":{""@Name"":""TaskEngineName"",""#text"":""S-1-5-19:NT AUTHORITY\\LocalService:Service:""}}}"
386,386,2015-09-02 08:36:52.1272470,125,Info,Microsoft-Windows-TaskScheduler,Microsoft-Windows-TaskScheduler/Operational,1024,1028,WIN-L0ZZQ76PMUF,2,S-1-5-18,,,,,,,,,,,False,M:\Forensics\TrainingImages\AliHadi\Challenge1\tout\M\Forensics\TrainingImages\AliHadi\Challenge1\s4a-challenge4\Windows\System32\winevt\logs\Microsoft-Windows-TaskScheduler%4Operational.evtx,Classic,0,"{""EventData"":{""@Name"":""SessionUnlockTrigger"",""Data"":[{""@Name"":""TaskName"",""#text"":""\\Microsoft\\Windows\\CertificateServicesClient\\UserTask-Roam""},{""@Name"":""UserName"",""#text"":""Administrator""},{""@Name"":""InstanceId"",""#text"":""661074a4-111c-4d24-a8ca-7abc0ceb807b""}]}}"
387,387,2015-09-02 08:36:52.1428720,319,Info,Microsoft-Windows-TaskScheduler,Microsoft-Windows-TaskScheduler/Operational,1444,1508,WIN-L0ZZQ76PMUF,2,S-1-5-21-3848053756-3249532031-1848221756-500,,,,,,,,,,,False,M:\Forensics\TrainingImages\AliHadi\Challenge1\tout\M\Forensics\TrainingImages\AliHadi\Challenge1\s4a-challenge4\Windows\System32\winevt\logs\Microsoft-Windows-TaskScheduler%4Operational.evtx,Classic,0,"{""EventData"":{""@Name"":""TaskEngineProcessReceivedStartTask"",""Data"":[{""@Name"":""TaskEngineName"",""#text"":""S-1-5-21-3848053756-3249532031-1848221756-500:WIN-L0ZZQ76PMUF\\Administrator:Interactive:[1]""},{""@Name"":""TaskName"",""#text"":""\\Microsoft\\Windows\\CertificateServicesClient\\UserTask-Roam""}]}}"
388,388,2015-09-02 08:36:52.1428720,100,Info,Microsoft-Windows-TaskScheduler,Microsoft-Windows-TaskScheduler/Operational,1444,1508,WIN-L0ZZQ76PMUF,2,S-1-5-21-3848053756-3249532031-1848221756-500,Scheduled Task started,Context: WIN-L0ZZQ76PMUF\Administrator,,Task: \Microsoft\Windows\CertificateServicesClient\UserTask-Roam,Instance Id: 661074a4-111c-4d24-a8ca-7abc0ceb807b,,,,,,False,M:\Forensics\TrainingImages\AliHadi\Challenge1\tout\M\Forensics\TrainingImages\AliHadi\Challenge1\s4a-challenge4\Windows\System32\winevt\logs\Microsoft-Windows-TaskScheduler%4Operational.evtx,Classic,0,"{""EventData"":{""@Name"":""TaskStartEvent"",""Data"":[{""@Name"":""TaskName"",""#text"":""\\Microsoft\\Windows\\CertificateServicesClient\\UserTask-Roam""},{""@Name"":""UserContext"",""#text"":""WIN-L0ZZQ76PMUF\\Administrator""},{""@Name"":""InstanceId"",""#text"":""661074a4-111c-4d24-a8ca-7abc0ceb807b""}]}}"
389,389,2015-09-02 08:36:52.1428720,200,Info,Microsoft-Windows-TaskScheduler,Microsoft-Windows-TaskScheduler/Operational,1444,824,WIN-L0ZZQ76PMUF,2,S-1-5-21-3848053756-3249532031-1848221756-500,Scheduled Task executed,,,Task: \Microsoft\Windows\CertificateServicesClient\UserTask-Roam,Instance Id: 661074a4-111c-4d24-a8ca-7abc0ceb807b,,,,,Certificate Services Client Task Handler,False,M:\Forensics\TrainingImages\AliHadi\Challenge1\tout\M\Forensics\TrainingImages\AliHadi\Challenge1\s4a-challenge4\Windows\System32\winevt\logs\Microsoft-Windows-TaskScheduler%4Operational.evtx,Classic,0,"{""EventData"":{""@Name"":""ActionStart"",""Data"":[{""@Name"":""TaskName"",""#text"":""\\Microsoft\\Windows\\CertificateServicesClient\\UserTask-Roam""},{""@Name"":""ActionName"",""#text"":""Certificate Services Client Task Handler""},{""@Name"":""TaskInstanceId"",""#text"":""661074a4-111c-4d24-a8ca-7abc0ceb807b""}]}}"
390,390,2015-09-02 08:36:52.1428720,201,Info,Microsoft-Windows-TaskScheduler,Microsoft-Windows-TaskScheduler/Operational,1444,824,WIN-L0ZZQ76PMUF,2,S-1-5-21-3848053756-3249532031-1848221756-500,Scheduled Task completed,,,Task: \Microsoft\Windows\CertificateServicesClient\UserTask-Roam,Instance Id: 661074a4-111c-4d24-a8ca-7abc0ceb807b,,,,,Certificate Services Client Task Handler,False,M:\Forensics\TrainingImages\AliHadi\Challenge1\tout\M\Forensics\TrainingImages\AliHadi\Challenge1\s4a-challenge4\Windows\System32\winevt\logs\Microsoft-Windows-TaskScheduler%4Operational.evtx,Classic,0,"{""EventData"":{""@Name"":""ActionSuccess"",""Data"":[{""@Name"":""TaskName"",""#text"":""\\Microsoft\\Windows\\CertificateServicesClient\\UserTask-Roam""},{""@Name"":""TaskInstanceId"",""#text"":""661074a4-111c-4d24-a8ca-7abc0ceb807b""},{""@Name"":""ActionName"",""#text"":""Certificate Services Client Task Handler""},{""@Name"":""ResultCode"",""#text"":""0""}]}}"
