453,453,2015-08-23 21:25:36.0000000,4371,Info,Microsoft-Windows-Servicing,System,0,0,WIN-L0ZZQ76PMUF,3,S-1-5-21-3848053756-3249532031-1848221756-500,,,,,,,,,,,False,M:\Forensics\TrainingImages\AliHadi\Challenge1\tout\M\Forensics\TrainingImages\AliHadi\Challenge1\s4a-challenge4\Windows\System32\winevt\logs\System.evtx,0x80000000000000,0,"{""UserData"":{""CbsPackageInitiateChanges"":{""PackageIdentifier"":""IIS-WebServer-AddOn-Package"",""ReleaseType"":""Feature Pack"",""InitialPackageState"":""Installed"",""IntendedPackageState"":""Installed"",""PackageAssembly"":""Microsoft-Windows-IIS-WebServer-AddOn-Package~31bf3856ad364e35~x86~~6.0.6001.18000"",""Client"":""RMT"",""SupportInformation"":""http://support.microsoft.com""}}}"
454,454,2015-08-23 21:25:37.0000000,4371,Info,Microsoft-Windows-Servicing,System,0,0,WIN-L0ZZQ76PMUF,3,S-1-5-21-3848053756-3249532031-1848221756-500,,,,,,,,,,,False,M:\Forensics\TrainingImages\AliHadi\Challenge1\tout\M\Forensics\TrainingImages\AliHadi\Challenge1\s4a-challenge4\Windows\System32\winevt\logs\System.evtx,0x80000000000000,0,"{""UserData"":{""CbsPackageInitiateChanges"":{""PackageIdentifier"":""Microsoft-Windows-Smtpsvc-Admin-Package-Id"",""ReleaseType"":""Feature Pack"",""InitialPackageState"":""Installed"",""IntendedPackageState"":""Installed"",""PackageAssembly"":""Microsoft-Windows-Smtpsvc-Admin-Package~31bf3856ad364e35~x86~~6.0.6001.18000"",""Client"":""RMT"",""SupportInformation"":""""}}}"
455,455,2015-08-23 21:25:37.0000000,4371,Info,Microsoft-Windows-Servicing,System,0,0,WIN-L0ZZQ76PMUF,3,S-1-5-21-3848053756-3249532031-1848221756-500,,,,,,,,,,,False,M:\Forensics\TrainingImages\AliHadi\Challenge1\tout\M\Forensics\TrainingImages\AliHadi\Challenge1\s4a-challenge4\Windows\System32\winevt\logs\System.evtx,0x80000000000000,0,"{""UserData"":{""CbsPackageInitiateChanges"":{""PackageIdentifier"":""Microsoft-Windows-Smtpsvc-Service-Package-Id"",""ReleaseType"":""Feature Pack"",""InitialPackageState"":""Installed"",""IntendedPackageState"":""Installed"",""PackageAssembly"":""Microsoft-Windows-Smtpsvc-Service-Package~31bf3856ad364e35~x86~~6.0.6001.18000"",""Client"":""RMT"",""SupportInformation"":""""}}}"
456,456,2015-08-23 21:25:37.0000000,4371,Info,Microsoft-Windows-Servicing,System,0,0,WIN-L0ZZQ76PMUF,3,S-1-5-21-3848053756-3249532031-1848221756-500,,,,,,,,,,,False,M:\Forensics\TrainingImages\AliHadi\Challenge1\tout\M\Forensics\TrainingImages\AliHadi\Challenge1\s4a-challenge4\Windows\System32\winevt\logs\System.evtx,0x80000000000000,0,"{""UserData"":{""CbsPackageInitiateChanges"":{""PackageIdentifier"":""Microsoft-Windows-Smtpsvc-Service-Package-Id_en-US"",""ReleaseType"":""Language Pack"",""InitialPackageState"":""Installed"",""IntendedPackageState"":""Installed"",""PackageAssembly"":""Microsoft-Windows-Smtpsvc-Service-Package~31bf3856ad364e35~x86~en-US~6.0.6001.18000"",""Client"":""RMT"",""SupportInformation"":""""}}}"
457,457,2015-08-23 21:25:37.0000000,4371,Info,Microsoft-Windows-Servicing,System,0,0,WIN-L0ZZQ76PMUF,3,S-1-5-21-3848053756-3249532031-1848221756-500,,,,,,,,,,,False,M:\Forensics\TrainingImages\AliHadi\Challenge1\tout\M\Forensics\TrainingImages\AliHadi\Challenge1\s4a-challenge4\Windows\System32\winevt\logs\System.evtx,0x80000000000000,0,"{""UserData"":{""CbsPackageInitiateChanges"":{""PackageIdentifier"":""Microsoft-Windows-Smtpsvc-Admin-Package-Id_en-US"",""ReleaseType"":""Language Pack"",""InitialPackageState"":""Installed"",""IntendedPackageState"":""Installed"",""PackageAssembly"":""Microsoft-Windows-Smtpsvc-Admin-Package~31bf3856ad364e35~x86~en-US~6.0.6001.18000"",""Client"":""RMT"",""SupportInformation"":""""}}}"
458,458,2015-08-23 21:25:37.0000000,4371,Info,Microsoft-Windows-Servicing,System,0,0,WIN-L0ZZQ76PMUF,3,S-1-5-21-3848053756-3249532031-1848221756-500,,,,,,,,,,,False,M:\Forensics\TrainingImages\AliHadi\Challenge1\tout\M\Forensics\TrainingImages\AliHadi\Challenge1\s4a-challenge4\Windows\System32\winevt\logs\System.evtx,0x80000000000000,0,"{""UserData"":{""CbsPackageInitiateChanges"":{""PackageIdentifier"":""IIS-WebServer-AddOn-Package_en-US"",""ReleaseType"":""Language Pack"",""InitialPackageState"":""Installed"",""IntendedPackageState"":""Installed"",""PackageAssembly"":""Microsoft-Windows-IIS-WebServer-AddOn-Package~31bf3856ad364e35~x86~en-US~6.0.6001.18000"",""Client"":""RMT"",""SupportInformation"":""http://support.microsoft.com""}}}"
459,459,2015-08-23 21:25:38.0000000,4371,Info,Microsoft-Windows-Servicing,System,0,0,WIN-L0ZZQ76PMUF,3,S-1-5-21-3848053756-3249532031-1848221756-500,,,,,,,,,,,False,M:\Forensics\TrainingImages\AliHadi\Challenge1\tout\M\Forensics\TrainingImages\AliHadi\Challenge1\s4a-challenge4\Windows\System32\winevt\logs\System.evtx,0x80000000000000,0,"{""UserData"":{""CbsPackageInitiateChanges"":{""PackageIdentifier"":""IIS-WebServer-AddOn-2-Package"",""ReleaseType"":""Feature Pack"",""InitialPackageState"":""Installed"",""IntendedPackageState"":""Installed"",""PackageAssembly"":""Microsoft-Windows-IIS-WebServer-AddOn-2-Package~31bf3856ad364e35~x86~~6.0.6001.18000"",""Client"":""RMT"",""SupportInformation"":""http://support.microsoft.com""}}}"
460,460,2015-08-23 21:25:38.0000000,4371,Info,Microsoft-Windows-Servicing,System,0,0,WIN-L0ZZQ76PMUF,3,S-1-5-21-3848053756-3249532031-1848221756-500,,,,,,,,,,,False,M:\Forensics\TrainingImages\AliHadi\Challenge1\tout\M\Forensics\TrainingImages\AliHadi\Challenge1\s4a-challenge4\Windows\System32\winevt\logs\System.evtx,0x80000000000000,0,"{""UserData"":{""CbsPackageInitiateChanges"":{""PackageIdentifier"":""IIS-WebServer-AddOn-2-Package_en-US"",""ReleaseType"":""Language Pack"",""InitialPackageState"":""Installed"",""IntendedPackageState"":""Installed"",""PackageAssembly"":""Microsoft-Windows-IIS-WebServer-AddOn-2-Package~31bf3856ad364e35~x86~en-US~6.0.6001.18000"",""Client"":""RMT"",""SupportInformation"":""http://support.microsoft.com""}}}"
461,461,2015-08-23 21:25:38.0000000,4371,Info,Microsoft-Windows-Servicing,System,0,0,WIN-L0ZZQ76PMUF,3,S-1-5-21-3848053756-3249532031-1848221756-500,,,,,,,,,,,False,M:\Forensics\TrainingImages\AliHadi\Challenge1\tout\M\Forensics\TrainingImages\AliHadi\Challenge1\s4a-challenge4\Windows\System32\winevt\logs\System.evtx,0x80000000000000,0,"{""UserData"":{""CbsPackageInitiateChanges"":{""PackageIdentifier"":""IIS-WebServer-Server-Features-Package"",""ReleaseType"":""Feature Pack"",""InitialPackageState"":""Installed"",""IntendedPackageState"":""Installed"",""PackageAssembly"":""Microsoft-Windows-IIS-WebServer-Server-Features-Package~31bf3856ad364e35~x86~~6.0.6001.18000"",""Client"":""RMT"",""SupportInformation"":""http://support.microsoft.com""}}}"
462,462,2015-08-23 21:25:38.0000000,4371,Info,Microsoft-Windows-Servicing,System,0,0,WIN-L0ZZQ76PMUF,3,S-1-5-21-3848053756-3249532031-1848221756-500,,,,,,,,,,,False,M:\Forensics\TrainingImages\AliHadi\Challenge1\tout\M\Forensics\TrainingImages\AliHadi\Challenge1\s4a-challenge4\Windows\System32\winevt\logs\System.evtx,0x80000000000000,0,"{""UserData"":{""CbsPackageInitiateChanges"":{""PackageIdentifier"":""IIS-WebServer-Server-Features-Package_en-US"",""ReleaseType"":""Language Pack"",""InitialPackageState"":""Installed"",""IntendedPackageState"":""Installed"",""PackageAssembly"":""Microsoft-Windows-IIS-WebServer-Server-Features-Package~31bf3856ad364e35~x86~en-US~6.0.6001.18000"",""Client"":""RMT"",""SupportInformation"":""http://support.microsoft.com""}}}"
463,463,2015-08-23 21:25:38.0000000,4371,Info,Microsoft-Windows-Servicing,System,0,0,WIN-L0ZZQ76PMUF,3,S-1-5-21-3848053756-3249532031-1848221756-500,,,,,,,,,,,False,M:\Forensics\TrainingImages\AliHadi\Challenge1\tout\M\Forensics\TrainingImages\AliHadi\Challenge1\s4a-challenge4\Windows\System32\winevt\logs\System.evtx,0x80000000000000,0,"{""UserData"":{""CbsPackageInitiateChanges"":{""PackageIdentifier"":""Microsoft-Windows-Deployment-Services-Feature"",""ReleaseType"":""Feature Pack"",""InitialPackageState"":""Installed"",""IntendedPackageState"":""Installed"",""PackageAssembly"":""Microsoft-Windows-Deployment-Services-Package~31bf3856ad364e35~x86~~6.0.6001.18000"",""Client"":""RMT"",""SupportInformation"":""""}}}"
464,464,2015-08-23 21:25:38.0000000,4371,Info,Microsoft-Windows-Servicing,System,0,0,WIN-L0ZZQ76PMUF,3,S-1-5-21-3848053756-3249532031-1848221756-500,,,,,,,,,,,False,M:\Forensics\TrainingImages\AliHadi\Challenge1\tout\M\Forensics\TrainingImages\AliHadi\Challenge1\s4a-challenge4\Windows\System32\winevt\logs\System.evtx,0x80000000000000,0,"{""UserData"":{""CbsPackageInitiateChanges"":{""PackageIdentifier"":""Microsoft-Windows-Deployment-Services-Feature_en-US"",""ReleaseType"":""Language Pack"",""InitialPackageState"":""Installed"",""IntendedPackageState"":""Installed"",""PackageAssembly"":""Microsoft-Windows-Deployment-Services-Package~31bf3856ad364e35~x86~en-US~6.0.6001.18000"",""Client"":""RMT"",""SupportInformation"":""""}}}"
465,465,2015-08-23 21:25:38.0000000,4371,Info,Microsoft-Windows-Servicing,System,0,0,WIN-L0ZZQ76PMUF,3,S-1-5-21-3848053756-3249532031-1848221756-500,,,,,,,,,,,False,M:\Forensics\TrainingImages\AliHadi\Challenge1\tout\M\Forensics\TrainingImages\AliHadi\Challenge1\s4a-challenge4\Windows\System32\winevt\logs\System.evtx,0x80000000000000,616,"{""UserData"":{""CbsPackageInitiateChanges"":{""PackageIdentifier"":""RightsManagementServices"",""ReleaseType"":""Feature Pack"",""InitialPackageState"":""Installed"",""IntendedPackageState"":""Installed"",""PackageAssembly"":""Microsoft-Windows-Rights-Management-Services~31bf3856ad364e35~x86~~6.0.6001.18000"",""Client"":""RMT"",""SupportInformation"":""http://support.microsoft.com""}}}"
466,466,2015-08-23 21:25:38.0000000,4371,Info,Microsoft-Windows-Servicing,System,0,0,WIN-L0ZZQ76PMUF,3,S-1-5-21-3848053756-3249532031-1848221756-500,,,,,,,,,,,False,M:\Forensics\TrainingImages\AliHadi\Challenge1\tout\M\Forensics\TrainingImages\AliHadi\Challenge1\s4a-challenge4\Windows\System32\winevt\logs\System.evtx,0x80000000000000,640,"{""UserData"":{""CbsPackageInitiateChanges"":{""PackageIdentifier"":""RightsManagementServices_en-US"",""ReleaseType"":""Language Pack"",""InitialPackageState"":""Installed"",""IntendedPackageState"":""Installed"",""PackageAssembly"":""Microsoft-Windows-Rights-Management-Services~31bf3856ad364e35~x86~en-US~6.0.6001.18000"",""Client"":""RMT"",""SupportInformation"":""http://support.microsoft.com""}}}"
467,467,2015-08-23 21:25:39.0000000,4371,Info,Microsoft-Windows-Servicing,System,0,0,WIN-L0ZZQ76PMUF,3,S-1-5-21-3848053756-3249532031-1848221756-500,,,,,,,,,,,False,M:\Forensics\TrainingImages\AliHadi\Challenge1\tout\M\Forensics\TrainingImages\AliHadi\Challenge1\s4a-challenge4\Windows\System32\winevt\logs\System.evtx,0x80000000000000,0,"{""UserData"":{""CbsPackageInitiateChanges"":{""PackageIdentifier"":""CredentialManagementRole"",""ReleaseType"":""Feature Pack"",""InitialPackageState"":""Installed"",""IntendedPackageState"":""Installed"",""PackageAssembly"":""Microsoft-Windows-CredentialManagementRole-Standard~31bf3856ad364e35~x86~~6.0.6001.18000"",""Client"":""RMT"",""SupportInformation"":""""}}}"
468,468,2015-08-23 21:25:39.0000000,4371,Info,Microsoft-Windows-Servicing,System,0,0,WIN-L0ZZQ76PMUF,3,S-1-5-21-3848053756-3249532031-1848221756-500,,,,,,,,,,,False,M:\Forensics\TrainingImages\AliHadi\Challenge1\tout\M\Forensics\TrainingImages\AliHadi\Challenge1\s4a-challenge4\Windows\System32\winevt\logs\System.evtx,0x80000000000000,0,"{""UserData"":{""CbsPackageInitiateChanges"":{""PackageIdentifier"":""CredentialManagementRole_en-US"",""ReleaseType"":""Language Pack"",""InitialPackageState"":""Installed"",""IntendedPackageState"":""Installed"",""PackageAssembly"":""Microsoft-Windows-CredentialManagementRole-Standard~31bf3856ad364e35~x86~en-US~6.0.6001.18000"",""Client"":""RMT"",""SupportInformation"":""""}}}"
469,469,2015-08-23 21:25:39.0000000,4371,Info,Microsoft-Windows-Servicing,System,0,0,WIN-L0ZZQ76PMUF,3,S-1-5-21-3848053756-3249532031-1848221756-500,,,,,,,,,,,False,M:\Forensics\TrainingImages\AliHadi\Challenge1\tout\M\Forensics\TrainingImages\AliHadi\Challenge1\s4a-challenge4\Windows\System32\winevt\logs\System.evtx,0x80000000000000,0,"{""UserData"":{""CbsPackageInitiateChanges"":{""PackageIdentifier"":""WindowsRecoveryDisc"",""ReleaseType"":""Feature Pack"",""InitialPackageState"":""Installed"",""IntendedPackageState"":""Installed"",""PackageAssembly"":""Microsoft-Windows-RecDisc-Package~31bf3856ad364e35~x86~~6.0.6001.18000"",""Client"":""RMT"",""SupportInformation"":""""}}}"
470,470,2015-08-23 21:25:39.0000000,4371,Info,Microsoft-Windows-Servicing,System,0,0,WIN-L0ZZQ76PMUF,3,S-1-5-21-3848053756-3249532031-1848221756-500,,,,,,,,,,,False,M:\Forensics\TrainingImages\AliHadi\Challenge1\tout\M\Forensics\TrainingImages\AliHadi\Challenge1\s4a-challenge4\Windows\System32\winevt\logs\System.evtx,0x80000000000000,0,"{""UserData"":{""CbsPackageInitiateChanges"":{""PackageIdentifier"":""WindowsRecoveryDisc_en-US"",""ReleaseType"":""Language Pack"",""InitialPackageState"":""Installed"",""IntendedPackageState"":""Installed"",""PackageAssembly"":""Microsoft-Windows-RecDisc-Package~31bf3856ad364e35~x86~en-US~6.0.6001.18000"",""Client"":""RMT"",""SupportInformation"":""""}}}"
471,471,2015-08-23 21:25:39.0000000,4371,Info,Microsoft-Windows-Servicing,System,0,0,WIN-L0ZZQ76PMUF,3,S-1-5-21-3848053756-3249532031-1848221756-500,,,,,,,,,,,False,M:\Forensics\TrainingImages\AliHadi\Challenge1\tout\M\Forensics\TrainingImages\AliHadi\Challenge1\s4a-challenge4\Windows\System32\winevt\logs\System.evtx,0x80000000000000,0,"{""UserData"":{""CbsPackageInitiateChanges"":{""PackageIdentifier"":""WindowsServerBackupFeature"",""ReleaseType"":""Feature Pack"",""InitialPackageState"":""Installed"",""IntendedPackageState"":""Installed"",""PackageAssembly"":""Microsoft-Windows-BLB-Package~31bf3856ad364e35~x86~~6.0.6001.18000"",""Client"":""RMT"",""SupportInformation"":""http://support.microsoft.com""}}}"
472,472,2015-08-23 21:25:39.0000000,4371,Info,Microsoft-Windows-Servicing,System,0,0,WIN-L0ZZQ76PMUF,3,S-1-5-21-3848053756-3249532031-1848221756-500,,,,,,,,,,,False,M:\Forensics\TrainingImages\AliHadi\Challenge1\tout\M\Forensics\TrainingImages\AliHadi\Challenge1\s4a-challenge4\Windows\System32\winevt\logs\System.evtx,0x80000000000000,0,"{""UserData"":{""CbsPackageInitiateChanges"":{""PackageIdentifier"":""WindowsServerBackupFeature_en-US"",""ReleaseType"":""Language Pack"",""InitialPackageState"":""Installed"",""IntendedPackageState"":""Installed"",""PackageAssembly"":""Microsoft-Windows-BLB-Package~31bf3856ad364e35~x86~en-US~6.0.6001.18000"",""Client"":""RMT"",""SupportInformation"":""http://support.microsoft.com""}}}"
473,473,2015-08-23 21:25:39.0000000,4371,Info,Microsoft-Windows-Servicing,System,0,0,WIN-L0ZZQ76PMUF,3,S-1-5-21-3848053756-3249532031-1848221756-500,,,,,,,,,,,False,M:\Forensics\TrainingImages\AliHadi\Challenge1\tout\M\Forensics\TrainingImages\AliHadi\Challenge1\s4a-challenge4\Windows\System32\winevt\logs\System.evtx,0x80000000000000,0,"{""UserData"":{""CbsPackageInitiateChanges"":{""PackageIdentifier"":""WindowsServerBackupCommandletFeature"",""ReleaseType"":""Feature Pack"",""InitialPackageState"":""Installed"",""IntendedPackageState"":""Installed"",""PackageAssembly"":""Microsoft-Windows-BLB-Commandlet-Package~31bf3856ad364e35~x86~~6.0.6001.18000"",""Client"":""RMT"",""SupportInformation"":""http://support.microsoft.com""}}}"
474,474,2015-08-23 21:25:39.0000000,4371,Info,Microsoft-Windows-Servicing,System,0,0,WIN-L0ZZQ76PMUF,3,S-1-5-21-3848053756-3249532031-1848221756-500,,,,,,,,,,,False,M:\Forensics\TrainingImages\AliHadi\Challenge1\tout\M\Forensics\TrainingImages\AliHadi\Challenge1\s4a-challenge4\Windows\System32\winevt\logs\System.evtx,0x80000000000000,0,"{""UserData"":{""CbsPackageInitiateChanges"":{""PackageIdentifier"":""WindowsServerBackupCommandletFeature_en-US"",""ReleaseType"":""Language Pack"",""InitialPackageState"":""Installed"",""IntendedPackageState"":""Installed"",""PackageAssembly"":""Microsoft-Windows-BLB-Commandlet-Package~31bf3856ad364e35~x86~en-US~6.0.6001.18000"",""Client"":""RMT"",""SupportInformation"":""http://support.microsoft.com""}}}"
475,475,2015-08-23 21:25:39.0000000,4371,Info,Microsoft-Windows-Servicing,System,0,0,WIN-L0ZZQ76PMUF,3,S-1-5-21-3848053756-3249532031-1848221756-500,,,,,,,,,,,False,M:\Forensics\TrainingImages\AliHadi\Challenge1\tout\M\Forensics\TrainingImages\AliHadi\Challenge1\s4a-challenge4\Windows\System32\winevt\logs\System.evtx,0x80000000000000,0,"{""UserData"":{""CbsPackageInitiateChanges"":{""PackageIdentifier"":""WindowsServerBackupSnapinFeature"",""ReleaseType"":""Feature Pack"",""InitialPackageState"":""Installed"",""IntendedPackageState"":""Installed"",""PackageAssembly"":""Microsoft-Windows-BLB-UI-Package~31bf3856ad364e35~x86~~6.0.6001.18000"",""Client"":""RMT"",""SupportInformation"":""http://support.microsoft.com""}}}"
476,476,2015-08-23 21:25:39.0000000,4371,Info,Microsoft-Windows-Servicing,System,0,0,WIN-L0ZZQ76PMUF,3,S-1-5-21-3848053756-3249532031-1848221756-500,,,,,,,,,,,False,M:\Forensics\TrainingImages\AliHadi\Challenge1\tout\M\Forensics\TrainingImages\AliHadi\Challenge1\s4a-challenge4\Windows\System32\winevt\logs\System.evtx,0x80000000000000,0,"{""UserData"":{""CbsPackageInitiateChanges"":{""PackageIdentifier"":""WindowsServerBackupSnapinFeature_en-US"",""ReleaseType"":""Language Pack"",""InitialPackageState"":""Installed"",""IntendedPackageState"":""Installed"",""PackageAssembly"":""Microsoft-Windows-BLB-UI-Package~31bf3856ad364e35~x86~en-US~6.0.6001.18000"",""Client"":""RMT"",""SupportInformation"":""http://support.microsoft.com""}}}"
477,477,2015-08-23 21:25:39.0000000,4371,Info,Microsoft-Windows-Servicing,System,0,0,WIN-L0ZZQ76PMUF,3,S-1-5-21-3848053756-3249532031-1848221756-500,,,,,,,,,,,False,M:\Forensics\TrainingImages\AliHadi\Challenge1\tout\M\Forensics\TrainingImages\AliHadi\Challenge1\s4a-challenge4\Windows\System32\winevt\logs\System.evtx,0x80000000000000,0,"{""UserData"":{""CbsPackageInitiateChanges"":{""PackageIdentifier"":""NFS-Full"",""ReleaseType"":""Feature Pack"",""InitialPackageState"":""Installed"",""IntendedPackageState"":""Installed"",""PackageAssembly"":""Microsoft-Windows-NFS-Full-Package~31bf3856ad364e35~x86~~6.0.6001.18000"",""Client"":""RMT"",""SupportInformation"":""nfsdev""}}}"
478,478,2015-08-23 21:25:39.0000000,4371,Info,Microsoft-Windows-Servicing,System,0,0,WIN-L0ZZQ76PMUF,3,S-1-5-21-3848053756-3249532031-1848221756-500,,,,,,,,,,,False,M:\Forensics\TrainingImages\AliHadi\Challenge1\tout\M\Forensics\TrainingImages\AliHadi\Challenge1\s4a-challenge4\Windows\System32\winevt\logs\System.evtx,0x80000000000000,0,"{""UserData"":{""CbsPackageInitiateChanges"":{""PackageIdentifier"":""NFS-Full_en-US"",""ReleaseType"":""Language Pack"",""InitialPackageState"":""Installed"",""IntendedPackageState"":""Installed"",""PackageAssembly"":""Microsoft-Windows-NFS-Full-Package~31bf3856ad364e35~x86~en-US~6.0.6001.18000"",""Client"":""RMT"",""SupportInformation"":""nfsdev""}}}"
479,479,2015-08-23 21:25:39.0000000,4371,Info,Microsoft-Windows-Servicing,System,0,0,WIN-L0ZZQ76PMUF,3,S-1-5-21-3848053756-3249532031-1848221756-500,,,,,,,,,,,False,M:\Forensics\TrainingImages\AliHadi\Challenge1\tout\M\Forensics\TrainingImages\AliHadi\Challenge1\s4a-challenge4\Windows\System32\winevt\logs\System.evtx,0x80000000000000,0,"{""UserData"":{""CbsPackageInitiateChanges"":{""PackageIdentifier"":""DFS-FullServer"",""ReleaseType"":""Feature Pack"",""InitialPackageState"":""Installed"",""IntendedPackageState"":""Installed"",""PackageAssembly"":""Microsoft.RemoteFileSystems.DFS-FullServerSKU~31bf3856ad364e35~x86~~6.0.6001.18000"",""Client"":""RMT"",""SupportInformation"":""""}}}"
480,480,2015-08-23 21:25:39.0000000,4371,Info,Microsoft-Windows-Servicing,System,0,0,WIN-L0ZZQ76PMUF,3,S-1-5-21-3848053756-3249532031-1848221756-500,,,,,,,,,,,False,M:\Forensics\TrainingImages\AliHadi\Challenge1\tout\M\Forensics\TrainingImages\AliHadi\Challenge1\s4a-challenge4\Windows\System32\winevt\logs\System.evtx,0x80000000000000,0,"{""UserData"":{""CbsPackageInitiateChanges"":{""PackageIdentifier"":""DFS-FullServer_en-US"",""ReleaseType"":""Language Pack"",""InitialPackageState"":""Installed"",""IntendedPackageState"":""Installed"",""PackageAssembly"":""Microsoft.RemoteFileSystems.DFS-FullServerSKU~31bf3856ad364e35~x86~en-US~6.0.6001.18000"",""Client"":""RMT"",""SupportInformation"":""""}}}"
481,481,2015-08-23 21:25:39.0000000,4371,Info,Microsoft-Windows-Servicing,System,0,0,WIN-L0ZZQ76PMUF,3,S-1-5-21-3848053756-3249532031-1848221756-500,,,,,,,,,,,False,M:\Forensics\TrainingImages\AliHadi\Challenge1\tout\M\Forensics\TrainingImages\AliHadi\Challenge1\s4a-challenge4\Windows\System32\winevt\logs\System.evtx,0x80000000000000,0,"{""UserData"":{""CbsPackageInitiateChanges"":{""PackageIdentifier"":""FSRM-All"",""ReleaseType"":""Feature Pack"",""InitialPackageState"":""Installed"",""IntendedPackageState"":""Installed"",""PackageAssembly"":""Microsoft-Windows-FSRM-All-Package~31bf3856ad364e35~x86~~6.0.6001.18000"",""Client"":""RMT"",""SupportInformation"":""http://support.microsoft.com""}}}"
482,482,2015-08-23 21:25:40.0000000,4371,Info,Microsoft-Windows-Servicing,System,0,0,WIN-L0ZZQ76PMUF,3,S-1-5-21-3848053756-3249532031-1848221756-500,,,,,,,,,,,False,M:\Forensics\TrainingImages\AliHadi\Challenge1\tout\M\Forensics\TrainingImages\AliHadi\Challenge1\s4a-challenge4\Windows\System32\winevt\logs\System.evtx,0x80000000000000,0,"{""UserData"":{""CbsPackageInitiateChanges"":{""PackageIdentifier"":""FSRM-All_en-US"",""ReleaseType"":""Language Pack"",""InitialPackageState"":""Installed"",""IntendedPackageState"":""Installed"",""PackageAssembly"":""Microsoft-Windows-FSRM-All-Package~31bf3856ad364e35~x86~en-US~6.0.6001.18000"",""Client"":""RMT"",""SupportInformation"":""http://support.microsoft.com""}}}"
483,483,2015-08-23 21:25:40.0000000,4371,Info,Microsoft-Windows-Servicing,System,0,0,WIN-L0ZZQ76PMUF,3,S-1-5-21-3848053756-3249532031-1848221756-500,,,,,,,,,,,False,M:\Forensics\TrainingImages\AliHadi\Challenge1\tout\M\Forensics\TrainingImages\AliHadi\Challenge1\s4a-challenge4\Windows\System32\winevt\logs\System.evtx,0x80000000000000,0,"{""UserData"":{""CbsPackageInitiateChanges"":{""PackageIdentifier"":""FileServer-All"",""ReleaseType"":""Feature Pack"",""InitialPackageState"":""Installed"",""IntendedPackageState"":""Installed"",""PackageAssembly"":""Microsoft-Windows-FileServer-Package~31bf3856ad364e35~x86~~6.0.6001.18000"",""Client"":""RMT"",""SupportInformation"":""http://support.microsoft.com""}}}"
484,484,2015-08-23 21:25:40.0000000,4371,Info,Microsoft-Windows-Servicing,System,0,0,WIN-L0ZZQ76PMUF,3,S-1-5-21-3848053756-3249532031-1848221756-500,,,,,,,,,,,False,M:\Forensics\TrainingImages\AliHadi\Challenge1\tout\M\Forensics\TrainingImages\AliHadi\Challenge1\s4a-challenge4\Windows\System32\winevt\logs\System.evtx,0x80000000000000,0,"{""UserData"":{""CbsPackageInitiateChanges"":{""PackageIdentifier"":""FileServer-All_en-US"",""ReleaseType"":""Language Pack"",""InitialPackageState"":""Installed"",""IntendedPackageState"":""Installed"",""PackageAssembly"":""Microsoft-Windows-FileServer-Package~31bf3856ad364e35~x86~en-US~6.0.6001.18000"",""Client"":""RMT"",""SupportInformation"":""http://support.microsoft.com""}}}"
485,485,2015-08-23 21:25:40.0000000,4371,Info,Microsoft-Windows-Servicing,System,0,0,WIN-L0ZZQ76PMUF,3,S-1-5-21-3848053756-3249532031-1848221756-500,,,,,,,,,,,False,M:\Forensics\TrainingImages\AliHadi\Challenge1\tout\M\Forensics\TrainingImages\AliHadi\Challenge1\s4a-challenge4\Windows\System32\winevt\logs\System.evtx,0x80000000000000,0,"{""UserData"":{""CbsPackageInitiateChanges"":{""PackageIdentifier"":""UDDI-Services-Package"",""ReleaseType"":""Feature Pack"",""InitialPackageState"":""Installed"",""IntendedPackageState"":""Installed"",""PackageAssembly"":""Microsoft-Windows-UDDI-Services-Package~31bf3856ad364e35~x86~~6.0.6001.18000"",""Client"":""RMT"",""SupportInformation"":""""}}}"
486,486,2015-08-23 21:25:40.0000000,4371,Info,Microsoft-Windows-Servicing,System,0,0,WIN-L0ZZQ76PMUF,3,S-1-5-21-3848053756-3249532031-1848221756-500,,,,,,,,,,,False,M:\Forensics\TrainingImages\AliHadi\Challenge1\tout\M\Forensics\TrainingImages\AliHadi\Challenge1\s4a-challenge4\Windows\System32\winevt\logs\System.evtx,0x80000000000000,0,"{""UserData"":{""CbsPackageInitiateChanges"":{""PackageIdentifier"":""UDDI-Services-Package_en-US"",""ReleaseType"":""Language Pack"",""InitialPackageState"":""Installed"",""IntendedPackageState"":""Installed"",""PackageAssembly"":""Microsoft-Windows-UDDI-Services-Package~31bf3856ad364e35~x86~en-US~6.0.6001.18000"",""Client"":""RMT"",""SupportInformation"":""""}}}"
487,487,2015-08-23 21:25:40.0000000,4371,Info,Microsoft-Windows-Servicing,System,0,0,WIN-L0ZZQ76PMUF,3,S-1-5-21-3848053756-3249532031-1848221756-500,,,,,,,,,,,False,M:\Forensics\TrainingImages\AliHadi\Challenge1\tout\M\Forensics\TrainingImages\AliHadi\Challenge1\s4a-challenge4\Windows\System32\winevt\logs\System.evtx,0x80000000000000,0,"{""UserData"":{""CbsPackageInitiateChanges"":{""PackageIdentifier"":""DirectoryServices-DomainController-Package"",""ReleaseType"":""Feature Pack"",""InitialPackageState"":""Installed"",""IntendedPackageState"":""Installed"",""PackageAssembly"":""Microsoft-Windows-DirectoryServices-DomainController-Package~31bf3856ad364e35~x86~~6.0.6001.18000"",""Client"":""RMT"",""SupportInformation"":""http://support.microsoft.com""}}}"
488,488,2015-08-23 21:25:40.0000000,4371,Info,Microsoft-Windows-Servicing,System,0,0,WIN-L0ZZQ76PMUF,3,S-1-5-21-3848053756-3249532031-1848221756-500,,,,,,,,,,,False,M:\Forensics\TrainingImages\AliHadi\Challenge1\tout\M\Forensics\TrainingImages\AliHadi\Challenge1\s4a-challenge4\Windows\System32\winevt\logs\System.evtx,0x80000000000000,0,"{""UserData"":{""CbsPackageInitiateChanges"":{""PackageIdentifier"":""DirectoryServices-DomainController-Package_en-US"",""ReleaseType"":""Language Pack"",""InitialPackageState"":""Installed"",""IntendedPackageState"":""Installed"",""PackageAssembly"":""Microsoft-Windows-DirectoryServices-DomainController-Package~31bf3856ad364e35~x86~en-US~6.0.6001.18000"",""Client"":""RMT"",""SupportInformation"":""http://support.microsoft.com""}}}"
489,489,2015-08-23 21:25:40.0000000,4371,Info,Microsoft-Windows-Servicing,System,0,0,WIN-L0ZZQ76PMUF,3,S-1-5-21-3848053756-3249532031-1848221756-500,,,,,,,,,,,False,M:\Forensics\TrainingImages\AliHadi\Challenge1\tout\M\Forensics\TrainingImages\AliHadi\Challenge1\s4a-challenge4\Windows\System32\winevt\logs\System.evtx,0x80000000000000,0,"{""UserData"":{""CbsPackageInitiateChanges"":{""PackageIdentifier"":""DirectoryServices-ADAM-Package"",""ReleaseType"":""Feature Pack"",""InitialPackageState"":""Installed"",""IntendedPackageState"":""Installed"",""PackageAssembly"":""Microsoft-Windows-DirectoryServices-ADAM-Package~31bf3856ad364e35~x86~~6.0.6001.18000"",""Client"":""RMT"",""SupportInformation"":""""}}}"
490,490,2015-08-23 21:25:40.0000000,4371,Info,Microsoft-Windows-Servicing,System,0,0,WIN-L0ZZQ76PMUF,3,S-1-5-21-3848053756-3249532031-1848221756-500,,,,,,,,,,,False,M:\Forensics\TrainingImages\AliHadi\Challenge1\tout\M\Forensics\TrainingImages\AliHadi\Challenge1\s4a-challenge4\Windows\System32\winevt\logs\System.evtx,0x80000000000000,0,"{""UserData"":{""CbsPackageInitiateChanges"":{""PackageIdentifier"":""DirectoryServices-ADAM-Package_en-US"",""ReleaseType"":""Language Pack"",""InitialPackageState"":""Installed"",""IntendedPackageState"":""Installed"",""PackageAssembly"":""Microsoft-Windows-DirectoryServices-ADAM-Package~31bf3856ad364e35~x86~en-US~6.0.6001.18000"",""Client"":""RMT"",""SupportInformation"":""""}}}"
491,491,2015-08-23 21:25:40.0000000,4371,Info,Microsoft-Windows-Servicing,System,0,0,WIN-L0ZZQ76PMUF,3,S-1-5-21-3848053756-3249532031-1848221756-500,,,,,,,,,,,False,M:\Forensics\TrainingImages\AliHadi\Challenge1\tout\M\Forensics\TrainingImages\AliHadi\Challenge1\s4a-challenge4\Windows\System32\winevt\logs\System.evtx,0x80000000000000,0,"{""UserData"":{""CbsPackageInitiateChanges"":{""PackageIdentifier"":""DNS-Server-Full-Role-Package"",""ReleaseType"":""Feature Pack"",""InitialPackageState"":""Installed"",""IntendedPackageState"":""Installed"",""PackageAssembly"":""Microsoft-Windows-DNS-Server-Full-Role-Package~31bf3856ad364e35~x86~~6.0.6001.18000"",""Client"":""RMT"",""SupportInformation"":""""}}}"
492,492,2015-08-23 21:25:41.0000000,4371,Info,Microsoft-Windows-Servicing,System,0,0,WIN-L0ZZQ76PMUF,3,S-1-5-21-3848053756-3249532031-1848221756-500,,,,,,,,,,,False,M:\Forensics\TrainingImages\AliHadi\Challenge1\tout\M\Forensics\TrainingImages\AliHadi\Challenge1\s4a-challenge4\Windows\System32\winevt\logs\System.evtx,0x80000000000000,0,"{""UserData"":{""CbsPackageInitiateChanges"":{""PackageIdentifier"":""DNS-Server-Full-Role-Package_en-US"",""ReleaseType"":""Language Pack"",""InitialPackageState"":""Installed"",""IntendedPackageState"":""Installed"",""PackageAssembly"":""Microsoft-Windows-DNS-Server-Full-Role-Package~31bf3856ad364e35~x86~en-US~6.0.6001.18000"",""Client"":""RMT"",""SupportInformation"":""""}}}"
493,493,2015-08-23 21:25:41.0000000,4371,Info,Microsoft-Windows-Servicing,System,0,0,WIN-L0ZZQ76PMUF,3,S-1-5-21-3848053756-3249532031-1848221756-500,,,,,,,,,,,False,M:\Forensics\TrainingImages\AliHadi\Challenge1\tout\M\Forensics\TrainingImages\AliHadi\Challenge1\s4a-challenge4\Windows\System32\winevt\logs\System.evtx,0x80000000000000,0,"{""UserData"":{""CbsPackageInitiateChanges"":{""PackageIdentifier"":""DirectoryServices-DomainController-Tools-Package"",""ReleaseType"":""Feature Pack"",""InitialPackageState"":""Installed"",""IntendedPackageState"":""Installed"",""PackageAssembly"":""Microsoft-Windows-DirectoryServices-DomainController-Tools-Package~31bf3856ad364e35~x86~~6.0.6001.18000"",""Client"":""RMT"",""SupportInformation"":""http://support.microsoft.com""}}}"
494,494,2015-08-23 21:25:41.0000000,4371,Info,Microsoft-Windows-Servicing,System,0,0,WIN-L0ZZQ76PMUF,3,S-1-5-21-3848053756-3249532031-1848221756-500,,,,,,,,,,,False,M:\Forensics\TrainingImages\AliHadi\Challenge1\tout\M\Forensics\TrainingImages\AliHadi\Challenge1\s4a-challenge4\Windows\System32\winevt\logs\System.evtx,0x80000000000000,0,"{""UserData"":{""CbsPackageInitiateChanges"":{""PackageIdentifier"":""DirectoryServices-DomainController-Tools-Package_en-US"",""ReleaseType"":""Language Pack"",""InitialPackageState"":""Installed"",""IntendedPackageState"":""Installed"",""PackageAssembly"":""Microsoft-Windows-DirectoryServices-DomainController-Tools-Package~31bf3856ad364e35~x86~en-US~6.0.6001.18000"",""Client"":""RMT"",""SupportInformation"":""http://support.microsoft.com""}}}"
495,495,2015-08-23 21:25:41.0000000,4371,Info,Microsoft-Windows-Servicing,System,0,0,WIN-L0ZZQ76PMUF,3,S-1-5-21-3848053756-3249532031-1848221756-500,,,,,,,,,,,False,M:\Forensics\TrainingImages\AliHadi\Challenge1\tout\M\Forensics\TrainingImages\AliHadi\Challenge1\s4a-challenge4\Windows\System32\winevt\logs\System.evtx,0x80000000000000,0,"{""UserData"":{""CbsPackageInitiateChanges"":{""PackageIdentifier"":""DirectoryServices-ADAM-Tools-Package"",""ReleaseType"":""Feature Pack"",""InitialPackageState"":""Installed"",""IntendedPackageState"":""Installed"",""PackageAssembly"":""Microsoft-Windows-DirectoryServices-ADAM-Tools-Package~31bf3856ad364e35~x86~~6.0.6001.18000"",""Client"":""RMT"",""SupportInformation"":""""}}}"
496,496,2015-08-23 21:25:41.0000000,4371,Info,Microsoft-Windows-Servicing,System,0,0,WIN-L0ZZQ76PMUF,3,S-1-5-21-3848053756-3249532031-1848221756-500,,,,,,,,,,,False,M:\Forensics\TrainingImages\AliHadi\Challenge1\tout\M\Forensics\TrainingImages\AliHadi\Challenge1\s4a-challenge4\Windows\System32\winevt\logs\System.evtx,0x80000000000000,0,"{""UserData"":{""CbsPackageInitiateChanges"":{""PackageIdentifier"":""DirectoryServices-ADAM-Tools-Package_en-US"",""ReleaseType"":""Language Pack"",""InitialPackageState"":""Installed"",""IntendedPackageState"":""Installed"",""PackageAssembly"":""Microsoft-Windows-DirectoryServices-ADAM-Tools-Package~31bf3856ad364e35~x86~en-US~6.0.6001.18000"",""Client"":""RMT"",""SupportInformation"":""""}}}"
497,497,2015-08-23 21:25:41.0000000,4371,Info,Microsoft-Windows-Servicing,System,0,0,WIN-L0ZZQ76PMUF,3,S-1-5-21-3848053756-3249532031-1848221756-500,,,,,,,,,,,False,M:\Forensics\TrainingImages\AliHadi\Challenge1\tout\M\Forensics\TrainingImages\AliHadi\Challenge1\s4a-challenge4\Windows\System32\winevt\logs\System.evtx,0x80000000000000,0,"{""UserData"":{""CbsPackageInitiateChanges"":{""PackageIdentifier"":""DNS-Server-Tools-Package"",""ReleaseType"":""Feature Pack"",""InitialPackageState"":""Installed"",""IntendedPackageState"":""Installed"",""PackageAssembly"":""Microsoft-Windows-DNS-Server-Tools-Package~31bf3856ad364e35~x86~~6.0.6001.18000"",""Client"":""RMT"",""SupportInformation"":""""}}}"
498,498,2015-08-23 21:25:41.0000000,4371,Info,Microsoft-Windows-Servicing,System,0,0,WIN-L0ZZQ76PMUF,3,S-1-5-21-3848053756-3249532031-1848221756-500,,,,,,,,,,,False,M:\Forensics\TrainingImages\AliHadi\Challenge1\tout\M\Forensics\TrainingImages\AliHadi\Challenge1\s4a-challenge4\Windows\System32\winevt\logs\System.evtx,0x80000000000000,0,"{""UserData"":{""CbsPackageInitiateChanges"":{""PackageIdentifier"":""DNS-Server-Tools-Package_en-US"",""ReleaseType"":""Language Pack"",""InitialPackageState"":""Installed"",""IntendedPackageState"":""Installed"",""PackageAssembly"":""Microsoft-Windows-DNS-Server-Tools-Package~31bf3856ad364e35~x86~en-US~6.0.6001.18000"",""Client"":""RMT"",""SupportInformation"":""""}}}"
499,499,2015-08-23 21:25:41.0000000,4371,Info,Microsoft-Windows-Servicing,System,0,0,WIN-L0ZZQ76PMUF,3,S-1-5-21-3848053756-3249532031-1848221756-500,,,,,,,,,,,False,M:\Forensics\TrainingImages\AliHadi\Challenge1\tout\M\Forensics\TrainingImages\AliHadi\Challenge1\s4a-challenge4\Windows\System32\winevt\logs\System.evtx,0x80000000000000,0,"{""UserData"":{""CbsPackageInitiateChanges"":{""PackageIdentifier"":""RPC-HTTP_Proxy-Package"",""ReleaseType"":""Feature Pack"",""InitialPackageState"":""Installed"",""IntendedPackageState"":""Installed"",""PackageAssembly"":""Microsoft-Windows-RPC-HTTP_Proxy-Package~31bf3856ad364e35~x86~~6.0.6001.18000"",""Client"":""RMT"",""SupportInformation"":""""}}}"
500,500,2015-08-23 21:25:41.0000000,4371,Info,Microsoft-Windows-Servicing,System,0,0,WIN-L0ZZQ76PMUF,3,S-1-5-21-3848053756-3249532031-1848221756-500,,,,,,,,,,,False,M:\Forensics\TrainingImages\AliHadi\Challenge1\tout\M\Forensics\TrainingImages\AliHadi\Challenge1\s4a-challenge4\Windows\System32\winevt\logs\System.evtx,0x80000000000000,0,"{""UserData"":{""CbsPackageInitiateChanges"":{""PackageIdentifier"":""GatewayRole"",""ReleaseType"":""Feature Pack"",""InitialPackageState"":""Installed"",""IntendedPackageState"":""Installed"",""PackageAssembly"":""Microsoft-Windows-TerminalServices-Gateway-Package~31bf3856ad364e35~x86~~6.0.6001.18000"",""Client"":""RMT"",""SupportInformation"":""""}}}"
501,501,2015-08-23 21:25:41.0000000,4371,Info,Microsoft-Windows-Servicing,System,0,0,WIN-L0ZZQ76PMUF,3,S-1-5-21-3848053756-3249532031-1848221756-500,,,,,,,,,,,False,M:\Forensics\TrainingImages\AliHadi\Challenge1\tout\M\Forensics\TrainingImages\AliHadi\Challenge1\s4a-challenge4\Windows\System32\winevt\logs\System.evtx,0x80000000000000,0,"{""UserData"":{""CbsPackageInitiateChanges"":{""PackageIdentifier"":""GatewayRole_en-US"",""ReleaseType"":""Language Pack"",""InitialPackageState"":""Installed"",""IntendedPackageState"":""Installed"",""PackageAssembly"":""Microsoft-Windows-TerminalServices-Gateway-Package~31bf3856ad364e35~x86~en-US~6.0.6001.18000"",""Client"":""RMT"",""SupportInformation"":""""}}}"
502,502,2015-08-23 21:25:41.0000000,4371,Info,Microsoft-Windows-Servicing,System,0,0,WIN-L0ZZQ76PMUF,3,S-1-5-21-3848053756-3249532031-1848221756-500,,,,,,,,,,,False,M:\Forensics\TrainingImages\AliHadi\Challenge1\tout\M\Forensics\TrainingImages\AliHadi\Challenge1\s4a-challenge4\Windows\System32\winevt\logs\System.evtx,0x80000000000000,0,"{""UserData"":{""CbsPackageInitiateChanges"":{""PackageIdentifier"":""GatewayRole_en-US"",""ReleaseType"":""Language Pack"",""InitialPackageState"":""Installed"",""IntendedPackageState"":""Installed"",""PackageAssembly"":""Microsoft-Windows-TerminalServices-Gateway-Package~31bf3856ad364e35~x86~en-US~6.0.6001.18000"",""Client"":""RMT"",""SupportInformation"":""""}}}"
503,503,2015-08-23 21:25:41.0000000,4371,Info,Microsoft-Windows-Servicing,System,0,0,WIN-L0ZZQ76PMUF,3,S-1-5-21-3848053756-3249532031-1848221756-500,,,,,,,,,,,False,M:\Forensics\TrainingImages\AliHadi\Challenge1\tout\M\Forensics\TrainingImages\AliHadi\Challenge1\s4a-challenge4\Windows\System32\winevt\logs\System.evtx,0x80000000000000,0,"{""UserData"":{""CbsPackageInitiateChanges"":{""PackageIdentifier"":""RPC-HTTP_Proxy-Package_en-US"",""ReleaseType"":""Language Pack"",""InitialPackageState"":""Installed"",""IntendedPackageState"":""Installed"",""PackageAssembly"":""Microsoft-Windows-RPC-HTTP_Proxy-Package~31bf3856ad364e35~x86~en-US~6.0.6001.18000"",""Client"":""RMT"",""SupportInformation"":""""}}}"
504,504,2015-08-23 21:25:41.0000000,4371,Info,Microsoft-Windows-Servicing,System,0,0,WIN-L0ZZQ76PMUF,3,S-1-5-21-3848053756-3249532031-1848221756-500,,,,,,,,,,,False,M:\Forensics\TrainingImages\AliHadi\Challenge1\tout\M\Forensics\TrainingImages\AliHadi\Challenge1\s4a-challenge4\Windows\System32\winevt\logs\System.evtx,0x80000000000000,0,"{""UserData"":{""CbsPackageInitiateChanges"":{""PackageIdentifier"":""Microsoft-Windows-RDC-Package"",""ReleaseType"":""Feature Pack"",""InitialPackageState"":""Installed"",""IntendedPackageState"":""Installed"",""PackageAssembly"":""Microsoft-Windows-RDC-Package~31bf3856ad364e35~x86~~6.0.6001.18000"",""Client"":""RMT"",""SupportInformation"":""http://support.microsoft.com""}}}"
505,505,2015-08-23 21:25:41.0000000,4371,Info,Microsoft-Windows-Servicing,System,0,0,WIN-L0ZZQ76PMUF,3,S-1-5-21-3848053756-3249532031-1848221756-500,,,,,,,,,,,False,M:\Forensics\TrainingImages\AliHadi\Challenge1\tout\M\Forensics\TrainingImages\AliHadi\Challenge1\s4a-challenge4\Windows\System32\winevt\logs\System.evtx,0x80000000000000,0,"{""UserData"":{""CbsPackageInitiateChanges"":{""PackageIdentifier"":""Microsoft-Windows-RDC-Package_en-US"",""ReleaseType"":""Language Pack"",""InitialPackageState"":""Installed"",""IntendedPackageState"":""Installed"",""PackageAssembly"":""Microsoft-Windows-RDC-Package~31bf3856ad364e35~x86~en-US~6.0.6001.18000"",""Client"":""RMT"",""SupportInformation"":""http://support.microsoft.com""}}}"
506,506,2015-08-23 21:25:41.0000000,4371,Info,Microsoft-Windows-Servicing,System,0,0,WIN-L0ZZQ76PMUF,3,S-1-5-21-3848053756-3249532031-1848221756-500,,,,,,,,,,,False,M:\Forensics\TrainingImages\AliHadi\Challenge1\tout\M\Forensics\TrainingImages\AliHadi\Challenge1\s4a-challenge4\Windows\System32\winevt\logs\System.evtx,0x80000000000000,0,"{""UserData"":{""CbsPackageInitiateChanges"":{""PackageIdentifier"":""HCSServerOC"",""ReleaseType"":""Feature Pack"",""InitialPackageState"":""Installed"",""IntendedPackageState"":""Installed"",""PackageAssembly"":""Microsoft-Windows-HealthCertificateServer-Package~31bf3856ad364e35~x86~~6.0.6001.18000"",""Client"":""RMT"",""SupportInformation"":""""}}}"
507,507,2015-08-23 21:25:41.0000000,4371,Info,Microsoft-Windows-Servicing,System,0,0,WIN-L0ZZQ76PMUF,3,S-1-5-21-3848053756-3249532031-1848221756-500,,,,,,,,,,,False,M:\Forensics\TrainingImages\AliHadi\Challenge1\tout\M\Forensics\TrainingImages\AliHadi\Challenge1\s4a-challenge4\Windows\System32\winevt\logs\System.evtx,0x80000000000000,0,"{""UserData"":{""CbsPackageInitiateChanges"":{""PackageIdentifier"":""HCSServerOC_en-US"",""ReleaseType"":""Language Pack"",""InitialPackageState"":""Installed"",""IntendedPackageState"":""Installed"",""PackageAssembly"":""Microsoft-Windows-HealthCertificateServer-Package~31bf3856ad364e35~x86~en-US~6.0.6001.18000"",""Client"":""RMT"",""SupportInformation"":""""}}}"
508,508,2015-08-23 21:25:41.0000000,4371,Info,Microsoft-Windows-Servicing,System,0,0,WIN-L0ZZQ76PMUF,3,S-1-5-21-3848053756-3249532031-1848221756-500,,,,,,,,,,,False,M:\Forensics\TrainingImages\AliHadi\Challenge1\tout\M\Forensics\TrainingImages\AliHadi\Challenge1\s4a-challenge4\Windows\System32\winevt\logs\System.evtx,0x80000000000000,0,"{""UserData"":{""CbsPackageInitiateChanges"":{""PackageIdentifier"":""WINSServerOC"",""ReleaseType"":""Feature Pack"",""InitialPackageState"":""Installed"",""IntendedPackageState"":""Installed"",""PackageAssembly"":""Microsoft-Windows-Internet-Naming-Service-Package~31bf3856ad364e35~x86~~6.0.6001.18000"",""Client"":""RMT"",""SupportInformation"":""""}}}"
509,509,2015-08-23 21:25:41.0000000,4371,Info,Microsoft-Windows-Servicing,System,0,0,WIN-L0ZZQ76PMUF,3,S-1-5-21-3848053756-3249532031-1848221756-500,,,,,,,,,,,False,M:\Forensics\TrainingImages\AliHadi\Challenge1\tout\M\Forensics\TrainingImages\AliHadi\Challenge1\s4a-challenge4\Windows\System32\winevt\logs\System.evtx,0x80000000000000,0,"{""UserData"":{""CbsPackageInitiateChanges"":{""PackageIdentifier"":""WINSServerOC_en-US"",""ReleaseType"":""Language Pack"",""InitialPackageState"":""Installed"",""IntendedPackageState"":""Installed"",""PackageAssembly"":""Microsoft-Windows-Internet-Naming-Service-Package~31bf3856ad364e35~x86~en-US~6.0.6001.18000"",""Client"":""RMT"",""SupportInformation"":""""}}}"
510,510,2015-08-23 21:25:41.0000000,4371,Info,Microsoft-Windows-Servicing,System,0,0,WIN-L0ZZQ76PMUF,3,S-1-5-21-3848053756-3249532031-1848221756-500,,,,,,,,,,,False,M:\Forensics\TrainingImages\AliHadi\Challenge1\tout\M\Forensics\TrainingImages\AliHadi\Challenge1\s4a-challenge4\Windows\System32\winevt\logs\System.evtx,0x80000000000000,0,"{""UserData"":{""CbsPackageInitiateChanges"":{""PackageIdentifier"":""IASNTService"",""ReleaseType"":""Feature Pack"",""InitialPackageState"":""Installed"",""IntendedPackageState"":""Installed"",""PackageAssembly"":""Microsoft-Windows-Networking-Internet-Authentication-Service-NTService-Package~31bf3856ad364e35~x86~~6.0.6001.18000"",""Client"":""RMT"",""SupportInformation"":""""}}}"
511,511,2015-08-23 21:25:41.0000000,4371,Info,Microsoft-Windows-Servicing,System,0,0,WIN-L0ZZQ76PMUF,3,S-1-5-21-3848053756-3249532031-1848221756-500,,,,,,,,,,,False,M:\Forensics\TrainingImages\AliHadi\Challenge1\tout\M\Forensics\TrainingImages\AliHadi\Challenge1\s4a-challenge4\Windows\System32\winevt\logs\System.evtx,0x80000000000000,0,"{""UserData"":{""CbsPackageInitiateChanges"":{""PackageIdentifier"":""GatewayRole"",""ReleaseType"":""Feature Pack"",""InitialPackageState"":""Installed"",""IntendedPackageState"":""Installed"",""PackageAssembly"":""Microsoft-Windows-TerminalServices-Gateway-Package~31bf3856ad364e35~x86~~6.0.6001.18000"",""Client"":""RMT"",""SupportInformation"":""""}}}"
512,512,2015-08-23 21:25:41.0000000,4371,Info,Microsoft-Windows-Servicing,System,0,0,WIN-L0ZZQ76PMUF,3,S-1-5-21-3848053756-3249532031-1848221756-500,,,,,,,,,,,False,M:\Forensics\TrainingImages\AliHadi\Challenge1\tout\M\Forensics\TrainingImages\AliHadi\Challenge1\s4a-challenge4\Windows\System32\winevt\logs\System.evtx,0x80000000000000,0,"{""UserData"":{""CbsPackageInitiateChanges"":{""PackageIdentifier"":""GatewayRole_en-US"",""ReleaseType"":""Language Pack"",""InitialPackageState"":""Installed"",""IntendedPackageState"":""Installed"",""PackageAssembly"":""Microsoft-Windows-TerminalServices-Gateway-Package~31bf3856ad364e35~x86~en-US~6.0.6001.18000"",""Client"":""RMT"",""SupportInformation"":""""}}}"
513,513,2015-08-23 21:25:41.0000000,4371,Info,Microsoft-Windows-Servicing,System,0,0,WIN-L0ZZQ76PMUF,3,S-1-5-21-3848053756-3249532031-1848221756-500,,,,,,,,,,,False,M:\Forensics\TrainingImages\AliHadi\Challenge1\tout\M\Forensics\TrainingImages\AliHadi\Challenge1\s4a-challenge4\Windows\System32\winevt\logs\System.evtx,0x80000000000000,0,"{""UserData"":{""CbsPackageInitiateChanges"":{""PackageIdentifier"":""GatewayRole_en-US"",""ReleaseType"":""Language Pack"",""InitialPackageState"":""Installed"",""IntendedPackageState"":""Installed"",""PackageAssembly"":""Microsoft-Windows-TerminalServices-Gateway-Package~31bf3856ad364e35~x86~en-US~6.0.6001.18000"",""Client"":""RMT"",""SupportInformation"":""""}}}"
514,514,2015-08-23 21:25:41.0000000,4371,Info,Microsoft-Windows-Servicing,System,0,0,WIN-L0ZZQ76PMUF,3,S-1-5-21-3848053756-3249532031-1848221756-500,,,,,,,,,,,False,M:\Forensics\TrainingImages\AliHadi\Challenge1\tout\M\Forensics\TrainingImages\AliHadi\Challenge1\s4a-challenge4\Windows\System32\winevt\logs\System.evtx,0x80000000000000,0,"{""UserData"":{""CbsPackageInitiateChanges"":{""PackageIdentifier"":""IASNTService_en-US"",""ReleaseType"":""Language Pack"",""InitialPackageState"":""Installed"",""IntendedPackageState"":""Installed"",""PackageAssembly"":""Microsoft-Windows-Networking-Internet-Authentication-Service-NTService-Package~31bf3856ad364e35~x86~en-US~6.0.6001.18000"",""Client"":""RMT"",""SupportInformation"":""""}}}"
515,515,2015-08-23 21:25:41.0000000,4371,Info,Microsoft-Windows-Servicing,System,0,0,WIN-L0ZZQ76PMUF,3,S-1-5-21-3848053756-3249532031-1848221756-500,,,,,,,,,,,False,M:\Forensics\TrainingImages\AliHadi\Challenge1\tout\M\Forensics\TrainingImages\AliHadi\Challenge1\s4a-challenge4\Windows\System32\winevt\logs\System.evtx,0x80000000000000,0,"{""UserData"":{""CbsPackageInitiateChanges"":{""PackageIdentifier"":""NPSManagement"",""ReleaseType"":""Feature Pack"",""InitialPackageState"":""Installed"",""IntendedPackageState"":""Installed"",""PackageAssembly"":""Microsoft-Windows-Networking-Internet-Authentication-Service-Management-Package~31bf3856ad364e35~x86~~6.0.6001.18000"",""Client"":""RMT"",""SupportInformation"":""""}}}"
516,516,2015-08-23 21:25:41.0000000,4371,Info,Microsoft-Windows-Servicing,System,0,0,WIN-L0ZZQ76PMUF,3,S-1-5-21-3848053756-3249532031-1848221756-500,,,,,,,,,,,False,M:\Forensics\TrainingImages\AliHadi\Challenge1\tout\M\Forensics\TrainingImages\AliHadi\Challenge1\s4a-challenge4\Windows\System32\winevt\logs\System.evtx,0x80000000000000,0,"{""UserData"":{""CbsPackageInitiateChanges"":{""PackageIdentifier"":""NPSManagement_en-US"",""ReleaseType"":""Language Pack"",""InitialPackageState"":""Installed"",""IntendedPackageState"":""Installed"",""PackageAssembly"":""Microsoft-Windows-Networking-Internet-Authentication-Service-Management-Package~31bf3856ad364e35~x86~en-US~6.0.6001.18000"",""Client"":""RMT"",""SupportInformation"":""""}}}"
517,517,2015-08-23 21:25:41.0000000,4371,Info,Microsoft-Windows-Servicing,System,0,0,WIN-L0ZZQ76PMUF,3,S-1-5-21-3848053756-3249532031-1848221756-500,,,,,,,,,,,False,M:\Forensics\TrainingImages\AliHadi\Challenge1\tout\M\Forensics\TrainingImages\AliHadi\Challenge1\s4a-challenge4\Windows\System32\winevt\logs\System.evtx,0x80000000000000,0,"{""UserData"":{""CbsPackageInitiateChanges"":{""PackageIdentifier"":""Microsoft-Windows-HCAP"",""ReleaseType"":""Feature Pack"",""InitialPackageState"":""Installed"",""IntendedPackageState"":""Installed"",""PackageAssembly"":""Microsoft-Windows-HCAP-Package~31bf3856ad364e35~x86~~6.0.6001.18000"",""Client"":""RMT"",""SupportInformation"":""""}}}"
518,518,2015-08-23 21:25:41.0000000,4371,Info,Microsoft-Windows-Servicing,System,0,0,WIN-L0ZZQ76PMUF,3,S-1-5-21-3848053756-3249532031-1848221756-500,,,,,,,,,,,False,M:\Forensics\TrainingImages\AliHadi\Challenge1\tout\M\Forensics\TrainingImages\AliHadi\Challenge1\s4a-challenge4\Windows\System32\winevt\logs\System.evtx,0x80000000000000,0,"{""UserData"":{""CbsPackageInitiateChanges"":{""PackageIdentifier"":""Microsoft-Windows-HCAP_en-US"",""ReleaseType"":""Language Pack"",""InitialPackageState"":""Installed"",""IntendedPackageState"":""Installed"",""PackageAssembly"":""Microsoft-Windows-HCAP-Package~31bf3856ad364e35~x86~en-US~6.0.6001.18000"",""Client"":""RMT"",""SupportInformation"":""""}}}"
519,519,2015-08-23 21:25:41.0000000,4371,Info,Microsoft-Windows-Servicing,System,0,0,WIN-L0ZZQ76PMUF,3,S-1-5-21-3848053756-3249532031-1848221756-500,,,,,,,,,,,False,M:\Forensics\TrainingImages\AliHadi\Challenge1\tout\M\Forensics\TrainingImages\AliHadi\Challenge1\s4a-challenge4\Windows\System32\winevt\logs\System.evtx,0x80000000000000,0,"{""UserData"":{""CbsPackageInitiateChanges"":{""PackageIdentifier"":""RasServerRole"",""ReleaseType"":""Feature Pack"",""InitialPackageState"":""Installed"",""IntendedPackageState"":""Installed"",""PackageAssembly"":""Microsoft-Windows-RasServerRole-Package~31bf3856ad364e35~x86~~6.0.6001.18000"",""Client"":""RMT"",""SupportInformation"":""""}}}"
520,520,2015-08-23 21:25:41.0000000,4371,Info,Microsoft-Windows-Servicing,System,0,0,WIN-L0ZZQ76PMUF,3,S-1-5-21-3848053756-3249532031-1848221756-500,,,,,,,,,,,False,M:\Forensics\TrainingImages\AliHadi\Challenge1\tout\M\Forensics\TrainingImages\AliHadi\Challenge1\s4a-challenge4\Windows\System32\winevt\logs\System.evtx,0x80000000000000,0,"{""UserData"":{""CbsPackageInitiateChanges"":{""PackageIdentifier"":""RasServerRole_en-US"",""ReleaseType"":""Language Pack"",""InitialPackageState"":""Installed"",""IntendedPackageState"":""Installed"",""PackageAssembly"":""Microsoft-Windows-RasServerRole-Package~31bf3856ad364e35~x86~en-US~6.0.6001.18000"",""Client"":""RMT"",""SupportInformation"":""""}}}"
521,521,2015-08-23 21:25:41.0000000,4371,Info,Microsoft-Windows-Servicing,System,0,0,WIN-L0ZZQ76PMUF,3,S-1-5-21-3848053756-3249532031-1848221756-500,,,,,,,,,,,False,M:\Forensics\TrainingImages\AliHadi\Challenge1\tout\M\Forensics\TrainingImages\AliHadi\Challenge1\s4a-challenge4\Windows\System32\winevt\logs\System.evtx,0x80000000000000,0,"{""UserData"":{""CbsPackageInitiateChanges"":{""PackageIdentifier"":""RasCMAKFeature"",""ReleaseType"":""Feature Pack"",""InitialPackageState"":""Installed"",""IntendedPackageState"":""Installed"",""PackageAssembly"":""Microsoft-Windows-RasCMAK-Package~31bf3856ad364e35~x86~~6.0.6001.18000"",""Client"":""RMT"",""SupportInformation"":""""}}}"
