454,454,2015-08-23 10:53:26.2003630,4625,LogAlways,Microsoft-Windows-Security-Auditing,Security,620,736,WIN-L0ZZQ76PMUF,4,,Failed logon,-\-,IT104-3 (10.20.0.118),Target: IT104-3\Student,LogonType 3,FailureReason: user name does not exist,,,,-,False,M:\Forensics\TrainingImages\AliHadi\Challenge1\tout\M\Forensics\TrainingImages\AliHadi\Challenge1\s4a-challenge4\Windows\System32\winevt\logs\Security.evtx,Audit failure,0,"{""EventData"":{""Data"":[{""@Name"":""SubjectUserSid"",""#text"":""S-1-0-0""},{""@Name"":""SubjectUserName"",""#text"":""-""},{""@Name"":""SubjectDomainName"",""#text"":""-""},{""@Name"":""SubjectLogonId"",""#text"":""0x0""},{""@Name"":""TargetUserSid"",""#text"":""S-1-0-0""},{""@Name"":""TargetUserName"",""#text"":""Student""},{""@Name"":""TargetDomainName"",""#text"":""IT104-3""},{""@Name"":""Status"",""#text"":""0xC000006D""},{""@Name"":""FailureReason"",""#text"":""%%2313""},{""@Name"":""SubStatus"",""#text"":""0xC0000064""},{""@Name"":""LogonType"",""#text"":""3""},{""@Name"":""LogonProcessName"",""#text"":""NtLmSsp ""},{""@Name"":""AuthenticationPackageName"",""#text"":""NTLM""},{""@Name"":""WorkstationName"",""#text"":""IT104-3""},{""@Name"":""TransmittedServices"",""#text"":""-""},{""@Name"":""LmPackageName"",""#text"":""-""},{""@Name"":""KeyLength"",""#text"":""0""},{""@Name"":""ProcessId"",""#text"":""00-00-00-00""},{""@Name"":""ProcessName"",""#text"":""-""},{""@Name"":""IpAddress"",""#text"":""10.20.0.118""},{""@Name"":""IpPort"",""#text"":""7943""}]}}"
455,455,2015-08-23 10:53:26.2003630,4625,LogAlways,Microsoft-Windows-Security-Auditing,Security,620,736,WIN-L0ZZQ76PMUF,4,,Failed logon,-\-,IT104-3 (10.20.0.118),Target: IT104-3\Student,LogonType 3,FailureReason: user name does not exist,,,,-,False,M:\Forensics\TrainingImages\AliHadi\Challenge1\tout\M\Forensics\TrainingImages\AliHadi\Challenge1\s4a-challenge4\Windows\System32\winevt\logs\Security.evtx,Audit failure,0,"{""EventData"":{""Data"":[{""@Name"":""SubjectUserSid"",""#text"":""S-1-0-0""},{""@Name"":""SubjectUserName"",""#text"":""-""},{""@Name"":""SubjectDomainName"",""#text"":""-""},{""@Name"":""SubjectLogonId"",""#text"":""0x0""},{""@Name"":""TargetUserSid"",""#text"":""S-1-0-0""},{""@Name"":""TargetUserName"",""#text"":""Student""},{""@Name"":""TargetDomainName"",""#text"":""IT104-3""},{""@Name"":""Status"",""#text"":""0xC000006D""},{""@Name"":""FailureReason"",""#text"":""%%2313""},{""@Name"":""SubStatus"",""#text"":""0xC0000064""},{""@Name"":""LogonType"",""#text"":""3""},{""@Name"":""LogonProcessName"",""#text"":""NtLmSsp ""},{""@Name"":""AuthenticationPackageName"",""#text"":""NTLM""},{""@Name"":""WorkstationName"",""#text"":""IT104-3""},{""@Name"":""TransmittedServices"",""#text"":""-""},{""@Name"":""LmPackageName"",""#text"":""-""},{""@Name"":""KeyLength"",""#text"":""0""},{""@Name"":""ProcessId"",""#text"":""00-00-00-00""},{""@Name"":""ProcessName"",""#text"":""-""},{""@Name"":""IpAddress"",""#text"":""10.20.0.118""},{""@Name"":""IpPort"",""#text"":""7944""}]}}"
456,456,2015-09-02 05:58:47.7800000,4616,LogAlways,Microsoft-Windows-Security-Auditing,Security,620,668,WIN-L0ZZQ76PMUF,4,,The system time was changed,WORKGROUP\WIN-L0ZZQ76PMUF$ (S-1-5-18),,Previous Time: 4:48:01 AM,New Time: 10:58:47 PM,LogonId: 0x3E7,,,,C:\Windows\System32\VBoxService.exe,False,M:\Forensics\TrainingImages\AliHadi\Challenge1\tout\M\Forensics\TrainingImages\AliHadi\Challenge1\s4a-challenge4\Windows\System32\winevt\logs\Security.evtx,Audit success,0,"{""EventData"":{""Data"":[{""@Name"":""SubjectUserSid"",""#text"":""S-1-5-18""},{""@Name"":""SubjectUserName"",""#text"":""WIN-L0ZZQ76PMUF$""},{""@Name"":""SubjectDomainName"",""#text"":""WORKGROUP""},{""@Name"":""SubjectLogonId"",""#text"":""0x3E7""},{""@Name"":""PreviousDate"",""#text"":""8/23/2015""},{""@Name"":""PreviousTime"",""#text"":""4:48:01 AM""},{""@Name"":""NewDate"",""#text"":""9/1/2015""},{""@Name"":""NewTime"",""#text"":""10:58:47 PM""},{""@Name"":""ProcessId"",""#text"":""44-03-00-00""},{""@Name"":""ProcessName"",""#text"":""C:\\Windows\\System32\\VBoxService.exe""}]}}"
457,457,2015-09-02 05:58:55.6393750,4776,LogAlways,Microsoft-Windows-Security-Auditing,Security,620,696,WIN-L0ZZQ76PMUF,4,,NTLM authentication request,,,Target: Administrator,Workstation: WIN-L0ZZQ76PMUF,Status: Status OK,,,,,False,M:\Forensics\TrainingImages\AliHadi\Challenge1\tout\M\Forensics\TrainingImages\AliHadi\Challenge1\s4a-challenge4\Windows\System32\winevt\logs\Security.evtx,Audit success,0,"{""EventData"":{""Data"":[{""@Name"":""PackageName"",""#text"":""MICROSOFT_AUTHENTICATION_PACKAGE_V1_0""},{""@Name"":""TargetUserName"",""#text"":""Administrator""},{""@Name"":""Workstation"",""#text"":""WIN-L0ZZQ76PMUF""},{""@Name"":""Status"",""#text"":""0x0""}]}}"
458,458,2015-09-02 05:58:55.6393750,4648,LogAlways,Microsoft-Windows-Security-Auditing,Security,620,696,WIN-L0ZZQ76PMUF,4,,A logon was attempted using explicit credentials,WORKGROUP\WIN-L0ZZQ76PMUF$,127.0.0.1:0,Target: WIN-L0ZZQ76PMUF\Administrator,TargetServerName: localhost,PID: 30-02-00-00,,,,C:\Windows\System32\winlogon.exe,False,M:\Forensics\TrainingImages\AliHadi\Challenge1\tout\M\Forensics\TrainingImages\AliHadi\Challenge1\s4a-challenge4\Windows\System32\winevt\logs\Security.evtx,Audit success,0,"{""EventData"":{""Data"":[{""@Name"":""SubjectUserSid"",""#text"":""S-1-5-18""},{""@Name"":""SubjectUserName"",""#text"":""WIN-L0ZZQ76PMUF$""},{""@Name"":""SubjectDomainName"",""#text"":""WORKGROUP""},{""@Name"":""SubjectLogonId"",""#text"":""0x3E7""},{""@Name"":""LogonGuid"",""#text"":""00000000-0000-0000-0000-000000000000""},{""@Name"":""TargetUserName"",""#text"":""Administrator""},{""@Name"":""TargetDomainName"",""#text"":""WIN-L0ZZQ76PMUF""},{""@Name"":""LogonGuid"",""#text"":""00000000-0000-0000-0000-000000000000""},{""@Name"":""TargetServerName"",""#text"":""localhost""},{""@Name"":""TargetInfo"",""#text"":""localhost""},{""@Name"":""ProcessId"",""#text"":""30-02-00-00""},{""@Name"":""ProcessName"",""#text"":""C:\\Windows\\System32\\winlogon.exe""},{""@Name"":""IpAddress"",""#text"":""127.0.0.1""},{""@Name"":""IpPort"",""#text"":""0""}]}}"
459,459,2015-09-02 05:58:55.6393750,4624,LogAlways,Microsoft-Windows-Security-Auditing,Security,620,696,WIN-L0ZZQ76PMUF,4,,Successful logon,WORKGROUP\WIN-L0ZZQ76PMUF$,WIN-L0ZZQ76PMUF (127.0.0.1),Target: WIN-L0ZZQ76PMUF\Administrator,LogonType 7,LogonId: 0x1840AB,,,,C:\Windows\System32\winlogon.exe,False,M:\Forensics\TrainingImages\AliHadi\Challenge1\tout\M\Forensics\TrainingImages\AliHadi\Challenge1\s4a-challenge4\Windows\System32\winevt\logs\Security.evtx,Audit success,0,"{""EventData"":{""Data"":[{""@Name"":""SubjectUserSid"",""#text"":""S-1-5-18""},{""@Name"":""SubjectUserName"",""#text"":""WIN-L0ZZQ76PMUF$""},{""@Name"":""SubjectDomainName"",""#text"":""WORKGROUP""},{""@Name"":""SubjectLogonId"",""#text"":""0x3E7""},{""@Name"":""TargetUserSid"",""#text"":""S-1-5-21-3848053756-3249532031-1848221756-500""},{""@Name"":""TargetUserName"",""#text"":""Administrator""},{""@Name"":""TargetDomainName"",""#text"":""WIN-L0ZZQ76PMUF""},{""@Name"":""TargetLogonId"",""#text"":""0x1840AB""},{""@Name"":""LogonType"",""#text"":""7""},{""@Name"":""LogonProcessName"",""#text"":""User32 ""},{""@Name"":""AuthenticationPackageName"",""#text"":""Negotiate""},{""@Name"":""WorkstationName"",""#text"":""WIN-L0ZZQ76PMUF""},{""@Name"":""LogonGuid"",""#text"":""00000000-0000-0000-0000-000000000000""},{""@Name"":""TransmittedServices"",""#text"":""-""},{""@Name"":""LmPackageName"",""#text"":""-""},{""@Name"":""KeyLength"",""#text"":""0""},{""@Name"":""ProcessId"",""#text"":""30-02-00-00""},{""@Name"":""ProcessName"",""#text"":""C:\\Windows\\System32\\winlogon.exe""},{""@Name"":""IpAddress"",""#text"":""127.0.0.1""},{""@Name"":""IpPort"",""#text"":""0""}]}}"
460,460,2015-09-02 05:58:55.6393750,4672,LogAlways,Microsoft-Windows-Security-Auditing,Security,620,696,WIN-L0ZZQ76PMUF,4,,Administrative logon,WIN-L0ZZQ76PMUF\Administrator (S-1-5-21-3848053756-3249532031-1848221756-500),,"PrivilegeList: SeSecurityPrivilege, SeTakeOwnershipPrivilege, SeLoadDriverPrivilege, SeBackupPrivilege, SeRestorePrivilege, SeDebugPrivilege, SeSystemEnvironmentPrivilege, SeImpersonatePrivilege",LogonId: 0x1840AB,,,,,,False,M:\Forensics\TrainingImages\AliHadi\Challenge1\tout\M\Forensics\TrainingImages\AliHadi\Challenge1\s4a-challenge4\Windows\System32\winevt\logs\Security.evtx,Audit success,0,"{""EventData"":{""Data"":[{""@Name"":""SubjectUserSid"",""#text"":""S-1-5-21-3848053756-3249532031-1848221756-500""},{""@Name"":""SubjectUserName"",""#text"":""Administrator""},{""@Name"":""SubjectDomainName"",""#text"":""WIN-L0ZZQ76PMUF""},{""@Name"":""SubjectLogonId"",""#text"":""0x1840AB""},{""@Name"":""PrivilegeList"",""#text"":""SeSecurityPrivilege, SeTakeOwnershipPrivilege, SeLoadDriverPrivilege, SeBackupPrivilege, SeRestorePrivilege, SeDebugPrivilege, SeSystemEnvironmentPrivilege, SeImpersonatePrivilege""}]}}"
461,461,2015-09-02 05:58:55.6393750,4634,LogAlways,Microsoft-Windows-Security-Auditing,Security,620,708,WIN-L0ZZQ76PMUF,4,,An account was logged off,,,Target: WIN-L0ZZQ76PMUF\Administrator,LogonType 7,LogonId: 0x1840AB,,,,,False,M:\Forensics\TrainingImages\AliHadi\Challenge1\tout\M\Forensics\TrainingImages\AliHadi\Challenge1\s4a-challenge4\Windows\System32\winevt\logs\Security.evtx,Audit success,0,"{""EventData"":{""Data"":[{""@Name"":""TargetUserSid"",""#text"":""S-1-5-21-3848053756-3249532031-1848221756-500""},{""@Name"":""TargetUserName"",""#text"":""Administrator""},{""@Name"":""TargetDomainName"",""#text"":""WIN-L0ZZQ76PMUF""},{""@Name"":""TargetLogonId"",""#text"":""0x1840AB""},{""@Name"":""LogonType"",""#text"":""7""}]}}"
462,462,2015-09-02 06:00:41.9831250,4625,LogAlways,Microsoft-Windows-Security-Auditing,Security,620,704,WIN-L0ZZQ76PMUF,4,,Failed logon,WIN-L0ZZQ76PMUF\Administrator,WIN-L0ZZQ76PMUF (-),Target: WIN-L0ZZQ76PMUF\Guest,LogonType 3,FailureReason: user logon to account disabled by administrator,,,,C:\Windows\explorer.exe,False,M:\Forensics\TrainingImages\AliHadi\Challenge1\tout\M\Forensics\TrainingImages\AliHadi\Challenge1\s4a-challenge4\Windows\System32\winevt\logs\Security.evtx,Audit failure,0,"{""EventData"":{""Data"":[{""@Name"":""SubjectUserSid"",""#text"":""S-1-5-21-3848053756-3249532031-1848221756-500""},{""@Name"":""SubjectUserName"",""#text"":""Administrator""},{""@Name"":""SubjectDomainName"",""#text"":""WIN-L0ZZQ76PMUF""},{""@Name"":""SubjectLogonId"",""#text"":""0x1F748""},{""@Name"":""TargetUserSid"",""#text"":""S-1-0-0""},{""@Name"":""TargetUserName"",""#text"":""Guest""},{""@Name"":""TargetDomainName"",""#text"":""WIN-L0ZZQ76PMUF""},{""@Name"":""Status"",""#text"":""0xC000006E""},{""@Name"":""FailureReason"",""#text"":""%%2310""},{""@Name"":""SubStatus"",""#text"":""0xC0000072""},{""@Name"":""LogonType"",""#text"":""3""},{""@Name"":""LogonProcessName"",""#text"":""Advapi  ""},{""@Name"":""AuthenticationPackageName"",""#text"":""Negotiate""},{""@Name"":""WorkstationName"",""#text"":""WIN-L0ZZQ76PMUF""},{""@Name"":""TransmittedServices"",""#text"":""-""},{""@Name"":""LmPackageName"",""#text"":""-""},{""@Name"":""KeyLength"",""#text"":""0""},{""@Name"":""ProcessId"",""#text"":""30-03-00-00""},{""@Name"":""ProcessName"",""#text"":""C:\\Windows\\explorer.exe""},{""@Name"":""IpAddress"",""#text"":""-""},{""@Name"":""IpPort"",""#text"":""-""}]}}"
463,463,2015-09-02 07:01:03.2661340,4776,LogAlways,Microsoft-Windows-Security-Auditing,Security,620,696,WIN-L0ZZQ76PMUF,4,,NTLM authentication request,,,Target: Administrator,Workstation: WIN-L0ZZQ76PMUF,Status: Status OK,,,,,False,M:\Forensics\TrainingImages\AliHadi\Challenge1\tout\M\Forensics\TrainingImages\AliHadi\Challenge1\s4a-challenge4\Windows\System32\winevt\logs\Security.evtx,Audit success,0,"{""EventData"":{""Data"":[{""@Name"":""PackageName"",""#text"":""MICROSOFT_AUTHENTICATION_PACKAGE_V1_0""},{""@Name"":""TargetUserName"",""#text"":""Administrator""},{""@Name"":""Workstation"",""#text"":""WIN-L0ZZQ76PMUF""},{""@Name"":""Status"",""#text"":""0x0""}]}}"
464,464,2015-09-02 07:01:03.2661340,4648,LogAlways,Microsoft-Windows-Security-Auditing,Security,620,696,WIN-L0ZZQ76PMUF,4,,A logon was attempted using explicit credentials,WORKGROUP\WIN-L0ZZQ76PMUF$,127.0.0.1:0,Target: WIN-L0ZZQ76PMUF\Administrator,TargetServerName: localhost,PID: 30-02-00-00,,,,C:\Windows\System32\winlogon.exe,False,M:\Forensics\TrainingImages\AliHadi\Challenge1\tout\M\Forensics\TrainingImages\AliHadi\Challenge1\s4a-challenge4\Windows\System32\winevt\logs\Security.evtx,Audit success,0,"{""EventData"":{""Data"":[{""@Name"":""SubjectUserSid"",""#text"":""S-1-5-18""},{""@Name"":""SubjectUserName"",""#text"":""WIN-L0ZZQ76PMUF$""},{""@Name"":""SubjectDomainName"",""#text"":""WORKGROUP""},{""@Name"":""SubjectLogonId"",""#text"":""0x3E7""},{""@Name"":""LogonGuid"",""#text"":""00000000-0000-0000-0000-000000000000""},{""@Name"":""TargetUserName"",""#text"":""Administrator""},{""@Name"":""TargetDomainName"",""#text"":""WIN-L0ZZQ76PMUF""},{""@Name"":""LogonGuid"",""#text"":""00000000-0000-0000-0000-000000000000""},{""@Name"":""TargetServerName"",""#text"":""localhost""},{""@Name"":""TargetInfo"",""#text"":""localhost""},{""@Name"":""ProcessId"",""#text"":""30-02-00-00""},{""@Name"":""ProcessName"",""#text"":""C:\\Windows\\System32\\winlogon.exe""},{""@Name"":""IpAddress"",""#text"":""127.0.0.1""},{""@Name"":""IpPort"",""#text"":""0""}]}}"
465,465,2015-09-02 07:01:03.2661340,4624,LogAlways,Microsoft-Windows-Security-Auditing,Security,620,696,WIN-L0ZZQ76PMUF,4,,Successful logon,WORKGROUP\WIN-L0ZZQ76PMUF$,WIN-L0ZZQ76PMUF (127.0.0.1),Target: WIN-L0ZZQ76PMUF\Administrator,LogonType 7,LogonId: 0x24C130,,,,C:\Windows\System32\winlogon.exe,False,M:\Forensics\TrainingImages\AliHadi\Challenge1\tout\M\Forensics\TrainingImages\AliHadi\Challenge1\s4a-challenge4\Windows\System32\winevt\logs\Security.evtx,Audit success,0,"{""EventData"":{""Data"":[{""@Name"":""SubjectUserSid"",""#text"":""S-1-5-18""},{""@Name"":""SubjectUserName"",""#text"":""WIN-L0ZZQ76PMUF$""},{""@Name"":""SubjectDomainName"",""#text"":""WORKGROUP""},{""@Name"":""SubjectLogonId"",""#text"":""0x3E7""},{""@Name"":""TargetUserSid"",""#text"":""S-1-5-21-3848053756-3249532031-1848221756-500""},{""@Name"":""TargetUserName"",""#text"":""Administrator""},{""@Name"":""TargetDomainName"",""#text"":""WIN-L0ZZQ76PMUF""},{""@Name"":""TargetLogonId"",""#text"":""0x24C130""},{""@Name"":""LogonType"",""#text"":""7""},{""@Name"":""LogonProcessName"",""#text"":""User32 ""},{""@Name"":""AuthenticationPackageName"",""#text"":""Negotiate""},{""@Name"":""WorkstationName"",""#text"":""WIN-L0ZZQ76PMUF""},{""@Name"":""LogonGuid"",""#text"":""00000000-0000-0000-0000-000000000000""},{""@Name"":""TransmittedServices"",""#text"":""-""},{""@Name"":""LmPackageName"",""#text"":""-""},{""@Name"":""KeyLength"",""#text"":""0""},{""@Name"":""ProcessId"",""#text"":""30-02-00-00""},{""@Name"":""ProcessName"",""#text"":""C:\\Windows\\System32\\winlogon.exe""},{""@Name"":""IpAddress"",""#text"":""127.0.0.1""},{""@Name"":""IpPort"",""#text"":""0""}]}}"
466,466,2015-09-02 07:01:03.2661340,4672,LogAlways,Microsoft-Windows-Security-Auditing,Security,620,696,WIN-L0ZZQ76PMUF,4,,Administrative logon,WIN-L0ZZQ76PMUF\Administrator (S-1-5-21-3848053756-3249532031-1848221756-500),,"PrivilegeList: SeSecurityPrivilege, SeTakeOwnershipPrivilege, SeLoadDriverPrivilege, SeBackupPrivilege, SeRestorePrivilege, SeDebugPrivilege, SeSystemEnvironmentPrivilege, SeImpersonatePrivilege",LogonId: 0x24C130,,,,,,False,M:\Forensics\TrainingImages\AliHadi\Challenge1\tout\M\Forensics\TrainingImages\AliHadi\Challenge1\s4a-challenge4\Windows\System32\winevt\logs\Security.evtx,Audit success,0,"{""EventData"":{""Data"":[{""@Name"":""SubjectUserSid"",""#text"":""S-1-5-21-3848053756-3249532031-1848221756-500""},{""@Name"":""SubjectUserName"",""#text"":""Administrator""},{""@Name"":""SubjectDomainName"",""#text"":""WIN-L0ZZQ76PMUF""},{""@Name"":""SubjectLogonId"",""#text"":""0x24C130""},{""@Name"":""PrivilegeList"",""#text"":""SeSecurityPrivilege, SeTakeOwnershipPrivilege, SeLoadDriverPrivilege, SeBackupPrivilege, SeRestorePrivilege, SeDebugPrivilege, SeSystemEnvironmentPrivilege, SeImpersonatePrivilege""}]}}"
467,467,2015-09-02 07:01:03.2661340,4634,LogAlways,Microsoft-Windows-Security-Auditing,Security,620,704,WIN-L0ZZQ76PMUF,4,,An account was logged off,,,Target: WIN-L0ZZQ76PMUF\Administrator,LogonType 7,LogonId: 0x24C130,,,,,False,M:\Forensics\TrainingImages\AliHadi\Challenge1\tout\M\Forensics\TrainingImages\AliHadi\Challenge1\s4a-challenge4\Windows\System32\winevt\logs\Security.evtx,Audit success,0,"{""EventData"":{""Data"":[{""@Name"":""TargetUserSid"",""#text"":""S-1-5-21-3848053756-3249532031-1848221756-500""},{""@Name"":""TargetUserName"",""#text"":""Administrator""},{""@Name"":""TargetDomainName"",""#text"":""WIN-L0ZZQ76PMUF""},{""@Name"":""TargetLogonId"",""#text"":""0x24C130""},{""@Name"":""LogonType"",""#text"":""7""}]}}"
468,468,2015-09-02 07:12:45.2678720,4776,LogAlways,Microsoft-Windows-Security-Auditing,Security,620,724,WIN-L0ZZQ76PMUF,4,,NTLM authentication request,,,Target: Administrator,Workstation: WIN-L0ZZQ76PMUF,Status: Status OK,,,,,False,M:\Forensics\TrainingImages\AliHadi\Challenge1\tout\M\Forensics\TrainingImages\AliHadi\Challenge1\s4a-challenge4\Windows\System32\winevt\logs\Security.evtx,Audit success,0,"{""EventData"":{""Data"":[{""@Name"":""PackageName"",""#text"":""MICROSOFT_AUTHENTICATION_PACKAGE_V1_0""},{""@Name"":""TargetUserName"",""#text"":""Administrator""},{""@Name"":""Workstation"",""#text"":""WIN-L0ZZQ76PMUF""},{""@Name"":""Status"",""#text"":""0x0""}]}}"
469,469,2015-09-02 07:12:45.2678720,4648,LogAlways,Microsoft-Windows-Security-Auditing,Security,620,724,WIN-L0ZZQ76PMUF,4,,A logon was attempted using explicit credentials,WORKGROUP\WIN-L0ZZQ76PMUF$,127.0.0.1:0,Target: WIN-L0ZZQ76PMUF\Administrator,TargetServerName: localhost,PID: 30-02-00-00,,,,C:\Windows\System32\winlogon.exe,False,M:\Forensics\TrainingImages\AliHadi\Challenge1\tout\M\Forensics\TrainingImages\AliHadi\Challenge1\s4a-challenge4\Windows\System32\winevt\logs\Security.evtx,Audit success,0,"{""EventData"":{""Data"":[{""@Name"":""SubjectUserSid"",""#text"":""S-1-5-18""},{""@Name"":""SubjectUserName"",""#text"":""WIN-L0ZZQ76PMUF$""},{""@Name"":""SubjectDomainName"",""#text"":""WORKGROUP""},{""@Name"":""SubjectLogonId"",""#text"":""0x3E7""},{""@Name"":""LogonGuid"",""#text"":""00000000-0000-0000-0000-000000000000""},{""@Name"":""TargetUserName"",""#text"":""Administrator""},{""@Name"":""TargetDomainName"",""#text"":""WIN-L0ZZQ76PMUF""},{""@Name"":""LogonGuid"",""#text"":""00000000-0000-0000-0000-000000000000""},{""@Name"":""TargetServerName"",""#text"":""localhost""},{""@Name"":""TargetInfo"",""#text"":""localhost""},{""@Name"":""ProcessId"",""#text"":""30-02-00-00""},{""@Name"":""ProcessName"",""#text"":""C:\\Windows\\System32\\winlogon.exe""},{""@Name"":""IpAddress"",""#text"":""127.0.0.1""},{""@Name"":""IpPort"",""#text"":""0""}]}}"
470,470,2015-09-02 07:12:45.2678720,4624,LogAlways,Microsoft-Windows-Security-Auditing,Security,620,724,WIN-L0ZZQ76PMUF,4,,Successful logon,WORKGROUP\WIN-L0ZZQ76PMUF$,WIN-L0ZZQ76PMUF (127.0.0.1),Target: WIN-L0ZZQ76PMUF\Administrator,LogonType 7,LogonId: 0x26DF3E,,,,C:\Windows\System32\winlogon.exe,False,M:\Forensics\TrainingImages\AliHadi\Challenge1\tout\M\Forensics\TrainingImages\AliHadi\Challenge1\s4a-challenge4\Windows\System32\winevt\logs\Security.evtx,Audit success,0,"{""EventData"":{""Data"":[{""@Name"":""SubjectUserSid"",""#text"":""S-1-5-18""},{""@Name"":""SubjectUserName"",""#text"":""WIN-L0ZZQ76PMUF$""},{""@Name"":""SubjectDomainName"",""#text"":""WORKGROUP""},{""@Name"":""SubjectLogonId"",""#text"":""0x3E7""},{""@Name"":""TargetUserSid"",""#text"":""S-1-5-21-3848053756-3249532031-1848221756-500""},{""@Name"":""TargetUserName"",""#text"":""Administrator""},{""@Name"":""TargetDomainName"",""#text"":""WIN-L0ZZQ76PMUF""},{""@Name"":""TargetLogonId"",""#text"":""0x26DF3E""},{""@Name"":""LogonType"",""#text"":""7""},{""@Name"":""LogonProcessName"",""#text"":""User32 ""},{""@Name"":""AuthenticationPackageName"",""#text"":""Negotiate""},{""@Name"":""WorkstationName"",""#text"":""WIN-L0ZZQ76PMUF""},{""@Name"":""LogonGuid"",""#text"":""00000000-0000-0000-0000-000000000000""},{""@Name"":""TransmittedServices"",""#text"":""-""},{""@Name"":""LmPackageName"",""#text"":""-""},{""@Name"":""KeyLength"",""#text"":""0""},{""@Name"":""ProcessId"",""#text"":""30-02-00-00""},{""@Name"":""ProcessName"",""#text"":""C:\\Windows\\System32\\winlogon.exe""},{""@Name"":""IpAddress"",""#text"":""127.0.0.1""},{""@Name"":""IpPort"",""#text"":""0""}]}}"
471,471,2015-09-02 07:12:45.2678720,4672,LogAlways,Microsoft-Windows-Security-Auditing,Security,620,724,WIN-L0ZZQ76PMUF,4,,Administrative logon,WIN-L0ZZQ76PMUF\Administrator (S-1-5-21-3848053756-3249532031-1848221756-500),,"PrivilegeList: SeSecurityPrivilege, SeTakeOwnershipPrivilege, SeLoadDriverPrivilege, SeBackupPrivilege, SeRestorePrivilege, SeDebugPrivilege, SeSystemEnvironmentPrivilege, SeImpersonatePrivilege",LogonId: 0x26DF3E,,,,,,False,M:\Forensics\TrainingImages\AliHadi\Challenge1\tout\M\Forensics\TrainingImages\AliHadi\Challenge1\s4a-challenge4\Windows\System32\winevt\logs\Security.evtx,Audit success,0,"{""EventData"":{""Data"":[{""@Name"":""SubjectUserSid"",""#text"":""S-1-5-21-3848053756-3249532031-1848221756-500""},{""@Name"":""SubjectUserName"",""#text"":""Administrator""},{""@Name"":""SubjectDomainName"",""#text"":""WIN-L0ZZQ76PMUF""},{""@Name"":""SubjectLogonId"",""#text"":""0x26DF3E""},{""@Name"":""PrivilegeList"",""#text"":""SeSecurityPrivilege, SeTakeOwnershipPrivilege, SeLoadDriverPrivilege, SeBackupPrivilege, SeRestorePrivilege, SeDebugPrivilege, SeSystemEnvironmentPrivilege, SeImpersonatePrivilege""}]}}"
472,472,2015-09-02 07:12:45.2678720,4634,LogAlways,Microsoft-Windows-Security-Auditing,Security,620,708,WIN-L0ZZQ76PMUF,4,,An account was logged off,,,Target: WIN-L0ZZQ76PMUF\Administrator,LogonType 7,LogonId: 0x26DF3E,,,,,False,M:\Forensics\TrainingImages\AliHadi\Challenge1\tout\M\Forensics\TrainingImages\AliHadi\Challenge1\s4a-challenge4\Windows\System32\winevt\logs\Security.evtx,Audit success,0,"{""EventData"":{""Data"":[{""@Name"":""TargetUserSid"",""#text"":""S-1-5-21-3848053756-3249532031-1848221756-500""},{""@Name"":""TargetUserName"",""#text"":""Administrator""},{""@Name"":""TargetDomainName"",""#text"":""WIN-L0ZZQ76PMUF""},{""@Name"":""TargetLogonId"",""#text"":""0x26DF3E""},{""@Name"":""LogonType"",""#text"":""7""}]}}"
473,473,2015-09-02 08:36:52.0959970,4776,LogAlways,Microsoft-Windows-Security-Auditing,Security,620,700,WIN-L0ZZQ76PMUF,4,,NTLM authentication request,,,Target: Administrator,Workstation: WIN-L0ZZQ76PMUF,Status: Status OK,,,,,False,M:\Forensics\TrainingImages\AliHadi\Challenge1\tout\M\Forensics\TrainingImages\AliHadi\Challenge1\s4a-challenge4\Windows\System32\winevt\logs\Security.evtx,Audit success,0,"{""EventData"":{""Data"":[{""@Name"":""PackageName"",""#text"":""MICROSOFT_AUTHENTICATION_PACKAGE_V1_0""},{""@Name"":""TargetUserName"",""#text"":""Administrator""},{""@Name"":""Workstation"",""#text"":""WIN-L0ZZQ76PMUF""},{""@Name"":""Status"",""#text"":""0x0""}]}}"
474,474,2015-09-02 08:36:52.0959970,4648,LogAlways,Microsoft-Windows-Security-Auditing,Security,620,700,WIN-L0ZZQ76PMUF,4,,A logon was attempted using explicit credentials,WORKGROUP\WIN-L0ZZQ76PMUF$,127.0.0.1:0,Target: WIN-L0ZZQ76PMUF\Administrator,TargetServerName: localhost,PID: 30-02-00-00,,,,C:\Windows\System32\winlogon.exe,False,M:\Forensics\TrainingImages\AliHadi\Challenge1\tout\M\Forensics\TrainingImages\AliHadi\Challenge1\s4a-challenge4\Windows\System32\winevt\logs\Security.evtx,Audit success,0,"{""EventData"":{""Data"":[{""@Name"":""SubjectUserSid"",""#text"":""S-1-5-18""},{""@Name"":""SubjectUserName"",""#text"":""WIN-L0ZZQ76PMUF$""},{""@Name"":""SubjectDomainName"",""#text"":""WORKGROUP""},{""@Name"":""SubjectLogonId"",""#text"":""0x3E7""},{""@Name"":""LogonGuid"",""#text"":""00000000-0000-0000-0000-000000000000""},{""@Name"":""TargetUserName"",""#text"":""Administrator""},{""@Name"":""TargetDomainName"",""#text"":""WIN-L0ZZQ76PMUF""},{""@Name"":""LogonGuid"",""#text"":""00000000-0000-0000-0000-000000000000""},{""@Name"":""TargetServerName"",""#text"":""localhost""},{""@Name"":""TargetInfo"",""#text"":""localhost""},{""@Name"":""ProcessId"",""#text"":""30-02-00-00""},{""@Name"":""ProcessName"",""#text"":""C:\\Windows\\System32\\winlogon.exe""},{""@Name"":""IpAddress"",""#text"":""127.0.0.1""},{""@Name"":""IpPort"",""#text"":""0""}]}}"
475,475,2015-09-02 08:36:52.0959970,4624,LogAlways,Microsoft-Windows-Security-Auditing,Security,620,700,WIN-L0ZZQ76PMUF,4,,Successful logon,WORKGROUP\WIN-L0ZZQ76PMUF$,WIN-L0ZZQ76PMUF (127.0.0.1),Target: WIN-L0ZZQ76PMUF\Administrator,LogonType 7,LogonId: 0x36D5AC,,,,C:\Windows\System32\winlogon.exe,False,M:\Forensics\TrainingImages\AliHadi\Challenge1\tout\M\Forensics\TrainingImages\AliHadi\Challenge1\s4a-challenge4\Windows\System32\winevt\logs\Security.evtx,Audit success,0,"{""EventData"":{""Data"":[{""@Name"":""SubjectUserSid"",""#text"":""S-1-5-18""},{""@Name"":""SubjectUserName"",""#text"":""WIN-L0ZZQ76PMUF$""},{""@Name"":""SubjectDomainName"",""#text"":""WORKGROUP""},{""@Name"":""SubjectLogonId"",""#text"":""0x3E7""},{""@Name"":""TargetUserSid"",""#text"":""S-1-5-21-3848053756-3249532031-1848221756-500""},{""@Name"":""TargetUserName"",""#text"":""Administrator""},{""@Name"":""TargetDomainName"",""#text"":""WIN-L0ZZQ76PMUF""},{""@Name"":""TargetLogonId"",""#text"":""0x36D5AC""},{""@Name"":""LogonType"",""#text"":""7""},{""@Name"":""LogonProcessName"",""#text"":""User32 ""},{""@Name"":""AuthenticationPackageName"",""#text"":""Negotiate""},{""@Name"":""WorkstationName"",""#text"":""WIN-L0ZZQ76PMUF""},{""@Name"":""LogonGuid"",""#text"":""00000000-0000-0000-0000-000000000000""},{""@Name"":""TransmittedServices"",""#text"":""-""},{""@Name"":""LmPackageName"",""#text"":""-""},{""@Name"":""KeyLength"",""#text"":""0""},{""@Name"":""ProcessId"",""#text"":""30-02-00-00""},{""@Name"":""ProcessName"",""#text"":""C:\\Windows\\System32\\winlogon.exe""},{""@Name"":""IpAddress"",""#text"":""127.0.0.1""},{""@Name"":""IpPort"",""#text"":""0""}]}}"
476,476,2015-09-02 08:36:52.0959970,4672,LogAlways,Microsoft-Windows-Security-Auditing,Security,620,700,WIN-L0ZZQ76PMUF,4,,Administrative logon,WIN-L0ZZQ76PMUF\Administrator (S-1-5-21-3848053756-3249532031-1848221756-500),,"PrivilegeList: SeSecurityPrivilege, SeTakeOwnershipPrivilege, SeLoadDriverPrivilege, SeBackupPrivilege, SeRestorePrivilege, SeDebugPrivilege, SeSystemEnvironmentPrivilege, SeImpersonatePrivilege",LogonId: 0x36D5AC,,,,,,False,M:\Forensics\TrainingImages\AliHadi\Challenge1\tout\M\Forensics\TrainingImages\AliHadi\Challenge1\s4a-challenge4\Windows\System32\winevt\logs\Security.evtx,Audit success,0,"{""EventData"":{""Data"":[{""@Name"":""SubjectUserSid"",""#text"":""S-1-5-21-3848053756-3249532031-1848221756-500""},{""@Name"":""SubjectUserName"",""#text"":""Administrator""},{""@Name"":""SubjectDomainName"",""#text"":""WIN-L0ZZQ76PMUF""},{""@Name"":""SubjectLogonId"",""#text"":""0x36D5AC""},{""@Name"":""PrivilegeList"",""#text"":""SeSecurityPrivilege, SeTakeOwnershipPrivilege, SeLoadDriverPrivilege, SeBackupPrivilege, SeRestorePrivilege, SeDebugPrivilege, SeSystemEnvironmentPrivilege, SeImpersonatePrivilege""}]}}"
477,477,2015-09-02 08:36:52.0959970,4634,LogAlways,Microsoft-Windows-Security-Auditing,Security,620,708,WIN-L0ZZQ76PMUF,4,,An account was logged off,,,Target: WIN-L0ZZQ76PMUF\Administrator,LogonType 7,LogonId: 0x36D5AC,,,,,False,M:\Forensics\TrainingImages\AliHadi\Challenge1\tout\M\Forensics\TrainingImages\AliHadi\Challenge1\s4a-challenge4\Windows\System32\winevt\logs\Security.evtx,Audit success,0,"{""EventData"":{""Data"":[{""@Name"":""TargetUserSid"",""#text"":""S-1-5-21-3848053756-3249532031-1848221756-500""},{""@Name"":""TargetUserName"",""#text"":""Administrator""},{""@Name"":""TargetDomainName"",""#text"":""WIN-L0ZZQ76PMUF""},{""@Name"":""TargetLogonId"",""#text"":""0x36D5AC""},{""@Name"":""LogonType"",""#text"":""7""}]}}"
478,478,2015-09-02 09:00:39.0508600,4625,LogAlways,Microsoft-Windows-Security-Auditing,Security,620,712,WIN-L0ZZQ76PMUF,4,,Failed logon,WORKGROUP\WIN-L0ZZQ76PMUF$,WIN-L0ZZQ76PMUF (127.0.0.1),Target: WIN-L0ZZQ76PMUF\Administrator,LogonType 2,FailureReason: user name is correct but the password is wrong,,,,C:\Windows\System32\winlogon.exe,False,M:\Forensics\TrainingImages\AliHadi\Challenge1\tout\M\Forensics\TrainingImages\AliHadi\Challenge1\s4a-challenge4\Windows\System32\winevt\logs\Security.evtx,Audit failure,0,"{""EventData"":{""Data"":[{""@Name"":""SubjectUserSid"",""#text"":""S-1-5-18""},{""@Name"":""SubjectUserName"",""#text"":""WIN-L0ZZQ76PMUF$""},{""@Name"":""SubjectDomainName"",""#text"":""WORKGROUP""},{""@Name"":""SubjectLogonId"",""#text"":""0x3E7""},{""@Name"":""TargetUserSid"",""#text"":""S-1-0-0""},{""@Name"":""TargetUserName"",""#text"":""Administrator""},{""@Name"":""TargetDomainName"",""#text"":""WIN-L0ZZQ76PMUF""},{""@Name"":""Status"",""#text"":""0xC000006D""},{""@Name"":""FailureReason"",""#text"":""%%2313""},{""@Name"":""SubStatus"",""#text"":""0xC000006A""},{""@Name"":""LogonType"",""#text"":""2""},{""@Name"":""LogonProcessName"",""#text"":""User32 ""},{""@Name"":""AuthenticationPackageName"",""#text"":""Negotiate""},{""@Name"":""WorkstationName"",""#text"":""WIN-L0ZZQ76PMUF""},{""@Name"":""TransmittedServices"",""#text"":""-""},{""@Name"":""LmPackageName"",""#text"":""-""},{""@Name"":""KeyLength"",""#text"":""0""},{""@Name"":""ProcessId"",""#text"":""A8-02-00-00""},{""@Name"":""ProcessName"",""#text"":""C:\\Windows\\System32\\winlogon.exe""},{""@Name"":""IpAddress"",""#text"":""127.0.0.1""},{""@Name"":""IpPort"",""#text"":""0""}]}}"
479,479,2015-09-02 09:00:57.1758600,4776,LogAlways,Microsoft-Windows-Security-Auditing,Security,620,712,WIN-L0ZZQ76PMUF,4,,NTLM authentication request,,,Target: Administrator,Workstation: WIN-L0ZZQ76PMUF,Status: Status OK,,,,,False,M:\Forensics\TrainingImages\AliHadi\Challenge1\tout\M\Forensics\TrainingImages\AliHadi\Challenge1\s4a-challenge4\Windows\System32\winevt\logs\Security.evtx,Audit success,0,"{""EventData"":{""Data"":[{""@Name"":""PackageName"",""#text"":""MICROSOFT_AUTHENTICATION_PACKAGE_V1_0""},{""@Name"":""TargetUserName"",""#text"":""Administrator""},{""@Name"":""Workstation"",""#text"":""WIN-L0ZZQ76PMUF""},{""@Name"":""Status"",""#text"":""0x0""}]}}"
480,480,2015-09-02 09:00:57.1758600,4648,LogAlways,Microsoft-Windows-Security-Auditing,Security,620,712,WIN-L0ZZQ76PMUF,4,,A logon was attempted using explicit credentials,WORKGROUP\WIN-L0ZZQ76PMUF$,127.0.0.1:0,Target: WIN-L0ZZQ76PMUF\Administrator,TargetServerName: localhost,PID: A8-02-00-00,,,,C:\Windows\System32\winlogon.exe,False,M:\Forensics\TrainingImages\AliHadi\Challenge1\tout\M\Forensics\TrainingImages\AliHadi\Challenge1\s4a-challenge4\Windows\System32\winevt\logs\Security.evtx,Audit success,0,"{""EventData"":{""Data"":[{""@Name"":""SubjectUserSid"",""#text"":""S-1-5-18""},{""@Name"":""SubjectUserName"",""#text"":""WIN-L0ZZQ76PMUF$""},{""@Name"":""SubjectDomainName"",""#text"":""WORKGROUP""},{""@Name"":""SubjectLogonId"",""#text"":""0x3E7""},{""@Name"":""LogonGuid"",""#text"":""00000000-0000-0000-0000-000000000000""},{""@Name"":""TargetUserName"",""#text"":""Administrator""},{""@Name"":""TargetDomainName"",""#text"":""WIN-L0ZZQ76PMUF""},{""@Name"":""LogonGuid"",""#text"":""00000000-0000-0000-0000-000000000000""},{""@Name"":""TargetServerName"",""#text"":""localhost""},{""@Name"":""TargetInfo"",""#text"":""localhost""},{""@Name"":""ProcessId"",""#text"":""A8-02-00-00""},{""@Name"":""ProcessName"",""#text"":""C:\\Windows\\System32\\winlogon.exe""},{""@Name"":""IpAddress"",""#text"":""127.0.0.1""},{""@Name"":""IpPort"",""#text"":""0""}]}}"
481,481,2015-09-02 09:00:57.1758600,4624,LogAlways,Microsoft-Windows-Security-Auditing,Security,620,712,WIN-L0ZZQ76PMUF,4,,Successful logon,WORKGROUP\WIN-L0ZZQ76PMUF$,WIN-L0ZZQ76PMUF (127.0.0.1),Target: WIN-L0ZZQ76PMUF\Administrator,LogonType 2,LogonId: 0x3B4B32,,,,C:\Windows\System32\winlogon.exe,False,M:\Forensics\TrainingImages\AliHadi\Challenge1\tout\M\Forensics\TrainingImages\AliHadi\Challenge1\s4a-challenge4\Windows\System32\winevt\logs\Security.evtx,Audit success,0,"{""EventData"":{""Data"":[{""@Name"":""SubjectUserSid"",""#text"":""S-1-5-18""},{""@Name"":""SubjectUserName"",""#text"":""WIN-L0ZZQ76PMUF$""},{""@Name"":""SubjectDomainName"",""#text"":""WORKGROUP""},{""@Name"":""SubjectLogonId"",""#text"":""0x3E7""},{""@Name"":""TargetUserSid"",""#text"":""S-1-5-21-3848053756-3249532031-1848221756-500""},{""@Name"":""TargetUserName"",""#text"":""Administrator""},{""@Name"":""TargetDomainName"",""#text"":""WIN-L0ZZQ76PMUF""},{""@Name"":""TargetLogonId"",""#text"":""0x3B4B32""},{""@Name"":""LogonType"",""#text"":""2""},{""@Name"":""LogonProcessName"",""#text"":""User32 ""},{""@Name"":""AuthenticationPackageName"",""#text"":""Negotiate""},{""@Name"":""WorkstationName"",""#text"":""WIN-L0ZZQ76PMUF""},{""@Name"":""LogonGuid"",""#text"":""00000000-0000-0000-0000-000000000000""},{""@Name"":""TransmittedServices"",""#text"":""-""},{""@Name"":""LmPackageName"",""#text"":""-""},{""@Name"":""KeyLength"",""#text"":""0""},{""@Name"":""ProcessId"",""#text"":""A8-02-00-00""},{""@Name"":""ProcessName"",""#text"":""C:\\Windows\\System32\\winlogon.exe""},{""@Name"":""IpAddress"",""#text"":""127.0.0.1""},{""@Name"":""IpPort"",""#text"":""0""}]}}"
482,482,2015-09-02 09:00:57.1758600,4672,LogAlways,Microsoft-Windows-Security-Auditing,Security,620,712,WIN-L0ZZQ76PMUF,4,,Administrative logon,WIN-L0ZZQ76PMUF\Administrator (S-1-5-21-3848053756-3249532031-1848221756-500),,"PrivilegeList: SeSecurityPrivilege, SeTakeOwnershipPrivilege, SeLoadDriverPrivilege, SeBackupPrivilege, SeRestorePrivilege, SeDebugPrivilege, SeSystemEnvironmentPrivilege, SeImpersonatePrivilege",LogonId: 0x3B4B32,,,,,,False,M:\Forensics\TrainingImages\AliHadi\Challenge1\tout\M\Forensics\TrainingImages\AliHadi\Challenge1\s4a-challenge4\Windows\System32\winevt\logs\Security.evtx,Audit success,0,"{""EventData"":{""Data"":[{""@Name"":""SubjectUserSid"",""#text"":""S-1-5-21-3848053756-3249532031-1848221756-500""},{""@Name"":""SubjectUserName"",""#text"":""Administrator""},{""@Name"":""SubjectDomainName"",""#text"":""WIN-L0ZZQ76PMUF""},{""@Name"":""SubjectLogonId"",""#text"":""0x3B4B32""},{""@Name"":""PrivilegeList"",""#text"":""SeSecurityPrivilege, SeTakeOwnershipPrivilege, SeLoadDriverPrivilege, SeBackupPrivilege, SeRestorePrivilege, SeDebugPrivilege, SeSystemEnvironmentPrivilege, SeImpersonatePrivilege""}]}}"
483,483,2015-09-02 09:00:58.3633600,4634,LogAlways,Microsoft-Windows-Security-Auditing,Security,620,724,WIN-L0ZZQ76PMUF,4,,An account was logged off,,,Target: WIN-L0ZZQ76PMUF\Administrator,LogonType 2,LogonId: 0x3B4B32,,,,,False,M:\Forensics\TrainingImages\AliHadi\Challenge1\tout\M\Forensics\TrainingImages\AliHadi\Challenge1\s4a-challenge4\Windows\System32\winevt\logs\Security.evtx,Audit success,0,"{""EventData"":{""Data"":[{""@Name"":""TargetUserSid"",""#text"":""S-1-5-21-3848053756-3249532031-1848221756-500""},{""@Name"":""TargetUserName"",""#text"":""Administrator""},{""@Name"":""TargetDomainName"",""#text"":""WIN-L0ZZQ76PMUF""},{""@Name"":""TargetLogonId"",""#text"":""0x3B4B32""},{""@Name"":""LogonType"",""#text"":""2""}]}}"
484,484,2015-09-02 09:01:10.9571100,4648,LogAlways,Microsoft-Windows-Security-Auditing,Security,620,708,WIN-L0ZZQ76PMUF,4,,A logon was attempted using explicit credentials,WORKGROUP\WIN-L0ZZQ76PMUF$,-:-,Target: NT AUTHORITY\SYSTEM,TargetServerName: localhost,PID: 60-02-00-00,,,,C:\Windows\System32\services.exe,False,M:\Forensics\TrainingImages\AliHadi\Challenge1\tout\M\Forensics\TrainingImages\AliHadi\Challenge1\s4a-challenge4\Windows\System32\winevt\logs\Security.evtx,Audit success,0,"{""EventData"":{""Data"":[{""@Name"":""SubjectUserSid"",""#text"":""S-1-5-18""},{""@Name"":""SubjectUserName"",""#text"":""WIN-L0ZZQ76PMUF$""},{""@Name"":""SubjectDomainName"",""#text"":""WORKGROUP""},{""@Name"":""SubjectLogonId"",""#text"":""0x3E7""},{""@Name"":""LogonGuid"",""#text"":""00000000-0000-0000-0000-000000000000""},{""@Name"":""TargetUserName"",""#text"":""SYSTEM""},{""@Name"":""TargetDomainName"",""#text"":""NT AUTHORITY""},{""@Name"":""LogonGuid"",""#text"":""00000000-0000-0000-0000-000000000000""},{""@Name"":""TargetServerName"",""#text"":""localhost""},{""@Name"":""TargetInfo"",""#text"":""localhost""},{""@Name"":""ProcessId"",""#text"":""60-02-00-00""},{""@Name"":""ProcessName"",""#text"":""C:\\Windows\\System32\\services.exe""},{""@Name"":""IpAddress"",""#text"":""-""},{""@Name"":""IpPort"",""#text"":""-""}]}}"
485,485,2015-09-02 09:01:10.9571100,4624,LogAlways,Microsoft-Windows-Security-Auditing,Security,620,708,WIN-L0ZZQ76PMUF,4,,Successful logon,WORKGROUP\WIN-L0ZZQ76PMUF$," (-)",Target: NT AUTHORITY\SYSTEM,LogonType 5,LogonId: 0x3E7,,,,C:\Windows\System32\services.exe,False,M:\Forensics\TrainingImages\AliHadi\Challenge1\tout\M\Forensics\TrainingImages\AliHadi\Challenge1\s4a-challenge4\Windows\System32\winevt\logs\Security.evtx,Audit success,0,"{""EventData"":{""Data"":[{""@Name"":""SubjectUserSid"",""#text"":""S-1-5-18""},{""@Name"":""SubjectUserName"",""#text"":""WIN-L0ZZQ76PMUF$""},{""@Name"":""SubjectDomainName"",""#text"":""WORKGROUP""},{""@Name"":""SubjectLogonId"",""#text"":""0x3E7""},{""@Name"":""TargetUserSid"",""#text"":""S-1-5-18""},{""@Name"":""TargetUserName"",""#text"":""SYSTEM""},{""@Name"":""TargetDomainName"",""#text"":""NT AUTHORITY""},{""@Name"":""TargetLogonId"",""#text"":""0x3E7""},{""@Name"":""LogonType"",""#text"":""5""},{""@Name"":""LogonProcessName"",""#text"":""Advapi  ""},{""@Name"":""AuthenticationPackageName"",""#text"":""Negotiate""},{""@Name"":""WorkstationName""},{""@Name"":""LogonGuid"",""#text"":""00000000-0000-0000-0000-000000000000""},{""@Name"":""TransmittedServices"",""#text"":""-""},{""@Name"":""LmPackageName"",""#text"":""-""},{""@Name"":""KeyLength"",""#text"":""0""},{""@Name"":""ProcessId"",""#text"":""60-02-00-00""},{""@Name"":""ProcessName"",""#text"":""C:\\Windows\\System32\\services.exe""},{""@Name"":""IpAddress"",""#text"":""-""},{""@Name"":""IpPort"",""#text"":""-""}]}}"
486,486,2015-09-02 09:01:10.9571100,4672,LogAlways,Microsoft-Windows-Security-Auditing,Security,620,708,WIN-L0ZZQ76PMUF,4,,Administrative logon,NT AUTHORITY\SYSTEM (S-1-5-18),,"PrivilegeList: SeAssignPrimaryTokenPrivilege, SeTcbPrivilege, SeSecurityPrivilege, SeTakeOwnershipPrivilege, SeLoadDriverPrivilege, SeBackupPrivilege, SeRestorePrivilege, SeDebugPrivilege, SeAuditPrivilege, SeSystemEnvironmentPrivilege, SeImpersonatePrivilege",LogonId: 0x3E7,,,,,,False,M:\Forensics\TrainingImages\AliHadi\Challenge1\tout\M\Forensics\TrainingImages\AliHadi\Challenge1\s4a-challenge4\Windows\System32\winevt\logs\Security.evtx,Audit success,0,"{""EventData"":{""Data"":[{""@Name"":""SubjectUserSid"",""#text"":""S-1-5-18""},{""@Name"":""SubjectUserName"",""#text"":""SYSTEM""},{""@Name"":""SubjectDomainName"",""#text"":""NT AUTHORITY""},{""@Name"":""SubjectLogonId"",""#text"":""0x3E7""},{""@Name"":""PrivilegeList"",""#text"":""SeAssignPrimaryTokenPrivilege, SeTcbPrivilege, SeSecurityPrivilege, SeTakeOwnershipPrivilege, SeLoadDriverPrivilege, SeBackupPrivilege, SeRestorePrivilege, SeDebugPrivilege, SeAuditPrivilege, SeSystemEnvironmentPrivilege, SeImpersonatePrivilege""}]}}"
487,487,2015-09-02 09:11:22.2557230,4648,LogAlways,Microsoft-Windows-Security-Auditing,Security,620,716,WIN-L0ZZQ76PMUF,4,,A logon was attempted using explicit credentials,WORKGROUP\WIN-L0ZZQ76PMUF$,-:-,Target: NT AUTHORITY\SYSTEM,TargetServerName: localhost,PID: 60-02-00-00,,,,C:\Windows\System32\services.exe,False,M:\Forensics\TrainingImages\AliHadi\Challenge1\tout\M\Forensics\TrainingImages\AliHadi\Challenge1\s4a-challenge4\Windows\System32\winevt\logs\Security.evtx,Audit success,0,"{""EventData"":{""Data"":[{""@Name"":""SubjectUserSid"",""#text"":""S-1-5-18""},{""@Name"":""SubjectUserName"",""#text"":""WIN-L0ZZQ76PMUF$""},{""@Name"":""SubjectDomainName"",""#text"":""WORKGROUP""},{""@Name"":""SubjectLogonId"",""#text"":""0x3E7""},{""@Name"":""LogonGuid"",""#text"":""00000000-0000-0000-0000-000000000000""},{""@Name"":""TargetUserName"",""#text"":""SYSTEM""},{""@Name"":""TargetDomainName"",""#text"":""NT AUTHORITY""},{""@Name"":""LogonGuid"",""#text"":""00000000-0000-0000-0000-000000000000""},{""@Name"":""TargetServerName"",""#text"":""localhost""},{""@Name"":""TargetInfo"",""#text"":""localhost""},{""@Name"":""ProcessId"",""#text"":""60-02-00-00""},{""@Name"":""ProcessName"",""#text"":""C:\\Windows\\System32\\services.exe""},{""@Name"":""IpAddress"",""#text"":""-""},{""@Name"":""IpPort"",""#text"":""-""}]}}"
488,488,2015-09-02 09:11:22.2557230,4624,LogAlways,Microsoft-Windows-Security-Auditing,Security,620,716,WIN-L0ZZQ76PMUF,4,,Successful logon,WORKGROUP\WIN-L0ZZQ76PMUF$," (-)",Target: NT AUTHORITY\SYSTEM,LogonType 5,LogonId: 0x3E7,,,,C:\Windows\System32\services.exe,False,M:\Forensics\TrainingImages\AliHadi\Challenge1\tout\M\Forensics\TrainingImages\AliHadi\Challenge1\s4a-challenge4\Windows\System32\winevt\logs\Security.evtx,Audit success,0,"{""EventData"":{""Data"":[{""@Name"":""SubjectUserSid"",""#text"":""S-1-5-18""},{""@Name"":""SubjectUserName"",""#text"":""WIN-L0ZZQ76PMUF$""},{""@Name"":""SubjectDomainName"",""#text"":""WORKGROUP""},{""@Name"":""SubjectLogonId"",""#text"":""0x3E7""},{""@Name"":""TargetUserSid"",""#text"":""S-1-5-18""},{""@Name"":""TargetUserName"",""#text"":""SYSTEM""},{""@Name"":""TargetDomainName"",""#text"":""NT AUTHORITY""},{""@Name"":""TargetLogonId"",""#text"":""0x3E7""},{""@Name"":""LogonType"",""#text"":""5""},{""@Name"":""LogonProcessName"",""#text"":""Advapi  ""},{""@Name"":""AuthenticationPackageName"",""#text"":""Negotiate""},{""@Name"":""WorkstationName""},{""@Name"":""LogonGuid"",""#text"":""00000000-0000-0000-0000-000000000000""},{""@Name"":""TransmittedServices"",""#text"":""-""},{""@Name"":""LmPackageName"",""#text"":""-""},{""@Name"":""KeyLength"",""#text"":""0""},{""@Name"":""ProcessId"",""#text"":""60-02-00-00""},{""@Name"":""ProcessName"",""#text"":""C:\\Windows\\System32\\services.exe""},{""@Name"":""IpAddress"",""#text"":""-""},{""@Name"":""IpPort"",""#text"":""-""}]}}"
489,489,2015-09-02 09:11:22.2557230,4672,LogAlways,Microsoft-Windows-Security-Auditing,Security,620,716,WIN-L0ZZQ76PMUF,4,,Administrative logon,NT AUTHORITY\SYSTEM (S-1-5-18),,"PrivilegeList: SeAssignPrimaryTokenPrivilege, SeTcbPrivilege, SeSecurityPrivilege, SeTakeOwnershipPrivilege, SeLoadDriverPrivilege, SeBackupPrivilege, SeRestorePrivilege, SeDebugPrivilege, SeAuditPrivilege, SeSystemEnvironmentPrivilege, SeImpersonatePrivilege",LogonId: 0x3E7,,,,,,False,M:\Forensics\TrainingImages\AliHadi\Challenge1\tout\M\Forensics\TrainingImages\AliHadi\Challenge1\s4a-challenge4\Windows\System32\winevt\logs\Security.evtx,Audit success,0,"{""EventData"":{""Data"":[{""@Name"":""SubjectUserSid"",""#text"":""S-1-5-18""},{""@Name"":""SubjectUserName"",""#text"":""SYSTEM""},{""@Name"":""SubjectDomainName"",""#text"":""NT AUTHORITY""},{""@Name"":""SubjectLogonId"",""#text"":""0x3E7""},{""@Name"":""PrivilegeList"",""#text"":""SeAssignPrimaryTokenPrivilege, SeTcbPrivilege, SeSecurityPrivilege, SeTakeOwnershipPrivilege, SeLoadDriverPrivilege, SeBackupPrivilege, SeRestorePrivilege, SeDebugPrivilege, SeAuditPrivilege, SeSystemEnvironmentPrivilege, SeImpersonatePrivilege""}]}}"
490,490,2015-09-02 09:17:06.9744730,4776,LogAlways,Microsoft-Windows-Security-Auditing,Security,620,720,WIN-L0ZZQ76PMUF,4,,NTLM authentication request,,,Target: Administrator,Workstation: WIN-L0ZZQ76PMUF,Status: Status OK,,,,,False,M:\Forensics\TrainingImages\AliHadi\Challenge1\tout\M\Forensics\TrainingImages\AliHadi\Challenge1\s4a-challenge4\Windows\System32\winevt\logs\Security.evtx,Audit success,0,"{""EventData"":{""Data"":[{""@Name"":""PackageName"",""#text"":""MICROSOFT_AUTHENTICATION_PACKAGE_V1_0""},{""@Name"":""TargetUserName"",""#text"":""Administrator""},{""@Name"":""Workstation"",""#text"":""WIN-L0ZZQ76PMUF""},{""@Name"":""Status"",""#text"":""0x0""}]}}"
491,491,2015-09-02 09:17:06.9744730,4648,LogAlways,Microsoft-Windows-Security-Auditing,Security,620,720,WIN-L0ZZQ76PMUF,4,,A logon was attempted using explicit credentials,WORKGROUP\WIN-L0ZZQ76PMUF$,127.0.0.1:0,Target: WIN-L0ZZQ76PMUF\Administrator,TargetServerName: localhost,PID: 30-02-00-00,,,,C:\Windows\System32\winlogon.exe,False,M:\Forensics\TrainingImages\AliHadi\Challenge1\tout\M\Forensics\TrainingImages\AliHadi\Challenge1\s4a-challenge4\Windows\System32\winevt\logs\Security.evtx,Audit success,0,"{""EventData"":{""Data"":[{""@Name"":""SubjectUserSid"",""#text"":""S-1-5-18""},{""@Name"":""SubjectUserName"",""#text"":""WIN-L0ZZQ76PMUF$""},{""@Name"":""SubjectDomainName"",""#text"":""WORKGROUP""},{""@Name"":""SubjectLogonId"",""#text"":""0x3E7""},{""@Name"":""LogonGuid"",""#text"":""00000000-0000-0000-0000-000000000000""},{""@Name"":""TargetUserName"",""#text"":""Administrator""},{""@Name"":""TargetDomainName"",""#text"":""WIN-L0ZZQ76PMUF""},{""@Name"":""LogonGuid"",""#text"":""00000000-0000-0000-0000-000000000000""},{""@Name"":""TargetServerName"",""#text"":""localhost""},{""@Name"":""TargetInfo"",""#text"":""localhost""},{""@Name"":""ProcessId"",""#text"":""30-02-00-00""},{""@Name"":""ProcessName"",""#text"":""C:\\Windows\\System32\\winlogon.exe""},{""@Name"":""IpAddress"",""#text"":""127.0.0.1""},{""@Name"":""IpPort"",""#text"":""0""}]}}"
492,492,2015-09-02 09:17:06.9744730,4624,LogAlways,Microsoft-Windows-Security-Auditing,Security,620,720,WIN-L0ZZQ76PMUF,4,,Successful logon,WORKGROUP\WIN-L0ZZQ76PMUF$,WIN-L0ZZQ76PMUF (127.0.0.1),Target: WIN-L0ZZQ76PMUF\Administrator,LogonType 7,LogonId: 0x3FE931,,,,C:\Windows\System32\winlogon.exe,False,M:\Forensics\TrainingImages\AliHadi\Challenge1\tout\M\Forensics\TrainingImages\AliHadi\Challenge1\s4a-challenge4\Windows\System32\winevt\logs\Security.evtx,Audit success,0,"{""EventData"":{""Data"":[{""@Name"":""SubjectUserSid"",""#text"":""S-1-5-18""},{""@Name"":""SubjectUserName"",""#text"":""WIN-L0ZZQ76PMUF$""},{""@Name"":""SubjectDomainName"",""#text"":""WORKGROUP""},{""@Name"":""SubjectLogonId"",""#text"":""0x3E7""},{""@Name"":""TargetUserSid"",""#text"":""S-1-5-21-3848053756-3249532031-1848221756-500""},{""@Name"":""TargetUserName"",""#text"":""Administrator""},{""@Name"":""TargetDomainName"",""#text"":""WIN-L0ZZQ76PMUF""},{""@Name"":""TargetLogonId"",""#text"":""0x3FE931""},{""@Name"":""LogonType"",""#text"":""7""},{""@Name"":""LogonProcessName"",""#text"":""User32 ""},{""@Name"":""AuthenticationPackageName"",""#text"":""Negotiate""},{""@Name"":""WorkstationName"",""#text"":""WIN-L0ZZQ76PMUF""},{""@Name"":""LogonGuid"",""#text"":""00000000-0000-0000-0000-000000000000""},{""@Name"":""TransmittedServices"",""#text"":""-""},{""@Name"":""LmPackageName"",""#text"":""-""},{""@Name"":""KeyLength"",""#text"":""0""},{""@Name"":""ProcessId"",""#text"":""30-02-00-00""},{""@Name"":""ProcessName"",""#text"":""C:\\Windows\\System32\\winlogon.exe""},{""@Name"":""IpAddress"",""#text"":""127.0.0.1""},{""@Name"":""IpPort"",""#text"":""0""}]}}"
493,493,2015-09-02 09:17:06.9744730,4672,LogAlways,Microsoft-Windows-Security-Auditing,Security,620,720,WIN-L0ZZQ76PMUF,4,,Administrative logon,WIN-L0ZZQ76PMUF\Administrator (S-1-5-21-3848053756-3249532031-1848221756-500),,"PrivilegeList: SeSecurityPrivilege, SeTakeOwnershipPrivilege, SeLoadDriverPrivilege, SeBackupPrivilege, SeRestorePrivilege, SeDebugPrivilege, SeSystemEnvironmentPrivilege, SeImpersonatePrivilege",LogonId: 0x3FE931,,,,,,False,M:\Forensics\TrainingImages\AliHadi\Challenge1\tout\M\Forensics\TrainingImages\AliHadi\Challenge1\s4a-challenge4\Windows\System32\winevt\logs\Security.evtx,Audit success,0,"{""EventData"":{""Data"":[{""@Name"":""SubjectUserSid"",""#text"":""S-1-5-21-3848053756-3249532031-1848221756-500""},{""@Name"":""SubjectUserName"",""#text"":""Administrator""},{""@Name"":""SubjectDomainName"",""#text"":""WIN-L0ZZQ76PMUF""},{""@Name"":""SubjectLogonId"",""#text"":""0x3FE931""},{""@Name"":""PrivilegeList"",""#text"":""SeSecurityPrivilege, SeTakeOwnershipPrivilege, SeLoadDriverPrivilege, SeBackupPrivilege, SeRestorePrivilege, SeDebugPrivilege, SeSystemEnvironmentPrivilege, SeImpersonatePrivilege""}]}}"
494,494,2015-09-02 09:17:06.9744730,4634,LogAlways,Microsoft-Windows-Security-Auditing,Security,620,712,WIN-L0ZZQ76PMUF,4,,An account was logged off,,,Target: WIN-L0ZZQ76PMUF\Administrator,LogonType 7,LogonId: 0x3FE931,,,,,False,M:\Forensics\TrainingImages\AliHadi\Challenge1\tout\M\Forensics\TrainingImages\AliHadi\Challenge1\s4a-challenge4\Windows\System32\winevt\logs\Security.evtx,Audit success,0,"{""EventData"":{""Data"":[{""@Name"":""TargetUserSid"",""#text"":""S-1-5-21-3848053756-3249532031-1848221756-500""},{""@Name"":""TargetUserName"",""#text"":""Administrator""},{""@Name"":""TargetDomainName"",""#text"":""WIN-L0ZZQ76PMUF""},{""@Name"":""TargetLogonId"",""#text"":""0x3FE931""},{""@Name"":""LogonType"",""#text"":""7""}]}}"
