721,721,2015-09-12 18:18:41.7201250,100,Info,Microsoft-Windows-TaskScheduler,Microsoft-Windows-TaskScheduler/Operational,1444,1460,WIN-L0ZZQ76PMUF,4,S-1-5-18,Scheduled Task started,Context: WORKGROUP\WIN-L0ZZQ76PMUF$,,Task: \Microsoft\Windows\PLA\System\ConvertLogEntries,Instance Id: 09e4b926-6509-4fcf-88df-86628373335c,,,,,,False,M:\Forensics\TrainingImages\AliHadi\Challenge1\tout\M\Forensics\TrainingImages\AliHadi\Challenge1\s4a-challenge4\Windows\System32\winevt\logs\Microsoft-Windows-TaskScheduler%4Operational.evtx,Classic,0,"{""EventData"":{""@Name"":""TaskStartEvent"",""Data"":[{""@Name"":""TaskName"",""#text"":""\\Microsoft\\Windows\\PLA\\System\\ConvertLogEntries""},{""@Name"":""UserContext"",""#text"":""WORKGROUP\\WIN-L0ZZQ76PMUF$""},{""@Name"":""InstanceId"",""#text"":""09e4b926-6509-4fcf-88df-86628373335c""}]}}"
722,722,2015-09-12 18:18:41.7201250,200,Info,Microsoft-Windows-TaskScheduler,Microsoft-Windows-TaskScheduler/Operational,1444,1472,WIN-L0ZZQ76PMUF,4,S-1-5-18,Scheduled Task executed,,,Task: \Microsoft\Windows\PLA\System\ConvertLogEntries,Instance Id: 09e4b926-6509-4fcf-88df-86628373335c,,,,,%windir%\system32\rundll32.exe,False,M:\Forensics\TrainingImages\AliHadi\Challenge1\tout\M\Forensics\TrainingImages\AliHadi\Challenge1\s4a-challenge4\Windows\System32\winevt\logs\Microsoft-Windows-TaskScheduler%4Operational.evtx,Classic,0,"{""EventData"":{""@Name"":""ActionStart"",""Data"":[{""@Name"":""TaskName"",""#text"":""\\Microsoft\\Windows\\PLA\\System\\ConvertLogEntries""},{""@Name"":""ActionName"",""#text"":""%windir%\\system32\\rundll32.exe""},{""@Name"":""TaskInstanceId"",""#text"":""09e4b926-6509-4fcf-88df-86628373335c""}]}}"
723,723,2015-09-12 18:18:41.8920000,129,Info,Microsoft-Windows-TaskScheduler,Microsoft-Windows-TaskScheduler/Operational,1444,1472,WIN-L0ZZQ76PMUF,4,S-1-5-18,Scheduled Task created,,,Task: \Microsoft\Windows\PLA\System\ConvertLogEntries,ProcessID: 1476,,,,,C:\Windows\system32\rundll32.exe,False,M:\Forensics\TrainingImages\AliHadi\Challenge1\tout\M\Forensics\TrainingImages\AliHadi\Challenge1\s4a-challenge4\Windows\System32\winevt\logs\Microsoft-Windows-TaskScheduler%4Operational.evtx,Classic,0,"{""EventData"":{""@Name"":""CreatedTaskProcess"",""Data"":[{""@Name"":""TaskName"",""#text"":""\\Microsoft\\Windows\\PLA\\System\\ConvertLogEntries""},{""@Name"":""Path"",""#text"":""C:\\Windows\\system32\\rundll32.exe""},{""@Name"":""ProcessID"",""#text"":""1476""},{""@Name"":""Priority"",""#text"":""7""}]}}"
724,724,2015-09-12 18:18:42.9232500,201,Info,Microsoft-Windows-TaskScheduler,Microsoft-Windows-TaskScheduler/Operational,1444,1472,WIN-L0ZZQ76PMUF,4,S-1-5-18,Scheduled Task completed,,,Task: \Microsoft\Windows\PLA\System\ConvertLogEntries,Instance Id: 09e4b926-6509-4fcf-88df-86628373335c,,,,,C:\Windows\system32\rundll32.exe,False,M:\Forensics\TrainingImages\AliHadi\Challenge1\tout\M\Forensics\TrainingImages\AliHadi\Challenge1\s4a-challenge4\Windows\System32\winevt\logs\Microsoft-Windows-TaskScheduler%4Operational.evtx,Classic,0,"{""EventData"":{""@Name"":""ActionSuccess"",""Data"":[{""@Name"":""TaskName"",""#text"":""\\Microsoft\\Windows\\PLA\\System\\ConvertLogEntries""},{""@Name"":""TaskInstanceId"",""#text"":""09e4b926-6509-4fcf-88df-86628373335c""},{""@Name"":""ActionName"",""#text"":""C:\\Windows\\system32\\rundll32.exe""},{""@Name"":""ResultCode"",""#text"":""0""}]}}"
725,725,2015-09-12 18:18:42.9232500,102,Info,Microsoft-Windows-TaskScheduler,Microsoft-Windows-TaskScheduler/Operational,1444,1472,WIN-L0ZZQ76PMUF,4,S-1-5-18,Scheduled Task completed,Context: WORKGROUP\WIN-L0ZZQ76PMUF$,,Task: \Microsoft\Windows\PLA\System\ConvertLogEntries,Instance Id: 09e4b926-6509-4fcf-88df-86628373335c,,,,,,False,M:\Forensics\TrainingImages\AliHadi\Challenge1\tout\M\Forensics\TrainingImages\AliHadi\Challenge1\s4a-challenge4\Windows\System32\winevt\logs\Microsoft-Windows-TaskScheduler%4Operational.evtx,Classic,0,"{""EventData"":{""@Name"":""TaskSuccessEvent"",""Data"":[{""@Name"":""TaskName"",""#text"":""\\Microsoft\\Windows\\PLA\\System\\ConvertLogEntries""},{""@Name"":""UserContext"",""#text"":""WORKGROUP\\WIN-L0ZZQ76PMUF$""},{""@Name"":""InstanceId"",""#text"":""09e4b926-6509-4fcf-88df-86628373335c""}]}}"
726,726,2015-09-12 18:18:42.9388750,314,Info,Microsoft-Windows-TaskScheduler,Microsoft-Windows-TaskScheduler/Operational,1032,1328,WIN-L0ZZQ76PMUF,4,S-1-5-18,,,,,,,,,,,False,M:\Forensics\TrainingImages\AliHadi\Challenge1\tout\M\Forensics\TrainingImages\AliHadi\Challenge1\s4a-challenge4\Windows\System32\winevt\logs\Microsoft-Windows-TaskScheduler%4Operational.evtx,Classic,0,"{""EventData"":{""@Name"":""TaskEngineIdle"",""Data"":{""@Name"":""TaskEngineName"",""#text"":""S-1-5-18:NT AUTHORITY\\System:Service:""}}}"
727,727,2015-09-12 18:19:20.3920000,119,Info,Microsoft-Windows-TaskScheduler,Microsoft-Windows-TaskScheduler/Operational,1032,1036,WIN-L0ZZQ76PMUF,4,S-1-5-18,Scheduled Task triggered on logon,WIN-L0ZZQ76PMUF\Administrator,,Task: \Microsoft\Windows\CertificateServicesClient\UserTask,Instance Id: bd879ecd-b638-4d1f-8b87-30fb84e46892,,,,,,False,M:\Forensics\TrainingImages\AliHadi\Challenge1\tout\M\Forensics\TrainingImages\AliHadi\Challenge1\s4a-challenge4\Windows\System32\winevt\logs\Microsoft-Windows-TaskScheduler%4Operational.evtx,Classic,0,"{""EventData"":{""@Name"":""LogonTrigger"",""Data"":[{""@Name"":""TaskName"",""#text"":""\\Microsoft\\Windows\\CertificateServicesClient\\UserTask""},{""@Name"":""UserName"",""#text"":""WIN-L0ZZQ76PMUF\\Administrator""},{""@Name"":""InstanceId"",""#text"":""bd879ecd-b638-4d1f-8b87-30fb84e46892""}]}}"
728,728,2015-09-12 18:19:20.3920000,119,Info,Microsoft-Windows-TaskScheduler,Microsoft-Windows-TaskScheduler/Operational,1032,1036,WIN-L0ZZQ76PMUF,4,S-1-5-18,Scheduled Task triggered on logon,WIN-L0ZZQ76PMUF\Administrator,,Task: \Microsoft\Windows\Windows Error Reporting\QueueReporting,Instance Id: 15e62706-52f9-4390-b425-d98684afa23a,,,,,,False,M:\Forensics\TrainingImages\AliHadi\Challenge1\tout\M\Forensics\TrainingImages\AliHadi\Challenge1\s4a-challenge4\Windows\System32\winevt\logs\Microsoft-Windows-TaskScheduler%4Operational.evtx,Classic,0,"{""EventData"":{""@Name"":""LogonTrigger"",""Data"":[{""@Name"":""TaskName"",""#text"":""\\Microsoft\\Windows\\Windows Error Reporting\\QueueReporting""},{""@Name"":""UserName"",""#text"":""WIN-L0ZZQ76PMUF\\Administrator""},{""@Name"":""InstanceId"",""#text"":""15e62706-52f9-4390-b425-d98684afa23a""}]}}"
729,729,2015-09-12 18:19:20.3920000,119,Info,Microsoft-Windows-TaskScheduler,Microsoft-Windows-TaskScheduler/Operational,1032,1036,WIN-L0ZZQ76PMUF,4,S-1-5-18,Scheduled Task triggered on logon,WIN-L0ZZQ76PMUF\Administrator,,Task: \Microsoft\Windows\TextServicesFramework\MsCtfMonitor,Instance Id: c111bbd4-0cd0-484d-b622-00133bcb3ee7,,,,,,False,M:\Forensics\TrainingImages\AliHadi\Challenge1\tout\M\Forensics\TrainingImages\AliHadi\Challenge1\s4a-challenge4\Windows\System32\winevt\logs\Microsoft-Windows-TaskScheduler%4Operational.evtx,Classic,0,"{""EventData"":{""@Name"":""LogonTrigger"",""Data"":[{""@Name"":""TaskName"",""#text"":""\\Microsoft\\Windows\\TextServicesFramework\\MsCtfMonitor""},{""@Name"":""UserName"",""#text"":""WIN-L0ZZQ76PMUF\\Administrator""},{""@Name"":""InstanceId"",""#text"":""c111bbd4-0cd0-484d-b622-00133bcb3ee7""}]}}"
730,730,2015-09-12 18:19:20.3920000,119,Info,Microsoft-Windows-TaskScheduler,Microsoft-Windows-TaskScheduler/Operational,1032,1036,WIN-L0ZZQ76PMUF,4,S-1-5-18,Scheduled Task triggered on logon,WIN-L0ZZQ76PMUF\Administrator,,Task: \Microsoft\Windows\NetworkAccessProtection\NAPStatus UI,Instance Id: 3f3e0254-4724-4f14-b077-b7723d1e71f1,,,,,,False,M:\Forensics\TrainingImages\AliHadi\Challenge1\tout\M\Forensics\TrainingImages\AliHadi\Challenge1\s4a-challenge4\Windows\System32\winevt\logs\Microsoft-Windows-TaskScheduler%4Operational.evtx,Classic,0,"{""EventData"":{""@Name"":""LogonTrigger"",""Data"":[{""@Name"":""TaskName"",""#text"":""\\Microsoft\\Windows\\NetworkAccessProtection\\NAPStatus UI""},{""@Name"":""UserName"",""#text"":""WIN-L0ZZQ76PMUF\\Administrator""},{""@Name"":""InstanceId"",""#text"":""3f3e0254-4724-4f14-b077-b7723d1e71f1""}]}}"
731,731,2015-09-12 18:19:20.3920000,119,Info,Microsoft-Windows-TaskScheduler,Microsoft-Windows-TaskScheduler/Operational,1032,1036,WIN-L0ZZQ76PMUF,4,S-1-5-18,Scheduled Task triggered on logon,WIN-L0ZZQ76PMUF\Administrator,,Task: \Microsoft\Windows\Server Manager\ServerManager,Instance Id: 157be484-1e50-446b-832f-ea5099ea2ec4,,,,,,False,M:\Forensics\TrainingImages\AliHadi\Challenge1\tout\M\Forensics\TrainingImages\AliHadi\Challenge1\s4a-challenge4\Windows\System32\winevt\logs\Microsoft-Windows-TaskScheduler%4Operational.evtx,Classic,0,"{""EventData"":{""@Name"":""LogonTrigger"",""Data"":[{""@Name"":""TaskName"",""#text"":""\\Microsoft\\Windows\\Server Manager\\ServerManager""},{""@Name"":""UserName"",""#text"":""WIN-L0ZZQ76PMUF\\Administrator""},{""@Name"":""InstanceId"",""#text"":""157be484-1e50-446b-832f-ea5099ea2ec4""}]}}"
732,732,2015-09-12 18:19:20.3920000,119,Info,Microsoft-Windows-TaskScheduler,Microsoft-Windows-TaskScheduler/Operational,1032,1036,WIN-L0ZZQ76PMUF,4,S-1-5-18,Scheduled Task triggered on logon,WIN-L0ZZQ76PMUF\Administrator,,Task: \Microsoft\Windows\Multimedia\SystemSoundsService,Instance Id: dd773b26-d5e7-4381-9cd9-3d3f90247a1a,,,,,,False,M:\Forensics\TrainingImages\AliHadi\Challenge1\tout\M\Forensics\TrainingImages\AliHadi\Challenge1\s4a-challenge4\Windows\System32\winevt\logs\Microsoft-Windows-TaskScheduler%4Operational.evtx,Classic,0,"{""EventData"":{""@Name"":""LogonTrigger"",""Data"":[{""@Name"":""TaskName"",""#text"":""\\Microsoft\\Windows\\Multimedia\\SystemSoundsService""},{""@Name"":""UserName"",""#text"":""WIN-L0ZZQ76PMUF\\Administrator""},{""@Name"":""InstanceId"",""#text"":""dd773b26-d5e7-4381-9cd9-3d3f90247a1a""}]}}"
733,733,2015-09-12 18:19:20.3920000,310,Info,Microsoft-Windows-TaskScheduler,Microsoft-Windows-TaskScheduler/Operational,1032,1324,WIN-L0ZZQ76PMUF,4,S-1-5-18,,,,,,,,,,,False,M:\Forensics\TrainingImages\AliHadi\Challenge1\tout\M\Forensics\TrainingImages\AliHadi\Challenge1\s4a-challenge4\Windows\System32\winevt\logs\Microsoft-Windows-TaskScheduler%4Operational.evtx,Classic,0,"{""EventData"":{""@Name"":""TaskEngineProcessStarted"",""Data"":[{""@Name"":""TaskEngineName"",""#text"":""S-1-5-21-3848053756-3249532031-1848221756-500:WIN-L0ZZQ76PMUF\\Administrator:Interactive:[1]""},{""@Name"":""Command"",""#text"":""taskeng.exe""},{""@Name"":""ProcessID"",""#text"":""444""},{""@Name"":""ThreadID"",""#text"":""448""}]}}"
734,734,2015-09-12 18:19:20.6576250,317,Info,Microsoft-Windows-TaskScheduler,Microsoft-Windows-TaskScheduler/Operational,444,448,WIN-L0ZZQ76PMUF,4,S-1-5-21-3848053756-3249532031-1848221756-500,,,,,,,,,,,False,M:\Forensics\TrainingImages\AliHadi\Challenge1\tout\M\Forensics\TrainingImages\AliHadi\Challenge1\s4a-challenge4\Windows\System32\winevt\logs\Microsoft-Windows-TaskScheduler%4Operational.evtx,Classic,0,"{""EventData"":{""@Name"":""TaskEngineProcessMainStarted"",""Data"":{""@Name"":""TaskEngineName"",""#text"":""S-1-5-21-3848053756-3249532031-1848221756-500:WIN-L0ZZQ76PMUF\\Administrator:Interactive:[1]""}}}"
735,735,2015-09-12 18:19:20.6576250,319,Info,Microsoft-Windows-TaskScheduler,Microsoft-Windows-TaskScheduler/Operational,444,476,WIN-L0ZZQ76PMUF,4,S-1-5-21-3848053756-3249532031-1848221756-500,,,,,,,,,,,False,M:\Forensics\TrainingImages\AliHadi\Challenge1\tout\M\Forensics\TrainingImages\AliHadi\Challenge1\s4a-challenge4\Windows\System32\winevt\logs\Microsoft-Windows-TaskScheduler%4Operational.evtx,Classic,0,"{""EventData"":{""@Name"":""TaskEngineProcessReceivedStartTask"",""Data"":[{""@Name"":""TaskEngineName"",""#text"":""S-1-5-21-3848053756-3249532031-1848221756-500:WIN-L0ZZQ76PMUF\\Administrator:Interactive:[1]""},{""@Name"":""TaskName"",""#text"":""\\Microsoft\\Windows\\Server Manager\\ServerManager""}]}}"
736,736,2015-09-12 18:19:20.6888750,100,Info,Microsoft-Windows-TaskScheduler,Microsoft-Windows-TaskScheduler/Operational,444,476,WIN-L0ZZQ76PMUF,4,S-1-5-21-3848053756-3249532031-1848221756-500,Scheduled Task started,Context: WIN-L0ZZQ76PMUF\Administrator,,Task: \Microsoft\Windows\Server Manager\ServerManager,Instance Id: 157be484-1e50-446b-832f-ea5099ea2ec4,,,,,,False,M:\Forensics\TrainingImages\AliHadi\Challenge1\tout\M\Forensics\TrainingImages\AliHadi\Challenge1\s4a-challenge4\Windows\System32\winevt\logs\Microsoft-Windows-TaskScheduler%4Operational.evtx,Classic,0,"{""EventData"":{""@Name"":""TaskStartEvent"",""Data"":[{""@Name"":""TaskName"",""#text"":""\\Microsoft\\Windows\\Server Manager\\ServerManager""},{""@Name"":""UserContext"",""#text"":""WIN-L0ZZQ76PMUF\\Administrator""},{""@Name"":""InstanceId"",""#text"":""157be484-1e50-446b-832f-ea5099ea2ec4""}]}}"
737,737,2015-09-12 18:19:20.6888750,319,Info,Microsoft-Windows-TaskScheduler,Microsoft-Windows-TaskScheduler/Operational,444,476,WIN-L0ZZQ76PMUF,4,S-1-5-21-3848053756-3249532031-1848221756-500,,,,,,,,,,,False,M:\Forensics\TrainingImages\AliHadi\Challenge1\tout\M\Forensics\TrainingImages\AliHadi\Challenge1\s4a-challenge4\Windows\System32\winevt\logs\Microsoft-Windows-TaskScheduler%4Operational.evtx,Classic,0,"{""EventData"":{""@Name"":""TaskEngineProcessReceivedStartTask"",""Data"":[{""@Name"":""TaskEngineName"",""#text"":""S-1-5-21-3848053756-3249532031-1848221756-500:WIN-L0ZZQ76PMUF\\Administrator:Interactive:[1]""},{""@Name"":""TaskName"",""#text"":""\\Microsoft\\Windows\\CertificateServicesClient\\UserTask""}]}}"
738,738,2015-09-12 18:19:20.6888750,200,Info,Microsoft-Windows-TaskScheduler,Microsoft-Windows-TaskScheduler/Operational,444,524,WIN-L0ZZQ76PMUF,4,S-1-5-21-3848053756-3249532031-1848221756-500,Scheduled Task executed,,,Task: \Microsoft\Windows\Server Manager\ServerManager,Instance Id: 157be484-1e50-446b-832f-ea5099ea2ec4,,,,,%windir%\system32\ServerManagerLauncher.exe,False,M:\Forensics\TrainingImages\AliHadi\Challenge1\tout\M\Forensics\TrainingImages\AliHadi\Challenge1\s4a-challenge4\Windows\System32\winevt\logs\Microsoft-Windows-TaskScheduler%4Operational.evtx,Classic,0,"{""EventData"":{""@Name"":""ActionStart"",""Data"":[{""@Name"":""TaskName"",""#text"":""\\Microsoft\\Windows\\Server Manager\\ServerManager""},{""@Name"":""ActionName"",""#text"":""%windir%\\system32\\ServerManagerLauncher.exe""},{""@Name"":""TaskInstanceId"",""#text"":""157be484-1e50-446b-832f-ea5099ea2ec4""}]}}"
739,739,2015-09-12 18:19:20.7045000,100,Info,Microsoft-Windows-TaskScheduler,Microsoft-Windows-TaskScheduler/Operational,444,476,WIN-L0ZZQ76PMUF,4,S-1-5-21-3848053756-3249532031-1848221756-500,Scheduled Task started,Context: WIN-L0ZZQ76PMUF\Administrator,,Task: \Microsoft\Windows\CertificateServicesClient\UserTask,Instance Id: bd879ecd-b638-4d1f-8b87-30fb84e46892,,,,,,False,M:\Forensics\TrainingImages\AliHadi\Challenge1\tout\M\Forensics\TrainingImages\AliHadi\Challenge1\s4a-challenge4\Windows\System32\winevt\logs\Microsoft-Windows-TaskScheduler%4Operational.evtx,Classic,0,"{""EventData"":{""@Name"":""TaskStartEvent"",""Data"":[{""@Name"":""TaskName"",""#text"":""\\Microsoft\\Windows\\CertificateServicesClient\\UserTask""},{""@Name"":""UserContext"",""#text"":""WIN-L0ZZQ76PMUF\\Administrator""},{""@Name"":""InstanceId"",""#text"":""bd879ecd-b638-4d1f-8b87-30fb84e46892""}]}}"
740,740,2015-09-12 18:19:20.7045000,319,Info,Microsoft-Windows-TaskScheduler,Microsoft-Windows-TaskScheduler/Operational,444,476,WIN-L0ZZQ76PMUF,4,S-1-5-21-3848053756-3249532031-1848221756-500,,,,,,,,,,,False,M:\Forensics\TrainingImages\AliHadi\Challenge1\tout\M\Forensics\TrainingImages\AliHadi\Challenge1\s4a-challenge4\Windows\System32\winevt\logs\Microsoft-Windows-TaskScheduler%4Operational.evtx,Classic,0,"{""EventData"":{""@Name"":""TaskEngineProcessReceivedStartTask"",""Data"":[{""@Name"":""TaskEngineName"",""#text"":""S-1-5-21-3848053756-3249532031-1848221756-500:WIN-L0ZZQ76PMUF\\Administrator:Interactive:[1]""},{""@Name"":""TaskName"",""#text"":""\\Microsoft\\Windows\\TextServicesFramework\\MsCtfMonitor""}]}}"
741,741,2015-09-12 18:19:20.7045000,200,Info,Microsoft-Windows-TaskScheduler,Microsoft-Windows-TaskScheduler/Operational,444,660,WIN-L0ZZQ76PMUF,4,S-1-5-21-3848053756-3249532031-1848221756-500,Scheduled Task executed,,,Task: \Microsoft\Windows\CertificateServicesClient\UserTask,Instance Id: bd879ecd-b638-4d1f-8b87-30fb84e46892,,,,,Certificate Services Client Task Handler,False,M:\Forensics\TrainingImages\AliHadi\Challenge1\tout\M\Forensics\TrainingImages\AliHadi\Challenge1\s4a-challenge4\Windows\System32\winevt\logs\Microsoft-Windows-TaskScheduler%4Operational.evtx,Classic,0,"{""EventData"":{""@Name"":""ActionStart"",""Data"":[{""@Name"":""TaskName"",""#text"":""\\Microsoft\\Windows\\CertificateServicesClient\\UserTask""},{""@Name"":""ActionName"",""#text"":""Certificate Services Client Task Handler""},{""@Name"":""TaskInstanceId"",""#text"":""bd879ecd-b638-4d1f-8b87-30fb84e46892""}]}}"
742,742,2015-09-12 18:19:20.7201250,100,Info,Microsoft-Windows-TaskScheduler,Microsoft-Windows-TaskScheduler/Operational,444,476,WIN-L0ZZQ76PMUF,4,S-1-5-21-3848053756-3249532031-1848221756-500,Scheduled Task started,Context: WIN-L0ZZQ76PMUF\Administrator,,Task: \Microsoft\Windows\TextServicesFramework\MsCtfMonitor,Instance Id: c111bbd4-0cd0-484d-b622-00133bcb3ee7,,,,,,False,M:\Forensics\TrainingImages\AliHadi\Challenge1\tout\M\Forensics\TrainingImages\AliHadi\Challenge1\s4a-challenge4\Windows\System32\winevt\logs\Microsoft-Windows-TaskScheduler%4Operational.evtx,Classic,0,"{""EventData"":{""@Name"":""TaskStartEvent"",""Data"":[{""@Name"":""TaskName"",""#text"":""\\Microsoft\\Windows\\TextServicesFramework\\MsCtfMonitor""},{""@Name"":""UserContext"",""#text"":""WIN-L0ZZQ76PMUF\\Administrator""},{""@Name"":""InstanceId"",""#text"":""c111bbd4-0cd0-484d-b622-00133bcb3ee7""}]}}"
743,743,2015-09-12 18:19:20.7201250,319,Info,Microsoft-Windows-TaskScheduler,Microsoft-Windows-TaskScheduler/Operational,444,476,WIN-L0ZZQ76PMUF,4,S-1-5-21-3848053756-3249532031-1848221756-500,,,,,,,,,,,False,M:\Forensics\TrainingImages\AliHadi\Challenge1\tout\M\Forensics\TrainingImages\AliHadi\Challenge1\s4a-challenge4\Windows\System32\winevt\logs\Microsoft-Windows-TaskScheduler%4Operational.evtx,Classic,0,"{""EventData"":{""@Name"":""TaskEngineProcessReceivedStartTask"",""Data"":[{""@Name"":""TaskEngineName"",""#text"":""S-1-5-21-3848053756-3249532031-1848221756-500:WIN-L0ZZQ76PMUF\\Administrator:Interactive:[1]""},{""@Name"":""TaskName"",""#text"":""\\Microsoft\\Windows\\Multimedia\\SystemSoundsService""}]}}"
744,744,2015-09-12 18:19:20.7357500,200,Info,Microsoft-Windows-TaskScheduler,Microsoft-Windows-TaskScheduler/Operational,444,608,WIN-L0ZZQ76PMUF,4,S-1-5-21-3848053756-3249532031-1848221756-500,Scheduled Task executed,,,Task: \Microsoft\Windows\TextServicesFramework\MsCtfMonitor,Instance Id: c111bbd4-0cd0-484d-b622-00133bcb3ee7,,,,,MsCtfMonitor task handler,False,M:\Forensics\TrainingImages\AliHadi\Challenge1\tout\M\Forensics\TrainingImages\AliHadi\Challenge1\s4a-challenge4\Windows\System32\winevt\logs\Microsoft-Windows-TaskScheduler%4Operational.evtx,Classic,0,"{""EventData"":{""@Name"":""ActionStart"",""Data"":[{""@Name"":""TaskName"",""#text"":""\\Microsoft\\Windows\\TextServicesFramework\\MsCtfMonitor""},{""@Name"":""ActionName"",""#text"":""MsCtfMonitor task handler""},{""@Name"":""TaskInstanceId"",""#text"":""c111bbd4-0cd0-484d-b622-00133bcb3ee7""}]}}"
745,745,2015-09-12 18:19:20.7357500,100,Info,Microsoft-Windows-TaskScheduler,Microsoft-Windows-TaskScheduler/Operational,444,476,WIN-L0ZZQ76PMUF,4,S-1-5-21-3848053756-3249532031-1848221756-500,Scheduled Task started,Context: WIN-L0ZZQ76PMUF\Administrator,,Task: \Microsoft\Windows\Multimedia\SystemSoundsService,Instance Id: dd773b26-d5e7-4381-9cd9-3d3f90247a1a,,,,,,False,M:\Forensics\TrainingImages\AliHadi\Challenge1\tout\M\Forensics\TrainingImages\AliHadi\Challenge1\s4a-challenge4\Windows\System32\winevt\logs\Microsoft-Windows-TaskScheduler%4Operational.evtx,Classic,0,"{""EventData"":{""@Name"":""TaskStartEvent"",""Data"":[{""@Name"":""TaskName"",""#text"":""\\Microsoft\\Windows\\Multimedia\\SystemSoundsService""},{""@Name"":""UserContext"",""#text"":""WIN-L0ZZQ76PMUF\\Administrator""},{""@Name"":""InstanceId"",""#text"":""dd773b26-d5e7-4381-9cd9-3d3f90247a1a""}]}}"
746,746,2015-09-12 18:19:21.0482500,200,Info,Microsoft-Windows-TaskScheduler,Microsoft-Windows-TaskScheduler/Operational,444,788,WIN-L0ZZQ76PMUF,4,S-1-5-21-3848053756-3249532031-1848221756-500,Scheduled Task executed,,,Task: \Microsoft\Windows\Multimedia\SystemSoundsService,Instance Id: dd773b26-d5e7-4381-9cd9-3d3f90247a1a,,,,,Microsoft PlaySoundService Class,False,M:\Forensics\TrainingImages\AliHadi\Challenge1\tout\M\Forensics\TrainingImages\AliHadi\Challenge1\s4a-challenge4\Windows\System32\winevt\logs\Microsoft-Windows-TaskScheduler%4Operational.evtx,Classic,0,"{""EventData"":{""@Name"":""ActionStart"",""Data"":[{""@Name"":""TaskName"",""#text"":""\\Microsoft\\Windows\\Multimedia\\SystemSoundsService""},{""@Name"":""ActionName"",""#text"":""Microsoft PlaySoundService Class""},{""@Name"":""TaskInstanceId"",""#text"":""dd773b26-d5e7-4381-9cd9-3d3f90247a1a""}]}}"
747,747,2015-09-12 18:19:21.1263750,129,Info,Microsoft-Windows-TaskScheduler,Microsoft-Windows-TaskScheduler/Operational,444,524,WIN-L0ZZQ76PMUF,4,S-1-5-21-3848053756-3249532031-1848221756-500,Scheduled Task created,,,Task: \Microsoft\Windows\Server Manager\ServerManager,ProcessID: 632,,,,,C:\Windows\system32\ServerManagerLauncher.exe,False,M:\Forensics\TrainingImages\AliHadi\Challenge1\tout\M\Forensics\TrainingImages\AliHadi\Challenge1\s4a-challenge4\Windows\System32\winevt\logs\Microsoft-Windows-TaskScheduler%4Operational.evtx,Classic,0,"{""EventData"":{""@Name"":""CreatedTaskProcess"",""Data"":[{""@Name"":""TaskName"",""#text"":""\\Microsoft\\Windows\\Server Manager\\ServerManager""},{""@Name"":""Path"",""#text"":""C:\\Windows\\system32\\ServerManagerLauncher.exe""},{""@Name"":""ProcessID"",""#text"":""632""},{""@Name"":""Priority"",""#text"":""5""}]}}"
748,748,2015-09-12 18:19:25.3920000,319,Info,Microsoft-Windows-TaskScheduler,Microsoft-Windows-TaskScheduler/Operational,444,528,WIN-L0ZZQ76PMUF,4,S-1-5-21-3848053756-3249532031-1848221756-500,,,,,,,,,,,False,M:\Forensics\TrainingImages\AliHadi\Challenge1\tout\M\Forensics\TrainingImages\AliHadi\Challenge1\s4a-challenge4\Windows\System32\winevt\logs\Microsoft-Windows-TaskScheduler%4Operational.evtx,Classic,0,"{""EventData"":{""@Name"":""TaskEngineProcessReceivedStartTask"",""Data"":[{""@Name"":""TaskEngineName"",""#text"":""S-1-5-21-3848053756-3249532031-1848221756-500:WIN-L0ZZQ76PMUF\\Administrator:Interactive:[1]""},{""@Name"":""TaskName"",""#text"":""\\Microsoft\\Windows\\NetworkAccessProtection\\NAPStatus UI""}]}}"
749,749,2015-09-12 18:19:25.4388750,100,Info,Microsoft-Windows-TaskScheduler,Microsoft-Windows-TaskScheduler/Operational,444,528,WIN-L0ZZQ76PMUF,4,S-1-5-21-3848053756-3249532031-1848221756-500,Scheduled Task started,Context: WIN-L0ZZQ76PMUF\Administrator,,Task: \Microsoft\Windows\NetworkAccessProtection\NAPStatus UI,Instance Id: 3f3e0254-4724-4f14-b077-b7723d1e71f1,,,,,,False,M:\Forensics\TrainingImages\AliHadi\Challenge1\tout\M\Forensics\TrainingImages\AliHadi\Challenge1\s4a-challenge4\Windows\System32\winevt\logs\Microsoft-Windows-TaskScheduler%4Operational.evtx,Classic,0,"{""EventData"":{""@Name"":""TaskStartEvent"",""Data"":[{""@Name"":""TaskName"",""#text"":""\\Microsoft\\Windows\\NetworkAccessProtection\\NAPStatus UI""},{""@Name"":""UserContext"",""#text"":""WIN-L0ZZQ76PMUF\\Administrator""},{""@Name"":""InstanceId"",""#text"":""3f3e0254-4724-4f14-b077-b7723d1e71f1""}]}}"
750,750,2015-09-12 18:19:25.4388750,200,Info,Microsoft-Windows-TaskScheduler,Microsoft-Windows-TaskScheduler/Operational,444,1504,WIN-L0ZZQ76PMUF,5,S-1-5-21-3848053756-3249532031-1848221756-500,Scheduled Task executed,,,Task: \Microsoft\Windows\NetworkAccessProtection\NAPStatus UI,Instance Id: 3f3e0254-4724-4f14-b077-b7723d1e71f1,,,,,Nap ITask Handler Implementation,False,M:\Forensics\TrainingImages\AliHadi\Challenge1\tout\M\Forensics\TrainingImages\AliHadi\Challenge1\s4a-challenge4\Windows\System32\winevt\logs\Microsoft-Windows-TaskScheduler%4Operational.evtx,Classic,0,"{""EventData"":{""@Name"":""ActionStart"",""Data"":[{""@Name"":""TaskName"",""#text"":""\\Microsoft\\Windows\\NetworkAccessProtection\\NAPStatus UI""},{""@Name"":""ActionName"",""#text"":""Nap ITask Handler Implementation""},{""@Name"":""TaskInstanceId"",""#text"":""3f3e0254-4724-4f14-b077-b7723d1e71f1""}]}}"
751,751,2015-09-12 18:19:28.4388750,329,Info,Microsoft-Windows-TaskScheduler,Microsoft-Windows-TaskScheduler/Operational,444,1504,WIN-L0ZZQ76PMUF,5,S-1-5-21-3848053756-3249532031-1848221756-500,,,,,,,,,,,False,M:\Forensics\TrainingImages\AliHadi\Challenge1\tout\M\Forensics\TrainingImages\AliHadi\Challenge1\s4a-challenge4\Windows\System32\winevt\logs\Microsoft-Windows-TaskScheduler%4Operational.evtx,Classic,0,"{""EventData"":{""@Name"":""StoppedOnTimeout"",""Data"":[{""@Name"":""TaskName"",""#text"":""\\Microsoft\\Windows\\NetworkAccessProtection\\NAPStatus UI""},{""@Name"":""TaskInstanceId"",""#text"":""3f3e0254-4724-4f14-b077-b7723d1e71f1""}]}}"
752,752,2015-09-12 18:19:28.4388750,111,Info,Microsoft-Windows-TaskScheduler,Microsoft-Windows-TaskScheduler/Operational,444,1504,WIN-L0ZZQ76PMUF,5,S-1-5-21-3848053756-3249532031-1848221756-500,,,,,,,,,,,False,M:\Forensics\TrainingImages\AliHadi\Challenge1\tout\M\Forensics\TrainingImages\AliHadi\Challenge1\s4a-challenge4\Windows\System32\winevt\logs\Microsoft-Windows-TaskScheduler%4Operational.evtx,Classic,0,"{""EventData"":{""@Name"":""TaskTerminationEvent"",""Data"":[{""@Name"":""TaskName"",""#text"":""\\Microsoft\\Windows\\NetworkAccessProtection\\NAPStatus UI""},{""@Name"":""InstanceId"",""#text"":""3f3e0254-4724-4f14-b077-b7723d1e71f1""}]}}"
753,753,2015-09-12 18:19:32.8920000,201,Info,Microsoft-Windows-TaskScheduler,Microsoft-Windows-TaskScheduler/Operational,444,524,WIN-L0ZZQ76PMUF,5,S-1-5-21-3848053756-3249532031-1848221756-500,Scheduled Task completed,,,Task: \Microsoft\Windows\Server Manager\ServerManager,Instance Id: 157be484-1e50-446b-832f-ea5099ea2ec4,,,,,C:\Windows\system32\ServerManagerLauncher.exe,False,M:\Forensics\TrainingImages\AliHadi\Challenge1\tout\M\Forensics\TrainingImages\AliHadi\Challenge1\s4a-challenge4\Windows\System32\winevt\logs\Microsoft-Windows-TaskScheduler%4Operational.evtx,Classic,0,"{""EventData"":{""@Name"":""ActionSuccess"",""Data"":[{""@Name"":""TaskName"",""#text"":""\\Microsoft\\Windows\\Server Manager\\ServerManager""},{""@Name"":""TaskInstanceId"",""#text"":""157be484-1e50-446b-832f-ea5099ea2ec4""},{""@Name"":""ActionName"",""#text"":""C:\\Windows\\system32\\ServerManagerLauncher.exe""},{""@Name"":""ResultCode"",""#text"":""0""}]}}"
754,754,2015-09-12 18:19:32.8920000,102,Info,Microsoft-Windows-TaskScheduler,Microsoft-Windows-TaskScheduler/Operational,444,524,WIN-L0ZZQ76PMUF,5,S-1-5-21-3848053756-3249532031-1848221756-500,Scheduled Task completed,Context: WIN-L0ZZQ76PMUF\Administrator,,Task: \Microsoft\Windows\Server Manager\ServerManager,Instance Id: 157be484-1e50-446b-832f-ea5099ea2ec4,,,,,,False,M:\Forensics\TrainingImages\AliHadi\Challenge1\tout\M\Forensics\TrainingImages\AliHadi\Challenge1\s4a-challenge4\Windows\System32\winevt\logs\Microsoft-Windows-TaskScheduler%4Operational.evtx,Classic,0,"{""EventData"":{""@Name"":""TaskSuccessEvent"",""Data"":[{""@Name"":""TaskName"",""#text"":""\\Microsoft\\Windows\\Server Manager\\ServerManager""},{""@Name"":""UserContext"",""#text"":""WIN-L0ZZQ76PMUF\\Administrator""},{""@Name"":""InstanceId"",""#text"":""157be484-1e50-446b-832f-ea5099ea2ec4""}]}}"
755,755,2015-09-12 18:19:40.3920000,319,Info,Microsoft-Windows-TaskScheduler,Microsoft-Windows-TaskScheduler/Operational,1444,1460,WIN-L0ZZQ76PMUF,5,S-1-5-18,,,,,,,,,,,False,M:\Forensics\TrainingImages\AliHadi\Challenge1\tout\M\Forensics\TrainingImages\AliHadi\Challenge1\s4a-challenge4\Windows\System32\winevt\logs\Microsoft-Windows-TaskScheduler%4Operational.evtx,Classic,0,"{""EventData"":{""@Name"":""TaskEngineProcessReceivedStartTask"",""Data"":[{""@Name"":""TaskEngineName"",""#text"":""S-1-5-18:NT AUTHORITY\\System:Service:""},{""@Name"":""TaskName"",""#text"":""\\Microsoft\\Windows\\CertificateServicesClient\\SystemTask""}]}}"
756,756,2015-09-12 18:19:40.4076250,100,Info,Microsoft-Windows-TaskScheduler,Microsoft-Windows-TaskScheduler/Operational,1444,1460,WIN-L0ZZQ76PMUF,5,S-1-5-18,Scheduled Task started,Context: WORKGROUP\WIN-L0ZZQ76PMUF$,,Task: \Microsoft\Windows\CertificateServicesClient\SystemTask,Instance Id: 2e05f6f4-f625-457c-91d7-ede8470d0b64,,,,,,False,M:\Forensics\TrainingImages\AliHadi\Challenge1\tout\M\Forensics\TrainingImages\AliHadi\Challenge1\s4a-challenge4\Windows\System32\winevt\logs\Microsoft-Windows-TaskScheduler%4Operational.evtx,Classic,0,"{""EventData"":{""@Name"":""TaskStartEvent"",""Data"":[{""@Name"":""TaskName"",""#text"":""\\Microsoft\\Windows\\CertificateServicesClient\\SystemTask""},{""@Name"":""UserContext"",""#text"":""WORKGROUP\\WIN-L0ZZQ76PMUF$""},{""@Name"":""InstanceId"",""#text"":""2e05f6f4-f625-457c-91d7-ede8470d0b64""}]}}"
757,757,2015-09-12 18:19:40.4076250,200,Info,Microsoft-Windows-TaskScheduler,Microsoft-Windows-TaskScheduler/Operational,1444,1844,WIN-L0ZZQ76PMUF,5,S-1-5-18,Scheduled Task executed,,,Task: \Microsoft\Windows\CertificateServicesClient\SystemTask,Instance Id: 2e05f6f4-f625-457c-91d7-ede8470d0b64,,,,,Certificate Services Client Task Handler,False,M:\Forensics\TrainingImages\AliHadi\Challenge1\tout\M\Forensics\TrainingImages\AliHadi\Challenge1\s4a-challenge4\Windows\System32\winevt\logs\Microsoft-Windows-TaskScheduler%4Operational.evtx,Classic,0,"{""EventData"":{""@Name"":""ActionStart"",""Data"":[{""@Name"":""TaskName"",""#text"":""\\Microsoft\\Windows\\CertificateServicesClient\\SystemTask""},{""@Name"":""ActionName"",""#text"":""Certificate Services Client Task Handler""},{""@Name"":""TaskInstanceId"",""#text"":""2e05f6f4-f625-457c-91d7-ede8470d0b64""}]}}"
1,1,2015-08-24 06:52:28.7500000,30,Info,Microsoft-Windows-WindowsUpdateClient,Microsoft-Windows-WindowsUpdateClient/Operational,896,428,26L2233B1-02,0,S-1-5-18,,,,,,,,,,,False,M:\Forensics\TrainingImages\AliHadi\Challenge1\tout\M\Forensics\TrainingImages\AliHadi\Challenge1\s4a-challenge4\Windows\System32\winevt\logs\Microsoft-Windows-WindowsUpdateClient%4Operational.evtx,0x4000000000000001,0,"{""EventData"":""""}"
2,2,2015-08-24 06:52:54.7968750,39,Info,Microsoft-Windows-WindowsUpdateClient,Microsoft-Windows-WindowsUpdateClient/Operational,896,284,26L2233B1-02,0,S-1-5-18,,,,,,,,,,,False,M:\Forensics\TrainingImages\AliHadi\Challenge1\tout\M\Forensics\TrainingImages\AliHadi\Challenge1\s4a-challenge4\Windows\System32\winevt\logs\Microsoft-Windows-WindowsUpdateClient%4Operational.evtx,0x4000000000000280,0,"{""EventData"":""""}"
3,3,2015-08-24 06:57:17.5937500,30,Info,Microsoft-Windows-WindowsUpdateClient,Microsoft-Windows-WindowsUpdateClient/Operational,904,208,WIN-L0ZZQ76PMUF,0,S-1-5-18,,,,,,,,,,,False,M:\Forensics\TrainingImages\AliHadi\Challenge1\tout\M\Forensics\TrainingImages\AliHadi\Challenge1\s4a-challenge4\Windows\System32\winevt\logs\Microsoft-Windows-WindowsUpdateClient%4Operational.evtx,0x4000000000000001,0,"{""EventData"":""""}"
4,4,2015-08-24 07:05:55.0468750,30,Info,Microsoft-Windows-WindowsUpdateClient,Microsoft-Windows-WindowsUpdateClient/Operational,956,880,WIN-L0ZZQ76PMUF,0,S-1-5-18,,,,,,,,,,,False,M:\Forensics\TrainingImages\AliHadi\Challenge1\tout\M\Forensics\TrainingImages\AliHadi\Challenge1\s4a-challenge4\Windows\System32\winevt\logs\Microsoft-Windows-WindowsUpdateClient%4Operational.evtx,0x4000000000000001,0,"{""EventData"":""""}"
5,5,2015-08-23 21:18:06.1412500,30,Info,Microsoft-Windows-WindowsUpdateClient,Microsoft-Windows-WindowsUpdateClient/Operational,1028,2092,WIN-L0ZZQ76PMUF,0,S-1-5-18,,,,,,,,,,,False,M:\Forensics\TrainingImages\AliHadi\Challenge1\tout\M\Forensics\TrainingImages\AliHadi\Challenge1\s4a-challenge4\Windows\System32\winevt\logs\Microsoft-Windows-WindowsUpdateClient%4Operational.evtx,0x4000000000000001,0,"{""EventData"":""""}"
6,6,2015-08-23 22:17:15.0142500,30,Info,Microsoft-Windows-WindowsUpdateClient,Microsoft-Windows-WindowsUpdateClient/Operational,1024,2064,WIN-L0ZZQ76PMUF,0,S-1-5-18,,,,,,,,,,,False,M:\Forensics\TrainingImages\AliHadi\Challenge1\tout\M\Forensics\TrainingImages\AliHadi\Challenge1\s4a-challenge4\Windows\System32\winevt\logs\Microsoft-Windows-WindowsUpdateClient%4Operational.evtx,0x4000000000000001,0,"{""EventData"":""""}"
7,7,2015-08-23 10:33:04.5890000,30,Info,Microsoft-Windows-WindowsUpdateClient,Microsoft-Windows-WindowsUpdateClient/Operational,1024,3736,WIN-L0ZZQ76PMUF,0,S-1-5-18,,,,,,,,,,,False,M:\Forensics\TrainingImages\AliHadi\Challenge1\tout\M\Forensics\TrainingImages\AliHadi\Challenge1\s4a-challenge4\Windows\System32\winevt\logs\Microsoft-Windows-WindowsUpdateClient%4Operational.evtx,0x4000000000000001,0,"{""EventData"":""""}"
8,8,2015-09-02 05:58:50.9206250,29,Warning,Microsoft-Windows-WindowsUpdateClient,Microsoft-Windows-WindowsUpdateClient/Operational,1024,944,WIN-L0ZZQ76PMUF,0,S-1-5-18,,,,,,,,,,,False,M:\Forensics\TrainingImages\AliHadi\Challenge1\tout\M\Forensics\TrainingImages\AliHadi\Challenge1\s4a-challenge4\Windows\System32\winevt\logs\Microsoft-Windows-WindowsUpdateClient%4Operational.evtx,0x4000000000000001,0,"{""EventData"":""""}"
9,9,2015-09-02 05:58:55.7331250,30,Info,Microsoft-Windows-WindowsUpdateClient,Microsoft-Windows-WindowsUpdateClient/Operational,1024,944,WIN-L0ZZQ76PMUF,0,S-1-5-18,,,,,,,,,,,False,M:\Forensics\TrainingImages\AliHadi\Challenge1\tout\M\Forensics\TrainingImages\AliHadi\Challenge1\s4a-challenge4\Windows\System32\winevt\logs\Microsoft-Windows-WindowsUpdateClient%4Operational.evtx,0x4000000000000001,0,"{""EventData"":""""}"
10,10,2015-09-02 05:58:55.7331250,30,Info,Microsoft-Windows-WindowsUpdateClient,Microsoft-Windows-WindowsUpdateClient/Operational,1024,944,WIN-L0ZZQ76PMUF,0,S-1-5-18,,,,,,,,,,,False,M:\Forensics\TrainingImages\AliHadi\Challenge1\tout\M\Forensics\TrainingImages\AliHadi\Challenge1\s4a-challenge4\Windows\System32\winevt\logs\Microsoft-Windows-WindowsUpdateClient%4Operational.evtx,0x4000000000000001,0,"{""EventData"":""""}"
11,11,2015-09-02 06:01:10.4956250,29,Warning,Microsoft-Windows-WindowsUpdateClient,Microsoft-Windows-WindowsUpdateClient/Operational,1024,944,WIN-L0ZZQ76PMUF,0,S-1-5-18,,,,,,,,,,,False,M:\Forensics\TrainingImages\AliHadi\Challenge1\tout\M\Forensics\TrainingImages\AliHadi\Challenge1\s4a-challenge4\Windows\System32\winevt\logs\Microsoft-Windows-WindowsUpdateClient%4Operational.evtx,0x4000000000000001,0,"{""EventData"":""""}"
12,12,2015-09-02 06:01:17.3362500,30,Info,Microsoft-Windows-WindowsUpdateClient,Microsoft-Windows-WindowsUpdateClient/Operational,1024,944,WIN-L0ZZQ76PMUF,0,S-1-5-18,,,,,,,,,,,False,M:\Forensics\TrainingImages\AliHadi\Challenge1\tout\M\Forensics\TrainingImages\AliHadi\Challenge1\s4a-challenge4\Windows\System32\winevt\logs\Microsoft-Windows-WindowsUpdateClient%4Operational.evtx,0x4000000000000001,0,"{""EventData"":""""}"
13,13,2015-09-02 06:01:17.3362500,30,Info,Microsoft-Windows-WindowsUpdateClient,Microsoft-Windows-WindowsUpdateClient/Operational,1024,944,WIN-L0ZZQ76PMUF,0,S-1-5-18,,,,,,,,,,,False,M:\Forensics\TrainingImages\AliHadi\Challenge1\tout\M\Forensics\TrainingImages\AliHadi\Challenge1\s4a-challenge4\Windows\System32\winevt\logs\Microsoft-Windows-WindowsUpdateClient%4Operational.evtx,0x4000000000000001,0,"{""EventData"":""""}"
14,14,2015-09-02 06:01:45.9976078,30,Info,Microsoft-Windows-WindowsUpdateClient,Microsoft-Windows-WindowsUpdateClient/Operational,1024,944,WIN-L0ZZQ76PMUF,0,S-1-5-18,,,,,,,,,,,False,M:\Forensics\TrainingImages\AliHadi\Challenge1\tout\M\Forensics\TrainingImages\AliHadi\Challenge1\s4a-challenge4\Windows\System32\winevt\logs\Microsoft-Windows-WindowsUpdateClient%4Operational.evtx,0x4000000000000001,0,"{""EventData"":""""}"
15,15,2015-09-02 06:01:45.9976078,30,Info,Microsoft-Windows-WindowsUpdateClient,Microsoft-Windows-WindowsUpdateClient/Operational,1024,944,WIN-L0ZZQ76PMUF,0,S-1-5-18,,,,,,,,,,,False,M:\Forensics\TrainingImages\AliHadi\Challenge1\tout\M\Forensics\TrainingImages\AliHadi\Challenge1\s4a-challenge4\Windows\System32\winevt\logs\Microsoft-Windows-WindowsUpdateClient%4Operational.evtx,0x4000000000000001,0,"{""EventData"":""""}"
16,16,2015-09-03 06:08:33.6826250,29,Warning,Microsoft-Windows-WindowsUpdateClient,Microsoft-Windows-WindowsUpdateClient/Operational,1024,2368,WIN-L0ZZQ76PMUF,0,S-1-5-18,,,,,,,,,,,False,M:\Forensics\TrainingImages\AliHadi\Challenge1\tout\M\Forensics\TrainingImages\AliHadi\Challenge1\s4a-challenge4\Windows\System32\winevt\logs\Microsoft-Windows-WindowsUpdateClient%4Operational.evtx,0x4000000000000001,0,"{""EventData"":""""}"
17,17,2015-09-03 06:08:38.8701250,30,Info,Microsoft-Windows-WindowsUpdateClient,Microsoft-Windows-WindowsUpdateClient/Operational,1024,2368,WIN-L0ZZQ76PMUF,0,S-1-5-18,,,,,,,,,,,False,M:\Forensics\TrainingImages\AliHadi\Challenge1\tout\M\Forensics\TrainingImages\AliHadi\Challenge1\s4a-challenge4\Windows\System32\winevt\logs\Microsoft-Windows-WindowsUpdateClient%4Operational.evtx,0x4000000000000001,0,"{""EventData"":""""}"
18,18,2015-09-03 06:08:38.8701250,30,Info,Microsoft-Windows-WindowsUpdateClient,Microsoft-Windows-WindowsUpdateClient/Operational,1024,2368,WIN-L0ZZQ76PMUF,0,S-1-5-18,,,,,,,,,,,False,M:\Forensics\TrainingImages\AliHadi\Challenge1\tout\M\Forensics\TrainingImages\AliHadi\Challenge1\s4a-challenge4\Windows\System32\winevt\logs\Microsoft-Windows-WindowsUpdateClient%4Operational.evtx,0x4000000000000001,0,"{""EventData"":""""}"
19,19,2015-09-12 17:45:40.9382500,30,Info,Microsoft-Windows-WindowsUpdateClient,Microsoft-Windows-WindowsUpdateClient/Operational,1024,1200,WIN-L0ZZQ76PMUF,0,S-1-5-18,,,,,,,,,,,False,M:\Forensics\TrainingImages\AliHadi\Challenge1\tout\M\Forensics\TrainingImages\AliHadi\Challenge1\s4a-challenge4\Windows\System32\winevt\logs\Microsoft-Windows-WindowsUpdateClient%4Operational.evtx,0x4000000000000001,0,"{""EventData"":""""}"
1,1,2015-08-24 06:51:38.4062500,4608,LogAlways,Microsoft-Windows-Security-Auditing,Security,600,604,26L2233B1-02,0,,Windows is starting up,,,,,,,,,,False,M:\Forensics\TrainingImages\AliHadi\Challenge1\tout\M\Forensics\TrainingImages\AliHadi\Challenge1\s4a-challenge4\Windows\System32\winevt\logs\Security.evtx,Audit success,0,"{""EventData"":""""}"
2,2,2015-08-24 06:51:38.4375000,4624,LogAlways,Microsoft-Windows-Security-Auditing,Security,600,604,26L2233B1-02,0,,Successful logon,-\-,- (-),Target: NT AUTHORITY\SYSTEM,LogonType 0,LogonId: 0x3E7,,,,,False,M:\Forensics\TrainingImages\AliHadi\Challenge1\tout\M\Forensics\TrainingImages\AliHadi\Challenge1\s4a-challenge4\Windows\System32\winevt\logs\Security.evtx,Audit success,0,"{""EventData"":{""Data"":[{""@Name"":""SubjectUserSid"",""#text"":""S-1-0-0""},{""@Name"":""SubjectUserName"",""#text"":""-""},{""@Name"":""SubjectDomainName"",""#text"":""-""},{""@Name"":""SubjectLogonId"",""#text"":""0x0""},{""@Name"":""TargetUserSid"",""#text"":""S-1-5-18""},{""@Name"":""TargetUserName"",""#text"":""SYSTEM""},{""@Name"":""TargetDomainName"",""#text"":""NT AUTHORITY""},{""@Name"":""TargetLogonId"",""#text"":""0x3E7""},{""@Name"":""LogonType"",""#text"":""0""},{""@Name"":""LogonProcessName"",""#text"":""-""},{""@Name"":""AuthenticationPackageName"",""#text"":""-""},{""@Name"":""WorkstationName"",""#text"":""-""},{""@Name"":""LogonGuid"",""#text"":""00000000-0000-0000-0000-000000000000""},{""@Name"":""TransmittedServices"",""#text"":""-""},{""@Name"":""LmPackageName"",""#text"":""-""},{""@Name"":""KeyLength"",""#text"":""0""},{""@Name"":""ProcessId"",""#text"":""04-00-00-00""},{""@Name"":""ProcessName""},{""@Name"":""IpAddress"",""#text"":""-""},{""@Name"":""IpPort"",""#text"":""-""}]}}"
3,3,2015-08-24 06:51:40.4687500,4902,LogAlways,Microsoft-Windows-Security-Auditing,Security,600,712,26L2233B1-02,0,,,,,,,,,,,,False,M:\Forensics\TrainingImages\AliHadi\Challenge1\tout\M\Forensics\TrainingImages\AliHadi\Challenge1\s4a-challenge4\Windows\System32\winevt\logs\Security.evtx,Audit success,0,"{""EventData"":{""Data"":[{""@Name"":""PuaCount"",""#text"":""0""},{""@Name"":""PuaPolicyId"",""#text"":""0x426EB""}]}}"
4,4,2015-08-24 06:51:43.3125000,4648,LogAlways,Microsoft-Windows-Security-Auditing,Security,600,684,26L2233B1-02,0,,A logon was attempted using explicit credentials,WORKGROUP\26L2233B1-02$,-:-,Target: NT AUTHORITY\SYSTEM,TargetServerName: localhost,PID: 4C-02-00-00,,,,C:\Windows\System32\services.exe,False,M:\Forensics\TrainingImages\AliHadi\Challenge1\tout\M\Forensics\TrainingImages\AliHadi\Challenge1\s4a-challenge4\Windows\System32\winevt\logs\Security.evtx,Audit success,0,"{""EventData"":{""Data"":[{""@Name"":""SubjectUserSid"",""#text"":""S-1-5-18""},{""@Name"":""SubjectUserName"",""#text"":""26L2233B1-02$""},{""@Name"":""SubjectDomainName"",""#text"":""WORKGROUP""},{""@Name"":""SubjectLogonId"",""#text"":""0x3E7""},{""@Name"":""LogonGuid"",""#text"":""00000000-0000-0000-0000-000000000000""},{""@Name"":""TargetUserName"",""#text"":""SYSTEM""},{""@Name"":""TargetDomainName"",""#text"":""NT AUTHORITY""},{""@Name"":""LogonGuid"",""#text"":""00000000-0000-0000-0000-000000000000""},{""@Name"":""TargetServerName"",""#text"":""localhost""},{""@Name"":""TargetInfo"",""#text"":""localhost""},{""@Name"":""ProcessId"",""#text"":""4C-02-00-00""},{""@Name"":""ProcessName"",""#text"":""C:\\Windows\\System32\\services.exe""},{""@Name"":""IpAddress"",""#text"":""-""},{""@Name"":""IpPort"",""#text"":""-""}]}}"
5,5,2015-08-24 06:51:43.3125000,4624,LogAlways,Microsoft-Windows-Security-Auditing,Security,600,684,26L2233B1-02,0,,Successful logon,WORKGROUP\26L2233B1-02$," (-)",Target: NT AUTHORITY\SYSTEM,LogonType 5,LogonId: 0x3E7,,,,C:\Windows\System32\services.exe,False,M:\Forensics\TrainingImages\AliHadi\Challenge1\tout\M\Forensics\TrainingImages\AliHadi\Challenge1\s4a-challenge4\Windows\System32\winevt\logs\Security.evtx,Audit success,0,"{""EventData"":{""Data"":[{""@Name"":""SubjectUserSid"",""#text"":""S-1-5-18""},{""@Name"":""SubjectUserName"",""#text"":""26L2233B1-02$""},{""@Name"":""SubjectDomainName"",""#text"":""WORKGROUP""},{""@Name"":""SubjectLogonId"",""#text"":""0x3E7""},{""@Name"":""TargetUserSid"",""#text"":""S-1-5-18""},{""@Name"":""TargetUserName"",""#text"":""SYSTEM""},{""@Name"":""TargetDomainName"",""#text"":""NT AUTHORITY""},{""@Name"":""TargetLogonId"",""#text"":""0x3E7""},{""@Name"":""LogonType"",""#text"":""5""},{""@Name"":""LogonProcessName"",""#text"":""Advapi  ""},{""@Name"":""AuthenticationPackageName"",""#text"":""Negotiate""},{""@Name"":""WorkstationName""},{""@Name"":""LogonGuid"",""#text"":""00000000-0000-0000-0000-000000000000""},{""@Name"":""TransmittedServices"",""#text"":""-""},{""@Name"":""LmPackageName"",""#text"":""-""},{""@Name"":""KeyLength"",""#text"":""0""},{""@Name"":""ProcessId"",""#text"":""4C-02-00-00""},{""@Name"":""ProcessName"",""#text"":""C:\\Windows\\System32\\services.exe""},{""@Name"":""IpAddress"",""#text"":""-""},{""@Name"":""IpPort"",""#text"":""-""}]}}"
6,6,2015-08-24 06:51:43.3125000,4672,LogAlways,Microsoft-Windows-Security-Auditing,Security,600,684,26L2233B1-02,0,,Administrative logon,NT AUTHORITY\SYSTEM (S-1-5-18),,"PrivilegeList: SeAssignPrimaryTokenPrivilege, SeTcbPrivilege, SeSecurityPrivilege, SeTakeOwnershipPrivilege, SeLoadDriverPrivilege, SeBackupPrivilege, SeRestorePrivilege, SeDebugPrivilege, SeAuditPrivilege, SeSystemEnvironmentPrivilege, SeImpersonatePrivilege",LogonId: 0x3E7,,,,,,False,M:\Forensics\TrainingImages\AliHadi\Challenge1\tout\M\Forensics\TrainingImages\AliHadi\Challenge1\s4a-challenge4\Windows\System32\winevt\logs\Security.evtx,Audit success,0,"{""EventData"":{""Data"":[{""@Name"":""SubjectUserSid"",""#text"":""S-1-5-18""},{""@Name"":""SubjectUserName"",""#text"":""SYSTEM""},{""@Name"":""SubjectDomainName"",""#text"":""NT AUTHORITY""},{""@Name"":""SubjectLogonId"",""#text"":""0x3E7""},{""@Name"":""PrivilegeList"",""#text"":""SeAssignPrimaryTokenPrivilege, SeTcbPrivilege, SeSecurityPrivilege, SeTakeOwnershipPrivilege, SeLoadDriverPrivilege, SeBackupPrivilege, SeRestorePrivilege, SeDebugPrivilege, SeAuditPrivilege, SeSystemEnvironmentPrivilege, SeImpersonatePrivilege""}]}}"
7,7,2015-08-24 06:51:43.9687500,4624,LogAlways,Microsoft-Windows-Security-Auditing,Security,600,696,26L2233B1-02,0,,Successful logon,WORKGROUP\26L2233B1-02$," (-)",Target: NT AUTHORITY\NETWORK SERVICE,LogonType 5,LogonId: 0x3E4,,,,C:\Windows\System32\services.exe,False,M:\Forensics\TrainingImages\AliHadi\Challenge1\tout\M\Forensics\TrainingImages\AliHadi\Challenge1\s4a-challenge4\Windows\System32\winevt\logs\Security.evtx,Audit success,0,"{""EventData"":{""Data"":[{""@Name"":""SubjectUserSid"",""#text"":""S-1-5-18""},{""@Name"":""SubjectUserName"",""#text"":""26L2233B1-02$""},{""@Name"":""SubjectDomainName"",""#text"":""WORKGROUP""},{""@Name"":""SubjectLogonId"",""#text"":""0x3E7""},{""@Name"":""TargetUserSid"",""#text"":""S-1-5-20""},{""@Name"":""TargetUserName"",""#text"":""NETWORK SERVICE""},{""@Name"":""TargetDomainName"",""#text"":""NT AUTHORITY""},{""@Name"":""TargetLogonId"",""#text"":""0x3E4""},{""@Name"":""LogonType"",""#text"":""5""},{""@Name"":""LogonProcessName"",""#text"":""Advapi  ""},{""@Name"":""AuthenticationPackageName"",""#text"":""Negotiate""},{""@Name"":""WorkstationName""},{""@Name"":""LogonGuid"",""#text"":""00000000-0000-0000-0000-000000000000""},{""@Name"":""TransmittedServices"",""#text"":""-""},{""@Name"":""LmPackageName"",""#text"":""-""},{""@Name"":""KeyLength"",""#text"":""0""},{""@Name"":""ProcessId"",""#text"":""4C-02-00-00""},{""@Name"":""ProcessName"",""#text"":""C:\\Windows\\System32\\services.exe""},{""@Name"":""IpAddress"",""#text"":""-""},{""@Name"":""IpPort"",""#text"":""-""}]}}"
8,8,2015-08-24 06:51:43.9687500,4672,LogAlways,Microsoft-Windows-Security-Auditing,Security,600,696,26L2233B1-02,0,,Administrative logon,NT AUTHORITY\NETWORK SERVICE (S-1-5-20),,"PrivilegeList: SeAssignPrimaryTokenPrivilege, SeAuditPrivilege, SeImpersonatePrivilege",LogonId: 0x3E4,,,,,,False,M:\Forensics\TrainingImages\AliHadi\Challenge1\tout\M\Forensics\TrainingImages\AliHadi\Challenge1\s4a-challenge4\Windows\System32\winevt\logs\Security.evtx,Audit success,0,"{""EventData"":{""Data"":[{""@Name"":""SubjectUserSid"",""#text"":""S-1-5-20""},{""@Name"":""SubjectUserName"",""#text"":""NETWORK SERVICE""},{""@Name"":""SubjectDomainName"",""#text"":""NT AUTHORITY""},{""@Name"":""SubjectLogonId"",""#text"":""0x3E4""},{""@Name"":""PrivilegeList"",""#text"":""SeAssignPrimaryTokenPrivilege, SeAuditPrivilege, SeImpersonatePrivilege""}]}}"
9,9,2015-08-24 06:51:44.1250000,4648,LogAlways,Microsoft-Windows-Security-Auditing,Security,600,676,26L2233B1-02,0,,A logon was attempted using explicit credentials,WORKGROUP\26L2233B1-02$,-:-,Target: NT AUTHORITY\SYSTEM,TargetServerName: localhost,PID: 4C-02-00-00,,,,C:\Windows\System32\services.exe,False,M:\Forensics\TrainingImages\AliHadi\Challenge1\tout\M\Forensics\TrainingImages\AliHadi\Challenge1\s4a-challenge4\Windows\System32\winevt\logs\Security.evtx,Audit success,0,"{""EventData"":{""Data"":[{""@Name"":""SubjectUserSid"",""#text"":""S-1-5-18""},{""@Name"":""SubjectUserName"",""#text"":""26L2233B1-02$""},{""@Name"":""SubjectDomainName"",""#text"":""WORKGROUP""},{""@Name"":""SubjectLogonId"",""#text"":""0x3E7""},{""@Name"":""LogonGuid"",""#text"":""00000000-0000-0000-0000-000000000000""},{""@Name"":""TargetUserName"",""#text"":""SYSTEM""},{""@Name"":""TargetDomainName"",""#text"":""NT AUTHORITY""},{""@Name"":""LogonGuid"",""#text"":""00000000-0000-0000-0000-000000000000""},{""@Name"":""TargetServerName"",""#text"":""localhost""},{""@Name"":""TargetInfo"",""#text"":""localhost""},{""@Name"":""ProcessId"",""#text"":""4C-02-00-00""},{""@Name"":""ProcessName"",""#text"":""C:\\Windows\\System32\\services.exe""},{""@Name"":""IpAddress"",""#text"":""-""},{""@Name"":""IpPort"",""#text"":""-""}]}}"
10,10,2015-08-24 06:51:44.1250000,4624,LogAlways,Microsoft-Windows-Security-Auditing,Security,600,676,26L2233B1-02,0,,Successful logon,WORKGROUP\26L2233B1-02$," (-)",Target: NT AUTHORITY\SYSTEM,LogonType 5,LogonId: 0x3E7,,,,C:\Windows\System32\services.exe,False,M:\Forensics\TrainingImages\AliHadi\Challenge1\tout\M\Forensics\TrainingImages\AliHadi\Challenge1\s4a-challenge4\Windows\System32\winevt\logs\Security.evtx,Audit success,0,"{""EventData"":{""Data"":[{""@Name"":""SubjectUserSid"",""#text"":""S-1-5-18""},{""@Name"":""SubjectUserName"",""#text"":""26L2233B1-02$""},{""@Name"":""SubjectDomainName"",""#text"":""WORKGROUP""},{""@Name"":""SubjectLogonId"",""#text"":""0x3E7""},{""@Name"":""TargetUserSid"",""#text"":""S-1-5-18""},{""@Name"":""TargetUserName"",""#text"":""SYSTEM""},{""@Name"":""TargetDomainName"",""#text"":""NT AUTHORITY""},{""@Name"":""TargetLogonId"",""#text"":""0x3E7""},{""@Name"":""LogonType"",""#text"":""5""},{""@Name"":""LogonProcessName"",""#text"":""Advapi  ""},{""@Name"":""AuthenticationPackageName"",""#text"":""Negotiate""},{""@Name"":""WorkstationName""},{""@Name"":""LogonGuid"",""#text"":""00000000-0000-0000-0000-000000000000""},{""@Name"":""TransmittedServices"",""#text"":""-""},{""@Name"":""LmPackageName"",""#text"":""-""},{""@Name"":""KeyLength"",""#text"":""0""},{""@Name"":""ProcessId"",""#text"":""4C-02-00-00""},{""@Name"":""ProcessName"",""#text"":""C:\\Windows\\System32\\services.exe""},{""@Name"":""IpAddress"",""#text"":""-""},{""@Name"":""IpPort"",""#text"":""-""}]}}"
