5,5,2015-09-12 17:52:44.9695000,1001,Info,Microsoft-Windows-Resource-Exhaustion-Detector,Microsoft-Windows-Resource-Exhaustion-Detector/Operational,1156,1284,WIN-L0ZZQ76PMUF,0,S-1-5-18,,,,,,,,,,,False,M:\Forensics\TrainingImages\AliHadi\Challenge1\tout\M\Forensics\TrainingImages\AliHadi\Challenge1\s4a-challenge4\Windows\System32\winevt\logs\Microsoft-Windows-Resource-Exhaustion-Detector%4Operational.evtx,0x4000000010000000,0,"{""EventData"":""""}"
1,1,2015-08-23 22:19:28.9673750,1659,Info,Microsoft-Windows-ServerManager,Microsoft-Windows-ServerManager/Operational,2004,1536,WIN-L0ZZQ76PMUF,0,S-1-5-21-3848053756-3249532031-1848221756-500,,,,,,,,,,,False,M:\Forensics\TrainingImages\AliHadi\Challenge1\tout\M\Forensics\TrainingImages\AliHadi\Challenge1\s4a-challenge4\Windows\System32\winevt\logs\Microsoft-Windows-ServerManager%4Operational.evtx,0x1000000000000000,0,"{""UserData"":{""EventXML"":{""message"":""Configure Windows Firewall""}}}"
1,1,2015-08-24 06:51:57.1406250,700,Info,Microsoft-Windows-TaskScheduler,Microsoft-Windows-TaskScheduler/Operational,896,1228,26L2233B1-02,0,S-1-5-18,,,,,,,,,,,False,M:\Forensics\TrainingImages\AliHadi\Challenge1\tout\M\Forensics\TrainingImages\AliHadi\Challenge1\s4a-challenge4\Windows\System32\winevt\logs\Microsoft-Windows-TaskScheduler%4Operational.evtx,Classic,0,"{""EventData"":{""@Name"":""CompatibilityAdapterLaunch""}}"
2,2,2015-08-24 06:51:57.1562500,400,Info,Microsoft-Windows-TaskScheduler,Microsoft-Windows-TaskScheduler/Operational,896,1228,26L2233B1-02,0,S-1-5-18,,,,,,,,,,,False,M:\Forensics\TrainingImages\AliHadi\Challenge1\tout\M\Forensics\TrainingImages\AliHadi\Challenge1\s4a-challenge4\Windows\System32\winevt\logs\Microsoft-Windows-TaskScheduler%4Operational.evtx,Classic,0,"{""EventData"":{""@Name"":""ServiceStartEvent""}}"
3,3,2015-08-24 06:51:57.1562500,118,Info,Microsoft-Windows-TaskScheduler,Microsoft-Windows-TaskScheduler/Operational,896,1228,26L2233B1-02,0,S-1-5-18,,,,,,,,,,,False,M:\Forensics\TrainingImages\AliHadi\Challenge1\tout\M\Forensics\TrainingImages\AliHadi\Challenge1\s4a-challenge4\Windows\System32\winevt\logs\Microsoft-Windows-TaskScheduler%4Operational.evtx,Classic,0,"{""EventData"":{""@Name"":""BootTrigger"",""Data"":[{""@Name"":""TaskName"",""#text"":""\\Microsoft\\Windows\\CertificateServicesClient\\SystemTask""},{""@Name"":""InstanceId"",""#text"":""a33e1ee6-3354-4243-abea-ad216f5e9d73""}]}}"
4,4,2015-08-24 06:51:57.1562500,118,Info,Microsoft-Windows-TaskScheduler,Microsoft-Windows-TaskScheduler/Operational,896,1228,26L2233B1-02,0,S-1-5-18,,,,,,,,,,,False,M:\Forensics\TrainingImages\AliHadi\Challenge1\tout\M\Forensics\TrainingImages\AliHadi\Challenge1\s4a-challenge4\Windows\System32\winevt\logs\Microsoft-Windows-TaskScheduler%4Operational.evtx,Classic,0,"{""EventData"":{""@Name"":""BootTrigger"",""Data"":[{""@Name"":""TaskName"",""#text"":""\\Microsoft\\Windows\\RAC\\RACAgent""},{""@Name"":""InstanceId"",""#text"":""1b9c43fb-4e7e-4e88-9b96-246d4f5de8ef""}]}}"
5,5,2015-08-24 06:51:57.2968750,114,Warning,Microsoft-Windows-TaskScheduler,Microsoft-Windows-TaskScheduler/Operational,896,1228,26L2233B1-02,0,S-1-5-18,,,,,,,,,,,False,M:\Forensics\TrainingImages\AliHadi\Challenge1\tout\M\Forensics\TrainingImages\AliHadi\Challenge1\s4a-challenge4\Windows\System32\winevt\logs\Microsoft-Windows-TaskScheduler%4Operational.evtx,Classic,0,"{""EventData"":{""@Name"":""MissedTaskLaunched"",""Data"":[{""@Name"":""TaskName"",""#text"":""\\Microsoft\\Windows\\Customer Experience Improvement Program\\Consolidator""},{""@Name"":""InstanceId"",""#text"":""bc6f079f-a5f8-461b-be3c-59781d1c3c31""}]}}"
6,6,2015-08-24 06:52:07.1718750,112,Warning,Microsoft-Windows-TaskScheduler,Microsoft-Windows-TaskScheduler/Operational,896,1240,26L2233B1-02,0,S-1-5-18,,,,,,,,,,,False,M:\Forensics\TrainingImages\AliHadi\Challenge1\tout\M\Forensics\TrainingImages\AliHadi\Challenge1\s4a-challenge4\Windows\System32\winevt\logs\Microsoft-Windows-TaskScheduler%4Operational.evtx,Classic,0,"{""EventData"":{""@Name"":""TaskNoStartWithoutNetwork"",""Data"":{""@Name"":""TaskName"",""#text"":""\\Microsoft\\Windows\\CertificateServicesClient\\SystemTask""}}}"
7,7,2015-08-24 06:52:07.1718750,101,Error,Microsoft-Windows-TaskScheduler,Microsoft-Windows-TaskScheduler/Operational,896,1240,26L2233B1-02,0,S-1-5-18,,,,,,,,,,,False,M:\Forensics\TrainingImages\AliHadi\Challenge1\tout\M\Forensics\TrainingImages\AliHadi\Challenge1\s4a-challenge4\Windows\System32\winevt\logs\Microsoft-Windows-TaskScheduler%4Operational.evtx,Classic,0,"{""EventData"":{""@Name"":""TaskStartFailedEvent"",""Data"":[{""@Name"":""TaskName"",""#text"":""\\Microsoft\\Windows\\CertificateServicesClient\\SystemTask""},{""@Name"":""UserContext"",""#text"":""NT AUTHORITY\\System""},{""@Name"":""ResultCode"",""#text"":""2147750692""}]}}"
8,8,2015-08-24 06:52:07.1718750,126,Warning,Microsoft-Windows-TaskScheduler,Microsoft-Windows-TaskScheduler/Operational,896,1240,26L2233B1-02,0,S-1-5-18,,,,,,,,,,,False,M:\Forensics\TrainingImages\AliHadi\Challenge1\tout\M\Forensics\TrainingImages\AliHadi\Challenge1\s4a-challenge4\Windows\System32\winevt\logs\Microsoft-Windows-TaskScheduler%4Operational.evtx,Classic,0,"{""EventData"":{""@Name"":""FailedTaskRestart"",""Data"":[{""@Name"":""TaskName"",""#text"":""\\Microsoft\\Windows\\CertificateServicesClient\\SystemTask""},{""@Name"":""ResultCode"",""#text"":""2147750692""}]}}"
9,9,2015-08-24 06:52:08.5781250,108,Info,Microsoft-Windows-TaskScheduler,Microsoft-Windows-TaskScheduler/Operational,896,2036,26L2233B1-02,0,S-1-5-18,,,,,,,,,,,False,M:\Forensics\TrainingImages\AliHadi\Challenge1\tout\M\Forensics\TrainingImages\AliHadi\Challenge1\s4a-challenge4\Windows\System32\winevt\logs\Microsoft-Windows-TaskScheduler%4Operational.evtx,Classic,0,"{""EventData"":{""@Name"":""EventTriggerEvent"",""Data"":[{""@Name"":""TaskName"",""#text"":""\\Microsoft\\Windows\\PLA\\System\\ConvertLogEntries""},{""@Name"":""InstanceId"",""#text"":""082ec156-f90b-4ad3-9b84-57750cedd28f""}]}}"
10,10,2015-08-24 06:52:08.6093750,310,Info,Microsoft-Windows-TaskScheduler,Microsoft-Windows-TaskScheduler/Operational,896,1240,26L2233B1-02,0,S-1-5-18,,,,,,,,,,,False,M:\Forensics\TrainingImages\AliHadi\Challenge1\tout\M\Forensics\TrainingImages\AliHadi\Challenge1\s4a-challenge4\Windows\System32\winevt\logs\Microsoft-Windows-TaskScheduler%4Operational.evtx,Classic,0,"{""EventData"":{""@Name"":""TaskEngineProcessStarted"",""Data"":[{""@Name"":""TaskEngineName"",""#text"":""S-1-5-18:NT AUTHORITY\\System:Service:""},{""@Name"":""Command"",""#text"":""taskeng.exe""},{""@Name"":""ProcessID"",""#text"":""412""},{""@Name"":""ThreadID"",""#text"":""416""}]}}"
11,11,2015-08-24 06:52:09.0156250,317,Info,Microsoft-Windows-TaskScheduler,Microsoft-Windows-TaskScheduler/Operational,412,416,26L2233B1-02,0,S-1-5-18,,,,,,,,,,,False,M:\Forensics\TrainingImages\AliHadi\Challenge1\tout\M\Forensics\TrainingImages\AliHadi\Challenge1\s4a-challenge4\Windows\System32\winevt\logs\Microsoft-Windows-TaskScheduler%4Operational.evtx,Classic,0,"{""EventData"":{""@Name"":""TaskEngineProcessMainStarted"",""Data"":{""@Name"":""TaskEngineName"",""#text"":""S-1-5-18:NT AUTHORITY\\System:Service:""}}}"
12,12,2015-08-24 06:52:09.0625000,319,Info,Microsoft-Windows-TaskScheduler,Microsoft-Windows-TaskScheduler/Operational,412,444,26L2233B1-02,0,S-1-5-18,,,,,,,,,,,False,M:\Forensics\TrainingImages\AliHadi\Challenge1\tout\M\Forensics\TrainingImages\AliHadi\Challenge1\s4a-challenge4\Windows\System32\winevt\logs\Microsoft-Windows-TaskScheduler%4Operational.evtx,Classic,0,"{""EventData"":{""@Name"":""TaskEngineProcessReceivedStartTask"",""Data"":[{""@Name"":""TaskEngineName"",""#text"":""S-1-5-18:NT AUTHORITY\\System:Service:""},{""@Name"":""TaskName"",""#text"":""\\Microsoft\\Windows\\PLA\\System\\ConvertLogEntries""}]}}"
13,13,2015-08-24 06:52:09.0781250,100,Info,Microsoft-Windows-TaskScheduler,Microsoft-Windows-TaskScheduler/Operational,412,444,26L2233B1-02,0,S-1-5-18,Scheduled Task started,Context: WORKGROUP\26L2233B1-02$,,Task: \Microsoft\Windows\PLA\System\ConvertLogEntries,Instance Id: 082ec156-f90b-4ad3-9b84-57750cedd28f,,,,,,False,M:\Forensics\TrainingImages\AliHadi\Challenge1\tout\M\Forensics\TrainingImages\AliHadi\Challenge1\s4a-challenge4\Windows\System32\winevt\logs\Microsoft-Windows-TaskScheduler%4Operational.evtx,Classic,0,"{""EventData"":{""@Name"":""TaskStartEvent"",""Data"":[{""@Name"":""TaskName"",""#text"":""\\Microsoft\\Windows\\PLA\\System\\ConvertLogEntries""},{""@Name"":""UserContext"",""#text"":""WORKGROUP\\26L2233B1-02$""},{""@Name"":""InstanceId"",""#text"":""082ec156-f90b-4ad3-9b84-57750cedd28f""}]}}"
14,14,2015-08-24 06:52:09.0781250,200,Info,Microsoft-Windows-TaskScheduler,Microsoft-Windows-TaskScheduler/Operational,412,468,26L2233B1-02,0,S-1-5-18,Scheduled Task executed,,,Task: \Microsoft\Windows\PLA\System\ConvertLogEntries,Instance Id: 082ec156-f90b-4ad3-9b84-57750cedd28f,,,,,%windir%\system32\rundll32.exe,False,M:\Forensics\TrainingImages\AliHadi\Challenge1\tout\M\Forensics\TrainingImages\AliHadi\Challenge1\s4a-challenge4\Windows\System32\winevt\logs\Microsoft-Windows-TaskScheduler%4Operational.evtx,Classic,0,"{""EventData"":{""@Name"":""ActionStart"",""Data"":[{""@Name"":""TaskName"",""#text"":""\\Microsoft\\Windows\\PLA\\System\\ConvertLogEntries""},{""@Name"":""ActionName"",""#text"":""%windir%\\system32\\rundll32.exe""},{""@Name"":""TaskInstanceId"",""#text"":""082ec156-f90b-4ad3-9b84-57750cedd28f""}]}}"
15,15,2015-08-24 06:52:09.4375000,129,Info,Microsoft-Windows-TaskScheduler,Microsoft-Windows-TaskScheduler/Operational,412,468,26L2233B1-02,0,S-1-5-18,Scheduled Task created,,,Task: \Microsoft\Windows\PLA\System\ConvertLogEntries,ProcessID: 580,,,,,C:\Windows\system32\rundll32.exe,False,M:\Forensics\TrainingImages\AliHadi\Challenge1\tout\M\Forensics\TrainingImages\AliHadi\Challenge1\s4a-challenge4\Windows\System32\winevt\logs\Microsoft-Windows-TaskScheduler%4Operational.evtx,Classic,0,"{""EventData"":{""@Name"":""CreatedTaskProcess"",""Data"":[{""@Name"":""TaskName"",""#text"":""\\Microsoft\\Windows\\PLA\\System\\ConvertLogEntries""},{""@Name"":""Path"",""#text"":""C:\\Windows\\system32\\rundll32.exe""},{""@Name"":""ProcessID"",""#text"":""580""},{""@Name"":""Priority"",""#text"":""7""}]}}"
16,16,2015-08-24 06:52:13.8906250,201,Info,Microsoft-Windows-TaskScheduler,Microsoft-Windows-TaskScheduler/Operational,412,468,26L2233B1-02,0,S-1-5-18,Scheduled Task completed,,,Task: \Microsoft\Windows\PLA\System\ConvertLogEntries,Instance Id: 082ec156-f90b-4ad3-9b84-57750cedd28f,,,,,C:\Windows\system32\rundll32.exe,False,M:\Forensics\TrainingImages\AliHadi\Challenge1\tout\M\Forensics\TrainingImages\AliHadi\Challenge1\s4a-challenge4\Windows\System32\winevt\logs\Microsoft-Windows-TaskScheduler%4Operational.evtx,Classic,0,"{""EventData"":{""@Name"":""ActionSuccess"",""Data"":[{""@Name"":""TaskName"",""#text"":""\\Microsoft\\Windows\\PLA\\System\\ConvertLogEntries""},{""@Name"":""TaskInstanceId"",""#text"":""082ec156-f90b-4ad3-9b84-57750cedd28f""},{""@Name"":""ActionName"",""#text"":""C:\\Windows\\system32\\rundll32.exe""},{""@Name"":""ResultCode"",""#text"":""0""}]}}"
17,17,2015-08-24 06:52:13.8906250,102,Info,Microsoft-Windows-TaskScheduler,Microsoft-Windows-TaskScheduler/Operational,412,468,26L2233B1-02,0,S-1-5-18,Scheduled Task completed,Context: WORKGROUP\26L2233B1-02$,,Task: \Microsoft\Windows\PLA\System\ConvertLogEntries,Instance Id: 082ec156-f90b-4ad3-9b84-57750cedd28f,,,,,,False,M:\Forensics\TrainingImages\AliHadi\Challenge1\tout\M\Forensics\TrainingImages\AliHadi\Challenge1\s4a-challenge4\Windows\System32\winevt\logs\Microsoft-Windows-TaskScheduler%4Operational.evtx,Classic,0,"{""EventData"":{""@Name"":""TaskSuccessEvent"",""Data"":[{""@Name"":""TaskName"",""#text"":""\\Microsoft\\Windows\\PLA\\System\\ConvertLogEntries""},{""@Name"":""UserContext"",""#text"":""WORKGROUP\\26L2233B1-02$""},{""@Name"":""InstanceId"",""#text"":""082ec156-f90b-4ad3-9b84-57750cedd28f""}]}}"
18,18,2015-08-24 06:52:13.9218750,314,Info,Microsoft-Windows-TaskScheduler,Microsoft-Windows-TaskScheduler/Operational,896,1244,26L2233B1-02,0,S-1-5-18,,,,,,,,,,,False,M:\Forensics\TrainingImages\AliHadi\Challenge1\tout\M\Forensics\TrainingImages\AliHadi\Challenge1\s4a-challenge4\Windows\System32\winevt\logs\Microsoft-Windows-TaskScheduler%4Operational.evtx,Classic,0,"{""EventData"":{""@Name"":""TaskEngineIdle"",""Data"":{""@Name"":""TaskEngineName"",""#text"":""S-1-5-18:NT AUTHORITY\\System:Service:""}}}"
19,19,2015-08-24 06:52:54.9680000,402,Info,Microsoft-Windows-TaskScheduler,Microsoft-Windows-TaskScheduler/Operational,896,1228,26L2233B1-02,0,S-1-5-18,,,,,,,,,,,False,M:\Forensics\TrainingImages\AliHadi\Challenge1\tout\M\Forensics\TrainingImages\AliHadi\Challenge1\s4a-challenge4\Windows\System32\winevt\logs\Microsoft-Windows-TaskScheduler%4Operational.evtx,Classic,0,"{""EventData"":{""@Name"":""ServiceStopEvent""}}"
20,20,2015-08-24 06:52:55.3898750,301,Info,Microsoft-Windows-TaskScheduler,Microsoft-Windows-TaskScheduler/Operational,412,416,WIN-L0ZZQ76PMUF,0,S-1-5-18,,,,,,,,,,,False,M:\Forensics\TrainingImages\AliHadi\Challenge1\tout\M\Forensics\TrainingImages\AliHadi\Challenge1\s4a-challenge4\Windows\System32\winevt\logs\Microsoft-Windows-TaskScheduler%4Operational.evtx,Classic,0,"{""EventData"":{""@Name"":""TaskEngineExitEvent"",""Data"":{""@Name"":""TaskEngineName"",""#text"":""S-1-5-18:NT AUTHORITY\\System:Service:""}}}"
21,21,2015-08-24 06:52:55.3898750,318,Info,Microsoft-Windows-TaskScheduler,Microsoft-Windows-TaskScheduler/Operational,412,416,WIN-L0ZZQ76PMUF,0,S-1-5-18,,,,,,,,,,,False,M:\Forensics\TrainingImages\AliHadi\Challenge1\tout\M\Forensics\TrainingImages\AliHadi\Challenge1\s4a-challenge4\Windows\System32\winevt\logs\Microsoft-Windows-TaskScheduler%4Operational.evtx,Classic,0,"{""EventData"":{""@Name"":""TaskEngineProcessMainShutdown"",""Data"":{""@Name"":""TaskEngineName"",""#text"":""S-1-5-18:NT AUTHORITY\\System:Service:""}}}"
22,22,2015-08-24 06:54:09.8125000,700,Info,Microsoft-Windows-TaskScheduler,Microsoft-Windows-TaskScheduler/Operational,904,1332,WIN-L0ZZQ76PMUF,0,S-1-5-18,,,,,,,,,,,False,M:\Forensics\TrainingImages\AliHadi\Challenge1\tout\M\Forensics\TrainingImages\AliHadi\Challenge1\s4a-challenge4\Windows\System32\winevt\logs\Microsoft-Windows-TaskScheduler%4Operational.evtx,Classic,0,"{""EventData"":{""@Name"":""CompatibilityAdapterLaunch""}}"
23,23,2015-08-24 06:54:09.8281250,400,Info,Microsoft-Windows-TaskScheduler,Microsoft-Windows-TaskScheduler/Operational,904,1332,WIN-L0ZZQ76PMUF,0,S-1-5-18,,,,,,,,,,,False,M:\Forensics\TrainingImages\AliHadi\Challenge1\tout\M\Forensics\TrainingImages\AliHadi\Challenge1\s4a-challenge4\Windows\System32\winevt\logs\Microsoft-Windows-TaskScheduler%4Operational.evtx,Classic,0,"{""EventData"":{""@Name"":""ServiceStartEvent""}}"
24,24,2015-08-24 06:54:09.8281250,118,Info,Microsoft-Windows-TaskScheduler,Microsoft-Windows-TaskScheduler/Operational,904,1332,WIN-L0ZZQ76PMUF,0,S-1-5-18,,,,,,,,,,,False,M:\Forensics\TrainingImages\AliHadi\Challenge1\tout\M\Forensics\TrainingImages\AliHadi\Challenge1\s4a-challenge4\Windows\System32\winevt\logs\Microsoft-Windows-TaskScheduler%4Operational.evtx,Classic,0,"{""EventData"":{""@Name"":""BootTrigger"",""Data"":[{""@Name"":""TaskName"",""#text"":""\\Microsoft\\Windows\\CertificateServicesClient\\SystemTask""},{""@Name"":""InstanceId"",""#text"":""65461a4f-bdb2-4864-9874-240f3fa69835""}]}}"
25,25,2015-08-24 06:54:09.8281250,118,Info,Microsoft-Windows-TaskScheduler,Microsoft-Windows-TaskScheduler/Operational,904,1332,WIN-L0ZZQ76PMUF,0,S-1-5-18,,,,,,,,,,,False,M:\Forensics\TrainingImages\AliHadi\Challenge1\tout\M\Forensics\TrainingImages\AliHadi\Challenge1\s4a-challenge4\Windows\System32\winevt\logs\Microsoft-Windows-TaskScheduler%4Operational.evtx,Classic,0,"{""EventData"":{""@Name"":""BootTrigger"",""Data"":[{""@Name"":""TaskName"",""#text"":""\\Microsoft\\Windows\\RAC\\RACAgent""},{""@Name"":""InstanceId"",""#text"":""4d431254-b2b7-43b4-bc82-e24f1ec60dea""}]}}"
26,26,2015-08-24 06:54:10.0000000,114,Warning,Microsoft-Windows-TaskScheduler,Microsoft-Windows-TaskScheduler/Operational,904,1332,WIN-L0ZZQ76PMUF,0,S-1-5-18,,,,,,,,,,,False,M:\Forensics\TrainingImages\AliHadi\Challenge1\tout\M\Forensics\TrainingImages\AliHadi\Challenge1\s4a-challenge4\Windows\System32\winevt\logs\Microsoft-Windows-TaskScheduler%4Operational.evtx,Classic,0,"{""EventData"":{""@Name"":""MissedTaskLaunched"",""Data"":[{""@Name"":""TaskName"",""#text"":""\\Microsoft\\Windows\\Customer Experience Improvement Program\\Consolidator""},{""@Name"":""InstanceId"",""#text"":""bc6f079f-a5f8-461b-be3c-59781d1c3c31""}]}}"
27,27,2015-08-24 06:54:20.1406250,112,Warning,Microsoft-Windows-TaskScheduler,Microsoft-Windows-TaskScheduler/Operational,904,1344,WIN-L0ZZQ76PMUF,0,S-1-5-18,,,,,,,,,,,False,M:\Forensics\TrainingImages\AliHadi\Challenge1\tout\M\Forensics\TrainingImages\AliHadi\Challenge1\s4a-challenge4\Windows\System32\winevt\logs\Microsoft-Windows-TaskScheduler%4Operational.evtx,Classic,0,"{""EventData"":{""@Name"":""TaskNoStartWithoutNetwork"",""Data"":{""@Name"":""TaskName"",""#text"":""\\Microsoft\\Windows\\CertificateServicesClient\\SystemTask""}}}"
28,28,2015-08-24 06:54:20.1406250,101,Error,Microsoft-Windows-TaskScheduler,Microsoft-Windows-TaskScheduler/Operational,904,1344,WIN-L0ZZQ76PMUF,0,S-1-5-18,,,,,,,,,,,False,M:\Forensics\TrainingImages\AliHadi\Challenge1\tout\M\Forensics\TrainingImages\AliHadi\Challenge1\s4a-challenge4\Windows\System32\winevt\logs\Microsoft-Windows-TaskScheduler%4Operational.evtx,Classic,0,"{""EventData"":{""@Name"":""TaskStartFailedEvent"",""Data"":[{""@Name"":""TaskName"",""#text"":""\\Microsoft\\Windows\\CertificateServicesClient\\SystemTask""},{""@Name"":""UserContext"",""#text"":""NT AUTHORITY\\System""},{""@Name"":""ResultCode"",""#text"":""2147750692""}]}}"
29,29,2015-08-24 06:54:20.1406250,126,Warning,Microsoft-Windows-TaskScheduler,Microsoft-Windows-TaskScheduler/Operational,904,1344,WIN-L0ZZQ76PMUF,0,S-1-5-18,,,,,,,,,,,False,M:\Forensics\TrainingImages\AliHadi\Challenge1\tout\M\Forensics\TrainingImages\AliHadi\Challenge1\s4a-challenge4\Windows\System32\winevt\logs\Microsoft-Windows-TaskScheduler%4Operational.evtx,Classic,0,"{""EventData"":{""@Name"":""FailedTaskRestart"",""Data"":[{""@Name"":""TaskName"",""#text"":""\\Microsoft\\Windows\\CertificateServicesClient\\SystemTask""},{""@Name"":""ResultCode"",""#text"":""2147750692""}]}}"
30,30,2015-08-24 06:54:21.6562500,108,Info,Microsoft-Windows-TaskScheduler,Microsoft-Windows-TaskScheduler/Operational,904,1804,WIN-L0ZZQ76PMUF,0,S-1-5-18,,,,,,,,,,,False,M:\Forensics\TrainingImages\AliHadi\Challenge1\tout\M\Forensics\TrainingImages\AliHadi\Challenge1\s4a-challenge4\Windows\System32\winevt\logs\Microsoft-Windows-TaskScheduler%4Operational.evtx,Classic,0,"{""EventData"":{""@Name"":""EventTriggerEvent"",""Data"":[{""@Name"":""TaskName"",""#text"":""\\Microsoft\\Windows\\PLA\\System\\ConvertLogEntries""},{""@Name"":""InstanceId"",""#text"":""88862e25-a35f-489a-8a0a-2b10928410d4""}]}}"
31,31,2015-08-24 06:54:21.6562500,310,Info,Microsoft-Windows-TaskScheduler,Microsoft-Windows-TaskScheduler/Operational,904,1344,WIN-L0ZZQ76PMUF,0,S-1-5-18,,,,,,,,,,,False,M:\Forensics\TrainingImages\AliHadi\Challenge1\tout\M\Forensics\TrainingImages\AliHadi\Challenge1\s4a-challenge4\Windows\System32\winevt\logs\Microsoft-Windows-TaskScheduler%4Operational.evtx,Classic,0,"{""EventData"":{""@Name"":""TaskEngineProcessStarted"",""Data"":[{""@Name"":""TaskEngineName"",""#text"":""S-1-5-18:NT AUTHORITY\\System:Service:""},{""@Name"":""Command"",""#text"":""taskeng.exe""},{""@Name"":""ProcessID"",""#text"":""1896""},{""@Name"":""ThreadID"",""#text"":""1900""}]}}"
32,32,2015-08-24 06:54:21.7968750,317,Info,Microsoft-Windows-TaskScheduler,Microsoft-Windows-TaskScheduler/Operational,1896,1900,WIN-L0ZZQ76PMUF,0,S-1-5-18,,,,,,,,,,,False,M:\Forensics\TrainingImages\AliHadi\Challenge1\tout\M\Forensics\TrainingImages\AliHadi\Challenge1\s4a-challenge4\Windows\System32\winevt\logs\Microsoft-Windows-TaskScheduler%4Operational.evtx,Classic,0,"{""EventData"":{""@Name"":""TaskEngineProcessMainStarted"",""Data"":{""@Name"":""TaskEngineName"",""#text"":""S-1-5-18:NT AUTHORITY\\System:Service:""}}}"
33,33,2015-08-24 06:54:21.8125000,319,Info,Microsoft-Windows-TaskScheduler,Microsoft-Windows-TaskScheduler/Operational,1896,1912,WIN-L0ZZQ76PMUF,0,S-1-5-18,,,,,,,,,,,False,M:\Forensics\TrainingImages\AliHadi\Challenge1\tout\M\Forensics\TrainingImages\AliHadi\Challenge1\s4a-challenge4\Windows\System32\winevt\logs\Microsoft-Windows-TaskScheduler%4Operational.evtx,Classic,0,"{""EventData"":{""@Name"":""TaskEngineProcessReceivedStartTask"",""Data"":[{""@Name"":""TaskEngineName"",""#text"":""S-1-5-18:NT AUTHORITY\\System:Service:""},{""@Name"":""TaskName"",""#text"":""\\Microsoft\\Windows\\PLA\\System\\ConvertLogEntries""}]}}"
34,34,2015-08-24 06:54:21.8437500,100,Info,Microsoft-Windows-TaskScheduler,Microsoft-Windows-TaskScheduler/Operational,1896,1912,WIN-L0ZZQ76PMUF,0,S-1-5-18,Scheduled Task started,Context: WORKGROUP\WIN-L0ZZQ76PMUF$,,Task: \Microsoft\Windows\PLA\System\ConvertLogEntries,Instance Id: 88862e25-a35f-489a-8a0a-2b10928410d4,,,,,,False,M:\Forensics\TrainingImages\AliHadi\Challenge1\tout\M\Forensics\TrainingImages\AliHadi\Challenge1\s4a-challenge4\Windows\System32\winevt\logs\Microsoft-Windows-TaskScheduler%4Operational.evtx,Classic,0,"{""EventData"":{""@Name"":""TaskStartEvent"",""Data"":[{""@Name"":""TaskName"",""#text"":""\\Microsoft\\Windows\\PLA\\System\\ConvertLogEntries""},{""@Name"":""UserContext"",""#text"":""WORKGROUP\\WIN-L0ZZQ76PMUF$""},{""@Name"":""InstanceId"",""#text"":""88862e25-a35f-489a-8a0a-2b10928410d4""}]}}"
35,35,2015-08-24 06:54:21.8437500,200,Info,Microsoft-Windows-TaskScheduler,Microsoft-Windows-TaskScheduler/Operational,1896,1924,WIN-L0ZZQ76PMUF,0,S-1-5-18,Scheduled Task executed,,,Task: \Microsoft\Windows\PLA\System\ConvertLogEntries,Instance Id: 88862e25-a35f-489a-8a0a-2b10928410d4,,,,,%windir%\system32\rundll32.exe,False,M:\Forensics\TrainingImages\AliHadi\Challenge1\tout\M\Forensics\TrainingImages\AliHadi\Challenge1\s4a-challenge4\Windows\System32\winevt\logs\Microsoft-Windows-TaskScheduler%4Operational.evtx,Classic,0,"{""EventData"":{""@Name"":""ActionStart"",""Data"":[{""@Name"":""TaskName"",""#text"":""\\Microsoft\\Windows\\PLA\\System\\ConvertLogEntries""},{""@Name"":""ActionName"",""#text"":""%windir%\\system32\\rundll32.exe""},{""@Name"":""TaskInstanceId"",""#text"":""88862e25-a35f-489a-8a0a-2b10928410d4""}]}}"
36,36,2015-08-24 06:54:21.9218750,129,Info,Microsoft-Windows-TaskScheduler,Microsoft-Windows-TaskScheduler/Operational,1896,1924,WIN-L0ZZQ76PMUF,0,S-1-5-18,Scheduled Task created,,,Task: \Microsoft\Windows\PLA\System\ConvertLogEntries,ProcessID: 1928,,,,,C:\Windows\system32\rundll32.exe,False,M:\Forensics\TrainingImages\AliHadi\Challenge1\tout\M\Forensics\TrainingImages\AliHadi\Challenge1\s4a-challenge4\Windows\System32\winevt\logs\Microsoft-Windows-TaskScheduler%4Operational.evtx,Classic,0,"{""EventData"":{""@Name"":""CreatedTaskProcess"",""Data"":[{""@Name"":""TaskName"",""#text"":""\\Microsoft\\Windows\\PLA\\System\\ConvertLogEntries""},{""@Name"":""Path"",""#text"":""C:\\Windows\\system32\\rundll32.exe""},{""@Name"":""ProcessID"",""#text"":""1928""},{""@Name"":""Priority"",""#text"":""7""}]}}"
37,37,2015-08-24 06:54:22.5937500,201,Info,Microsoft-Windows-TaskScheduler,Microsoft-Windows-TaskScheduler/Operational,1896,1924,WIN-L0ZZQ76PMUF,0,S-1-5-18,Scheduled Task completed,,,Task: \Microsoft\Windows\PLA\System\ConvertLogEntries,Instance Id: 88862e25-a35f-489a-8a0a-2b10928410d4,,,,,C:\Windows\system32\rundll32.exe,False,M:\Forensics\TrainingImages\AliHadi\Challenge1\tout\M\Forensics\TrainingImages\AliHadi\Challenge1\s4a-challenge4\Windows\System32\winevt\logs\Microsoft-Windows-TaskScheduler%4Operational.evtx,Classic,0,"{""EventData"":{""@Name"":""ActionSuccess"",""Data"":[{""@Name"":""TaskName"",""#text"":""\\Microsoft\\Windows\\PLA\\System\\ConvertLogEntries""},{""@Name"":""TaskInstanceId"",""#text"":""88862e25-a35f-489a-8a0a-2b10928410d4""},{""@Name"":""ActionName"",""#text"":""C:\\Windows\\system32\\rundll32.exe""},{""@Name"":""ResultCode"",""#text"":""0""}]}}"
38,38,2015-08-24 06:54:22.5937500,102,Info,Microsoft-Windows-TaskScheduler,Microsoft-Windows-TaskScheduler/Operational,1896,1924,WIN-L0ZZQ76PMUF,0,S-1-5-18,Scheduled Task completed,Context: WORKGROUP\WIN-L0ZZQ76PMUF$,,Task: \Microsoft\Windows\PLA\System\ConvertLogEntries,Instance Id: 88862e25-a35f-489a-8a0a-2b10928410d4,,,,,,False,M:\Forensics\TrainingImages\AliHadi\Challenge1\tout\M\Forensics\TrainingImages\AliHadi\Challenge1\s4a-challenge4\Windows\System32\winevt\logs\Microsoft-Windows-TaskScheduler%4Operational.evtx,Classic,0,"{""EventData"":{""@Name"":""TaskSuccessEvent"",""Data"":[{""@Name"":""TaskName"",""#text"":""\\Microsoft\\Windows\\PLA\\System\\ConvertLogEntries""},{""@Name"":""UserContext"",""#text"":""WORKGROUP\\WIN-L0ZZQ76PMUF$""},{""@Name"":""InstanceId"",""#text"":""88862e25-a35f-489a-8a0a-2b10928410d4""}]}}"
39,39,2015-08-24 06:54:22.6093750,314,Info,Microsoft-Windows-TaskScheduler,Microsoft-Windows-TaskScheduler/Operational,904,1348,WIN-L0ZZQ76PMUF,0,S-1-5-18,,,,,,,,,,,False,M:\Forensics\TrainingImages\AliHadi\Challenge1\tout\M\Forensics\TrainingImages\AliHadi\Challenge1\s4a-challenge4\Windows\System32\winevt\logs\Microsoft-Windows-TaskScheduler%4Operational.evtx,Classic,0,"{""EventData"":{""@Name"":""TaskEngineIdle"",""Data"":{""@Name"":""TaskEngineName"",""#text"":""S-1-5-18:NT AUTHORITY\\System:Service:""}}}"
40,40,2015-08-24 06:54:25.0468750,140,Info,Microsoft-Windows-TaskScheduler,Microsoft-Windows-TaskScheduler/Operational,904,1348,WIN-L0ZZQ76PMUF,0,S-1-5-18,Scheduled Task updated,WORKGROUP\WIN-L0ZZQ76PMUF$,,Task: Microsoft\Windows\MUI\LPRemove,,,,,,,False,M:\Forensics\TrainingImages\AliHadi\Challenge1\tout\M\Forensics\TrainingImages\AliHadi\Challenge1\s4a-challenge4\Windows\System32\winevt\logs\Microsoft-Windows-TaskScheduler%4Operational.evtx,Classic,0,"{""EventData"":{""@Name"":""TaskUpdated"",""Data"":[{""@Name"":""TaskName"",""#text"":""Microsoft\\Windows\\MUI\\LPRemove""},{""@Name"":""UserName"",""#text"":""WORKGROUP\\WIN-L0ZZQ76PMUF$""}]}}"
41,41,2015-08-24 06:55:20.1406250,319,Info,Microsoft-Windows-TaskScheduler,Microsoft-Windows-TaskScheduler/Operational,1896,1912,WIN-L0ZZQ76PMUF,0,S-1-5-18,,,,,,,,,,,False,M:\Forensics\TrainingImages\AliHadi\Challenge1\tout\M\Forensics\TrainingImages\AliHadi\Challenge1\s4a-challenge4\Windows\System32\winevt\logs\Microsoft-Windows-TaskScheduler%4Operational.evtx,Classic,0,"{""EventData"":{""@Name"":""TaskEngineProcessReceivedStartTask"",""Data"":[{""@Name"":""TaskEngineName"",""#text"":""S-1-5-18:NT AUTHORITY\\System:Service:""},{""@Name"":""TaskName"",""#text"":""\\Microsoft\\Windows\\CertificateServicesClient\\SystemTask""}]}}"
42,42,2015-08-24 06:55:20.1718750,100,Info,Microsoft-Windows-TaskScheduler,Microsoft-Windows-TaskScheduler/Operational,1896,1912,WIN-L0ZZQ76PMUF,0,S-1-5-18,Scheduled Task started,Context: WORKGROUP\WIN-L0ZZQ76PMUF$,,Task: \Microsoft\Windows\CertificateServicesClient\SystemTask,Instance Id: cf19c38c-5929-4762-aa0b-f288dd1ee51c,,,,,,False,M:\Forensics\TrainingImages\AliHadi\Challenge1\tout\M\Forensics\TrainingImages\AliHadi\Challenge1\s4a-challenge4\Windows\System32\winevt\logs\Microsoft-Windows-TaskScheduler%4Operational.evtx,Classic,0,"{""EventData"":{""@Name"":""TaskStartEvent"",""Data"":[{""@Name"":""TaskName"",""#text"":""\\Microsoft\\Windows\\CertificateServicesClient\\SystemTask""},{""@Name"":""UserContext"",""#text"":""WORKGROUP\\WIN-L0ZZQ76PMUF$""},{""@Name"":""InstanceId"",""#text"":""cf19c38c-5929-4762-aa0b-f288dd1ee51c""}]}}"
43,43,2015-08-24 06:55:20.1718750,200,Info,Microsoft-Windows-TaskScheduler,Microsoft-Windows-TaskScheduler/Operational,1896,1212,WIN-L0ZZQ76PMUF,0,S-1-5-18,Scheduled Task executed,,,Task: \Microsoft\Windows\CertificateServicesClient\SystemTask,Instance Id: cf19c38c-5929-4762-aa0b-f288dd1ee51c,,,,,Certificate Services Client Task Handler,False,M:\Forensics\TrainingImages\AliHadi\Challenge1\tout\M\Forensics\TrainingImages\AliHadi\Challenge1\s4a-challenge4\Windows\System32\winevt\logs\Microsoft-Windows-TaskScheduler%4Operational.evtx,Classic,0,"{""EventData"":{""@Name"":""ActionStart"",""Data"":[{""@Name"":""TaskName"",""#text"":""\\Microsoft\\Windows\\CertificateServicesClient\\SystemTask""},{""@Name"":""ActionName"",""#text"":""Certificate Services Client Task Handler""},{""@Name"":""TaskInstanceId"",""#text"":""cf19c38c-5929-4762-aa0b-f288dd1ee51c""}]}}"
44,44,2015-08-24 06:57:40.9687500,119,Info,Microsoft-Windows-TaskScheduler,Microsoft-Windows-TaskScheduler/Operational,904,908,WIN-L0ZZQ76PMUF,0,S-1-5-18,Scheduled Task triggered on logon,WIN-L0ZZQ76PMUF\Administrator,,Task: \Microsoft\Windows\CertificateServicesClient\UserTask,Instance Id: 21d5667f-8bd9-4c70-a647-de72f2b304df,,,,,,False,M:\Forensics\TrainingImages\AliHadi\Challenge1\tout\M\Forensics\TrainingImages\AliHadi\Challenge1\s4a-challenge4\Windows\System32\winevt\logs\Microsoft-Windows-TaskScheduler%4Operational.evtx,Classic,0,"{""EventData"":{""@Name"":""LogonTrigger"",""Data"":[{""@Name"":""TaskName"",""#text"":""\\Microsoft\\Windows\\CertificateServicesClient\\UserTask""},{""@Name"":""UserName"",""#text"":""WIN-L0ZZQ76PMUF\\Administrator""},{""@Name"":""InstanceId"",""#text"":""21d5667f-8bd9-4c70-a647-de72f2b304df""}]}}"
45,45,2015-08-24 06:57:40.9687500,119,Info,Microsoft-Windows-TaskScheduler,Microsoft-Windows-TaskScheduler/Operational,904,908,WIN-L0ZZQ76PMUF,0,S-1-5-18,Scheduled Task triggered on logon,WIN-L0ZZQ76PMUF\Administrator,,Task: \Microsoft\Windows\Windows Error Reporting\QueueReporting,Instance Id: 580c71a6-8de3-4ff8-b026-1f9cda7a187d,,,,,,False,M:\Forensics\TrainingImages\AliHadi\Challenge1\tout\M\Forensics\TrainingImages\AliHadi\Challenge1\s4a-challenge4\Windows\System32\winevt\logs\Microsoft-Windows-TaskScheduler%4Operational.evtx,Classic,0,"{""EventData"":{""@Name"":""LogonTrigger"",""Data"":[{""@Name"":""TaskName"",""#text"":""\\Microsoft\\Windows\\Windows Error Reporting\\QueueReporting""},{""@Name"":""UserName"",""#text"":""WIN-L0ZZQ76PMUF\\Administrator""},{""@Name"":""InstanceId"",""#text"":""580c71a6-8de3-4ff8-b026-1f9cda7a187d""}]}}"
46,46,2015-08-24 06:57:40.9687500,119,Info,Microsoft-Windows-TaskScheduler,Microsoft-Windows-TaskScheduler/Operational,904,908,WIN-L0ZZQ76PMUF,0,S-1-5-18,Scheduled Task triggered on logon,WIN-L0ZZQ76PMUF\Administrator,,Task: \Microsoft\Windows\TextServicesFramework\MsCtfMonitor,Instance Id: 7dca2948-bd6b-4c30-8bba-0b1eef95a85b,,,,,,False,M:\Forensics\TrainingImages\AliHadi\Challenge1\tout\M\Forensics\TrainingImages\AliHadi\Challenge1\s4a-challenge4\Windows\System32\winevt\logs\Microsoft-Windows-TaskScheduler%4Operational.evtx,Classic,0,"{""EventData"":{""@Name"":""LogonTrigger"",""Data"":[{""@Name"":""TaskName"",""#text"":""\\Microsoft\\Windows\\TextServicesFramework\\MsCtfMonitor""},{""@Name"":""UserName"",""#text"":""WIN-L0ZZQ76PMUF\\Administrator""},{""@Name"":""InstanceId"",""#text"":""7dca2948-bd6b-4c30-8bba-0b1eef95a85b""}]}}"
47,47,2015-08-24 06:57:40.9687500,119,Info,Microsoft-Windows-TaskScheduler,Microsoft-Windows-TaskScheduler/Operational,904,908,WIN-L0ZZQ76PMUF,0,S-1-5-18,Scheduled Task triggered on logon,WIN-L0ZZQ76PMUF\Administrator,,Task: \Microsoft\Windows\NetworkAccessProtection\NAPStatus UI,Instance Id: 16d07961-4def-4df6-8209-831ba116b95c,,,,,,False,M:\Forensics\TrainingImages\AliHadi\Challenge1\tout\M\Forensics\TrainingImages\AliHadi\Challenge1\s4a-challenge4\Windows\System32\winevt\logs\Microsoft-Windows-TaskScheduler%4Operational.evtx,Classic,0,"{""EventData"":{""@Name"":""LogonTrigger"",""Data"":[{""@Name"":""TaskName"",""#text"":""\\Microsoft\\Windows\\NetworkAccessProtection\\NAPStatus UI""},{""@Name"":""UserName"",""#text"":""WIN-L0ZZQ76PMUF\\Administrator""},{""@Name"":""InstanceId"",""#text"":""16d07961-4def-4df6-8209-831ba116b95c""}]}}"
48,48,2015-08-24 06:57:40.9687500,119,Info,Microsoft-Windows-TaskScheduler,Microsoft-Windows-TaskScheduler/Operational,904,908,WIN-L0ZZQ76PMUF,0,S-1-5-18,Scheduled Task triggered on logon,WIN-L0ZZQ76PMUF\Administrator,,Task: \Microsoft\Windows\Server Manager\ServerManager,Instance Id: b6116666-02af-4d6a-9158-c28b9ed61d45,,,,,,False,M:\Forensics\TrainingImages\AliHadi\Challenge1\tout\M\Forensics\TrainingImages\AliHadi\Challenge1\s4a-challenge4\Windows\System32\winevt\logs\Microsoft-Windows-TaskScheduler%4Operational.evtx,Classic,0,"{""EventData"":{""@Name"":""LogonTrigger"",""Data"":[{""@Name"":""TaskName"",""#text"":""\\Microsoft\\Windows\\Server Manager\\ServerManager""},{""@Name"":""UserName"",""#text"":""WIN-L0ZZQ76PMUF\\Administrator""},{""@Name"":""InstanceId"",""#text"":""b6116666-02af-4d6a-9158-c28b9ed61d45""}]}}"
49,49,2015-08-24 06:57:40.9687500,119,Info,Microsoft-Windows-TaskScheduler,Microsoft-Windows-TaskScheduler/Operational,904,908,WIN-L0ZZQ76PMUF,0,S-1-5-18,Scheduled Task triggered on logon,WIN-L0ZZQ76PMUF\Administrator,,Task: \Microsoft\Windows\Multimedia\SystemSoundsService,Instance Id: 281558bb-82ea-49e6-ae86-d8638470efac,,,,,,False,M:\Forensics\TrainingImages\AliHadi\Challenge1\tout\M\Forensics\TrainingImages\AliHadi\Challenge1\s4a-challenge4\Windows\System32\winevt\logs\Microsoft-Windows-TaskScheduler%4Operational.evtx,Classic,0,"{""EventData"":{""@Name"":""LogonTrigger"",""Data"":[{""@Name"":""TaskName"",""#text"":""\\Microsoft\\Windows\\Multimedia\\SystemSoundsService""},{""@Name"":""UserName"",""#text"":""WIN-L0ZZQ76PMUF\\Administrator""},{""@Name"":""InstanceId"",""#text"":""281558bb-82ea-49e6-ae86-d8638470efac""}]}}"
50,50,2015-08-24 06:57:40.9843750,310,Info,Microsoft-Windows-TaskScheduler,Microsoft-Windows-TaskScheduler/Operational,904,1344,WIN-L0ZZQ76PMUF,0,S-1-5-18,,,,,,,,,,,False,M:\Forensics\TrainingImages\AliHadi\Challenge1\tout\M\Forensics\TrainingImages\AliHadi\Challenge1\s4a-challenge4\Windows\System32\winevt\logs\Microsoft-Windows-TaskScheduler%4Operational.evtx,Classic,0,"{""EventData"":{""@Name"":""TaskEngineProcessStarted"",""Data"":[{""@Name"":""TaskEngineName"",""#text"":""S-1-5-21-3848053756-3249532031-1848221756-500:WIN-L0ZZQ76PMUF\\Administrator:Interactive:[1]""},{""@Name"":""Command"",""#text"":""taskeng.exe""},{""@Name"":""ProcessID"",""#text"":""744""},{""@Name"":""ThreadID"",""#text"":""1008""}]}}"
51,51,2015-08-24 06:57:41.1093750,317,Info,Microsoft-Windows-TaskScheduler,Microsoft-Windows-TaskScheduler/Operational,744,1008,WIN-L0ZZQ76PMUF,0,S-1-5-21-3848053756-3249532031-1848221756-500,,,,,,,,,,,False,M:\Forensics\TrainingImages\AliHadi\Challenge1\tout\M\Forensics\TrainingImages\AliHadi\Challenge1\s4a-challenge4\Windows\System32\winevt\logs\Microsoft-Windows-TaskScheduler%4Operational.evtx,Classic,0,"{""EventData"":{""@Name"":""TaskEngineProcessMainStarted"",""Data"":{""@Name"":""TaskEngineName"",""#text"":""S-1-5-21-3848053756-3249532031-1848221756-500:WIN-L0ZZQ76PMUF\\Administrator:Interactive:[1]""}}}"
52,52,2015-08-24 06:57:41.1250000,319,Info,Microsoft-Windows-TaskScheduler,Microsoft-Windows-TaskScheduler/Operational,744,1284,WIN-L0ZZQ76PMUF,0,S-1-5-21-3848053756-3249532031-1848221756-500,,,,,,,,,,,False,M:\Forensics\TrainingImages\AliHadi\Challenge1\tout\M\Forensics\TrainingImages\AliHadi\Challenge1\s4a-challenge4\Windows\System32\winevt\logs\Microsoft-Windows-TaskScheduler%4Operational.evtx,Classic,0,"{""EventData"":{""@Name"":""TaskEngineProcessReceivedStartTask"",""Data"":[{""@Name"":""TaskEngineName"",""#text"":""S-1-5-21-3848053756-3249532031-1848221756-500:WIN-L0ZZQ76PMUF\\Administrator:Interactive:[1]""},{""@Name"":""TaskName"",""#text"":""\\Microsoft\\Windows\\Server Manager\\ServerManager""}]}}"
53,53,2015-08-24 06:57:41.1875000,100,Info,Microsoft-Windows-TaskScheduler,Microsoft-Windows-TaskScheduler/Operational,744,1284,WIN-L0ZZQ76PMUF,0,S-1-5-21-3848053756-3249532031-1848221756-500,Scheduled Task started,Context: WIN-L0ZZQ76PMUF\Administrator,,Task: \Microsoft\Windows\Server Manager\ServerManager,Instance Id: b6116666-02af-4d6a-9158-c28b9ed61d45,,,,,,False,M:\Forensics\TrainingImages\AliHadi\Challenge1\tout\M\Forensics\TrainingImages\AliHadi\Challenge1\s4a-challenge4\Windows\System32\winevt\logs\Microsoft-Windows-TaskScheduler%4Operational.evtx,Classic,0,"{""EventData"":{""@Name"":""TaskStartEvent"",""Data"":[{""@Name"":""TaskName"",""#text"":""\\Microsoft\\Windows\\Server Manager\\ServerManager""},{""@Name"":""UserContext"",""#text"":""WIN-L0ZZQ76PMUF\\Administrator""},{""@Name"":""InstanceId"",""#text"":""b6116666-02af-4d6a-9158-c28b9ed61d45""}]}}"
54,54,2015-08-24 06:57:41.1875000,200,Info,Microsoft-Windows-TaskScheduler,Microsoft-Windows-TaskScheduler/Operational,744,1440,WIN-L0ZZQ76PMUF,0,S-1-5-21-3848053756-3249532031-1848221756-500,Scheduled Task executed,,,Task: \Microsoft\Windows\Server Manager\ServerManager,Instance Id: b6116666-02af-4d6a-9158-c28b9ed61d45,,,,,%windir%\system32\ServerManagerLauncher.exe,False,M:\Forensics\TrainingImages\AliHadi\Challenge1\tout\M\Forensics\TrainingImages\AliHadi\Challenge1\s4a-challenge4\Windows\System32\winevt\logs\Microsoft-Windows-TaskScheduler%4Operational.evtx,Classic,0,"{""EventData"":{""@Name"":""ActionStart"",""Data"":[{""@Name"":""TaskName"",""#text"":""\\Microsoft\\Windows\\Server Manager\\ServerManager""},{""@Name"":""ActionName"",""#text"":""%windir%\\system32\\ServerManagerLauncher.exe""},{""@Name"":""TaskInstanceId"",""#text"":""b6116666-02af-4d6a-9158-c28b9ed61d45""}]}}"
55,55,2015-08-24 06:57:41.1875000,319,Info,Microsoft-Windows-TaskScheduler,Microsoft-Windows-TaskScheduler/Operational,744,1284,WIN-L0ZZQ76PMUF,0,S-1-5-21-3848053756-3249532031-1848221756-500,,,,,,,,,,,False,M:\Forensics\TrainingImages\AliHadi\Challenge1\tout\M\Forensics\TrainingImages\AliHadi\Challenge1\s4a-challenge4\Windows\System32\winevt\logs\Microsoft-Windows-TaskScheduler%4Operational.evtx,Classic,0,"{""EventData"":{""@Name"":""TaskEngineProcessReceivedStartTask"",""Data"":[{""@Name"":""TaskEngineName"",""#text"":""S-1-5-21-3848053756-3249532031-1848221756-500:WIN-L0ZZQ76PMUF\\Administrator:Interactive:[1]""},{""@Name"":""TaskName"",""#text"":""\\Microsoft\\Windows\\CertificateServicesClient\\UserTask""}]}}"
56,56,2015-08-24 06:57:41.2031250,100,Info,Microsoft-Windows-TaskScheduler,Microsoft-Windows-TaskScheduler/Operational,744,1284,WIN-L0ZZQ76PMUF,0,S-1-5-21-3848053756-3249532031-1848221756-500,Scheduled Task started,Context: WIN-L0ZZQ76PMUF\Administrator,,Task: \Microsoft\Windows\CertificateServicesClient\UserTask,Instance Id: 21d5667f-8bd9-4c70-a647-de72f2b304df,,,,,,False,M:\Forensics\TrainingImages\AliHadi\Challenge1\tout\M\Forensics\TrainingImages\AliHadi\Challenge1\s4a-challenge4\Windows\System32\winevt\logs\Microsoft-Windows-TaskScheduler%4Operational.evtx,Classic,0,"{""EventData"":{""@Name"":""TaskStartEvent"",""Data"":[{""@Name"":""TaskName"",""#text"":""\\Microsoft\\Windows\\CertificateServicesClient\\UserTask""},{""@Name"":""UserContext"",""#text"":""WIN-L0ZZQ76PMUF\\Administrator""},{""@Name"":""InstanceId"",""#text"":""21d5667f-8bd9-4c70-a647-de72f2b304df""}]}}"
57,57,2015-08-24 06:57:41.2031250,319,Info,Microsoft-Windows-TaskScheduler,Microsoft-Windows-TaskScheduler/Operational,744,1284,WIN-L0ZZQ76PMUF,0,S-1-5-21-3848053756-3249532031-1848221756-500,,,,,,,,,,,False,M:\Forensics\TrainingImages\AliHadi\Challenge1\tout\M\Forensics\TrainingImages\AliHadi\Challenge1\s4a-challenge4\Windows\System32\winevt\logs\Microsoft-Windows-TaskScheduler%4Operational.evtx,Classic,0,"{""EventData"":{""@Name"":""TaskEngineProcessReceivedStartTask"",""Data"":[{""@Name"":""TaskEngineName"",""#text"":""S-1-5-21-3848053756-3249532031-1848221756-500:WIN-L0ZZQ76PMUF\\Administrator:Interactive:[1]""},{""@Name"":""TaskName"",""#text"":""\\Microsoft\\Windows\\TextServicesFramework\\MsCtfMonitor""}]}}"
58,58,2015-08-24 06:57:41.2031250,200,Info,Microsoft-Windows-TaskScheduler,Microsoft-Windows-TaskScheduler/Operational,744,1936,WIN-L0ZZQ76PMUF,0,S-1-5-21-3848053756-3249532031-1848221756-500,Scheduled Task executed,,,Task: \Microsoft\Windows\CertificateServicesClient\UserTask,Instance Id: 21d5667f-8bd9-4c70-a647-de72f2b304df,,,,,Certificate Services Client Task Handler,False,M:\Forensics\TrainingImages\AliHadi\Challenge1\tout\M\Forensics\TrainingImages\AliHadi\Challenge1\s4a-challenge4\Windows\System32\winevt\logs\Microsoft-Windows-TaskScheduler%4Operational.evtx,Classic,0,"{""EventData"":{""@Name"":""ActionStart"",""Data"":[{""@Name"":""TaskName"",""#text"":""\\Microsoft\\Windows\\CertificateServicesClient\\UserTask""},{""@Name"":""ActionName"",""#text"":""Certificate Services Client Task Handler""},{""@Name"":""TaskInstanceId"",""#text"":""21d5667f-8bd9-4c70-a647-de72f2b304df""}]}}"
59,59,2015-08-24 06:57:41.2500000,100,Info,Microsoft-Windows-TaskScheduler,Microsoft-Windows-TaskScheduler/Operational,744,1284,WIN-L0ZZQ76PMUF,0,S-1-5-21-3848053756-3249532031-1848221756-500,Scheduled Task started,Context: WIN-L0ZZQ76PMUF\Administrator,,Task: \Microsoft\Windows\TextServicesFramework\MsCtfMonitor,Instance Id: 7dca2948-bd6b-4c30-8bba-0b1eef95a85b,,,,,,False,M:\Forensics\TrainingImages\AliHadi\Challenge1\tout\M\Forensics\TrainingImages\AliHadi\Challenge1\s4a-challenge4\Windows\System32\winevt\logs\Microsoft-Windows-TaskScheduler%4Operational.evtx,Classic,0,"{""EventData"":{""@Name"":""TaskStartEvent"",""Data"":[{""@Name"":""TaskName"",""#text"":""\\Microsoft\\Windows\\TextServicesFramework\\MsCtfMonitor""},{""@Name"":""UserContext"",""#text"":""WIN-L0ZZQ76PMUF\\Administrator""},{""@Name"":""InstanceId"",""#text"":""7dca2948-bd6b-4c30-8bba-0b1eef95a85b""}]}}"
60,60,2015-08-24 06:57:41.2500000,319,Info,Microsoft-Windows-TaskScheduler,Microsoft-Windows-TaskScheduler/Operational,744,1284,WIN-L0ZZQ76PMUF,0,S-1-5-21-3848053756-3249532031-1848221756-500,,,,,,,,,,,False,M:\Forensics\TrainingImages\AliHadi\Challenge1\tout\M\Forensics\TrainingImages\AliHadi\Challenge1\s4a-challenge4\Windows\System32\winevt\logs\Microsoft-Windows-TaskScheduler%4Operational.evtx,Classic,0,"{""EventData"":{""@Name"":""TaskEngineProcessReceivedStartTask"",""Data"":[{""@Name"":""TaskEngineName"",""#text"":""S-1-5-21-3848053756-3249532031-1848221756-500:WIN-L0ZZQ76PMUF\\Administrator:Interactive:[1]""},{""@Name"":""TaskName"",""#text"":""\\Microsoft\\Windows\\Multimedia\\SystemSoundsService""}]}}"
61,61,2015-08-24 06:57:41.2500000,200,Info,Microsoft-Windows-TaskScheduler,Microsoft-Windows-TaskScheduler/Operational,744,1732,WIN-L0ZZQ76PMUF,0,S-1-5-21-3848053756-3249532031-1848221756-500,Scheduled Task executed,,,Task: \Microsoft\Windows\TextServicesFramework\MsCtfMonitor,Instance Id: 7dca2948-bd6b-4c30-8bba-0b1eef95a85b,,,,,MsCtfMonitor task handler,False,M:\Forensics\TrainingImages\AliHadi\Challenge1\tout\M\Forensics\TrainingImages\AliHadi\Challenge1\s4a-challenge4\Windows\System32\winevt\logs\Microsoft-Windows-TaskScheduler%4Operational.evtx,Classic,0,"{""EventData"":{""@Name"":""ActionStart"",""Data"":[{""@Name"":""TaskName"",""#text"":""\\Microsoft\\Windows\\TextServicesFramework\\MsCtfMonitor""},{""@Name"":""ActionName"",""#text"":""MsCtfMonitor task handler""},{""@Name"":""TaskInstanceId"",""#text"":""7dca2948-bd6b-4c30-8bba-0b1eef95a85b""}]}}"
62,62,2015-08-24 06:57:41.2968750,100,Info,Microsoft-Windows-TaskScheduler,Microsoft-Windows-TaskScheduler/Operational,744,1284,WIN-L0ZZQ76PMUF,0,S-1-5-21-3848053756-3249532031-1848221756-500,Scheduled Task started,Context: WIN-L0ZZQ76PMUF\Administrator,,Task: \Microsoft\Windows\Multimedia\SystemSoundsService,Instance Id: 281558bb-82ea-49e6-ae86-d8638470efac,,,,,,False,M:\Forensics\TrainingImages\AliHadi\Challenge1\tout\M\Forensics\TrainingImages\AliHadi\Challenge1\s4a-challenge4\Windows\System32\winevt\logs\Microsoft-Windows-TaskScheduler%4Operational.evtx,Classic,0,"{""EventData"":{""@Name"":""TaskStartEvent"",""Data"":[{""@Name"":""TaskName"",""#text"":""\\Microsoft\\Windows\\Multimedia\\SystemSoundsService""},{""@Name"":""UserContext"",""#text"":""WIN-L0ZZQ76PMUF\\Administrator""},{""@Name"":""InstanceId"",""#text"":""281558bb-82ea-49e6-ae86-d8638470efac""}]}}"
63,63,2015-08-24 06:57:41.2968750,129,Info,Microsoft-Windows-TaskScheduler,Microsoft-Windows-TaskScheduler/Operational,744,1440,WIN-L0ZZQ76PMUF,0,S-1-5-21-3848053756-3249532031-1848221756-500,Scheduled Task created,,,Task: \Microsoft\Windows\Server Manager\ServerManager,ProcessID: 1928,,,,,C:\Windows\system32\ServerManagerLauncher.exe,False,M:\Forensics\TrainingImages\AliHadi\Challenge1\tout\M\Forensics\TrainingImages\AliHadi\Challenge1\s4a-challenge4\Windows\System32\winevt\logs\Microsoft-Windows-TaskScheduler%4Operational.evtx,Classic,0,"{""EventData"":{""@Name"":""CreatedTaskProcess"",""Data"":[{""@Name"":""TaskName"",""#text"":""\\Microsoft\\Windows\\Server Manager\\ServerManager""},{""@Name"":""Path"",""#text"":""C:\\Windows\\system32\\ServerManagerLauncher.exe""},{""@Name"":""ProcessID"",""#text"":""1928""},{""@Name"":""Priority"",""#text"":""5""}]}}"
64,64,2015-08-24 06:57:41.2968750,200,Info,Microsoft-Windows-TaskScheduler,Microsoft-Windows-TaskScheduler/Operational,744,1772,WIN-L0ZZQ76PMUF,0,S-1-5-21-3848053756-3249532031-1848221756-500,Scheduled Task executed,,,Task: \Microsoft\Windows\Multimedia\SystemSoundsService,Instance Id: 281558bb-82ea-49e6-ae86-d8638470efac,,,,,Microsoft PlaySoundService Class,False,M:\Forensics\TrainingImages\AliHadi\Challenge1\tout\M\Forensics\TrainingImages\AliHadi\Challenge1\s4a-challenge4\Windows\System32\winevt\logs\Microsoft-Windows-TaskScheduler%4Operational.evtx,Classic,0,"{""EventData"":{""@Name"":""ActionStart"",""Data"":[{""@Name"":""TaskName"",""#text"":""\\Microsoft\\Windows\\Multimedia\\SystemSoundsService""},{""@Name"":""ActionName"",""#text"":""Microsoft PlaySoundService Class""},{""@Name"":""TaskInstanceId"",""#text"":""281558bb-82ea-49e6-ae86-d8638470efac""}]}}"
65,65,2015-08-24 06:57:45.9687500,319,Info,Microsoft-Windows-TaskScheduler,Microsoft-Windows-TaskScheduler/Operational,744,1312,WIN-L0ZZQ76PMUF,0,S-1-5-21-3848053756-3249532031-1848221756-500,,,,,,,,,,,False,M:\Forensics\TrainingImages\AliHadi\Challenge1\tout\M\Forensics\TrainingImages\AliHadi\Challenge1\s4a-challenge4\Windows\System32\winevt\logs\Microsoft-Windows-TaskScheduler%4Operational.evtx,Classic,0,"{""EventData"":{""@Name"":""TaskEngineProcessReceivedStartTask"",""Data"":[{""@Name"":""TaskEngineName"",""#text"":""S-1-5-21-3848053756-3249532031-1848221756-500:WIN-L0ZZQ76PMUF\\Administrator:Interactive:[1]""},{""@Name"":""TaskName"",""#text"":""\\Microsoft\\Windows\\NetworkAccessProtection\\NAPStatus UI""}]}}"
66,66,2015-08-24 06:57:45.9843750,100,Info,Microsoft-Windows-TaskScheduler,Microsoft-Windows-TaskScheduler/Operational,744,1312,WIN-L0ZZQ76PMUF,0,S-1-5-21-3848053756-3249532031-1848221756-500,Scheduled Task started,Context: WIN-L0ZZQ76PMUF\Administrator,,Task: \Microsoft\Windows\NetworkAccessProtection\NAPStatus UI,Instance Id: 16d07961-4def-4df6-8209-831ba116b95c,,,,,,False,M:\Forensics\TrainingImages\AliHadi\Challenge1\tout\M\Forensics\TrainingImages\AliHadi\Challenge1\s4a-challenge4\Windows\System32\winevt\logs\Microsoft-Windows-TaskScheduler%4Operational.evtx,Classic,0,"{""EventData"":{""@Name"":""TaskStartEvent"",""Data"":[{""@Name"":""TaskName"",""#text"":""\\Microsoft\\Windows\\NetworkAccessProtection\\NAPStatus UI""},{""@Name"":""UserContext"",""#text"":""WIN-L0ZZQ76PMUF\\Administrator""},{""@Name"":""InstanceId"",""#text"":""16d07961-4def-4df6-8209-831ba116b95c""}]}}"
67,67,2015-08-24 06:57:45.9843750,200,Info,Microsoft-Windows-TaskScheduler,Microsoft-Windows-TaskScheduler/Operational,744,1016,WIN-L0ZZQ76PMUF,0,S-1-5-21-3848053756-3249532031-1848221756-500,Scheduled Task executed,,,Task: \Microsoft\Windows\NetworkAccessProtection\NAPStatus UI,Instance Id: 16d07961-4def-4df6-8209-831ba116b95c,,,,,Nap ITask Handler Implementation,False,M:\Forensics\TrainingImages\AliHadi\Challenge1\tout\M\Forensics\TrainingImages\AliHadi\Challenge1\s4a-challenge4\Windows\System32\winevt\logs\Microsoft-Windows-TaskScheduler%4Operational.evtx,Classic,0,"{""EventData"":{""@Name"":""ActionStart"",""Data"":[{""@Name"":""TaskName"",""#text"":""\\Microsoft\\Windows\\NetworkAccessProtection\\NAPStatus UI""},{""@Name"":""ActionName"",""#text"":""Nap ITask Handler Implementation""},{""@Name"":""TaskInstanceId"",""#text"":""16d07961-4def-4df6-8209-831ba116b95c""}]}}"
68,68,2015-08-24 06:57:49.0000000,329,Info,Microsoft-Windows-TaskScheduler,Microsoft-Windows-TaskScheduler/Operational,744,1016,WIN-L0ZZQ76PMUF,0,S-1-5-21-3848053756-3249532031-1848221756-500,,,,,,,,,,,False,M:\Forensics\TrainingImages\AliHadi\Challenge1\tout\M\Forensics\TrainingImages\AliHadi\Challenge1\s4a-challenge4\Windows\System32\winevt\logs\Microsoft-Windows-TaskScheduler%4Operational.evtx,Classic,0,"{""EventData"":{""@Name"":""StoppedOnTimeout"",""Data"":[{""@Name"":""TaskName"",""#text"":""\\Microsoft\\Windows\\NetworkAccessProtection\\NAPStatus UI""},{""@Name"":""TaskInstanceId"",""#text"":""16d07961-4def-4df6-8209-831ba116b95c""}]}}"
69,69,2015-08-24 06:57:49.0000000,111,Info,Microsoft-Windows-TaskScheduler,Microsoft-Windows-TaskScheduler/Operational,744,1016,WIN-L0ZZQ76PMUF,0,S-1-5-21-3848053756-3249532031-1848221756-500,,,,,,,,,,,False,M:\Forensics\TrainingImages\AliHadi\Challenge1\tout\M\Forensics\TrainingImages\AliHadi\Challenge1\s4a-challenge4\Windows\System32\winevt\logs\Microsoft-Windows-TaskScheduler%4Operational.evtx,Classic,0,"{""EventData"":{""@Name"":""TaskTerminationEvent"",""Data"":[{""@Name"":""TaskName"",""#text"":""\\Microsoft\\Windows\\NetworkAccessProtection\\NAPStatus UI""},{""@Name"":""InstanceId"",""#text"":""16d07961-4def-4df6-8209-831ba116b95c""}]}}"
