11,11,2015-08-24 06:51:44.1250000,4672,LogAlways,Microsoft-Windows-Security-Auditing,Security,600,676,26L2233B1-02,0,,Administrative logon,NT AUTHORITY\SYSTEM (S-1-5-18),,"PrivilegeList: SeAssignPrimaryTokenPrivilege, SeTcbPrivilege, SeSecurityPrivilege, SeTakeOwnershipPrivilege, SeLoadDriverPrivilege, SeBackupPrivilege, SeRestorePrivilege, SeDebugPrivilege, SeAuditPrivilege, SeSystemEnvironmentPrivilege, SeImpersonatePrivilege",LogonId: 0x3E7,,,,,,False,M:\Forensics\TrainingImages\AliHadi\Challenge1\tout\M\Forensics\TrainingImages\AliHadi\Challenge1\s4a-challenge4\Windows\System32\winevt\logs\Security.evtx,Audit success,0,"{""EventData"":{""Data"":[{""@Name"":""SubjectUserSid"",""#text"":""S-1-5-18""},{""@Name"":""SubjectUserName"",""#text"":""SYSTEM""},{""@Name"":""SubjectDomainName"",""#text"":""NT AUTHORITY""},{""@Name"":""SubjectLogonId"",""#text"":""0x3E7""},{""@Name"":""PrivilegeList"",""#text"":""SeAssignPrimaryTokenPrivilege, SeTcbPrivilege, SeSecurityPrivilege, SeTakeOwnershipPrivilege, SeLoadDriverPrivilege, SeBackupPrivilege, SeRestorePrivilege, SeDebugPrivilege, SeAuditPrivilege, SeSystemEnvironmentPrivilege, SeImpersonatePrivilege""}]}}"
12,12,2015-08-24 06:51:44.4218750,4648,LogAlways,Microsoft-Windows-Security-Auditing,Security,600,676,26L2233B1-02,0,,A logon was attempted using explicit credentials,WORKGROUP\26L2233B1-02$,-:-,Target: NT AUTHORITY\SYSTEM,TargetServerName: localhost,PID: 4C-02-00-00,,,,C:\Windows\System32\services.exe,False,M:\Forensics\TrainingImages\AliHadi\Challenge1\tout\M\Forensics\TrainingImages\AliHadi\Challenge1\s4a-challenge4\Windows\System32\winevt\logs\Security.evtx,Audit success,0,"{""EventData"":{""Data"":[{""@Name"":""SubjectUserSid"",""#text"":""S-1-5-18""},{""@Name"":""SubjectUserName"",""#text"":""26L2233B1-02$""},{""@Name"":""SubjectDomainName"",""#text"":""WORKGROUP""},{""@Name"":""SubjectLogonId"",""#text"":""0x3E7""},{""@Name"":""LogonGuid"",""#text"":""00000000-0000-0000-0000-000000000000""},{""@Name"":""TargetUserName"",""#text"":""SYSTEM""},{""@Name"":""TargetDomainName"",""#text"":""NT AUTHORITY""},{""@Name"":""LogonGuid"",""#text"":""00000000-0000-0000-0000-000000000000""},{""@Name"":""TargetServerName"",""#text"":""localhost""},{""@Name"":""TargetInfo"",""#text"":""localhost""},{""@Name"":""ProcessId"",""#text"":""4C-02-00-00""},{""@Name"":""ProcessName"",""#text"":""C:\\Windows\\System32\\services.exe""},{""@Name"":""IpAddress"",""#text"":""-""},{""@Name"":""IpPort"",""#text"":""-""}]}}"
13,13,2015-08-24 06:51:44.4218750,4624,LogAlways,Microsoft-Windows-Security-Auditing,Security,600,676,26L2233B1-02,0,,Successful logon,WORKGROUP\26L2233B1-02$," (-)",Target: NT AUTHORITY\SYSTEM,LogonType 5,LogonId: 0x3E7,,,,C:\Windows\System32\services.exe,False,M:\Forensics\TrainingImages\AliHadi\Challenge1\tout\M\Forensics\TrainingImages\AliHadi\Challenge1\s4a-challenge4\Windows\System32\winevt\logs\Security.evtx,Audit success,0,"{""EventData"":{""Data"":[{""@Name"":""SubjectUserSid"",""#text"":""S-1-5-18""},{""@Name"":""SubjectUserName"",""#text"":""26L2233B1-02$""},{""@Name"":""SubjectDomainName"",""#text"":""WORKGROUP""},{""@Name"":""SubjectLogonId"",""#text"":""0x3E7""},{""@Name"":""TargetUserSid"",""#text"":""S-1-5-18""},{""@Name"":""TargetUserName"",""#text"":""SYSTEM""},{""@Name"":""TargetDomainName"",""#text"":""NT AUTHORITY""},{""@Name"":""TargetLogonId"",""#text"":""0x3E7""},{""@Name"":""LogonType"",""#text"":""5""},{""@Name"":""LogonProcessName"",""#text"":""Advapi  ""},{""@Name"":""AuthenticationPackageName"",""#text"":""Negotiate""},{""@Name"":""WorkstationName""},{""@Name"":""LogonGuid"",""#text"":""00000000-0000-0000-0000-000000000000""},{""@Name"":""TransmittedServices"",""#text"":""-""},{""@Name"":""LmPackageName"",""#text"":""-""},{""@Name"":""KeyLength"",""#text"":""0""},{""@Name"":""ProcessId"",""#text"":""4C-02-00-00""},{""@Name"":""ProcessName"",""#text"":""C:\\Windows\\System32\\services.exe""},{""@Name"":""IpAddress"",""#text"":""-""},{""@Name"":""IpPort"",""#text"":""-""}]}}"
14,14,2015-08-24 06:51:44.4218750,4672,LogAlways,Microsoft-Windows-Security-Auditing,Security,600,676,26L2233B1-02,0,,Administrative logon,NT AUTHORITY\SYSTEM (S-1-5-18),,"PrivilegeList: SeAssignPrimaryTokenPrivilege, SeTcbPrivilege, SeSecurityPrivilege, SeTakeOwnershipPrivilege, SeLoadDriverPrivilege, SeBackupPrivilege, SeRestorePrivilege, SeDebugPrivilege, SeAuditPrivilege, SeSystemEnvironmentPrivilege, SeImpersonatePrivilege",LogonId: 0x3E7,,,,,,False,M:\Forensics\TrainingImages\AliHadi\Challenge1\tout\M\Forensics\TrainingImages\AliHadi\Challenge1\s4a-challenge4\Windows\System32\winevt\logs\Security.evtx,Audit success,0,"{""EventData"":{""Data"":[{""@Name"":""SubjectUserSid"",""#text"":""S-1-5-18""},{""@Name"":""SubjectUserName"",""#text"":""SYSTEM""},{""@Name"":""SubjectDomainName"",""#text"":""NT AUTHORITY""},{""@Name"":""SubjectLogonId"",""#text"":""0x3E7""},{""@Name"":""PrivilegeList"",""#text"":""SeAssignPrimaryTokenPrivilege, SeTcbPrivilege, SeSecurityPrivilege, SeTakeOwnershipPrivilege, SeLoadDriverPrivilege, SeBackupPrivilege, SeRestorePrivilege, SeDebugPrivilege, SeAuditPrivilege, SeSystemEnvironmentPrivilege, SeImpersonatePrivilege""}]}}"
15,15,2015-08-24 06:51:45.4375000,4624,LogAlways,Microsoft-Windows-Security-Auditing,Security,600,684,26L2233B1-02,0,,Successful logon,WORKGROUP\26L2233B1-02$," (-)",Target: NT AUTHORITY\LOCAL SERVICE,LogonType 5,LogonId: 0x3E5,,,,C:\Windows\System32\services.exe,False,M:\Forensics\TrainingImages\AliHadi\Challenge1\tout\M\Forensics\TrainingImages\AliHadi\Challenge1\s4a-challenge4\Windows\System32\winevt\logs\Security.evtx,Audit success,0,"{""EventData"":{""Data"":[{""@Name"":""SubjectUserSid"",""#text"":""S-1-5-18""},{""@Name"":""SubjectUserName"",""#text"":""26L2233B1-02$""},{""@Name"":""SubjectDomainName"",""#text"":""WORKGROUP""},{""@Name"":""SubjectLogonId"",""#text"":""0x3E7""},{""@Name"":""TargetUserSid"",""#text"":""S-1-5-19""},{""@Name"":""TargetUserName"",""#text"":""LOCAL SERVICE""},{""@Name"":""TargetDomainName"",""#text"":""NT AUTHORITY""},{""@Name"":""TargetLogonId"",""#text"":""0x3E5""},{""@Name"":""LogonType"",""#text"":""5""},{""@Name"":""LogonProcessName"",""#text"":""Advapi  ""},{""@Name"":""AuthenticationPackageName"",""#text"":""Negotiate""},{""@Name"":""WorkstationName""},{""@Name"":""LogonGuid"",""#text"":""00000000-0000-0000-0000-000000000000""},{""@Name"":""TransmittedServices"",""#text"":""-""},{""@Name"":""LmPackageName"",""#text"":""-""},{""@Name"":""KeyLength"",""#text"":""0""},{""@Name"":""ProcessId"",""#text"":""4C-02-00-00""},{""@Name"":""ProcessName"",""#text"":""C:\\Windows\\System32\\services.exe""},{""@Name"":""IpAddress"",""#text"":""-""},{""@Name"":""IpPort"",""#text"":""-""}]}}"
16,16,2015-08-24 06:51:45.4375000,4672,LogAlways,Microsoft-Windows-Security-Auditing,Security,600,684,26L2233B1-02,0,,Administrative logon,NT AUTHORITY\LOCAL SERVICE (S-1-5-19),,"PrivilegeList: SeAssignPrimaryTokenPrivilege, SeAuditPrivilege, SeImpersonatePrivilege",LogonId: 0x3E5,,,,,,False,M:\Forensics\TrainingImages\AliHadi\Challenge1\tout\M\Forensics\TrainingImages\AliHadi\Challenge1\s4a-challenge4\Windows\System32\winevt\logs\Security.evtx,Audit success,0,"{""EventData"":{""Data"":[{""@Name"":""SubjectUserSid"",""#text"":""S-1-5-19""},{""@Name"":""SubjectUserName"",""#text"":""LOCAL SERVICE""},{""@Name"":""SubjectDomainName"",""#text"":""NT AUTHORITY""},{""@Name"":""SubjectLogonId"",""#text"":""0x3E5""},{""@Name"":""PrivilegeList"",""#text"":""SeAssignPrimaryTokenPrivilege, SeAuditPrivilege, SeImpersonatePrivilege""}]}}"
17,17,2015-08-24 06:51:57.4375000,5033,LogAlways,Microsoft-Windows-Security-Auditing,Security,4,80,26L2233B1-02,0,,,,,,,,,,,,False,M:\Forensics\TrainingImages\AliHadi\Challenge1\tout\M\Forensics\TrainingImages\AliHadi\Challenge1\s4a-challenge4\Windows\System32\winevt\logs\Security.evtx,Audit success,0,"{""EventData"":""""}"
18,18,2015-08-24 06:51:57.7343750,4648,LogAlways,Microsoft-Windows-Security-Auditing,Security,600,676,26L2233B1-02,0,,A logon was attempted using explicit credentials,WORKGROUP\26L2233B1-02$,-:-,Target: NT AUTHORITY\SYSTEM,TargetServerName: localhost,PID: 4C-02-00-00,,,,C:\Windows\System32\services.exe,False,M:\Forensics\TrainingImages\AliHadi\Challenge1\tout\M\Forensics\TrainingImages\AliHadi\Challenge1\s4a-challenge4\Windows\System32\winevt\logs\Security.evtx,Audit success,0,"{""EventData"":{""Data"":[{""@Name"":""SubjectUserSid"",""#text"":""S-1-5-18""},{""@Name"":""SubjectUserName"",""#text"":""26L2233B1-02$""},{""@Name"":""SubjectDomainName"",""#text"":""WORKGROUP""},{""@Name"":""SubjectLogonId"",""#text"":""0x3E7""},{""@Name"":""LogonGuid"",""#text"":""00000000-0000-0000-0000-000000000000""},{""@Name"":""TargetUserName"",""#text"":""SYSTEM""},{""@Name"":""TargetDomainName"",""#text"":""NT AUTHORITY""},{""@Name"":""LogonGuid"",""#text"":""00000000-0000-0000-0000-000000000000""},{""@Name"":""TargetServerName"",""#text"":""localhost""},{""@Name"":""TargetInfo"",""#text"":""localhost""},{""@Name"":""ProcessId"",""#text"":""4C-02-00-00""},{""@Name"":""ProcessName"",""#text"":""C:\\Windows\\System32\\services.exe""},{""@Name"":""IpAddress"",""#text"":""-""},{""@Name"":""IpPort"",""#text"":""-""}]}}"
19,19,2015-08-24 06:51:57.7343750,4624,LogAlways,Microsoft-Windows-Security-Auditing,Security,600,676,26L2233B1-02,0,,Successful logon,WORKGROUP\26L2233B1-02$," (-)",Target: NT AUTHORITY\SYSTEM,LogonType 5,LogonId: 0x3E7,,,,C:\Windows\System32\services.exe,False,M:\Forensics\TrainingImages\AliHadi\Challenge1\tout\M\Forensics\TrainingImages\AliHadi\Challenge1\s4a-challenge4\Windows\System32\winevt\logs\Security.evtx,Audit success,0,"{""EventData"":{""Data"":[{""@Name"":""SubjectUserSid"",""#text"":""S-1-5-18""},{""@Name"":""SubjectUserName"",""#text"":""26L2233B1-02$""},{""@Name"":""SubjectDomainName"",""#text"":""WORKGROUP""},{""@Name"":""SubjectLogonId"",""#text"":""0x3E7""},{""@Name"":""TargetUserSid"",""#text"":""S-1-5-18""},{""@Name"":""TargetUserName"",""#text"":""SYSTEM""},{""@Name"":""TargetDomainName"",""#text"":""NT AUTHORITY""},{""@Name"":""TargetLogonId"",""#text"":""0x3E7""},{""@Name"":""LogonType"",""#text"":""5""},{""@Name"":""LogonProcessName"",""#text"":""Advapi  ""},{""@Name"":""AuthenticationPackageName"",""#text"":""Negotiate""},{""@Name"":""WorkstationName""},{""@Name"":""LogonGuid"",""#text"":""00000000-0000-0000-0000-000000000000""},{""@Name"":""TransmittedServices"",""#text"":""-""},{""@Name"":""LmPackageName"",""#text"":""-""},{""@Name"":""KeyLength"",""#text"":""0""},{""@Name"":""ProcessId"",""#text"":""4C-02-00-00""},{""@Name"":""ProcessName"",""#text"":""C:\\Windows\\System32\\services.exe""},{""@Name"":""IpAddress"",""#text"":""-""},{""@Name"":""IpPort"",""#text"":""-""}]}}"
20,20,2015-08-24 06:51:57.7343750,4672,LogAlways,Microsoft-Windows-Security-Auditing,Security,600,676,26L2233B1-02,0,,Administrative logon,NT AUTHORITY\SYSTEM (S-1-5-18),,"PrivilegeList: SeAssignPrimaryTokenPrivilege, SeTcbPrivilege, SeSecurityPrivilege, SeTakeOwnershipPrivilege, SeLoadDriverPrivilege, SeBackupPrivilege, SeRestorePrivilege, SeDebugPrivilege, SeAuditPrivilege, SeSystemEnvironmentPrivilege, SeImpersonatePrivilege",LogonId: 0x3E7,,,,,,False,M:\Forensics\TrainingImages\AliHadi\Challenge1\tout\M\Forensics\TrainingImages\AliHadi\Challenge1\s4a-challenge4\Windows\System32\winevt\logs\Security.evtx,Audit success,0,"{""EventData"":{""Data"":[{""@Name"":""SubjectUserSid"",""#text"":""S-1-5-18""},{""@Name"":""SubjectUserName"",""#text"":""SYSTEM""},{""@Name"":""SubjectDomainName"",""#text"":""NT AUTHORITY""},{""@Name"":""SubjectLogonId"",""#text"":""0x3E7""},{""@Name"":""PrivilegeList"",""#text"":""SeAssignPrimaryTokenPrivilege, SeTcbPrivilege, SeSecurityPrivilege, SeTakeOwnershipPrivilege, SeLoadDriverPrivilege, SeBackupPrivilege, SeRestorePrivilege, SeDebugPrivilege, SeAuditPrivilege, SeSystemEnvironmentPrivilege, SeImpersonatePrivilege""}]}}"
21,21,2015-08-24 06:51:58.5468750,5024,LogAlways,Microsoft-Windows-Security-Auditing,Security,600,720,26L2233B1-02,0,,,,,,,,,,,,False,M:\Forensics\TrainingImages\AliHadi\Challenge1\tout\M\Forensics\TrainingImages\AliHadi\Challenge1\s4a-challenge4\Windows\System32\winevt\logs\Security.evtx,Audit success,0,"{""EventData"":""""}"
22,22,2015-08-24 06:51:58.7968750,4648,LogAlways,Microsoft-Windows-Security-Auditing,Security,600,676,26L2233B1-02,0,,A logon was attempted using explicit credentials,WORKGROUP\26L2233B1-02$,-:-,Target: NT AUTHORITY\SYSTEM,TargetServerName: localhost,PID: 4C-02-00-00,,,,C:\Windows\System32\services.exe,False,M:\Forensics\TrainingImages\AliHadi\Challenge1\tout\M\Forensics\TrainingImages\AliHadi\Challenge1\s4a-challenge4\Windows\System32\winevt\logs\Security.evtx,Audit success,0,"{""EventData"":{""Data"":[{""@Name"":""SubjectUserSid"",""#text"":""S-1-5-18""},{""@Name"":""SubjectUserName"",""#text"":""26L2233B1-02$""},{""@Name"":""SubjectDomainName"",""#text"":""WORKGROUP""},{""@Name"":""SubjectLogonId"",""#text"":""0x3E7""},{""@Name"":""LogonGuid"",""#text"":""00000000-0000-0000-0000-000000000000""},{""@Name"":""TargetUserName"",""#text"":""SYSTEM""},{""@Name"":""TargetDomainName"",""#text"":""NT AUTHORITY""},{""@Name"":""LogonGuid"",""#text"":""00000000-0000-0000-0000-000000000000""},{""@Name"":""TargetServerName"",""#text"":""localhost""},{""@Name"":""TargetInfo"",""#text"":""localhost""},{""@Name"":""ProcessId"",""#text"":""4C-02-00-00""},{""@Name"":""ProcessName"",""#text"":""C:\\Windows\\System32\\services.exe""},{""@Name"":""IpAddress"",""#text"":""-""},{""@Name"":""IpPort"",""#text"":""-""}]}}"
23,23,2015-08-24 06:51:58.7968750,4624,LogAlways,Microsoft-Windows-Security-Auditing,Security,600,676,26L2233B1-02,0,,Successful logon,WORKGROUP\26L2233B1-02$," (-)",Target: NT AUTHORITY\SYSTEM,LogonType 5,LogonId: 0x3E7,,,,C:\Windows\System32\services.exe,False,M:\Forensics\TrainingImages\AliHadi\Challenge1\tout\M\Forensics\TrainingImages\AliHadi\Challenge1\s4a-challenge4\Windows\System32\winevt\logs\Security.evtx,Audit success,0,"{""EventData"":{""Data"":[{""@Name"":""SubjectUserSid"",""#text"":""S-1-5-18""},{""@Name"":""SubjectUserName"",""#text"":""26L2233B1-02$""},{""@Name"":""SubjectDomainName"",""#text"":""WORKGROUP""},{""@Name"":""SubjectLogonId"",""#text"":""0x3E7""},{""@Name"":""TargetUserSid"",""#text"":""S-1-5-18""},{""@Name"":""TargetUserName"",""#text"":""SYSTEM""},{""@Name"":""TargetDomainName"",""#text"":""NT AUTHORITY""},{""@Name"":""TargetLogonId"",""#text"":""0x3E7""},{""@Name"":""LogonType"",""#text"":""5""},{""@Name"":""LogonProcessName"",""#text"":""Advapi  ""},{""@Name"":""AuthenticationPackageName"",""#text"":""Negotiate""},{""@Name"":""WorkstationName""},{""@Name"":""LogonGuid"",""#text"":""00000000-0000-0000-0000-000000000000""},{""@Name"":""TransmittedServices"",""#text"":""-""},{""@Name"":""LmPackageName"",""#text"":""-""},{""@Name"":""KeyLength"",""#text"":""0""},{""@Name"":""ProcessId"",""#text"":""4C-02-00-00""},{""@Name"":""ProcessName"",""#text"":""C:\\Windows\\System32\\services.exe""},{""@Name"":""IpAddress"",""#text"":""-""},{""@Name"":""IpPort"",""#text"":""-""}]}}"
24,24,2015-08-24 06:51:58.7968750,4672,LogAlways,Microsoft-Windows-Security-Auditing,Security,600,676,26L2233B1-02,0,,Administrative logon,NT AUTHORITY\SYSTEM (S-1-5-18),,"PrivilegeList: SeAssignPrimaryTokenPrivilege, SeTcbPrivilege, SeSecurityPrivilege, SeTakeOwnershipPrivilege, SeLoadDriverPrivilege, SeBackupPrivilege, SeRestorePrivilege, SeDebugPrivilege, SeAuditPrivilege, SeSystemEnvironmentPrivilege, SeImpersonatePrivilege",LogonId: 0x3E7,,,,,,False,M:\Forensics\TrainingImages\AliHadi\Challenge1\tout\M\Forensics\TrainingImages\AliHadi\Challenge1\s4a-challenge4\Windows\System32\winevt\logs\Security.evtx,Audit success,0,"{""EventData"":{""Data"":[{""@Name"":""SubjectUserSid"",""#text"":""S-1-5-18""},{""@Name"":""SubjectUserName"",""#text"":""SYSTEM""},{""@Name"":""SubjectDomainName"",""#text"":""NT AUTHORITY""},{""@Name"":""SubjectLogonId"",""#text"":""0x3E7""},{""@Name"":""PrivilegeList"",""#text"":""SeAssignPrimaryTokenPrivilege, SeTcbPrivilege, SeSecurityPrivilege, SeTakeOwnershipPrivilege, SeLoadDriverPrivilege, SeBackupPrivilege, SeRestorePrivilege, SeDebugPrivilege, SeAuditPrivilege, SeSystemEnvironmentPrivilege, SeImpersonatePrivilege""}]}}"
25,25,2015-08-24 06:51:59.6875000,4624,LogAlways,Microsoft-Windows-Security-Auditing,Security,600,716,26L2233B1-02,0,,Successful logon,-\-," (-)",Target: NT AUTHORITY\ANONYMOUS LOGON,LogonType 3,LogonId: 0x51860,,,,-,False,M:\Forensics\TrainingImages\AliHadi\Challenge1\tout\M\Forensics\TrainingImages\AliHadi\Challenge1\s4a-challenge4\Windows\System32\winevt\logs\Security.evtx,Audit success,0,"{""EventData"":{""Data"":[{""@Name"":""SubjectUserSid"",""#text"":""S-1-0-0""},{""@Name"":""SubjectUserName"",""#text"":""-""},{""@Name"":""SubjectDomainName"",""#text"":""-""},{""@Name"":""SubjectLogonId"",""#text"":""0x0""},{""@Name"":""TargetUserSid"",""#text"":""S-1-5-7""},{""@Name"":""TargetUserName"",""#text"":""ANONYMOUS LOGON""},{""@Name"":""TargetDomainName"",""#text"":""NT AUTHORITY""},{""@Name"":""TargetLogonId"",""#text"":""0x51860""},{""@Name"":""LogonType"",""#text"":""3""},{""@Name"":""LogonProcessName"",""#text"":""NtLmSsp ""},{""@Name"":""AuthenticationPackageName"",""#text"":""NTLM""},{""@Name"":""WorkstationName""},{""@Name"":""LogonGuid"",""#text"":""00000000-0000-0000-0000-000000000000""},{""@Name"":""TransmittedServices"",""#text"":""-""},{""@Name"":""LmPackageName"",""#text"":""NTLM V1""},{""@Name"":""KeyLength"",""#text"":""0""},{""@Name"":""ProcessId"",""#text"":""00-00-00-00""},{""@Name"":""ProcessName"",""#text"":""-""},{""@Name"":""IpAddress"",""#text"":""-""},{""@Name"":""IpPort"",""#text"":""-""}]}}"
26,26,2015-08-24 06:51:59.7968750,5032,LogAlways,Microsoft-Windows-Security-Auditing,Security,600,720,26L2233B1-02,0,,,,,,,,,,,,False,M:\Forensics\TrainingImages\AliHadi\Challenge1\tout\M\Forensics\TrainingImages\AliHadi\Challenge1\s4a-challenge4\Windows\System32\winevt\logs\Security.evtx,Audit failure,0,"{""EventData"":{""Data"":{""@Name"":""ErrorCode"",""#text"":""2""}}}"
27,27,2015-08-24 06:52:17.3906250,5032,LogAlways,Microsoft-Windows-Security-Auditing,Security,600,720,26L2233B1-02,0,,,,,,,,,,,,False,M:\Forensics\TrainingImages\AliHadi\Challenge1\tout\M\Forensics\TrainingImages\AliHadi\Challenge1\s4a-challenge4\Windows\System32\winevt\logs\Security.evtx,Audit failure,0,"{""EventData"":{""Data"":{""@Name"":""ErrorCode"",""#text"":""2""}}}"
28,28,2015-08-24 06:52:17.3906250,5032,LogAlways,Microsoft-Windows-Security-Auditing,Security,600,720,26L2233B1-02,0,,,,,,,,,,,,False,M:\Forensics\TrainingImages\AliHadi\Challenge1\tout\M\Forensics\TrainingImages\AliHadi\Challenge1\s4a-challenge4\Windows\System32\winevt\logs\Security.evtx,Audit failure,0,"{""EventData"":{""Data"":{""@Name"":""ErrorCode"",""#text"":""2""}}}"
29,29,2015-08-24 06:52:17.3906250,5032,LogAlways,Microsoft-Windows-Security-Auditing,Security,600,720,26L2233B1-02,0,,,,,,,,,,,,False,M:\Forensics\TrainingImages\AliHadi\Challenge1\tout\M\Forensics\TrainingImages\AliHadi\Challenge1\s4a-challenge4\Windows\System32\winevt\logs\Security.evtx,Audit failure,0,"{""EventData"":{""Data"":{""@Name"":""ErrorCode"",""#text"":""2""}}}"
30,30,2015-08-24 06:52:55.0305000,1100,Info,Microsoft-Windows-Eventlog,Security,940,1872,26L2233B1-02,0,,The event logging service has shut down,,,,,,,,,,False,M:\Forensics\TrainingImages\AliHadi\Challenge1\tout\M\Forensics\TrainingImages\AliHadi\Challenge1\s4a-challenge4\Windows\System32\winevt\logs\Security.evtx,0x4020000000000000,0,"{""UserData"":{""ServiceShutdown"":""""}}"
31,31,2015-08-24 06:52:54.9680000,4616,LogAlways,Microsoft-Windows-Security-Auditing,Security,600,648,26L2233B1-02,0,,The system time was changed,NT AUTHORITY\LOCAL SERVICE (S-1-5-19),,Previous Time: 11:52:54 PM,New Time: 11:52:54 PM,LogonId: 0x3E5,,,,C:\Windows\System32\svchost.exe,False,M:\Forensics\TrainingImages\AliHadi\Challenge1\tout\M\Forensics\TrainingImages\AliHadi\Challenge1\s4a-challenge4\Windows\System32\winevt\logs\Security.evtx,Audit success,0,"{""EventData"":{""Data"":[{""@Name"":""SubjectUserSid"",""#text"":""S-1-5-19""},{""@Name"":""SubjectUserName"",""#text"":""LOCAL SERVICE""},{""@Name"":""SubjectDomainName"",""#text"":""NT AUTHORITY""},{""@Name"":""SubjectLogonId"",""#text"":""0x3E5""},{""@Name"":""PreviousDate"",""#text"":""8/23/2015""},{""@Name"":""PreviousTime"",""#text"":""11:52:54 PM""},{""@Name"":""NewDate"",""#text"":""8/23/2015""},{""@Name"":""NewTime"",""#text"":""11:52:54 PM""},{""@Name"":""ProcessId"",""#text"":""40-04-00-00""},{""@Name"":""ProcessName"",""#text"":""C:\\Windows\\System32\\svchost.exe""}]}}"
32,32,2015-08-24 06:52:55.1086250,4634,LogAlways,Microsoft-Windows-Security-Auditing,Security,600,700,26L2233B1-02,0,,An account was logged off,,,Target: NT AUTHORITY\ANONYMOUS LOGON,LogonType 3,LogonId: 0x51860,,,,,False,M:\Forensics\TrainingImages\AliHadi\Challenge1\tout\M\Forensics\TrainingImages\AliHadi\Challenge1\s4a-challenge4\Windows\System32\winevt\logs\Security.evtx,Audit success,0,"{""EventData"":{""Data"":[{""@Name"":""TargetUserSid"",""#text"":""S-1-5-7""},{""@Name"":""TargetUserName"",""#text"":""ANONYMOUS LOGON""},{""@Name"":""TargetDomainName"",""#text"":""NT AUTHORITY""},{""@Name"":""TargetLogonId"",""#text"":""0x51860""},{""@Name"":""LogonType"",""#text"":""3""}]}}"
33,33,2015-08-24 06:53:39.1718750,4608,LogAlways,Microsoft-Windows-Security-Auditing,Security,592,596,WIN-L0ZZQ76PMUF,0,,Windows is starting up,,,,,,,,,,False,M:\Forensics\TrainingImages\AliHadi\Challenge1\tout\M\Forensics\TrainingImages\AliHadi\Challenge1\s4a-challenge4\Windows\System32\winevt\logs\Security.evtx,Audit success,0,"{""EventData"":""""}"
34,34,2015-08-24 06:53:39.2031250,4624,LogAlways,Microsoft-Windows-Security-Auditing,Security,592,596,WIN-L0ZZQ76PMUF,0,,Successful logon,-\-,- (-),Target: NT AUTHORITY\SYSTEM,LogonType 0,LogonId: 0x3E7,,,,,False,M:\Forensics\TrainingImages\AliHadi\Challenge1\tout\M\Forensics\TrainingImages\AliHadi\Challenge1\s4a-challenge4\Windows\System32\winevt\logs\Security.evtx,Audit success,0,"{""EventData"":{""Data"":[{""@Name"":""SubjectUserSid"",""#text"":""S-1-0-0""},{""@Name"":""SubjectUserName"",""#text"":""-""},{""@Name"":""SubjectDomainName"",""#text"":""-""},{""@Name"":""SubjectLogonId"",""#text"":""0x0""},{""@Name"":""TargetUserSid"",""#text"":""S-1-5-18""},{""@Name"":""TargetUserName"",""#text"":""SYSTEM""},{""@Name"":""TargetDomainName"",""#text"":""NT AUTHORITY""},{""@Name"":""TargetLogonId"",""#text"":""0x3E7""},{""@Name"":""LogonType"",""#text"":""0""},{""@Name"":""LogonProcessName"",""#text"":""-""},{""@Name"":""AuthenticationPackageName"",""#text"":""-""},{""@Name"":""WorkstationName"",""#text"":""-""},{""@Name"":""LogonGuid"",""#text"":""00000000-0000-0000-0000-000000000000""},{""@Name"":""TransmittedServices"",""#text"":""-""},{""@Name"":""LmPackageName"",""#text"":""-""},{""@Name"":""KeyLength"",""#text"":""0""},{""@Name"":""ProcessId"",""#text"":""04-00-00-00""},{""@Name"":""ProcessName""},{""@Name"":""IpAddress"",""#text"":""-""},{""@Name"":""IpPort"",""#text"":""-""}]}}"
35,35,2015-08-24 06:53:42.3593750,4902,LogAlways,Microsoft-Windows-Security-Auditing,Security,592,708,WIN-L0ZZQ76PMUF,0,,,,,,,,,,,,False,M:\Forensics\TrainingImages\AliHadi\Challenge1\tout\M\Forensics\TrainingImages\AliHadi\Challenge1\s4a-challenge4\Windows\System32\winevt\logs\Security.evtx,Audit success,0,"{""EventData"":{""Data"":[{""@Name"":""PuaCount"",""#text"":""0""},{""@Name"":""PuaPolicyId"",""#text"":""0xD904""}]}}"
36,36,2015-08-24 06:53:50.6718750,4648,LogAlways,Microsoft-Windows-Security-Auditing,Security,592,680,WIN-L0ZZQ76PMUF,0,,A logon was attempted using explicit credentials,WORKGROUP\WIN-L0ZZQ76PMUF$,-:-,Target: NT AUTHORITY\SYSTEM,TargetServerName: localhost,PID: 44-02-00-00,,,,C:\Windows\System32\services.exe,False,M:\Forensics\TrainingImages\AliHadi\Challenge1\tout\M\Forensics\TrainingImages\AliHadi\Challenge1\s4a-challenge4\Windows\System32\winevt\logs\Security.evtx,Audit success,0,"{""EventData"":{""Data"":[{""@Name"":""SubjectUserSid"",""#text"":""S-1-5-18""},{""@Name"":""SubjectUserName"",""#text"":""WIN-L0ZZQ76PMUF$""},{""@Name"":""SubjectDomainName"",""#text"":""WORKGROUP""},{""@Name"":""SubjectLogonId"",""#text"":""0x3E7""},{""@Name"":""LogonGuid"",""#text"":""00000000-0000-0000-0000-000000000000""},{""@Name"":""TargetUserName"",""#text"":""SYSTEM""},{""@Name"":""TargetDomainName"",""#text"":""NT AUTHORITY""},{""@Name"":""LogonGuid"",""#text"":""00000000-0000-0000-0000-000000000000""},{""@Name"":""TargetServerName"",""#text"":""localhost""},{""@Name"":""TargetInfo"",""#text"":""localhost""},{""@Name"":""ProcessId"",""#text"":""44-02-00-00""},{""@Name"":""ProcessName"",""#text"":""C:\\Windows\\System32\\services.exe""},{""@Name"":""IpAddress"",""#text"":""-""},{""@Name"":""IpPort"",""#text"":""-""}]}}"
37,37,2015-08-24 06:53:50.6718750,4624,LogAlways,Microsoft-Windows-Security-Auditing,Security,592,680,WIN-L0ZZQ76PMUF,0,,Successful logon,WORKGROUP\WIN-L0ZZQ76PMUF$," (-)",Target: NT AUTHORITY\SYSTEM,LogonType 5,LogonId: 0x3E7,,,,C:\Windows\System32\services.exe,False,M:\Forensics\TrainingImages\AliHadi\Challenge1\tout\M\Forensics\TrainingImages\AliHadi\Challenge1\s4a-challenge4\Windows\System32\winevt\logs\Security.evtx,Audit success,0,"{""EventData"":{""Data"":[{""@Name"":""SubjectUserSid"",""#text"":""S-1-5-18""},{""@Name"":""SubjectUserName"",""#text"":""WIN-L0ZZQ76PMUF$""},{""@Name"":""SubjectDomainName"",""#text"":""WORKGROUP""},{""@Name"":""SubjectLogonId"",""#text"":""0x3E7""},{""@Name"":""TargetUserSid"",""#text"":""S-1-5-18""},{""@Name"":""TargetUserName"",""#text"":""SYSTEM""},{""@Name"":""TargetDomainName"",""#text"":""NT AUTHORITY""},{""@Name"":""TargetLogonId"",""#text"":""0x3E7""},{""@Name"":""LogonType"",""#text"":""5""},{""@Name"":""LogonProcessName"",""#text"":""Advapi  ""},{""@Name"":""AuthenticationPackageName"",""#text"":""Negotiate""},{""@Name"":""WorkstationName""},{""@Name"":""LogonGuid"",""#text"":""00000000-0000-0000-0000-000000000000""},{""@Name"":""TransmittedServices"",""#text"":""-""},{""@Name"":""LmPackageName"",""#text"":""-""},{""@Name"":""KeyLength"",""#text"":""0""},{""@Name"":""ProcessId"",""#text"":""44-02-00-00""},{""@Name"":""ProcessName"",""#text"":""C:\\Windows\\System32\\services.exe""},{""@Name"":""IpAddress"",""#text"":""-""},{""@Name"":""IpPort"",""#text"":""-""}]}}"
38,38,2015-08-24 06:53:50.6718750,4672,LogAlways,Microsoft-Windows-Security-Auditing,Security,592,680,WIN-L0ZZQ76PMUF,0,,Administrative logon,NT AUTHORITY\SYSTEM (S-1-5-18),,"PrivilegeList: SeAssignPrimaryTokenPrivilege, SeTcbPrivilege, SeSecurityPrivilege, SeTakeOwnershipPrivilege, SeLoadDriverPrivilege, SeBackupPrivilege, SeRestorePrivilege, SeDebugPrivilege, SeAuditPrivilege, SeSystemEnvironmentPrivilege, SeImpersonatePrivilege",LogonId: 0x3E7,,,,,,False,M:\Forensics\TrainingImages\AliHadi\Challenge1\tout\M\Forensics\TrainingImages\AliHadi\Challenge1\s4a-challenge4\Windows\System32\winevt\logs\Security.evtx,Audit success,0,"{""EventData"":{""Data"":[{""@Name"":""SubjectUserSid"",""#text"":""S-1-5-18""},{""@Name"":""SubjectUserName"",""#text"":""SYSTEM""},{""@Name"":""SubjectDomainName"",""#text"":""NT AUTHORITY""},{""@Name"":""SubjectLogonId"",""#text"":""0x3E7""},{""@Name"":""PrivilegeList"",""#text"":""SeAssignPrimaryTokenPrivilege, SeTcbPrivilege, SeSecurityPrivilege, SeTakeOwnershipPrivilege, SeLoadDriverPrivilege, SeBackupPrivilege, SeRestorePrivilege, SeDebugPrivilege, SeAuditPrivilege, SeSystemEnvironmentPrivilege, SeImpersonatePrivilege""}]}}"
39,39,2015-08-24 06:53:51.3906250,4624,LogAlways,Microsoft-Windows-Security-Auditing,Security,592,692,WIN-L0ZZQ76PMUF,0,,Successful logon,WORKGROUP\WIN-L0ZZQ76PMUF$," (-)",Target: NT AUTHORITY\NETWORK SERVICE,LogonType 5,LogonId: 0x3E4,,,,C:\Windows\System32\services.exe,False,M:\Forensics\TrainingImages\AliHadi\Challenge1\tout\M\Forensics\TrainingImages\AliHadi\Challenge1\s4a-challenge4\Windows\System32\winevt\logs\Security.evtx,Audit success,0,"{""EventData"":{""Data"":[{""@Name"":""SubjectUserSid"",""#text"":""S-1-5-18""},{""@Name"":""SubjectUserName"",""#text"":""WIN-L0ZZQ76PMUF$""},{""@Name"":""SubjectDomainName"",""#text"":""WORKGROUP""},{""@Name"":""SubjectLogonId"",""#text"":""0x3E7""},{""@Name"":""TargetUserSid"",""#text"":""S-1-5-20""},{""@Name"":""TargetUserName"",""#text"":""NETWORK SERVICE""},{""@Name"":""TargetDomainName"",""#text"":""NT AUTHORITY""},{""@Name"":""TargetLogonId"",""#text"":""0x3E4""},{""@Name"":""LogonType"",""#text"":""5""},{""@Name"":""LogonProcessName"",""#text"":""Advapi  ""},{""@Name"":""AuthenticationPackageName"",""#text"":""Negotiate""},{""@Name"":""WorkstationName""},{""@Name"":""LogonGuid"",""#text"":""00000000-0000-0000-0000-000000000000""},{""@Name"":""TransmittedServices"",""#text"":""-""},{""@Name"":""LmPackageName"",""#text"":""-""},{""@Name"":""KeyLength"",""#text"":""0""},{""@Name"":""ProcessId"",""#text"":""44-02-00-00""},{""@Name"":""ProcessName"",""#text"":""C:\\Windows\\System32\\services.exe""},{""@Name"":""IpAddress"",""#text"":""-""},{""@Name"":""IpPort"",""#text"":""-""}]}}"
40,40,2015-08-24 06:53:51.3906250,4672,LogAlways,Microsoft-Windows-Security-Auditing,Security,592,692,WIN-L0ZZQ76PMUF,0,,Administrative logon,NT AUTHORITY\NETWORK SERVICE (S-1-5-20),,"PrivilegeList: SeAssignPrimaryTokenPrivilege, SeAuditPrivilege, SeImpersonatePrivilege",LogonId: 0x3E4,,,,,,False,M:\Forensics\TrainingImages\AliHadi\Challenge1\tout\M\Forensics\TrainingImages\AliHadi\Challenge1\s4a-challenge4\Windows\System32\winevt\logs\Security.evtx,Audit success,0,"{""EventData"":{""Data"":[{""@Name"":""SubjectUserSid"",""#text"":""S-1-5-20""},{""@Name"":""SubjectUserName"",""#text"":""NETWORK SERVICE""},{""@Name"":""SubjectDomainName"",""#text"":""NT AUTHORITY""},{""@Name"":""SubjectLogonId"",""#text"":""0x3E4""},{""@Name"":""PrivilegeList"",""#text"":""SeAssignPrimaryTokenPrivilege, SeAuditPrivilege, SeImpersonatePrivilege""}]}}"
41,41,2015-08-24 06:53:51.7812500,4648,LogAlways,Microsoft-Windows-Security-Auditing,Security,592,672,WIN-L0ZZQ76PMUF,0,,A logon was attempted using explicit credentials,WORKGROUP\WIN-L0ZZQ76PMUF$,-:-,Target: NT AUTHORITY\SYSTEM,TargetServerName: localhost,PID: 44-02-00-00,,,,C:\Windows\System32\services.exe,False,M:\Forensics\TrainingImages\AliHadi\Challenge1\tout\M\Forensics\TrainingImages\AliHadi\Challenge1\s4a-challenge4\Windows\System32\winevt\logs\Security.evtx,Audit success,0,"{""EventData"":{""Data"":[{""@Name"":""SubjectUserSid"",""#text"":""S-1-5-18""},{""@Name"":""SubjectUserName"",""#text"":""WIN-L0ZZQ76PMUF$""},{""@Name"":""SubjectDomainName"",""#text"":""WORKGROUP""},{""@Name"":""SubjectLogonId"",""#text"":""0x3E7""},{""@Name"":""LogonGuid"",""#text"":""00000000-0000-0000-0000-000000000000""},{""@Name"":""TargetUserName"",""#text"":""SYSTEM""},{""@Name"":""TargetDomainName"",""#text"":""NT AUTHORITY""},{""@Name"":""LogonGuid"",""#text"":""00000000-0000-0000-0000-000000000000""},{""@Name"":""TargetServerName"",""#text"":""localhost""},{""@Name"":""TargetInfo"",""#text"":""localhost""},{""@Name"":""ProcessId"",""#text"":""44-02-00-00""},{""@Name"":""ProcessName"",""#text"":""C:\\Windows\\System32\\services.exe""},{""@Name"":""IpAddress"",""#text"":""-""},{""@Name"":""IpPort"",""#text"":""-""}]}}"
42,42,2015-08-24 06:53:51.7812500,4624,LogAlways,Microsoft-Windows-Security-Auditing,Security,592,672,WIN-L0ZZQ76PMUF,0,,Successful logon,WORKGROUP\WIN-L0ZZQ76PMUF$," (-)",Target: NT AUTHORITY\SYSTEM,LogonType 5,LogonId: 0x3E7,,,,C:\Windows\System32\services.exe,False,M:\Forensics\TrainingImages\AliHadi\Challenge1\tout\M\Forensics\TrainingImages\AliHadi\Challenge1\s4a-challenge4\Windows\System32\winevt\logs\Security.evtx,Audit success,0,"{""EventData"":{""Data"":[{""@Name"":""SubjectUserSid"",""#text"":""S-1-5-18""},{""@Name"":""SubjectUserName"",""#text"":""WIN-L0ZZQ76PMUF$""},{""@Name"":""SubjectDomainName"",""#text"":""WORKGROUP""},{""@Name"":""SubjectLogonId"",""#text"":""0x3E7""},{""@Name"":""TargetUserSid"",""#text"":""S-1-5-18""},{""@Name"":""TargetUserName"",""#text"":""SYSTEM""},{""@Name"":""TargetDomainName"",""#text"":""NT AUTHORITY""},{""@Name"":""TargetLogonId"",""#text"":""0x3E7""},{""@Name"":""LogonType"",""#text"":""5""},{""@Name"":""LogonProcessName"",""#text"":""Advapi  ""},{""@Name"":""AuthenticationPackageName"",""#text"":""Negotiate""},{""@Name"":""WorkstationName""},{""@Name"":""LogonGuid"",""#text"":""00000000-0000-0000-0000-000000000000""},{""@Name"":""TransmittedServices"",""#text"":""-""},{""@Name"":""LmPackageName"",""#text"":""-""},{""@Name"":""KeyLength"",""#text"":""0""},{""@Name"":""ProcessId"",""#text"":""44-02-00-00""},{""@Name"":""ProcessName"",""#text"":""C:\\Windows\\System32\\services.exe""},{""@Name"":""IpAddress"",""#text"":""-""},{""@Name"":""IpPort"",""#text"":""-""}]}}"
43,43,2015-08-24 06:53:51.7812500,4672,LogAlways,Microsoft-Windows-Security-Auditing,Security,592,672,WIN-L0ZZQ76PMUF,0,,Administrative logon,NT AUTHORITY\SYSTEM (S-1-5-18),,"PrivilegeList: SeAssignPrimaryTokenPrivilege, SeTcbPrivilege, SeSecurityPrivilege, SeTakeOwnershipPrivilege, SeLoadDriverPrivilege, SeBackupPrivilege, SeRestorePrivilege, SeDebugPrivilege, SeAuditPrivilege, SeSystemEnvironmentPrivilege, SeImpersonatePrivilege",LogonId: 0x3E7,,,,,,False,M:\Forensics\TrainingImages\AliHadi\Challenge1\tout\M\Forensics\TrainingImages\AliHadi\Challenge1\s4a-challenge4\Windows\System32\winevt\logs\Security.evtx,Audit success,0,"{""EventData"":{""Data"":[{""@Name"":""SubjectUserSid"",""#text"":""S-1-5-18""},{""@Name"":""SubjectUserName"",""#text"":""SYSTEM""},{""@Name"":""SubjectDomainName"",""#text"":""NT AUTHORITY""},{""@Name"":""SubjectLogonId"",""#text"":""0x3E7""},{""@Name"":""PrivilegeList"",""#text"":""SeAssignPrimaryTokenPrivilege, SeTcbPrivilege, SeSecurityPrivilege, SeTakeOwnershipPrivilege, SeLoadDriverPrivilege, SeBackupPrivilege, SeRestorePrivilege, SeDebugPrivilege, SeAuditPrivilege, SeSystemEnvironmentPrivilege, SeImpersonatePrivilege""}]}}"
44,44,2015-08-24 06:53:52.0156250,4648,LogAlways,Microsoft-Windows-Security-Auditing,Security,592,672,WIN-L0ZZQ76PMUF,0,,A logon was attempted using explicit credentials,WORKGROUP\WIN-L0ZZQ76PMUF$,-:-,Target: NT AUTHORITY\SYSTEM,TargetServerName: localhost,PID: 44-02-00-00,,,,C:\Windows\System32\services.exe,False,M:\Forensics\TrainingImages\AliHadi\Challenge1\tout\M\Forensics\TrainingImages\AliHadi\Challenge1\s4a-challenge4\Windows\System32\winevt\logs\Security.evtx,Audit success,0,"{""EventData"":{""Data"":[{""@Name"":""SubjectUserSid"",""#text"":""S-1-5-18""},{""@Name"":""SubjectUserName"",""#text"":""WIN-L0ZZQ76PMUF$""},{""@Name"":""SubjectDomainName"",""#text"":""WORKGROUP""},{""@Name"":""SubjectLogonId"",""#text"":""0x3E7""},{""@Name"":""LogonGuid"",""#text"":""00000000-0000-0000-0000-000000000000""},{""@Name"":""TargetUserName"",""#text"":""SYSTEM""},{""@Name"":""TargetDomainName"",""#text"":""NT AUTHORITY""},{""@Name"":""LogonGuid"",""#text"":""00000000-0000-0000-0000-000000000000""},{""@Name"":""TargetServerName"",""#text"":""localhost""},{""@Name"":""TargetInfo"",""#text"":""localhost""},{""@Name"":""ProcessId"",""#text"":""44-02-00-00""},{""@Name"":""ProcessName"",""#text"":""C:\\Windows\\System32\\services.exe""},{""@Name"":""IpAddress"",""#text"":""-""},{""@Name"":""IpPort"",""#text"":""-""}]}}"
45,45,2015-08-24 06:53:52.0156250,4624,LogAlways,Microsoft-Windows-Security-Auditing,Security,592,672,WIN-L0ZZQ76PMUF,0,,Successful logon,WORKGROUP\WIN-L0ZZQ76PMUF$," (-)",Target: NT AUTHORITY\SYSTEM,LogonType 5,LogonId: 0x3E7,,,,C:\Windows\System32\services.exe,False,M:\Forensics\TrainingImages\AliHadi\Challenge1\tout\M\Forensics\TrainingImages\AliHadi\Challenge1\s4a-challenge4\Windows\System32\winevt\logs\Security.evtx,Audit success,0,"{""EventData"":{""Data"":[{""@Name"":""SubjectUserSid"",""#text"":""S-1-5-18""},{""@Name"":""SubjectUserName"",""#text"":""WIN-L0ZZQ76PMUF$""},{""@Name"":""SubjectDomainName"",""#text"":""WORKGROUP""},{""@Name"":""SubjectLogonId"",""#text"":""0x3E7""},{""@Name"":""TargetUserSid"",""#text"":""S-1-5-18""},{""@Name"":""TargetUserName"",""#text"":""SYSTEM""},{""@Name"":""TargetDomainName"",""#text"":""NT AUTHORITY""},{""@Name"":""TargetLogonId"",""#text"":""0x3E7""},{""@Name"":""LogonType"",""#text"":""5""},{""@Name"":""LogonProcessName"",""#text"":""Advapi  ""},{""@Name"":""AuthenticationPackageName"",""#text"":""Negotiate""},{""@Name"":""WorkstationName""},{""@Name"":""LogonGuid"",""#text"":""00000000-0000-0000-0000-000000000000""},{""@Name"":""TransmittedServices"",""#text"":""-""},{""@Name"":""LmPackageName"",""#text"":""-""},{""@Name"":""KeyLength"",""#text"":""0""},{""@Name"":""ProcessId"",""#text"":""44-02-00-00""},{""@Name"":""ProcessName"",""#text"":""C:\\Windows\\System32\\services.exe""},{""@Name"":""IpAddress"",""#text"":""-""},{""@Name"":""IpPort"",""#text"":""-""}]}}"
46,46,2015-08-24 06:53:52.0156250,4672,LogAlways,Microsoft-Windows-Security-Auditing,Security,592,672,WIN-L0ZZQ76PMUF,0,,Administrative logon,NT AUTHORITY\SYSTEM (S-1-5-18),,"PrivilegeList: SeAssignPrimaryTokenPrivilege, SeTcbPrivilege, SeSecurityPrivilege, SeTakeOwnershipPrivilege, SeLoadDriverPrivilege, SeBackupPrivilege, SeRestorePrivilege, SeDebugPrivilege, SeAuditPrivilege, SeSystemEnvironmentPrivilege, SeImpersonatePrivilege",LogonId: 0x3E7,,,,,,False,M:\Forensics\TrainingImages\AliHadi\Challenge1\tout\M\Forensics\TrainingImages\AliHadi\Challenge1\s4a-challenge4\Windows\System32\winevt\logs\Security.evtx,Audit success,0,"{""EventData"":{""Data"":[{""@Name"":""SubjectUserSid"",""#text"":""S-1-5-18""},{""@Name"":""SubjectUserName"",""#text"":""SYSTEM""},{""@Name"":""SubjectDomainName"",""#text"":""NT AUTHORITY""},{""@Name"":""SubjectLogonId"",""#text"":""0x3E7""},{""@Name"":""PrivilegeList"",""#text"":""SeAssignPrimaryTokenPrivilege, SeTcbPrivilege, SeSecurityPrivilege, SeTakeOwnershipPrivilege, SeLoadDriverPrivilege, SeBackupPrivilege, SeRestorePrivilege, SeDebugPrivilege, SeAuditPrivilege, SeSystemEnvironmentPrivilege, SeImpersonatePrivilege""}]}}"
47,47,2015-08-24 06:53:54.4375000,4624,LogAlways,Microsoft-Windows-Security-Auditing,Security,592,680,WIN-L0ZZQ76PMUF,0,,Successful logon,WORKGROUP\WIN-L0ZZQ76PMUF$," (-)",Target: NT AUTHORITY\LOCAL SERVICE,LogonType 5,LogonId: 0x3E5,,,,C:\Windows\System32\services.exe,False,M:\Forensics\TrainingImages\AliHadi\Challenge1\tout\M\Forensics\TrainingImages\AliHadi\Challenge1\s4a-challenge4\Windows\System32\winevt\logs\Security.evtx,Audit success,0,"{""EventData"":{""Data"":[{""@Name"":""SubjectUserSid"",""#text"":""S-1-5-18""},{""@Name"":""SubjectUserName"",""#text"":""WIN-L0ZZQ76PMUF$""},{""@Name"":""SubjectDomainName"",""#text"":""WORKGROUP""},{""@Name"":""SubjectLogonId"",""#text"":""0x3E7""},{""@Name"":""TargetUserSid"",""#text"":""S-1-5-19""},{""@Name"":""TargetUserName"",""#text"":""LOCAL SERVICE""},{""@Name"":""TargetDomainName"",""#text"":""NT AUTHORITY""},{""@Name"":""TargetLogonId"",""#text"":""0x3E5""},{""@Name"":""LogonType"",""#text"":""5""},{""@Name"":""LogonProcessName"",""#text"":""Advapi  ""},{""@Name"":""AuthenticationPackageName"",""#text"":""Negotiate""},{""@Name"":""WorkstationName""},{""@Name"":""LogonGuid"",""#text"":""00000000-0000-0000-0000-000000000000""},{""@Name"":""TransmittedServices"",""#text"":""-""},{""@Name"":""LmPackageName"",""#text"":""-""},{""@Name"":""KeyLength"",""#text"":""0""},{""@Name"":""ProcessId"",""#text"":""44-02-00-00""},{""@Name"":""ProcessName"",""#text"":""C:\\Windows\\System32\\services.exe""},{""@Name"":""IpAddress"",""#text"":""-""},{""@Name"":""IpPort"",""#text"":""-""}]}}"
48,48,2015-08-24 06:53:54.4375000,4672,LogAlways,Microsoft-Windows-Security-Auditing,Security,592,680,WIN-L0ZZQ76PMUF,0,,Administrative logon,NT AUTHORITY\LOCAL SERVICE (S-1-5-19),,"PrivilegeList: SeAssignPrimaryTokenPrivilege, SeAuditPrivilege, SeImpersonatePrivilege",LogonId: 0x3E5,,,,,,False,M:\Forensics\TrainingImages\AliHadi\Challenge1\tout\M\Forensics\TrainingImages\AliHadi\Challenge1\s4a-challenge4\Windows\System32\winevt\logs\Security.evtx,Audit success,0,"{""EventData"":{""Data"":[{""@Name"":""SubjectUserSid"",""#text"":""S-1-5-19""},{""@Name"":""SubjectUserName"",""#text"":""LOCAL SERVICE""},{""@Name"":""SubjectDomainName"",""#text"":""NT AUTHORITY""},{""@Name"":""SubjectLogonId"",""#text"":""0x3E5""},{""@Name"":""PrivilegeList"",""#text"":""SeAssignPrimaryTokenPrivilege, SeAuditPrivilege, SeImpersonatePrivilege""}]}}"
49,49,2015-08-24 06:54:10.2187500,5033,LogAlways,Microsoft-Windows-Security-Auditing,Security,4,80,WIN-L0ZZQ76PMUF,0,,,,,,,,,,,,False,M:\Forensics\TrainingImages\AliHadi\Challenge1\tout\M\Forensics\TrainingImages\AliHadi\Challenge1\s4a-challenge4\Windows\System32\winevt\logs\Security.evtx,Audit success,0,"{""EventData"":""""}"
50,50,2015-08-24 06:54:10.9375000,5024,LogAlways,Microsoft-Windows-Security-Auditing,Security,592,720,WIN-L0ZZQ76PMUF,0,,,,,,,,,,,,False,M:\Forensics\TrainingImages\AliHadi\Challenge1\tout\M\Forensics\TrainingImages\AliHadi\Challenge1\s4a-challenge4\Windows\System32\winevt\logs\Security.evtx,Audit success,0,"{""EventData"":""""}"
51,51,2015-08-24 06:54:16.6562500,4648,LogAlways,Microsoft-Windows-Security-Auditing,Security,592,672,WIN-L0ZZQ76PMUF,0,,A logon was attempted using explicit credentials,WORKGROUP\WIN-L0ZZQ76PMUF$,-:-,Target: NT AUTHORITY\SYSTEM,TargetServerName: localhost,PID: 44-02-00-00,,,,C:\Windows\System32\services.exe,False,M:\Forensics\TrainingImages\AliHadi\Challenge1\tout\M\Forensics\TrainingImages\AliHadi\Challenge1\s4a-challenge4\Windows\System32\winevt\logs\Security.evtx,Audit success,0,"{""EventData"":{""Data"":[{""@Name"":""SubjectUserSid"",""#text"":""S-1-5-18""},{""@Name"":""SubjectUserName"",""#text"":""WIN-L0ZZQ76PMUF$""},{""@Name"":""SubjectDomainName"",""#text"":""WORKGROUP""},{""@Name"":""SubjectLogonId"",""#text"":""0x3E7""},{""@Name"":""LogonGuid"",""#text"":""00000000-0000-0000-0000-000000000000""},{""@Name"":""TargetUserName"",""#text"":""SYSTEM""},{""@Name"":""TargetDomainName"",""#text"":""NT AUTHORITY""},{""@Name"":""LogonGuid"",""#text"":""00000000-0000-0000-0000-000000000000""},{""@Name"":""TargetServerName"",""#text"":""localhost""},{""@Name"":""TargetInfo"",""#text"":""localhost""},{""@Name"":""ProcessId"",""#text"":""44-02-00-00""},{""@Name"":""ProcessName"",""#text"":""C:\\Windows\\System32\\services.exe""},{""@Name"":""IpAddress"",""#text"":""-""},{""@Name"":""IpPort"",""#text"":""-""}]}}"
52,52,2015-08-24 06:54:16.6562500,4624,LogAlways,Microsoft-Windows-Security-Auditing,Security,592,672,WIN-L0ZZQ76PMUF,0,,Successful logon,WORKGROUP\WIN-L0ZZQ76PMUF$," (-)",Target: NT AUTHORITY\SYSTEM,LogonType 5,LogonId: 0x3E7,,,,C:\Windows\System32\services.exe,False,M:\Forensics\TrainingImages\AliHadi\Challenge1\tout\M\Forensics\TrainingImages\AliHadi\Challenge1\s4a-challenge4\Windows\System32\winevt\logs\Security.evtx,Audit success,0,"{""EventData"":{""Data"":[{""@Name"":""SubjectUserSid"",""#text"":""S-1-5-18""},{""@Name"":""SubjectUserName"",""#text"":""WIN-L0ZZQ76PMUF$""},{""@Name"":""SubjectDomainName"",""#text"":""WORKGROUP""},{""@Name"":""SubjectLogonId"",""#text"":""0x3E7""},{""@Name"":""TargetUserSid"",""#text"":""S-1-5-18""},{""@Name"":""TargetUserName"",""#text"":""SYSTEM""},{""@Name"":""TargetDomainName"",""#text"":""NT AUTHORITY""},{""@Name"":""TargetLogonId"",""#text"":""0x3E7""},{""@Name"":""LogonType"",""#text"":""5""},{""@Name"":""LogonProcessName"",""#text"":""Advapi  ""},{""@Name"":""AuthenticationPackageName"",""#text"":""Negotiate""},{""@Name"":""WorkstationName""},{""@Name"":""LogonGuid"",""#text"":""00000000-0000-0000-0000-000000000000""},{""@Name"":""TransmittedServices"",""#text"":""-""},{""@Name"":""LmPackageName"",""#text"":""-""},{""@Name"":""KeyLength"",""#text"":""0""},{""@Name"":""ProcessId"",""#text"":""44-02-00-00""},{""@Name"":""ProcessName"",""#text"":""C:\\Windows\\System32\\services.exe""},{""@Name"":""IpAddress"",""#text"":""-""},{""@Name"":""IpPort"",""#text"":""-""}]}}"
53,53,2015-08-24 06:54:16.6562500,4672,LogAlways,Microsoft-Windows-Security-Auditing,Security,592,672,WIN-L0ZZQ76PMUF,0,,Administrative logon,NT AUTHORITY\SYSTEM (S-1-5-18),,"PrivilegeList: SeAssignPrimaryTokenPrivilege, SeTcbPrivilege, SeSecurityPrivilege, SeTakeOwnershipPrivilege, SeLoadDriverPrivilege, SeBackupPrivilege, SeRestorePrivilege, SeDebugPrivilege, SeAuditPrivilege, SeSystemEnvironmentPrivilege, SeImpersonatePrivilege",LogonId: 0x3E7,,,,,,False,M:\Forensics\TrainingImages\AliHadi\Challenge1\tout\M\Forensics\TrainingImages\AliHadi\Challenge1\s4a-challenge4\Windows\System32\winevt\logs\Security.evtx,Audit success,0,"{""EventData"":{""Data"":[{""@Name"":""SubjectUserSid"",""#text"":""S-1-5-18""},{""@Name"":""SubjectUserName"",""#text"":""SYSTEM""},{""@Name"":""SubjectDomainName"",""#text"":""NT AUTHORITY""},{""@Name"":""SubjectLogonId"",""#text"":""0x3E7""},{""@Name"":""PrivilegeList"",""#text"":""SeAssignPrimaryTokenPrivilege, SeTcbPrivilege, SeSecurityPrivilege, SeTakeOwnershipPrivilege, SeLoadDriverPrivilege, SeBackupPrivilege, SeRestorePrivilege, SeDebugPrivilege, SeAuditPrivilege, SeSystemEnvironmentPrivilege, SeImpersonatePrivilege""}]}}"
54,54,2015-08-24 06:54:18.8906250,4648,LogAlways,Microsoft-Windows-Security-Auditing,Security,592,672,WIN-L0ZZQ76PMUF,0,,A logon was attempted using explicit credentials,WORKGROUP\WIN-L0ZZQ76PMUF$,-:-,Target: NT AUTHORITY\SYSTEM,TargetServerName: localhost,PID: 44-02-00-00,,,,C:\Windows\System32\services.exe,False,M:\Forensics\TrainingImages\AliHadi\Challenge1\tout\M\Forensics\TrainingImages\AliHadi\Challenge1\s4a-challenge4\Windows\System32\winevt\logs\Security.evtx,Audit success,0,"{""EventData"":{""Data"":[{""@Name"":""SubjectUserSid"",""#text"":""S-1-5-18""},{""@Name"":""SubjectUserName"",""#text"":""WIN-L0ZZQ76PMUF$""},{""@Name"":""SubjectDomainName"",""#text"":""WORKGROUP""},{""@Name"":""SubjectLogonId"",""#text"":""0x3E7""},{""@Name"":""LogonGuid"",""#text"":""00000000-0000-0000-0000-000000000000""},{""@Name"":""TargetUserName"",""#text"":""SYSTEM""},{""@Name"":""TargetDomainName"",""#text"":""NT AUTHORITY""},{""@Name"":""LogonGuid"",""#text"":""00000000-0000-0000-0000-000000000000""},{""@Name"":""TargetServerName"",""#text"":""localhost""},{""@Name"":""TargetInfo"",""#text"":""localhost""},{""@Name"":""ProcessId"",""#text"":""44-02-00-00""},{""@Name"":""ProcessName"",""#text"":""C:\\Windows\\System32\\services.exe""},{""@Name"":""IpAddress"",""#text"":""-""},{""@Name"":""IpPort"",""#text"":""-""}]}}"
55,55,2015-08-24 06:54:18.8906250,4624,LogAlways,Microsoft-Windows-Security-Auditing,Security,592,672,WIN-L0ZZQ76PMUF,0,,Successful logon,WORKGROUP\WIN-L0ZZQ76PMUF$," (-)",Target: NT AUTHORITY\SYSTEM,LogonType 5,LogonId: 0x3E7,,,,C:\Windows\System32\services.exe,False,M:\Forensics\TrainingImages\AliHadi\Challenge1\tout\M\Forensics\TrainingImages\AliHadi\Challenge1\s4a-challenge4\Windows\System32\winevt\logs\Security.evtx,Audit success,0,"{""EventData"":{""Data"":[{""@Name"":""SubjectUserSid"",""#text"":""S-1-5-18""},{""@Name"":""SubjectUserName"",""#text"":""WIN-L0ZZQ76PMUF$""},{""@Name"":""SubjectDomainName"",""#text"":""WORKGROUP""},{""@Name"":""SubjectLogonId"",""#text"":""0x3E7""},{""@Name"":""TargetUserSid"",""#text"":""S-1-5-18""},{""@Name"":""TargetUserName"",""#text"":""SYSTEM""},{""@Name"":""TargetDomainName"",""#text"":""NT AUTHORITY""},{""@Name"":""TargetLogonId"",""#text"":""0x3E7""},{""@Name"":""LogonType"",""#text"":""5""},{""@Name"":""LogonProcessName"",""#text"":""Advapi  ""},{""@Name"":""AuthenticationPackageName"",""#text"":""Negotiate""},{""@Name"":""WorkstationName""},{""@Name"":""LogonGuid"",""#text"":""00000000-0000-0000-0000-000000000000""},{""@Name"":""TransmittedServices"",""#text"":""-""},{""@Name"":""LmPackageName"",""#text"":""-""},{""@Name"":""KeyLength"",""#text"":""0""},{""@Name"":""ProcessId"",""#text"":""44-02-00-00""},{""@Name"":""ProcessName"",""#text"":""C:\\Windows\\System32\\services.exe""},{""@Name"":""IpAddress"",""#text"":""-""},{""@Name"":""IpPort"",""#text"":""-""}]}}"
56,56,2015-08-24 06:54:18.8906250,4672,LogAlways,Microsoft-Windows-Security-Auditing,Security,592,672,WIN-L0ZZQ76PMUF,0,,Administrative logon,NT AUTHORITY\SYSTEM (S-1-5-18),,"PrivilegeList: SeAssignPrimaryTokenPrivilege, SeTcbPrivilege, SeSecurityPrivilege, SeTakeOwnershipPrivilege, SeLoadDriverPrivilege, SeBackupPrivilege, SeRestorePrivilege, SeDebugPrivilege, SeAuditPrivilege, SeSystemEnvironmentPrivilege, SeImpersonatePrivilege",LogonId: 0x3E7,,,,,,False,M:\Forensics\TrainingImages\AliHadi\Challenge1\tout\M\Forensics\TrainingImages\AliHadi\Challenge1\s4a-challenge4\Windows\System32\winevt\logs\Security.evtx,Audit success,0,"{""EventData"":{""Data"":[{""@Name"":""SubjectUserSid"",""#text"":""S-1-5-18""},{""@Name"":""SubjectUserName"",""#text"":""SYSTEM""},{""@Name"":""SubjectDomainName"",""#text"":""NT AUTHORITY""},{""@Name"":""SubjectLogonId"",""#text"":""0x3E7""},{""@Name"":""PrivilegeList"",""#text"":""SeAssignPrimaryTokenPrivilege, SeTcbPrivilege, SeSecurityPrivilege, SeTakeOwnershipPrivilege, SeLoadDriverPrivilege, SeBackupPrivilege, SeRestorePrivilege, SeDebugPrivilege, SeAuditPrivilege, SeSystemEnvironmentPrivilege, SeImpersonatePrivilege""}]}}"
