207,207,2015-08-24 06:58:25.0000000,10029,Info,Microsoft-Windows-DistributedCOM,System,0,0,WIN-L0ZZQ76PMUF,1,,,,,,,,,,,,False,M:\Forensics\TrainingImages\AliHadi\Challenge1\tout\M\Forensics\TrainingImages\AliHadi\Challenge1\s4a-challenge4\Windows\System32\winevt\logs\System.evtx,0x80000000000000,0,"{""EventData"":{""Data"":[{""@Name"":""param1"",""#text"":""TrustedInstaller""},{""@Name"":""param2""},{""@Name"":""param3"",""#text"":""{752073A1-23F2-4396-85F0-8FDB879ED0ED}""}]}}"
208,208,2015-08-24 06:58:27.0000000,7036,Info,Service Control Manager,System,0,0,WIN-L0ZZQ76PMUF,1,,Service started or stopped,,,Name: Windows Modules Installer | Windows Modules Installer,Status: running,,,,,,False,M:\Forensics\TrainingImages\AliHadi\Challenge1\tout\M\Forensics\TrainingImages\AliHadi\Challenge1\s4a-challenge4\Windows\System32\winevt\logs\System.evtx,0x80000000000000,0,"{""EventData"":{""Data"":[{""@Name"":""param1"",""#text"":""Windows Modules Installer""},{""@Name"":""param2"",""#text"":""running""}]}}"
209,209,2015-08-24 06:59:24.0000000,6037,Warning,LsaSrv,System,0,0,WIN-L0ZZQ76PMUF,1,,,,,,,,,,,,False,M:\Forensics\TrainingImages\AliHadi\Challenge1\tout\M\Forensics\TrainingImages\AliHadi\Challenge1\s4a-challenge4\Windows\System32\winevt\logs\System.evtx,0x80000000000000,0,"{""EventData"":{""Data"":""592, lsass.exe, host/\\\\WIN-L0ZZQ76PMUF"",""Binary"":""""}}"
210,210,2015-08-24 07:00:08.0000000,7036,Info,Service Control Manager,System,0,0,WIN-L0ZZQ76PMUF,1,,Service started or stopped,,,Name: Secure Socket Tunneling Protocol Service | Secure Socket Tunneling Protocol Service,Status: running,,,,,,False,M:\Forensics\TrainingImages\AliHadi\Challenge1\tout\M\Forensics\TrainingImages\AliHadi\Challenge1\s4a-challenge4\Windows\System32\winevt\logs\System.evtx,0x80000000000000,0,"{""EventData"":{""Data"":[{""@Name"":""param1"",""#text"":""Secure Socket Tunneling Protocol Service""},{""@Name"":""param2"",""#text"":""running""}]}}"
211,211,2015-08-24 07:00:08.0000000,7036,Info,Service Control Manager,System,0,0,WIN-L0ZZQ76PMUF,1,,Service started or stopped,,,Name: Telephony | Telephony,Status: running,,,,,,False,M:\Forensics\TrainingImages\AliHadi\Challenge1\tout\M\Forensics\TrainingImages\AliHadi\Challenge1\s4a-challenge4\Windows\System32\winevt\logs\System.evtx,0x80000000000000,0,"{""EventData"":{""Data"":[{""@Name"":""param1"",""#text"":""Telephony""},{""@Name"":""param2"",""#text"":""running""}]}}"
212,212,2015-08-24 07:00:08.0000000,7036,Info,Service Control Manager,System,0,0,WIN-L0ZZQ76PMUF,1,,Service started or stopped,,,Name: Remote Access Connection Manager | Remote Access Connection Manager,Status: running,,,,,,False,M:\Forensics\TrainingImages\AliHadi\Challenge1\tout\M\Forensics\TrainingImages\AliHadi\Challenge1\s4a-challenge4\Windows\System32\winevt\logs\System.evtx,0x80000000000000,0,"{""EventData"":{""Data"":[{""@Name"":""param1"",""#text"":""Remote Access Connection Manager""},{""@Name"":""param2"",""#text"":""running""}]}}"
213,213,2015-08-24 07:01:34.6875000,5,Warning,storflt,System,0,0,WIN-L0ZZQ76PMUF,1,,,,,,,,,,,,False,M:\Forensics\TrainingImages\AliHadi\Challenge1\tout\M\Forensics\TrainingImages\AliHadi\Challenge1\s4a-challenge4\Windows\System32\winevt\logs\System.evtx,0x80000000000000,0,"{""EventData"":{""Data"":"""",""Binary"":""00-00-00-00-01-00-00-00-00-00-00-00-05-00-06-80-00-00-00-00-00-00-00-00-00-00-00-00-00-00-00-00-00-00-00-00-00-00-00-00""}}"
214,214,2015-08-24 07:01:34.7031250,4201,Info,Tcpip,System,0,0,WIN-L0ZZQ76PMUF,1,,,,,,,,,,,,False,M:\Forensics\TrainingImages\AliHadi\Challenge1\tout\M\Forensics\TrainingImages\AliHadi\Challenge1\s4a-challenge4\Windows\System32\winevt\logs\System.evtx,0x80000000000000,0,"{""EventData"":{""Data"":""Loopback Pseudo-Interface 1"",""Binary"":""00-00-00-00-02-00-2C-00-00-00-00-00-69-10-00-40-02-00-00-00-00-00-00-00-00-00-00-00-00-00-00-00-00-00-00-00-00-00-00-00""}}"
215,215,2015-08-24 07:01:34.7031250,4201,Info,Tcpip,System,0,0,WIN-L0ZZQ76PMUF,1,,,,,,,,,,,,False,M:\Forensics\TrainingImages\AliHadi\Challenge1\tout\M\Forensics\TrainingImages\AliHadi\Challenge1\s4a-challenge4\Windows\System32\winevt\logs\System.evtx,0x80000000000000,0,"{""EventData"":{""Data"":""Loopback Pseudo-Interface 1"",""Binary"":""00-00-00-00-02-00-2C-00-00-00-00-00-69-10-00-40-02-00-00-00-00-00-00-00-00-00-00-00-00-00-00-00-00-00-00-00-00-00-00-00""}}"
216,216,2015-08-24 07:01:38.9062500,4,Info,Microsoft-Windows-Kernel-Processor-Power,System,4,80,WIN-L0ZZQ76PMUF,1,S-1-5-18,,,,,,,,,,,False,M:\Forensics\TrainingImages\AliHadi\Challenge1\tout\M\Forensics\TrainingImages\AliHadi\Challenge1\s4a-challenge4\Windows\System32\winevt\logs\System.evtx,Classic,0,"{""EventData"":{""Data"":[{""@Name"":""Processor"",""#text"":""0""},{""@Name"":""IdleStateCount"",""#text"":""1""},{""@Name"":""PerfStateCount"",""#text"":""0""},{""@Name"":""ThrottleStateCount"",""#text"":""0""}],""ComplexData"":[{""@Name"":""IdleState"",""#text"":""01-00-00-00""},{""@Name"":""PerfState""}]}}"
217,217,2015-08-24 07:01:39.7031250,4201,Info,Tcpip,System,0,0,WIN-L0ZZQ76PMUF,1,,,,,,,,,,,,False,M:\Forensics\TrainingImages\AliHadi\Challenge1\tout\M\Forensics\TrainingImages\AliHadi\Challenge1\s4a-challenge4\Windows\System32\winevt\logs\System.evtx,0x80000000000000,0,"{""EventData"":{""Data"":""Local Area Connection"",""Binary"":""00-00-00-00-02-00-2C-00-00-00-00-00-69-10-00-40-02-00-00-00-00-00-00-00-00-00-00-00-00-00-00-00-00-00-00-00-00-00-00-00""}}"
218,218,2015-08-24 07:01:39.7031250,4201,Info,Tcpip,System,0,0,WIN-L0ZZQ76PMUF,1,,,,,,,,,,,,False,M:\Forensics\TrainingImages\AliHadi\Challenge1\tout\M\Forensics\TrainingImages\AliHadi\Challenge1\s4a-challenge4\Windows\System32\winevt\logs\System.evtx,0x80000000000000,0,"{""EventData"":{""Data"":""Local Area Connection"",""Binary"":""00-00-00-00-02-00-2C-00-00-00-00-00-69-10-00-40-02-00-00-00-00-00-00-00-00-00-00-00-00-00-00-00-00-00-00-00-00-00-00-00""}}"
219,219,2015-08-24 07:02:08.0000000,6008,Error,EventLog,System,0,0,WIN-L0ZZQ76PMUF,1,,Unexpected system shutdown,,,"Timestamp: 12:01:08 AM, 8/24/2015, 476",,,,,,,False,M:\Forensics\TrainingImages\AliHadi\Challenge1\tout\M\Forensics\TrainingImages\AliHadi\Challenge1\s4a-challenge4\Windows\System32\winevt\logs\System.evtx,0x80000000000000,0,"{""EventData"":{""Data"":""12:01:08 AM, 8/24/2015, 476"",""Binary"":""DF-07-08-00-01-00-18-00-00-00-01-00-08-00-51-02-DF-07-08-00-01-00-18-00-07-00-01-00-08-00-51-02-3C-00-00-00-3C-00-00-00-00-00-00-00-00-00-00-00-00-00-00-00-00-00-00-00-01-00-00-00-00-00-00-00""}}"
220,220,2015-08-24 07:02:08.0000000,6009,Info,EventLog,System,0,0,WIN-L0ZZQ76PMUF,1,,,,,,,,,,,,False,M:\Forensics\TrainingImages\AliHadi\Challenge1\tout\M\Forensics\TrainingImages\AliHadi\Challenge1\s4a-challenge4\Windows\System32\winevt\logs\System.evtx,0x80000000000000,0,"{""EventData"":{""Data"":""6.00., 6001, Service Pack 1, Multiprocessor Free"",""Binary"":""""}}"
221,221,2015-08-24 07:02:08.0000000,6005,Info,EventLog,System,0,0,WIN-L0ZZQ76PMUF,1,,The Event log service was started,,,Computer: WIN-L0ZZQ76PMUF,,,,,,,False,M:\Forensics\TrainingImages\AliHadi\Challenge1\tout\M\Forensics\TrainingImages\AliHadi\Challenge1\s4a-challenge4\Windows\System32\winevt\logs\System.evtx,0x80000000000000,0,"{""EventData"":{""Data"":"""",""Binary"":""DF-07-08-00-01-00-18-00-07-00-02-00-08-00-77-01-00-00-00-00-00-00-00-00""}}"
222,222,2015-08-24 07:02:08.0000000,6013,Info,EventLog,System,0,0,WIN-L0ZZQ76PMUF,1,,System uptime,,,The system uptime is 34 seconds,"TimeZone: 60, 480 Pacific Standard Time",,,,,,False,M:\Forensics\TrainingImages\AliHadi\Challenge1\tout\M\Forensics\TrainingImages\AliHadi\Challenge1\s4a-challenge4\Windows\System32\winevt\logs\System.evtx,0x80000000000000,0,"{""EventData"":{""Data"":""34, 60, 480 Pacific Standard Time"",""Binary"":""31-00-2E-00-31-00-00-00-30-00-00-00-57-00-69-00-6E-00-64-00-6F-00-77-00-73-00-20-00-53-00-65-00-72-00-76-00-65-00-72-00-20-00-28-00-52-00-29-00-20-00-32-00-30-00-30-00-38-00-20-00-53-00-74-00-61-00-6E-00-64-00-61-00-72-00-64-00-00-00-36-00-2E-00-30-00-2E-00-36-00-30-00-30-00-31-00-20-00-42-00-75-00-69-00-6C-00-64-00-20-00-36-00-30-00-30-00-31-00-20-00-53-00-65-00-72-00-76-00-69-00-63-00-65-00-20-00-50-00-61-00-63-00-6B-00-20-00-31-00-00-00-4D-00-75-00-6C-00-74-00-69-00-70-00-72-00-6F-00-63-00-65-00-73-00-73-00-6F-00-72-00-20-00-46-00-72-00-65-00-65-00-00-00-36-00-30-00-30-00-31-00-2E-00-6C-00-6F-00-6E-00-67-00-68-00-6F-00-72-00-6E-00-5F-00-72-00-74-00-6D-00-2E-00-30-00-38-00-30-00-31-00-31-00-38-00-2D-00-31-00-38-00-34-00-30-00-00-00-35-00-35-00-64-00-61-00-62-00-66-00-33-00-62-00-00-00-4E-00-6F-00-74-00-20-00-41-00-76-00-61-00-69-00-6C-00-61-00-62-00-6C-00-65-00-00-00-4E-00-6F-00-74-00-20-00-41-00-76-00-61-00-69-00-6C-00-61-00-62-00-6C-00-65-00-00-00-30-00-00-00-31-00-00-00-31-00-30-00-32-00-33-00-00-00-34-00-30-00-39-00-00-00-57-00-49-00-4E-00-2D-00-4C-00-30-00-5A-00-5A-00-51-00-37-00-36-00-50-00-4D-00-55-00-46-00-00-00-00-00""}}"
223,223,2015-08-24 07:02:06.6718750,6,Info,Microsoft-Windows-FilterManager,System,4,88,WIN-L0ZZQ76PMUF,1,S-1-5-18,,,,,,,,,,,False,M:\Forensics\TrainingImages\AliHadi\Challenge1\tout\M\Forensics\TrainingImages\AliHadi\Challenge1\s4a-challenge4\Windows\System32\winevt\logs\System.evtx,Classic,0,"{""EventData"":{""Data"":[{""@Name"":""FinalStatus"",""#text"":""0x0""},{""@Name"":""DeviceVersionMajor"",""#text"":""6""},{""@Name"":""DeviceVersionMinor"",""#text"":""0""},{""@Name"":""DeviceNameLength"",""#text"":""5""},{""@Name"":""DeviceName"",""#text"":""luafv""},{""@Name"":""DeviceTime"",""#text"":""2008-01-18 22:30:35.0000000""}]}}"
224,224,2015-08-24 07:02:14.0000000,1103,Info,Microsoft-Windows-Dhcp-Client,System,0,0,WIN-L0ZZQ76PMUF,1,,,,,,,,,,,,False,M:\Forensics\TrainingImages\AliHadi\Challenge1\tout\M\Forensics\TrainingImages\AliHadi\Challenge1\s4a-challenge4\Windows\System32\winevt\logs\System.evtx,0x80000000000000,0,"{""EventData"":{""Data"":"""",""Binary"":""""}}"
225,225,2015-08-24 07:02:20.9843750,15016,Error,Microsoft-Windows-HttpEvent,System,4,88,WIN-L0ZZQ76PMUF,1,,,,,,,,,,,,False,M:\Forensics\TrainingImages\AliHadi\Challenge1\tout\M\Forensics\TrainingImages\AliHadi\Challenge1\s4a-challenge4\Windows\System32\winevt\logs\System.evtx,0x80000000000000,0,"{""EventData"":{""Data"":[{""@Name"":""DeviceObject"",""#text"":""\\Device\\Http\\ReqQueue""},{""@Name"":""SecurityPackage"",""#text"":""Kerberos""}],""Binary"":""00-00-04-00-02-00-30-00-00-00-00-00-A8-3A-00-C0-00-00-00-00-00-00-00-00-00-00-00-00-00-00-00-00-00-00-00-00-00-00-00-00-0E-03-09-80""}}"
226,226,2015-08-24 07:03:34.0000000,7036,Info,Service Control Manager,System,0,0,WIN-L0ZZQ76PMUF,1,,Service started or stopped,,,Name: Plug and Play | Plug and Play,Status: running,,,,,,False,M:\Forensics\TrainingImages\AliHadi\Challenge1\tout\M\Forensics\TrainingImages\AliHadi\Challenge1\s4a-challenge4\Windows\System32\winevt\logs\System.evtx,0x80000000000000,0,"{""EventData"":{""Data"":[{""@Name"":""param1"",""#text"":""Plug and Play""},{""@Name"":""param2"",""#text"":""running""}]}}"
227,227,2015-08-24 07:03:34.0000000,7036,Info,Service Control Manager,System,0,0,WIN-L0ZZQ76PMUF,1,,Service started or stopped,,,Name: DCOM Server Process Launcher | DCOM Server Process Launcher,Status: running,,,,,,False,M:\Forensics\TrainingImages\AliHadi\Challenge1\tout\M\Forensics\TrainingImages\AliHadi\Challenge1\s4a-challenge4\Windows\System32\winevt\logs\System.evtx,0x80000000000000,0,"{""EventData"":{""Data"":[{""@Name"":""param1"",""#text"":""DCOM Server Process Launcher""},{""@Name"":""param2"",""#text"":""running""}]}}"
228,228,2015-08-24 07:03:34.0000000,7036,Info,Service Control Manager,System,0,0,WIN-L0ZZQ76PMUF,1,,Service started or stopped,,,Name: Remote Procedure Call (RPC) | Remote Procedure Call (RPC),Status: running,,,,,,False,M:\Forensics\TrainingImages\AliHadi\Challenge1\tout\M\Forensics\TrainingImages\AliHadi\Challenge1\s4a-challenge4\Windows\System32\winevt\logs\System.evtx,0x80000000000000,0,"{""EventData"":{""Data"":[{""@Name"":""param1"",""#text"":""Remote Procedure Call (RPC)""},{""@Name"":""param2"",""#text"":""running""}]}}"
229,229,2015-08-24 07:03:34.0000000,7036,Info,Service Control Manager,System,0,0,WIN-L0ZZQ76PMUF,1,,Service started or stopped,,,Name: Windows Event Log | Windows Event Log,Status: running,,,,,,False,M:\Forensics\TrainingImages\AliHadi\Challenge1\tout\M\Forensics\TrainingImages\AliHadi\Challenge1\s4a-challenge4\Windows\System32\winevt\logs\System.evtx,0x80000000000000,0,"{""EventData"":{""Data"":[{""@Name"":""param1"",""#text"":""Windows Event Log""},{""@Name"":""param2"",""#text"":""running""}]}}"
230,230,2015-08-24 07:03:34.0000000,7036,Info,Service Control Manager,System,0,0,WIN-L0ZZQ76PMUF,1,,Service started or stopped,,,Name: User Profile Service | User Profile Service,Status: running,,,,,,False,M:\Forensics\TrainingImages\AliHadi\Challenge1\tout\M\Forensics\TrainingImages\AliHadi\Challenge1\s4a-challenge4\Windows\System32\winevt\logs\System.evtx,0x80000000000000,0,"{""EventData"":{""Data"":[{""@Name"":""param1"",""#text"":""User Profile Service""},{""@Name"":""param2"",""#text"":""running""}]}}"
231,231,2015-08-24 07:03:34.0000000,7036,Info,Service Control Manager,System,0,0,WIN-L0ZZQ76PMUF,1,,Service started or stopped,,,Name: Group Policy Client | Group Policy Client,Status: running,,,,,,False,M:\Forensics\TrainingImages\AliHadi\Challenge1\tout\M\Forensics\TrainingImages\AliHadi\Challenge1\s4a-challenge4\Windows\System32\winevt\logs\System.evtx,0x80000000000000,0,"{""EventData"":{""Data"":[{""@Name"":""param1"",""#text"":""Group Policy Client""},{""@Name"":""param2"",""#text"":""running""}]}}"
232,232,2015-08-24 07:03:34.0000000,7036,Info,Service Control Manager,System,0,0,WIN-L0ZZQ76PMUF,1,,Service started or stopped,,,Name: Software Licensing | Software Licensing,Status: running,,,,,,False,M:\Forensics\TrainingImages\AliHadi\Challenge1\tout\M\Forensics\TrainingImages\AliHadi\Challenge1\s4a-challenge4\Windows\System32\winevt\logs\System.evtx,0x80000000000000,0,"{""EventData"":{""Data"":[{""@Name"":""param1"",""#text"":""Software Licensing""},{""@Name"":""param2"",""#text"":""running""}]}}"
233,233,2015-08-24 07:03:34.0000000,7036,Info,Service Control Manager,System,0,0,WIN-L0ZZQ76PMUF,1,,Service started or stopped,,,Name: COM+ Event System | COM+ Event System,Status: running,,,,,,False,M:\Forensics\TrainingImages\AliHadi\Challenge1\tout\M\Forensics\TrainingImages\AliHadi\Challenge1\s4a-challenge4\Windows\System32\winevt\logs\System.evtx,0x80000000000000,0,"{""EventData"":{""Data"":[{""@Name"":""param1"",""#text"":""COM+ Event System""},{""@Name"":""param2"",""#text"":""running""}]}}"
234,234,2015-08-24 07:03:34.0000000,7036,Info,Service Control Manager,System,0,0,WIN-L0ZZQ76PMUF,1,,Service started or stopped,,,Name: System Event Notification Service | System Event Notification Service,Status: running,,,,,,False,M:\Forensics\TrainingImages\AliHadi\Challenge1\tout\M\Forensics\TrainingImages\AliHadi\Challenge1\s4a-challenge4\Windows\System32\winevt\logs\System.evtx,0x80000000000000,0,"{""EventData"":{""Data"":[{""@Name"":""param1"",""#text"":""System Event Notification Service""},{""@Name"":""param2"",""#text"":""running""}]}}"
235,235,2015-08-24 07:03:34.0000000,7036,Info,Service Control Manager,System,0,0,WIN-L0ZZQ76PMUF,1,,Service started or stopped,,,Name: Desktop Window Manager Session Manager | Desktop Window Manager Session Manager,Status: running,,,,,,False,M:\Forensics\TrainingImages\AliHadi\Challenge1\tout\M\Forensics\TrainingImages\AliHadi\Challenge1\s4a-challenge4\Windows\System32\winevt\logs\System.evtx,0x80000000000000,0,"{""EventData"":{""Data"":[{""@Name"":""param1"",""#text"":""Desktop Window Manager Session Manager""},{""@Name"":""param2"",""#text"":""running""}]}}"
236,236,2015-08-24 07:03:34.0000000,7036,Info,Service Control Manager,System,0,0,WIN-L0ZZQ76PMUF,1,,Service started or stopped,,,Name: Network Store Interface Service | Network Store Interface Service,Status: running,,,,,,False,M:\Forensics\TrainingImages\AliHadi\Challenge1\tout\M\Forensics\TrainingImages\AliHadi\Challenge1\s4a-challenge4\Windows\System32\winevt\logs\System.evtx,0x80000000000000,0,"{""EventData"":{""Data"":[{""@Name"":""param1"",""#text"":""Network Store Interface Service""},{""@Name"":""param2"",""#text"":""running""}]}}"
237,237,2015-08-24 07:03:34.0000000,7036,Info,Service Control Manager,System,0,0,WIN-L0ZZQ76PMUF,1,,Service started or stopped,,,Name: TCP/IP NetBIOS Helper | TCP/IP NetBIOS Helper,Status: running,,,,,,False,M:\Forensics\TrainingImages\AliHadi\Challenge1\tout\M\Forensics\TrainingImages\AliHadi\Challenge1\s4a-challenge4\Windows\System32\winevt\logs\System.evtx,0x80000000000000,0,"{""EventData"":{""Data"":[{""@Name"":""param1"",""#text"":""TCP/IP NetBIOS Helper""},{""@Name"":""param2"",""#text"":""running""}]}}"
238,238,2015-08-24 07:03:34.0000000,7036,Info,Service Control Manager,System,0,0,WIN-L0ZZQ76PMUF,1,,Service started or stopped,,,Name: DHCP Client | DHCP Client,Status: running,,,,,,False,M:\Forensics\TrainingImages\AliHadi\Challenge1\tout\M\Forensics\TrainingImages\AliHadi\Challenge1\s4a-challenge4\Windows\System32\winevt\logs\System.evtx,0x80000000000000,0,"{""EventData"":{""Data"":[{""@Name"":""param1"",""#text"":""DHCP Client""},{""@Name"":""param2"",""#text"":""running""}]}}"
239,239,2015-08-24 07:03:34.0000000,7036,Info,Service Control Manager,System,0,0,WIN-L0ZZQ76PMUF,1,,Service started or stopped,,,Name: DNS Client | DNS Client,Status: running,,,,,,False,M:\Forensics\TrainingImages\AliHadi\Challenge1\tout\M\Forensics\TrainingImages\AliHadi\Challenge1\s4a-challenge4\Windows\System32\winevt\logs\System.evtx,0x80000000000000,0,"{""EventData"":{""Data"":[{""@Name"":""param1"",""#text"":""DNS Client""},{""@Name"":""param2"",""#text"":""running""}]}}"
240,240,2015-08-24 07:03:34.0000000,7036,Info,Service Control Manager,System,0,0,WIN-L0ZZQ76PMUF,1,,Service started or stopped,,,Name: Shell Hardware Detection | Shell Hardware Detection,Status: running,,,,,,False,M:\Forensics\TrainingImages\AliHadi\Challenge1\tout\M\Forensics\TrainingImages\AliHadi\Challenge1\s4a-challenge4\Windows\System32\winevt\logs\System.evtx,0x80000000000000,0,"{""EventData"":{""Data"":[{""@Name"":""param1"",""#text"":""Shell Hardware Detection""},{""@Name"":""param2"",""#text"":""running""}]}}"
241,241,2015-08-24 07:03:34.0000000,7036,Info,Service Control Manager,System,0,0,WIN-L0ZZQ76PMUF,1,,Service started or stopped,,,Name: Task Scheduler | Task Scheduler,Status: running,,,,,,False,M:\Forensics\TrainingImages\AliHadi\Challenge1\tout\M\Forensics\TrainingImages\AliHadi\Challenge1\s4a-challenge4\Windows\System32\winevt\logs\System.evtx,0x80000000000000,0,"{""EventData"":{""Data"":[{""@Name"":""param1"",""#text"":""Task Scheduler""},{""@Name"":""param2"",""#text"":""running""}]}}"
242,242,2015-08-24 07:03:34.0000000,7036,Info,Service Control Manager,System,0,0,WIN-L0ZZQ76PMUF,1,,Service started or stopped,,,Name: Base Filtering Engine | Base Filtering Engine,Status: running,,,,,,False,M:\Forensics\TrainingImages\AliHadi\Challenge1\tout\M\Forensics\TrainingImages\AliHadi\Challenge1\s4a-challenge4\Windows\System32\winevt\logs\System.evtx,0x80000000000000,0,"{""EventData"":{""Data"":[{""@Name"":""param1"",""#text"":""Base Filtering Engine""},{""@Name"":""param2"",""#text"":""running""}]}}"
243,243,2015-08-24 07:03:34.0000000,7036,Info,Service Control Manager,System,0,0,WIN-L0ZZQ76PMUF,1,,Service started or stopped,,,Name: Windows Firewall | Windows Firewall,Status: running,,,,,,False,M:\Forensics\TrainingImages\AliHadi\Challenge1\tout\M\Forensics\TrainingImages\AliHadi\Challenge1\s4a-challenge4\Windows\System32\winevt\logs\System.evtx,0x80000000000000,0,"{""EventData"":{""Data"":[{""@Name"":""param1"",""#text"":""Windows Firewall""},{""@Name"":""param2"",""#text"":""running""}]}}"
244,244,2015-08-24 07:03:34.0000000,7036,Info,Service Control Manager,System,0,0,WIN-L0ZZQ76PMUF,1,,Service started or stopped,,,Name: Workstation | Workstation,Status: running,,,,,,False,M:\Forensics\TrainingImages\AliHadi\Challenge1\tout\M\Forensics\TrainingImages\AliHadi\Challenge1\s4a-challenge4\Windows\System32\winevt\logs\System.evtx,0x80000000000000,0,"{""EventData"":{""Data"":[{""@Name"":""param1"",""#text"":""Workstation""},{""@Name"":""param2"",""#text"":""running""}]}}"
245,245,2015-08-24 07:03:34.0000000,7036,Info,Service Control Manager,System,0,0,WIN-L0ZZQ76PMUF,1,,Service started or stopped,,,Name: Security Accounts Manager | Security Accounts Manager,Status: running,,,,,,False,M:\Forensics\TrainingImages\AliHadi\Challenge1\tout\M\Forensics\TrainingImages\AliHadi\Challenge1\s4a-challenge4\Windows\System32\winevt\logs\System.evtx,0x80000000000000,0,"{""EventData"":{""Data"":[{""@Name"":""param1"",""#text"":""Security Accounts Manager""},{""@Name"":""param2"",""#text"":""running""}]}}"
246,246,2015-08-24 07:03:34.0000000,7036,Info,Service Control Manager,System,0,0,WIN-L0ZZQ76PMUF,1,,Service started or stopped,,,Name: Print Spooler | Print Spooler,Status: running,,,,,,False,M:\Forensics\TrainingImages\AliHadi\Challenge1\tout\M\Forensics\TrainingImages\AliHadi\Challenge1\s4a-challenge4\Windows\System32\winevt\logs\System.evtx,0x80000000000000,0,"{""EventData"":{""Data"":[{""@Name"":""param1"",""#text"":""Print Spooler""},{""@Name"":""param2"",""#text"":""running""}]}}"
247,247,2015-08-24 07:03:34.0000000,7036,Info,Service Control Manager,System,0,0,WIN-L0ZZQ76PMUF,1,,Service started or stopped,,,Name: Application Experience | Application Experience,Status: running,,,,,,False,M:\Forensics\TrainingImages\AliHadi\Challenge1\tout\M\Forensics\TrainingImages\AliHadi\Challenge1\s4a-challenge4\Windows\System32\winevt\logs\System.evtx,0x80000000000000,0,"{""EventData"":{""Data"":[{""@Name"":""param1"",""#text"":""Application Experience""},{""@Name"":""param2"",""#text"":""running""}]}}"
248,248,2015-08-24 07:03:34.0000000,7036,Info,Service Control Manager,System,0,0,WIN-L0ZZQ76PMUF,1,,Service started or stopped,,,Name: Diagnostic Policy Service | Diagnostic Policy Service,Status: running,,,,,,False,M:\Forensics\TrainingImages\AliHadi\Challenge1\tout\M\Forensics\TrainingImages\AliHadi\Challenge1\s4a-challenge4\Windows\System32\winevt\logs\System.evtx,0x80000000000000,0,"{""EventData"":{""Data"":[{""@Name"":""param1"",""#text"":""Diagnostic Policy Service""},{""@Name"":""param2"",""#text"":""running""}]}}"
249,249,2015-08-24 07:03:34.0000000,7036,Info,Service Control Manager,System,0,0,WIN-L0ZZQ76PMUF,1,,Service started or stopped,,,Name: IKE and AuthIP IPsec Keying Modules | IKE and AuthIP IPsec Keying Modules,Status: running,,,,,,False,M:\Forensics\TrainingImages\AliHadi\Challenge1\tout\M\Forensics\TrainingImages\AliHadi\Challenge1\s4a-challenge4\Windows\System32\winevt\logs\System.evtx,0x80000000000000,0,"{""EventData"":{""Data"":[{""@Name"":""param1"",""#text"":""IKE and AuthIP IPsec Keying Modules""},{""@Name"":""param2"",""#text"":""running""}]}}"
250,250,2015-08-24 07:03:34.0000000,7036,Info,Service Control Manager,System,0,0,WIN-L0ZZQ76PMUF,1,,Service started or stopped,,,Name: Remote Registry | Remote Registry,Status: running,,,,,,False,M:\Forensics\TrainingImages\AliHadi\Challenge1\tout\M\Forensics\TrainingImages\AliHadi\Challenge1\s4a-challenge4\Windows\System32\winevt\logs\System.evtx,0x80000000000000,0,"{""EventData"":{""Data"":[{""@Name"":""param1"",""#text"":""Remote Registry""},{""@Name"":""param2"",""#text"":""running""}]}}"
251,251,2015-08-24 07:03:34.0000000,7036,Info,Service Control Manager,System,0,0,WIN-L0ZZQ76PMUF,1,,Service started or stopped,,,Name: Secondary Logon | Secondary Logon,Status: running,,,,,,False,M:\Forensics\TrainingImages\AliHadi\Challenge1\tout\M\Forensics\TrainingImages\AliHadi\Challenge1\s4a-challenge4\Windows\System32\winevt\logs\System.evtx,0x80000000000000,0,"{""EventData"":{""Data"":[{""@Name"":""param1"",""#text"":""Secondary Logon""},{""@Name"":""param2"",""#text"":""running""}]}}"
252,252,2015-08-24 07:03:34.0000000,7036,Info,Service Control Manager,System,0,0,WIN-L0ZZQ76PMUF,1,,Service started or stopped,,,Name: Distributed Link Tracking Client | Distributed Link Tracking Client,Status: running,,,,,,False,M:\Forensics\TrainingImages\AliHadi\Challenge1\tout\M\Forensics\TrainingImages\AliHadi\Challenge1\s4a-challenge4\Windows\System32\winevt\logs\System.evtx,0x80000000000000,0,"{""EventData"":{""Data"":[{""@Name"":""param1"",""#text"":""Distributed Link Tracking Client""},{""@Name"":""param2"",""#text"":""running""}]}}"
253,253,2015-08-24 07:03:34.0000000,7036,Info,Service Control Manager,System,0,0,WIN-L0ZZQ76PMUF,1,,Service started or stopped,,,Name: Windows Error Reporting Service | Windows Error Reporting Service,Status: running,,,,,,False,M:\Forensics\TrainingImages\AliHadi\Challenge1\tout\M\Forensics\TrainingImages\AliHadi\Challenge1\s4a-challenge4\Windows\System32\winevt\logs\System.evtx,0x80000000000000,0,"{""EventData"":{""Data"":[{""@Name"":""param1"",""#text"":""Windows Error Reporting Service""},{""@Name"":""param2"",""#text"":""running""}]}}"
254,254,2015-08-24 07:03:34.0000000,7036,Info,Service Control Manager,System,0,0,WIN-L0ZZQ76PMUF,1,,Service started or stopped,,,Name: IPsec Policy Agent | IPsec Policy Agent,Status: running,,,,,,False,M:\Forensics\TrainingImages\AliHadi\Challenge1\tout\M\Forensics\TrainingImages\AliHadi\Challenge1\s4a-challenge4\Windows\System32\winevt\logs\System.evtx,0x80000000000000,0,"{""EventData"":{""Data"":[{""@Name"":""param1"",""#text"":""IPsec Policy Agent""},{""@Name"":""param2"",""#text"":""running""}]}}"
255,255,2015-08-24 07:03:34.0000000,7036,Info,Service Control Manager,System,0,0,WIN-L0ZZQ76PMUF,1,,Service started or stopped,,,Name: Windows Time | Windows Time,Status: running,,,,,,False,M:\Forensics\TrainingImages\AliHadi\Challenge1\tout\M\Forensics\TrainingImages\AliHadi\Challenge1\s4a-challenge4\Windows\System32\winevt\logs\System.evtx,0x80000000000000,0,"{""EventData"":{""Data"":[{""@Name"":""param1"",""#text"":""Windows Time""},{""@Name"":""param2"",""#text"":""running""}]}}"
256,256,2015-08-24 07:03:34.0000000,7036,Info,Service Control Manager,System,0,0,WIN-L0ZZQ76PMUF,1,,Service started or stopped,,,Name: Cryptographic Services | Cryptographic Services,Status: running,,,,,,False,M:\Forensics\TrainingImages\AliHadi\Challenge1\tout\M\Forensics\TrainingImages\AliHadi\Challenge1\s4a-challenge4\Windows\System32\winevt\logs\System.evtx,0x80000000000000,0,"{""EventData"":{""Data"":[{""@Name"":""param1"",""#text"":""Cryptographic Services""},{""@Name"":""param2"",""#text"":""running""}]}}"
257,257,2015-08-24 07:03:34.0000000,7036,Info,Service Control Manager,System,0,0,WIN-L0ZZQ76PMUF,1,,Service started or stopped,,,Name: Terminal Services | Terminal Services,Status: running,,,,,,False,M:\Forensics\TrainingImages\AliHadi\Challenge1\tout\M\Forensics\TrainingImages\AliHadi\Challenge1\s4a-challenge4\Windows\System32\winevt\logs\System.evtx,0x80000000000000,0,"{""EventData"":{""Data"":[{""@Name"":""param1"",""#text"":""Terminal Services""},{""@Name"":""param2"",""#text"":""running""}]}}"
258,258,2015-08-24 07:03:34.0000000,7036,Info,Service Control Manager,System,0,0,WIN-L0ZZQ76PMUF,1,,Service started or stopped,,,Name: Windows Management Instrumentation | Windows Management Instrumentation,Status: running,,,,,,False,M:\Forensics\TrainingImages\AliHadi\Challenge1\tout\M\Forensics\TrainingImages\AliHadi\Challenge1\s4a-challenge4\Windows\System32\winevt\logs\System.evtx,0x80000000000000,0,"{""EventData"":{""Data"":[{""@Name"":""param1"",""#text"":""Windows Management Instrumentation""},{""@Name"":""param2"",""#text"":""running""}]}}"
259,259,2015-08-24 07:03:34.0000000,7036,Info,Service Control Manager,System,0,0,WIN-L0ZZQ76PMUF,1,,Service started or stopped,,,Name: Network Location Awareness | Network Location Awareness,Status: running,,,,,,False,M:\Forensics\TrainingImages\AliHadi\Challenge1\tout\M\Forensics\TrainingImages\AliHadi\Challenge1\s4a-challenge4\Windows\System32\winevt\logs\System.evtx,0x80000000000000,0,"{""EventData"":{""Data"":[{""@Name"":""param1"",""#text"":""Network Location Awareness""},{""@Name"":""param2"",""#text"":""running""}]}}"
260,260,2015-08-24 07:03:34.0000000,7036,Info,Service Control Manager,System,0,0,WIN-L0ZZQ76PMUF,1,,Service started or stopped,,,Name: Network List Service | Network List Service,Status: running,,,,,,False,M:\Forensics\TrainingImages\AliHadi\Challenge1\tout\M\Forensics\TrainingImages\AliHadi\Challenge1\s4a-challenge4\Windows\System32\winevt\logs\System.evtx,0x80000000000000,0,"{""EventData"":{""Data"":[{""@Name"":""param1"",""#text"":""Network List Service""},{""@Name"":""param2"",""#text"":""running""}]}}"
261,261,2015-08-24 07:03:34.0000000,7036,Info,Service Control Manager,System,0,0,WIN-L0ZZQ76PMUF,1,,Service started or stopped,,,Name: IP Helper | IP Helper,Status: running,,,,,,False,M:\Forensics\TrainingImages\AliHadi\Challenge1\tout\M\Forensics\TrainingImages\AliHadi\Challenge1\s4a-challenge4\Windows\System32\winevt\logs\System.evtx,0x80000000000000,0,"{""EventData"":{""Data"":[{""@Name"":""param1"",""#text"":""IP Helper""},{""@Name"":""param2"",""#text"":""running""}]}}"
262,262,2015-08-24 07:03:34.0000000,7036,Info,Service Control Manager,System,0,0,WIN-L0ZZQ76PMUF,1,,Service started or stopped,,,Name: Server | Server,Status: running,,,,,,False,M:\Forensics\TrainingImages\AliHadi\Challenge1\tout\M\Forensics\TrainingImages\AliHadi\Challenge1\s4a-challenge4\Windows\System32\winevt\logs\System.evtx,0x80000000000000,0,"{""EventData"":{""Data"":[{""@Name"":""param1"",""#text"":""Server""},{""@Name"":""param2"",""#text"":""running""}]}}"
263,263,2015-08-24 07:04:14.0000000,7036,Info,Service Control Manager,System,0,0,WIN-L0ZZQ76PMUF,1,,Service started or stopped,,,Name: WinHTTP Web Proxy Auto-Discovery Service | WinHTTP Web Proxy Auto-Discovery Service,Status: running,,,,,,False,M:\Forensics\TrainingImages\AliHadi\Challenge1\tout\M\Forensics\TrainingImages\AliHadi\Challenge1\s4a-challenge4\Windows\System32\winevt\logs\System.evtx,0x80000000000000,0,"{""EventData"":{""Data"":[{""@Name"":""param1"",""#text"":""WinHTTP Web Proxy Auto-Discovery Service""},{""@Name"":""param2"",""#text"":""running""}]}}"
264,264,2015-08-24 07:04:27.0000000,10029,Info,Microsoft-Windows-DistributedCOM,System,0,0,WIN-L0ZZQ76PMUF,1,,,,,,,,,,,,False,M:\Forensics\TrainingImages\AliHadi\Challenge1\tout\M\Forensics\TrainingImages\AliHadi\Challenge1\s4a-challenge4\Windows\System32\winevt\logs\System.evtx,0x80000000000000,0,"{""EventData"":{""Data"":[{""@Name"":""param1"",""#text"":""netman""},{""@Name"":""param2""},{""@Name"":""param3"",""#text"":""{BA126AD1-2166-11D1-B1D0-00805FC1270E}""}]}}"
265,265,2015-08-24 07:04:37.0000000,7036,Info,Service Control Manager,System,0,0,WIN-L0ZZQ76PMUF,1,,Service started or stopped,,,Name: Network Connections | Network Connections,Status: running,,,,,,False,M:\Forensics\TrainingImages\AliHadi\Challenge1\tout\M\Forensics\TrainingImages\AliHadi\Challenge1\s4a-challenge4\Windows\System32\winevt\logs\System.evtx,0x80000000000000,0,"{""EventData"":{""Data"":[{""@Name"":""param1"",""#text"":""Network Connections""},{""@Name"":""param2"",""#text"":""running""}]}}"
266,266,2015-08-24 07:04:38.0000000,7036,Info,Service Control Manager,System,0,0,WIN-L0ZZQ76PMUF,1,,Service started or stopped,,,Name: Background Intelligent Transfer Service | Background Intelligent Transfer Service,Status: running,,,,,,False,M:\Forensics\TrainingImages\AliHadi\Challenge1\tout\M\Forensics\TrainingImages\AliHadi\Challenge1\s4a-challenge4\Windows\System32\winevt\logs\System.evtx,0x80000000000000,0,"{""EventData"":{""Data"":[{""@Name"":""param1"",""#text"":""Background Intelligent Transfer Service""},{""@Name"":""param2"",""#text"":""running""}]}}"
267,267,2015-08-24 07:04:49.0000000,7036,Info,Service Control Manager,System,0,0,WIN-L0ZZQ76PMUF,1,,Service started or stopped,,,Name: KtmRm for Distributed Transaction Coordinator | KtmRm for Distributed Transaction Coordinator,Status: running,,,,,,False,M:\Forensics\TrainingImages\AliHadi\Challenge1\tout\M\Forensics\TrainingImages\AliHadi\Challenge1\s4a-challenge4\Windows\System32\winevt\logs\System.evtx,0x80000000000000,0,"{""EventData"":{""Data"":[{""@Name"":""param1"",""#text"":""KtmRm for Distributed Transaction Coordinator""},{""@Name"":""param2"",""#text"":""running""}]}}"
268,268,2015-08-24 07:04:55.0000000,7036,Info,Service Control Manager,System,0,0,WIN-L0ZZQ76PMUF,1,,Service started or stopped,,,Name: Distributed Transaction Coordinator | Distributed Transaction Coordinator,Status: running,,,,,,False,M:\Forensics\TrainingImages\AliHadi\Challenge1\tout\M\Forensics\TrainingImages\AliHadi\Challenge1\s4a-challenge4\Windows\System32\winevt\logs\System.evtx,0x80000000000000,0,"{""EventData"":{""Data"":[{""@Name"":""param1"",""#text"":""Distributed Transaction Coordinator""},{""@Name"":""param2"",""#text"":""running""}]}}"
269,269,2015-08-24 07:04:57.0000000,7036,Info,Service Control Manager,System,0,0,WIN-L0ZZQ76PMUF,1,,Service started or stopped,,,Name: TPM Base Services | TPM Base Services,Status: stopped,,,,,,False,M:\Forensics\TrainingImages\AliHadi\Challenge1\tout\M\Forensics\TrainingImages\AliHadi\Challenge1\s4a-challenge4\Windows\System32\winevt\logs\System.evtx,0x80000000000000,0,"{""EventData"":{""Data"":[{""@Name"":""param1"",""#text"":""TPM Base Services""},{""@Name"":""param2"",""#text"":""stopped""}]}}"
270,270,2015-08-24 07:04:57.3125000,537,Info,Microsoft-Windows-TBS,System,1032,1224,WIN-L0ZZQ76PMUF,1,S-1-5-19,,,,,,,,,,,False,M:\Forensics\TrainingImages\AliHadi\Challenge1\tout\M\Forensics\TrainingImages\AliHadi\Challenge1\s4a-challenge4\Windows\System32\winevt\logs\System.evtx,Classic,0,"{""EventData"":""""}"
271,271,2015-08-24 07:05:01.0000000,7036,Info,Service Control Manager,System,0,0,WIN-L0ZZQ76PMUF,1,,Service started or stopped,,,Name: Windows Remote Management (WS-Management) | Windows Remote Management (WS-Management),Status: running,,,,,,False,M:\Forensics\TrainingImages\AliHadi\Challenge1\tout\M\Forensics\TrainingImages\AliHadi\Challenge1\s4a-challenge4\Windows\System32\winevt\logs\System.evtx,0x80000000000000,0,"{""EventData"":{""Data"":[{""@Name"":""param1"",""#text"":""Windows Remote Management (WS-Management)""},{""@Name"":""param2"",""#text"":""running""}]}}"
272,272,2015-08-24 07:05:04.0000000,7036,Info,Service Control Manager,System,0,0,WIN-L0ZZQ76PMUF,1,,Service started or stopped,,,Name: Windows Update | Windows Update,Status: running,,,,,,False,M:\Forensics\TrainingImages\AliHadi\Challenge1\tout\M\Forensics\TrainingImages\AliHadi\Challenge1\s4a-challenge4\Windows\System32\winevt\logs\System.evtx,0x80000000000000,0,"{""EventData"":{""Data"":[{""@Name"":""param1"",""#text"":""Windows Update""},{""@Name"":""param2"",""#text"":""running""}]}}"
273,273,2015-08-24 07:05:08.0000000,10029,Info,Microsoft-Windows-DistributedCOM,System,0,0,WIN-L0ZZQ76PMUF,1,,,,,,,,,,,,False,M:\Forensics\TrainingImages\AliHadi\Challenge1\tout\M\Forensics\TrainingImages\AliHadi\Challenge1\s4a-challenge4\Windows\System32\winevt\logs\System.evtx,0x80000000000000,0,"{""EventData"":{""Data"":[{""@Name"":""param1"",""#text"":""TrustedInstaller""},{""@Name"":""param2""},{""@Name"":""param3"",""#text"":""{752073A1-23F2-4396-85F0-8FDB879ED0ED}""}]}}"
274,274,2015-08-24 07:05:10.0000000,7036,Info,Service Control Manager,System,0,0,WIN-L0ZZQ76PMUF,1,,Service started or stopped,,,Name: Windows Modules Installer | Windows Modules Installer,Status: running,,,,,,False,M:\Forensics\TrainingImages\AliHadi\Challenge1\tout\M\Forensics\TrainingImages\AliHadi\Challenge1\s4a-challenge4\Windows\System32\winevt\logs\System.evtx,0x80000000000000,0,"{""EventData"":{""Data"":[{""@Name"":""param1"",""#text"":""Windows Modules Installer""},{""@Name"":""param2"",""#text"":""running""}]}}"
275,275,2015-08-24 07:10:43.0000000,1076,Warning,USER32,System,0,0,WIN-L0ZZQ76PMUF,1,S-1-5-21-3848053756-3249532031-1848221756-500,,,,,,,,,,,False,M:\Forensics\TrainingImages\AliHadi\Challenge1\tout\M\Forensics\TrainingImages\AliHadi\Challenge1\s4a-challenge4\Windows\System32\winevt\logs\System.evtx,0x80000000000000,0,"{""EventData"":{""Data"":""Other (Unplanned), 0xa000000, \n, WIN-L0ZZQ76PMUF\\Administrator"",""Binary"":""00-00-00-0A""}}"
276,276,2015-08-24 07:12:24.0000000,7036,Info,Service Control Manager,System,0,0,WIN-L0ZZQ76PMUF,1,,Service started or stopped,,,Name: Diagnostic System Host | Diagnostic System Host,Status: running,,,,,,False,M:\Forensics\TrainingImages\AliHadi\Challenge1\tout\M\Forensics\TrainingImages\AliHadi\Challenge1\s4a-challenge4\Windows\System32\winevt\logs\System.evtx,0x80000000000000,0,"{""EventData"":{""Data"":[{""@Name"":""param1"",""#text"":""Diagnostic System Host""},{""@Name"":""param2"",""#text"":""running""}]}}"
277,277,2015-08-24 07:14:11.6406250,20003,Info,Microsoft-Windows-User-PnP,System,1168,452,WIN-L0ZZQ76PMUF,1,S-1-5-18,,,,,,,,,,,False,M:\Forensics\TrainingImages\AliHadi\Challenge1\tout\M\Forensics\TrainingImages\AliHadi\Challenge1\s4a-challenge4\Windows\System32\winevt\logs\System.evtx,Classic,0,"{""UserData"":{""AddServiceID"":{""ServiceName"":""VBoxGuest"",""DriverFileName"":""system32\\DRIVERS\\VBoxGuest.sys"",""DeviceInstanceID"":""PCI\\VEN_80EE&amp;DEV_CAFE&amp;SUBSYS_00000000&amp;REV_00\\3&amp;267A616A&amp;0&amp;20"",""PrimaryService"":""True"",""UpdateService"":""False"",""AddServiceStatus"":""0""}}}"
278,278,2015-08-24 07:14:12.0312500,20001,Info,Microsoft-Windows-User-PnP,System,1168,452,WIN-L0ZZQ76PMUF,1,S-1-5-18,,,,,,,,,,,False,M:\Forensics\TrainingImages\AliHadi\Challenge1\tout\M\Forensics\TrainingImages\AliHadi\Challenge1\s4a-challenge4\Windows\System32\winevt\logs\System.evtx,Classic,0,"{""UserData"":{""InstallDeviceID"":{""DriverName"":""FileRepository\\vboxguest.inf_545cf030\\vboxguest.inf"",""DriverVersion"":""4.3.30.0"",""DriverProvider"":""Oracle Corporation"",""DeviceInstanceID"":""PCI\\VEN_80EE&amp;DEV_CAFE&amp;SUBSYS_00000000&amp;REV_00\\3&amp;267A616A&amp;0&amp;20"",""SetupClass"":""4d36e97d-e325-11ce-bfc1-08002be10318"",""RebootOption"":""False"",""UpgradeDevice"":""False"",""IsDriverOEM"":""True"",""InstallStatus"":""0"",""DriverDescription"":""VirtualBox Device""}}}"
279,279,2015-08-24 07:14:14.0000000,7040,Info,Service Control Manager,System,0,0,WIN-L0ZZQ76PMUF,1,S-1-5-18,Start type of a service has changed,,,The start type of the VBoxVideo was changed from system start to demand start,,,,,,,False,M:\Forensics\TrainingImages\AliHadi\Challenge1\tout\M\Forensics\TrainingImages\AliHadi\Challenge1\s4a-challenge4\Windows\System32\winevt\logs\System.evtx,0x80000000000000,0,"{""EventData"":{""Data"":[{""@Name"":""param1"",""#text"":""VBoxVideo""},{""@Name"":""param2"",""#text"":""system start""},{""@Name"":""param3"",""#text"":""demand start""}]}}"
280,280,2015-08-24 07:14:14.0156250,20003,Info,Microsoft-Windows-User-PnP,System,996,1840,WIN-L0ZZQ76PMUF,1,S-1-5-18,,,,,,,,,,,False,M:\Forensics\TrainingImages\AliHadi\Challenge1\tout\M\Forensics\TrainingImages\AliHadi\Challenge1\s4a-challenge4\Windows\System32\winevt\logs\System.evtx,Classic,0,"{""UserData"":{""AddServiceID"":{""ServiceName"":""VBoxVideo"",""DriverFileName"":""system32\\DRIVERS\\VBoxVideo.sys"",""DeviceInstanceID"":""PCI\\VEN_80EE&amp;DEV_BEEF&amp;SUBSYS_00000000&amp;REV_00\\3&amp;267A616A&amp;0&amp;10"",""PrimaryService"":""True"",""UpdateService"":""True"",""AddServiceStatus"":""0""}}}"
281,281,2015-08-24 07:14:14.1093750,20001,Info,Microsoft-Windows-User-PnP,System,996,1840,WIN-L0ZZQ76PMUF,1,S-1-5-18,,,,,,,,,,,False,M:\Forensics\TrainingImages\AliHadi\Challenge1\tout\M\Forensics\TrainingImages\AliHadi\Challenge1\s4a-challenge4\Windows\System32\winevt\logs\System.evtx,Classic,0,"{""UserData"":{""InstallDeviceID"":{""DriverName"":""FileRepository\\vboxvideo.inf_41060f5b\\vboxvideo.inf"",""DriverVersion"":""4.3.30.0"",""DriverProvider"":""Oracle Corporation"",""DeviceInstanceID"":""PCI\\VEN_80EE&amp;DEV_BEEF&amp;SUBSYS_00000000&amp;REV_00\\3&amp;267A616A&amp;0&amp;10"",""SetupClass"":""4d36e968-e325-11ce-bfc1-08002be10318"",""RebootOption"":""False"",""UpgradeDevice"":""True"",""IsDriverOEM"":""True"",""InstallStatus"":""0"",""DriverDescription"":""VirtualBox Graphics Adapter""}}}"
282,282,2015-08-24 07:14:17.0000000,1074,Info,USER32,System,0,0,WIN-L0ZZQ76PMUF,1,S-1-5-21-3848053756-3249532031-1848221756-500,A user initiated a system restart,,,"Hostname: ","Reason: ","Type: ","Code: ",,,,False,M:\Forensics\TrainingImages\AliHadi\Challenge1\tout\M\Forensics\TrainingImages\AliHadi\Challenge1\s4a-challenge4\Windows\System32\winevt\logs\System.evtx,0x80000000000000,0,"{""EventData"":{""Data"":""VBoxWindowsAdditions-x86.exe, WIN-L0ZZQ76PMUF, Other (Unplanned), 0x0, restart, WIN-L0ZZQ76PMUF\\Administrator"",""Binary"":""00-00-00-00""}}"
283,283,2015-08-24 07:14:18.0000000,1074,Info,USER32,System,0,0,WIN-L0ZZQ76PMUF,1,S-1-5-21-3848053756-3249532031-1848221756-500,A user initiated a system restart,,,"Hostname: ","Reason: ","Type: ","Code: ",,,,False,M:\Forensics\TrainingImages\AliHadi\Challenge1\tout\M\Forensics\TrainingImages\AliHadi\Challenge1\s4a-challenge4\Windows\System32\winevt\logs\System.evtx,0x80000000000000,0,"{""EventData"":{""Data"":""C:\\Windows\\system32\\winlogon.exe (WIN-L0ZZQ76PMUF), WIN-L0ZZQ76PMUF, No title for this reason could be found, 0x500ff, restart, WIN-L0ZZQ76PMUF\\Administrator"",""Binary"":""FF-00-05-00""}}"
284,284,2015-08-24 07:14:18.0000000,7036,Info,Service Control Manager,System,0,0,WIN-L0ZZQ76PMUF,1,,Service started or stopped,,,Name: Windows Update | Windows Update,Status: stopped,,,,,,False,M:\Forensics\TrainingImages\AliHadi\Challenge1\tout\M\Forensics\TrainingImages\AliHadi\Challenge1\s4a-challenge4\Windows\System32\winevt\logs\System.evtx,0x80000000000000,0,"{""EventData"":{""Data"":[{""@Name"":""param1"",""#text"":""Windows Update""},{""@Name"":""param2"",""#text"":""stopped""}]}}"
285,285,2015-08-24 07:14:18.0000000,7036,Info,Service Control Manager,System,0,0,WIN-L0ZZQ76PMUF,1,,Service started or stopped,,,Name: Group Policy Client | Group Policy Client,Status: stopped,,,,,,False,M:\Forensics\TrainingImages\AliHadi\Challenge1\tout\M\Forensics\TrainingImages\AliHadi\Challenge1\s4a-challenge4\Windows\System32\winevt\logs\System.evtx,0x80000000000000,0,"{""EventData"":{""Data"":[{""@Name"":""param1"",""#text"":""Group Policy Client""},{""@Name"":""param2"",""#text"":""stopped""}]}}"
286,286,2015-08-24 07:14:18.0000000,6006,Info,EventLog,System,0,0,WIN-L0ZZQ76PMUF,1,,The Event log service was stopped,,,Computer: WIN-L0ZZQ76PMUF,,,,,,,False,M:\Forensics\TrainingImages\AliHadi\Challenge1\tout\M\Forensics\TrainingImages\AliHadi\Challenge1\s4a-challenge4\Windows\System32\winevt\logs\System.evtx,0x80000000000000,0,"{""EventData"":{""Data"":"""",""Binary"":""01-00-00-00-00-00-00-00""}}"
287,287,2015-08-24 07:14:30.7031250,5,Warning,storflt,System,0,0,WIN-L0ZZQ76PMUF,1,,,,,,,,,,,,False,M:\Forensics\TrainingImages\AliHadi\Challenge1\tout\M\Forensics\TrainingImages\AliHadi\Challenge1\s4a-challenge4\Windows\System32\winevt\logs\System.evtx,0x80000000000000,0,"{""EventData"":{""Data"":"""",""Binary"":""00-00-00-00-01-00-00-00-00-00-00-00-05-00-06-80-00-00-00-00-00-00-00-00-00-00-00-00-00-00-00-00-00-00-00-00-00-00-00-00""}}"
288,288,2015-08-23 21:14:54.0000000,6009,Info,EventLog,System,0,0,WIN-L0ZZQ76PMUF,1,,,,,,,,,,,,False,M:\Forensics\TrainingImages\AliHadi\Challenge1\tout\M\Forensics\TrainingImages\AliHadi\Challenge1\s4a-challenge4\Windows\System32\winevt\logs\System.evtx,0x80000000000000,0,"{""EventData"":{""Data"":""6.00., 6001, Service Pack 1, Multiprocessor Free"",""Binary"":""""}}"
289,289,2015-08-23 21:14:54.0000000,6005,Info,EventLog,System,0,0,WIN-L0ZZQ76PMUF,1,,The Event log service was started,,,Computer: WIN-L0ZZQ76PMUF,,,,,,,False,M:\Forensics\TrainingImages\AliHadi\Challenge1\tout\M\Forensics\TrainingImages\AliHadi\Challenge1\s4a-challenge4\Windows\System32\winevt\logs\System.evtx,0x80000000000000,0,"{""EventData"":{""Data"":"""",""Binary"":""DF-07-08-00-00-00-17-00-15-00-0E-00-36-00-F4-01-00-00-00-00-00-00-00-00""}}"
290,290,2015-08-23 21:14:54.0000000,6013,Info,EventLog,System,0,0,WIN-L0ZZQ76PMUF,1,,System uptime,,,The system uptime is 21 seconds,"TimeZone: 60, 480 Pacific Standard Time",,,,,,False,M:\Forensics\TrainingImages\AliHadi\Challenge1\tout\M\Forensics\TrainingImages\AliHadi\Challenge1\s4a-challenge4\Windows\System32\winevt\logs\System.evtx,0x80000000000000,0,"{""EventData"":{""Data"":""21, 60, 480 Pacific Standard Time"",""Binary"":""31-00-2E-00-31-00-00-00-30-00-00-00-57-00-69-00-6E-00-64-00-6F-00-77-00-73-00-20-00-53-00-65-00-72-00-76-00-65-00-72-00-20-00-28-00-52-00-29-00-20-00-32-00-30-00-30-00-38-00-20-00-53-00-74-00-61-00-6E-00-64-00-61-00-72-00-64-00-00-00-36-00-2E-00-30-00-2E-00-36-00-30-00-30-00-31-00-20-00-42-00-75-00-69-00-6C-00-64-00-20-00-36-00-30-00-30-00-31-00-20-00-53-00-65-00-72-00-76-00-69-00-63-00-65-00-20-00-50-00-61-00-63-00-6B-00-20-00-31-00-00-00-4D-00-75-00-6C-00-74-00-69-00-70-00-72-00-6F-00-63-00-65-00-73-00-73-00-6F-00-72-00-20-00-46-00-72-00-65-00-65-00-00-00-36-00-30-00-30-00-31-00-2E-00-6C-00-6F-00-6E-00-67-00-68-00-6F-00-72-00-6E-00-5F-00-72-00-74-00-6D-00-2E-00-30-00-38-00-30-00-31-00-31-00-38-00-2D-00-31-00-38-00-34-00-30-00-00-00-35-00-35-00-64-00-61-00-62-00-66-00-33-00-62-00-00-00-4E-00-6F-00-74-00-20-00-41-00-76-00-61-00-69-00-6C-00-61-00-62-00-6C-00-65-00-00-00-4E-00-6F-00-74-00-20-00-41-00-76-00-61-00-69-00-6C-00-61-00-62-00-6C-00-65-00-00-00-30-00-00-00-31-00-00-00-31-00-30-00-32-00-33-00-00-00-34-00-30-00-39-00-00-00-57-00-49-00-4E-00-2D-00-4C-00-30-00-5A-00-5A-00-51-00-37-00-36-00-50-00-4D-00-55-00-46-00-00-00-00-00""}}"
291,291,2015-08-24 07:14:30.7187500,4201,Info,Tcpip,System,0,0,WIN-L0ZZQ76PMUF,1,,,,,,,,,,,,False,M:\Forensics\TrainingImages\AliHadi\Challenge1\tout\M\Forensics\TrainingImages\AliHadi\Challenge1\s4a-challenge4\Windows\System32\winevt\logs\System.evtx,0x80000000000000,0,"{""EventData"":{""Data"":""Loopback Pseudo-Interface 1"",""Binary"":""00-00-00-00-02-00-2C-00-00-00-00-00-69-10-00-40-02-00-00-00-00-00-00-00-00-00-00-00-00-00-00-00-00-00-00-00-00-00-00-00""}}"
292,292,2015-08-24 07:14:30.7187500,4201,Info,Tcpip,System,0,0,WIN-L0ZZQ76PMUF,1,,,,,,,,,,,,False,M:\Forensics\TrainingImages\AliHadi\Challenge1\tout\M\Forensics\TrainingImages\AliHadi\Challenge1\s4a-challenge4\Windows\System32\winevt\logs\System.evtx,0x80000000000000,0,"{""EventData"":{""Data"":""Loopback Pseudo-Interface 1"",""Binary"":""00-00-00-00-02-00-2C-00-00-00-00-00-69-10-00-40-02-00-00-00-00-00-00-00-00-00-00-00-00-00-00-00-00-00-00-00-00-00-00-00""}}"
293,293,2015-08-24 07:14:33.3281250,4,Info,Microsoft-Windows-Kernel-Processor-Power,System,4,80,WIN-L0ZZQ76PMUF,1,S-1-5-18,,,,,,,,,,,False,M:\Forensics\TrainingImages\AliHadi\Challenge1\tout\M\Forensics\TrainingImages\AliHadi\Challenge1\s4a-challenge4\Windows\System32\winevt\logs\System.evtx,Classic,0,"{""EventData"":{""Data"":[{""@Name"":""Processor"",""#text"":""0""},{""@Name"":""IdleStateCount"",""#text"":""1""},{""@Name"":""PerfStateCount"",""#text"":""0""},{""@Name"":""ThrottleStateCount"",""#text"":""0""}],""ComplexData"":[{""@Name"":""IdleState"",""#text"":""01-00-00-00""},{""@Name"":""PerfState""}]}}"
294,294,2015-08-24 07:14:34.1093750,4201,Info,Tcpip,System,0,0,WIN-L0ZZQ76PMUF,1,,,,,,,,,,,,False,M:\Forensics\TrainingImages\AliHadi\Challenge1\tout\M\Forensics\TrainingImages\AliHadi\Challenge1\s4a-challenge4\Windows\System32\winevt\logs\System.evtx,0x80000000000000,0,"{""EventData"":{""Data"":""Local Area Connection"",""Binary"":""00-00-00-00-02-00-2C-00-00-00-00-00-69-10-00-40-02-00-00-00-00-00-00-00-00-00-00-00-00-00-00-00-00-00-00-00-00-00-00-00""}}"
295,295,2015-08-24 07:14:34.1093750,4201,Info,Tcpip,System,0,0,WIN-L0ZZQ76PMUF,1,,,,,,,,,,,,False,M:\Forensics\TrainingImages\AliHadi\Challenge1\tout\M\Forensics\TrainingImages\AliHadi\Challenge1\s4a-challenge4\Windows\System32\winevt\logs\System.evtx,0x80000000000000,0,"{""EventData"":{""Data"":""Local Area Connection"",""Binary"":""00-00-00-00-02-00-2C-00-00-00-00-00-69-10-00-40-02-00-00-00-00-00-00-00-00-00-00-00-00-00-00-00-00-00-00-00-00-00-00-00""}}"
296,296,2015-08-24 07:14:48.9375000,6,Info,Microsoft-Windows-FilterManager,System,4,80,WIN-L0ZZQ76PMUF,1,S-1-5-18,,,,,,,,,,,False,M:\Forensics\TrainingImages\AliHadi\Challenge1\tout\M\Forensics\TrainingImages\AliHadi\Challenge1\s4a-challenge4\Windows\System32\winevt\logs\System.evtx,Classic,0,"{""EventData"":{""Data"":[{""@Name"":""FinalStatus"",""#text"":""0x0""},{""@Name"":""DeviceVersionMajor"",""#text"":""6""},{""@Name"":""DeviceVersionMinor"",""#text"":""0""},{""@Name"":""DeviceNameLength"",""#text"":""5""},{""@Name"":""DeviceName"",""#text"":""luafv""},{""@Name"":""DeviceTime"",""#text"":""2008-01-18 22:30:35.0000000""}]}}"
297,297,2015-08-23 21:14:52.9850000,1,Info,Microsoft-Windows-Kernel-General,System,844,860,WIN-L0ZZQ76PMUF,2,S-1-5-18,The system time was changed,,,OldTime: 2015-08-24 07:14:49.5312500,NewTime: 2015-08-23 21:14:52.9850000,"Reason: ",,,,,False,M:\Forensics\TrainingImages\AliHadi\Challenge1\tout\M\Forensics\TrainingImages\AliHadi\Challenge1\s4a-challenge4\Windows\System32\winevt\logs\System.evtx,Time,0,"{""EventData"":{""Data"":[{""@Name"":""NewTime"",""#text"":""2015-08-23 21:14:52.9850000""},{""@Name"":""OldTime"",""#text"":""2015-08-24 07:14:49.5312500""}]}}"
298,298,2015-08-23 21:15:00.0000000,1103,Info,Microsoft-Windows-Dhcp-Client,System,0,0,WIN-L0ZZQ76PMUF,2,,,,,,,,,,,,False,M:\Forensics\TrainingImages\AliHadi\Challenge1\tout\M\Forensics\TrainingImages\AliHadi\Challenge1\s4a-challenge4\Windows\System32\winevt\logs\System.evtx,0x80000000000000,0,"{""EventData"":{""Data"":"""",""Binary"":""""}}"
