101,101,2015-08-23 22:14:10.0000000,1033,Info,Microsoft-Windows-Security-Licensing-SLC,Application,0,0,WIN-L0ZZQ76PMUF,0,,,,,,,,,,,,False,M:\Forensics\TrainingImages\AliHadi\Challenge1\tout\M\Forensics\TrainingImages\AliHadi\Challenge1\s4a-challenge4\Windows\System32\winevt\logs\Application.evtx,0x80000000000000,0,"{""EventData"":{""Data"":""(IIS-W3SVC-MaxConcurrentRequests) (Microsoft-Windows-AuxiliaryDisplay-EnableAPI) (Microsoft-Windows-AuxiliaryDisplay-EnableCPL) (Microsoft-Windows-AuxiliaryDisplay-EnableCPL_w) (Microsoft-Windows-AuxiliaryDisplay-EnableDriver) (Microsoft-Windows-AuxiliaryDisplay-EnableDriver_w) (Microsoft-Windows-AuxiliaryDisplay-EnableSDP) (Microsoft-Windows-AuxiliaryDisplay-EnableSDP_w) (Microsoft-Windows-CertificateServices-CA-AdvancedTemplateSupport) (Microsoft-Windows-CertificateServices-CA-AdvancedTemplateSupport_w) (Microsoft-Windows-CertificateServices-CA-CertificateManagerRestrictionSupport) (Microsoft-Windows-CertificateServices-CA-CertificateManagerRestrictionSupport_w) (Microsoft-Windows-CertificateServices-CA-ExitModuleSMTPSupport) (Microsoft-Windows-CertificateServices-CA-ExitModuleSMTPSupport_w) (Microsoft-Windows-CertificateServices-CA-RoleSeparationSupport) (Microsoft-Windows-CertificateServices-CA-RoleSeparationSupport_w) (Microsoft-Windows-Fax-Common-DeviceLimit) (Microsoft-Windows-Fax-Common-EnableServerPolicy) (PeerToPeerBase-IdManager-EnabledPolicy) (PeerToPeerBase-IdManager-EnabledPolicy_w) (PeerToPeerBase-Pnrp-EnabledPolicy) (PeerToPeerBase-Pnrp-EnabledPolicy_w) (Printing-Spooler-Pmc-Licensing-Enabled) (Printing-Spooler-Pmc-Licensing-Enabled_w) (SecureStartupFeature-Enabled) (SecureStartupFeature-Enabled-Driver) (SecureStartupFeature-Enabled_w) (SecureStartupFeature-PerfWarning) (TSProxy-EdgeAdapter-MaxConnections) (Telnet-Client-EnableTelnetClient) (Telnet-Client-EnableTelnetClient_w) (Telnet-Server-EnableTelnetServer) (Telnet-Server-EnableTelnetServer_w) (WindowsSearchEngine-Licensing-SearchEnabled) (WindowsSearchEngine-Licensing-SearchEnabled_w) (nfs-admincmdtools-enabled) (nfs-adminmmc-enabled) (nfs-clientcmdtools-enabled) (nfs-clientcore-enabled) (nfs-servercmdtools-enabled) (nfs-servercore-enabled) (psync-Enabled) (snis-Enabled) (snis-Enabled_w) (sua-EnableSUA) , 55c92734-d682-4d71-983e-d6ec3f16059f, 603504f9-109f-49f0-9271-8c66f7878f58"",""Binary"":""""}}"
102,102,2015-08-23 22:14:10.0000000,1003,Info,Microsoft-Windows-Security-Licensing-SLC,Application,0,0,WIN-L0ZZQ76PMUF,0,,,,,,,,,,,,False,M:\Forensics\TrainingImages\AliHadi\Challenge1\tout\M\Forensics\TrainingImages\AliHadi\Challenge1\s4a-challenge4\Windows\System32\winevt\logs\Application.evtx,0x80000000000000,0,"{""EventData"":{""Data"":""55c92734-d682-4d71-983e-d6ec3f16059f, \n{1,[15a581b4-f839-4d26-943c-b7e72f219849, 8, 0xC004F014,0x0]}\n\n{1,[56df4151-1f9f-41bf-acaa-2941c071872b, 8, 0xC004F014,0x0]}\n\n{1,[603504f9-109f-49f0-9271-8c66f7878f58, 0, 0x0,0x0],[0x1,0xC004F034,0x0,0,0,0x0],[0x10,0xC004F030,0x0,0,0,0x0],[0x0,0x0,0x0,0,0,0x14EEC],[60,3,0x14EEC]}\n\n{1,[7acd9eb8-e300-444c-b38a-47cdbe065508, 8, 0xC004F014,0x0]}\n\n{1,[ad2542d4-9154-4c6d-8a44-30f11ee96989, 8, 0xC004F014,0x0]}\n\n{1,[bb1d27c4-959d-4f82-b0fd-c02a7be54732, 8, 0xC004F014,0x0]}\n\n{1,[c90d1b4e-8aa8-439e-8b9e-b6d6b6a6d975, 8, 0xC004F014,0x0]}\n"",""Binary"":""""}}"
103,103,2015-08-23 22:14:10.0000000,1005,Info,Microsoft-Windows-Security-Licensing-SLC,Application,0,0,WIN-L0ZZQ76PMUF,0,,,,,,,,,,,,False,M:\Forensics\TrainingImages\AliHadi\Challenge1\tout\M\Forensics\TrainingImages\AliHadi\Challenge1\s4a-challenge4\Windows\System32\winevt\logs\Application.evtx,0x80000000000000,0,"{""EventData"":{""Data"":""hr=0x0"",""Binary"":""""}}"
104,104,2015-08-23 22:14:10.0000000,902,LogAlways,Microsoft-Windows-Security-Licensing-SLC,Application,0,0,WIN-L0ZZQ76PMUF,0,,,,,,,,,,,,False,M:\Forensics\TrainingImages\AliHadi\Challenge1\tout\M\Forensics\TrainingImages\AliHadi\Challenge1\s4a-challenge4\Windows\System32\winevt\logs\Application.evtx,0x80000000000000,0,"{""EventData"":{""Data"":"""",""Binary"":""""}}"
105,105,2015-08-23 22:14:16.0000000,5615,LogAlways,Microsoft-Windows-WMI,Application,0,0,WIN-L0ZZQ76PMUF,0,,,,,,,,,,,,False,M:\Forensics\TrainingImages\AliHadi\Challenge1\tout\M\Forensics\TrainingImages\AliHadi\Challenge1\s4a-challenge4\Windows\System32\winevt\logs\Application.evtx,0x80000000000000,0,"{""EventData"":{""Data"":"""",""Binary"":""""}}"
106,106,2015-08-23 22:14:24.0000000,5617,LogAlways,Microsoft-Windows-WMI,Application,0,0,WIN-L0ZZQ76PMUF,0,,,,,,,,,,,,False,M:\Forensics\TrainingImages\AliHadi\Challenge1\tout\M\Forensics\TrainingImages\AliHadi\Challenge1\s4a-challenge4\Windows\System32\winevt\logs\Application.evtx,0x80000000000000,0,"{""EventData"":{""Data"":"""",""Binary"":""""}}"
107,107,2015-08-23 22:14:42.0000000,4101,Info,Microsoft-Windows-Winlogon,Application,0,0,WIN-L0ZZQ76PMUF,1,,,,,,,,,,,,False,M:\Forensics\TrainingImages\AliHadi\Challenge1\tout\M\Forensics\TrainingImages\AliHadi\Challenge1\s4a-challenge4\Windows\System32\winevt\logs\Application.evtx,0x80000000000000,0,"{""EventData"":{""Data"":""0x00000000, 0x00000001"",""Binary"":""""}}"
108,108,2015-08-23 22:14:42.0000000,6000,Info,Microsoft-Windows-Winlogon,Application,0,0,WIN-L0ZZQ76PMUF,1,,,,,,,,,,,,False,M:\Forensics\TrainingImages\AliHadi\Challenge1\tout\M\Forensics\TrainingImages\AliHadi\Challenge1\s4a-challenge4\Windows\System32\winevt\logs\Application.evtx,0x80000000000000,0,"{""EventData"":{""Data"":""SessionEnv"",""Binary"":""D9-06-00-00""}}"
109,109,2015-08-23 22:14:43.0000000,9003,Info,Desktop Window Manager,Application,0,0,WIN-L0ZZQ76PMUF,1,,,,,,,,,,,,False,M:\Forensics\TrainingImages\AliHadi\Challenge1\tout\M\Forensics\TrainingImages\AliHadi\Challenge1\s4a-challenge4\Windows\System32\winevt\logs\Application.evtx,0x80000000000000,0,"{""EventData"":{""Data"":"""",""Binary"":""""}}"
110,110,2015-08-23 22:14:43.1705000,1,Info,Microsoft-Windows-CertificateServicesClient,Application,1160,688,WIN-L0ZZQ76PMUF,1,S-1-5-21-3848053756-3249532031-1848221756-500,,,,,,,,,,,False,M:\Forensics\TrainingImages\AliHadi\Challenge1\tout\M\Forensics\TrainingImages\AliHadi\Challenge1\s4a-challenge4\Windows\System32\winevt\logs\Application.evtx,Classic,0,"{""EventData"":""""}"
111,111,2015-08-23 22:15:15.1392500,1,Info,Microsoft-Windows-CertificateServicesClient,Application,1772,1992,WIN-L0ZZQ76PMUF,1,S-1-5-18,,,,,,,,,,,False,M:\Forensics\TrainingImages\AliHadi\Challenge1\tout\M\Forensics\TrainingImages\AliHadi\Challenge1\s4a-challenge4\Windows\System32\winevt\logs\Application.evtx,Classic,0,"{""EventData"":""""}"
112,112,2015-08-23 22:16:22.0000000,4202,Info,Microsoft-Windows-MSDTC 2,Application,0,0,WIN-L0ZZQ76PMUF,1,,,,,,,,,,,,False,M:\Forensics\TrainingImages\AliHadi\Challenge1\tout\M\Forensics\TrainingImages\AliHadi\Challenge1\s4a-challenge4\Windows\System32\winevt\logs\Application.evtx,0x80000000000000,0,"{""EventData"":{""Data"":[{""@Name"":""param1"",""#text"":""0""},{""@Name"":""param2"",""#text"":""0""},{""@Name"":""param3"",""#text"":""0""},{""@Name"":""param4"",""#text"":""0""},{""@Name"":""param5"",""#text"":""0""},{""@Name"":""param6"",""#text"":""0""},{""@Name"":""param7"",""#text"":""1""},{""@Name"":""param8"",""#text"":""Mutual Authentication Required""},{""@Name"":""param9"",""#text"":""NT AUTHORITY\\NetworkService""},{""@Name"":""param10"",""#text"":""0""},{""@Name"":""param11"",""#text"":""0""}]}}"
113,113,2015-08-23 22:18:23.0000000,1001,Info,Microsoft-Windows-LoadPerf,Application,0,0,WIN-L0ZZQ76PMUF,1,,,,,,,,,,,,False,M:\Forensics\TrainingImages\AliHadi\Challenge1\tout\M\Forensics\TrainingImages\AliHadi\Challenge1\s4a-challenge4\Windows\System32\winevt\logs\Application.evtx,0x80000000000000,0,"{""UserData"":{""EventXML"":{""param1"":""WmiApRpl"",""param2"":""WmiApRpl"",""binaryDataSize"":""12"",""binaryData"":""36-12-00-00-37-12-00-00-4C-07-00-00""}}}"
114,114,2015-08-23 22:18:23.0000000,1000,Info,Microsoft-Windows-LoadPerf,Application,0,0,WIN-L0ZZQ76PMUF,1,,,,,,,,,,,,False,M:\Forensics\TrainingImages\AliHadi\Challenge1\tout\M\Forensics\TrainingImages\AliHadi\Challenge1\s4a-challenge4\Windows\System32\winevt\logs\Application.evtx,0x80000000000000,0,"{""UserData"":{""EventXML"":{""param1"":""WmiApRpl"",""param2"":""WmiApRpl"",""binaryDataSize"":""16"",""binaryData"":""38-12-00-00-DE-12-00-00-39-12-00-00-DF-12-00-00""}}}"
115,115,2015-08-23 22:24:04.0000000,100,Warning,MySQL,Application,0,0,WIN-L0ZZQ76PMUF,1,,,,,,,,,,,,False,M:\Forensics\TrainingImages\AliHadi\Challenge1\tout\M\Forensics\TrainingImages\AliHadi\Challenge1\s4a-challenge4\Windows\System32\winevt\logs\Application.evtx,0x80000000000000,0,"{""EventData"":{""Data"":""Using unique option prefix key_buffer instead of key_buffer_size is deprecated and will be removed in a future release. Please use the full name instead.\n\n"",""Binary"":""""}}"
116,116,2015-08-23 22:24:04.0000000,100,Warning,MySQL,Application,0,0,WIN-L0ZZQ76PMUF,1,,,,,,,,,,,,False,M:\Forensics\TrainingImages\AliHadi\Challenge1\tout\M\Forensics\TrainingImages\AliHadi\Challenge1\s4a-challenge4\Windows\System32\winevt\logs\Application.evtx,0x80000000000000,0,"{""EventData"":{""Data"":""TIMESTAMP with implicit DEFAULT value is deprecated. Please use --explicit_defaults_for_timestamp server option (see documentation for more details).\n\n"",""Binary"":""""}}"
117,117,2015-08-23 22:24:04.0000000,100,Info,MySQL,Application,0,0,WIN-L0ZZQ76PMUF,1,,,,,,,,,,,,False,M:\Forensics\TrainingImages\AliHadi\Challenge1\tout\M\Forensics\TrainingImages\AliHadi\Challenge1\s4a-challenge4\Windows\System32\winevt\logs\Application.evtx,0x80000000000000,0,"{""EventData"":{""Data"":""c:\\xampp\\mysql\\bin\\mysqld.exe (mysqld 5.6.25) starting as process 3612 ...\n\n"",""Binary"":""""}}"
118,118,2015-08-23 22:24:05.0000000,100,Info,MySQL,Application,0,0,WIN-L0ZZQ76PMUF,1,,,,,,,,,,,,False,M:\Forensics\TrainingImages\AliHadi\Challenge1\tout\M\Forensics\TrainingImages\AliHadi\Challenge1\s4a-challenge4\Windows\System32\winevt\logs\Application.evtx,0x80000000000000,0,"{""EventData"":{""Data"":""Plugin 'FEDERATED' is disabled.\n\n"",""Binary"":""""}}"
119,119,2015-08-23 22:24:05.0000000,100,Info,MySQL,Application,0,0,WIN-L0ZZQ76PMUF,1,,,,,,,,,,,,False,M:\Forensics\TrainingImages\AliHadi\Challenge1\tout\M\Forensics\TrainingImages\AliHadi\Challenge1\s4a-challenge4\Windows\System32\winevt\logs\Application.evtx,0x80000000000000,0,"{""EventData"":{""Data"":""InnoDB: Using atomics to ref count buffer pool pages\n\n"",""Binary"":""""}}"
120,120,2015-08-23 22:24:05.0000000,100,Info,MySQL,Application,0,0,WIN-L0ZZQ76PMUF,1,,,,,,,,,,,,False,M:\Forensics\TrainingImages\AliHadi\Challenge1\tout\M\Forensics\TrainingImages\AliHadi\Challenge1\s4a-challenge4\Windows\System32\winevt\logs\Application.evtx,0x80000000000000,0,"{""EventData"":{""Data"":""InnoDB: The InnoDB memory heap is disabled\n\n"",""Binary"":""""}}"
121,121,2015-08-23 22:24:05.0000000,100,Info,MySQL,Application,0,0,WIN-L0ZZQ76PMUF,1,,,,,,,,,,,,False,M:\Forensics\TrainingImages\AliHadi\Challenge1\tout\M\Forensics\TrainingImages\AliHadi\Challenge1\s4a-challenge4\Windows\System32\winevt\logs\Application.evtx,0x80000000000000,0,"{""EventData"":{""Data"":""InnoDB: Mutexes and rw_locks use Windows interlocked functions\n\n"",""Binary"":""""}}"
122,122,2015-08-23 22:24:05.0000000,100,Info,MySQL,Application,0,0,WIN-L0ZZQ76PMUF,1,,,,,,,,,,,,False,M:\Forensics\TrainingImages\AliHadi\Challenge1\tout\M\Forensics\TrainingImages\AliHadi\Challenge1\s4a-challenge4\Windows\System32\winevt\logs\Application.evtx,0x80000000000000,0,"{""EventData"":{""Data"":""InnoDB: Memory barrier is not used\n\n"",""Binary"":""""}}"
123,123,2015-08-23 22:24:05.0000000,100,Info,MySQL,Application,0,0,WIN-L0ZZQ76PMUF,1,,,,,,,,,,,,False,M:\Forensics\TrainingImages\AliHadi\Challenge1\tout\M\Forensics\TrainingImages\AliHadi\Challenge1\s4a-challenge4\Windows\System32\winevt\logs\Application.evtx,0x80000000000000,0,"{""EventData"":{""Data"":""InnoDB: Compressed tables use zlib 1.2.3\n\n"",""Binary"":""""}}"
124,124,2015-08-23 22:24:05.0000000,100,Info,MySQL,Application,0,0,WIN-L0ZZQ76PMUF,1,,,,,,,,,,,,False,M:\Forensics\TrainingImages\AliHadi\Challenge1\tout\M\Forensics\TrainingImages\AliHadi\Challenge1\s4a-challenge4\Windows\System32\winevt\logs\Application.evtx,0x80000000000000,0,"{""EventData"":{""Data"":""InnoDB: Not using CPU crc32 instructions\n\n"",""Binary"":""""}}"
125,125,2015-08-23 22:24:05.0000000,100,Info,MySQL,Application,0,0,WIN-L0ZZQ76PMUF,1,,,,,,,,,,,,False,M:\Forensics\TrainingImages\AliHadi\Challenge1\tout\M\Forensics\TrainingImages\AliHadi\Challenge1\s4a-challenge4\Windows\System32\winevt\logs\Application.evtx,0x80000000000000,0,"{""EventData"":{""Data"":""InnoDB: Initializing buffer pool, size = 16.0M\n\n"",""Binary"":""""}}"
126,126,2015-08-23 22:24:05.0000000,100,Info,MySQL,Application,0,0,WIN-L0ZZQ76PMUF,1,,,,,,,,,,,,False,M:\Forensics\TrainingImages\AliHadi\Challenge1\tout\M\Forensics\TrainingImages\AliHadi\Challenge1\s4a-challenge4\Windows\System32\winevt\logs\Application.evtx,0x80000000000000,0,"{""EventData"":{""Data"":""InnoDB: Completed initialization of buffer pool\n\n"",""Binary"":""""}}"
127,127,2015-08-23 22:24:06.0000000,100,Info,MySQL,Application,0,0,WIN-L0ZZQ76PMUF,1,,,,,,,,,,,,False,M:\Forensics\TrainingImages\AliHadi\Challenge1\tout\M\Forensics\TrainingImages\AliHadi\Challenge1\s4a-challenge4\Windows\System32\winevt\logs\Application.evtx,0x80000000000000,0,"{""EventData"":{""Data"":""InnoDB: Highest supported file format is Barracuda.\n\n"",""Binary"":""""}}"
128,128,2015-08-23 22:24:06.0000000,100,Info,MySQL,Application,0,0,WIN-L0ZZQ76PMUF,1,,,,,,,,,,,,False,M:\Forensics\TrainingImages\AliHadi\Challenge1\tout\M\Forensics\TrainingImages\AliHadi\Challenge1\s4a-challenge4\Windows\System32\winevt\logs\Application.evtx,0x80000000000000,0,"{""EventData"":{""Data"":""InnoDB: The log sequence numbers 1665234 and 1665234 in ibdata files do not match the log sequence number 1677422 in the ib_logfiles!\n\n"",""Binary"":""""}}"
129,129,2015-08-23 22:24:06.0000000,100,Info,MySQL,Application,0,0,WIN-L0ZZQ76PMUF,1,,,,,,,,,,,,False,M:\Forensics\TrainingImages\AliHadi\Challenge1\tout\M\Forensics\TrainingImages\AliHadi\Challenge1\s4a-challenge4\Windows\System32\winevt\logs\Application.evtx,0x80000000000000,0,"{""EventData"":{""Data"":""InnoDB: Database was not shutdown normally!\n\n"",""Binary"":""""}}"
130,130,2015-08-23 22:24:06.0000000,100,Info,MySQL,Application,0,0,WIN-L0ZZQ76PMUF,1,,,,,,,,,,,,False,M:\Forensics\TrainingImages\AliHadi\Challenge1\tout\M\Forensics\TrainingImages\AliHadi\Challenge1\s4a-challenge4\Windows\System32\winevt\logs\Application.evtx,0x80000000000000,0,"{""EventData"":{""Data"":""InnoDB: Starting crash recovery.\n\n"",""Binary"":""""}}"
131,131,2015-08-23 22:24:06.0000000,100,Info,MySQL,Application,0,0,WIN-L0ZZQ76PMUF,1,,,,,,,,,,,,False,M:\Forensics\TrainingImages\AliHadi\Challenge1\tout\M\Forensics\TrainingImages\AliHadi\Challenge1\s4a-challenge4\Windows\System32\winevt\logs\Application.evtx,0x80000000000000,0,"{""EventData"":{""Data"":""InnoDB: Reading tablespace information from the .ibd files...\n\n"",""Binary"":""""}}"
132,132,2015-08-23 22:24:07.0000000,100,Info,MySQL,Application,0,0,WIN-L0ZZQ76PMUF,1,,,,,,,,,,,,False,M:\Forensics\TrainingImages\AliHadi\Challenge1\tout\M\Forensics\TrainingImages\AliHadi\Challenge1\s4a-challenge4\Windows\System32\winevt\logs\Application.evtx,0x80000000000000,0,"{""EventData"":{""Data"":""InnoDB: Restoring possible half-written data pages \n\n"",""Binary"":""""}}"
133,133,2015-08-23 22:24:07.0000000,100,Info,MySQL,Application,0,0,WIN-L0ZZQ76PMUF,1,,,,,,,,,,,,False,M:\Forensics\TrainingImages\AliHadi\Challenge1\tout\M\Forensics\TrainingImages\AliHadi\Challenge1\s4a-challenge4\Windows\System32\winevt\logs\Application.evtx,0x80000000000000,0,"{""EventData"":{""Data"":""InnoDB: from the doublewrite buffer...\n\n"",""Binary"":""""}}"
134,134,2015-08-23 22:24:10.0000000,100,Info,MySQL,Application,0,0,WIN-L0ZZQ76PMUF,1,,,,,,,,,,,,False,M:\Forensics\TrainingImages\AliHadi\Challenge1\tout\M\Forensics\TrainingImages\AliHadi\Challenge1\s4a-challenge4\Windows\System32\winevt\logs\Application.evtx,0x80000000000000,0,"{""EventData"":{""Data"":""InnoDB: 128 rollback segment(s) are active.\n\n"",""Binary"":""""}}"
135,135,2015-08-23 22:24:10.0000000,100,Info,MySQL,Application,0,0,WIN-L0ZZQ76PMUF,1,,,,,,,,,,,,False,M:\Forensics\TrainingImages\AliHadi\Challenge1\tout\M\Forensics\TrainingImages\AliHadi\Challenge1\s4a-challenge4\Windows\System32\winevt\logs\Application.evtx,0x80000000000000,0,"{""EventData"":{""Data"":""InnoDB: Waiting for purge to start\n\n"",""Binary"":""""}}"
136,136,2015-08-23 22:24:10.0000000,100,Info,MySQL,Application,0,0,WIN-L0ZZQ76PMUF,1,,,,,,,,,,,,False,M:\Forensics\TrainingImages\AliHadi\Challenge1\tout\M\Forensics\TrainingImages\AliHadi\Challenge1\s4a-challenge4\Windows\System32\winevt\logs\Application.evtx,0x80000000000000,0,"{""EventData"":{""Data"":""InnoDB: 5.6.25 started; log sequence number 1677422\n\n"",""Binary"":""""}}"
137,137,2015-08-23 22:24:10.0000000,100,Info,MySQL,Application,0,0,WIN-L0ZZQ76PMUF,1,,,,,,,,,,,,False,M:\Forensics\TrainingImages\AliHadi\Challenge1\tout\M\Forensics\TrainingImages\AliHadi\Challenge1\s4a-challenge4\Windows\System32\winevt\logs\Application.evtx,0x80000000000000,0,"{""EventData"":{""Data"":""Server hostname (bind-address): '*'; port: 3306\n\n"",""Binary"":""""}}"
138,138,2015-08-23 22:24:10.0000000,100,Info,MySQL,Application,0,0,WIN-L0ZZQ76PMUF,1,,,,,,,,,,,,False,M:\Forensics\TrainingImages\AliHadi\Challenge1\tout\M\Forensics\TrainingImages\AliHadi\Challenge1\s4a-challenge4\Windows\System32\winevt\logs\Application.evtx,0x80000000000000,0,"{""EventData"":{""Data"":""IPv6 is available.\n\n"",""Binary"":""""}}"
139,139,2015-08-23 22:24:10.0000000,100,Info,MySQL,Application,0,0,WIN-L0ZZQ76PMUF,1,,,,,,,,,,,,False,M:\Forensics\TrainingImages\AliHadi\Challenge1\tout\M\Forensics\TrainingImages\AliHadi\Challenge1\s4a-challenge4\Windows\System32\winevt\logs\Application.evtx,0x80000000000000,0,"{""EventData"":{""Data"":""  - '::' resolves to '::';\n\n"",""Binary"":""""}}"
140,140,2015-08-23 22:24:10.0000000,100,Info,MySQL,Application,0,0,WIN-L0ZZQ76PMUF,1,,,,,,,,,,,,False,M:\Forensics\TrainingImages\AliHadi\Challenge1\tout\M\Forensics\TrainingImages\AliHadi\Challenge1\s4a-challenge4\Windows\System32\winevt\logs\Application.evtx,0x80000000000000,0,"{""EventData"":{""Data"":""Server socket created on IP: '::'.\n\n"",""Binary"":""""}}"
141,141,2015-08-23 22:24:12.0000000,100,Info,MySQL,Application,0,0,WIN-L0ZZQ76PMUF,1,,,,,,,,,,,,False,M:\Forensics\TrainingImages\AliHadi\Challenge1\tout\M\Forensics\TrainingImages\AliHadi\Challenge1\s4a-challenge4\Windows\System32\winevt\logs\Application.evtx,0x80000000000000,0,"{""EventData"":{""Data"":""Event Scheduler: Loaded 0 events\n\n"",""Binary"":""""}}"
142,142,2015-08-23 22:24:12.0000000,100,Info,MySQL,Application,0,0,WIN-L0ZZQ76PMUF,1,,,,,,,,,,,,False,M:\Forensics\TrainingImages\AliHadi\Challenge1\tout\M\Forensics\TrainingImages\AliHadi\Challenge1\s4a-challenge4\Windows\System32\winevt\logs\Application.evtx,0x80000000000000,0,"{""EventData"":{""Data"":""c:\\xampp\\mysql\\bin\\mysqld.exe: ready for connections.\nVersion: '5.6.25'  socket: ''  port: 3306  MySQL Community Server (GPL)\n\n"",""Binary"":""""}}"
143,143,2015-08-23 10:29:54.0000000,1531,Info,Microsoft-Windows-User Profiles Service,Application,0,0,WIN-L0ZZQ76PMUF,1,S-1-5-18,,,,,,,,,,,False,M:\Forensics\TrainingImages\AliHadi\Challenge1\tout\M\Forensics\TrainingImages\AliHadi\Challenge1\s4a-challenge4\Windows\System32\winevt\logs\Application.evtx,0x80000000000000,0,"{""EventData"":{""@Name"":""EVENT_SERVICE_STARTED""}}"
144,144,2015-08-23 10:29:55.0000000,900,Info,Microsoft-Windows-Security-Licensing-SLC,Application,0,0,WIN-L0ZZQ76PMUF,1,,,,,,,,,,,,False,M:\Forensics\TrainingImages\AliHadi\Challenge1\tout\M\Forensics\TrainingImages\AliHadi\Challenge1\s4a-challenge4\Windows\System32\winevt\logs\Application.evtx,0x80000000000000,0,"{""EventData"":{""Data"":"""",""Binary"":""""}}"
145,145,2015-08-23 10:29:55.0000000,4625,Info,Microsoft-Windows-EventSystem,Application,0,0,WIN-L0ZZQ76PMUF,1,,,,,,,,,,,,False,M:\Forensics\TrainingImages\AliHadi\Challenge1\tout\M\Forensics\TrainingImages\AliHadi\Challenge1\s4a-challenge4\Windows\System32\winevt\logs\Application.evtx,0x80000000000000,0,"{""EventData"":{""Data"":[{""@Name"":""param1"",""#text"":""86400""},{""@Name"":""param2"",""#text"":""SuppressDuplicateDuration""},{""@Name"":""param3"",""#text"":""Software\\Microsoft\\EventSystem\\EventLog""}]}}"
146,146,2015-08-23 10:30:01.0000000,1033,Info,Microsoft-Windows-Security-Licensing-SLC,Application,0,0,WIN-L0ZZQ76PMUF,1,,,,,,,,,,,,False,M:\Forensics\TrainingImages\AliHadi\Challenge1\tout\M\Forensics\TrainingImages\AliHadi\Challenge1\s4a-challenge4\Windows\System32\winevt\logs\Application.evtx,0x80000000000000,0,"{""EventData"":{""Data"":""(IIS-W3SVC-MaxConcurrentRequests) (Microsoft-Windows-AuxiliaryDisplay-EnableAPI) (Microsoft-Windows-AuxiliaryDisplay-EnableCPL) (Microsoft-Windows-AuxiliaryDisplay-EnableCPL_w) (Microsoft-Windows-AuxiliaryDisplay-EnableDriver) (Microsoft-Windows-AuxiliaryDisplay-EnableDriver_w) (Microsoft-Windows-AuxiliaryDisplay-EnableSDP) (Microsoft-Windows-AuxiliaryDisplay-EnableSDP_w) (Microsoft-Windows-CertificateServices-CA-AdvancedTemplateSupport) (Microsoft-Windows-CertificateServices-CA-AdvancedTemplateSupport_w) (Microsoft-Windows-CertificateServices-CA-CertificateManagerRestrictionSupport) (Microsoft-Windows-CertificateServices-CA-CertificateManagerRestrictionSupport_w) (Microsoft-Windows-CertificateServices-CA-ExitModuleSMTPSupport) (Microsoft-Windows-CertificateServices-CA-ExitModuleSMTPSupport_w) (Microsoft-Windows-CertificateServices-CA-RoleSeparationSupport) (Microsoft-Windows-CertificateServices-CA-RoleSeparationSupport_w) (Microsoft-Windows-Fax-Common-DeviceLimit) (Microsoft-Windows-Fax-Common-EnableServerPolicy) (PeerToPeerBase-IdManager-EnabledPolicy) (PeerToPeerBase-IdManager-EnabledPolicy_w) (PeerToPeerBase-Pnrp-EnabledPolicy) (PeerToPeerBase-Pnrp-EnabledPolicy_w) (Printing-Spooler-Pmc-Licensing-Enabled) (Printing-Spooler-Pmc-Licensing-Enabled_w) (SecureStartupFeature-Enabled) (SecureStartupFeature-Enabled-Driver) (SecureStartupFeature-Enabled_w) (SecureStartupFeature-PerfWarning) (TSProxy-EdgeAdapter-MaxConnections) (Telnet-Client-EnableTelnetClient) (Telnet-Client-EnableTelnetClient_w) (Telnet-Server-EnableTelnetServer) (Telnet-Server-EnableTelnetServer_w) (WindowsSearchEngine-Licensing-SearchEnabled) (WindowsSearchEngine-Licensing-SearchEnabled_w) (nfs-admincmdtools-enabled) (nfs-adminmmc-enabled) (nfs-clientcmdtools-enabled) (nfs-clientcore-enabled) (nfs-servercmdtools-enabled) (nfs-servercore-enabled) (psync-Enabled) (snis-Enabled) (snis-Enabled_w) (sua-EnableSUA) , 55c92734-d682-4d71-983e-d6ec3f16059f, 603504f9-109f-49f0-9271-8c66f7878f58"",""Binary"":""""}}"
147,147,2015-08-23 10:30:01.0000000,1003,Info,Microsoft-Windows-Security-Licensing-SLC,Application,0,0,WIN-L0ZZQ76PMUF,1,,,,,,,,,,,,False,M:\Forensics\TrainingImages\AliHadi\Challenge1\tout\M\Forensics\TrainingImages\AliHadi\Challenge1\s4a-challenge4\Windows\System32\winevt\logs\Application.evtx,0x80000000000000,0,"{""EventData"":{""Data"":""55c92734-d682-4d71-983e-d6ec3f16059f, \n{1,[15a581b4-f839-4d26-943c-b7e72f219849, 8, 0xC004F014,0x0]}\n\n{1,[56df4151-1f9f-41bf-acaa-2941c071872b, 8, 0xC004F014,0x0]}\n\n{1,[603504f9-109f-49f0-9271-8c66f7878f58, 0, 0x0,0x0],[0x1,0xC004F034,0x0,0,0,0x0],[0x10,0xC004F030,0x0,0,0,0x0],[0x0,0x0,0x0,0,0,0x14C58],[60,3,0x14C58]}\n\n{1,[7acd9eb8-e300-444c-b38a-47cdbe065508, 8, 0xC004F014,0x0]}\n\n{1,[ad2542d4-9154-4c6d-8a44-30f11ee96989, 8, 0xC004F014,0x0]}\n\n{1,[bb1d27c4-959d-4f82-b0fd-c02a7be54732, 8, 0xC004F014,0x0]}\n\n{1,[c90d1b4e-8aa8-439e-8b9e-b6d6b6a6d975, 8, 0xC004F014,0x0]}\n"",""Binary"":""""}}"
148,148,2015-08-23 10:30:01.0000000,1005,Info,Microsoft-Windows-Security-Licensing-SLC,Application,0,0,WIN-L0ZZQ76PMUF,1,,,,,,,,,,,,False,M:\Forensics\TrainingImages\AliHadi\Challenge1\tout\M\Forensics\TrainingImages\AliHadi\Challenge1\s4a-challenge4\Windows\System32\winevt\logs\Application.evtx,0x80000000000000,0,"{""EventData"":{""Data"":""hr=0x0"",""Binary"":""""}}"
149,149,2015-08-23 10:30:01.0000000,902,LogAlways,Microsoft-Windows-Security-Licensing-SLC,Application,0,0,WIN-L0ZZQ76PMUF,1,,,,,,,,,,,,False,M:\Forensics\TrainingImages\AliHadi\Challenge1\tout\M\Forensics\TrainingImages\AliHadi\Challenge1\s4a-challenge4\Windows\System32\winevt\logs\Application.evtx,0x80000000000000,0,"{""EventData"":{""Data"":"""",""Binary"":""""}}"
150,150,2015-08-23 10:30:06.0000000,5615,LogAlways,Microsoft-Windows-WMI,Application,0,0,WIN-L0ZZQ76PMUF,1,,,,,,,,,,,,False,M:\Forensics\TrainingImages\AliHadi\Challenge1\tout\M\Forensics\TrainingImages\AliHadi\Challenge1\s4a-challenge4\Windows\System32\winevt\logs\Application.evtx,0x80000000000000,0,"{""EventData"":{""Data"":"""",""Binary"":""""}}"
151,151,2015-08-23 10:30:09.0000000,5617,LogAlways,Microsoft-Windows-WMI,Application,0,0,WIN-L0ZZQ76PMUF,1,,,,,,,,,,,,False,M:\Forensics\TrainingImages\AliHadi\Challenge1\tout\M\Forensics\TrainingImages\AliHadi\Challenge1\s4a-challenge4\Windows\System32\winevt\logs\Application.evtx,0x80000000000000,0,"{""EventData"":{""Data"":"""",""Binary"":""""}}"
152,152,2015-08-23 10:30:08.8702500,1,Info,Microsoft-Windows-CertificateServicesClient,Application,1984,2012,WIN-L0ZZQ76PMUF,1,S-1-5-18,,,,,,,,,,,False,M:\Forensics\TrainingImages\AliHadi\Challenge1\tout\M\Forensics\TrainingImages\AliHadi\Challenge1\s4a-challenge4\Windows\System32\winevt\logs\Application.evtx,Classic,0,"{""EventData"":""""}"
153,153,2015-08-23 10:30:34.0000000,4101,Info,Microsoft-Windows-Winlogon,Application,0,0,WIN-L0ZZQ76PMUF,1,,,,,,,,,,,,False,M:\Forensics\TrainingImages\AliHadi\Challenge1\tout\M\Forensics\TrainingImages\AliHadi\Challenge1\s4a-challenge4\Windows\System32\winevt\logs\Application.evtx,0x80000000000000,0,"{""EventData"":{""Data"":""0x00000000, 0x00000001"",""Binary"":""""}}"
154,154,2015-08-23 10:30:34.0000000,6000,Info,Microsoft-Windows-Winlogon,Application,0,0,WIN-L0ZZQ76PMUF,1,,,,,,,,,,,,False,M:\Forensics\TrainingImages\AliHadi\Challenge1\tout\M\Forensics\TrainingImages\AliHadi\Challenge1\s4a-challenge4\Windows\System32\winevt\logs\Application.evtx,0x80000000000000,0,"{""EventData"":{""Data"":""SessionEnv"",""Binary"":""D9-06-00-00""}}"
155,155,2015-08-23 10:30:34.0000000,9003,Info,Desktop Window Manager,Application,0,0,WIN-L0ZZQ76PMUF,1,,,,,,,,,,,,False,M:\Forensics\TrainingImages\AliHadi\Challenge1\tout\M\Forensics\TrainingImages\AliHadi\Challenge1\s4a-challenge4\Windows\System32\winevt\logs\Application.evtx,0x80000000000000,0,"{""EventData"":{""Data"":"""",""Binary"":""""}}"
156,156,2015-08-23 10:30:34.4640000,1,Info,Microsoft-Windows-CertificateServicesClient,Application,1444,1808,WIN-L0ZZQ76PMUF,1,S-1-5-21-3848053756-3249532031-1848221756-500,,,,,,,,,,,False,M:\Forensics\TrainingImages\AliHadi\Challenge1\tout\M\Forensics\TrainingImages\AliHadi\Challenge1\s4a-challenge4\Windows\System32\winevt\logs\Application.evtx,Classic,0,"{""EventData"":""""}"
157,157,2015-08-23 10:31:40.0000000,1001,Info,Microsoft-Windows-LoadPerf,Application,0,0,WIN-L0ZZQ76PMUF,1,,,,,,,,,,,,False,M:\Forensics\TrainingImages\AliHadi\Challenge1\tout\M\Forensics\TrainingImages\AliHadi\Challenge1\s4a-challenge4\Windows\System32\winevt\logs\Application.evtx,0x80000000000000,0,"{""UserData"":{""EventXML"":{""param1"":""WmiApRpl"",""param2"":""WmiApRpl"",""binaryDataSize"":""12"",""binaryData"":""36-12-00-00-37-12-00-00-4C-07-00-00""}}}"
158,158,2015-08-23 10:31:41.0000000,1000,Info,Microsoft-Windows-LoadPerf,Application,0,0,WIN-L0ZZQ76PMUF,1,,,,,,,,,,,,False,M:\Forensics\TrainingImages\AliHadi\Challenge1\tout\M\Forensics\TrainingImages\AliHadi\Challenge1\s4a-challenge4\Windows\System32\winevt\logs\Application.evtx,0x80000000000000,0,"{""UserData"":{""EventXML"":{""param1"":""WmiApRpl"",""param2"":""WmiApRpl"",""binaryDataSize"":""16"",""binaryData"":""38-12-00-00-DE-12-00-00-39-12-00-00-DF-12-00-00""}}}"
159,159,2015-08-23 10:32:11.0000000,4202,Info,Microsoft-Windows-MSDTC 2,Application,0,0,WIN-L0ZZQ76PMUF,1,,,,,,,,,,,,False,M:\Forensics\TrainingImages\AliHadi\Challenge1\tout\M\Forensics\TrainingImages\AliHadi\Challenge1\s4a-challenge4\Windows\System32\winevt\logs\Application.evtx,0x80000000000000,0,"{""EventData"":{""Data"":[{""@Name"":""param1"",""#text"":""0""},{""@Name"":""param2"",""#text"":""0""},{""@Name"":""param3"",""#text"":""0""},{""@Name"":""param4"",""#text"":""0""},{""@Name"":""param5"",""#text"":""0""},{""@Name"":""param6"",""#text"":""0""},{""@Name"":""param7"",""#text"":""1""},{""@Name"":""param8"",""#text"":""Mutual Authentication Required""},{""@Name"":""param9"",""#text"":""NT AUTHORITY\\NetworkService""},{""@Name"":""param10"",""#text"":""0""},{""@Name"":""param11"",""#text"":""0""}]}}"
160,160,2015-08-23 10:32:12.0000000,1,Info,Microsoft-Windows-CAPI2,Application,0,0,WIN-L0ZZQ76PMUF,1,,,,,,,,,,,,False,M:\Forensics\TrainingImages\AliHadi\Challenge1\tout\M\Forensics\TrainingImages\AliHadi\Challenge1\s4a-challenge4\Windows\System32\winevt\logs\Application.evtx,0x80000000000000,0,"{""EventData"":{""Data"":""CN=Baltimore CyberTrust Root, OU=CyberTrust, O=Baltimore, C=IE, D4DE20D05E66FC53FE1A50882C78DB2852CAE474"",""Binary"":""""}}"
161,161,2015-08-23 10:32:24.0000000,100,Warning,MySQL,Application,0,0,WIN-L0ZZQ76PMUF,1,,,,,,,,,,,,False,M:\Forensics\TrainingImages\AliHadi\Challenge1\tout\M\Forensics\TrainingImages\AliHadi\Challenge1\s4a-challenge4\Windows\System32\winevt\logs\Application.evtx,0x80000000000000,0,"{""EventData"":{""Data"":""Using unique option prefix key_buffer instead of key_buffer_size is deprecated and will be removed in a future release. Please use the full name instead.\n\n"",""Binary"":""""}}"
162,162,2015-08-23 10:32:24.0000000,100,Warning,MySQL,Application,0,0,WIN-L0ZZQ76PMUF,1,,,,,,,,,,,,False,M:\Forensics\TrainingImages\AliHadi\Challenge1\tout\M\Forensics\TrainingImages\AliHadi\Challenge1\s4a-challenge4\Windows\System32\winevt\logs\Application.evtx,0x80000000000000,0,"{""EventData"":{""Data"":""TIMESTAMP with implicit DEFAULT value is deprecated. Please use --explicit_defaults_for_timestamp server option (see documentation for more details).\n\n"",""Binary"":""""}}"
163,163,2015-08-23 10:32:24.0000000,100,Info,MySQL,Application,0,0,WIN-L0ZZQ76PMUF,1,,,,,,,,,,,,False,M:\Forensics\TrainingImages\AliHadi\Challenge1\tout\M\Forensics\TrainingImages\AliHadi\Challenge1\s4a-challenge4\Windows\System32\winevt\logs\Application.evtx,0x80000000000000,0,"{""EventData"":{""Data"":""c:\\xampp\\mysql\\bin\\mysqld.exe (mysqld 5.6.25) starting as process 2804 ...\n\n"",""Binary"":""""}}"
164,164,2015-08-23 10:32:24.0000000,100,Info,MySQL,Application,0,0,WIN-L0ZZQ76PMUF,1,,,,,,,,,,,,False,M:\Forensics\TrainingImages\AliHadi\Challenge1\tout\M\Forensics\TrainingImages\AliHadi\Challenge1\s4a-challenge4\Windows\System32\winevt\logs\Application.evtx,0x80000000000000,0,"{""EventData"":{""Data"":""Plugin 'FEDERATED' is disabled.\n\n"",""Binary"":""""}}"
165,165,2015-08-23 10:32:25.0000000,100,Info,MySQL,Application,0,0,WIN-L0ZZQ76PMUF,1,,,,,,,,,,,,False,M:\Forensics\TrainingImages\AliHadi\Challenge1\tout\M\Forensics\TrainingImages\AliHadi\Challenge1\s4a-challenge4\Windows\System32\winevt\logs\Application.evtx,0x80000000000000,0,"{""EventData"":{""Data"":""InnoDB: Using atomics to ref count buffer pool pages\n\n"",""Binary"":""""}}"
166,166,2015-08-23 10:32:25.0000000,100,Info,MySQL,Application,0,0,WIN-L0ZZQ76PMUF,1,,,,,,,,,,,,False,M:\Forensics\TrainingImages\AliHadi\Challenge1\tout\M\Forensics\TrainingImages\AliHadi\Challenge1\s4a-challenge4\Windows\System32\winevt\logs\Application.evtx,0x80000000000000,0,"{""EventData"":{""Data"":""InnoDB: The InnoDB memory heap is disabled\n\n"",""Binary"":""""}}"
167,167,2015-08-23 10:32:25.0000000,100,Info,MySQL,Application,0,0,WIN-L0ZZQ76PMUF,1,,,,,,,,,,,,False,M:\Forensics\TrainingImages\AliHadi\Challenge1\tout\M\Forensics\TrainingImages\AliHadi\Challenge1\s4a-challenge4\Windows\System32\winevt\logs\Application.evtx,0x80000000000000,0,"{""EventData"":{""Data"":""InnoDB: Mutexes and rw_locks use Windows interlocked functions\n\n"",""Binary"":""""}}"
168,168,2015-08-23 10:32:25.0000000,100,Info,MySQL,Application,0,0,WIN-L0ZZQ76PMUF,1,,,,,,,,,,,,False,M:\Forensics\TrainingImages\AliHadi\Challenge1\tout\M\Forensics\TrainingImages\AliHadi\Challenge1\s4a-challenge4\Windows\System32\winevt\logs\Application.evtx,0x80000000000000,0,"{""EventData"":{""Data"":""InnoDB: Memory barrier is not used\n\n"",""Binary"":""""}}"
169,169,2015-08-23 10:32:25.0000000,100,Info,MySQL,Application,0,0,WIN-L0ZZQ76PMUF,1,,,,,,,,,,,,False,M:\Forensics\TrainingImages\AliHadi\Challenge1\tout\M\Forensics\TrainingImages\AliHadi\Challenge1\s4a-challenge4\Windows\System32\winevt\logs\Application.evtx,0x80000000000000,0,"{""EventData"":{""Data"":""InnoDB: Compressed tables use zlib 1.2.3\n\n"",""Binary"":""""}}"
170,170,2015-08-23 10:32:25.0000000,100,Info,MySQL,Application,0,0,WIN-L0ZZQ76PMUF,1,,,,,,,,,,,,False,M:\Forensics\TrainingImages\AliHadi\Challenge1\tout\M\Forensics\TrainingImages\AliHadi\Challenge1\s4a-challenge4\Windows\System32\winevt\logs\Application.evtx,0x80000000000000,0,"{""EventData"":{""Data"":""InnoDB: Not using CPU crc32 instructions\n\n"",""Binary"":""""}}"
171,171,2015-08-23 10:32:25.0000000,100,Info,MySQL,Application,0,0,WIN-L0ZZQ76PMUF,1,,,,,,,,,,,,False,M:\Forensics\TrainingImages\AliHadi\Challenge1\tout\M\Forensics\TrainingImages\AliHadi\Challenge1\s4a-challenge4\Windows\System32\winevt\logs\Application.evtx,0x80000000000000,0,"{""EventData"":{""Data"":""InnoDB: Initializing buffer pool, size = 16.0M\n\n"",""Binary"":""""}}"
172,172,2015-08-23 10:32:25.0000000,100,Info,MySQL,Application,0,0,WIN-L0ZZQ76PMUF,1,,,,,,,,,,,,False,M:\Forensics\TrainingImages\AliHadi\Challenge1\tout\M\Forensics\TrainingImages\AliHadi\Challenge1\s4a-challenge4\Windows\System32\winevt\logs\Application.evtx,0x80000000000000,0,"{""EventData"":{""Data"":""InnoDB: Completed initialization of buffer pool\n\n"",""Binary"":""""}}"
173,173,2015-08-23 10:32:25.0000000,100,Info,MySQL,Application,0,0,WIN-L0ZZQ76PMUF,1,,,,,,,,,,,,False,M:\Forensics\TrainingImages\AliHadi\Challenge1\tout\M\Forensics\TrainingImages\AliHadi\Challenge1\s4a-challenge4\Windows\System32\winevt\logs\Application.evtx,0x80000000000000,0,"{""EventData"":{""Data"":""InnoDB: Highest supported file format is Barracuda.\n\n"",""Binary"":""""}}"
174,174,2015-08-23 10:32:25.0000000,100,Info,MySQL,Application,0,0,WIN-L0ZZQ76PMUF,1,,,,,,,,,,,,False,M:\Forensics\TrainingImages\AliHadi\Challenge1\tout\M\Forensics\TrainingImages\AliHadi\Challenge1\s4a-challenge4\Windows\System32\winevt\logs\Application.evtx,0x80000000000000,0,"{""EventData"":{""Data"":""InnoDB: The log sequence numbers 1665234 and 1665234 in ibdata files do not match the log sequence number 1677432 in the ib_logfiles!\n\n"",""Binary"":""""}}"
175,175,2015-08-23 10:32:25.0000000,100,Info,MySQL,Application,0,0,WIN-L0ZZQ76PMUF,1,,,,,,,,,,,,False,M:\Forensics\TrainingImages\AliHadi\Challenge1\tout\M\Forensics\TrainingImages\AliHadi\Challenge1\s4a-challenge4\Windows\System32\winevt\logs\Application.evtx,0x80000000000000,0,"{""EventData"":{""Data"":""InnoDB: Database was not shutdown normally!\n\n"",""Binary"":""""}}"
176,176,2015-08-23 10:32:25.0000000,100,Info,MySQL,Application,0,0,WIN-L0ZZQ76PMUF,1,,,,,,,,,,,,False,M:\Forensics\TrainingImages\AliHadi\Challenge1\tout\M\Forensics\TrainingImages\AliHadi\Challenge1\s4a-challenge4\Windows\System32\winevt\logs\Application.evtx,0x80000000000000,0,"{""EventData"":{""Data"":""InnoDB: Starting crash recovery.\n\n"",""Binary"":""""}}"
177,177,2015-08-23 10:32:25.0000000,100,Info,MySQL,Application,0,0,WIN-L0ZZQ76PMUF,1,,,,,,,,,,,,False,M:\Forensics\TrainingImages\AliHadi\Challenge1\tout\M\Forensics\TrainingImages\AliHadi\Challenge1\s4a-challenge4\Windows\System32\winevt\logs\Application.evtx,0x80000000000000,0,"{""EventData"":{""Data"":""InnoDB: Reading tablespace information from the .ibd files...\n\n"",""Binary"":""""}}"
178,178,2015-08-23 10:32:25.0000000,100,Info,MySQL,Application,0,0,WIN-L0ZZQ76PMUF,1,,,,,,,,,,,,False,M:\Forensics\TrainingImages\AliHadi\Challenge1\tout\M\Forensics\TrainingImages\AliHadi\Challenge1\s4a-challenge4\Windows\System32\winevt\logs\Application.evtx,0x80000000000000,0,"{""EventData"":{""Data"":""InnoDB: Restoring possible half-written data pages \n\n"",""Binary"":""""}}"
179,179,2015-08-23 10:32:25.0000000,100,Info,MySQL,Application,0,0,WIN-L0ZZQ76PMUF,1,,,,,,,,,,,,False,M:\Forensics\TrainingImages\AliHadi\Challenge1\tout\M\Forensics\TrainingImages\AliHadi\Challenge1\s4a-challenge4\Windows\System32\winevt\logs\Application.evtx,0x80000000000000,0,"{""EventData"":{""Data"":""InnoDB: from the doublewrite buffer...\n\n"",""Binary"":""""}}"
180,180,2015-08-23 10:32:26.0000000,100,Info,MySQL,Application,0,0,WIN-L0ZZQ76PMUF,1,,,,,,,,,,,,False,M:\Forensics\TrainingImages\AliHadi\Challenge1\tout\M\Forensics\TrainingImages\AliHadi\Challenge1\s4a-challenge4\Windows\System32\winevt\logs\Application.evtx,0x80000000000000,0,"{""EventData"":{""Data"":""InnoDB: 128 rollback segment(s) are active.\n\n"",""Binary"":""""}}"
181,181,2015-08-23 10:32:26.0000000,100,Info,MySQL,Application,0,0,WIN-L0ZZQ76PMUF,1,,,,,,,,,,,,False,M:\Forensics\TrainingImages\AliHadi\Challenge1\tout\M\Forensics\TrainingImages\AliHadi\Challenge1\s4a-challenge4\Windows\System32\winevt\logs\Application.evtx,0x80000000000000,0,"{""EventData"":{""Data"":""InnoDB: Waiting for purge to start\n\n"",""Binary"":""""}}"
182,182,2015-08-23 10:32:26.0000000,100,Info,MySQL,Application,0,0,WIN-L0ZZQ76PMUF,1,,,,,,,,,,,,False,M:\Forensics\TrainingImages\AliHadi\Challenge1\tout\M\Forensics\TrainingImages\AliHadi\Challenge1\s4a-challenge4\Windows\System32\winevt\logs\Application.evtx,0x80000000000000,0,"{""EventData"":{""Data"":""InnoDB: 5.6.25 started; log sequence number 1677432\n\n"",""Binary"":""""}}"
183,183,2015-08-23 10:32:26.0000000,100,Info,MySQL,Application,0,0,WIN-L0ZZQ76PMUF,1,,,,,,,,,,,,False,M:\Forensics\TrainingImages\AliHadi\Challenge1\tout\M\Forensics\TrainingImages\AliHadi\Challenge1\s4a-challenge4\Windows\System32\winevt\logs\Application.evtx,0x80000000000000,0,"{""EventData"":{""Data"":""Server hostname (bind-address): '*'; port: 3306\n\n"",""Binary"":""""}}"
184,184,2015-08-23 10:32:26.0000000,100,Info,MySQL,Application,0,0,WIN-L0ZZQ76PMUF,1,,,,,,,,,,,,False,M:\Forensics\TrainingImages\AliHadi\Challenge1\tout\M\Forensics\TrainingImages\AliHadi\Challenge1\s4a-challenge4\Windows\System32\winevt\logs\Application.evtx,0x80000000000000,0,"{""EventData"":{""Data"":""IPv6 is available.\n\n"",""Binary"":""""}}"
185,185,2015-08-23 10:32:26.0000000,100,Info,MySQL,Application,0,0,WIN-L0ZZQ76PMUF,1,,,,,,,,,,,,False,M:\Forensics\TrainingImages\AliHadi\Challenge1\tout\M\Forensics\TrainingImages\AliHadi\Challenge1\s4a-challenge4\Windows\System32\winevt\logs\Application.evtx,0x80000000000000,0,"{""EventData"":{""Data"":""  - '::' resolves to '::';\n\n"",""Binary"":""""}}"
186,186,2015-08-23 10:32:26.0000000,100,Info,MySQL,Application,0,0,WIN-L0ZZQ76PMUF,1,,,,,,,,,,,,False,M:\Forensics\TrainingImages\AliHadi\Challenge1\tout\M\Forensics\TrainingImages\AliHadi\Challenge1\s4a-challenge4\Windows\System32\winevt\logs\Application.evtx,0x80000000000000,0,"{""EventData"":{""Data"":""Server socket created on IP: '::'.\n\n"",""Binary"":""""}}"
187,187,2015-08-23 10:32:27.0000000,100,Info,MySQL,Application,0,0,WIN-L0ZZQ76PMUF,1,,,,,,,,,,,,False,M:\Forensics\TrainingImages\AliHadi\Challenge1\tout\M\Forensics\TrainingImages\AliHadi\Challenge1\s4a-challenge4\Windows\System32\winevt\logs\Application.evtx,0x80000000000000,0,"{""EventData"":{""Data"":""Event Scheduler: Loaded 0 events\n\n"",""Binary"":""""}}"
188,188,2015-08-23 10:32:27.0000000,100,Info,MySQL,Application,0,0,WIN-L0ZZQ76PMUF,1,,,,,,,,,,,,False,M:\Forensics\TrainingImages\AliHadi\Challenge1\tout\M\Forensics\TrainingImages\AliHadi\Challenge1\s4a-challenge4\Windows\System32\winevt\logs\Application.evtx,0x80000000000000,0,"{""EventData"":{""Data"":""c:\\xampp\\mysql\\bin\\mysqld.exe: ready for connections.\nVersion: '5.6.25'  socket: ''  port: 3306  MySQL Community Server (GPL)\n\n"",""Binary"":""""}}"
189,189,2015-08-23 10:34:14.0000000,1001,Info,Microsoft-Windows-LoadPerf,Application,0,0,WIN-L0ZZQ76PMUF,1,,,,,,,,,,,,False,M:\Forensics\TrainingImages\AliHadi\Challenge1\tout\M\Forensics\TrainingImages\AliHadi\Challenge1\s4a-challenge4\Windows\System32\winevt\logs\Application.evtx,0x80000000000000,0,"{""UserData"":{""EventXML"":{""param1"":""WmiApRpl"",""param2"":""WmiApRpl"",""binaryDataSize"":""12"",""binaryData"":""36-12-00-00-37-12-00-00-4C-07-00-00""}}}"
190,190,2015-08-23 10:34:14.0000000,1000,Info,Microsoft-Windows-LoadPerf,Application,0,0,WIN-L0ZZQ76PMUF,1,,,,,,,,,,,,False,M:\Forensics\TrainingImages\AliHadi\Challenge1\tout\M\Forensics\TrainingImages\AliHadi\Challenge1\s4a-challenge4\Windows\System32\winevt\logs\Application.evtx,0x80000000000000,0,"{""UserData"":{""EventXML"":{""param1"":""WmiApRpl"",""param2"":""WmiApRpl"",""binaryDataSize"":""16"",""binaryData"":""38-12-00-00-DE-12-00-00-39-12-00-00-DF-12-00-00""}}}"
191,191,2015-09-02 05:59:20.0000000,4,Info,Microsoft-Windows-CAPI2,Application,0,0,WIN-L0ZZQ76PMUF,1,,,,,,,,,,,,False,M:\Forensics\TrainingImages\AliHadi\Challenge1\tout\M\Forensics\TrainingImages\AliHadi\Challenge1\s4a-challenge4\Windows\System32\winevt\logs\Application.evtx,0x80000000000000,0,"{""EventData"":{""Data"":""http://www.download.windowsupdate.com/msdownload/update/v3/static/trustedr/en/5FB7EE0633E259DBAD0C4C9AE6D38F1A61C7DC25.crt"",""Binary"":""""}}"
192,192,2015-09-02 05:59:20.0000000,1,Info,Microsoft-Windows-CAPI2,Application,0,0,WIN-L0ZZQ76PMUF,1,,,,,,,,,,,,False,M:\Forensics\TrainingImages\AliHadi\Challenge1\tout\M\Forensics\TrainingImages\AliHadi\Challenge1\s4a-challenge4\Windows\System32\winevt\logs\Application.evtx,0x80000000000000,0,"{""EventData"":{""Data"":""CN=DigiCert High Assurance EV Root CA, OU=www.digicert.com, O=DigiCert Inc, C=US, 5FB7EE0633E259DBAD0C4C9AE6D38F1A61C7DC25"",""Binary"":""""}}"
193,193,2015-09-02 09:00:30.0000000,6000,Info,Microsoft-Windows-Winlogon,Application,0,0,WIN-L0ZZQ76PMUF,1,,,,,,,,,,,,False,M:\Forensics\TrainingImages\AliHadi\Challenge1\tout\M\Forensics\TrainingImages\AliHadi\Challenge1\s4a-challenge4\Windows\System32\winevt\logs\Application.evtx,0x80000000000000,0,"{""EventData"":{""Data"":""SessionEnv"",""Binary"":""D9-06-00-00""}}"
194,194,2015-09-02 09:00:58.0000000,6000,Info,Microsoft-Windows-Winlogon,Application,0,0,WIN-L0ZZQ76PMUF,1,,,,,,,,,,,,False,M:\Forensics\TrainingImages\AliHadi\Challenge1\tout\M\Forensics\TrainingImages\AliHadi\Challenge1\s4a-challenge4\Windows\System32\winevt\logs\Application.evtx,0x80000000000000,0,"{""EventData"":{""Data"":""SessionEnv"",""Binary"":""D9-06-00-00""}}"
195,195,2015-09-12 17:42:25.0000000,1531,Info,Microsoft-Windows-User Profiles Service,Application,0,0,WIN-L0ZZQ76PMUF,1,S-1-5-18,,,,,,,,,,,False,M:\Forensics\TrainingImages\AliHadi\Challenge1\tout\M\Forensics\TrainingImages\AliHadi\Challenge1\s4a-challenge4\Windows\System32\winevt\logs\Application.evtx,0x80000000000000,0,"{""EventData"":{""@Name"":""EVENT_SERVICE_STARTED""}}"
196,196,2015-09-12 17:42:26.0000000,900,Info,Microsoft-Windows-Security-Licensing-SLC,Application,0,0,WIN-L0ZZQ76PMUF,1,,,,,,,,,,,,False,M:\Forensics\TrainingImages\AliHadi\Challenge1\tout\M\Forensics\TrainingImages\AliHadi\Challenge1\s4a-challenge4\Windows\System32\winevt\logs\Application.evtx,0x80000000000000,0,"{""EventData"":{""Data"":"""",""Binary"":""""}}"
197,197,2015-09-12 17:42:27.0000000,4625,Info,Microsoft-Windows-EventSystem,Application,0,0,WIN-L0ZZQ76PMUF,1,,,,,,,,,,,,False,M:\Forensics\TrainingImages\AliHadi\Challenge1\tout\M\Forensics\TrainingImages\AliHadi\Challenge1\s4a-challenge4\Windows\System32\winevt\logs\Application.evtx,0x80000000000000,0,"{""EventData"":{""Data"":[{""@Name"":""param1"",""#text"":""86400""},{""@Name"":""param2"",""#text"":""SuppressDuplicateDuration""},{""@Name"":""param3"",""#text"":""Software\\Microsoft\\EventSystem\\EventLog""}]}}"
198,198,2015-09-12 17:42:36.0000000,1033,Info,Microsoft-Windows-Security-Licensing-SLC,Application,0,0,WIN-L0ZZQ76PMUF,1,,,,,,,,,,,,False,M:\Forensics\TrainingImages\AliHadi\Challenge1\tout\M\Forensics\TrainingImages\AliHadi\Challenge1\s4a-challenge4\Windows\System32\winevt\logs\Application.evtx,0x80000000000000,0,"{""EventData"":{""Data"":""(IIS-W3SVC-MaxConcurrentRequests) (Microsoft-Windows-AuxiliaryDisplay-EnableAPI) (Microsoft-Windows-AuxiliaryDisplay-EnableCPL) (Microsoft-Windows-AuxiliaryDisplay-EnableCPL_w) (Microsoft-Windows-AuxiliaryDisplay-EnableDriver) (Microsoft-Windows-AuxiliaryDisplay-EnableDriver_w) (Microsoft-Windows-AuxiliaryDisplay-EnableSDP) (Microsoft-Windows-AuxiliaryDisplay-EnableSDP_w) (Microsoft-Windows-CertificateServices-CA-AdvancedTemplateSupport) (Microsoft-Windows-CertificateServices-CA-AdvancedTemplateSupport_w) (Microsoft-Windows-CertificateServices-CA-CertificateManagerRestrictionSupport) (Microsoft-Windows-CertificateServices-CA-CertificateManagerRestrictionSupport_w) (Microsoft-Windows-CertificateServices-CA-ExitModuleSMTPSupport) (Microsoft-Windows-CertificateServices-CA-ExitModuleSMTPSupport_w) (Microsoft-Windows-CertificateServices-CA-RoleSeparationSupport) (Microsoft-Windows-CertificateServices-CA-RoleSeparationSupport_w) (Microsoft-Windows-Fax-Common-DeviceLimit) (Microsoft-Windows-Fax-Common-EnableServerPolicy) (PeerToPeerBase-IdManager-EnabledPolicy) (PeerToPeerBase-IdManager-EnabledPolicy_w) (PeerToPeerBase-Pnrp-EnabledPolicy) (PeerToPeerBase-Pnrp-EnabledPolicy_w) (Printing-Spooler-Pmc-Licensing-Enabled) (Printing-Spooler-Pmc-Licensing-Enabled_w) (SecureStartupFeature-Enabled) (SecureStartupFeature-Enabled-Driver) (SecureStartupFeature-Enabled_w) (SecureStartupFeature-PerfWarning) (TSProxy-EdgeAdapter-MaxConnections) (Telnet-Client-EnableTelnetClient) (Telnet-Client-EnableTelnetClient_w) (Telnet-Server-EnableTelnetServer) (Telnet-Server-EnableTelnetServer_w) (WindowsSearchEngine-Licensing-SearchEnabled) (WindowsSearchEngine-Licensing-SearchEnabled_w) (nfs-admincmdtools-enabled) (nfs-adminmmc-enabled) (nfs-clientcmdtools-enabled) (nfs-clientcore-enabled) (nfs-servercmdtools-enabled) (nfs-servercore-enabled) (psync-Enabled) (snis-Enabled) (snis-Enabled_w) (sua-EnableSUA) , 55c92734-d682-4d71-983e-d6ec3f16059f, 603504f9-109f-49f0-9271-8c66f7878f58"",""Binary"":""""}}"
199,199,2015-09-12 17:42:36.0000000,1003,Info,Microsoft-Windows-Security-Licensing-SLC,Application,0,0,WIN-L0ZZQ76PMUF,1,,,,,,,,,,,,False,M:\Forensics\TrainingImages\AliHadi\Challenge1\tout\M\Forensics\TrainingImages\AliHadi\Challenge1\s4a-challenge4\Windows\System32\winevt\logs\Application.evtx,0x80000000000000,0,"{""EventData"":{""Data"":""55c92734-d682-4d71-983e-d6ec3f16059f, \n{1,[15a581b4-f839-4d26-943c-b7e72f219849, 8, 0xC004F014,0x0]}\n\n{1,[56df4151-1f9f-41bf-acaa-2941c071872b, 8, 0xC004F014,0x0]}\n\n{1,[603504f9-109f-49f0-9271-8c66f7878f58, 0, 0x0,0x0],[0x1,0xC004F034,0x0,0,0,0x0],[0x10,0xC004F030,0x0,0,0,0x0],[0x0,0x0,0x0,0,0,0xE448],[60,3,0xE448]}\n\n{1,[7acd9eb8-e300-444c-b38a-47cdbe065508, 8, 0xC004F014,0x0]}\n\n{1,[ad2542d4-9154-4c6d-8a44-30f11ee96989, 8, 0xC004F014,0x0]}\n\n{1,[bb1d27c4-959d-4f82-b0fd-c02a7be54732, 8, 0xC004F014,0x0]}\n\n{1,[c90d1b4e-8aa8-439e-8b9e-b6d6b6a6d975, 8, 0xC004F014,0x0]}\n"",""Binary"":""""}}"
200,200,2015-09-12 17:42:36.0000000,1005,Info,Microsoft-Windows-Security-Licensing-SLC,Application,0,0,WIN-L0ZZQ76PMUF,1,,,,,,,,,,,,False,M:\Forensics\TrainingImages\AliHadi\Challenge1\tout\M\Forensics\TrainingImages\AliHadi\Challenge1\s4a-challenge4\Windows\System32\winevt\logs\Application.evtx,0x80000000000000,0,"{""EventData"":{""Data"":""hr=0x0"",""Binary"":""""}}"
201,201,2015-09-12 17:42:36.0000000,902,LogAlways,Microsoft-Windows-Security-Licensing-SLC,Application,0,0,WIN-L0ZZQ76PMUF,1,,,,,,,,,,,,False,M:\Forensics\TrainingImages\AliHadi\Challenge1\tout\M\Forensics\TrainingImages\AliHadi\Challenge1\s4a-challenge4\Windows\System32\winevt\logs\Application.evtx,0x80000000000000,0,"{""EventData"":{""Data"":"""",""Binary"":""""}}"
202,202,2015-09-12 17:42:43.0000000,5615,LogAlways,Microsoft-Windows-WMI,Application,0,0,WIN-L0ZZQ76PMUF,1,,,,,,,,,,,,False,M:\Forensics\TrainingImages\AliHadi\Challenge1\tout\M\Forensics\TrainingImages\AliHadi\Challenge1\s4a-challenge4\Windows\System32\winevt\logs\Application.evtx,0x80000000000000,0,"{""EventData"":{""Data"":"""",""Binary"":""""}}"
203,203,2015-09-12 17:42:45.0000000,5617,LogAlways,Microsoft-Windows-WMI,Application,0,0,WIN-L0ZZQ76PMUF,1,,,,,,,,,,,,False,M:\Forensics\TrainingImages\AliHadi\Challenge1\tout\M\Forensics\TrainingImages\AliHadi\Challenge1\s4a-challenge4\Windows\System32\winevt\logs\Application.evtx,0x80000000000000,0,"{""EventData"":{""Data"":"""",""Binary"":""""}}"
204,204,2015-09-12 17:43:40.2038750,1,Info,Microsoft-Windows-CertificateServicesClient,Application,1436,1420,WIN-L0ZZQ76PMUF,1,S-1-5-18,,,,,,,,,,,False,M:\Forensics\TrainingImages\AliHadi\Challenge1\tout\M\Forensics\TrainingImages\AliHadi\Challenge1\s4a-challenge4\Windows\System32\winevt\logs\Application.evtx,Classic,0,"{""EventData"":""""}"
205,205,2015-09-12 17:44:04.0000000,1001,Info,Microsoft-Windows-LoadPerf,Application,0,0,WIN-L0ZZQ76PMUF,1,,,,,,,,,,,,False,M:\Forensics\TrainingImages\AliHadi\Challenge1\tout\M\Forensics\TrainingImages\AliHadi\Challenge1\s4a-challenge4\Windows\System32\winevt\logs\Application.evtx,0x80000000000000,0,"{""UserData"":{""EventXML"":{""param1"":""WmiApRpl"",""param2"":""WmiApRpl"",""binaryDataSize"":""12"",""binaryData"":""36-12-00-00-37-12-00-00-4C-07-00-00""}}}"
