3/27/2018 12:11:28 +00:00,ROOT\ControlSet001\Control\WMI\Autologger\EventLog-Application\{fa773482-f6ed-4895-8a7d-4f5850678e59},{fa773482-f6ed-4895-8a7d-4f5850678e59},Provider,Microsoft-Windows-Mobile-Broadband-Experience-SmsRouter,1,1
3/27/2018 12:11:28 +00:00,ROOT\ControlSet001\Control\WMI\Autologger\EventLog-Application\{fae10392-f0af-4ac0-b8ff-9f4d920c3cdf},{fae10392-f0af-4ac0-b8ff-9f4d920c3cdf},Provider,Unmapped GUID: {fae10392-f0af-4ac0-b8ff-9f4d920c3cdf},1,1
3/27/2018 12:11:28 +00:00,ROOT\ControlSet001\Control\WMI\Autologger\EventLog-Application\{fae96d09-ade1-5223-0098-af7b67348531},{fae96d09-ade1-5223-0098-af7b67348531},Provider,Unmapped GUID: {fae96d09-ade1-5223-0098-af7b67348531},1,1
3/27/2018 12:11:28 +00:00,ROOT\ControlSet001\Control\WMI\Autologger\EventLog-Application\{fb829150-cd7d-44c3-af5b-711a3c31cedc},{fb829150-cd7d-44c3-af5b-711a3c31cedc},Provider,Microsoft-Windows-Security-SPP-UX-GenuineCenter-Logging,1,1
3/27/2018 12:11:28 +00:00,ROOT\ControlSet001\Control\WMI\Autologger\EventLog-Application\{fbcfac3f-8459-419f-8e48-1f0b49cdb85e},{fbcfac3f-8459-419f-8e48-1f0b49cdb85e},Provider,Microsoft-Windows-NetworkProfile,1,1
3/27/2018 12:11:28 +00:00,ROOT\ControlSet001\Control\WMI\Autologger\EventLog-Application\{fc65ddd8-d6ef-4962-83d5-6e5cfe9ce148},{fc65ddd8-d6ef-4962-83d5-6e5cfe9ce148},Provider,Microsoft-Windows-Eventlog,1,1
3/27/2018 12:11:28 +00:00,ROOT\ControlSet001\Control\WMI\Autologger\EventLog-Application\{ff79a477-c45f-4a52-8ae0-2b324346d4e4},{ff79a477-c45f-4a52-8ae0-2b324346d4e4},Provider,Windows-ApplicationModel-Store-SDK,1,1
3/27/2018 12:11:28 +00:00,ROOT\ControlSet001\Control\WMI\Autologger\EventLog-System\{01979c6a-42fa-414c-b8aa-eee2c8202018},{01979c6a-42fa-414c-b8aa-eee2c8202018},Provider,Microsoft-Windows-WindowsBackup,1,1
3/27/2018 12:11:28 +00:00,ROOT\ControlSet001\Control\WMI\Autologger\EventLog-System\{04268430-d489-424d-b914-0cff741d6684},{04268430-d489-424d-b914-0cff741d6684},Provider,Microsoft-Windows-Bluetooth-MTPEnum,1,1
3/27/2018 12:11:28 +00:00,ROOT\ControlSet001\Control\WMI\Autologger\EventLog-System\{059f0f37-910e-4ff0-a7ee-ae8d49dd319b},{059f0f37-910e-4ff0-a7ee-ae8d49dd319b},Provider,Microsoft-Windows-ReFS-v1,1,1
3/27/2018 12:11:28 +00:00,ROOT\ControlSet001\Control\WMI\Autologger\EventLog-System\{05f02597-fe85-4e67-8542-69567ab8fd4f},{05f02597-fe85-4e67-8542-69567ab8fd4f},Provider,Microsoft-Windows-LiveId,1,1
3/27/2018 12:11:28 +00:00,ROOT\ControlSet001\Control\WMI\Autologger\EventLog-System\{06edcfeb-0fd0-4e53-acca-a6f8bbf81bcb},{06edcfeb-0fd0-4e53-acca-a6f8bbf81bcb},Provider,Microsoft-Windows-Time-Service,1,1
3/27/2018 12:11:28 +00:00,ROOT\ControlSet001\Control\WMI\Autologger\EventLog-System\{0b886108-1899-4d3a-9c0d-42d8fc4b9108},{0b886108-1899-4d3a-9c0d-42d8fc4b9108},Provider,Unmapped GUID: {0b886108-1899-4d3a-9c0d-42d8fc4b9108},1,1
3/27/2018 12:11:28 +00:00,ROOT\ControlSet001\Control\WMI\Autologger\EventLog-System\{0b9fdccc-451c-449c-9bd8-6756fcc6091a},{0b9fdccc-451c-449c-9bd8-6756fcc6091a},Provider,Microsoft-Windows-Hyper-V-Guest-Drivers-Storage-Filter,1,1
3/27/2018 12:11:28 +00:00,ROOT\ControlSet001\Control\WMI\Autologger\EventLog-System\{0bf2fb94-7b60-4b4d-9766-e82f658df540},{0bf2fb94-7b60-4b4d-9766-e82f658df540},Provider,Microsoft-Windows-Kernel-ShimEngine,1,1
3/27/2018 12:11:28 +00:00,ROOT\ControlSet001\Control\WMI\Autologger\EventLog-System\{0c478c5b-0351-41b1-8c58-4a6737da32e3},{0c478c5b-0351-41b1-8c58-4a6737da32e3},Provider,Microsoft-Windows-WFP,1,1
3/27/2018 12:11:28 +00:00,ROOT\ControlSet001\Control\WMI\Autologger\EventLog-System\{0d4fdc09-8c27-494a-bda0-505e4fd8adae},{0d4fdc09-8c27-494a-bda0-505e4fd8adae},Provider,Microsoft-Windows-Directory-Services-SAM,1,1
3/27/2018 12:11:28 +00:00,ROOT\ControlSet001\Control\WMI\Autologger\EventLog-System\{0f67e49f-fe51-4e9f-b490-6f2948cc6027},{0f67e49f-fe51-4e9f-b490-6f2948cc6027},Provider,Microsoft-Windows-Kernel-Processor-Power,1,1
3/27/2018 12:11:28 +00:00,ROOT\ControlSet001\Control\WMI\Autologger\EventLog-System\{0fa2ee03-1feb-5057-3bb3-eb25521b8482},{0fa2ee03-1feb-5057-3bb3-eb25521b8482},Provider,Unmapped GUID: {0fa2ee03-1feb-5057-3bb3-eb25521b8482},1,1
3/27/2018 12:11:28 +00:00,ROOT\ControlSet001\Control\WMI\Autologger\EventLog-System\{11c5d8ad-756a-42c2-8087-eb1b4a72a846},{11c5d8ad-756a-42c2-8087-eb1b4a72a846},Provider,Microsoft-Windows-NdisImPlatformEventProvider,1,1
3/27/2018 12:11:28 +00:00,ROOT\ControlSet001\Control\WMI\Autologger\EventLog-System\{11cd958a-c507-4ef3-b3f2-5fd9dfbd2c78},{11cd958a-c507-4ef3-b3f2-5fd9dfbd2c78},Provider,Microsoft-Windows-Windows Defender,1,1
3/27/2018 12:11:28 +00:00,ROOT\ControlSet001\Control\WMI\Autologger\EventLog-System\{125f2cf1-2768-4d33-976e-527137d080f8},{125f2cf1-2768-4d33-976e-527137d080f8},Provider,Microsoft-Windows-SmartCard-TPM-VCard-Module,1,1
3/27/2018 09:55:48 +00:00,ROOT\ControlSet001\Control\WMI\Autologger\EventLog-System\{152fbe4b-c7ad-4f68-bada-a4fcc1464f6c},{152fbe4b-c7ad-4f68-bada-a4fcc1464f6c},Provider,Microsoft-Windows-Hyper-V-Netvsc,1,1
3/27/2018 12:11:28 +00:00,ROOT\ControlSet001\Control\WMI\Autologger\EventLog-System\{15a7a4f8-0072-4eab-abad-f98a4d666aed},{15a7a4f8-0072-4eab-abad-f98a4d666aed},Provider,Microsoft-Windows-Dhcp-Client,1,1
3/27/2018 12:11:28 +00:00,ROOT\ControlSet001\Control\WMI\Autologger\EventLog-System\{15ca44ff-4d7a-4baa-bba5-0998955e531e},{15ca44ff-4d7a-4baa-bba5-0998955e531e},Provider,Microsoft-Windows-Kernel-Boot,1,1
3/27/2018 21:45:39 +00:00,ROOT\ControlSet001\Control\WMI\Autologger\EventLog-System\{199fe037-2b82-40a9-82ac-e1d46c792b99},{199fe037-2b82-40a9-82ac-e1d46c792b99},Provider,LsaSrv,1,1
3/27/2018 12:11:28 +00:00,ROOT\ControlSet001\Control\WMI\Autologger\EventLog-System\{1b562e86-b7aa-4131-badc-b6f3a001407e},{1b562e86-b7aa-4131-badc-b6f3a001407e},Provider,Microsoft-Windows-DistributedCOM,1,1
3/27/2018 12:11:28 +00:00,ROOT\ControlSet001\Control\WMI\Autologger\EventLog-System\{1b6b0772-251b-4d42-917d-faca166bc059},{1b6b0772-251b-4d42-917d-faca166bc059},Provider,TPM,1,1
3/27/2018 12:11:28 +00:00,ROOT\ControlSet001\Control\WMI\Autologger\EventLog-System\{1c95126e-7eea-49a9-a3fe-a378b03ddb4d},{1c95126e-7eea-49a9-a3fe-a378b03ddb4d},Provider,Microsoft-Windows-DNS-Client,1,1
3/27/2018 12:11:28 +00:00,ROOT\ControlSet001\Control\WMI\Autologger\EventLog-System\{1db28f2e-8f80-4027-8c5a-a11f7f10f62d},{1db28f2e-8f80-4027-8c5a-a11f7f10f62d},Provider,Microsoft-Windows-Backup,1,1
3/27/2018 12:11:28 +00:00,ROOT\ControlSet001\Control\WMI\Autologger\EventLog-System\{1e9a4978-78c2-441e-8858-75b5d1326bc5},{1e9a4978-78c2-441e-8858-75b5d1326bc5},Provider,Microsoft-Windows-NetworkProvider,1,1
3/27/2018 21:45:39 +00:00,ROOT\ControlSet001\Control\WMI\Autologger\EventLog-System\{1f678132-5938-4686-9fdc-c8ff68f15c85},{1f678132-5938-4686-9fdc-c8ff68f15c85},Provider,Schannel,1,1
3/27/2018 12:11:28 +00:00,ROOT\ControlSet001\Control\WMI\Autologger\EventLog-System\{206f6dea-d3c5-4d10-bc72-989f03c8b84b},{206f6dea-d3c5-4d10-bc72-989f03c8b84b},Provider,Microsoft-Windows-Wininit,1,1
3/27/2018 12:11:28 +00:00,ROOT\ControlSet001\Control\WMI\Autologger\EventLog-System\{21b7c16e-c5af-4a69-a74a-7245481c1b97},{21b7c16e-c5af-4a69-a74a-7245481c1b97},Provider,Microsoft-Windows-WPD-MTPClassDriver,1,1
3/27/2018 12:11:28 +00:00,ROOT\ControlSet001\Control\WMI\Autologger\EventLog-System\{2a274310-42d5-4019-b816-e4b8c7abe95c},{2a274310-42d5-4019-b816-e4b8c7abe95c},Provider,Microsoft-Windows-ReadyBoostDriver,1,1
3/27/2018 12:11:28 +00:00,ROOT\ControlSet001\Control\WMI\Autologger\EventLog-System\{2e35aaeb-857f-4beb-a418-2e6c0e54d988},{2e35aaeb-857f-4beb-a418-2e6c0e54d988},Provider,Microsoft-Windows-DriverFrameworks-UserMode,1,1
3/27/2018 12:11:28 +00:00,ROOT\ControlSet001\Control\WMI\Autologger\EventLog-System\{2e6cb42e-161d-413b-a6c1-84ca4c1e5890},{2e6cb42e-161d-413b-a6c1-84ca4c1e5890},Provider,Microsoft-Windows-WindowsToGo-StartupOptions,1,1
3/27/2018 12:11:28 +00:00,ROOT\ControlSet001\Control\WMI\Autologger\EventLog-System\{2f07e2ee-15db-40f1-90ef-9d7ba282188a},{2f07e2ee-15db-40f1-90ef-9d7ba282188a},Provider,Microsoft-Windows-TCPIP,1,1
3/27/2018 12:11:28 +00:00,ROOT\ControlSet001\Control\WMI\Autologger\EventLog-System\{2ff3e6b7-cb90-4700-9621-443f389734ed},{2ff3e6b7-cb90-4700-9621-443f389734ed},Provider,Microsoft-Windows-Kernel-WDI,1,1
3/27/2018 12:11:28 +00:00,ROOT\ControlSet001\Control\WMI\Autologger\EventLog-System\{306c4e0b-e148-543d-315b-c618eb93157c},{306c4e0b-e148-543d-315b-c618eb93157c},Provider,Unmapped GUID: {306c4e0b-e148-543d-315b-c618eb93157c},1,1
3/27/2018 12:11:28 +00:00,ROOT\ControlSet001\Control\WMI\Autologger\EventLog-System\{30e1d284-5d88-459c-83fd-6345b39b19ec},{30e1d284-5d88-459c-83fd-6345b39b19ec},Provider,Microsoft-Windows-USB-USBXHCI,1,1
3/27/2018 12:11:28 +00:00,ROOT\ControlSet001\Control\WMI\Autologger\EventLog-System\{3244f41a-e7e6-5f92-8c62-6ca864cb8cea},{3244f41a-e7e6-5f92-8c62-6ca864cb8cea},Provider,Unmapped GUID: {3244f41a-e7e6-5f92-8c62-6ca864cb8cea},1,1
3/27/2018 12:11:28 +00:00,ROOT\ControlSet001\Control\WMI\Autologger\EventLog-System\{331c3b3a-2005-44c2-ac5e-77220c37d6b4},{331c3b3a-2005-44c2-ac5e-77220c37d6b4},Provider,Microsoft-Windows-Kernel-Power,1,1
3/27/2018 12:11:28 +00:00,ROOT\ControlSet001\Control\WMI\Autologger\EventLog-System\{355c44fe-0c8e-4bf8-be28-8bc7b5a42720},{355c44fe-0c8e-4bf8-be28-8bc7b5a42720},Provider,Microsoft-Windows-WPD-CompositeClassDriver,1,1
3/27/2018 12:11:28 +00:00,ROOT\ControlSet001\Control\WMI\Autologger\EventLog-System\{3629dd4d-d6f1-4302-a623-0768b51501c7},{3629dd4d-d6f1-4302-a623-0768b51501c7},Provider,Microsoft-Windows-CoreSystem-NetProvision-JoinProviderOnline,1,1
3/27/2018 12:11:28 +00:00,ROOT\ControlSet001\Control\WMI\Autologger\EventLog-System\{36c23e18-0e66-11d9-bbeb-505054503030},{36c23e18-0e66-11d9-bbeb-505054503030},Provider,Microsoft-Windows-Diagnostics-Networking,1,1
3/27/2018 12:11:28 +00:00,ROOT\ControlSet001\Control\WMI\Autologger\EventLog-System\{3903d5b9-988d-4c31-9ccd-4022f96703f0},{3903d5b9-988d-4c31-9ccd-4022f96703f0},Provider,Microsoft-Windows-RemoteDesktopServices-RemoteFX-Synth3dvsc,1,1
3/27/2018 12:11:28 +00:00,ROOT\ControlSet001\Control\WMI\Autologger\EventLog-System\{3cb2a168-fe19-4a4e-bdad-dcf422f13473},{3cb2a168-fe19-4a4e-bdad-dcf422f13473},Provider,Microsoft-Windows-AppID,1,1
3/27/2018 12:11:28 +00:00,ROOT\ControlSet001\Control\WMI\Autologger\EventLog-System\{3e59a529-b0b3-4a11-8129-9ffe6bb46eb9},{3e59a529-b0b3-4a11-8129-9ffe6bb46eb9},Provider,Microsoft-Windows-Fat-SQM,1,1
3/27/2018 12:11:28 +00:00,ROOT\ControlSet001\Control\WMI\Autologger\EventLog-System\{3f471139-acb7-4a01-b7a7-ff5da4ba2d43},{3f471139-acb7-4a01-b7a7-ff5da4ba2d43},Provider,Microsoft-Windows-AppXDeployment-Server,1,1
3/27/2018 12:11:28 +00:00,ROOT\ControlSet001\Control\WMI\Autologger\EventLog-System\{3ff37a1c-a68d-4d6e-8c9b-f79e8b16c482},{3ff37a1c-a68d-4d6e-8c9b-f79e8b16c482},Provider,Microsoft-Windows-Ntfs,1,1
3/27/2018 12:11:28 +00:00,ROOT\ControlSet001\Control\WMI\Autologger\EventLog-System\{40783728-8921-45d0-b231-919037b4b4fd},{40783728-8921-45d0-b231-919037b4b4fd},Provider,Microsoft-Windows-Security-UserConsentVerifier,1,1
3/27/2018 12:11:28 +00:00,ROOT\ControlSet001\Control\WMI\Autologger\EventLog-System\{412bdff2-a8c4-470d-8f33-63fe0d8c20e2},{412bdff2-a8c4-470d-8f33-63fe0d8c20e2},Provider,Microsoft-Windows-Partition,1,1
3/27/2018 12:11:28 +00:00,ROOT\ControlSet001\Control\WMI\Autologger\EventLog-System\{43e63da5-41d1-4fbf-aded-1bbed98fdd1d},{43e63da5-41d1-4fbf-aded-1bbed98fdd1d},Provider,Microsoft-Windows-Subsys-SMSS,1,1
3/27/2018 12:11:28 +00:00,ROOT\ControlSet001\Control\WMI\Autologger\EventLog-System\{45eec9e5-4a1b-5446-7ad8-a4ab1313c437},{45eec9e5-4a1b-5446-7ad8-a4ab1313c437},Provider,Unmapped GUID: {45eec9e5-4a1b-5446-7ad8-a4ab1313c437},1,1
3/27/2018 12:11:28 +00:00,ROOT\ControlSet001\Control\WMI\Autologger\EventLog-System\{46c78e5c-a213-46a8-8a6b-622f6916201d},{46c78e5c-a213-46a8-8a6b-622f6916201d},Provider,Microsoft-Windows-OverlayFilter,1,1
3/27/2018 12:11:28 +00:00,ROOT\ControlSet001\Control\WMI\Autologger\EventLog-System\{47bc9477-a8ba-452e-b951-4f2ed3593cf9},{47bc9477-a8ba-452e-b951-4f2ed3593cf9},Provider,Microsoft-Windows-Serial-ClassExtension,1,1
3/27/2018 12:11:28 +00:00,ROOT\ControlSet001\Control\WMI\Autologger\EventLog-System\{47bfa2b7-bd54-4fac-b70b-29021084ca8f},{47bfa2b7-bd54-4fac-b70b-29021084ca8f},Provider,Application Popup,1,1
3/27/2018 12:11:28 +00:00,ROOT\ControlSet001\Control\WMI\Autologger\EventLog-System\{494e7a3d-8db9-4ec4-b43e-2844af6e38d6},{494e7a3d-8db9-4ec4-b43e-2844af6e38d6},Provider,Microsoft-Windows-exFAT-SQM,1,1
3/27/2018 12:11:28 +00:00,ROOT\ControlSet001\Control\WMI\Autologger\EventLog-System\{4af188ac-e9c4-4c11-b07b-1fabc07dfeb2},{4af188ac-e9c4-4c11-b07b-1fabc07dfeb2},Provider,Unmapped GUID: {4af188ac-e9c4-4c11-b07b-1fabc07dfeb2},1,1
3/27/2018 12:11:28 +00:00,ROOT\ControlSet001\Control\WMI\Autologger\EventLog-System\{4cb314df-c11f-47d7-9c04-65fb0051561b},{4cb314df-c11f-47d7-9c04-65fb0051561b},Provider,Microsoft-Windows-Program-Compatibility-Assistant,1,1
3/27/2018 12:11:28 +00:00,ROOT\ControlSet001\Control\WMI\Autologger\EventLog-System\{4cec9c95-a65f-4591-b5c4-30100e51d870},{4cec9c95-a65f-4591-b5c4-30100e51d870},Provider,Microsoft-Windows-Kernel-Tm,1,1
3/27/2018 12:11:28 +00:00,ROOT\ControlSet001\Control\WMI\Autologger\EventLog-System\{4ee76bd8-3cf4-44a0-a0ac-3937643e37a3},{4ee76bd8-3cf4-44a0-a0ac-3937643e37a3},Provider,Microsoft-Windows-CodeIntegrity,1,1
3/27/2018 12:11:28 +00:00,ROOT\ControlSet001\Control\WMI\Autologger\EventLog-System\{530fb9b9-c515-4472-9313-fb346f9255e3},{530fb9b9-c515-4472-9313-fb346f9255e3},Provider,Microsoft-Windows-SetupPlatform,1,1
3/27/2018 12:11:28 +00:00,ROOT\ControlSet001\Control\WMI\Autologger\EventLog-System\{538cbbad-4877-4eb2-b26e-7caee8f0f8cb},{538cbbad-4877-4eb2-b26e-7caee8f0f8cb},Provider,Microsoft-Windows-FunctionDiscoveryHost,1,1
3/27/2018 12:11:28 +00:00,ROOT\ControlSet001\Control\WMI\Autologger\EventLog-System\{54cb22ff-26b4-4393-a8c2-6b0715912c5f},{54cb22ff-26b4-4393-a8c2-6b0715912c5f},Provider,Microsoft-Windows-EQoS,1,1
3/27/2018 12:11:28 +00:00,ROOT\ControlSet001\Control\WMI\Autologger\EventLog-System\{555908d1-a6d7-4695-8e1e-26931d2012f4},{555908d1-a6d7-4695-8e1e-26931d2012f4},Provider,Service Control Manager,1,1
3/27/2018 12:11:28 +00:00,ROOT\ControlSet001\Control\WMI\Autologger\EventLog-System\{55ab77f6-fa04-43ef-af45-688fbf500482},{55ab77f6-fa04-43ef-af45-688fbf500482},Provider,Microsoft-Windows-GPIO-ClassExtension,1,1
3/27/2018 12:11:28 +00:00,ROOT\ControlSet001\Control\WMI\Autologger\EventLog-System\{595f7f52-c90a-4026-a125-8eb5e083f15e},{595f7f52-c90a-4026-a125-8eb5e083f15e},Provider,Microsoft-Windows-StorageSpaces-Driver,1,1
3/27/2018 12:11:28 +00:00,ROOT\ControlSet001\Control\WMI\Autologger\EventLog-System\{5d674230-ca9f-11da-a94d-0800200c9a66},{5d674230-ca9f-11da-a94d-0800200c9a66},Provider,Microsoft-Windows-BitLocker-API,1,1
3/27/2018 12:11:28 +00:00,ROOT\ControlSet001\Control\WMI\Autologger\EventLog-System\{5d896912-022d-40aa-a3a8-4fa5515c76d7},{5d896912-022d-40aa-a3a8-4fa5515c76d7},Provider,Microsoft-Windows-TerminalServices-LocalSessionManager,1,1
3/27/2018 12:11:28 +00:00,ROOT\ControlSet001\Control\WMI\Autologger\EventLog-System\{5f92bc59-248f-4111-86a9-e393e12c6139},{5f92bc59-248f-4111-86a9-e393e12c6139},Provider,Microsoft-Windows-MemoryDiagnostics-Results,1,1
3/27/2018 12:11:28 +00:00,ROOT\ControlSet001\Control\WMI\Autologger\EventLog-System\{62de9e48-90c6-4755-8813-6a7d655b0802},{62de9e48-90c6-4755-8813-6a7d655b0802},Provider,Microsoft-Windows-NdisImPlatformSysEvtProvider,1,1
3/27/2018 12:11:28 +00:00,ROOT\ControlSet001\Control\WMI\Autologger\EventLog-System\{632f767e-0ec3-47b9-ba1c-a0e62a74728a},{632f767e-0ec3-47b9-ba1c-a0e62a74728a},Provider,Microsoft-Windows-BitLocker-DrivePreparationTool,1,1
3/27/2018 12:11:28 +00:00,ROOT\ControlSet001\Control\WMI\Autologger\EventLog-System\{63d1e632-95cc-4443-9312-af927761d52a},{63d1e632-95cc-4443-9312-af927761d52a},Provider,Microsoft-Windows-HAL,1,1
3/27/2018 12:11:28 +00:00,ROOT\ControlSet001\Control\WMI\Autologger\EventLog-System\{64ef2b1c-4ae1-4e64-8599-1636e441ec88},{64ef2b1c-4ae1-4e64-8599-1636e441ec88},Provider,Microsoft-Windows-Devices-Background,1,1
3/27/2018 12:11:28 +00:00,ROOT\ControlSet001\Control\WMI\Autologger\EventLog-System\{651df93b-5053-4d1e-94c5-f6e6d25908d0},{651df93b-5053-4d1e-94c5-f6e6d25908d0},Provider,Microsoft-Windows-BitLocker-Driver,1,1
3/27/2018 12:11:28 +00:00,ROOT\ControlSet001\Control\WMI\Autologger\EventLog-System\{66a5c15c-4f8e-4044-bf6e-71d896038977},{66a5c15c-4f8e-4044-bf6e-71d896038977},Provider,Microsoft-Windows-Iphlpsvc,1,1
3/27/2018 12:11:28 +00:00,ROOT\ControlSet001\Control\WMI\Autologger\EventLog-System\{67fe2216-727a-40cb-94b2-c02211edb34a},{67fe2216-727a-40cb-94b2-c02211edb34a},Provider,Microsoft-Windows-VolumeSnapshot-Driver,1,1
3/27/2018 12:11:28 +00:00,ROOT\ControlSet001\Control\WMI\Autologger\EventLog-System\{6a1f2b00-6a90-4c38-95a5-5cab3b056778},{6a1f2b00-6a90-4c38-95a5-5cab3b056778},Provider,Microsoft-Windows-DHCPv6-Client,1,1
3/27/2018 12:11:28 +00:00,ROOT\ControlSet001\Control\WMI\Autologger\EventLog-System\{6b93bf66-a922-4c11-a617-cf60d95c133d},{6b93bf66-a922-4c11-a617-cf60d95c133d},Provider,Microsoft-Windows-Fault-Tolerant-Heap,1,1
3/27/2018 12:11:28 +00:00,ROOT\ControlSet001\Control\WMI\Autologger\EventLog-System\{6bba3851-2c7e-4dea-8f54-31e5afd029e3},{6bba3851-2c7e-4dea-8f54-31e5afd029e3},Provider,Microsoft-Windows-Diagnosis-DPS,1,1
3/27/2018 12:11:28 +00:00,ROOT\ControlSet001\Control\WMI\Autologger\EventLog-System\{7237fff9-a08a-4804-9c79-4a8704b70b87},{7237fff9-a08a-4804-9c79-4a8704b70b87},Provider,Microsoft-Windows-LanguagePackSetup,1,1
3/27/2018 12:11:28 +00:00,ROOT\ControlSet001\Control\WMI\Autologger\EventLog-System\{72cd9ff7-4af8-4b89-aede-5f26fda13567},{72cd9ff7-4af8-4b89-aede-5f26fda13567},Provider,Microsoft-Windows-SPB-ClassExtension,1,1
3/27/2018 12:11:28 +00:00,ROOT\ControlSet001\Control\WMI\Autologger\EventLog-System\{73a33ab2-1966-4999-8add-868c41415269},{73a33ab2-1966-4999-8add-868c41415269},Provider,Microsoft-Windows-IsolatedUserMode,1,1
3/27/2018 12:11:28 +00:00,ROOT\ControlSet001\Control\WMI\Autologger\EventLog-System\{73e9c9de-a148-41f7-b1db-4da051fdc327},{73e9c9de-a148-41f7-b1db-4da051fdc327},Provider,Microsoft-Windows-MemoryDiagnostics-Schedule,1,1
3/27/2018 12:11:28 +00:00,ROOT\ControlSet001\Control\WMI\Autologger\EventLog-System\{74c2135f-cc76-45c3-879a-ef3bb1eeaf86},{74c2135f-cc76-45c3-879a-ef3bb1eeaf86},Provider,Microsoft-Windows-ResourcePublication,1,1
3/27/2018 12:11:28 +00:00,ROOT\ControlSet001\Control\WMI\Autologger\EventLog-System\{75ebc33e-997f-49cf-b49f-ecc50184b75d},{75ebc33e-997f-49cf-b49f-ecc50184b75d},Provider,Microsoft-Windows-Setup,1,1
3/27/2018 12:11:28 +00:00,ROOT\ControlSet001\Control\WMI\Autologger\EventLog-System\{7725b5f9-1f2e-4e21-baeb-b2af4690bc87},{7725b5f9-1f2e-4e21-baeb-b2af4690bc87},Provider,Unmapped GUID: {7725b5f9-1f2e-4e21-baeb-b2af4690bc87},1,1
3/27/2018 12:11:28 +00:00,ROOT\ControlSet001\Control\WMI\Autologger\EventLog-System\{7b563579-53c8-44e7-8236-0f87b9fe6594},{7b563579-53c8-44e7-8236-0f87b9fe6594},Provider,Microsoft-Windows-Kernel-WHEA,1,1
3/27/2018 12:11:28 +00:00,ROOT\ControlSet001\Control\WMI\Autologger\EventLog-System\{7b6bc78c-898b-4170-bbf8-1a469ea43fc5},{7b6bc78c-898b-4170-bbf8-1a469ea43fc5},Provider,Microsoft-Windows-HttpEvent,1,1
3/27/2018 12:11:28 +00:00,ROOT\ControlSet001\Control\WMI\Autologger\EventLog-System\{7d5387b0-cbe0-11da-a94d-0800200c9a66},{7d5387b0-cbe0-11da-a94d-0800200c9a66},Provider,Microsoft-Windows-TPM-WMI,1,1
3/27/2018 12:11:28 +00:00,ROOT\ControlSet001\Control\WMI\Autologger\EventLog-System\{7da4fe0e-fd42-4708-9aa5-89b77a224885},{7da4fe0e-fd42-4708-9aa5-89b77a224885},Provider,Microsoft-Windows-DfsSvc,1,1
3/27/2018 12:11:28 +00:00,ROOT\ControlSet001\Control\WMI\Autologger\EventLog-System\{85a62a0d-7e17-485f-9d4f-749a287193a6},{85a62a0d-7e17-485f-9d4f-749a287193a6},Provider,Unmapped GUID: {85a62a0d-7e17-485f-9d4f-749a287193a6},1,1
3/27/2018 12:11:28 +00:00,ROOT\ControlSet001\Control\WMI\Autologger\EventLog-System\{89203471-d554-47d4-bde4-7552ec219999},{89203471-d554-47d4-bde4-7552ec219999},Provider,Microsoft-Windows-KdsSvc,1,1
3/27/2018 12:11:28 +00:00,ROOT\ControlSet001\Control\WMI\Autologger\EventLog-System\{89592015-d996-4636-8f61-066b5d4dd739},{89592015-d996-4636-8f61-066b5d4dd739},Provider,Microsoft-Windows-StateRepository,1,1
3/27/2018 12:11:28 +00:00,ROOT\ControlSet001\Control\WMI\Autologger\EventLog-System\{89fe8f40-cdce-464e-8217-15ef97d4c7c3},{89fe8f40-cdce-464e-8217-15ef97d4c7c3},Provider,Microsoft-Windows-Crypto-DPAPI,1,1
3/27/2018 12:11:28 +00:00,ROOT\ControlSet001\Control\WMI\Autologger\EventLog-System\{8c416c79-d49b-4f01-a467-e56d3aa8234c},{8c416c79-d49b-4f01-a467-e56d3aa8234c},Provider,Microsoft-Windows-Win32k,1,1
3/27/2018 12:11:28 +00:00,ROOT\ControlSet001\Control\WMI\Autologger\EventLog-System\{8e6a5303-a4ce-498f-afdb-e03a8a82b077},{8e6a5303-a4ce-498f-afdb-e03a8a82b077},Provider,Microsoft-Windows-Ntfs-UBPM,1,1
3/27/2018 12:11:28 +00:00,ROOT\ControlSet001\Control\WMI\Autologger\EventLog-System\{945a8954-c147-4acd-923f-40c45405a658},{945a8954-c147-4acd-923f-40c45405a658},Provider,Microsoft-Windows-WindowsUpdateClient,1,1
3/27/2018 12:11:28 +00:00,ROOT\ControlSet001\Control\WMI\Autologger\EventLog-System\{94d560d0-147e-51c9-763a-b03634331449},{94d560d0-147e-51c9-763a-b03634331449},Provider,Unmapped GUID: {94d560d0-147e-51c9-763a-b03634331449},1,1
3/27/2018 12:11:28 +00:00,ROOT\ControlSet001\Control\WMI\Autologger\EventLog-System\{951b41ea-c830-44dc-a671-e2c9958809b8},{951b41ea-c830-44dc-a671-e2c9958809b8},Provider,Microsoft-Windows-Kernel-Interrupt-Steering,1,1
3/27/2018 12:11:28 +00:00,ROOT\ControlSet001\Control\WMI\Autologger\EventLog-System\{95353826-4fbe-41d4-9c42-f521c6e86360},{95353826-4fbe-41d4-9c42-f521c6e86360},Provider,Microsoft-Windows-OfflineFiles,1,1
3/27/2018 12:11:28 +00:00,ROOT\ControlSet001\Control\WMI\Autologger\EventLog-System\{9580d7dd-0379-4658-9870-d5be7d52d6de},{9580d7dd-0379-4658-9870-d5be7d52d6de},Provider,Microsoft-Windows-WLAN-AutoConfig,1,1
3/27/2018 12:11:28 +00:00,ROOT\ControlSet001\Control\WMI\Autologger\EventLog-System\{96f4a050-7e31-453c-88be-9634f4e02139},{96f4a050-7e31-453c-88be-9634f4e02139},Provider,Microsoft-Windows-UserPnp,1,1
3/27/2018 12:11:28 +00:00,ROOT\ControlSet001\Control\WMI\Autologger\EventLog-System\{9741fd4e-3757-479f-a3c6-fc49f6d5edd0},{9741fd4e-3757-479f-a3c6-fc49f6d5edd0},Provider,NetJoin,1,1
3/27/2018 12:11:28 +00:00,ROOT\ControlSet001\Control\WMI\Autologger\EventLog-System\{988c59c5-0a1c-45b6-a555-0c62276e327d},{988c59c5-0a1c-45b6-a555-0c62276e327d},Provider,Microsoft-Windows-SMBClient,1,1
3/27/2018 12:11:28 +00:00,ROOT\ControlSet001\Control\WMI\Autologger\EventLog-System\{991f8fe6-249d-44d6-b93d-5a3060c1dedb},{991f8fe6-249d-44d6-b93d-5a3060c1dedb},Provider,Microsoft-Windows-SPB-HIDI2C,1,1
3/27/2018 12:11:28 +00:00,ROOT\ControlSet001\Control\WMI\Autologger\EventLog-System\{9988748e-c2e8-4054-85f6-0c3e1cad2470},{9988748e-c2e8-4054-85f6-0c3e1cad2470},Provider,Microsoft-Windows-Resource-Exhaustion-Detector,1,1
3/27/2018 12:11:28 +00:00,ROOT\ControlSet001\Control\WMI\Autologger\EventLog-System\{9c205a39-1250-487d-abd7-e831c6290539},{9c205a39-1250-487d-abd7-e831c6290539},Provider,Microsoft-Windows-Kernel-PnP,1,1
3/27/2018 12:11:28 +00:00,ROOT\ControlSet001\Control\WMI\Autologger\EventLog-System\{9f650c63-9409-453c-a652-83d7185a2e83},{9f650c63-9409-453c-a652-83d7185a2e83},Provider,Microsoft-Windows-SCPNP,1,1
3/27/2018 12:11:28 +00:00,ROOT\ControlSet001\Control\WMI\Autologger\EventLog-System\{9f7b5df4-b902-48bc-bc94-95068c6c7d26},{9f7b5df4-b902-48bc-bc94-95068c6c7d26},Provider,Microsoft-Windows-Volume,1,1
3/27/2018 12:11:28 +00:00,ROOT\ControlSet001\Control\WMI\Autologger\EventLog-System\{a0e3d8ea-c34f-4419-a1db-90435b8b21d0},{a0e3d8ea-c34f-4419-a1db-90435b8b21d0},Provider,Microsoft-Windows-Biometrics,1,1
3/27/2018 12:11:28 +00:00,ROOT\ControlSet001\Control\WMI\Autologger\EventLog-System\{a4445c76-ed85-c8a3-02c1-532a38614a9e},{a4445c76-ed85-c8a3-02c1-532a38614a9e},Provider,Microsoft-Windows-ResetEng,1,1
3/27/2018 12:11:28 +00:00,ROOT\ControlSet001\Control\WMI\Autologger\EventLog-System\{a67075c2-3e39-4109-b6cd-6d750058a731},{a67075c2-3e39-4109-b6cd-6d750058a731},Provider,Microsoft-Windows-NetworkBridge,1,1
3/27/2018 12:11:28 +00:00,ROOT\ControlSet001\Control\WMI\Autologger\EventLog-System\{a68ca8b7-004f-d7b6-a698-07e2de0f1f5d},{a68ca8b7-004f-d7b6-a698-07e2de0f1f5d},Provider,Microsoft-Windows-Kernel-General,1,1
3/27/2018 12:11:28 +00:00,ROOT\ControlSet001\Control\WMI\Autologger\EventLog-System\{a6ad76e3-867a-4635-91b3-4904ba6374d7},{a6ad76e3-867a-4635-91b3-4904ba6374d7},Provider,Microsoft-Windows-Kernel-StoreMgr,1,1
3/27/2018 12:11:28 +00:00,ROOT\ControlSet001\Control\WMI\Autologger\EventLog-System\{a8a1f2f6-a13a-45e9-b1fe-3419569e5ef2},{a8a1f2f6-a13a-45e9-b1fe-3419569e5ef2},Provider,Microsoft-Windows-MUI,1,1
3/27/2018 12:11:28 +00:00,ROOT\ControlSet001\Control\WMI\Autologger\EventLog-System\{aa3aa23b-bb6d-425a-b58c-1d7e37f5d02a},{aa3aa23b-bb6d-425a-b58c-1d7e37f5d02a},Provider,Microsoft-Windows-EnhancedStorage-EhStorTcgDrv,1,1
3/27/2018 12:11:28 +00:00,ROOT\ControlSet001\Control\WMI\Autologger\EventLog-System\{abf1f586-2e50-4ba8-928d-49044e6f0db7},{abf1f586-2e50-4ba8-928d-49044e6f0db7},Provider,Microsoft-Windows-Kernel-IO,1,1
3/27/2018 12:11:28 +00:00,ROOT\ControlSet001\Control\WMI\Autologger\EventLog-System\{ac43300d-5fcc-4800-8e99-1bd3f85f0320},{ac43300d-5fcc-4800-8e99-1bd3f85f0320},Provider,Microsoft-Windows-NTLM,1,1
3/27/2018 12:11:28 +00:00,ROOT\ControlSet001\Control\WMI\Autologger\EventLog-System\{ac52ad17-cc01-4f85-8df5-4dce4333c99b},{ac52ad17-cc01-4f85-8df5-4dce4333c99b},Provider,Microsoft-Windows-USB-USBHUB3,1,1
3/27/2018 12:11:28 +00:00,ROOT\ControlSet001\Control\WMI\Autologger\EventLog-System\{ad5162d8-daf0-4a25-88a7-01cbeb33902e},{ad5162d8-daf0-4a25-88a7-01cbeb33902e},Provider,Microsoft-Windows-WPDClassInstaller,1,1
3/27/2018 12:11:28 +00:00,ROOT\ControlSet001\Control\WMI\Autologger\EventLog-System\{ae4bd3be-f36f-45b6-8d21-bdd6fb832853},{ae4bd3be-f36f-45b6-8d21-bdd6fb832853},Provider,Microsoft-Windows-Audio,1,1
3/27/2018 12:11:28 +00:00,ROOT\ControlSet001\Control\WMI\Autologger\EventLog-System\{aea1b4fa-97d1-45f2-a64c-4d69fffd92c9},{aea1b4fa-97d1-45f2-a64c-4d69fffd92c9},Provider,Microsoft-Windows-GroupPolicy,1,1
3/27/2018 12:11:28 +00:00,ROOT\ControlSet001\Control\WMI\Autologger\EventLog-System\{aec5c129-7c10-407d-be97-91a042c61aaa},{aec5c129-7c10-407d-be97-91a042c61aaa},Provider,Unmapped GUID: {aec5c129-7c10-407d-be97-91a042c61aaa},1,1
3/27/2018 12:11:28 +00:00,ROOT\ControlSet001\Control\WMI\Autologger\EventLog-System\{b0aa8734-56f7-41cc-b2f4-de228e98b946},{b0aa8734-56f7-41cc-b2f4-de228e98b946},Provider,User32,1,1
3/27/2018 12:11:28 +00:00,ROOT\ControlSet001\Control\WMI\Autologger\EventLog-System\{b2fcd41f-9a40-4150-8c92-b224b7d8c8aa},{b2fcd41f-9a40-4150-8c92-b224b7d8c8aa},Provider,Microsoft-Windows-SpellChecker,1,1
3/27/2018 12:11:28 +00:00,ROOT\ControlSet001\Control\WMI\Autologger\EventLog-System\{b675ec37-bdb6-4648-bc92-f3fdc74d3ca2},{b675ec37-bdb6-4648-bc92-f3fdc74d3ca2},Provider,Microsoft-Windows-Kernel-EventTracing,1,1
3/27/2018 12:11:28 +00:00,ROOT\ControlSet001\Control\WMI\Autologger\EventLog-System\{b977cf02-76f6-df84-cc1a-6a4b232322b6},{b977cf02-76f6-df84-cc1a-6a4b232322b6},Provider,Microsoft-Windows-EventCollector,1,1
3/27/2018 12:11:28 +00:00,ROOT\ControlSet001\Control\WMI\Autologger\EventLog-System\{b99317e5-89b7-4c0d-abd1-6e705f7912dc},{b99317e5-89b7-4c0d-abd1-6e705f7912dc},Provider,Unmapped GUID: {b99317e5-89b7-4c0d-abd1-6e705f7912dc},1,1
3/27/2018 12:11:28 +00:00,ROOT\ControlSet001\Control\WMI\Autologger\EventLog-System\{ba093605-3909-4345-990b-26b746adee0a},{ba093605-3909-4345-990b-26b746adee0a},Provider,Microsoft-Windows-CorruptedFileRecovery-Client,1,1
3/27/2018 12:11:28 +00:00,ROOT\ControlSet001\Control\WMI\Autologger\EventLog-System\{ba2ffb5c-e20a-4fb9-91b4-45f61b4b66a0},{ba2ffb5c-e20a-4fb9-91b4-45f61b4b66a0},Provider,Microsoft-Windows-Hyper-V-Guest-Drivers-Dynamic-Memory,1,1
3/27/2018 12:11:28 +00:00,ROOT\ControlSet001\Control\WMI\Autologger\EventLog-System\{ba4b59d0-3388-55a0-bdd7-8fd539dee1d2},{ba4b59d0-3388-55a0-bdd7-8fd539dee1d2},Provider,Unmapped GUID: {ba4b59d0-3388-55a0-bdd7-8fd539dee1d2},1,1
3/27/2018 12:11:28 +00:00,ROOT\ControlSet001\Control\WMI\Autologger\EventLog-System\{babda89a-4d5e-48eb-af3d-e0e8410207c0},{babda89a-4d5e-48eb-af3d-e0e8410207c0},Provider,Microsoft-Windows-Memory-Diagnostic-Task-Handler,1,1
3/27/2018 12:11:28 +00:00,ROOT\ControlSet001\Control\WMI\Autologger\EventLog-System\{bc0669e1-a10d-4a78-834e-1ca3c806c93b},{bc0669e1-a10d-4a78-834e-1ca3c806c93b},Provider,Microsoft-Windows-CertificateServicesClient-Lifecycle-System,1,1
3/27/2018 12:11:28 +00:00,ROOT\ControlSet001\Control\WMI\Autologger\EventLog-System\{c02afc2b-e24e-4449-ad76-bcc2c2575ead},{c02afc2b-e24e-4449-ad76-bcc2c2575ead},Provider,Microsoft-Windows-UAC-FileVirtualization,1,1
3/27/2018 12:11:28 +00:00,ROOT\ControlSet001\Control\WMI\Autologger\EventLog-System\{c03715ce-ea6f-5b67-4449-da1d1e1afeb8},{c03715ce-ea6f-5b67-4449-da1d1e1afeb8},Provider,Unmapped GUID: {c03715ce-ea6f-5b67-4449-da1d1e1afeb8},1,1
3/27/2018 12:11:28 +00:00,ROOT\ControlSet001\Control\WMI\Autologger\EventLog-System\{c18672d1-dc18-4dfd-91e4-170cf37160cf},{c18672d1-dc18-4dfd-91e4-170cf37160cf},Provider,Microsoft-Windows-Hyper-V-Guest-Drivers-IcSvc,1,1
3/27/2018 12:11:28 +00:00,ROOT\ControlSet001\Control\WMI\Autologger\EventLog-System\{c26c4f3c-3f66-4e99-8f8a-39405cfed220},{c26c4f3c-3f66-4e99-8f8a-39405cfed220},Provider,Microsoft-Windows-WHEA-Logger,1,1
3/27/2018 12:11:28 +00:00,ROOT\ControlSet001\Control\WMI\Autologger\EventLog-System\{c4636a1e-7986-4646-bf10-7bc3b4a76e8e},{c4636a1e-7986-4646-bf10-7bc3b4a76e8e},Provider,Microsoft-Windows-StorPort,1,1
3/27/2018 12:11:28 +00:00,ROOT\ControlSet001\Control\WMI\Autologger\EventLog-System\{c76baa63-ae81-421c-b425-340b4b24157f},{c76baa63-ae81-421c-b425-340b4b24157f},Provider,Microsoft-Windows-TerminalServices-RemoteConnectionManager,1,1
3/27/2018 12:11:28 +00:00,ROOT\ControlSet001\Control\WMI\Autologger\EventLog-System\{c914f0df-835a-4a22-8c70-732c9a80c634},{c914f0df-835a-4a22-8c70-732c9a80c634},Provider,Microsoft-Windows-StartupRepair,1,1
3/27/2018 12:11:28 +00:00,ROOT\ControlSet001\Control\WMI\Autologger\EventLog-System\{cb017cd2-1f37-4e65-82bc-3e91f6a37559},{cb017cd2-1f37-4e65-82bc-3e91f6a37559},Provider,Volsnap,1,1
3/27/2018 12:11:28 +00:00,ROOT\ControlSet001\Control\WMI\Autologger\EventLog-System\{cbda4dbf-8d5d-4f69-9578-be14aa540d22},{cbda4dbf-8d5d-4f69-9578-be14aa540d22},Provider,Microsoft-Windows-AppLocker,1,1
3/27/2018 12:11:28 +00:00,ROOT\ControlSet001\Control\WMI\Autologger\EventLog-System\{cd9c6198-bf73-4106-803b-c17d26559018},{cd9c6198-bf73-4106-803b-c17d26559018},Provider,Unmapped GUID: {cd9c6198-bf73-4106-803b-c17d26559018},1,1
3/27/2018 12:11:28 +00:00,ROOT\ControlSet001\Control\WMI\Autologger\EventLog-System\{cdc05e28-c449-49c6-b9d2-88cf761644df},{cdc05e28-c449-49c6-b9d2-88cf761644df},Provider,Microsoft-Windows-Power-Troubleshooter,1,1
3/27/2018 12:11:28 +00:00,ROOT\ControlSet001\Control\WMI\Autologger\EventLog-System\{cdead503-17f5-4a3e-b7ae-df8cc2902eb9},{cdead503-17f5-4a3e-b7ae-df8cc2902eb9},Provider,Microsoft-Windows-NDIS,1,1
3/27/2018 12:11:28 +00:00,ROOT\ControlSet001\Control\WMI\Autologger\EventLog-System\{ce8dee0b-d539-4000-b0f8-77bed049c590},{ce8dee0b-d539-4000-b0f8-77bed049c590},Provider,Microsoft-Windows-UserModePowerService,1,1
3/27/2018 12:11:28 +00:00,ROOT\ControlSet001\Control\WMI\Autologger\EventLog-System\{cfc18ec0-96b1-4eba-961b-622caee05b0a},{cfc18ec0-96b1-4eba-961b-622caee05b0a},Provider,Microsoft-Windows-Diagnostics-Performance,1,1
3/27/2018 12:11:28 +00:00,ROOT\ControlSet001\Control\WMI\Autologger\EventLog-System\{d0e22efc-ac66-4b25-a72d-382736b5e940},{d0e22efc-ac66-4b25-a72d-382736b5e940},Provider,Microsoft-Windows-Spell-Checking,1,1
3/27/2018 12:11:28 +00:00,ROOT\ControlSet001\Control\WMI\Autologger\EventLog-System\{d1bc9aff-2abf-4d71-9146-ecb2a986eb85},{d1bc9aff-2abf-4d71-9146-ecb2a986eb85},Provider,Microsoft-Windows-Windows Firewall With Advanced Security,1,1
3/27/2018 12:11:28 +00:00,ROOT\ControlSet001\Control\WMI\Autologger\EventLog-System\{d48ce617-33a2-4bc3-a5c7-11aa4f29619e},{d48ce617-33a2-4bc3-a5c7-11aa4f29619e},Provider,Microsoft-Windows-SMBServer,1,1
3/27/2018 12:11:28 +00:00,ROOT\ControlSet001\Control\WMI\Autologger\EventLog-System\{d5c25f9a-4d47-493e-9184-40dd397a004d},{d5c25f9a-4d47-493e-9184-40dd397a004d},Provider,Microsoft-Windows-Winsock-WS2HELP,1,1
3/27/2018 12:11:28 +00:00,ROOT\ControlSet001\Control\WMI\Autologger\EventLog-System\{d6f68875-cdf5-43a5-a3e3-53ffd683311c},{d6f68875-cdf5-43a5-a3e3-53ffd683311c},Provider,Microsoft-Windows-CorruptedFileRecovery-Server,1,1
3/27/2018 12:11:28 +00:00,ROOT\ControlSet001\Control\WMI\Autologger\EventLog-System\{db66ea65-b7bb-4ca9-8748-334cb5c32400},{db66ea65-b7bb-4ca9-8748-334cb5c32400},Provider,Unmapped GUID: {db66ea65-b7bb-4ca9-8748-334cb5c32400},1,1
3/27/2018 12:11:28 +00:00,ROOT\ControlSet001\Control\WMI\Autologger\EventLog-System\{dbe9b383-7cf3-4331-91cc-a3cb16a3b538},{dbe9b383-7cf3-4331-91cc-a3cb16a3b538},Provider,Microsoft-Windows-Winlogon,1,1
3/27/2018 12:11:28 +00:00,ROOT\ControlSet001\Control\WMI\Autologger\EventLog-System\{dd70bc80-ef44-421b-8ac3-cd31da613a4e},{dd70bc80-ef44-421b-8ac3-cd31da613a4e},Provider,Ntfs,1,1
3/27/2018 12:11:28 +00:00,ROOT\ControlSet001\Control\WMI\Autologger\EventLog-System\{de29cf61-5ee6-43ff-9aac-959c4e13cc6c},{de29cf61-5ee6-43ff-9aac-959c4e13cc6c},Provider,Unmapped GUID: {de29cf61-5ee6-43ff-9aac-959c4e13cc6c},1,1
3/27/2018 12:11:28 +00:00,ROOT\ControlSet001\Control\WMI\Autologger\EventLog-System\{de7b24ea-73c8-4a09-985d-5bdadcfa9017},{de7b24ea-73c8-4a09-985d-5bdadcfa9017},Provider,Microsoft-Windows-TaskScheduler,1,1
3/27/2018 12:11:28 +00:00,ROOT\ControlSet001\Control\WMI\Autologger\EventLog-System\{dea07764-0790-44de-b9c4-49677b17174f},{dea07764-0790-44de-b9c4-49677b17174f},Provider,Microsoft-Windows-FMS,1,1
3/27/2018 12:11:28 +00:00,ROOT\ControlSet001\Control\WMI\Autologger\EventLog-System\{e104fb41-6b04-4f3a-b47d-f0df2f02b954},{e104fb41-6b04-4f3a-b47d-f0df2f02b954},Provider,Microsoft-Windows-DiskDiagnosticDataCollector,1,1
3/27/2018 12:11:28 +00:00,ROOT\ControlSet001\Control\WMI\Autologger\EventLog-System\{e2816346-87f4-4f85-95c3-0c79409aa89d},{e2816346-87f4-4f85-95c3-0c79409aa89d},Provider,Microsoft-Windows-VHDMP,1,1
3/27/2018 12:11:28 +00:00,ROOT\ControlSet001\Control\WMI\Autologger\EventLog-System\{e3bac9f8-27be-4823-8d7f-1cc320c05fa7},{e3bac9f8-27be-4823-8d7f-1cc320c05fa7},Provider,Microsoft-Windows-MountMgr,1,1
3/27/2018 12:11:28 +00:00,ROOT\ControlSet001\Control\WMI\Autologger\EventLog-System\{e4480490-85b6-11dd-ad8b-0800200c9a66},{e4480490-85b6-11dd-ad8b-0800200c9a66},Provider,Microsoft-Windows-VDRVROOT,1,1
3/27/2018 12:11:28 +00:00,ROOT\ControlSet001\Control\WMI\Autologger\EventLog-System\{e4f68870-5ae8-4e5b-9ce7-ca9ed75b0245},{e4f68870-5ae8-4e5b-9ce7-ca9ed75b0245},Provider,Unmapped GUID: {e4f68870-5ae8-4e5b-9ce7-ca9ed75b0245},1,1
3/27/2018 12:11:28 +00:00,ROOT\ControlSet001\Control\WMI\Autologger\EventLog-System\{e595f735-b42a-494b-afcd-b68666945cd3},{e595f735-b42a-494b-afcd-b68666945cd3},Provider,Microsoft-Windows-Firewall,1,1
3/27/2018 12:11:28 +00:00,ROOT\ControlSet001\Control\WMI\Autologger\EventLog-System\{e5ba83f6-07d0-46b1-8bc7-7e669a1d31dc},{e5ba83f6-07d0-46b1-8bc7-7e669a1d31dc},Provider,Microsoft-Windows-Security-Netlogon,1,1
3/27/2018 12:11:28 +00:00,ROOT\ControlSet001\Control\WMI\Autologger\EventLog-System\{e670a5a2-ce74-4ab4-9347-61b815319f4c},{e670a5a2-ce74-4ab4-9347-61b815319f4c},Provider,Microsoft-Windows-DiskDiagnostic,1,1
3/27/2018 12:11:28 +00:00,ROOT\ControlSet001\Control\WMI\Autologger\EventLog-System\{e8f9af91-afbe-5a03-dfec-5d591686326c},{e8f9af91-afbe-5a03-dfec-5d591686326c},Provider,Unmapped GUID: {e8f9af91-afbe-5a03-dfec-5d591686326c},1,1
3/27/2018 09:56:16 +00:00,ROOT\ControlSet001\Control\WMI\Autologger\EventLog-System\{eb492407-201e-4281-8531-cdfb141ca69f},{eb492407-201e-4281-8531-cdfb141ca69f},Provider,Unmapped GUID: {eb492407-201e-4281-8531-cdfb141ca69f},1,1
3/27/2018 12:11:28 +00:00,ROOT\ControlSet001\Control\WMI\Autologger\EventLog-System\{eee173ef-7ed2-45de-9877-01c70a852fbd},{eee173ef-7ed2-45de-9877-01c70a852fbd},Provider,Microsoft-Windows-Serial-ClassExtension-V2,1,1
3/27/2018 12:11:28 +00:00,ROOT\ControlSet001\Control\WMI\Autologger\EventLog-System\{ef1cc15b-46c1-414e-bb95-e76b077bd51e},{ef1cc15b-46c1-414e-bb95-e76b077bd51e},Provider,Microsoft-Windows-Bits-Client,1,1
3/27/2018 12:11:28 +00:00,ROOT\ControlSet001\Control\WMI\Autologger\EventLog-System\{f029ac39-38f0-4a40-b7de-404d244004cb},{f029ac39-38f0-4a40-b7de-404d244004cb},Provider,Microsoft-Windows-Kernel-XDV,1,1
3/27/2018 12:11:28 +00:00,ROOT\ControlSet001\Control\WMI\Autologger\EventLog-System\{f2e2ce31-0e8a-4e46-a03b-2e0fe97e93c2},{f2e2ce31-0e8a-4e46-a03b-2e0fe97e93c2},Provider,Microsoft-Windows-Hyper-V-Guest-Drivers-Vmbus,1,1
3/27/2018 12:11:28 +00:00,ROOT\ControlSet001\Control\WMI\Autologger\EventLog-System\{f3c5e28e-63f6-49c7-a204-e48a1bc4b09d},{f3c5e28e-63f6-49c7-a204-e48a1bc4b09d},Provider,Microsoft-Windows-FilterManager,1,1
3/27/2018 12:11:28 +00:00,ROOT\ControlSet001\Control\WMI\Autologger\EventLog-System\{f5d05b38-80a6-4653-825d-c414e4ab3c68},{f5d05b38-80a6-4653-825d-c414e4ab3c68},Provider,Microsoft-Windows-StorDiag,1,1
3/27/2018 12:11:28 +00:00,ROOT\ControlSet001\Control\WMI\Autologger\EventLog-System\{f708c483-4880-11e6-9121-5cf37068b67b},{f708c483-4880-11e6-9121-5cf37068b67b},Provider,Unmapped GUID: {f708c483-4880-11e6-9121-5cf37068b67b},1,1
3/27/2018 12:11:28 +00:00,ROOT\ControlSet001\Control\WMI\Autologger\EventLog-System\{f717d024-f5b4-4f03-9ab9-331b2dc38ffb},{f717d024-f5b4-4f03-9ab9-331b2dc38ffb},Provider,Unmapped GUID: {f717d024-f5b4-4f03-9ab9-331b2dc38ffb},1,1
3/27/2018 12:11:28 +00:00,ROOT\ControlSet001\Control\WMI\Autologger\EventLog-System\{f9fe3908-44b8-48d9-9a32-5a763ff5ed79},{f9fe3908-44b8-48d9-9a32-5a763ff5ed79},Provider,Microsoft-Windows-Deduplication,1,1
3/27/2018 12:11:28 +00:00,ROOT\ControlSet001\Control\WMI\Autologger\EventLog-System\{fae10392-f0af-4ac0-b8ff-9f4d920c3cdf},{fae10392-f0af-4ac0-b8ff-9f4d920c3cdf},Provider,Unmapped GUID: {fae10392-f0af-4ac0-b8ff-9f4d920c3cdf},1,1
3/27/2018 12:11:28 +00:00,ROOT\ControlSet001\Control\WMI\Autologger\EventLog-System\{fc65ddd8-d6ef-4962-83d5-6e5cfe9ce148},{fc65ddd8-d6ef-4962-83d5-6e5cfe9ce148},Provider,Microsoft-Windows-Eventlog,1,1
3/27/2018 12:11:28 +00:00,ROOT\ControlSet001\Control\WMI\Autologger\EventLog-System\{fcbb06bb-6a2a-46e3-abaa-246cb4e508b2},{fcbb06bb-6a2a-46e3-abaa-246cb4e508b2},Provider,Microsoft-Windows-DeviceSetupManager,1,1
