LastWriteTimestamp,BatchKeyPath,Guid,BatchValueName,Provider,Enabled,EnabledProperty
3/27/2018 12:11:28 +00:00,ROOT\ControlSet001\Control\WMI\Autologger\EventLog-Application\{01090065-b467-4503-9b28-533766761087},{01090065-b467-4503-9b28-533766761087},Provider,Microsoft-Windows-ParentalControls,1,1
3/27/2018 12:11:28 +00:00,ROOT\ControlSet001\Control\WMI\Autologger\EventLog-Application\{06edcfeb-0fd0-4e53-acca-a6f8bbf81bcb},{06edcfeb-0fd0-4e53-acca-a6f8bbf81bcb},Provider,Microsoft-Windows-Time-Service,1,1
3/27/2018 12:11:28 +00:00,ROOT\ControlSet001\Control\WMI\Autologger\EventLog-Application\{08466062-aed4-4834-8b04-cddb414504e5},{08466062-aed4-4834-8b04-cddb414504e5},Provider,Microsoft-Windows-Security-Audit-Configuration-Client,1,1
3/27/2018 12:11:28 +00:00,ROOT\ControlSet001\Control\WMI\Autologger\EventLog-Application\{0888e5ef-9b98-4695-979d-e92ce4247224},{0888e5ef-9b98-4695-979d-e92ce4247224},Provider,RmClient_RestartManager,1,1
3/27/2018 12:11:28 +00:00,ROOT\ControlSet001\Control\WMI\Autologger\EventLog-Application\{09608c12-c1da-4104-a6fe-b959cf57560a},{09608c12-c1da-4104-a6fe-b959cf57560a},Provider,Microsoft-Windows-WUSA,1,1
3/27/2018 12:11:28 +00:00,ROOT\ControlSet001\Control\WMI\Autologger\EventLog-Application\{09ac07b9-6ac9-43bc-a50f-58419a797c69},{09ac07b9-6ac9-43bc-a50f-58419a797c69},Provider,Microsoft-Windows-SmartCard-Audit,1,1
3/27/2018 12:11:28 +00:00,ROOT\ControlSet001\Control\WMI\Autologger\EventLog-Application\{09ec9687-d7ad-40ca-9c5e-78a04a5ae993},{09ec9687-d7ad-40ca-9c5e-78a04a5ae993},Provider,Microsoft-Windows-DeviceSync,1,1
3/27/2018 12:11:28 +00:00,ROOT\ControlSet001\Control\WMI\Autologger\EventLog-Application\{0dd4d48e-2bbf-452f-a7ec-ba3dba8407ae},{0dd4d48e-2bbf-452f-a7ec-ba3dba8407ae},Provider,Microsoft-Windows-ActionQueue,1,1
3/27/2018 12:11:28 +00:00,ROOT\ControlSet001\Control\WMI\Autologger\EventLog-Application\{0ff1c24b-7f05-45c0-abdc-3c8521be4f62},{0ff1c24b-7f05-45c0-abdc-3c8521be4f62},Provider,Microsoft-Windows-Mobile-Broadband-Experience-SmsApi,1,1
3/27/2018 12:11:28 +00:00,ROOT\ControlSet001\Control\WMI\Autologger\EventLog-Application\{10a208dd-a372-421c-9d99-4fad6db68b62},{10a208dd-a372-421c-9d99-4fad6db68b62},Provider,Microsoft-Windows-ApplicabilityEngine,1,1
3/27/2018 12:11:28 +00:00,ROOT\ControlSet001\Control\WMI\Autologger\EventLog-Application\{1139c61b-b549-4251-8ed3-27250a1edec8},{1139c61b-b549-4251-8ed3-27250a1edec8},Provider,Microsoft-Windows-RemoteDesktopServices-RdpCoreTS,1,1
3/27/2018 12:11:28 +00:00,ROOT\ControlSet001\Control\WMI\Autologger\EventLog-Application\{11a75546-3234-465e-bec8-2d301cb501ac},{11a75546-3234-465e-bec8-2d301cb501ac},Provider,Microsoft-Windows-WindowsSystemAssessmentTool,1,1
3/27/2018 12:11:28 +00:00,ROOT\ControlSet001\Control\WMI\Autologger\EventLog-Application\{126cdb97-d346-4894-8a34-658da5eea1b6},{126cdb97-d346-4894-8a34-658da5eea1b6},Provider,Microsoft-Windows-System-Restore,1,1
3/27/2018 12:11:28 +00:00,ROOT\ControlSet001\Control\WMI\Autologger\EventLog-Application\{134ea407-755d-4a93-b8a6-f290cd155023},{134ea407-755d-4a93-b8a6-f290cd155023},Provider,Microsoft-Windows-HomeGroup-ControlPanel,1,1
3/27/2018 12:11:28 +00:00,ROOT\ControlSet001\Control\WMI\Autologger\EventLog-Application\{13bc4371-4e21-4e46-a84f-8c0ffb548ced},{13bc4371-4e21-4e46-a84f-8c0ffb548ced},Provider,Microsoft-Windows-DataIntegrityScan,1,1
3/27/2018 12:11:28 +00:00,ROOT\ControlSet001\Control\WMI\Autologger\EventLog-Application\{1418ef04-b0b4-4623-bf7e-d74ab47bbdaa},{1418ef04-b0b4-4623-bf7e-d74ab47bbdaa},Provider,Microsoft-Windows-WMI-Activity,1,1
3/27/2018 12:11:28 +00:00,ROOT\ControlSet001\Control\WMI\Autologger\EventLog-Application\{15a7a4f8-0072-4eab-abad-f98a4d666aed},{15a7a4f8-0072-4eab-abad-f98a4d666aed},Provider,Microsoft-Windows-Dhcp-Client,1,1
3/27/2018 12:11:28 +00:00,ROOT\ControlSet001\Control\WMI\Autologger\EventLog-Application\{1b8b402d-78dc-46fb-bf71-46e64aedf165},{1b8b402d-78dc-46fb-bf71-46e64aedf165},Provider,Microsoft-Windows-RemoteApp and Desktop Connections,1,1
3/27/2018 12:11:28 +00:00,ROOT\ControlSet001\Control\WMI\Autologger\EventLog-Application\{1bda2ab1-bbc1-4acb-a849-c0ef2b249672},{1bda2ab1-bbc1-4acb-a849-c0ef2b249672},Provider,Microsoft-Windows-Spellchecking-Host,1,1
3/27/2018 12:11:28 +00:00,ROOT\ControlSet001\Control\WMI\Autologger\EventLog-Application\{1db28f2e-8f80-4027-8c5a-a11f7f10f62d},{1db28f2e-8f80-4027-8c5a-a11f7f10f62d},Provider,Microsoft-Windows-Backup,1,1
3/27/2018 12:11:28 +00:00,ROOT\ControlSet001\Control\WMI\Autologger\EventLog-Application\{1ed6976a-4171-4764-b415-7ea08bc46c51},{1ed6976a-4171-4764-b415-7ea08bc46c51},Provider,Unmapped GUID: {1ed6976a-4171-4764-b415-7ea08bc46c51},1,1
3/27/2018 12:11:28 +00:00,ROOT\ControlSet001\Control\WMI\Autologger\EventLog-Application\{1edeee53-0afe-4609-b846-d8c0b2075b1f},{1edeee53-0afe-4609-b846-d8c0b2075b1f},Provider,Microsoft-Windows-WMI,1,1
3/27/2018 12:11:28 +00:00,ROOT\ControlSet001\Control\WMI\Autologger\EventLog-Application\{21d79db0-8e03-41cd-9589-f3ef7001a92a},{21d79db0-8e03-41cd-9589-f3ef7001a92a},Provider,Unmapped GUID: {21d79db0-8e03-41cd-9589-f3ef7001a92a},1,1
3/27/2018 12:11:28 +00:00,ROOT\ControlSet001\Control\WMI\Autologger\EventLog-Application\{23b8d46b-67dd-40a3-b636-d43e50552c6d},{23b8d46b-67dd-40a3-b636-d43e50552c6d},Provider,Microsoft-Windows-User Device Registration,1,1
3/27/2018 12:11:28 +00:00,ROOT\ControlSet001\Control\WMI\Autologger\EventLog-Application\{27a8c1e2-eb19-463e-8424-b399df27a216},{27a8c1e2-eb19-463e-8424-b399df27a216},Provider,Microsoft-Windows-TerminalServices-PnPDevices,1,1
3/27/2018 12:11:28 +00:00,ROOT\ControlSet001\Control\WMI\Autologger\EventLog-Application\{287d59b6-79ba-4741-a08b-2fedeede6435},{287d59b6-79ba-4741-a08b-2fedeede6435},Provider,Microsoft-Windows-EDP-Audit-TCB,1,1
3/27/2018 12:11:28 +00:00,ROOT\ControlSet001\Control\WMI\Autologger\EventLog-Application\{28aa95bb-d444-4719-a36f-40462168127e},{28aa95bb-d444-4719-a36f-40462168127e},Provider,Microsoft-Windows-TerminalServices-ClientActiveXCore,1,1
3/27/2018 12:11:28 +00:00,ROOT\ControlSet001\Control\WMI\Autologger\EventLog-Application\{28e25b07-c47f-473d-8b24-2e171cca808a},{28e25b07-c47f-473d-8b24-2e171cca808a},Provider,Microsoft-Windows-Mobile-Broadband-Experience-Parser-Task,1,1
3/27/2018 12:11:28 +00:00,ROOT\ControlSet001\Control\WMI\Autologger\EventLog-Application\{2a45d52e-bbf3-4843-8e18-b356ed5f6a65},{2a45d52e-bbf3-4843-8e18-b356ed5f6a65},Provider,Microsoft-Windows-IPMIProvider,1,1
3/27/2018 12:11:28 +00:00,ROOT\ControlSet001\Control\WMI\Autologger\EventLog-Application\{2a576b87-09a7-520e-c21a-4942f0271d67},{2a576b87-09a7-520e-c21a-4942f0271d67},Provider,Unmapped GUID: {2a576b87-09a7-520e-c21a-4942f0271d67},1,1
3/27/2018 12:11:28 +00:00,ROOT\ControlSet001\Control\WMI\Autologger\EventLog-Application\{2cd58181-0bb6-463e-828a-056ff837f966},{2cd58181-0bb6-463e-828a-056ff837f966},Provider,Microsoft-Windows-Security-EnterpriseData-FileRevocationManager,1,1
3/27/2018 12:11:28 +00:00,ROOT\ControlSet001\Control\WMI\Autologger\EventLog-Application\{2d318b91-e6e7-4c46-bd04-bfe6db412cf9},{2d318b91-e6e7-4c46-bd04-bfe6db412cf9},Provider,Microsoft-Windows-TZUtil,1,1
3/27/2018 12:11:28 +00:00,ROOT\ControlSet001\Control\WMI\Autologger\EventLog-Application\{2ed299d2-2f6b-411d-8d15-f4cc6fde0c70},{2ed299d2-2f6b-411d-8d15-f4cc6fde0c70},Provider,Microsoft-Windows-AllJoyn,1,1
3/27/2018 12:11:28 +00:00,ROOT\ControlSet001\Control\WMI\Autologger\EventLog-Application\{2f94e1cc-a8c5-4fe7-a1c3-53d7bda8e73e},{2f94e1cc-a8c5-4fe7-a1c3-53d7bda8e73e},Provider,Unmapped GUID: {2f94e1cc-a8c5-4fe7-a1c3-53d7bda8e73e},1,1
3/27/2018 12:11:28 +00:00,ROOT\ControlSet001\Control\WMI\Autologger\EventLog-Application\{30336ed4-e327-447c-9de0-51b652c86108},{30336ed4-e327-447c-9de0-51b652c86108},Provider,Microsoft-Windows-Shell-Core,1,1
3/27/2018 12:11:28 +00:00,ROOT\ControlSet001\Control\WMI\Autologger\EventLog-Application\{314de49f-ce63-4779-ba2b-d616f6963a88},{314de49f-ce63-4779-ba2b-d616f6963a88},Provider,Microsoft-Windows-NCSI,1,1
3/27/2018 12:11:28 +00:00,ROOT\ControlSet001\Control\WMI\Autologger\EventLog-Application\{315a8872-923e-4ea2-9889-33cd4754bf64},{315a8872-923e-4ea2-9889-33cd4754bf64},Provider,Microsoft-Windows-Immersive-Shell,1,1
3/27/2018 12:11:28 +00:00,ROOT\ControlSet001\Control\WMI\Autologger\EventLog-Application\{319122a9-1485-4e48-af35-7db2d93b8ad2},{319122a9-1485-4e48-af35-7db2d93b8ad2},Provider,Microsoft-Windows-User-ControlPanel,1,1
3/27/2018 12:11:28 +00:00,ROOT\ControlSet001\Control\WMI\Autologger\EventLog-Application\{32254f6c-aa33-46f0-a5e3-1cbcc74bf683},{32254f6c-aa33-46f0-a5e3-1cbcc74bf683},Provider,Microsoft-Windows-SMBWitnessClient,1,1
3/27/2018 12:11:28 +00:00,ROOT\ControlSet001\Control\WMI\Autologger\EventLog-Application\{34a3697e-0f10-4e48-af3c-f869b5babebb},{34a3697e-0f10-4e48-af3c-f869b5babebb},Provider,Microsoft-Windows-WorkFolders,1,1
3/27/2018 12:11:28 +00:00,ROOT\ControlSet001\Control\WMI\Autologger\EventLog-Application\{3527cb55-1298-49d4-ab94-1243db0fcaff},{3527cb55-1298-49d4-ab94-1243db0fcaff},Provider,Microsoft-Windows-TZSync,1,1
3/27/2018 12:11:28 +00:00,ROOT\ControlSet001\Control\WMI\Autologger\EventLog-Application\{3663a992-84be-40ea-bba9-90c7ed544222},{3663a992-84be-40ea-bba9-90c7ed544222},Provider,Microsoft-Windows-EFS,1,1
3/27/2018 12:11:28 +00:00,ROOT\ControlSet001\Control\WMI\Autologger\EventLog-Application\{36c23e18-0e66-11d9-bbeb-505054503030},{36c23e18-0e66-11d9-bbeb-505054503030},Provider,Microsoft-Windows-Diagnostics-Networking,1,1
3/27/2018 12:11:28 +00:00,ROOT\ControlSet001\Control\WMI\Autologger\EventLog-Application\{3a5bef13-d0f7-4e7f-9ec8-5e707df711d0},{3a5bef13-d0f7-4e7f-9ec8-5e707df711d0},Provider,Microsoft-Windows-Mprddm,1,1
3/27/2018 12:11:28 +00:00,ROOT\ControlSet001\Control\WMI\Autologger\EventLog-Application\{3a718a68-6974-4075-abd3-e8243caef398},{3a718a68-6974-4075-abd3-e8243caef398},Provider,Unmapped GUID: {3a718a68-6974-4075-abd3-e8243caef398},1,1
3/27/2018 12:11:28 +00:00,ROOT\ControlSet001\Control\WMI\Autologger\EventLog-Application\{3aa52b8b-6357-4c18-a92e-b53fb177853b},{3aa52b8b-6357-4c18-a92e-b53fb177853b},Provider,Microsoft-Windows-International,1,1
3/27/2018 12:11:28 +00:00,ROOT\ControlSet001\Control\WMI\Autologger\EventLog-Application\{3ae1ea61-c002-47fb-b06c-4022a8c98929},{3ae1ea61-c002-47fb-b06c-4022a8c98929},Provider,Unmapped GUID: {3ae1ea61-c002-47fb-b06c-4022a8c98929},1,1
3/27/2018 12:11:28 +00:00,ROOT\ControlSet001\Control\WMI\Autologger\EventLog-Application\{3c088e51-65be-40d1-9b90-62bfec076737},{3c088e51-65be-40d1-9b90-62bfec076737},Provider,Microsoft-Windows-VPN-Client,1,1
3/27/2018 12:11:28 +00:00,ROOT\ControlSet001\Control\WMI\Autologger\EventLog-Application\{3cb40aaa-1145-4fb8-b27b-7e30f0454316},{3cb40aaa-1145-4fb8-b27b-7e30f0454316},Provider,Microsoft-Windows-WWAN-SVC-EVENTS,1,1
3/27/2018 12:11:28 +00:00,ROOT\ControlSet001\Control\WMI\Autologger\EventLog-Application\{3cc2d4af-da5e-4ed4-bcbe-3cf995940483},{3cc2d4af-da5e-4ed4-bcbe-3cf995940483},Provider,Microsoft-Windows-DirectShow-KernelSupport,1,1
3/27/2018 12:11:28 +00:00,ROOT\ControlSet001\Control\WMI\Autologger\EventLog-Application\{3d42a67d-9ce8-4284-b755-2550672b0ce0},{3d42a67d-9ce8-4284-b755-2550672b0ce0},Provider,Microsoft-Windows-EapMethods-Sim,1,1
3/27/2018 12:11:28 +00:00,ROOT\ControlSet001\Control\WMI\Autologger\EventLog-Application\{3da494e4-0fe2-415c-b895-fb5265c5c83b},{3da494e4-0fe2-415c-b895-fb5265c5c83b},Provider,Unmapped GUID: {3da494e4-0fe2-415c-b895-fb5265c5c83b},1,1
3/27/2018 12:11:28 +00:00,ROOT\ControlSet001\Control\WMI\Autologger\EventLog-Application\{3f471139-acb7-4a01-b7a7-ff5da4ba2d43},{3f471139-acb7-4a01-b7a7-ff5da4ba2d43},Provider,Microsoft-Windows-AppXDeployment-Server,1,1
3/27/2018 12:11:28 +00:00,ROOT\ControlSet001\Control\WMI\Autologger\EventLog-Application\{40ab57c2-1c53-4df9-9324-ff7cf898a02c},{40ab57c2-1c53-4df9-9324-ff7cf898a02c},Provider,Microsoft-Windows-Diagnosis-Scheduled,1,1
3/27/2018 12:11:28 +00:00,ROOT\ControlSet001\Control\WMI\Autologger\EventLog-Application\{41862974-da3b-4f0b-97d5-bb29fbb9b71e},{41862974-da3b-4f0b-97d5-bb29fbb9b71e},Provider,Microsoft-OneCore-OnlineSetup,1,1
3/27/2018 12:11:28 +00:00,ROOT\ControlSet001\Control\WMI\Autologger\EventLog-Application\{442c11c5-304b-45a4-ae73-dc2194c4e876},{442c11c5-304b-45a4-ae73-dc2194c4e876},Provider,Microsoft-Windows-Compat-Appraiser,1,1
3/27/2018 12:11:28 +00:00,ROOT\ControlSet001\Control\WMI\Autologger\EventLog-Application\{46098845-8a94-442d-9095-366a6bcfefa9},{46098845-8a94-442d-9095-366a6bcfefa9},Provider,Microsoft-Windows-WLGPA,1,1
3/27/2018 12:11:28 +00:00,ROOT\ControlSet001\Control\WMI\Autologger\EventLog-Application\{4a104570-ec6d-4560-a40f-858fa955e84f},{4a104570-ec6d-4560-a40f-858fa955e84f},Provider,Microsoft-Windows-Storage-Tiering,1,1
3/27/2018 12:11:28 +00:00,ROOT\ControlSet001\Control\WMI\Autologger\EventLog-Application\{4a933674-fb3d-4e8d-b01d-17ee14e91a3e},{4a933674-fb3d-4e8d-b01d-17ee14e91a3e},Provider,Microsoft-Windows-BranchCacheSMB,1,1
3/27/2018 12:11:28 +00:00,ROOT\ControlSet001\Control\WMI\Autologger\EventLog-Application\{4cb314df-c11f-47d7-9c04-65fb0051561b},{4cb314df-c11f-47d7-9c04-65fb0051561b},Provider,Microsoft-Windows-Program-Compatibility-Assistant,1,1
3/27/2018 12:11:28 +00:00,ROOT\ControlSet001\Control\WMI\Autologger\EventLog-Application\{4de9bc9c-b27a-43c9-8994-0915f1a5e24f},{4de9bc9c-b27a-43c9-8994-0915f1a5e24f},Provider,Microsoft-Windows-AAD,1,1
3/27/2018 12:11:28 +00:00,ROOT\ControlSet001\Control\WMI\Autologger\EventLog-Application\{4eacb4d0-263b-4b93-8cd6-778a278e5642},{4eacb4d0-263b-4b93-8cd6-778a278e5642},Provider,Microsoft-Windows-GenericRoaming,1,1
3/27/2018 12:11:28 +00:00,ROOT\ControlSet001\Control\WMI\Autologger\EventLog-Application\{50df9e12-a8c4-4939-b281-47e1325ba63e},{50df9e12-a8c4-4939-b281-47e1325ba63e},Provider,Microsoft-Windows-DSC,1,1
3/27/2018 12:11:28 +00:00,ROOT\ControlSet001\Control\WMI\Autologger\EventLog-Application\{50f99b2d-96d2-421f-be4c-222c4140da9f},{50f99b2d-96d2-421f-be4c-222c4140da9f},Provider,Microsoft-Windows-EDP-Audit-Regular,1,1
3/27/2018 12:11:28 +00:00,ROOT\ControlSet001\Control\WMI\Autologger\EventLog-Application\{530fb9b9-c515-4472-9313-fb346f9255e3},{530fb9b9-c515-4472-9313-fb346f9255e3},Provider,Microsoft-Windows-SetupPlatform,1,1
3/27/2018 12:11:28 +00:00,ROOT\ControlSet001\Control\WMI\Autologger\EventLog-Application\{5402e5ea-1bdd-4390-82be-e108f1e634f5},{5402e5ea-1bdd-4390-82be-e108f1e634f5},Provider,Microsoft-Windows-WinINet-Config,1,1
3/27/2018 12:11:28 +00:00,ROOT\ControlSet001\Control\WMI\Autologger\EventLog-Application\{54164045-7c50-4905-963f-e5bc1eef0cca},{54164045-7c50-4905-963f-e5bc1eef0cca},Provider,Microsoft-Windows-CertificateServicesClient-CertEnroll,1,1
3/27/2018 12:11:28 +00:00,ROOT\ControlSet001\Control\WMI\Autologger\EventLog-Application\{57003e21-269b-4bdc-8434-b3bf8d57d2d5},{57003e21-269b-4bdc-8434-b3bf8d57d2d5},Provider,Unmapped GUID: {57003e21-269b-4bdc-8434-b3bf8d57d2d5},1,1
3/27/2018 12:11:28 +00:00,ROOT\ControlSet001\Control\WMI\Autologger\EventLog-Application\{579402a2-883c-45d8-b70a-9bc856407751},{579402a2-883c-45d8-b70a-9bc856407751},Provider,Unmapped GUID: {579402a2-883c-45d8-b70a-9bc856407751},1,1
3/27/2018 12:11:28 +00:00,ROOT\ControlSet001\Control\WMI\Autologger\EventLog-Application\{58980f4b-bd39-4a3e-b344-492ed2254a4e},{58980f4b-bd39-4a3e-b344-492ed2254a4e},Provider,Microsoft-Windows-EapMethods-RasChap,1,1
3/27/2018 12:11:28 +00:00,ROOT\ControlSet001\Control\WMI\Autologger\EventLog-Application\{595f33ea-d4af-4f4d-b4dd-9dacdd17fc6e},{595f33ea-d4af-4f4d-b4dd-9dacdd17fc6e},Provider,Microsoft-Windows-StorageManagement-WSP-Host,1,1
3/27/2018 12:11:28 +00:00,ROOT\ControlSet001\Control\WMI\Autologger\EventLog-Application\{5b0a651a-8807-45cc-9656-7579815b6af0},{5b0a651a-8807-45cc-9656-7579815b6af0},Provider,Microsoft-Windows-RemoteAssistance,1,1
3/27/2018 12:11:28 +00:00,ROOT\ControlSet001\Control\WMI\Autologger\EventLog-Application\{5b5ab841-7d2e-4a95-bb4f-095cdf66d8f0},{5b5ab841-7d2e-4a95-bb4f-095cdf66d8f0},Provider,Microsoft-Windows-PackageStateRoaming,1,1
3/27/2018 12:11:28 +00:00,ROOT\ControlSet001\Control\WMI\Autologger\EventLog-Application\{5bbca4a8-b209-48dc-a8c7-b23d3e5216fb},{5bbca4a8-b209-48dc-a8c7-b23d3e5216fb},Provider,Microsoft-Windows-CAPI2,1,1
3/27/2018 12:11:28 +00:00,ROOT\ControlSet001\Control\WMI\Autologger\EventLog-Application\{5d674230-ca9f-11da-a94d-0800200c9a66},{5d674230-ca9f-11da-a94d-0800200c9a66},Provider,Microsoft-Windows-BitLocker-API,1,1
3/27/2018 12:11:28 +00:00,ROOT\ControlSet001\Control\WMI\Autologger\EventLog-Application\{5d896912-022d-40aa-a3a8-4fa5515c76d7},{5d896912-022d-40aa-a3a8-4fa5515c76d7},Provider,Microsoft-Windows-TerminalServices-LocalSessionManager,1,1
3/27/2018 12:11:28 +00:00,ROOT\ControlSet001\Control\WMI\Autologger\EventLog-Application\{5ec13d8e-4b3f-422e-a7e7-3121a1d90c7a},{5ec13d8e-4b3f-422e-a7e7-3121a1d90c7a},Provider,Microsoft-Windows-ApplicationExperienceInfrastructure,1,1
3/27/2018 12:11:28 +00:00,ROOT\ControlSet001\Control\WMI\Autologger\EventLog-Application\{5f0e257f-c224-43e5-9555-2adcb8540a58},{5f0e257f-c224-43e5-9555-2adcb8540a58},Provider,Microsoft-Windows-Immersive-Shell-API,1,1
3/27/2018 12:11:28 +00:00,ROOT\ControlSet001\Control\WMI\Autologger\EventLog-Application\{63b530f8-29c9-4880-a5b4-b8179096e7b8},{63b530f8-29c9-4880-a5b4-b8179096e7b8},Provider,Microsoft-Windows-NlaSvc,1,1
3/27/2018 12:11:28 +00:00,ROOT\ControlSet001\Control\WMI\Autologger\EventLog-Application\{63d2bb1d-e39a-41b8-9a3d-52dd06677588},{63d2bb1d-e39a-41b8-9a3d-52dd06677588},Provider,Microsoft-Windows-Shell-AuthUI,1,1
3/27/2018 12:11:28 +00:00,ROOT\ControlSet001\Control\WMI\Autologger\EventLog-Application\{6489b27f-7c43-5886-1d00-0a61bb2a375b},{6489b27f-7c43-5886-1d00-0a61bb2a375b},Provider,Unmapped GUID: {6489b27f-7c43-5886-1d00-0a61bb2a375b},1,1
3/27/2018 12:11:28 +00:00,ROOT\ControlSet001\Control\WMI\Autologger\EventLog-Application\{64a98c25-9e00-404e-84ad-6700dfe02529},{64a98c25-9e00-404e-84ad-6700dfe02529},Provider,Unmapped GUID: {64a98c25-9e00-404e-84ad-6700dfe02529},1,1
3/27/2018 12:11:28 +00:00,ROOT\ControlSet001\Control\WMI\Autologger\EventLog-Application\{64ef2b1c-4ae1-4e64-8599-1636e441ec88},{64ef2b1c-4ae1-4e64-8599-1636e441ec88},Provider,Microsoft-Windows-Devices-Background,1,1
3/27/2018 12:11:28 +00:00,ROOT\ControlSet001\Control\WMI\Autologger\EventLog-Application\{66a5c15c-4f8e-4044-bf6e-71d896038977},{66a5c15c-4f8e-4044-bf6e-71d896038977},Provider,Microsoft-Windows-Iphlpsvc,1,1
3/27/2018 12:11:28 +00:00,ROOT\ControlSet001\Control\WMI\Autologger\EventLog-Application\{67d07935-283a-4791-8f8d-fa9117f3e6f2},{67d07935-283a-4791-8f8d-fa9117f3e6f2},Provider,Microsoft-Windows-Wcmsvc,1,1
3/27/2018 12:11:28 +00:00,ROOT\ControlSet001\Control\WMI\Autologger\EventLog-Application\{699e309c-e782-4400-98c8-e21d162d7b7b},{699e309c-e782-4400-98c8-e21d162d7b7b},Provider,Microsoft-Windows-Forwarding,1,1
3/27/2018 12:11:28 +00:00,ROOT\ControlSet001\Control\WMI\Autologger\EventLog-Application\{69c8ca7e-1adf-472b-ba4c-a0485986b9f6},{69c8ca7e-1adf-472b-ba4c-a0485986b9f6},Provider,Microsoft-Windows-StorageSpaces-SpaceManager,1,1
3/27/2018 12:11:28 +00:00,ROOT\ControlSet001\Control\WMI\Autologger\EventLog-Application\{6a1f2b00-6a90-4c38-95a5-5cab3b056778},{6a1f2b00-6a90-4c38-95a5-5cab3b056778},Provider,Microsoft-Windows-DHCPv6-Client,1,1
3/27/2018 12:11:28 +00:00,ROOT\ControlSet001\Control\WMI\Autologger\EventLog-Application\{6b1ffe48-5b1e-4793-9f7f-ae926454499d},{6b1ffe48-5b1e-4793-9f7f-ae926454499d},Provider,Microsoft-Windows-DiskDiagnosticResolver,1,1
3/27/2018 12:11:28 +00:00,ROOT\ControlSet001\Control\WMI\Autologger\EventLog-Application\{6d7662a9-034e-4b1f-a167-67819c401632},{6d7662a9-034e-4b1f-a167-67819c401632},Provider,Microsoft-Windows-IdCtrls,1,1
3/27/2018 12:11:28 +00:00,ROOT\ControlSet001\Control\WMI\Autologger\EventLog-Application\{6d8a3a60-40af-445a-98ca-99359e500146},{6d8a3a60-40af-445a-98ca-99359e500146},Provider,Microsoft-Windows-ApplicationExperience-Cache,1,1
3/27/2018 12:11:28 +00:00,ROOT\ControlSet001\Control\WMI\Autologger\EventLog-Application\{6df57621-e7e4-410f-a7e9-e43eeb61b11f},{6df57621-e7e4-410f-a7e9-e43eeb61b11f},Provider,Microsoft-Windows-Shell-ConnectedAccountState,1,1
3/27/2018 12:11:28 +00:00,ROOT\ControlSet001\Control\WMI\Autologger\EventLog-Application\{6e400999-5b82-475f-b800-cef6fe361539},{6e400999-5b82-475f-b800-cef6fe361539},Provider,Microsoft-Windows-TerminalServices-ClientUSBDevices,1,1
3/27/2018 12:11:28 +00:00,ROOT\ControlSet001\Control\WMI\Autologger\EventLog-Application\{6eb8db94-fe96-443f-a366-5fe0cee7fb1c},{6eb8db94-fe96-443f-a366-5fe0cee7fb1c},Provider,Microsoft-Windows-EapHost,1,1
3/27/2018 12:11:28 +00:00,ROOT\ControlSet001\Control\WMI\Autologger\EventLog-Application\{712abb2d-d806-4b42-9682-26da01d8b307},{712abb2d-d806-4b42-9682-26da01d8b307},Provider,Microsoft-Windows-Video-For-Windows,1,1
3/27/2018 12:11:28 +00:00,ROOT\ControlSet001\Control\WMI\Autologger\EventLog-Application\{72561cf0-c85c-4f78-9e8d-cba9093df62d},{72561cf0-c85c-4f78-9e8d-cba9093df62d},Provider,Unmapped GUID: {72561cf0-c85c-4f78-9e8d-cba9093df62d},1,1
3/27/2018 12:11:28 +00:00,ROOT\ControlSet001\Control\WMI\Autologger\EventLog-Application\{728b02d9-bf21-49f6-be3f-91bc06f7467e},{728b02d9-bf21-49f6-be3f-91bc06f7467e},Provider,Unmapped GUID: {728b02d9-bf21-49f6-be3f-91bc06f7467e},1,1
3/27/2018 12:11:28 +00:00,ROOT\ControlSet001\Control\WMI\Autologger\EventLog-Application\{72d211e1-4c54-4a93-9520-4901681b2271},{72d211e1-4c54-4a93-9520-4901681b2271},Provider,Microsoft-Windows-PerfProc,1,1
3/27/2018 12:11:28 +00:00,ROOT\ControlSet001\Control\WMI\Autologger\EventLog-Application\{73370bd6-85e5-430b-b60a-fea1285808a7},{73370bd6-85e5-430b-b60a-fea1285808a7},Provider,Microsoft-Windows-CertificateServicesClient,1,1
3/27/2018 12:11:28 +00:00,ROOT\ControlSet001\Control\WMI\Autologger\EventLog-Application\{741bb90c-a7a3-49d6-bd82-1e6b858403f7},{741bb90c-a7a3-49d6-bd82-1e6b858403f7},Provider,Unmapped GUID: {741bb90c-a7a3-49d6-bd82-1e6b858403f7},1,1
3/27/2018 12:11:28 +00:00,ROOT\ControlSet001\Control\WMI\Autologger\EventLog-Application\{741fc222-44ed-4ba7-98e3-f405b2d2c4b4},{741fc222-44ed-4ba7-98e3-f405b2d2c4b4},Provider,Microsoft-Windows-DateTimeControlPanel,1,1
3/27/2018 12:11:28 +00:00,ROOT\ControlSet001\Control\WMI\Autologger\EventLog-Application\{747ef6fd-e535-4d16-b510-42c90f6873a1},{747ef6fd-e535-4d16-b510-42c90f6873a1},Provider,Microsoft-Windows-PrintService,1,1
3/27/2018 12:11:28 +00:00,ROOT\ControlSet001\Control\WMI\Autologger\EventLog-Application\{75ebc33e-0870-49e5-bdce-9d7028279489},{75ebc33e-0870-49e5-bdce-9d7028279489},Provider,Microsoft-Windows-SetupUGC,1,1
3/27/2018 12:11:28 +00:00,ROOT\ControlSet001\Control\WMI\Autologger\EventLog-Application\{75ebc33e-0936-4a55-9d26-5f298f3180bf},{75ebc33e-0936-4a55-9d26-5f298f3180bf},Provider,Microsoft-Windows-Audit,1,1
3/27/2018 12:11:28 +00:00,ROOT\ControlSet001\Control\WMI\Autologger\EventLog-Application\{75ebc33e-0cc6-49da-8cd9-8903a5222aa0},{75ebc33e-0cc6-49da-8cd9-8903a5222aa0},Provider,Microsoft-Windows-CmiSetup,1,1
3/27/2018 12:11:28 +00:00,ROOT\ControlSet001\Control\WMI\Autologger\EventLog-Application\{75ebc33e-77b8-4ba8-9474-4f4a9db2f5c6},{75ebc33e-77b8-4ba8-9474-4f4a9db2f5c6},Provider,Microsoft-Windows-Sysprep,1,1
3/27/2018 12:11:28 +00:00,ROOT\ControlSet001\Control\WMI\Autologger\EventLog-Application\{75ebc33e-8670-4eb6-b535-3b9d6bb222fd},{75ebc33e-8670-4eb6-b535-3b9d6bb222fd},Provider,Microsoft-Windows-OobeLdr,1,1
3/27/2018 12:11:28 +00:00,ROOT\ControlSet001\Control\WMI\Autologger\EventLog-Application\{75ebc33e-997f-49cf-b49f-ecc50184b75d},{75ebc33e-997f-49cf-b49f-ecc50184b75d},Provider,Microsoft-Windows-Setup,1,1
3/27/2018 12:11:28 +00:00,ROOT\ControlSet001\Control\WMI\Autologger\EventLog-Application\{75ebc33e-c8ae-4f93-9ca1-683a53e20cb6},{75ebc33e-c8ae-4f93-9ca1-683a53e20cb6},Provider,Microsoft-Windows-Windeploy,1,1
3/27/2018 12:11:28 +00:00,ROOT\ControlSet001\Control\WMI\Autologger\EventLog-Application\{76ab12d5-c986-4e60-9d7c-2a092b284cdd},{76ab12d5-c986-4e60-9d7c-2a092b284cdd},Provider,Microsoft-Windows-Workplace Join,1,1
3/27/2018 12:11:28 +00:00,ROOT\ControlSet001\Control\WMI\Autologger\EventLog-Application\{770ca594-b467-4811-b355-28f5e5706987},{770ca594-b467-4811-b355-28f5e5706987},Provider,Microsoft-Windows-ApplicationResourceManagementSystem,1,1
3/27/2018 12:11:28 +00:00,ROOT\ControlSet001\Control\WMI\Autologger\EventLog-Application\{777ba8fe-2498-4875-933a-3067de883070},{777ba8fe-2498-4875-933a-3067de883070},Provider,Microsoft-Windows-XWizards,1,1
3/27/2018 12:11:28 +00:00,ROOT\ControlSet001\Control\WMI\Autologger\EventLog-Application\{7d29d58a-931a-40ac-8743-48c733045548},{7d29d58a-931a-40ac-8743-48c733045548},Provider,Microsoft-Windows-SoftwareRestrictionPolicies,1,1
3/27/2018 12:11:28 +00:00,ROOT\ControlSet001\Control\WMI\Autologger\EventLog-Application\{7d7b0c39-93f6-4100-bd96-4dda859652c5},{7d7b0c39-93f6-4100-bd96-4dda859652c5},Provider,Microsoft-Windows-Folder Redirection,1,1
3/27/2018 12:11:28 +00:00,ROOT\ControlSet001\Control\WMI\Autologger\EventLog-Application\{7e58e69a-e361-4f06-b880-ad2f4b64c944},{7e58e69a-e361-4f06-b880-ad2f4b64c944},Provider,Microsoft-Windows-StorageManagement,1,1
3/27/2018 12:11:28 +00:00,ROOT\ControlSet001\Control\WMI\Autologger\EventLog-Application\{7e87506f-bace-4bf1-bc09-3a1f37045c71},{7e87506f-bace-4bf1-bc09-3a1f37045c71},Provider,Microsoft-Windows-DAL-Provider,1,1
3/27/2018 12:11:28 +00:00,ROOT\ControlSet001\Control\WMI\Autologger\EventLog-Application\{7eafcf79-06a7-460b-8a55-bd0a0c9248aa},{7eafcf79-06a7-460b-8a55-bd0a0c9248aa},Provider,Microsoft-Windows-BranchCache,1,1
3/27/2018 12:11:28 +00:00,ROOT\ControlSet001\Control\WMI\Autologger\EventLog-Application\{8127f6d4-59f9-4abf-8952-3e3a02073d5f},{8127f6d4-59f9-4abf-8952-3e3a02073d5f},Provider,Microsoft-Windows-AppXDeployment,1,1
3/27/2018 12:11:28 +00:00,ROOT\ControlSet001\Control\WMI\Autologger\EventLog-Application\{83d6e83b-900b-48a3-9835-57656b6f6474},{83d6e83b-900b-48a3-9835-57656b6f6474},Provider,Microsoft-Windows-SettingSync,1,1
3/27/2018 12:11:28 +00:00,ROOT\ControlSet001\Control\WMI\Autologger\EventLog-Application\{8530db6e-51c0-43d6-9d02-a8c2088526cd},{8530db6e-51c0-43d6-9d02-a8c2088526cd},Provider,Microsoft-Windows-AssignedAccess,1,1
3/27/2018 12:11:28 +00:00,ROOT\ControlSet001\Control\WMI\Autologger\EventLog-Application\{85a62a0d-7e17-485f-9d4f-749a287193a6},{85a62a0d-7e17-485f-9d4f-749a287193a6},Provider,Unmapped GUID: {85a62a0d-7e17-485f-9d4f-749a287193a6},1,1
3/27/2018 12:11:28 +00:00,ROOT\ControlSet001\Control\WMI\Autologger\EventLog-Application\{85be49ea-38f1-4547-a604-80060202fb27},{85be49ea-38f1-4547-a604-80060202fb27},Provider,Microsoft-Windows-PerceptionSensorDataService,1,1
3/27/2018 12:11:28 +00:00,ROOT\ControlSet001\Control\WMI\Autologger\EventLog-Application\{85fe7609-ff4a-48e9-9d50-12918e43e1da},{85fe7609-ff4a-48e9-9d50-12918e43e1da},Provider,Microsoft-Windows-L2NACP,1,1
3/27/2018 12:11:28 +00:00,ROOT\ControlSet001\Control\WMI\Autologger\EventLog-Application\{88c09888-118d-48fc-8863-e1c6d39ca4df},{88c09888-118d-48fc-8863-e1c6d39ca4df},Provider,Microsoft-Windows-StorageManagement-WSP-Spaces,1,1
3/27/2018 12:11:28 +00:00,ROOT\ControlSet001\Control\WMI\Autologger\EventLog-Application\{88cd9180-4491-4640-b571-e3bee2527943},{88cd9180-4491-4640-b571-e3bee2527943},Provider,Microsoft-Windows-PushNotifications-Platform,1,1
3/27/2018 12:11:28 +00:00,ROOT\ControlSet001\Control\WMI\Autologger\EventLog-Application\{8939299f-2315-4c5c-9b91-abb86aa0627d},{8939299f-2315-4c5c-9b91-abb86aa0627d},Provider,Microsoft-Windows-KnownFolders,1,1
3/27/2018 12:11:28 +00:00,ROOT\ControlSet001\Control\WMI\Autologger\EventLog-Application\{89592015-d996-4636-8f61-066b5d4dd739},{89592015-d996-4636-8f61-066b5d4dd739},Provider,Microsoft-Windows-StateRepository,1,1
3/27/2018 12:11:28 +00:00,ROOT\ControlSet001\Control\WMI\Autologger\EventLog-Application\{89a2278b-c662-4aff-a06c-46ad3f220bca},{89a2278b-c662-4aff-a06c-46ad3f220bca},Provider,Microsoft-Windows-CertificateServicesClient-CredentialRoaming,1,1
3/27/2018 12:11:28 +00:00,ROOT\ControlSet001\Control\WMI\Autologger\EventLog-Application\{89b1e9f0-5aff-44a6-9b44-0a07a7ce5845},{89b1e9f0-5aff-44a6-9b44-0a07a7ce5845},Provider,Microsoft-Windows-User Profiles Service,1,1
3/27/2018 12:11:28 +00:00,ROOT\ControlSet001\Control\WMI\Autologger\EventLog-Application\{8bcdf442-3070-4118-8c94-e8843be363b3},{8bcdf442-3070-4118-8c94-e8843be363b3},Provider,Microsoft-Windows-SystemSettingsThreshold,1,1
3/27/2018 12:11:28 +00:00,ROOT\ControlSet001\Control\WMI\Autologger\EventLog-Application\{8ce93926-bdae-4409-9155-2fe4799ef4d3},{8ce93926-bdae-4409-9155-2fe4799ef4d3},Provider,Microsoft-Windows-PrimaryNetworkIcon,1,1
3/27/2018 12:11:28 +00:00,ROOT\ControlSet001\Control\WMI\Autologger\EventLog-Application\{906b8a99-63ce-58d7-86ab-10989bbd5567},{906b8a99-63ce-58d7-86ab-10989bbd5567},Provider,Unmapped GUID: {906b8a99-63ce-58d7-86ab-10989bbd5567},1,1
3/27/2018 12:11:28 +00:00,ROOT\ControlSet001\Control\WMI\Autologger\EventLog-Application\{91f5fb12-fdea-4095-85d5-614b495cd9de},{91f5fb12-fdea-4095-85d5-614b495cd9de},Provider,Microsoft-Windows-Resource-Exhaustion-Resolver,1,1
3/27/2018 12:11:28 +00:00,ROOT\ControlSet001\Control\WMI\Autologger\EventLog-Application\{9213c3e1-0d6c-52dd-78ea-f3b082111406},{9213c3e1-0d6c-52dd-78ea-f3b082111406},Provider,Unmapped GUID: {9213c3e1-0d6c-52dd-78ea-f3b082111406},1,1
3/27/2018 12:11:28 +00:00,ROOT\ControlSet001\Control\WMI\Autologger\EventLog-Application\{9363ccd9-d429-4452-9adb-2501e704b810},{9363ccd9-d429-4452-9adb-2501e704b810},Provider,Microsoft-Windows-Diagnosis-ScriptedDiagnosticsProvider,1,1
3/27/2018 12:11:28 +00:00,ROOT\ControlSet001\Control\WMI\Autologger\EventLog-Application\{93a19ab3-fb2c-46eb-91ef-56b0a318b983},{93a19ab3-fb2c-46eb-91ef-56b0a318b983},Provider,Microsoft-Windows-NetworkProvisioning,1,1
3/27/2018 12:11:28 +00:00,ROOT\ControlSet001\Control\WMI\Autologger\EventLog-Application\{952773bf-c2b7-49bc-88f4-920744b82c43},{952773bf-c2b7-49bc-88f4-920744b82c43},Provider,Microsoft-Windows-TerminalServices-Printers,1,1
3/27/2018 12:11:28 +00:00,ROOT\ControlSet001\Control\WMI\Autologger\EventLog-Application\{95353826-4fbe-41d4-9c42-f521c6e86360},{95353826-4fbe-41d4-9c42-f521c6e86360},Provider,Microsoft-Windows-OfflineFiles,1,1
3/27/2018 12:11:28 +00:00,ROOT\ControlSet001\Control\WMI\Autologger\EventLog-Application\{9580d7dd-0379-4658-9870-d5be7d52d6de},{9580d7dd-0379-4658-9870-d5be7d52d6de},Provider,Microsoft-Windows-WLAN-AutoConfig,1,1
3/27/2018 12:11:28 +00:00,ROOT\ControlSet001\Control\WMI\Autologger\EventLog-Application\{968f313b-097f-4e09-9cdd-bc62692d138b},{968f313b-097f-4e09-9cdd-bc62692d138b},Provider,Microsoft-Windows-DirectShow-Core,1,1
3/27/2018 12:11:28 +00:00,ROOT\ControlSet001\Control\WMI\Autologger\EventLog-Application\{96f4a050-7e31-453c-88be-9634f4e02139},{96f4a050-7e31-453c-88be-9634f4e02139},Provider,Microsoft-Windows-UserPnp,1,1
3/27/2018 12:11:28 +00:00,ROOT\ControlSet001\Control\WMI\Autologger\EventLog-Application\{973143dd-f3c7-4ef5-b156-544ac38c39b6},{973143dd-f3c7-4ef5-b156-544ac38c39b6},Provider,Microsoft-Windows-PerfCtrs,1,1
3/27/2018 12:11:28 +00:00,ROOT\ControlSet001\Control\WMI\Autologger\EventLog-Application\{97ca8142-10b1-4baa-9fbb-70a7d11231c3},{97ca8142-10b1-4baa-9fbb-70a7d11231c3},Provider,Unmapped GUID: {97ca8142-10b1-4baa-9fbb-70a7d11231c3},1,1
3/27/2018 12:11:28 +00:00,ROOT\ControlSet001\Control\WMI\Autologger\EventLog-Application\{9803daa0-81ba-483a-986c-f0e395b9f8d1},{9803daa0-81ba-483a-986c-f0e395b9f8d1},Provider,Unmapped GUID: {9803daa0-81ba-483a-986c-f0e395b9f8d1},1,1
3/27/2018 12:11:28 +00:00,ROOT\ControlSet001\Control\WMI\Autologger\EventLog-Application\{98bf1cd3-583e-4926-95ee-a61bf3f46470},{98bf1cd3-583e-4926-95ee-a61bf3f46470},Provider,Microsoft-Windows-CertificationAuthorityClient-CertCli,1,1
3/27/2018 12:11:28 +00:00,ROOT\ControlSet001\Control\WMI\Autologger\EventLog-Application\{98e0765d-8c42-44a3-a57b-760d7f93225a},{98e0765d-8c42-44a3-a57b-760d7f93225a},Provider,Microsoft-Windows-AppHost,1,1
3/27/2018 12:11:28 +00:00,ROOT\ControlSet001\Control\WMI\Autologger\EventLog-Application\{9c2a37f3-e5fd-5cae-bcd1-43dafeee1ff0},{9c2a37f3-e5fd-5cae-bcd1-43dafeee1ff0},Provider,Microsoft-Windows-Store,1,1
3/27/2018 12:11:28 +00:00,ROOT\ControlSet001\Control\WMI\Autologger\EventLog-Application\{9cc0413e-5717-4af5-82eb-6103d8707b45},{9cc0413e-5717-4af5-82eb-6103d8707b45},Provider,Microsoft-Windows-EapMethods-RasTls,1,1
3/27/2018 12:11:28 +00:00,ROOT\ControlSet001\Control\WMI\Autologger\EventLog-Application\{9d55b53d-449b-4824-a637-24f9d69aa02f},{9d55b53d-449b-4824-a637-24f9d69aa02f},Provider,Microsoft-Windows-Winsrv,1,1
3/27/2018 12:11:28 +00:00,ROOT\ControlSet001\Control\WMI\Autologger\EventLog-Application\{9f973c1d-d056-4e38-84a5-7be81cdd6ab6},{9f973c1d-d056-4e38-84a5-7be81cdd6ab6},Provider,Microsoft-Windows-SettingSync-Azure,1,1
3/27/2018 12:11:28 +00:00,ROOT\ControlSet001\Control\WMI\Autologger\EventLog-Application\{9fc66dd7-98c7-4b83-8293-46a18439b03b},{9fc66dd7-98c7-4b83-8293-46a18439b03b},Provider,Microsoft-Windows-CloudStorageWizard,1,1
3/27/2018 12:11:28 +00:00,ROOT\ControlSet001\Control\WMI\Autologger\EventLog-Application\{a0c1853b-5c40-4b15-8766-3cf1c58f985a},{a0c1853b-5c40-4b15-8766-3cf1c58f985a},Provider,Microsoft-Windows-PowerShell,1,1
3/27/2018 12:11:28 +00:00,ROOT\ControlSet001\Control\WMI\Autologger\EventLog-Application\{a615acb9-d5a4-4738-b561-1df301d207f8},{a615acb9-d5a4-4738-b561-1df301d207f8},Provider,Microsoft-Windows-SetupQueue,1,1
3/27/2018 12:11:28 +00:00,ROOT\ControlSet001\Control\WMI\Autologger\EventLog-Application\{a7975c8f-ac13-49f1-87da-5a984a4ab417},{a7975c8f-ac13-49f1-87da-5a984a4ab417},Provider,Microsoft-Windows-WinRM,1,1
3/27/2018 12:11:28 +00:00,ROOT\ControlSet001\Control\WMI\Autologger\EventLog-Application\{a83fa99f-c356-4ded-9fd6-5a5eb8546d68},{a83fa99f-c356-4ded-9fd6-5a5eb8546d68},Provider,Application-Addon-Event-Provider,1,1
3/27/2018 12:11:28 +00:00,ROOT\ControlSet001\Control\WMI\Autologger\EventLog-Application\{a9c11050-9e93-4fa4-8fe0-7c4750a345b2},{a9c11050-9e93-4fa4-8fe0-7c4750a345b2},Provider,Microsoft-Windows-CoreSystem-SmsRouter,1,1
3/27/2018 12:11:28 +00:00,ROOT\ControlSet001\Control\WMI\Autologger\EventLog-Application\{aa4c798d-d91b-4b07-a013-787f5803d6fc},{aa4c798d-d91b-4b07-a013-787f5803d6fc},Provider,Microsoft-Windows-StorageSpaces-ManagementAgent,1,1
3/27/2018 12:11:28 +00:00,ROOT\ControlSet001\Control\WMI\Autologger\EventLog-Application\{aabf8b86-7936-4fa2-acb0-63127f879dbf},{aabf8b86-7936-4fa2-acb0-63127f879dbf},Provider,Microsoft-Windows-Diagnosis-PCW,1,1
3/27/2018 12:11:28 +00:00,ROOT\ControlSet001\Control\WMI\Autologger\EventLog-Application\{aaeac398-3028-487c-9586-44eacad03637},{aaeac398-3028-487c-9586-44eacad03637},Provider,Microsoft-Windows-SmartCard-DeviceEnum,1,1
3/27/2018 12:11:28 +00:00,ROOT\ControlSet001\Control\WMI\Autologger\EventLog-Application\{aaf67066-0bf8-469f-ab76-275590c434ee},{aaf67066-0bf8-469f-ab76-275590c434ee},Provider,Unmapped GUID: {aaf67066-0bf8-469f-ab76-275590c434ee},1,1
3/27/2018 12:11:28 +00:00,ROOT\ControlSet001\Control\WMI\Autologger\EventLog-Application\{add0de40-32b0-4b58-9d5e-938b2f5c1d1f},{add0de40-32b0-4b58-9d5e-938b2f5c1d1f},Provider,Microsoft-Windows-PerceptionRuntime,1,1
3/27/2018 12:11:28 +00:00,ROOT\ControlSet001\Control\WMI\Autologger\EventLog-Application\{ae4bd3be-f36f-45b6-8d21-bdd6fb832853},{ae4bd3be-f36f-45b6-8d21-bdd6fb832853},Provider,Microsoft-Windows-Audio,1,1
3/27/2018 12:11:28 +00:00,ROOT\ControlSet001\Control\WMI\Autologger\EventLog-Application\{af0a5a6d-e009-46d4-8867-42f2240f8a72},{af0a5a6d-e009-46d4-8867-42f2240f8a72},Provider,Microsoft-Windows-HomeGroup-ListenerService,1,1
3/27/2018 12:11:28 +00:00,ROOT\ControlSet001\Control\WMI\Autologger\EventLog-Application\{b059b83f-d946-4b13-87ca-4292839dc2f2},{b059b83f-d946-4b13-87ca-4292839dc2f2},Provider,Microsoft-Windows-User-Loader,1,1
3/27/2018 12:11:28 +00:00,ROOT\ControlSet001\Control\WMI\Autologger\EventLog-Application\{b2fcd41f-9a40-4150-8c92-b224b7d8c8aa},{b2fcd41f-9a40-4150-8c92-b224b7d8c8aa},Provider,Microsoft-Windows-SpellChecker,1,1
3/27/2018 12:11:28 +00:00,ROOT\ControlSet001\Control\WMI\Autologger\EventLog-Application\{b447b4db-7780-11e0-ada3-18a90531a85a},{b447b4db-7780-11e0-ada3-18a90531a85a},Provider,Microsoft-Windows-FileHistory-Core,1,1
3/27/2018 12:11:28 +00:00,ROOT\ControlSet001\Control\WMI\Autologger\EventLog-Application\{b447b4de-7780-11e0-ada3-18a90531a85a},{b447b4de-7780-11e0-ada3-18a90531a85a},Provider,Microsoft-Windows-FileHistory-Engine,1,1
3/27/2018 12:11:28 +00:00,ROOT\ControlSet001\Control\WMI\Autologger\EventLog-Application\{b447b4df-7780-11e0-ada3-18a90531a85a},{b447b4df-7780-11e0-ada3-18a90531a85a},Provider,Microsoft-Windows-FileHistory-EventListener,1,1
3/27/2018 12:11:28 +00:00,ROOT\ControlSet001\Control\WMI\Autologger\EventLog-Application\{b447b4e1-7780-11e0-ada3-18a90531a85a},{b447b4e1-7780-11e0-ada3-18a90531a85a},Provider,Microsoft-Windows-FileHistory-UI,1,1
3/27/2018 12:11:28 +00:00,ROOT\ControlSet001\Control\WMI\Autologger\EventLog-Application\{b6cc0d55-9ecc-49a8-b929-2b9022426f2a},{b6cc0d55-9ecc-49a8-b929-2b9022426f2a},Provider,Microsoft-Client-Licensing-Platform,1,1
3/27/2018 12:11:28 +00:00,ROOT\ControlSet001\Control\WMI\Autologger\EventLog-Application\{b92cf7fd-dc10-4c6b-a72d-1613bf25e597},{b92cf7fd-dc10-4c6b-a72d-1613bf25e597},Provider,Microsoft-Windows-Wired-AutoConfig,1,1
3/27/2018 12:11:28 +00:00,ROOT\ControlSet001\Control\WMI\Autologger\EventLog-Application\{b977cf02-76f6-df84-cc1a-6a4b232322b6},{b977cf02-76f6-df84-cc1a-6a4b232322b6},Provider,Microsoft-Windows-EventCollector,1,1
3/27/2018 12:11:28 +00:00,ROOT\ControlSet001\Control\WMI\Autologger\EventLog-Application\{b9da9fe6-ae5f-4f3e-b2fa-8e623c11dc75},{b9da9fe6-ae5f-4f3e-b2fa-8e623c11dc75},Provider,Microsoft-Windows-Deplorch,1,1
3/27/2018 12:11:28 +00:00,ROOT\ControlSet001\Control\WMI\Autologger\EventLog-Application\{ba093605-3909-4345-990b-26b746adee0a},{ba093605-3909-4345-990b-26b746adee0a},Provider,Microsoft-Windows-CorruptedFileRecovery-Client,1,1
3/27/2018 12:11:28 +00:00,ROOT\ControlSet001\Control\WMI\Autologger\EventLog-Application\{ba723d81-0d0c-4f1e-80c8-54740f508ddf},{ba723d81-0d0c-4f1e-80c8-54740f508ddf},Provider,Microsoft-Windows-AppxPackagingOM,1,1
3/27/2018 12:11:28 +00:00,ROOT\ControlSet001\Control\WMI\Autologger\EventLog-Application\{bd12f3b8-fc40-4a61-a307-b7a013a069c1},{bd12f3b8-fc40-4a61-a307-b7a013a069c1},Provider,Microsoft-Windows-Servicing,1,1
3/27/2018 12:11:28 +00:00,ROOT\ControlSet001\Control\WMI\Autologger\EventLog-Application\{bea18b89-126f-4155-9ee4-d36038b02680},{bea18b89-126f-4155-9ee4-d36038b02680},Provider,Microsoft-Windows-CertificateServicesClient-Lifecycle-User,1,1
3/27/2018 12:11:28 +00:00,ROOT\ControlSet001\Control\WMI\Autologger\EventLog-Application\{bf406804-6afa-46e7-8a48-6c357e1d6d61},{bf406804-6afa-46e7-8a48-6c357e1d6d61},Provider,Microsoft-Windows-COMRuntime,1,1
3/27/2018 12:11:28 +00:00,ROOT\ControlSet001\Control\WMI\Autologger\EventLog-Application\{bff15e13-81bf-45ee-8b16-7cfead00da86},{bff15e13-81bf-45ee-8b16-7cfead00da86},Provider,Microsoft-Windows-AppModel-State,1,1
3/27/2018 12:11:28 +00:00,ROOT\ControlSet001\Control\WMI\Autologger\EventLog-Application\{c4efc9bb-2570-4821-8923-1bad317d2d4b},{c4efc9bb-2570-4821-8923-1bad317d2d4b},Provider,Microsoft-Windows-Security-SPP-UX-Notifications,1,1
3/27/2018 12:11:28 +00:00,ROOT\ControlSet001\Control\WMI\Autologger\EventLog-Application\{c651f5f6-1c0d-492e-8ae1-b4efd7c9d503},{c651f5f6-1c0d-492e-8ae1-b4efd7c9d503},Provider,Microsoft-Windows-Application Server-Applications,1,1
3/27/2018 12:11:28 +00:00,ROOT\ControlSet001\Control\WMI\Autologger\EventLog-Application\{c6bf6832-f7bd-4151-ac21-753ce4707453},{c6bf6832-f7bd-4151-ac21-753ce4707453},Provider,Microsoft-Windows-International-RegionalOptionsControlPanel,1,1
3/27/2018 12:11:28 +00:00,ROOT\ControlSet001\Control\WMI\Autologger\EventLog-Application\{c76baa63-ae81-421c-b425-340b4b24157f},{c76baa63-ae81-421c-b425-340b4b24157f},Provider,Microsoft-Windows-TerminalServices-RemoteConnectionManager,1,1
3/27/2018 12:11:28 +00:00,ROOT\ControlSet001\Control\WMI\Autologger\EventLog-Application\{c9bdb4eb-9287-4c8e-8378-6896f0d1c5ef},{c9bdb4eb-9287-4c8e-8378-6896f0d1c5ef},Provider,Microsoft-Windows-HomeGroup-ProviderService,1,1
3/27/2018 12:11:28 +00:00,ROOT\ControlSet001\Control\WMI\Autologger\EventLog-Application\{cab2b8a5-49b9-4eec-b1b0-fac21da05a3b},{cab2b8a5-49b9-4eec-b1b0-fac21da05a3b},Provider,Microsoft-Windows-PerfNet,1,1
3/27/2018 12:11:28 +00:00,ROOT\ControlSet001\Control\WMI\Autologger\EventLog-Application\{cb070027-1534-4cf3-98ea-b9751f508376},{cb070027-1534-4cf3-98ea-b9751f508376},Provider,Microsoft-Windows-LanGPA,1,1
3/27/2018 12:11:28 +00:00,ROOT\ControlSet001\Control\WMI\Autologger\EventLog-Application\{cbda4dbf-8d5d-4f69-9578-be14aa540d22},{cbda4dbf-8d5d-4f69-9578-be14aa540d22},Provider,Microsoft-Windows-AppLocker,1,1
3/27/2018 12:11:28 +00:00,ROOT\ControlSet001\Control\WMI\Autologger\EventLog-Application\{cd7cf0d0-02cc-4872-9b65-0dba0a90efe8},{cd7cf0d0-02cc-4872-9b65-0dba0a90efe8},Provider,Error Instrument,1,1
3/27/2018 12:11:28 +00:00,ROOT\ControlSet001\Control\WMI\Autologger\EventLog-Application\{cf3f502e-b40d-4071-996f-00981edf938e},{cf3f502e-b40d-4071-996f-00981edf938e},Provider,Microsoft-Windows-PrintBRM,1,1
3/27/2018 12:11:28 +00:00,ROOT\ControlSet001\Control\WMI\Autologger\EventLog-Application\{d0e22efc-ac66-4b25-a72d-382736b5e940},{d0e22efc-ac66-4b25-a72d-382736b5e940},Provider,Microsoft-Windows-Spell-Checking,1,1
3/27/2018 12:11:28 +00:00,ROOT\ControlSet001\Control\WMI\Autologger\EventLog-Application\{d1bc9aff-2abf-4d71-9146-ecb2a986eb85},{d1bc9aff-2abf-4d71-9146-ecb2a986eb85},Provider,Microsoft-Windows-Windows Firewall With Advanced Security,1,1
3/27/2018 12:11:28 +00:00,ROOT\ControlSet001\Control\WMI\Autologger\EventLog-Application\{d2e990da-8504-4702-a5e5-367fc2f823bf},{d2e990da-8504-4702-a5e5-367fc2f823bf},Provider,Microsoft-Windows-All-User-Install-Agent,1,1
3/27/2018 12:11:28 +00:00,ROOT\ControlSet001\Control\WMI\Autologger\EventLog-Application\{d39b6336-cfcb-483b-8c76-7c3e7d02bcb8},{d39b6336-cfcb-483b-8c76-7c3e7d02bcb8},Provider,Microsoft-Windows-Build-RegDll,1,1
3/27/2018 12:11:28 +00:00,ROOT\ControlSet001\Control\WMI\Autologger\EventLog-Application\{d3f29eda-805d-428a-9902-b259b937f84b},{d3f29eda-805d-428a-9902-b259b937f84b},Provider,Microsoft-Windows-RetailDemo,1,1
3/27/2018 12:11:28 +00:00,ROOT\ControlSet001\Control\WMI\Autologger\EventLog-Application\{d710d46c-235d-4798-ac20-9f83e1dcd557},{d710d46c-235d-4798-ac20-9f83e1dcd557},Provider,Microsoft-Windows-EapMethods-Ttls,1,1
3/27/2018 12:11:28 +00:00,ROOT\ControlSet001\Control\WMI\Autologger\EventLog-Application\{d8965fcf-7397-4e0e-b750-21a4580bd880},{d8965fcf-7397-4e0e-b750-21a4580bd880},Provider,Microsoft-Windows-UI-Search,1,1
3/27/2018 12:11:28 +00:00,ROOT\ControlSet001\Control\WMI\Autologger\EventLog-Application\{dab3b18c-3c0f-43e8-80b1-e44bc0dad901},{dab3b18c-3c0f-43e8-80b1-e44bc0dad901},Provider,Microsoft-Windows-AxInstallService,1,1
3/27/2018 12:11:28 +00:00,ROOT\ControlSet001\Control\WMI\Autologger\EventLog-Application\{db00dfb6-29f9-4a9c-9b3b-1f4f9e7d9770},{db00dfb6-29f9-4a9c-9b3b-1f4f9e7d9770},Provider,Microsoft-Windows-User Profiles General,1,1
3/27/2018 12:11:28 +00:00,ROOT\ControlSet001\Control\WMI\Autologger\EventLog-Application\{dbe9b383-7cf3-4331-91cc-a3cb16a3b538},{dbe9b383-7cf3-4331-91cc-a3cb16a3b538},Provider,Microsoft-Windows-Winlogon,1,1
3/27/2018 12:11:28 +00:00,ROOT\ControlSet001\Control\WMI\Autologger\EventLog-Application\{dcbe5aaa-16e2-457c-9337-366950045f0a},{dcbe5aaa-16e2-457c-9337-366950045f0a},Provider,Unmapped GUID: {dcbe5aaa-16e2-457c-9337-366950045f0a},1,1
3/27/2018 12:11:28 +00:00,ROOT\ControlSet001\Control\WMI\Autologger\EventLog-Application\{de095dbe-8667-4168-94c2-48ca61665aca},{de095dbe-8667-4168-94c2-48ca61665aca},Provider,Microsoft-Windows-HotspotAuth,1,1
3/27/2018 12:11:28 +00:00,ROOT\ControlSet001\Control\WMI\Autologger\EventLog-Application\{de513a55-c345-438b-9a74-e18cac5c5cc5},{de513a55-c345-438b-9a74-e18cac5c5cc5},Provider,Microsoft-Windows-Help,1,1
3/27/2018 12:11:28 +00:00,ROOT\ControlSet001\Control\WMI\Autologger\EventLog-Application\{de7b24ea-73c8-4a09-985d-5bdadcfa9017},{de7b24ea-73c8-4a09-985d-5bdadcfa9017},Provider,Microsoft-Windows-TaskScheduler,1,1
3/27/2018 12:11:28 +00:00,ROOT\ControlSet001\Control\WMI\Autologger\EventLog-Application\{e0c6f6de-258a-50e0-ac1a-103482d118bc},{e0c6f6de-258a-50e0-ac1a-103482d118bc},Provider,Microsoft-Windows-Install-Agent,1,1
3/27/2018 12:11:28 +00:00,ROOT\ControlSet001\Control\WMI\Autologger\EventLog-Application\{e1dd7e52-621d-44e3-a1ad-0370c2b25946},{e1dd7e52-621d-44e3-a1ad-0370c2b25946},Provider,Microsoft-Windows-Diagnosis-Scripted,1,1
3/27/2018 12:11:28 +00:00,ROOT\ControlSet001\Control\WMI\Autologger\EventLog-Application\{e4d53f84-7de3-11d8-9435-505054503030},{e4d53f84-7de3-11d8-9435-505054503030},Provider,Microsoft-Windows-Diagnosis-PLA,1,1
3/27/2018 12:11:28 +00:00,ROOT\ControlSet001\Control\WMI\Autologger\EventLog-Application\{e4f68870-5ae8-4e5b-9ce7-ca9ed75b0245},{e4f68870-5ae8-4e5b-9ce7-ca9ed75b0245},Provider,Unmapped GUID: {e4f68870-5ae8-4e5b-9ce7-ca9ed75b0245},1,1
3/27/2018 12:11:28 +00:00,ROOT\ControlSet001\Control\WMI\Autologger\EventLog-Application\{e53df8ba-367a-4406-98d5-709ffb169681},{e53df8ba-367a-4406-98d5-709ffb169681},Provider,Unmapped GUID: {e53df8ba-367a-4406-98d5-709ffb169681},1,1
3/27/2018 12:11:28 +00:00,ROOT\ControlSet001\Control\WMI\Autologger\EventLog-Application\{e5c16d49-2464-4382-bb20-97a4b5465db9},{e5c16d49-2464-4382-bb20-97a4b5465db9},Provider,Microsoft-Windows-WiFiNetworkManager,1,1
3/27/2018 12:11:28 +00:00,ROOT\ControlSet001\Control\WMI\Autologger\EventLog-Application\{e6307a09-292c-497e-aad6-498f68e2b619},{e6307a09-292c-497e-aad6-498f68e2b619},Provider,Microsoft-Windows-ReadyBoost,1,1
3/27/2018 12:11:28 +00:00,ROOT\ControlSet001\Control\WMI\Autologger\EventLog-Application\{e6835967-e0d2-41fb-bcec-58387404e25a},{e6835967-e0d2-41fb-bcec-58387404e25a},Provider,Microsoft-Windows-BrokerInfrastructure,1,1
3/27/2018 12:11:28 +00:00,ROOT\ControlSet001\Control\WMI\Autologger\EventLog-Application\{e7558269-3fa5-46ed-9f4d-3c6e282dde55},{e7558269-3fa5-46ed-9f4d-3c6e282dde55},Provider,Microsoft-Windows-UAC,1,1
3/27/2018 12:11:28 +00:00,ROOT\ControlSet001\Control\WMI\Autologger\EventLog-Application\{ea8cd8a5-78ff-4418-b292-aadc6a7181df},{ea8cd8a5-78ff-4418-b292-aadc6a7181df},Provider,Unmapped GUID: {ea8cd8a5-78ff-4418-b292-aadc6a7181df},1,1
3/27/2018 12:11:28 +00:00,ROOT\ControlSet001\Control\WMI\Autologger\EventLog-Application\{ec23f986-ae2d-4269-b52f-4e20765c1a94},{ec23f986-ae2d-4269-b52f-4e20765c1a94},Provider,Microsoft-Windows-NcdAutoSetup,1,1
3/27/2018 12:11:28 +00:00,ROOT\ControlSet001\Control\WMI\Autologger\EventLog-Application\{ed8b9bd3-f66e-4ff2-b86b-75c7925f72a9},{ed8b9bd3-f66e-4ff2-b86b-75c7925f72a9},Provider,Unmapped GUID: {ed8b9bd3-f66e-4ff2-b86b-75c7925f72a9},1,1
3/27/2018 12:11:28 +00:00,ROOT\ControlSet001\Control\WMI\Autologger\EventLog-Application\{eef54e71-0661-422d-9a98-82fd4940b820},{eef54e71-0661-422d-9a98-82fd4940b820},Provider,Microsoft-Windows-Application-Experience,1,1
3/27/2018 12:11:28 +00:00,ROOT\ControlSet001\Control\WMI\Autologger\EventLog-Application\{f0be35f8-237b-4814-86b5-ade51192e503},{f0be35f8-237b-4814-86b5-ade51192e503},Provider,Microsoft-Windows-AppReadiness,1,1
3/27/2018 12:11:28 +00:00,ROOT\ControlSet001\Control\WMI\Autologger\EventLog-Application\{f0db7ef8-b6f3-4005-9937-feb77b9e1b43},{f0db7ef8-b6f3-4005-9937-feb77b9e1b43},Provider,Microsoft-Windows-CertificateServicesClient-AutoEnrollment,1,1
3/27/2018 12:11:28 +00:00,ROOT\ControlSet001\Control\WMI\Autologger\EventLog-Application\{f1201b5a-e170-42b6-8d20-b57ac57e6416},{f1201b5a-e170-42b6-8d20-b57ac57e6416},Provider,Unmapped GUID: {f1201b5a-e170-42b6-8d20-b57ac57e6416},1,1
3/27/2018 12:11:28 +00:00,ROOT\ControlSet001\Control\WMI\Autologger\EventLog-Application\{f1394de0-32c7-4a76-a6de-b245e48f4615},{f1394de0-32c7-4a76-a6de-b245e48f4615},Provider,Microsoft-Windows-RemoteDesktopServices-SessionServices,1,1
3/27/2018 12:11:28 +00:00,ROOT\ControlSet001\Control\WMI\Autologger\EventLog-Application\{f1ef270a-0d32-4352-ba52-dbab41e1d859},{f1ef270a-0d32-4352-ba52-dbab41e1d859},Provider,Microsoft-Windows-AppModel-Runtime,1,1
3/27/2018 12:11:28 +00:00,ROOT\ControlSet001\Control\WMI\Autologger\EventLog-Application\{f2311b48-32be-4902-a22a-7240371dbb2c},{f2311b48-32be-4902-a22a-7240371dbb2c},Provider,Microsoft-Windows-AssignedAccessBroker,1,1
3/27/2018 12:11:28 +00:00,ROOT\ControlSet001\Control\WMI\Autologger\EventLog-Application\{f3f53c76-b06d-4f15-b412-61164a0d2b73},{f3f53c76-b06d-4f15-b412-61164a0d2b73},Provider,Microsoft-Windows-VerifyHardwareSecurity,1,1
3/27/2018 12:11:28 +00:00,ROOT\ControlSet001\Control\WMI\Autologger\EventLog-Application\{f43c3c35-22e2-53eb-f169-07594054779e},{f43c3c35-22e2-53eb-f169-07594054779e},Provider,Unmapped GUID: {f43c3c35-22e2-53eb-f169-07594054779e},1,1
3/27/2018 12:11:28 +00:00,ROOT\ControlSet001\Control\WMI\Autologger\EventLog-Application\{f4aed7c7-a898-4627-b053-44a7caa12fcd},{f4aed7c7-a898-4627-b053-44a7caa12fcd},Provider,Microsoft-Windows-RPC-Events,1,1
3/27/2018 12:11:28 +00:00,ROOT\ControlSet001\Control\WMI\Autologger\EventLog-Application\{f5dbaa02-15d6-4644-a784-7032d508bf64},{f5dbaa02-15d6-4644-a784-7032d508bf64},Provider,Microsoft-Windows-OOBE-Machine-DUI,1,1
3/27/2018 12:11:28 +00:00,ROOT\ControlSet001\Control\WMI\Autologger\EventLog-Application\{f82fb576-e941-4956-a2c7-a0cf83f6450a},{f82fb576-e941-4956-a2c7-a0cf83f6450a},Provider,Microsoft-Windows-PerfOS,1,1
3/27/2018 12:11:28 +00:00,ROOT\ControlSet001\Control\WMI\Autologger\EventLog-Application\{f8ad09ba-419c-5134-1750-270f4d0fb889},{f8ad09ba-419c-5134-1750-270f4d0fb889},Provider,Unmapped GUID: {f8ad09ba-419c-5134-1750-270f4d0fb889},1,1
3/27/2018 12:11:28 +00:00,ROOT\ControlSet001\Control\WMI\Autologger\EventLog-Application\{f9fe3908-44b8-48d9-9a32-5a763ff5ed79},{f9fe3908-44b8-48d9-9a32-5a763ff5ed79},Provider,Microsoft-Windows-Deduplication,1,1
